[0;32m[INFO][0m Using Godot: godot
[0;32m[INFO][0m Project dir: /home/martin/repos/qdnd
[0;32m[INFO][0m Running auto-battle...
[0;36mâ•â•â•â•â•â•â•â•â•â•â•â•â•â•â•â•â•â•â•â•â•â•â•â•â•â•â•â•â•â•â•â•â•â•â•â•â•â•â•â•â•â•â•â•â•â•â•â•â•â•â•[0m
Godot Engine v4.6.stable.mono.official.89cea1439 - https://godotengine.org

[CLIEntryPoint] Raw args: res://Tools/CLIRunner.tscn
[CLIEntryPoint] User args: --run-autobattle --seed 2008 --freeze-timeout 10 --loop-threshold 20 --max-turns 20 --log-file artifacts/autobattle/stress3/seed_2008.jsonl
[CLIEntryPoint] Parsed args: run-autobattle=true, seed=2008, freeze-timeout=10, loop-threshold=20, max-turns=20, log-file=artifacts/autobattle/stress3/seed_2008.jsonl
[CLIEntryPoint] Checking modes: run-tests=False, run-simulation=False, run-autobattle=True
=== IN-ENGINE AUTO-BATTLE RUN ===
Timestamp: 2026-02-06T11:33:23.9158305Z
NOTE: Running the REAL CombatArena.tscn scene with AI control.

Seed: 2008
Scenario: res://Data/Scenarios/autobattle_4v4.json
Log file: artifacts/autobattle/stress3/seed_2008.jsonl
Max rounds: 100
Max turns: 20
Watchdog freeze timeout: 10s
Watchdog loop threshold: 20

[AutoBattlerManager] === STARTING IN-ENGINE AUTO-BATTLE ===
[AutoBattlerManager] Seed: 2008
[AutoBattlerManager] Scenario: res://Data/Scenarios/autobattle_4v4.json
[AutoBattlerManager] Loading scene: res://Combat/Arena/CombatArena.tscn
[CombatArena] === COMBAT ARENA INITIALIZING ===
[CombatArena] Ground collision plane created (100x100m at Y=0)
[CombatArena] CombatContext created
[CombatContext] Registered service: CombatStateMachine
[CombatContext] Registered service: TurnQueueService
[CombatContext] Registered service: CommandService
[CombatContext] Registered service: CombatLog
[CombatContext] Registered service: ScenarioLoader
[Registry] Loaded from /home/martin/repos/qdnd/Data:
  - 7 abilities
  - 6 statuses
  - 20 scenarios
[INFO] [Registry] Dependencies: Checked 7 abilities, 6 statuses, 20 scenarios
[Registry] Validation complete: 0 errors, 0 warnings
[CombatContext] Registered service: DataRegistry
[CombatContext] Registered service: RulesEngine
[CombatContext] Registered service: StatusManager
[CombatContext] Registered service: EffectPipeline
[CombatContext] Registered service: TargetValidator
[CombatContext] Registered service: ReactionSystem
[CombatContext] Registered service: LOSService
[CombatContext] Registered service: HeightService
[CombatContext] Registered service: AIDecisionPipeline
[CombatContext] Registered service: MovementService
[CombatContext] Registered service: SurfaceManager
[CombatContext] Registered service: PresentationRequestBus
[CombatContext] Registered service: CameraStateHooks
[CombatArena] UI Models initialized
[CombatArena] Services registered: 18
[CombatArena] Loaded scenario: 8 combatants
[CombatArena] Loaded scenario from: res://Data/Scenarios/autobattle_4v4.json
[CombatArena] Registered default abilities: basic_attack, ranged_attack, power_strike
[CombatArena] Instantiating visual from scene for Fighter
[CombatantVisual] CollisionShape3D found for Fighter
[CombatantVisual] Fighter initialized - Layer: 2, Mask: 0, Pickable: True, HasShape: True
[CombatArena] Spawned visual for Fighter at (0, 0, 0), Layer: 2, InTree: True
[CombatArena] Instantiating visual from scene for Mage
[CombatantVisual] CollisionShape3D found for Mage
[CombatantVisual] Mage initialized - Layer: 2, Mask: 0, Pickable: True, HasShape: True
[CombatArena] Spawned visual for Mage at (-3, 0, -1), Layer: 2, InTree: True
[CombatArena] Instantiating visual from scene for Cleric
[CombatantVisual] CollisionShape3D found for Cleric
[CombatantVisual] Cleric initialized - Layer: 2, Mask: 0, Pickable: True, HasShape: True
[CombatArena] Spawned visual for Cleric at (-1, 0, -3), Layer: 2, InTree: True
[CombatArena] Instantiating visual from scene for Rogue
[CombatantVisual] CollisionShape3D found for Rogue
[CombatantVisual] Rogue initialized - Layer: 2, Mask: 0, Pickable: True, HasShape: True
[CombatArena] Spawned visual for Rogue at (2, 0, -2), Layer: 2, InTree: True
[CombatArena] Instantiating visual from scene for Orc Brute
[CombatantVisual] CollisionShape3D found for Orc Brute
[CombatantVisual] Orc Brute initialized - Layer: 2, Mask: 0, Pickable: True, HasShape: True
[CombatArena] Spawned visual for Orc Brute at (8, 0, 0), Layer: 2, InTree: True
[CombatArena] Instantiating visual from scene for Orc Archer
[CombatantVisual] CollisionShape3D found for Orc Archer
[CombatantVisual] Orc Archer initialized - Layer: 2, Mask: 0, Pickable: True, HasShape: True
[CombatArena] Spawned visual for Orc Archer at (10, 0, 2), Layer: 2, InTree: True
[CombatArena] Instantiating visual from scene for Goblin Skirmisher
[CombatantVisual] CollisionShape3D found for Goblin Skirmisher
[CombatantVisual] Goblin Skirmisher initialized - Layer: 2, Mask: 0, Pickable: True, HasShape: True
[CombatArena] Spawned visual for Goblin Skirmisher at (7, 0, 3), Layer: 2, InTree: True
[CombatArena] Instantiating visual from scene for Goblin Shaman
[CombatantVisual] CollisionShape3D found for Goblin Shaman
[CombatantVisual] Goblin Shaman initialized - Layer: 2, Mask: 0, Pickable: True, HasShape: True
[CombatArena] Spawned visual for Goblin Shaman at (10, 0, -1), Layer: 2, InTree: True
[CombatArena] [STATE] NotInCombat -> CombatStart
[CombatArena] [TURN] Round 1, Rogue
[CombatArena] [STATE] CombatStart -> TurnStart
[CombatArena] Round 1: Reset reactions for all combatants
[CombatArena] [STATE] TurnStart -> PlayerDecision
[CombatArena] Camera focusing on Rogue via hooks
[CombatArena] SelectCombatant called: player_rogue
[CombatArena] Selected: player_rogue
[CombatArena] Turn started: Rogue (Player)
[CombatArena] === COMBAT ARENA READY ===
[AutoBattlerManager] CombatArena added to scene tree
[AutoBattleWatchdog] Ready
[AutoBattlerManager] Watchdog created
[RealtimeAIController] Ready
[AutoBattlerManager] RealtimeAIController created
[AutoBattleWatchdog] Monitoring STARTED (freeze: 10s, loop: 20 in 1s)
[AutoBattlerManager] Scene loaded, waiting for combat to start...
[AutoBattlerManager] Arena ready, attaching AI controller...
[RealtimeAIController] Subscribed to state machine
[RealtimeAIController] Attached to CombatArena
[COMBAT_LOG] {"ts":1770377604163,"event":"BATTLE_START","seed":2008,"units":[{"id":"player_fighter","name":"Fighter","faction":"Player","hp":52,"max_hp":52,"pos":[0,0,0],"alive":true},{"id":"player_mage","name":"Mage","faction":"Player","hp":32,"max_hp":32,"pos":[-3,0,-1],"alive":true},{"id":"player_cleric","name":"Cleric","faction":"Player","hp":44,"max_hp":44,"pos":[-1,0,-3],"alive":true},{"id":"player_rogue","name":"Rogue","faction":"Player","hp":36,"max_hp":36,"pos":[2,0,-2],"alive":true},{"id":"enemy_orc_brute","name":"Orc Brute","faction":"Hostile","hp":48,"max_hp":48,"pos":[8,0,0],"alive":true},{"id":"enemy_orc_archer","name":"Orc Archer","faction":"Hostile","hp":30,"max_hp":30,"pos":[10,0,2],"alive":true},{"id":"enemy_goblin","name":"Goblin Skirmisher","faction":"Hostile","hp":22,"max_hp":22,"pos":[7,0,3],"alive":true},{"id":"enemy_shaman","name":"Goblin Shaman","faction":"Hostile","hp":28,"max_hp":28,"pos":[10,0,-1],"alive":true}]}
[AutoBattlerManager] Enabling AI processing...
[RealtimeAIController] Processing ENABLED
[COMBAT_LOG] {"ts":1770377604525,"event":"TURN_START","turn":1,"round":1,"unit":"player_rogue","unit_name":"Rogue","faction":"Player","hp":36,"max_hp":36,"ap":"Action | Bonus | Reaction | Move:30/30","pos":[2,0,-2]}
[RealtimeAIController] Turn started for Rogue
[COMBAT_LOG] {"ts":1770377604534,"event":"DECISION","unit":"player_rogue","action":"Attack","target":"enemy_goblin","score":0.7110097}
[RealtimeAIController] Rogue -> Attack (#1) score:0.71
[CombatArena] ExecuteAbility: player_rogue -> basic_attack -> enemy_goblin
[CombatArena] [STATE] PlayerDecision -> ActionExecution
[RealtimeAIController] State: PlayerDecision -> ActionExecution
[CombatArena] Rogue used basic_attack on Goblin Skirmisher: damage:6
[CombatArena] ClearSelection called
[AutoBattlerManager] Action: player_rogue -> Attack:basic_attack->enemy_goblin (OK)
[CombatArena] [STATE] ActionExecution -> PlayerDecision
[RealtimeAIController] State: ActionExecution -> PlayerDecision
[COMBAT_LOG] {"ts":1770377605114,"event":"DECISION","unit":"player_rogue","action":"Move","target":"(32, 0, -2)","score":0.658964}
[RealtimeAIController] Rogue -> Move (#2) score:0.66
[CombatArena] ExecuteMovement: player_rogue -> (32, 0, -2)
[CombatArena] [STATE] PlayerDecision -> ActionExecution
[RealtimeAIController] State: PlayerDecision -> ActionExecution
[CombatArena] Rogue moved from (2, 0, -2) to (32, 0, -2), distance: 30.0
[CombatArena] [STATE] ActionExecution -> PlayerDecision
[RealtimeAIController] State: ActionExecution -> PlayerDecision
[AutoBattlerManager] Action: player_rogue -> Move to (32, 0, -2) (OK)
[COMBAT_LOG] {"ts":1770377605224,"event":"DECISION","unit":"player_rogue","action":"EndTurn","score":0.10215386}
[RealtimeAIController] Rogue -> EndTurn (#3) score:0.10
[RealtimeAIController] Calling EndCurrentTurn()
[CombatArena] [STATE] PlayerDecision -> TurnEnd
[RealtimeAIController] State: PlayerDecision -> TurnEnd
[CombatArena] [TURN] Round 1, Goblin Skirmisher
[CombatArena] [STATE] TurnEnd -> TurnStart
[RealtimeAIController] State: TurnEnd -> TurnStart
[CombatArena] [STATE] TurnStart -> AIDecision
[RealtimeAIController] State: TurnStart -> AIDecision
[CombatArena] Camera focusing on Goblin Skirmisher via hooks
[CombatArena] SelectCombatant called: enemy_goblin
[CombatArena] Selected: enemy_goblin
[CombatArena] Turn started: Goblin Skirmisher (AI)
[COMBAT_LOG] {"ts":1770377605231,"event":"TURN_START","turn":2,"round":1,"unit":"enemy_goblin","unit_name":"Goblin Skirmisher","faction":"Hostile","hp":16,"max_hp":22,"ap":"Action | Bonus | Reaction | Move:30/30","pos":[7,0,3]}
[RealtimeAIController] Turn started for Goblin Skirmisher
[COMBAT_LOG] {"ts":1770377605231,"event":"DECISION","unit":"enemy_goblin","action":"Attack","target":"player_rogue","score":1.0444148}
[RealtimeAIController] Goblin Skirmisher -> Attack (#1) score:1.04
[CombatArena] ExecuteAbility: enemy_goblin -> basic_attack -> player_rogue
[CombatArena] [STATE] AIDecision -> ActionExecution
[RealtimeAIController] State: AIDecision -> ActionExecution
[CombatArena] Goblin Skirmisher used basic_attack on Rogue: damage:10
[CombatArena] ClearSelection called
[AutoBattlerManager] Action: enemy_goblin -> Attack:basic_attack->player_rogue (OK)
[CombatArena] [STATE] ActionExecution -> AIDecision
[RealtimeAIController] State: ActionExecution -> AIDecision
[COMBAT_LOG] {"ts":1770377605829,"event":"DECISION","unit":"enemy_goblin","action":"Move","target":"(-8, 0, 18)","score":0.6529255}
[RealtimeAIController] Goblin Skirmisher -> Move (#2) score:0.65
[CombatArena] ExecuteMovement: enemy_goblin -> (-8, 0, 18)
[CombatArena] [STATE] AIDecision -> ActionExecution
[RealtimeAIController] State: AIDecision -> ActionExecution
[CombatArena] Goblin Skirmisher moved from (7, 0, 3) to (-8, 0, 18), distance: 21.2
[CombatArena] [STATE] ActionExecution -> AIDecision
[RealtimeAIController] State: ActionExecution -> AIDecision
[AutoBattlerManager] Action: enemy_goblin -> Move to (-8, 0, 18) (OK)
[COMBAT_LOG] {"ts":1770377605938,"event":"DECISION","unit":"enemy_goblin","action":"Move","target":"(0.78679657, 0, 18)","score":0.6582759}
[RealtimeAIController] Goblin Skirmisher -> Move (#3) score:0.66
[CombatArena] ExecuteMovement: enemy_goblin -> (0.78679657, 0, 18)
[CombatArena] [STATE] AIDecision -> ActionExecution
[RealtimeAIController] State: AIDecision -> ActionExecution
[CombatArena] Goblin Skirmisher moved from (-8, 0, 18) to (0.78679657, 0, 18), distance: 8.8
[CombatArena] [STATE] ActionExecution -> AIDecision
[RealtimeAIController] State: ActionExecution -> AIDecision
[AutoBattlerManager] Action: enemy_goblin -> Move to (0.78679657, 0, 18) (OK)
[COMBAT_LOG] {"ts":1770377606048,"event":"DECISION","unit":"enemy_goblin","action":"EndTurn","score":0.10142466}
[RealtimeAIController] Goblin Skirmisher -> EndTurn (#4) score:0.10
[RealtimeAIController] Calling EndCurrentTurn()
[CombatArena] [STATE] AIDecision -> TurnEnd
[RealtimeAIController] State: AIDecision -> TurnEnd
[CombatArena] [TURN] Round 1, Fighter
[CombatArena] [STATE] TurnEnd -> TurnStart
[RealtimeAIController] State: TurnEnd -> TurnStart
[CombatArena] [STATE] TurnStart -> PlayerDecision
[RealtimeAIController] State: TurnStart -> PlayerDecision
[CombatArena] Camera focusing on Fighter via hooks
[CombatArena] SelectCombatant called: player_fighter
[CombatArena] Selected: player_fighter
[CombatArena] Turn started: Fighter (Player)
[COMBAT_LOG] {"ts":1770377606055,"event":"TURN_START","turn":3,"round":1,"unit":"player_fighter","unit_name":"Fighter","faction":"Player","hp":52,"max_hp":52,"ap":"Action | Bonus | Reaction | Move:30/30","pos":[0,0,0]}
[RealtimeAIController] Turn started for Fighter
[COMBAT_LOG] {"ts":1770377606055,"event":"DECISION","unit":"player_fighter","action":"Move","target":"(0, 0, 15)","score":1.2135029}
[RealtimeAIController] Fighter -> Move (#1) score:1.21
[CombatArena] ExecuteMovement: player_fighter -> (0, 0, 15)
[CombatArena] [STATE] PlayerDecision -> ActionExecution
[RealtimeAIController] State: PlayerDecision -> ActionExecution
[CombatArena] Fighter moved from (0, 0, 0) to (0, 0, 15), distance: 15.0
[CombatArena] [STATE] ActionExecution -> PlayerDecision
[RealtimeAIController] State: ActionExecution -> PlayerDecision
[AutoBattlerManager] Action: player_fighter -> Move to (0, 0, 15) (OK)
[COMBAT_LOG] {"ts":1770377606165,"event":"DECISION","unit":"player_fighter","action":"Move","target":"(0, 0, 22.5)","score":1.2295904}
[RealtimeAIController] Fighter -> Move (#2) score:1.23
[CombatArena] ExecuteMovement: player_fighter -> (0, 0, 22.5)
[CombatArena] [STATE] PlayerDecision -> ActionExecution
[RealtimeAIController] State: PlayerDecision -> ActionExecution
[CombatArena] Fighter moved from (0, 0, 15) to (0, 0, 22.5), distance: 7.5
[CombatArena] [STATE] ActionExecution -> PlayerDecision
[RealtimeAIController] State: ActionExecution -> PlayerDecision
[AutoBattlerManager] Action: player_fighter -> Move to (0, 0, 22.5) (OK)
[COMBAT_LOG] {"ts":1770377606275,"event":"DECISION","unit":"player_fighter","action":"Move","target":"(0, 0, 18.75)","score":1.2907828}
[RealtimeAIController] Fighter -> Move (#3) score:1.29
[CombatArena] ExecuteMovement: player_fighter -> (0, 0, 18.75)
[CombatArena] [STATE] PlayerDecision -> ActionExecution
[RealtimeAIController] State: PlayerDecision -> ActionExecution
[CombatArena] Fighter moved from (0, 0, 22.5) to (0, 0, 18.75), distance: 3.8
[CombatArena] [STATE] ActionExecution -> PlayerDecision
[RealtimeAIController] State: ActionExecution -> PlayerDecision
[AutoBattlerManager] Action: player_fighter -> Move to (0, 0, 18.75) (OK)
[COMBAT_LOG] {"ts":1770377606385,"event":"DECISION","unit":"player_fighter","action":"Move","target":"(-1.875, 0, 16.875)","score":1.3050383}
[RealtimeAIController] Fighter -> Move (#4) score:1.31
[CombatArena] ExecuteMovement: player_fighter -> (-1.875, 0, 16.875)
[CombatArena] [STATE] PlayerDecision -> ActionExecution
[RealtimeAIController] State: PlayerDecision -> ActionExecution
[CombatArena] Fighter moved from (0, 0, 18.75) to (-1.875, 0, 16.875), distance: 2.7
[CombatArena] [STATE] ActionExecution -> PlayerDecision
[RealtimeAIController] State: ActionExecution -> PlayerDecision
[AutoBattlerManager] Action: player_fighter -> Move to (-1.875, 0, 16.875) (OK)
[COMBAT_LOG] {"ts":1770377606495,"event":"DECISION","unit":"player_fighter","action":"Dash","score":3.1011655}
[RealtimeAIController] Fighter -> Dash (#5) score:3.10
[AutoBattlerManager] Action: player_fighter -> Dash (OK)
[COMBAT_LOG] {"ts":1770377606604,"event":"DECISION","unit":"player_fighter","action":"Move","target":"(13.674175, 0, 1.3258247)","score":1.2450111}
[RealtimeAIController] Fighter -> Move (#6) score:1.25
[CombatArena] ExecuteMovement: player_fighter -> (13.674175, 0, 1.3258247)
[CombatArena] [STATE] PlayerDecision -> ActionExecution
[RealtimeAIController] State: PlayerDecision -> ActionExecution
[CombatArena] Fighter moved from (-1.875, 0, 16.875) to (13.674175, 0, 1.3258247), distance: 22.0
[CombatArena] [STATE] ActionExecution -> PlayerDecision
[RealtimeAIController] State: ActionExecution -> PlayerDecision
[AutoBattlerManager] Action: player_fighter -> Move to (13.674175, 0, 1.3258247) (OK)
[COMBAT_LOG] {"ts":1770377606714,"event":"DECISION","unit":"player_fighter","action":"Move","target":"(9.119927, 0, 5.8800726)","score":1.3078638}
[RealtimeAIController] Fighter -> Move (#7) score:1.31
[CombatArena] ExecuteMovement: player_fighter -> (9.119927, 0, 5.8800726)
[CombatArena] [STATE] PlayerDecision -> ActionExecution
[RealtimeAIController] State: PlayerDecision -> ActionExecution
[CombatArena] Fighter moved from (13.674175, 0, 1.3258247) to (9.119927, 0, 5.8800726), distance: 6.4
[CombatArena] [STATE] ActionExecution -> PlayerDecision
[RealtimeAIController] State: ActionExecution -> PlayerDecision
[AutoBattlerManager] Action: player_fighter -> Move to (9.119927, 0, 5.8800726) (OK)
[COMBAT_LOG] {"ts":1770377606824,"event":"DECISION","unit":"player_fighter","action":"Move","target":"(9.119927, 0, 3.212256)","score":1.2988774}
[RealtimeAIController] Fighter -> Move (#8) score:1.30
[CombatArena] ExecuteMovement: player_fighter -> (9.119927, 0, 3.212256)
[CombatArena] [STATE] PlayerDecision -> ActionExecution
[RealtimeAIController] State: PlayerDecision -> ActionExecution
[CombatArena] Fighter moved from (9.119927, 0, 5.8800726) to (9.119927, 0, 3.212256), distance: 2.7
[CombatArena] [STATE] ActionExecution -> PlayerDecision
[RealtimeAIController] State: ActionExecution -> PlayerDecision
[AutoBattlerManager] Action: player_fighter -> Move to (9.119927, 0, 3.212256) (OK)
[COMBAT_LOG] {"ts":1770377606934,"event":"DECISION","unit":"player_fighter","action":"EndTurn","score":0.103566766}
[RealtimeAIController] Fighter -> EndTurn (#9) score:0.10
[RealtimeAIController] Calling EndCurrentTurn()
[CombatArena] [STATE] PlayerDecision -> TurnEnd
[RealtimeAIController] State: PlayerDecision -> TurnEnd
[CombatArena] [TURN] Round 1, Orc Archer
[CombatArena] [STATE] TurnEnd -> TurnStart
[RealtimeAIController] State: TurnEnd -> TurnStart
[CombatArena] [STATE] TurnStart -> AIDecision
[RealtimeAIController] State: TurnStart -> AIDecision
[CombatArena] Camera focusing on Orc Archer via hooks
[CombatArena] SelectCombatant called: enemy_orc_archer
[CombatArena] Selected: enemy_orc_archer
[CombatArena] Turn started: Orc Archer (AI)
[COMBAT_LOG] {"ts":1770377606941,"event":"TURN_START","turn":4,"round":1,"unit":"enemy_orc_archer","unit_name":"Orc Archer","faction":"Hostile","hp":30,"max_hp":30,"ap":"Action | Bonus | Reaction | Move:30/30","pos":[10,0,2]}
[RealtimeAIController] Turn started for Orc Archer
[COMBAT_LOG] {"ts":1770377606942,"event":"DECISION","unit":"enemy_orc_archer","action":"Move","target":"(-5, 0, 2)","score":1.2055696}
[RealtimeAIController] Orc Archer -> Move (#1) score:1.21
[CombatArena] ExecuteMovement: enemy_orc_archer -> (-5, 0, 2)
[CombatArena] [STATE] AIDecision -> ActionExecution
[RealtimeAIController] State: AIDecision -> ActionExecution
[CombatArena] Orc Archer moved from (10, 0, 2) to (-5, 0, 2), distance: 15.0
[CombatArena] [STATE] ActionExecution -> AIDecision
[RealtimeAIController] State: ActionExecution -> AIDecision
[AutoBattlerManager] Action: enemy_orc_archer -> Move to (-5, 0, 2) (OK)
[COMBAT_LOG] {"ts":1770377607051,"event":"DECISION","unit":"enemy_orc_archer","action":"Move","target":"(10, 0, 2)","score":1.2693456}
[RealtimeAIController] Orc Archer -> Move (#2) score:1.27
[CombatArena] ExecuteMovement: enemy_orc_archer -> (10, 0, 2)
[CombatArena] [STATE] AIDecision -> ActionExecution
[RealtimeAIController] State: AIDecision -> ActionExecution
[CombatArena] Orc Archer moved from (-5, 0, 2) to (10, 0, 2), distance: 15.0
[CombatArena] [STATE] ActionExecution -> AIDecision
[RealtimeAIController] State: ActionExecution -> AIDecision
[AutoBattlerManager] Action: enemy_orc_archer -> Move to (10, 0, 2) (OK)
[COMBAT_LOG] {"ts":1770377607161,"event":"DECISION","unit":"enemy_orc_archer","action":"Dash","score":3.2445714}
[RealtimeAIController] Orc Archer -> Dash (#3) score:3.24
[AutoBattlerManager] Action: enemy_orc_archer -> Dash (OK)
[COMBAT_LOG] {"ts":1770377607270,"event":"DECISION","unit":"enemy_orc_archer","action":"Move","target":"(-5, 0, 2)","score":1.2264673}
[RealtimeAIController] Orc Archer -> Move (#4) score:1.23
[CombatArena] ExecuteMovement: enemy_orc_archer -> (-5, 0, 2)
[CombatArena] [STATE] AIDecision -> ActionExecution
[RealtimeAIController] State: AIDecision -> ActionExecution
[CombatArena] Orc Archer moved from (10, 0, 2) to (-5, 0, 2), distance: 15.0
[CombatArena] [STATE] ActionExecution -> AIDecision
[RealtimeAIController] State: ActionExecution -> AIDecision
[AutoBattlerManager] Action: enemy_orc_archer -> Move to (-5, 0, 2) (OK)
[COMBAT_LOG] {"ts":1770377607380,"event":"DECISION","unit":"enemy_orc_archer","action":"Move","target":"(10, 0, 2)","score":1.292487}
[RealtimeAIController] Orc Archer -> Move (#5) score:1.29
[CombatArena] ExecuteMovement: enemy_orc_archer -> (10, 0, 2)
[CombatArena] [STATE] AIDecision -> ActionExecution
[RealtimeAIController] State: AIDecision -> ActionExecution
[CombatArena] Orc Archer moved from (-5, 0, 2) to (10, 0, 2), distance: 15.0
[CombatArena] [STATE] ActionExecution -> AIDecision
[RealtimeAIController] State: ActionExecution -> AIDecision
[AutoBattlerManager] Action: enemy_orc_archer -> Move to (10, 0, 2) (OK)
[COMBAT_LOG] {"ts":1770377607490,"event":"DECISION","unit":"enemy_orc_archer","action":"EndTurn","score":0.10323377}
[RealtimeAIController] Orc Archer -> EndTurn (#6) score:0.10
[RealtimeAIController] Calling EndCurrentTurn()
[CombatArena] [STATE] AIDecision -> TurnEnd
[RealtimeAIController] State: AIDecision -> TurnEnd
[CombatArena] [TURN] Round 1, Goblin Shaman
[CombatArena] [STATE] TurnEnd -> TurnStart
[RealtimeAIController] State: TurnEnd -> TurnStart
[CombatArena] [STATE] TurnStart -> AIDecision
[RealtimeAIController] State: TurnStart -> AIDecision
[CombatArena] Camera focusing on Goblin Shaman via hooks
[CombatArena] SelectCombatant called: enemy_shaman
[CombatArena] Selected: enemy_shaman
[CombatArena] Turn started: Goblin Shaman (AI)
[COMBAT_LOG] {"ts":1770377607497,"event":"TURN_START","turn":5,"round":1,"unit":"enemy_shaman","unit_name":"Goblin Shaman","faction":"Hostile","hp":28,"max_hp":28,"ap":"Action | Bonus | Reaction | Move:30/30","pos":[10,0,-1]}
[RealtimeAIController] Turn started for Goblin Shaman
[COMBAT_LOG] {"ts":1770377607497,"event":"DECISION","unit":"enemy_shaman","action":"Move","target":"(-5, 0, -1)","score":1.2092781}
[RealtimeAIController] Goblin Shaman -> Move (#1) score:1.21
[CombatArena] ExecuteMovement: enemy_shaman -> (-5, 0, -1)
[CombatArena] [STATE] AIDecision -> ActionExecution
[RealtimeAIController] State: AIDecision -> ActionExecution
[CombatArena] Goblin Shaman moved from (10, 0, -1) to (-5, 0, -1), distance: 15.0
[CombatArena] [STATE] ActionExecution -> AIDecision
[RealtimeAIController] State: ActionExecution -> AIDecision
[AutoBattlerManager] Action: enemy_shaman -> Move to (-5, 0, -1) (OK)
[COMBAT_LOG] {"ts":1770377607607,"event":"DECISION","unit":"enemy_shaman","action":"Move","target":"(10, 0, -1)","score":1.3189926}
[RealtimeAIController] Goblin Shaman -> Move (#2) score:1.32
[CombatArena] ExecuteMovement: enemy_shaman -> (10, 0, -1)
[CombatArena] [STATE] AIDecision -> ActionExecution
[RealtimeAIController] State: AIDecision -> ActionExecution
[CombatArena] Goblin Shaman moved from (-5, 0, -1) to (10, 0, -1), distance: 15.0
[CombatArena] [STATE] ActionExecution -> AIDecision
[RealtimeAIController] State: ActionExecution -> AIDecision
[AutoBattlerManager] Action: enemy_shaman -> Move to (10, 0, -1) (OK)
[COMBAT_LOG] {"ts":1770377607717,"event":"DECISION","unit":"enemy_shaman","action":"Dash","score":3.0834002}
[RealtimeAIController] Goblin Shaman -> Dash (#3) score:3.08
[AutoBattlerManager] Action: enemy_shaman -> Dash (OK)
[COMBAT_LOG] {"ts":1770377607827,"event":"DECISION","unit":"enemy_shaman","action":"Move","target":"(-5, 0, -1)","score":1.265811}
[RealtimeAIController] Goblin Shaman -> Move (#4) score:1.27
[CombatArena] ExecuteMovement: enemy_shaman -> (-5, 0, -1)
[CombatArena] [STATE] AIDecision -> ActionExecution
[RealtimeAIController] State: AIDecision -> ActionExecution
[CombatArena] Goblin Shaman moved from (10, 0, -1) to (-5, 0, -1), distance: 15.0
[CombatArena] [STATE] ActionExecution -> AIDecision
[RealtimeAIController] State: ActionExecution -> AIDecision
[AutoBattlerManager] Action: enemy_shaman -> Move to (-5, 0, -1) (OK)
[COMBAT_LOG] {"ts":1770377607936,"event":"DECISION","unit":"enemy_shaman","action":"Move","target":"(2.5, 0, -1)","score":1.3096353}
[RealtimeAIController] Goblin Shaman -> Move (#5) score:1.31
[CombatArena] ExecuteMovement: enemy_shaman -> (2.5, 0, -1)
[CombatArena] [STATE] AIDecision -> ActionExecution
[RealtimeAIController] State: AIDecision -> ActionExecution
[CombatArena] Goblin Shaman moved from (-5, 0, -1) to (2.5, 0, -1), distance: 7.5
[CombatArena] [STATE] ActionExecution -> AIDecision
[RealtimeAIController] State: ActionExecution -> AIDecision
[AutoBattlerManager] Action: enemy_shaman -> Move to (2.5, 0, -1) (OK)
[COMBAT_LOG] {"ts":1770377608046,"event":"DECISION","unit":"enemy_shaman","action":"Move","target":"(-5, 0, -1)","score":1.3159554}
[RealtimeAIController] Goblin Shaman -> Move (#6) score:1.32
[CombatArena] ExecuteMovement: enemy_shaman -> (-5, 0, -1)
[CombatArena] [STATE] AIDecision -> ActionExecution
[RealtimeAIController] State: AIDecision -> ActionExecution
[CombatArena] Goblin Shaman moved from (2.5, 0, -1) to (-5, 0, -1), distance: 7.5
[CombatArena] [STATE] ActionExecution -> AIDecision
[RealtimeAIController] State: ActionExecution -> AIDecision
[AutoBattlerManager] Action: enemy_shaman -> Move to (-5, 0, -1) (OK)
[COMBAT_LOG] {"ts":1770377608156,"event":"DECISION","unit":"enemy_shaman","action":"EndTurn","score":0.10435638}
[RealtimeAIController] Goblin Shaman -> EndTurn (#7) score:0.10
[RealtimeAIController] Calling EndCurrentTurn()
[CombatArena] [STATE] AIDecision -> TurnEnd
[RealtimeAIController] State: AIDecision -> TurnEnd
[CombatArena] [TURN] Round 1, Mage
[CombatArena] [STATE] TurnEnd -> TurnStart
[RealtimeAIController] State: TurnEnd -> TurnStart
[CombatArena] [STATE] TurnStart -> PlayerDecision
[RealtimeAIController] State: TurnStart -> PlayerDecision
[CombatArena] Camera focusing on Mage via hooks
[CombatArena] SelectCombatant called: player_mage
[CombatArena] Selected: player_mage
[CombatArena] Turn started: Mage (Player)
[COMBAT_LOG] {"ts":1770377608163,"event":"TURN_START","turn":6,"round":1,"unit":"player_mage","unit_name":"Mage","faction":"Player","hp":32,"max_hp":32,"ap":"Action | Bonus | Reaction | Move:30/30","pos":[-3,0,-1]}
[RealtimeAIController] Turn started for Mage
[COMBAT_LOG] {"ts":1770377608163,"event":"DECISION","unit":"player_mage","action":"Move","target":"(12, 0, -1)","score":1.3065114}
[RealtimeAIController] Mage -> Move (#1) score:1.31
[CombatArena] ExecuteMovement: player_mage -> (12, 0, -1)
[CombatArena] [STATE] PlayerDecision -> ActionExecution
[RealtimeAIController] State: PlayerDecision -> ActionExecution
[CombatArena] Mage moved from (-3, 0, -1) to (12, 0, -1), distance: 15.0
[CombatArena] [STATE] ActionExecution -> PlayerDecision
[RealtimeAIController] State: ActionExecution -> PlayerDecision
[AutoBattlerManager] Action: player_mage -> Move to (12, 0, -1) (OK)
[COMBAT_LOG] {"ts":1770377608273,"event":"DECISION","unit":"player_mage","action":"Move","target":"(4.5, 0, -1)","score":1.3163464}
[RealtimeAIController] Mage -> Move (#2) score:1.32
[CombatArena] ExecuteMovement: player_mage -> (4.5, 0, -1)
[CombatArena] [STATE] PlayerDecision -> ActionExecution
[RealtimeAIController] State: PlayerDecision -> ActionExecution
[CombatArena] Mage moved from (12, 0, -1) to (4.5, 0, -1), distance: 7.5
[CombatArena] [STATE] ActionExecution -> PlayerDecision
[RealtimeAIController] State: ActionExecution -> PlayerDecision
[AutoBattlerManager] Action: player_mage -> Move to (4.5, 0, -1) (OK)
[COMBAT_LOG] {"ts":1770377608382,"event":"DECISION","unit":"player_mage","action":"Move","target":"(8.25, 0, -1)","score":1.3163596}
[RealtimeAIController] Mage -> Move (#3) score:1.32
[CombatArena] ExecuteMovement: player_mage -> (8.25, 0, -1)
[CombatArena] [STATE] PlayerDecision -> ActionExecution
[RealtimeAIController] State: PlayerDecision -> ActionExecution
[CombatArena] Mage moved from (4.5, 0, -1) to (8.25, 0, -1), distance: 3.8
[CombatArena] [STATE] ActionExecution -> PlayerDecision
[RealtimeAIController] State: ActionExecution -> PlayerDecision
[AutoBattlerManager] Action: player_mage -> Move to (8.25, 0, -1) (OK)
[COMBAT_LOG] {"ts":1770377608492,"event":"DECISION","unit":"player_mage","action":"Move","target":"(12, 0, -1)","score":1.3199239}
[RealtimeAIController] Mage -> Move (#4) score:1.32
[CombatArena] ExecuteMovement: player_mage -> (12, 0, -1)
[CombatArena] [STATE] PlayerDecision -> ActionExecution
[RealtimeAIController] State: PlayerDecision -> ActionExecution
[CombatArena] Mage moved from (8.25, 0, -1) to (12, 0, -1), distance: 3.8
[CombatArena] [STATE] ActionExecution -> PlayerDecision
[RealtimeAIController] State: ActionExecution -> PlayerDecision
[AutoBattlerManager] Action: player_mage -> Move to (12, 0, -1) (OK)
[COMBAT_LOG] {"ts":1770377608602,"event":"DECISION","unit":"player_mage","action":"Dash","score":3.087123}
[RealtimeAIController] Mage -> Dash (#5) score:3.09
[AutoBattlerManager] Action: player_mage -> Dash (OK)
[COMBAT_LOG] {"ts":1770377608711,"event":"DECISION","unit":"player_mage","action":"Move","target":"(-3, 0, -1)","score":1.2176169}
[RealtimeAIController] Mage -> Move (#6) score:1.22
[CombatArena] ExecuteMovement: player_mage -> (-3, 0, -1)
[CombatArena] [STATE] PlayerDecision -> ActionExecution
[RealtimeAIController] State: PlayerDecision -> ActionExecution
[CombatArena] Mage moved from (12, 0, -1) to (-3, 0, -1), distance: 15.0
[CombatArena] [STATE] ActionExecution -> PlayerDecision
[RealtimeAIController] State: ActionExecution -> PlayerDecision
[AutoBattlerManager] Action: player_mage -> Move to (-3, 0, -1) (OK)
[COMBAT_LOG] {"ts":1770377608821,"event":"DECISION","unit":"player_mage","action":"Move","target":"(12, 0, -1)","score":1.2398385}
[RealtimeAIController] Mage -> Move (#7) score:1.24
[CombatArena] ExecuteMovement: player_mage -> (12, 0, -1)
[CombatArena] [STATE] PlayerDecision -> ActionExecution
[RealtimeAIController] State: PlayerDecision -> ActionExecution
[CombatArena] Mage moved from (-3, 0, -1) to (12, 0, -1), distance: 15.0
[CombatArena] [STATE] ActionExecution -> PlayerDecision
[RealtimeAIController] State: ActionExecution -> PlayerDecision
[AutoBattlerManager] Action: player_mage -> Move to (12, 0, -1) (OK)
[COMBAT_LOG] {"ts":1770377608931,"event":"DECISION","unit":"player_mage","action":"EndTurn","score":0.10991596}
[RealtimeAIController] Mage -> EndTurn (#8) score:0.11
[RealtimeAIController] Calling EndCurrentTurn()
[CombatArena] [STATE] PlayerDecision -> TurnEnd
[RealtimeAIController] State: PlayerDecision -> TurnEnd
[CombatArena] [TURN] Round 1, Orc Brute
[CombatArena] [STATE] TurnEnd -> TurnStart
[RealtimeAIController] State: TurnEnd -> TurnStart
[CombatArena] [STATE] TurnStart -> AIDecision
[RealtimeAIController] State: TurnStart -> AIDecision
[CombatArena] Camera focusing on Orc Brute via hooks
[CombatArena] SelectCombatant called: enemy_orc_brute
[CombatArena] Selected: enemy_orc_brute
[CombatArena] Turn started: Orc Brute (AI)
[COMBAT_LOG] {"ts":1770377608938,"event":"TURN_START","turn":7,"round":1,"unit":"enemy_orc_brute","unit_name":"Orc Brute","faction":"Hostile","hp":48,"max_hp":48,"ap":"Action | Bonus | Reaction | Move:30/30","pos":[8,0,0]}
[RealtimeAIController] Turn started for Orc Brute
[COMBAT_LOG] {"ts":1770377608938,"event":"DECISION","unit":"enemy_orc_brute","action":"Attack","target":"player_cleric","score":1.0640957}
[RealtimeAIController] Orc Brute -> Attack (#1) score:1.06
[CombatArena] ExecuteAbility: enemy_orc_brute -> basic_attack -> player_cleric
[CombatArena] [STATE] AIDecision -> ActionExecution
[RealtimeAIController] State: AIDecision -> ActionExecution
[CombatArena] Orc Brute used basic_attack on Cleric: damage:5
[CombatArena] ClearSelection called
[AutoBattlerManager] Action: enemy_orc_brute -> Attack:basic_attack->player_cleric (OK)
[CombatArena] [STATE] ActionExecution -> AIDecision
[RealtimeAIController] State: ActionExecution -> AIDecision
[COMBAT_LOG] {"ts":1770377609535,"event":"DECISION","unit":"enemy_orc_brute","action":"Move","target":"(8, 0, -15)","score":0.655613}
[RealtimeAIController] Orc Brute -> Move (#2) score:0.66
[CombatArena] ExecuteMovement: enemy_orc_brute -> (8, 0, -15)
[CombatArena] [STATE] AIDecision -> ActionExecution
[RealtimeAIController] State: AIDecision -> ActionExecution
[CombatArena] Orc Brute moved from (8, 0, 0) to (8, 0, -15), distance: 15.0
[CombatArena] [STATE] ActionExecution -> AIDecision
[RealtimeAIController] State: ActionExecution -> AIDecision
[AutoBattlerManager] Action: enemy_orc_brute -> Move to (8, 0, -15) (OK)
[COMBAT_LOG] {"ts":1770377609644,"event":"DECISION","unit":"enemy_orc_brute","action":"Move","target":"(0.5, 0, -7.5)","score":1.2920508}
[RealtimeAIController] Orc Brute -> Move (#3) score:1.29
[CombatArena] ExecuteMovement: enemy_orc_brute -> (0.5, 0, -7.5)
[CombatArena] [STATE] AIDecision -> ActionExecution
[RealtimeAIController] State: AIDecision -> ActionExecution
[CombatArena] Orc Brute moved from (8, 0, -15) to (0.5, 0, -7.5), distance: 10.6
[CombatArena] [STATE] ActionExecution -> AIDecision
[RealtimeAIController] State: ActionExecution -> AIDecision
[AutoBattlerManager] Action: enemy_orc_brute -> Move to (0.5, 0, -7.5) (OK)
[COMBAT_LOG] {"ts":1770377609754,"event":"DECISION","unit":"enemy_orc_brute","action":"Move","target":"(0.5, 0, -3.1066017)","score":1.3166664}
[RealtimeAIController] Orc Brute -> Move (#4) score:1.32
[CombatArena] ExecuteMovement: enemy_orc_brute -> (0.5, 0, -3.1066017)
[CombatArena] [STATE] AIDecision -> ActionExecution
[RealtimeAIController] State: AIDecision -> ActionExecution
[CombatArena] Orc Brute moved from (0.5, 0, -7.5) to (0.5, 0, -3.1066017), distance: 4.4
[CombatArena] [STATE] ActionExecution -> AIDecision
[RealtimeAIController] State: ActionExecution -> AIDecision
[AutoBattlerManager] Action: enemy_orc_brute -> Move to (0.5, 0, -3.1066017) (OK)
[COMBAT_LOG] {"ts":1770377609864,"event":"DECISION","unit":"enemy_orc_brute","action":"EndTurn","score":0.10982782}
[RealtimeAIController] Orc Brute -> EndTurn (#5) score:0.11
[RealtimeAIController] Calling EndCurrentTurn()
[CombatArena] [STATE] AIDecision -> TurnEnd
[RealtimeAIController] State: AIDecision -> TurnEnd
[CombatArena] [TURN] Round 1, Cleric
[CombatArena] [STATE] TurnEnd -> TurnStart
[RealtimeAIController] State: TurnEnd -> TurnStart
[CombatArena] [STATE] TurnStart -> PlayerDecision
[RealtimeAIController] State: TurnStart -> PlayerDecision
[CombatArena] Camera focusing on Cleric via hooks
[CombatArena] SelectCombatant called: player_cleric
[CombatArena] Selected: player_cleric
[CombatArena] Turn started: Cleric (Player)
[COMBAT_LOG] {"ts":1770377609871,"event":"TURN_START","turn":8,"round":1,"unit":"player_cleric","unit_name":"Cleric","faction":"Player","hp":39,"max_hp":44,"ap":"Action | Bonus | Reaction | Move:30/30","pos":[-1,0,-3]}
[RealtimeAIController] Turn started for Cleric
[COMBAT_LOG] {"ts":1770377609871,"event":"DECISION","unit":"player_cleric","action":"Attack","target":"enemy_orc_brute","score":0.7126609}
[RealtimeAIController] Cleric -> Attack (#1) score:0.71
[CombatArena] ExecuteAbility: player_cleric -> basic_attack -> enemy_orc_brute
[CombatArena] [STATE] PlayerDecision -> ActionExecution
[RealtimeAIController] State: PlayerDecision -> ActionExecution
[CombatArena] Cleric used basic_attack on Orc Brute: damage:10
[CombatArena] ClearSelection called
[AutoBattlerManager] Action: player_cleric -> Attack:basic_attack->enemy_orc_brute (OK)
[CombatArena] [STATE] ActionExecution -> PlayerDecision
[RealtimeAIController] State: ActionExecution -> PlayerDecision
[COMBAT_LOG] {"ts":1770377610467,"event":"DECISION","unit":"player_cleric","action":"Move","target":"(-16, 0, -18)","score":0.65565133}
[RealtimeAIController] Cleric -> Move (#2) score:0.66
[CombatArena] ExecuteMovement: player_cleric -> (-16, 0, -18)
[CombatArena] [STATE] PlayerDecision -> ActionExecution
[RealtimeAIController] State: PlayerDecision -> ActionExecution
[CombatArena] Cleric moved from (-1, 0, -3) to (-16, 0, -18), distance: 21.2
[CombatArena] [STATE] ActionExecution -> PlayerDecision
[RealtimeAIController] State: ActionExecution -> PlayerDecision
[AutoBattlerManager] Action: player_cleric -> Move to (-16, 0, -18) (OK)
[COMBAT_LOG] {"ts":1770377610577,"event":"DECISION","unit":"player_cleric","action":"Move","target":"(-20.393398, 0, -13.606602)","score":0.6556623}
[RealtimeAIController] Cleric -> Move (#3) score:0.66
[CombatArena] ExecuteMovement: player_cleric -> (-20.393398, 0, -13.606602)
[CombatArena] [STATE] PlayerDecision -> ActionExecution
[RealtimeAIController] State: PlayerDecision -> ActionExecution
[CombatArena] Cleric moved from (-16, 0, -18) to (-20.393398, 0, -13.606602), distance: 6.2
[CombatArena] [STATE] ActionExecution -> PlayerDecision
[RealtimeAIController] State: ActionExecution -> PlayerDecision
[AutoBattlerManager] Action: player_cleric -> Move to (-20.393398, 0, -13.606602) (OK)
[COMBAT_LOG] {"ts":1770377610687,"event":"DECISION","unit":"player_cleric","action":"Move","target":"(-21.680195, 0, -14.893398)","score":0.6516529}
[RealtimeAIController] Cleric -> Move (#4) score:0.65
[CombatArena] ExecuteMovement: player_cleric -> (-21.680195, 0, -14.893398)
[CombatArena] [STATE] PlayerDecision -> ActionExecution
[RealtimeAIController] State: PlayerDecision -> ActionExecution
[CombatArena] Cleric moved from (-20.393398, 0, -13.606602) to (-21.680195, 0, -14.893398), distance: 1.8
[CombatArena] [STATE] ActionExecution -> PlayerDecision
[RealtimeAIController] State: ActionExecution -> PlayerDecision
[AutoBattlerManager] Action: player_cleric -> Move to (-21.680195, 0, -14.893398) (OK)
[COMBAT_LOG] {"ts":1770377610796,"event":"DECISION","unit":"player_cleric","action":"Move","target":"(-20.926407, 0, -14.893398)","score":0.657207}
[RealtimeAIController] Cleric -> Move (#5) score:0.66
[CombatArena] ExecuteMovement: player_cleric -> (-20.926407, 0, -14.893398)
[CombatArena] [STATE] PlayerDecision -> ActionExecution
[RealtimeAIController] State: PlayerDecision -> ActionExecution
[CombatArena] Cleric moved from (-21.680195, 0, -14.893398) to (-20.926407, 0, -14.893398), distance: 0.8
[CombatArena] [STATE] ActionExecution -> PlayerDecision
[RealtimeAIController] State: ActionExecution -> PlayerDecision
[AutoBattlerManager] Action: player_cleric -> Move to (-20.926407, 0, -14.893398) (OK)
[COMBAT_LOG] {"ts":1770377610906,"event":"DECISION","unit":"player_cleric","action":"EndTurn","score":0.1018406}
[RealtimeAIController] Cleric -> EndTurn (#6) score:0.10
[RealtimeAIController] Calling EndCurrentTurn()
[CombatArena] [STATE] PlayerDecision -> TurnEnd
[RealtimeAIController] State: PlayerDecision -> TurnEnd
[CombatArena] [TURN] Round 2, Rogue
[CombatArena] [STATE] TurnEnd -> RoundEnd
[RealtimeAIController] State: TurnEnd -> RoundEnd
[CombatArena] [STATE] RoundEnd -> TurnStart
[RealtimeAIController] State: RoundEnd -> TurnStart
[CombatArena] Round 2: Reset reactions for all combatants
[CombatArena] [STATE] TurnStart -> PlayerDecision
[RealtimeAIController] State: TurnStart -> PlayerDecision
[CombatArena] Camera focusing on Rogue via hooks
[CombatArena] SelectCombatant called: player_rogue
[CombatArena] Selected: player_rogue
[CombatArena] Turn started: Rogue (Player)
[COMBAT_LOG] {"ts":1770377610913,"event":"TURN_START","turn":9,"round":2,"unit":"player_rogue","unit_name":"Rogue","faction":"Player","hp":26,"max_hp":36,"ap":"Action | Bonus | Reaction | Move:30/30","pos":[32,0,-2]}
[RealtimeAIController] Turn started for Rogue
[COMBAT_LOG] {"ts":1770377610913,"event":"DECISION","unit":"player_rogue","action":"Move","target":"(2, 0, -2)","score":1.20201}
[RealtimeAIController] Rogue -> Move (#1) score:1.20
[CombatArena] ExecuteMovement: player_rogue -> (2, 0, -2)
[CombatArena] [STATE] PlayerDecision -> ActionExecution
[RealtimeAIController] State: PlayerDecision -> ActionExecution
[CombatArena] Rogue moved from (32, 0, -2) to (2, 0, -2), distance: 30.0
[CombatArena] [STATE] ActionExecution -> PlayerDecision
[RealtimeAIController] State: ActionExecution -> PlayerDecision
[AutoBattlerManager] Action: player_rogue -> Move to (2, 0, -2) (OK)
[COMBAT_LOG] {"ts":1770377611023,"event":"DECISION","unit":"player_rogue","action":"Dash","score":3.1197193}
[RealtimeAIController] Rogue -> Dash (#2) score:3.12
[AutoBattlerManager] Action: player_rogue -> Dash (OK)
[COMBAT_LOG] {"ts":1770377611133,"event":"DECISION","unit":"player_rogue","action":"Move","target":"(17, 0, 13)","score":0.6569399}
[RealtimeAIController] Rogue -> Move (#3) score:0.66
[CombatArena] ExecuteMovement: player_rogue -> (17, 0, 13)
[CombatArena] [STATE] PlayerDecision -> ActionExecution
[RealtimeAIController] State: PlayerDecision -> ActionExecution
[CombatArena] Rogue moved from (2, 0, -2) to (17, 0, 13), distance: 21.2
[CombatArena] [STATE] ActionExecution -> PlayerDecision
[RealtimeAIController] State: ActionExecution -> PlayerDecision
[AutoBattlerManager] Action: player_rogue -> Move to (17, 0, 13) (OK)
[COMBAT_LOG] {"ts":1770377611242,"event":"DECISION","unit":"player_rogue","action":"Move","target":"(12.606602, 0, 17.393398)","score":0.6593963}
[RealtimeAIController] Rogue -> Move (#4) score:0.66
[CombatArena] ExecuteMovement: player_rogue -> (12.606602, 0, 17.393398)
[CombatArena] [STATE] PlayerDecision -> ActionExecution
[RealtimeAIController] State: PlayerDecision -> ActionExecution
[CombatArena] Rogue moved from (17, 0, 13) to (12.606602, 0, 17.393398), distance: 6.2
[CombatArena] [STATE] ActionExecution -> PlayerDecision
[RealtimeAIController] State: ActionExecution -> PlayerDecision
[AutoBattlerManager] Action: player_rogue -> Move to (12.606602, 0, 17.393398) (OK)
[COMBAT_LOG] {"ts":1770377611352,"event":"DECISION","unit":"player_rogue","action":"Move","target":"(11.319805, 0, 16.106602)","score":0.64623237}
[RealtimeAIController] Rogue -> Move (#5) score:0.65
[CombatArena] ExecuteMovement: player_rogue -> (11.319805, 0, 16.106602)
[CombatArena] [STATE] PlayerDecision -> ActionExecution
[RealtimeAIController] State: PlayerDecision -> ActionExecution
[CombatArena] Rogue moved from (12.606602, 0, 17.393398) to (11.319805, 0, 16.106602), distance: 1.8
[CombatArena] [STATE] ActionExecution -> PlayerDecision
[RealtimeAIController] State: ActionExecution -> PlayerDecision
[AutoBattlerManager] Action: player_rogue -> Move to (11.319805, 0, 16.106602) (OK)
[COMBAT_LOG] {"ts":1770377611461,"event":"DECISION","unit":"player_rogue","action":"Move","target":"(11.319805, 0, 15.729708)","score":0.6541667}
[RealtimeAIController] Rogue -> Move (#6) score:0.65
[CombatArena] ExecuteMovement: player_rogue -> (11.319805, 0, 15.729708)
[CombatArena] [STATE] PlayerDecision -> ActionExecution
[RealtimeAIController] State: PlayerDecision -> ActionExecution
[CombatArena] Rogue moved from (11.319805, 0, 16.106602) to (11.319805, 0, 15.729708), distance: 0.4
[CombatArena] [STATE] ActionExecution -> PlayerDecision
[RealtimeAIController] State: ActionExecution -> PlayerDecision
[AutoBattlerManager] Action: player_rogue -> Move to (11.319805, 0, 15.729708) (OK)
[COMBAT_LOG] {"ts":1770377611571,"event":"DECISION","unit":"player_rogue","action":"Move","target":"(11.319805, 0, 15.918155)","score":0.65967697}
[RealtimeAIController] Rogue -> Move (#7) score:0.66
[CombatArena] ExecuteMovement: player_rogue -> (11.319805, 0, 15.918155)
[CombatArena] [STATE] PlayerDecision -> ActionExecution
[RealtimeAIController] State: PlayerDecision -> ActionExecution
[CombatArena] Rogue moved from (11.319805, 0, 15.729708) to (11.319805, 0, 15.918155), distance: 0.2
[CombatArena] [STATE] ActionExecution -> PlayerDecision
[RealtimeAIController] State: ActionExecution -> PlayerDecision
[AutoBattlerManager] Action: player_rogue -> Move to (11.319805, 0, 15.918155) (OK)
[COMBAT_LOG] {"ts":1770377611681,"event":"DECISION","unit":"player_rogue","action":"Move","target":"(11.319805, 0, 16.012379)","score":0.65727}
[RealtimeAIController] Rogue -> Move (#8) score:0.66
[CombatArena] ExecuteMovement: player_rogue -> (11.319805, 0, 16.012379)
[CombatArena] [STATE] PlayerDecision -> ActionExecution
[RealtimeAIController] State: PlayerDecision -> ActionExecution
[CombatArena] Rogue moved from (11.319805, 0, 15.918155) to (11.319805, 0, 16.012379), distance: 0.1
[CombatArena] [STATE] ActionExecution -> PlayerDecision
[RealtimeAIController] State: ActionExecution -> PlayerDecision
[AutoBattlerManager] Action: player_rogue -> Move to (11.319805, 0, 16.012379) (OK)
[COMBAT_LOG] {"ts":1770377611791,"event":"DECISION","unit":"player_rogue","action":"Move","target":"(11.225582, 0, 16.012379)","score":0.6594557}
[RealtimeAIController] Rogue -> Move (#9) score:0.66
[CombatArena] ExecuteMovement: player_rogue -> (11.225582, 0, 16.012379)
[CombatArena] [STATE] PlayerDecision -> ActionExecution
[RealtimeAIController] State: PlayerDecision -> ActionExecution
[CombatArena] Rogue moved from (11.319805, 0, 16.012379) to (11.225582, 0, 16.012379), distance: 0.1
[CombatArena] [STATE] ActionExecution -> PlayerDecision
[RealtimeAIController] State: ActionExecution -> PlayerDecision
[AutoBattlerManager] Action: player_rogue -> Move to (11.225582, 0, 16.012379) (OK)
[COMBAT_LOG] {"ts":1770377611900,"event":"DECISION","unit":"player_rogue","action":"EndTurn","score":0.10617118}
[RealtimeAIController] Rogue -> EndTurn (#10) score:0.11
[RealtimeAIController] Calling EndCurrentTurn()
[CombatArena] [STATE] PlayerDecision -> TurnEnd
[RealtimeAIController] State: PlayerDecision -> TurnEnd
[CombatArena] [TURN] Round 2, Goblin Skirmisher
[CombatArena] [STATE] TurnEnd -> TurnStart
[RealtimeAIController] State: TurnEnd -> TurnStart
[CombatArena] [STATE] TurnStart -> AIDecision
[RealtimeAIController] State: TurnStart -> AIDecision
[CombatArena] Camera focusing on Goblin Skirmisher via hooks
[CombatArena] SelectCombatant called: enemy_goblin
[CombatArena] Selected: enemy_goblin
[CombatArena] Turn started: Goblin Skirmisher (AI)
[COMBAT_LOG] {"ts":1770377611907,"event":"TURN_START","turn":10,"round":2,"unit":"enemy_goblin","unit_name":"Goblin Skirmisher","faction":"Hostile","hp":16,"max_hp":22,"ap":"Action | Bonus | Reaction | Move:30/30","pos":[0.78679657,0,18]}
[RealtimeAIController] Turn started for Goblin Skirmisher
[COMBAT_LOG] {"ts":1770377611907,"event":"DECISION","unit":"enemy_goblin","action":"Move","target":"(15.786797, 0, 18)","score":1.2898369}
[RealtimeAIController] Goblin Skirmisher -> Move (#1) score:1.29
[CombatArena] ExecuteMovement: enemy_goblin -> (15.786797, 0, 18)
[CombatArena] [STATE] AIDecision -> ActionExecution
[RealtimeAIController] State: AIDecision -> ActionExecution
[CombatArena] Goblin Skirmisher moved from (0.78679657, 0, 18) to (15.786797, 0, 18), distance: 15.0
[CombatArena] [STATE] ActionExecution -> AIDecision
[RealtimeAIController] State: ActionExecution -> AIDecision
[AutoBattlerManager] Action: enemy_goblin -> Move to (15.786797, 0, 18) (OK)
[COMBAT_LOG] {"ts":1770377612017,"event":"DECISION","unit":"enemy_goblin","action":"Move","target":"(8.286797, 0, 18)","score":1.2508821}
[RealtimeAIController] Goblin Skirmisher -> Move (#2) score:1.25
[CombatArena] ExecuteMovement: enemy_goblin -> (8.286797, 0, 18)
[CombatArena] [STATE] AIDecision -> ActionExecution
[RealtimeAIController] State: AIDecision -> ActionExecution
[CombatArena] Goblin Skirmisher moved from (15.786797, 0, 18) to (8.286797, 0, 18), distance: 7.5
[CombatArena] [STATE] ActionExecution -> AIDecision
[RealtimeAIController] State: ActionExecution -> AIDecision
[AutoBattlerManager] Action: enemy_goblin -> Move to (8.286797, 0, 18) (OK)
[COMBAT_LOG] {"ts":1770377612127,"event":"DECISION","unit":"enemy_goblin","action":"Move","target":"(12.036797, 0, 18)","score":1.3158185}
[RealtimeAIController] Goblin Skirmisher -> Move (#3) score:1.32
[CombatArena] ExecuteMovement: enemy_goblin -> (12.036797, 0, 18)
[CombatArena] [STATE] AIDecision -> ActionExecution
[RealtimeAIController] State: AIDecision -> ActionExecution
[CombatArena] Goblin Skirmisher moved from (8.286797, 0, 18) to (12.036797, 0, 18), distance: 3.8
[CombatArena] [STATE] ActionExecution -> AIDecision
[RealtimeAIController] State: ActionExecution -> AIDecision
[AutoBattlerManager] Action: enemy_goblin -> Move to (12.036797, 0, 18) (OK)
[COMBAT_LOG] {"ts":1770377612236,"event":"DECISION","unit":"enemy_goblin","action":"Move","target":"(8.286797, 0, 18)","score":1.3146942}
[RealtimeAIController] Goblin Skirmisher -> Move (#4) score:1.31
[CombatArena] ExecuteMovement: enemy_goblin -> (8.286797, 0, 18)
[CombatArena] [STATE] AIDecision -> ActionExecution
[RealtimeAIController] State: AIDecision -> ActionExecution
[CombatArena] Goblin Skirmisher moved from (12.036797, 0, 18) to (8.286797, 0, 18), distance: 3.8
[CombatArena] [STATE] ActionExecution -> AIDecision
[RealtimeAIController] State: ActionExecution -> AIDecision
[AutoBattlerManager] Action: enemy_goblin -> Move to (8.286797, 0, 18) (OK)
[COMBAT_LOG] {"ts":1770377612346,"event":"DECISION","unit":"enemy_goblin","action":"Dash","score":3.0128245}
[RealtimeAIController] Goblin Skirmisher -> Dash (#5) score:3.01
[AutoBattlerManager] Action: enemy_goblin -> Dash (OK)
[COMBAT_LOG] {"ts":1770377612456,"event":"DECISION","unit":"enemy_goblin","action":"Move","target":"(8.286797, 0, 3)","score":1.2716756}
[RealtimeAIController] Goblin Skirmisher -> Move (#6) score:1.27
[CombatArena] ExecuteMovement: enemy_goblin -> (8.286797, 0, 3)
[CombatArena] [STATE] AIDecision -> ActionExecution
[RealtimeAIController] State: AIDecision -> ActionExecution
[CombatArena] Goblin Skirmisher moved from (8.286797, 0, 18) to (8.286797, 0, 3), distance: 15.0
[CombatArena] [STATE] ActionExecution -> AIDecision
[RealtimeAIController] State: ActionExecution -> AIDecision
[AutoBattlerManager] Action: enemy_goblin -> Move to (8.286797, 0, 3) (OK)
[COMBAT_LOG] {"ts":1770377612565,"event":"DECISION","unit":"enemy_goblin","action":"Move","target":"(8.286797, 0, 18)","score":1.222245}
[RealtimeAIController] Goblin Skirmisher -> Move (#7) score:1.22
[CombatArena] ExecuteMovement: enemy_goblin -> (8.286797, 0, 18)
[CombatArena] [STATE] AIDecision -> ActionExecution
[RealtimeAIController] State: AIDecision -> ActionExecution
[CombatArena] Goblin Skirmisher moved from (8.286797, 0, 3) to (8.286797, 0, 18), distance: 15.0
[CombatArena] [STATE] ActionExecution -> AIDecision
[RealtimeAIController] State: ActionExecution -> AIDecision
[AutoBattlerManager] Action: enemy_goblin -> Move to (8.286797, 0, 18) (OK)
[COMBAT_LOG] {"ts":1770377612675,"event":"DECISION","unit":"enemy_goblin","action":"EndTurn","score":0.10868723}
[RealtimeAIController] Goblin Skirmisher -> EndTurn (#8) score:0.11
[RealtimeAIController] Calling EndCurrentTurn()
[CombatArena] [STATE] AIDecision -> TurnEnd
[RealtimeAIController] State: AIDecision -> TurnEnd
[CombatArena] [TURN] Round 2, Fighter
[CombatArena] [STATE] TurnEnd -> TurnStart
[RealtimeAIController] State: TurnEnd -> TurnStart
[CombatArena] [STATE] TurnStart -> PlayerDecision
[RealtimeAIController] State: TurnStart -> PlayerDecision
[CombatArena] Camera focusing on Fighter via hooks
[CombatArena] SelectCombatant called: player_fighter
[CombatArena] Selected: player_fighter
[CombatArena] Turn started: Fighter (Player)
[COMBAT_LOG] {"ts":1770377612682,"event":"TURN_START","turn":11,"round":2,"unit":"player_fighter","unit_name":"Fighter","faction":"Player","hp":52,"max_hp":52,"ap":"Action | Bonus | Reaction | Move:30/30","pos":[9.119927,0,3.212256]}
[RealtimeAIController] Turn started for Fighter
[COMBAT_LOG] {"ts":1770377612682,"event":"DECISION","unit":"player_fighter","action":"Move","target":"(9.119927, 0, 18.212255)","score":1.2888411}
[RealtimeAIController] Fighter -> Move (#1) score:1.29
[CombatArena] ExecuteMovement: player_fighter -> (9.119927, 0, 18.212255)
[CombatArena] [STATE] PlayerDecision -> ActionExecution
[RealtimeAIController] State: PlayerDecision -> ActionExecution
[CombatArena] Fighter moved from (9.119927, 0, 3.212256) to (9.119927, 0, 18.212255), distance: 15.0
[CombatArena] [STATE] ActionExecution -> PlayerDecision
[RealtimeAIController] State: ActionExecution -> PlayerDecision
[AutoBattlerManager] Action: player_fighter -> Move to (9.119927, 0, 18.212255) (OK)
[COMBAT_LOG] {"ts":1770377612792,"event":"DECISION","unit":"player_fighter","action":"Move","target":"(9.119927, 0, 3.2122555)","score":1.2939379}
[RealtimeAIController] Fighter -> Move (#2) score:1.29
[CombatArena] ExecuteMovement: player_fighter -> (9.119927, 0, 3.2122555)
[CombatArena] [STATE] PlayerDecision -> ActionExecution
[RealtimeAIController] State: PlayerDecision -> ActionExecution
[CombatArena] Fighter moved from (9.119927, 0, 18.212255) to (9.119927, 0, 3.2122555), distance: 15.0
[CombatArena] [STATE] ActionExecution -> PlayerDecision
[RealtimeAIController] State: ActionExecution -> PlayerDecision
[AutoBattlerManager] Action: player_fighter -> Move to (9.119927, 0, 3.2122555) (OK)
[COMBAT_LOG] {"ts":1770377612901,"event":"DECISION","unit":"player_fighter","action":"Dash","score":3.2147403}
[RealtimeAIController] Fighter -> Dash (#3) score:3.21
[AutoBattlerManager] Action: player_fighter -> Dash (OK)
[COMBAT_LOG] {"ts":1770377613011,"event":"DECISION","unit":"player_fighter","action":"Move","target":"(-5.8800726, 0, 3.2122555)","score":1.2396551}
[RealtimeAIController] Fighter -> Move (#4) score:1.24
[CombatArena] ExecuteMovement: player_fighter -> (-5.8800726, 0, 3.2122555)
[CombatArena] [STATE] PlayerDecision -> ActionExecution
[RealtimeAIController] State: PlayerDecision -> ActionExecution
[CombatArena] Fighter moved from (9.119927, 0, 3.2122555) to (-5.8800726, 0, 3.2122555), distance: 15.0
[CombatArena] [STATE] ActionExecution -> PlayerDecision
[RealtimeAIController] State: ActionExecution -> PlayerDecision
[AutoBattlerManager] Action: player_fighter -> Move to (-5.8800726, 0, 3.2122555) (OK)
[COMBAT_LOG] {"ts":1770377613121,"event":"DECISION","unit":"player_fighter","action":"Move","target":"(1.6199274, 0, -4.2877445)","score":1.2971187}
[RealtimeAIController] Fighter -> Move (#5) score:1.30
[CombatArena] ExecuteMovement: player_fighter -> (1.6199274, 0, -4.2877445)
[CombatArena] [STATE] PlayerDecision -> ActionExecution
[RealtimeAIController] State: PlayerDecision -> ActionExecution
[CombatArena] Fighter moved from (-5.8800726, 0, 3.2122555) to (1.6199274, 0, -4.2877445), distance: 10.6
[CombatArena] [STATE] ActionExecution -> PlayerDecision
[RealtimeAIController] State: ActionExecution -> PlayerDecision
[AutoBattlerManager] Action: player_fighter -> Move to (1.6199274, 0, -4.2877445) (OK)
[COMBAT_LOG] {"ts":1770377613230,"event":"DECISION","unit":"player_fighter","action":"Move","target":"(3.8166265, 0, -4.2877445)","score":1.3183391}
[RealtimeAIController] Fighter -> Move (#6) score:1.32
[CombatArena] ExecuteMovement: player_fighter -> (3.8166265, 0, -4.2877445)
[CombatArena] [STATE] PlayerDecision -> ActionExecution
[RealtimeAIController] State: PlayerDecision -> ActionExecution
[CombatArena] Fighter moved from (1.6199274, 0, -4.2877445) to (3.8166265, 0, -4.2877445), distance: 2.2
[CombatArena] [STATE] ActionExecution -> PlayerDecision
[RealtimeAIController] State: ActionExecution -> PlayerDecision
[AutoBattlerManager] Action: player_fighter -> Move to (3.8166265, 0, -4.2877445) (OK)
[COMBAT_LOG] {"ts":1770377613340,"event":"DECISION","unit":"player_fighter","action":"Move","target":"(3.8166265, 0, -3.189395)","score":1.3118101}
[RealtimeAIController] Fighter -> Move (#7) score:1.31
[CombatArena] ExecuteMovement: player_fighter -> (3.8166265, 0, -3.189395)
[CombatArena] [STATE] PlayerDecision -> ActionExecution
[RealtimeAIController] State: PlayerDecision -> ActionExecution
[CombatArena] Fighter moved from (3.8166265, 0, -4.2877445) to (3.8166265, 0, -3.189395), distance: 1.1
[CombatArena] [STATE] ActionExecution -> PlayerDecision
[RealtimeAIController] State: ActionExecution -> PlayerDecision
[AutoBattlerManager] Action: player_fighter -> Move to (3.8166265, 0, -3.189395) (OK)
[COMBAT_LOG] {"ts":1770377613450,"event":"DECISION","unit":"player_fighter","action":"Move","target":"(3.8166265, 0, -2.0910454)","score":1.3099278}
[RealtimeAIController] Fighter -> Move (#8) score:1.31
[CombatArena] ExecuteMovement: player_fighter -> (3.8166265, 0, -2.0910454)
[CombatArena] [STATE] PlayerDecision -> ActionExecution
[RealtimeAIController] State: PlayerDecision -> ActionExecution
[CombatArena] Fighter moved from (3.8166265, 0, -3.189395) to (3.8166265, 0, -2.0910454), distance: 1.1
[CombatArena] [STATE] ActionExecution -> PlayerDecision
[RealtimeAIController] State: ActionExecution -> PlayerDecision
[AutoBattlerManager] Action: player_fighter -> Move to (3.8166265, 0, -2.0910454) (OK)
[COMBAT_LOG] {"ts":1770377613559,"event":"DECISION","unit":"player_fighter","action":"EndTurn","score":0.106304914}
[RealtimeAIController] Fighter -> EndTurn (#9) score:0.11
[RealtimeAIController] Calling EndCurrentTurn()
[CombatArena] [STATE] PlayerDecision -> TurnEnd
[RealtimeAIController] State: PlayerDecision -> TurnEnd
[CombatArena] [TURN] Round 2, Orc Archer
[CombatArena] [STATE] TurnEnd -> TurnStart
[RealtimeAIController] State: TurnEnd -> TurnStart
[CombatArena] [STATE] TurnStart -> AIDecision
[RealtimeAIController] State: TurnStart -> AIDecision
[CombatArena] Camera focusing on Orc Archer via hooks
[CombatArena] SelectCombatant called: enemy_orc_archer
[CombatArena] Selected: enemy_orc_archer
[CombatArena] Turn started: Orc Archer (AI)
[COMBAT_LOG] {"ts":1770377613566,"event":"TURN_START","turn":12,"round":2,"unit":"enemy_orc_archer","unit_name":"Orc Archer","faction":"Hostile","hp":30,"max_hp":30,"ap":"Action | Bonus | Reaction | Move:30/30","pos":[10,0,2]}
[RealtimeAIController] Turn started for Orc Archer
[COMBAT_LOG] {"ts":1770377613566,"event":"DECISION","unit":"enemy_orc_archer","action":"Move","target":"(10, 0, 17)","score":1.3004055}
[RealtimeAIController] Orc Archer -> Move (#1) score:1.30
[CombatArena] ExecuteMovement: enemy_orc_archer -> (10, 0, 17)
[CombatArena] [STATE] AIDecision -> ActionExecution
[RealtimeAIController] State: AIDecision -> ActionExecution
[CombatArena] Orc Archer moved from (10, 0, 2) to (10, 0, 17), distance: 15.0
[CombatArena] [STATE] ActionExecution -> AIDecision
[RealtimeAIController] State: ActionExecution -> AIDecision
[AutoBattlerManager] Action: enemy_orc_archer -> Move to (10, 0, 17) (OK)
[COMBAT_LOG] {"ts":1770377613676,"event":"DECISION","unit":"enemy_orc_archer","action":"Move","target":"(10, 0, 2)","score":1.220963}
[RealtimeAIController] Orc Archer -> Move (#2) score:1.22
[CombatArena] ExecuteMovement: enemy_orc_archer -> (10, 0, 2)
[CombatArena] [STATE] AIDecision -> ActionExecution
[RealtimeAIController] State: AIDecision -> ActionExecution
[CombatArena] Orc Archer moved from (10, 0, 17) to (10, 0, 2), distance: 15.0
[CombatArena] [STATE] ActionExecution -> AIDecision
[RealtimeAIController] State: ActionExecution -> AIDecision
[AutoBattlerManager] Action: enemy_orc_archer -> Move to (10, 0, 2) (OK)
[COMBAT_LOG] {"ts":1770377613785,"event":"DECISION","unit":"enemy_orc_archer","action":"Dash","score":3.1897237}
[RealtimeAIController] Orc Archer -> Dash (#3) score:3.19
[AutoBattlerManager] Action: enemy_orc_archer -> Dash (OK)
[COMBAT_LOG] {"ts":1770377613895,"event":"DECISION","unit":"enemy_orc_archer","action":"Move","target":"(10, 0, 17)","score":1.287204}
[RealtimeAIController] Orc Archer -> Move (#4) score:1.29
[CombatArena] ExecuteMovement: enemy_orc_archer -> (10, 0, 17)
[CombatArena] [STATE] AIDecision -> ActionExecution
[RealtimeAIController] State: AIDecision -> ActionExecution
[CombatArena] Orc Archer moved from (10, 0, 2) to (10, 0, 17), distance: 15.0
[CombatArena] [STATE] ActionExecution -> AIDecision
[RealtimeAIController] State: ActionExecution -> AIDecision
[AutoBattlerManager] Action: enemy_orc_archer -> Move to (10, 0, 17) (OK)
[COMBAT_LOG] {"ts":1770377614005,"event":"DECISION","unit":"enemy_orc_archer","action":"Move","target":"(10, 0, 2)","score":1.2331847}
[RealtimeAIController] Orc Archer -> Move (#5) score:1.23
[CombatArena] ExecuteMovement: enemy_orc_archer -> (10, 0, 2)
[CombatArena] [STATE] AIDecision -> ActionExecution
[RealtimeAIController] State: AIDecision -> ActionExecution
[CombatArena] Orc Archer moved from (10, 0, 17) to (10, 0, 2), distance: 15.0
[CombatArena] [STATE] ActionExecution -> AIDecision
[RealtimeAIController] State: ActionExecution -> AIDecision
[AutoBattlerManager] Action: enemy_orc_archer -> Move to (10, 0, 2) (OK)
[COMBAT_LOG] {"ts":1770377614114,"event":"DECISION","unit":"enemy_orc_archer","action":"EndTurn","score":0.108138345}
[RealtimeAIController] Orc Archer -> EndTurn (#6) score:0.11
[RealtimeAIController] Calling EndCurrentTurn()
[CombatArena] [STATE] AIDecision -> TurnEnd
[RealtimeAIController] State: AIDecision -> TurnEnd
[CombatArena] [TURN] Round 2, Goblin Shaman
[CombatArena] [STATE] TurnEnd -> TurnStart
[RealtimeAIController] State: TurnEnd -> TurnStart
[CombatArena] [STATE] TurnStart -> AIDecision
[RealtimeAIController] State: TurnStart -> AIDecision
[CombatArena] Camera focusing on Goblin Shaman via hooks
[CombatArena] SelectCombatant called: enemy_shaman
[CombatArena] Selected: enemy_shaman
[CombatArena] Turn started: Goblin Shaman (AI)
[COMBAT_LOG] {"ts":1770377614121,"event":"TURN_START","turn":13,"round":2,"unit":"enemy_shaman","unit_name":"Goblin Shaman","faction":"Hostile","hp":28,"max_hp":28,"ap":"Action | Bonus | Reaction | Move:30/30","pos":[-5,0,-1]}
[RealtimeAIController] Turn started for Goblin Shaman
[COMBAT_LOG] {"ts":1770377614121,"event":"DECISION","unit":"enemy_shaman","action":"Move","target":"(-20, 0, -16)","score":1.3113955}
[RealtimeAIController] Goblin Shaman -> Move (#1) score:1.31
[CombatArena] ExecuteMovement: enemy_shaman -> (-20, 0, -16)
[CombatArena] [STATE] AIDecision -> ActionExecution
[RealtimeAIController] State: AIDecision -> ActionExecution
[CombatArena] Goblin Shaman moved from (-5, 0, -1) to (-20, 0, -16), distance: 21.2
[CombatArena] [STATE] ActionExecution -> AIDecision
[RealtimeAIController] State: ActionExecution -> AIDecision
[AutoBattlerManager] Action: enemy_shaman -> Move to (-20, 0, -16) (OK)
[COMBAT_LOG] {"ts":1770377614231,"event":"DECISION","unit":"enemy_shaman","action":"Move","target":"(-24.393398, 0, -11.606602)","score":1.2961099}
[RealtimeAIController] Goblin Shaman -> Move (#2) score:1.30
[CombatArena] ExecuteMovement: enemy_shaman -> (-24.393398, 0, -11.606602)
[CombatArena] [STATE] AIDecision -> ActionExecution
[RealtimeAIController] State: AIDecision -> ActionExecution
[CombatArena] Goblin Shaman moved from (-20, 0, -16) to (-24.393398, 0, -11.606602), distance: 6.2
[CombatArena] [STATE] ActionExecution -> AIDecision
[RealtimeAIController] State: ActionExecution -> AIDecision
[AutoBattlerManager] Action: enemy_shaman -> Move to (-24.393398, 0, -11.606602) (OK)
[COMBAT_LOG] {"ts":1770377614341,"event":"DECISION","unit":"enemy_shaman","action":"Dash","score":3.036827}
[RealtimeAIController] Goblin Shaman -> Dash (#3) score:3.04
[AutoBattlerManager] Action: enemy_shaman -> Dash (OK)
[COMBAT_LOG] {"ts":1770377614450,"event":"DECISION","unit":"enemy_shaman","action":"Move","target":"(8.180195, 0, -11.606602)","score":0.6529172}
[RealtimeAIController] Goblin Shaman -> Move (#4) score:0.65
[CombatArena] ExecuteMovement: enemy_shaman -> (8.180195, 0, -11.606602)
[CombatArena] [STATE] AIDecision -> ActionExecution
[RealtimeAIController] State: AIDecision -> ActionExecution
[CombatArena] Goblin Shaman moved from (-24.393398, 0, -11.606602) to (8.180195, 0, -11.606602), distance: 32.6
[CombatArena] [STATE] ActionExecution -> AIDecision
[RealtimeAIController] State: ActionExecution -> AIDecision
[AutoBattlerManager] Action: enemy_shaman -> Move to (8.180195, 0, -11.606602) (OK)
[COMBAT_LOG] {"ts":1770377614560,"event":"DECISION","unit":"enemy_shaman","action":"EndTurn","score":0.1011696}
[RealtimeAIController] Goblin Shaman -> EndTurn (#5) score:0.10
[RealtimeAIController] Calling EndCurrentTurn()
[CombatArena] [STATE] AIDecision -> TurnEnd
[RealtimeAIController] State: AIDecision -> TurnEnd
[CombatArena] [TURN] Round 2, Mage
[CombatArena] [STATE] TurnEnd -> TurnStart
[RealtimeAIController] State: TurnEnd -> TurnStart
[CombatArena] [STATE] TurnStart -> PlayerDecision
[RealtimeAIController] State: TurnStart -> PlayerDecision
[CombatArena] Camera focusing on Mage via hooks
[CombatArena] SelectCombatant called: player_mage
[CombatArena] Selected: player_mage
[CombatArena] Turn started: Mage (Player)
[COMBAT_LOG] {"ts":1770377614567,"event":"TURN_START","turn":14,"round":2,"unit":"player_mage","unit_name":"Mage","faction":"Player","hp":32,"max_hp":32,"ap":"Action | Bonus | Reaction | Move:30/30","pos":[12,0,-1]}
[RealtimeAIController] Turn started for Mage
[COMBAT_LOG] {"ts":1770377614567,"event":"DECISION","unit":"player_mage","action":"Move","target":"(-3, 0, -1)","score":1.2782191}
[RealtimeAIController] Mage -> Move (#1) score:1.28
[CombatArena] ExecuteMovement: player_mage -> (-3, 0, -1)
[CombatArena] [STATE] PlayerDecision -> ActionExecution
[RealtimeAIController] State: PlayerDecision -> ActionExecution
[CombatArena] Mage moved from (12, 0, -1) to (-3, 0, -1), distance: 15.0
[CombatArena] [STATE] ActionExecution -> PlayerDecision
[RealtimeAIController] State: ActionExecution -> PlayerDecision
[AutoBattlerManager] Action: player_mage -> Move to (-3, 0, -1) (OK)
[COMBAT_LOG] {"ts":1770377614677,"event":"DECISION","unit":"player_mage","action":"Move","target":"(4.5, 0, -8.5)","score":1.3091863}
[RealtimeAIController] Mage -> Move (#2) score:1.31
[CombatArena] ExecuteMovement: player_mage -> (4.5, 0, -8.5)
[CombatArena] [STATE] PlayerDecision -> ActionExecution
[RealtimeAIController] State: PlayerDecision -> ActionExecution
[CombatArena] Mage moved from (-3, 0, -1) to (4.5, 0, -8.5), distance: 10.6
[CombatArena] [STATE] ActionExecution -> PlayerDecision
[RealtimeAIController] State: ActionExecution -> PlayerDecision
[AutoBattlerManager] Action: player_mage -> Move to (4.5, 0, -8.5) (OK)
[COMBAT_LOG] {"ts":1770377614786,"event":"DECISION","unit":"player_mage","action":"Dash","score":3.2355165}
[RealtimeAIController] Mage -> Dash (#3) score:3.24
[AutoBattlerManager] Action: player_mage -> Dash (OK)
[COMBAT_LOG] {"ts":1770377614896,"event":"DECISION","unit":"player_mage","action":"Move","target":"(21.6967, 0, -8.5)","score":0.6554907}
[RealtimeAIController] Mage -> Move (#4) score:0.66
[CombatArena] ExecuteMovement: player_mage -> (21.6967, 0, -8.5)
[CombatArena] [STATE] PlayerDecision -> ActionExecution
[RealtimeAIController] State: PlayerDecision -> ActionExecution
[CombatArena] Mage moved from (4.5, 0, -8.5) to (21.6967, 0, -8.5), distance: 17.2
[CombatArena] [STATE] ActionExecution -> PlayerDecision
[RealtimeAIController] State: ActionExecution -> PlayerDecision
[AutoBattlerManager] Action: player_mage -> Move to (21.6967, 0, -8.5) (OK)
[COMBAT_LOG] {"ts":1770377615005,"event":"DECISION","unit":"player_mage","action":"Move","target":"(13.09835, 0, 0.09834957)","score":1.2378805}
[RealtimeAIController] Mage -> Move (#5) score:1.24
[CombatArena] ExecuteMovement: player_mage -> (13.09835, 0, 0.09834957)
[CombatArena] [STATE] PlayerDecision -> ActionExecution
[RealtimeAIController] State: PlayerDecision -> ActionExecution
[CombatArena] Mage moved from (21.6967, 0, -8.5) to (13.09835, 0, 0.09834957), distance: 12.2
[CombatArena] [STATE] ActionExecution -> PlayerDecision
[RealtimeAIController] State: ActionExecution -> PlayerDecision
[AutoBattlerManager] Action: player_mage -> Move to (13.09835, 0, 0.09834957) (OK)
[COMBAT_LOG] {"ts":1770377615115,"event":"DECISION","unit":"player_mage","action":"Move","target":"(8.061553, 0, 0.09834957)","score":1.31386}
[RealtimeAIController] Mage -> Move (#6) score:1.31
[CombatArena] ExecuteMovement: player_mage -> (8.061553, 0, 0.09834957)
[CombatArena] [STATE] PlayerDecision -> ActionExecution
[RealtimeAIController] State: PlayerDecision -> ActionExecution
[CombatArena] Mage moved from (13.09835, 0, 0.09834957) to (8.061553, 0, 0.09834957), distance: 5.0
[CombatArena] [STATE] ActionExecution -> PlayerDecision
[RealtimeAIController] State: ActionExecution -> PlayerDecision
[AutoBattlerManager] Action: player_mage -> Move to (8.061553, 0, 0.09834957) (OK)
[COMBAT_LOG] {"ts":1770377615225,"event":"DECISION","unit":"player_mage","action":"EndTurn","score":0.1016126}
[RealtimeAIController] Mage -> EndTurn (#7) score:0.10
[RealtimeAIController] Calling EndCurrentTurn()
[CombatArena] [STATE] PlayerDecision -> TurnEnd
[RealtimeAIController] State: PlayerDecision -> TurnEnd
[CombatArena] [TURN] Round 2, Orc Brute
[CombatArena] [STATE] TurnEnd -> TurnStart
[RealtimeAIController] State: TurnEnd -> TurnStart
[CombatArena] [STATE] TurnStart -> AIDecision
[RealtimeAIController] State: TurnStart -> AIDecision
[CombatArena] Camera focusing on Orc Brute via hooks
[CombatArena] SelectCombatant called: enemy_orc_brute
[CombatArena] Selected: enemy_orc_brute
[CombatArena] Turn started: Orc Brute (AI)
[COMBAT_LOG] {"ts":1770377615232,"event":"TURN_START","turn":15,"round":2,"unit":"enemy_orc_brute","unit_name":"Orc Brute","faction":"Hostile","hp":38,"max_hp":48,"ap":"Action | Bonus | Reaction | Move:30/30","pos":[0.5,0,-3.1066017]}
[RealtimeAIController] Turn started for Orc Brute
[COMBAT_LOG] {"ts":1770377615232,"event":"DECISION","unit":"enemy_orc_brute","action":"Attack","target":"player_mage","score":1.0607699}
[RealtimeAIController] Orc Brute -> Attack (#1) score:1.06
[CombatArena] ExecuteAbility: enemy_orc_brute -> basic_attack -> player_mage
[CombatArena] [STATE] AIDecision -> ActionExecution
[RealtimeAIController] State: AIDecision -> ActionExecution
[CombatArena] Orc Brute used basic_attack on Mage: damage:5
[CombatArena] ClearSelection called
[AutoBattlerManager] Action: enemy_orc_brute -> Attack:basic_attack->player_mage (OK)
[CombatArena] [STATE] ActionExecution -> AIDecision
[RealtimeAIController] State: ActionExecution -> AIDecision
[COMBAT_LOG] {"ts":1770377615836,"event":"DECISION","unit":"enemy_orc_brute","action":"Move","target":"(30.5, 0, -3.1066017)","score":0.6391233}
[RealtimeAIController] Orc Brute -> Move (#2) score:0.64
[CombatArena] ExecuteMovement: enemy_orc_brute -> (30.5, 0, -3.1066017)
[CombatArena] [STATE] AIDecision -> ActionExecution
[RealtimeAIController] State: AIDecision -> ActionExecution
[CombatArena] Orc Brute moved from (0.5, 0, -3.1066017) to (30.5, 0, -3.1066017), distance: 30.0
[CombatArena] [STATE] ActionExecution -> AIDecision
[RealtimeAIController] State: ActionExecution -> AIDecision
[AutoBattlerManager] Action: enemy_orc_brute -> Move to (30.5, 0, -3.1066017) (OK)
[COMBAT_LOG] {"ts":1770377615944,"event":"DECISION","unit":"enemy_orc_brute","action":"EndTurn","score":0.10152064}
[RealtimeAIController] Orc Brute -> EndTurn (#3) score:0.10
[RealtimeAIController] Calling EndCurrentTurn()
[CombatArena] [STATE] AIDecision -> TurnEnd
[RealtimeAIController] State: AIDecision -> TurnEnd
[CombatArena] [TURN] Round 2, Cleric
[CombatArena] [STATE] TurnEnd -> TurnStart
[RealtimeAIController] State: TurnEnd -> TurnStart
[CombatArena] [STATE] TurnStart -> PlayerDecision
[RealtimeAIController] State: TurnStart -> PlayerDecision
[CombatArena] Camera focusing on Cleric via hooks
[CombatArena] SelectCombatant called: player_cleric
[CombatArena] Selected: player_cleric
[CombatArena] Turn started: Cleric (Player)
[COMBAT_LOG] {"ts":1770377615951,"event":"TURN_START","turn":16,"round":2,"unit":"player_cleric","unit_name":"Cleric","faction":"Player","hp":39,"max_hp":44,"ap":"Action | Bonus | Reaction | Move:30/30","pos":[-20.926407,0,-14.893398]}
[RealtimeAIController] Turn started for Cleric
[COMBAT_LOG] {"ts":1770377615951,"event":"DECISION","unit":"player_cleric","action":"Move","target":"(9.073593, 0, -14.893398)","score":1.2356272}
[RealtimeAIController] Cleric -> Move (#1) score:1.24
[CombatArena] ExecuteMovement: player_cleric -> (9.073593, 0, -14.893398)
[CombatArena] [STATE] PlayerDecision -> ActionExecution
[RealtimeAIController] State: PlayerDecision -> ActionExecution
[CombatArena] Cleric moved from (-20.926407, 0, -14.893398) to (9.073593, 0, -14.893398), distance: 30.0
[CombatArena] [STATE] ActionExecution -> PlayerDecision
[RealtimeAIController] State: ActionExecution -> PlayerDecision
[AutoBattlerManager] Action: player_cleric -> Move to (9.073593, 0, -14.893398) (OK)
[COMBAT_LOG] {"ts":1770377616061,"event":"DECISION","unit":"player_cleric","action":"Dash","score":3.179392}
[RealtimeAIController] Cleric -> Dash (#2) score:3.18
[AutoBattlerManager] Action: player_cleric -> Dash (OK)
[COMBAT_LOG] {"ts":1770377616170,"event":"DECISION","unit":"player_cleric","action":"Move","target":"(9.073593, 0, 15.106602)","score":1.3172123}
[RealtimeAIController] Cleric -> Move (#3) score:1.32
[CombatArena] ExecuteMovement: player_cleric -> (9.073593, 0, 15.106602)
[CombatArena] [STATE] PlayerDecision -> ActionExecution
[RealtimeAIController] State: PlayerDecision -> ActionExecution
[CombatArena] Cleric moved from (9.073593, 0, -14.893398) to (9.073593, 0, 15.106602), distance: 30.0
[CombatArena] [STATE] ActionExecution -> PlayerDecision
[RealtimeAIController] State: ActionExecution -> PlayerDecision
[AutoBattlerManager] Action: player_cleric -> Move to (9.073593, 0, 15.106602) (OK)
[COMBAT_LOG] {"ts":1770377616280,"event":"DECISION","unit":"player_cleric","action":"EndTurn","score":0.100649424}
[RealtimeAIController] Cleric -> EndTurn (#4) score:0.10
[RealtimeAIController] Calling EndCurrentTurn()
[CombatArena] [STATE] PlayerDecision -> TurnEnd
[RealtimeAIController] State: PlayerDecision -> TurnEnd
[CombatArena] [TURN] Round 3, Rogue
[CombatArena] [STATE] TurnEnd -> RoundEnd
[RealtimeAIController] State: TurnEnd -> RoundEnd
[CombatArena] [STATE] RoundEnd -> TurnStart
[RealtimeAIController] State: RoundEnd -> TurnStart
[CombatArena] Round 3: Reset reactions for all combatants
[CombatArena] [STATE] TurnStart -> PlayerDecision
[RealtimeAIController] State: TurnStart -> PlayerDecision
[CombatArena] Camera focusing on Rogue via hooks
[CombatArena] SelectCombatant called: player_rogue
[CombatArena] Selected: player_rogue
[CombatArena] Turn started: Rogue (Player)
[COMBAT_LOG] {"ts":1770377616287,"event":"TURN_START","turn":17,"round":3,"unit":"player_rogue","unit_name":"Rogue","faction":"Player","hp":26,"max_hp":36,"ap":"Action | Bonus | Reaction | Move:30/30","pos":[11.225582,0,16.012379]}
[RealtimeAIController] Turn started for Rogue
[COMBAT_LOG] {"ts":1770377616287,"event":"DECISION","unit":"player_rogue","action":"Move","target":"(11.225582, 0, -13.987621)","score":1.270858}
[RealtimeAIController] Rogue -> Move (#1) score:1.27
[CombatArena] ExecuteMovement: player_rogue -> (11.225582, 0, -13.987621)
[CombatArena] [STATE] PlayerDecision -> ActionExecution
[RealtimeAIController] State: PlayerDecision -> ActionExecution
[CombatArena] Rogue moved from (11.225582, 0, 16.012379) to (11.225582, 0, -13.987621), distance: 30.0
[CombatArena] [STATE] ActionExecution -> PlayerDecision
[RealtimeAIController] State: ActionExecution -> PlayerDecision
[AutoBattlerManager] Action: player_rogue -> Move to (11.225582, 0, -13.987621) (OK)
[COMBAT_LOG] {"ts":1770377616397,"event":"DECISION","unit":"player_rogue","action":"Dash","score":3.2120934}
[RealtimeAIController] Rogue -> Dash (#2) score:3.21
[AutoBattlerManager] Action: player_rogue -> Dash (OK)
[COMBAT_LOG] {"ts":1770377616506,"event":"DECISION","unit":"player_rogue","action":"Move","target":"(11.225582, 0, 16.012379)","score":1.3115233}
[RealtimeAIController] Rogue -> Move (#3) score:1.31
[CombatArena] ExecuteMovement: player_rogue -> (11.225582, 0, 16.012379)
[CombatArena] [STATE] PlayerDecision -> ActionExecution
[RealtimeAIController] State: PlayerDecision -> ActionExecution
[CombatArena] Rogue moved from (11.225582, 0, -13.987621) to (11.225582, 0, 16.012379), distance: 30.0
[CombatArena] [STATE] ActionExecution -> PlayerDecision
[RealtimeAIController] State: ActionExecution -> PlayerDecision
[AutoBattlerManager] Action: player_rogue -> Move to (11.225582, 0, 16.012379) (OK)
[COMBAT_LOG] {"ts":1770377616616,"event":"DECISION","unit":"player_rogue","action":"EndTurn","score":0.103609644}
[RealtimeAIController] Rogue -> EndTurn (#4) score:0.10
[RealtimeAIController] Calling EndCurrentTurn()
[CombatArena] [STATE] PlayerDecision -> TurnEnd
[RealtimeAIController] State: PlayerDecision -> TurnEnd
[CombatArena] [TURN] Round 3, Goblin Skirmisher
[CombatArena] [STATE] TurnEnd -> TurnStart
[RealtimeAIController] State: TurnEnd -> TurnStart
[CombatArena] [STATE] TurnStart -> AIDecision
[RealtimeAIController] State: TurnStart -> AIDecision
[CombatArena] Camera focusing on Goblin Skirmisher via hooks
[CombatArena] SelectCombatant called: enemy_goblin
[CombatArena] Selected: enemy_goblin
[CombatArena] Turn started: Goblin Skirmisher (AI)
[COMBAT_LOG] {"ts":1770377616623,"event":"TURN_START","turn":18,"round":3,"unit":"enemy_goblin","unit_name":"Goblin Skirmisher","faction":"Hostile","hp":16,"max_hp":22,"ap":"Action | Bonus | Reaction | Move:30/30","pos":[8.286797,0,18]}
[RealtimeAIController] Turn started for Goblin Skirmisher
[COMBAT_LOG] {"ts":1770377616623,"event":"DECISION","unit":"enemy_goblin","action":"Move","target":"(8.286797, 0, 3)","score":1.2609745}
[RealtimeAIController] Goblin Skirmisher -> Move (#1) score:1.26
[CombatArena] ExecuteMovement: enemy_goblin -> (8.286797, 0, 3)
[CombatArena] [STATE] AIDecision -> ActionExecution
[RealtimeAIController] State: AIDecision -> ActionExecution
[CombatArena] Goblin Skirmisher moved from (8.286797, 0, 18) to (8.286797, 0, 3), distance: 15.0
[CombatArena] [STATE] ActionExecution -> AIDecision
[RealtimeAIController] State: ActionExecution -> AIDecision
[AutoBattlerManager] Action: enemy_goblin -> Move to (8.286797, 0, 3) (OK)
[COMBAT_LOG] {"ts":1770377616733,"event":"DECISION","unit":"enemy_goblin","action":"Move","target":"(8.286797, 0, 18)","score":1.2520791}
[RealtimeAIController] Goblin Skirmisher -> Move (#2) score:1.25
[CombatArena] ExecuteMovement: enemy_goblin -> (8.286797, 0, 18)
[CombatArena] [STATE] AIDecision -> ActionExecution
[RealtimeAIController] State: AIDecision -> ActionExecution
[CombatArena] Goblin Skirmisher moved from (8.286797, 0, 3) to (8.286797, 0, 18), distance: 15.0
[CombatArena] [STATE] ActionExecution -> AIDecision
[RealtimeAIController] State: ActionExecution -> AIDecision
[AutoBattlerManager] Action: enemy_goblin -> Move to (8.286797, 0, 18) (OK)
[COMBAT_LOG] {"ts":1770377616842,"event":"DECISION","unit":"enemy_goblin","action":"Dash","score":3.1796017}
[RealtimeAIController] Goblin Skirmisher -> Dash (#3) score:3.18
[AutoBattlerManager] Action: enemy_goblin -> Dash (OK)
[COMBAT_LOG] {"ts":1770377616952,"event":"DECISION","unit":"enemy_goblin","action":"Move","target":"(8.286797, 0, 3)","score":1.2647868}
[RealtimeAIController] Goblin Skirmisher -> Move (#4) score:1.26
[CombatArena] ExecuteMovement: enemy_goblin -> (8.286797, 0, 3)
[CombatArena] [STATE] AIDecision -> ActionExecution
[RealtimeAIController] State: AIDecision -> ActionExecution
[CombatArena] Goblin Skirmisher moved from (8.286797, 0, 18) to (8.286797, 0, 3), distance: 15.0
[CombatArena] [STATE] ActionExecution -> AIDecision
[RealtimeAIController] State: ActionExecution -> AIDecision
[AutoBattlerManager] Action: enemy_goblin -> Move to (8.286797, 0, 3) (OK)
[COMBAT_LOG] {"ts":1770377617062,"event":"DECISION","unit":"enemy_goblin","action":"Move","target":"(8.286797, 0, 10.5)","score":1.3054943}
[RealtimeAIController] Goblin Skirmisher -> Move (#5) score:1.31
[CombatArena] ExecuteMovement: enemy_goblin -> (8.286797, 0, 10.5)
[CombatArena] [STATE] AIDecision -> ActionExecution
[RealtimeAIController] State: AIDecision -> ActionExecution
[CombatArena] Goblin Skirmisher moved from (8.286797, 0, 3) to (8.286797, 0, 10.5), distance: 7.5
[CombatArena] [STATE] ActionExecution -> AIDecision
[RealtimeAIController] State: ActionExecution -> AIDecision
[AutoBattlerManager] Action: enemy_goblin -> Move to (8.286797, 0, 10.5) (OK)
[COMBAT_LOG] {"ts":1770377617171,"event":"DECISION","unit":"enemy_goblin","action":"Move","target":"(8.286797, 0, 18)","score":1.2904025}
[RealtimeAIController] Goblin Skirmisher -> Move (#6) score:1.29
[CombatArena] ExecuteMovement: enemy_goblin -> (8.286797, 0, 18)
[CombatArena] [STATE] AIDecision -> ActionExecution
[RealtimeAIController] State: AIDecision -> ActionExecution
[CombatArena] Goblin Skirmisher moved from (8.286797, 0, 10.5) to (8.286797, 0, 18), distance: 7.5
[CombatArena] [STATE] ActionExecution -> AIDecision
[RealtimeAIController] State: ActionExecution -> AIDecision
[AutoBattlerManager] Action: enemy_goblin -> Move to (8.286797, 0, 18) (OK)
[COMBAT_LOG] {"ts":1770377617281,"event":"DECISION","unit":"enemy_goblin","action":"EndTurn","score":0.10316546}
[RealtimeAIController] Goblin Skirmisher -> EndTurn (#7) score:0.10
[RealtimeAIController] Calling EndCurrentTurn()
[CombatArena] [STATE] AIDecision -> TurnEnd
[RealtimeAIController] State: AIDecision -> TurnEnd
[CombatArena] [TURN] Round 3, Fighter
[CombatArena] [STATE] TurnEnd -> TurnStart
[RealtimeAIController] State: TurnEnd -> TurnStart
[CombatArena] [STATE] TurnStart -> PlayerDecision
[RealtimeAIController] State: TurnStart -> PlayerDecision
[CombatArena] Camera focusing on Fighter via hooks
[CombatArena] SelectCombatant called: player_fighter
[CombatArena] Selected: player_fighter
[CombatArena] Turn started: Fighter (Player)
[COMBAT_LOG] {"ts":1770377617288,"event":"TURN_START","turn":19,"round":3,"unit":"player_fighter","unit_name":"Fighter","faction":"Player","hp":52,"max_hp":52,"ap":"Action | Bonus | Reaction | Move:30/30","pos":[3.8166265,0,-2.0910454]}
[RealtimeAIController] Turn started for Fighter
[COMBAT_LOG] {"ts":1770377617288,"event":"DECISION","unit":"player_fighter","action":"Move","target":"(33.816628, 0, -2.0910454)","score":1.2082666}
[RealtimeAIController] Fighter -> Move (#1) score:1.21
[CombatArena] ExecuteMovement: player_fighter -> (33.816628, 0, -2.0910454)
[CombatArena] [STATE] PlayerDecision -> ActionExecution
[RealtimeAIController] State: PlayerDecision -> ActionExecution
[CombatArena] Fighter moved from (3.8166265, 0, -2.0910454) to (33.816628, 0, -2.0910454), distance: 30.0
[CombatArena] [STATE] ActionExecution -> PlayerDecision
[RealtimeAIController] State: ActionExecution -> PlayerDecision
[AutoBattlerManager] Action: player_fighter -> Move to (33.816628, 0, -2.0910454) (OK)
[COMBAT_LOG] {"ts":1770377617398,"event":"DECISION","unit":"player_fighter","action":"Dash","score":3.233467}
[RealtimeAIController] Fighter -> Dash (#2) score:3.23
[AutoBattlerManager] Action: player_fighter -> Dash (OK)
[COMBAT_LOG] {"ts":1770377617507,"event":"DECISION","unit":"player_fighter","action":"Move","target":"(48.816628, 0, -2.0910454)","score":0.6588028}
[RealtimeAIController] Fighter -> Move (#3) score:0.66
[CombatArena] ExecuteMovement: player_fighter -> (48.816628, 0, -2.0910454)
[CombatArena] [STATE] PlayerDecision -> ActionExecution
[RealtimeAIController] State: PlayerDecision -> ActionExecution
[CombatArena] Fighter moved from (33.816628, 0, -2.0910454) to (48.816628, 0, -2.0910454), distance: 15.0
[CombatArena] [STATE] ActionExecution -> PlayerDecision
[RealtimeAIController] State: ActionExecution -> PlayerDecision
[AutoBattlerManager] Action: player_fighter -> Move to (48.816628, 0, -2.0910454) (OK)
[COMBAT_LOG] {"ts":1770377617617,"event":"DECISION","unit":"player_fighter","action":"Move","target":"(33.816628, 0, -2.0910454)","score":1.2526284}
[RealtimeAIController] Fighter -> Move (#4) score:1.25
[CombatArena] ExecuteMovement: player_fighter -> (33.816628, 0, -2.0910454)
[CombatArena] [STATE] PlayerDecision -> ActionExecution
[RealtimeAIController] State: PlayerDecision -> ActionExecution
[CombatArena] Fighter moved from (48.816628, 0, -2.0910454) to (33.816628, 0, -2.0910454), distance: 15.0
[CombatArena] [STATE] ActionExecution -> PlayerDecision
[RealtimeAIController] State: ActionExecution -> PlayerDecision
[AutoBattlerManager] Action: player_fighter -> Move to (33.816628, 0, -2.0910454) (OK)
[COMBAT_LOG] {"ts":1770377617727,"event":"DECISION","unit":"player_fighter","action":"EndTurn","score":0.10529153}
[RealtimeAIController] Fighter -> EndTurn (#5) score:0.11
[RealtimeAIController] Calling EndCurrentTurn()
[CombatArena] [STATE] PlayerDecision -> TurnEnd
[RealtimeAIController] State: PlayerDecision -> TurnEnd
[CombatArena] [TURN] Round 3, Orc Archer
[CombatArena] [STATE] TurnEnd -> TurnStart
[RealtimeAIController] State: TurnEnd -> TurnStart
[CombatArena] [STATE] TurnStart -> AIDecision
[RealtimeAIController] State: TurnStart -> AIDecision
[CombatArena] Camera focusing on Orc Archer via hooks
[CombatArena] SelectCombatant called: enemy_orc_archer
[CombatArena] Selected: enemy_orc_archer
[CombatArena] Turn started: Orc Archer (AI)
[COMBAT_LOG] {"ts":1770377617733,"event":"TURN_START","turn":20,"round":3,"unit":"enemy_orc_archer","unit_name":"Orc Archer","faction":"Hostile","hp":30,"max_hp":30,"ap":"Action | Bonus | Reaction | Move:30/30","pos":[10,0,2]}
[AutoBattlerManager] Turn limit reached (20)
[AutoBattleWatchdog] Monitoring STOPPED
[RealtimeAIController] Processing DISABLED
[COMBAT_LOG] {"ts":1770377617737,"event":"BATTLE_END","winner":"Draw (timeout)","total_turns":20,"total_rounds":3,"duration_ms":13807}

â•”â•â•â•â•â•â•â•â•â•â•â•â•â•â•â•â•â•â•â•â•â•â•â•â•â•â•â•â•â•â•â•â•â•â•â•â•â•â•â•â•â•â•â•â•â•â•â•â•â•â•â•â•—
â•‘             AUTO-BATTLE RESULTS                   â•‘
â•šâ•â•â•â•â•â•â•â•â•â•â•â•â•â•â•â•â•â•â•â•â•â•â•â•â•â•â•â•â•â•â•â•â•â•â•â•â•â•â•â•â•â•â•â•â•â•â•â•â•â•â•â•

  Winner:       Draw (timeout)
  Total Turns:  20
  Total Rounds: 3
  Duration:     13807ms
  Completed:    False
  End Reason:   max_turns_exceeded
  Seed:         2008

  Surviving Units:
    - Fighter (player_fighter) HP:52/52
    - Mage (player_mage) HP:27/32
    - Cleric (player_cleric) HP:39/44
    - Rogue (player_rogue) HP:26/36
    - Orc Brute (enemy_orc_brute) HP:38/48
    - Orc Archer (enemy_orc_archer) HP:30/30
    - Goblin Skirmisher (enemy_goblin) HP:16/22
    - Goblin Shaman (enemy_shaman) HP:28/28

AUTO-BATTLE: FAILED (max_turns_exceeded)
[RealtimeAIController] Turn started for Orc Archer
[RealtimeAIController] Orc Archer -> Move (#1) score:1.26
[CombatArena] ExecuteMovement: enemy_orc_archer -> (10, 0, 17)
[CombatArena] [STATE] AIDecision -> ActionExecution
[RealtimeAIController] State: AIDecision -> ActionExecution
[CombatArena] Orc Archer moved from (10, 0, 2) to (10, 0, 17), distance: 15.0
[CombatArena] [STATE] ActionExecution -> AIDecision
[RealtimeAIController] State: ActionExecution -> AIDecision
[AutoBattlerManager] Action: enemy_orc_archer -> Move to (10, 0, 17) (OK)
