[0;32m[INFO][0m Using Godot: godot
[0;32m[INFO][0m Project dir: /home/martin/repos/qdnd
[0;32m[INFO][0m Running auto-battle...
[0;36mâ•â•â•â•â•â•â•â•â•â•â•â•â•â•â•â•â•â•â•â•â•â•â•â•â•â•â•â•â•â•â•â•â•â•â•â•â•â•â•â•â•â•â•â•â•â•â•â•â•â•â•[0m
Godot Engine v4.6.stable.mono.official.89cea1439 - https://godotengine.org

[CLIEntryPoint] Raw args: res://Tools/CLIRunner.tscn
[CLIEntryPoint] User args: --run-autobattle --seed 2005 --freeze-timeout 10 --loop-threshold 20 --max-turns 20 --log-file artifacts/autobattle/stress3/seed_2005.jsonl
[CLIEntryPoint] Parsed args: run-autobattle=true, seed=2005, freeze-timeout=10, loop-threshold=20, max-turns=20, log-file=artifacts/autobattle/stress3/seed_2005.jsonl
[CLIEntryPoint] Checking modes: run-tests=False, run-simulation=False, run-autobattle=True
=== IN-ENGINE AUTO-BATTLE RUN ===
Timestamp: 2026-02-06T11:32:22.9662449Z
NOTE: Running the REAL CombatArena.tscn scene with AI control.

Seed: 2005
Scenario: res://Data/Scenarios/autobattle_4v4.json
Log file: artifacts/autobattle/stress3/seed_2005.jsonl
Max rounds: 100
Max turns: 20
Watchdog freeze timeout: 10s
Watchdog loop threshold: 20

[AutoBattlerManager] === STARTING IN-ENGINE AUTO-BATTLE ===
[AutoBattlerManager] Seed: 2005
[AutoBattlerManager] Scenario: res://Data/Scenarios/autobattle_4v4.json
[AutoBattlerManager] Loading scene: res://Combat/Arena/CombatArena.tscn
[CombatArena] === COMBAT ARENA INITIALIZING ===
[CombatArena] Ground collision plane created (100x100m at Y=0)
[CombatArena] CombatContext created
[CombatContext] Registered service: CombatStateMachine
[CombatContext] Registered service: TurnQueueService
[CombatContext] Registered service: CommandService
[CombatContext] Registered service: CombatLog
[CombatContext] Registered service: ScenarioLoader
[Registry] Loaded from /home/martin/repos/qdnd/Data:
  - 7 abilities
  - 6 statuses
  - 20 scenarios
[INFO] [Registry] Dependencies: Checked 7 abilities, 6 statuses, 20 scenarios
[Registry] Validation complete: 0 errors, 0 warnings
[CombatContext] Registered service: DataRegistry
[CombatContext] Registered service: RulesEngine
[CombatContext] Registered service: StatusManager
[CombatContext] Registered service: EffectPipeline
[CombatContext] Registered service: TargetValidator
[CombatContext] Registered service: ReactionSystem
[CombatContext] Registered service: LOSService
[CombatContext] Registered service: HeightService
[CombatContext] Registered service: AIDecisionPipeline
[CombatContext] Registered service: MovementService
[CombatContext] Registered service: SurfaceManager
[CombatContext] Registered service: PresentationRequestBus
[CombatContext] Registered service: CameraStateHooks
[CombatArena] UI Models initialized
[CombatArena] Services registered: 18
[CombatArena] Loaded scenario: 8 combatants
[CombatArena] Loaded scenario from: res://Data/Scenarios/autobattle_4v4.json
[CombatArena] Registered default abilities: basic_attack, ranged_attack, power_strike
[CombatArena] Instantiating visual from scene for Fighter
[CombatantVisual] CollisionShape3D found for Fighter
[CombatantVisual] Fighter initialized - Layer: 2, Mask: 0, Pickable: True, HasShape: True
[CombatArena] Spawned visual for Fighter at (0, 0, 0), Layer: 2, InTree: True
[CombatArena] Instantiating visual from scene for Mage
[CombatantVisual] CollisionShape3D found for Mage
[CombatantVisual] Mage initialized - Layer: 2, Mask: 0, Pickable: True, HasShape: True
[CombatArena] Spawned visual for Mage at (-3, 0, -1), Layer: 2, InTree: True
[CombatArena] Instantiating visual from scene for Cleric
[CombatantVisual] CollisionShape3D found for Cleric
[CombatantVisual] Cleric initialized - Layer: 2, Mask: 0, Pickable: True, HasShape: True
[CombatArena] Spawned visual for Cleric at (-1, 0, -3), Layer: 2, InTree: True
[CombatArena] Instantiating visual from scene for Rogue
[CombatantVisual] CollisionShape3D found for Rogue
[CombatantVisual] Rogue initialized - Layer: 2, Mask: 0, Pickable: True, HasShape: True
[CombatArena] Spawned visual for Rogue at (2, 0, -2), Layer: 2, InTree: True
[CombatArena] Instantiating visual from scene for Orc Brute
[CombatantVisual] CollisionShape3D found for Orc Brute
[CombatantVisual] Orc Brute initialized - Layer: 2, Mask: 0, Pickable: True, HasShape: True
[CombatArena] Spawned visual for Orc Brute at (8, 0, 0), Layer: 2, InTree: True
[CombatArena] Instantiating visual from scene for Orc Archer
[CombatantVisual] CollisionShape3D found for Orc Archer
[CombatantVisual] Orc Archer initialized - Layer: 2, Mask: 0, Pickable: True, HasShape: True
[CombatArena] Spawned visual for Orc Archer at (10, 0, 2), Layer: 2, InTree: True
[CombatArena] Instantiating visual from scene for Goblin Skirmisher
[CombatantVisual] CollisionShape3D found for Goblin Skirmisher
[CombatantVisual] Goblin Skirmisher initialized - Layer: 2, Mask: 0, Pickable: True, HasShape: True
[CombatArena] Spawned visual for Goblin Skirmisher at (7, 0, 3), Layer: 2, InTree: True
[CombatArena] Instantiating visual from scene for Goblin Shaman
[CombatantVisual] CollisionShape3D found for Goblin Shaman
[CombatantVisual] Goblin Shaman initialized - Layer: 2, Mask: 0, Pickable: True, HasShape: True
[CombatArena] Spawned visual for Goblin Shaman at (10, 0, -1), Layer: 2, InTree: True
[CombatArena] [STATE] NotInCombat -> CombatStart
[CombatArena] [TURN] Round 1, Rogue
[CombatArena] [STATE] CombatStart -> TurnStart
[CombatArena] Round 1: Reset reactions for all combatants
[CombatArena] [STATE] TurnStart -> PlayerDecision
[CombatArena] Camera focusing on Rogue via hooks
[CombatArena] SelectCombatant called: player_rogue
[CombatArena] Selected: player_rogue
[CombatArena] Turn started: Rogue (Player)
[CombatArena] === COMBAT ARENA READY ===
[AutoBattlerManager] CombatArena added to scene tree
[AutoBattleWatchdog] Ready
[AutoBattlerManager] Watchdog created
[RealtimeAIController] Ready
[AutoBattlerManager] RealtimeAIController created
[AutoBattleWatchdog] Monitoring STARTED (freeze: 10s, loop: 20 in 1s)
[AutoBattlerManager] Scene loaded, waiting for combat to start...
[AutoBattlerManager] Arena ready, attaching AI controller...
[RealtimeAIController] Subscribed to state machine
[RealtimeAIController] Attached to CombatArena
[COMBAT_LOG] {"ts":1770377543625,"event":"BATTLE_START","seed":2005,"units":[{"id":"player_fighter","name":"Fighter","faction":"Player","hp":52,"max_hp":52,"pos":[0,0,0],"alive":true},{"id":"player_mage","name":"Mage","faction":"Player","hp":32,"max_hp":32,"pos":[-3,0,-1],"alive":true},{"id":"player_cleric","name":"Cleric","faction":"Player","hp":44,"max_hp":44,"pos":[-1,0,-3],"alive":true},{"id":"player_rogue","name":"Rogue","faction":"Player","hp":36,"max_hp":36,"pos":[2,0,-2],"alive":true},{"id":"enemy_orc_brute","name":"Orc Brute","faction":"Hostile","hp":48,"max_hp":48,"pos":[8,0,0],"alive":true},{"id":"enemy_orc_archer","name":"Orc Archer","faction":"Hostile","hp":30,"max_hp":30,"pos":[10,0,2],"alive":true},{"id":"enemy_goblin","name":"Goblin Skirmisher","faction":"Hostile","hp":22,"max_hp":22,"pos":[7,0,3],"alive":true},{"id":"enemy_shaman","name":"Goblin Shaman","faction":"Hostile","hp":28,"max_hp":28,"pos":[10,0,-1],"alive":true}]}
[AutoBattlerManager] Enabling AI processing...
[RealtimeAIController] Processing ENABLED
[COMBAT_LOG] {"ts":1770377543971,"event":"TURN_START","turn":1,"round":1,"unit":"player_rogue","unit_name":"Rogue","faction":"Player","hp":36,"max_hp":36,"ap":"Action | Bonus | Reaction | Move:30/30","pos":[2,0,-2]}
[RealtimeAIController] Turn started for Rogue
[COMBAT_LOG] {"ts":1770377544009,"event":"DECISION","unit":"player_rogue","action":"Attack","target":"enemy_orc_archer","score":0.70398486}
[RealtimeAIController] Rogue -> Attack (#1) score:0.70
[CombatArena] ExecuteAbility: player_rogue -> basic_attack -> enemy_orc_archer
[CombatArena] [STATE] PlayerDecision -> ActionExecution
[RealtimeAIController] State: PlayerDecision -> ActionExecution
[CombatArena] Rogue used basic_attack on Orc Archer: damage:6
[CombatArena] ClearSelection called
[AutoBattlerManager] Action: player_rogue -> Attack:basic_attack->enemy_orc_archer (OK)
[CombatArena] [STATE] ActionExecution -> PlayerDecision
[RealtimeAIController] State: ActionExecution -> PlayerDecision
[COMBAT_LOG] {"ts":1770377544562,"event":"DECISION","unit":"player_rogue","action":"Move","target":"(2, 0, 28)","score":0.6589901}
[RealtimeAIController] Rogue -> Move (#2) score:0.66
[CombatArena] ExecuteMovement: player_rogue -> (2, 0, 28)
[CombatArena] [STATE] PlayerDecision -> ActionExecution
[RealtimeAIController] State: PlayerDecision -> ActionExecution
[CombatArena] Rogue moved from (2, 0, -2) to (2, 0, 28), distance: 30.0
[CombatArena] [STATE] ActionExecution -> PlayerDecision
[RealtimeAIController] State: ActionExecution -> PlayerDecision
[AutoBattlerManager] Action: player_rogue -> Move to (2, 0, 28) (OK)
[COMBAT_LOG] {"ts":1770377544671,"event":"DECISION","unit":"player_rogue","action":"EndTurn","score":0.10766196}
[RealtimeAIController] Rogue -> EndTurn (#3) score:0.11
[RealtimeAIController] Calling EndCurrentTurn()
[CombatArena] [STATE] PlayerDecision -> TurnEnd
[RealtimeAIController] State: PlayerDecision -> TurnEnd
[CombatArena] [TURN] Round 1, Goblin Skirmisher
[CombatArena] [STATE] TurnEnd -> TurnStart
[RealtimeAIController] State: TurnEnd -> TurnStart
[CombatArena] [STATE] TurnStart -> AIDecision
[RealtimeAIController] State: TurnStart -> AIDecision
[CombatArena] Camera focusing on Goblin Skirmisher via hooks
[CombatArena] SelectCombatant called: enemy_goblin
[CombatArena] Selected: enemy_goblin
[CombatArena] Turn started: Goblin Skirmisher (AI)
[COMBAT_LOG] {"ts":1770377544678,"event":"TURN_START","turn":2,"round":1,"unit":"enemy_goblin","unit_name":"Goblin Skirmisher","faction":"Hostile","hp":22,"max_hp":22,"ap":"Action | Bonus | Reaction | Move:30/30","pos":[7,0,3]}
[RealtimeAIController] Turn started for Goblin Skirmisher
[COMBAT_LOG] {"ts":1770377544678,"event":"DECISION","unit":"enemy_goblin","action":"Attack","target":"player_rogue","score":1.058876}
[RealtimeAIController] Goblin Skirmisher -> Attack (#1) score:1.06
[CombatArena] ExecuteAbility: enemy_goblin -> basic_attack -> player_rogue
[CombatArena] [STATE] AIDecision -> ActionExecution
[RealtimeAIController] State: AIDecision -> ActionExecution
[CombatArena] Goblin Skirmisher used basic_attack on Rogue: damage:10
[CombatArena] ClearSelection called
[AutoBattlerManager] Action: enemy_goblin -> Attack:basic_attack->player_rogue (OK)
[CombatArena] [STATE] ActionExecution -> AIDecision
[RealtimeAIController] State: ActionExecution -> AIDecision
[COMBAT_LOG] {"ts":1770377545276,"event":"DECISION","unit":"enemy_goblin","action":"Move","target":"(22, 0, 3)","score":0.65431505}
[RealtimeAIController] Goblin Skirmisher -> Move (#2) score:0.65
[CombatArena] ExecuteMovement: enemy_goblin -> (22, 0, 3)
[CombatArena] [STATE] AIDecision -> ActionExecution
[RealtimeAIController] State: AIDecision -> ActionExecution
[CombatArena] Goblin Skirmisher moved from (7, 0, 3) to (22, 0, 3), distance: 15.0
[CombatArena] [STATE] ActionExecution -> AIDecision
[RealtimeAIController] State: ActionExecution -> AIDecision
[AutoBattlerManager] Action: enemy_goblin -> Move to (22, 0, 3) (OK)
[COMBAT_LOG] {"ts":1770377545385,"event":"DECISION","unit":"enemy_goblin","action":"Move","target":"(29.5, 0, 3)","score":0.6540899}
[RealtimeAIController] Goblin Skirmisher -> Move (#3) score:0.65
[CombatArena] ExecuteMovement: enemy_goblin -> (29.5, 0, 3)
[CombatArena] [STATE] AIDecision -> ActionExecution
[RealtimeAIController] State: AIDecision -> ActionExecution
[CombatArena] Goblin Skirmisher moved from (22, 0, 3) to (29.5, 0, 3), distance: 7.5
[CombatArena] [STATE] ActionExecution -> AIDecision
[RealtimeAIController] State: ActionExecution -> AIDecision
[AutoBattlerManager] Action: enemy_goblin -> Move to (29.5, 0, 3) (OK)
[COMBAT_LOG] {"ts":1770377545495,"event":"DECISION","unit":"enemy_goblin","action":"Move","target":"(22, 0, 3)","score":0.6536403}
[RealtimeAIController] Goblin Skirmisher -> Move (#4) score:0.65
[CombatArena] ExecuteMovement: enemy_goblin -> (22, 0, 3)
[CombatArena] [STATE] AIDecision -> ActionExecution
[RealtimeAIController] State: AIDecision -> ActionExecution
[CombatArena] Goblin Skirmisher moved from (29.5, 0, 3) to (22, 0, 3), distance: 7.5
[CombatArena] [STATE] ActionExecution -> AIDecision
[RealtimeAIController] State: ActionExecution -> AIDecision
[AutoBattlerManager] Action: enemy_goblin -> Move to (22, 0, 3) (OK)
[COMBAT_LOG] {"ts":1770377545605,"event":"DECISION","unit":"enemy_goblin","action":"EndTurn","score":0.10280496}
[RealtimeAIController] Goblin Skirmisher -> EndTurn (#5) score:0.10
[RealtimeAIController] Calling EndCurrentTurn()
[CombatArena] [STATE] AIDecision -> TurnEnd
[RealtimeAIController] State: AIDecision -> TurnEnd
[CombatArena] [TURN] Round 1, Fighter
[CombatArena] [STATE] TurnEnd -> TurnStart
[RealtimeAIController] State: TurnEnd -> TurnStart
[CombatArena] [STATE] TurnStart -> PlayerDecision
[RealtimeAIController] State: TurnStart -> PlayerDecision
[CombatArena] Camera focusing on Fighter via hooks
[CombatArena] SelectCombatant called: player_fighter
[CombatArena] Selected: player_fighter
[CombatArena] Turn started: Fighter (Player)
[COMBAT_LOG] {"ts":1770377545612,"event":"TURN_START","turn":3,"round":1,"unit":"player_fighter","unit_name":"Fighter","faction":"Player","hp":52,"max_hp":52,"ap":"Action | Bonus | Reaction | Move:30/30","pos":[0,0,0]}
[RealtimeAIController] Turn started for Fighter
[COMBAT_LOG] {"ts":1770377545612,"event":"DECISION","unit":"player_fighter","action":"Attack","target":"enemy_orc_archer","score":0.69622236}
[RealtimeAIController] Fighter -> Attack (#1) score:0.70
[CombatArena] ExecuteAbility: player_fighter -> basic_attack -> enemy_orc_archer
[CombatArena] [STATE] PlayerDecision -> ActionExecution
[RealtimeAIController] State: PlayerDecision -> ActionExecution
[CombatArena] Fighter used basic_attack on Orc Archer: damage:5
[CombatArena] ClearSelection called
[AutoBattlerManager] Action: player_fighter -> Attack:basic_attack->enemy_orc_archer (OK)
[CombatArena] [STATE] ActionExecution -> PlayerDecision
[RealtimeAIController] State: ActionExecution -> PlayerDecision
[COMBAT_LOG] {"ts":1770377546216,"event":"DECISION","unit":"player_fighter","action":"Move","target":"(0, 0, 15)","score":0.65806764}
[RealtimeAIController] Fighter -> Move (#2) score:0.66
[CombatArena] ExecuteMovement: player_fighter -> (0, 0, 15)
[CombatArena] [STATE] PlayerDecision -> ActionExecution
[RealtimeAIController] State: PlayerDecision -> ActionExecution
[CombatArena] Fighter moved from (0, 0, 0) to (0, 0, 15), distance: 15.0
[CombatArena] [STATE] ActionExecution -> PlayerDecision
[RealtimeAIController] State: ActionExecution -> PlayerDecision
[AutoBattlerManager] Action: player_fighter -> Move to (0, 0, 15) (OK)
[COMBAT_LOG] {"ts":1770377546326,"event":"DECISION","unit":"player_fighter","action":"Move","target":"(0, 0, 22.5)","score":0.65864277}
[RealtimeAIController] Fighter -> Move (#3) score:0.66
[CombatArena] ExecuteMovement: player_fighter -> (0, 0, 22.5)
[CombatArena] [STATE] PlayerDecision -> ActionExecution
[RealtimeAIController] State: PlayerDecision -> ActionExecution
[CombatArena] Fighter moved from (0, 0, 15) to (0, 0, 22.5), distance: 7.5
[CombatArena] [STATE] ActionExecution -> PlayerDecision
[RealtimeAIController] State: ActionExecution -> PlayerDecision
[AutoBattlerManager] Action: player_fighter -> Move to (0, 0, 22.5) (OK)
[COMBAT_LOG] {"ts":1770377546436,"event":"DECISION","unit":"player_fighter","action":"Move","target":"(-3.75, 0, 26.25)","score":0.65074503}
[RealtimeAIController] Fighter -> Move (#4) score:0.65
[CombatArena] ExecuteMovement: player_fighter -> (-3.75, 0, 26.25)
[CombatArena] [STATE] PlayerDecision -> ActionExecution
[RealtimeAIController] State: PlayerDecision -> ActionExecution
[CombatArena] Fighter moved from (0, 0, 22.5) to (-3.75, 0, 26.25), distance: 5.3
[CombatArena] [STATE] ActionExecution -> PlayerDecision
[RealtimeAIController] State: ActionExecution -> PlayerDecision
[AutoBattlerManager] Action: player_fighter -> Move to (-3.75, 0, 26.25) (OK)
[COMBAT_LOG] {"ts":1770377546545,"event":"DECISION","unit":"player_fighter","action":"Move","target":"(-2.6516504, 0, 25.15165)","score":0.6524977}
[RealtimeAIController] Fighter -> Move (#5) score:0.65
[CombatArena] ExecuteMovement: player_fighter -> (-2.6516504, 0, 25.15165)
[CombatArena] [STATE] PlayerDecision -> ActionExecution
[RealtimeAIController] State: PlayerDecision -> ActionExecution
[CombatArena] Fighter moved from (-3.75, 0, 26.25) to (-2.6516504, 0, 25.15165), distance: 1.6
[CombatArena] [STATE] ActionExecution -> PlayerDecision
[RealtimeAIController] State: ActionExecution -> PlayerDecision
[AutoBattlerManager] Action: player_fighter -> Move to (-2.6516504, 0, 25.15165) (OK)
[COMBAT_LOG] {"ts":1770377546655,"event":"DECISION","unit":"player_fighter","action":"Move","target":"(-2.973349, 0, 25.473349)","score":0.65462273}
[RealtimeAIController] Fighter -> Move (#6) score:0.65
[CombatArena] ExecuteMovement: player_fighter -> (-2.973349, 0, 25.473349)
[CombatArena] [STATE] PlayerDecision -> ActionExecution
[RealtimeAIController] State: PlayerDecision -> ActionExecution
[CombatArena] Fighter moved from (-2.6516504, 0, 25.15165) to (-2.973349, 0, 25.473349), distance: 0.5
[CombatArena] [STATE] ActionExecution -> PlayerDecision
[RealtimeAIController] State: ActionExecution -> PlayerDecision
[AutoBattlerManager] Action: player_fighter -> Move to (-2.973349, 0, 25.473349) (OK)
[COMBAT_LOG] {"ts":1770377546764,"event":"DECISION","unit":"player_fighter","action":"Move","target":"(-3.1617956, 0, 25.473349)","score":0.6560821}
[RealtimeAIController] Fighter -> Move (#7) score:0.66
[CombatArena] ExecuteMovement: player_fighter -> (-3.1617956, 0, 25.473349)
[CombatArena] [STATE] PlayerDecision -> ActionExecution
[RealtimeAIController] State: PlayerDecision -> ActionExecution
[CombatArena] Fighter moved from (-2.973349, 0, 25.473349) to (-3.1617956, 0, 25.473349), distance: 0.2
[CombatArena] [STATE] ActionExecution -> PlayerDecision
[RealtimeAIController] State: ActionExecution -> PlayerDecision
[AutoBattlerManager] Action: player_fighter -> Move to (-3.1617956, 0, 25.473349) (OK)
[COMBAT_LOG] {"ts":1770377546874,"event":"DECISION","unit":"player_fighter","action":"EndTurn","score":0.10854815}
[RealtimeAIController] Fighter -> EndTurn (#8) score:0.11
[RealtimeAIController] Calling EndCurrentTurn()
[CombatArena] [STATE] PlayerDecision -> TurnEnd
[RealtimeAIController] State: PlayerDecision -> TurnEnd
[CombatArena] [TURN] Round 1, Orc Archer
[CombatArena] [STATE] TurnEnd -> TurnStart
[RealtimeAIController] State: TurnEnd -> TurnStart
[CombatArena] [STATE] TurnStart -> AIDecision
[RealtimeAIController] State: TurnStart -> AIDecision
[CombatArena] Camera focusing on Orc Archer via hooks
[CombatArena] SelectCombatant called: enemy_orc_archer
[CombatArena] Selected: enemy_orc_archer
[CombatArena] Turn started: Orc Archer (AI)
[COMBAT_LOG] {"ts":1770377546881,"event":"TURN_START","turn":4,"round":1,"unit":"enemy_orc_archer","unit_name":"Orc Archer","faction":"Hostile","hp":19,"max_hp":30,"ap":"Action | Bonus | Reaction | Move:30/30","pos":[10,0,2]}
[RealtimeAIController] Turn started for Orc Archer
[COMBAT_LOG] {"ts":1770377546881,"event":"DECISION","unit":"enemy_orc_archer","action":"Move","target":"(-5, 0, 2)","score":1.2223078}
[RealtimeAIController] Orc Archer -> Move (#1) score:1.22
[CombatArena] ExecuteMovement: enemy_orc_archer -> (-5, 0, 2)
[CombatArena] [STATE] AIDecision -> ActionExecution
[RealtimeAIController] State: AIDecision -> ActionExecution
[CombatArena] Orc Archer moved from (10, 0, 2) to (-5, 0, 2), distance: 15.0
[CombatArena] [STATE] ActionExecution -> AIDecision
[RealtimeAIController] State: ActionExecution -> AIDecision
[AutoBattlerManager] Action: enemy_orc_archer -> Move to (-5, 0, 2) (OK)
[COMBAT_LOG] {"ts":1770377546991,"event":"DECISION","unit":"enemy_orc_archer","action":"Move","target":"(2.5, 0, -5.5)","score":1.3054138}
[RealtimeAIController] Orc Archer -> Move (#2) score:1.31
[CombatArena] ExecuteMovement: enemy_orc_archer -> (2.5, 0, -5.5)
[CombatArena] [STATE] AIDecision -> ActionExecution
[RealtimeAIController] State: AIDecision -> ActionExecution
[CombatArena] Orc Archer moved from (-5, 0, 2) to (2.5, 0, -5.5), distance: 10.6
[CombatArena] [STATE] ActionExecution -> AIDecision
[RealtimeAIController] State: ActionExecution -> AIDecision
[AutoBattlerManager] Action: enemy_orc_archer -> Move to (2.5, 0, -5.5) (OK)
[COMBAT_LOG] {"ts":1770377547100,"event":"DECISION","unit":"enemy_orc_archer","action":"Move","target":"(2.5, 0, -3.3033009)","score":1.281708}
[RealtimeAIController] Orc Archer -> Move (#3) score:1.28
[CombatArena] ExecuteMovement: enemy_orc_archer -> (2.5, 0, -3.3033009)
[CombatArena] [STATE] AIDecision -> ActionExecution
[RealtimeAIController] State: AIDecision -> ActionExecution
[CombatArena] Orc Archer moved from (2.5, 0, -5.5) to (2.5, 0, -3.3033009), distance: 2.2
[CombatArena] [STATE] ActionExecution -> AIDecision
[RealtimeAIController] State: ActionExecution -> AIDecision
[AutoBattlerManager] Action: enemy_orc_archer -> Move to (2.5, 0, -3.3033009) (OK)
[COMBAT_LOG] {"ts":1770377547210,"event":"DECISION","unit":"enemy_orc_archer","action":"Dash","score":3.1247437}
[RealtimeAIController] Orc Archer -> Dash (#4) score:3.12
[AutoBattlerManager] Action: enemy_orc_archer -> Dash (OK)
[COMBAT_LOG] {"ts":1770377547320,"event":"DECISION","unit":"enemy_orc_archer","action":"Move","target":"(2.5, 0, 28.8934)","score":1.2596259}
[RealtimeAIController] Orc Archer -> Move (#5) score:1.26
[CombatArena] ExecuteMovement: enemy_orc_archer -> (2.5, 0, 28.8934)
[CombatArena] [STATE] AIDecision -> ActionExecution
[RealtimeAIController] State: AIDecision -> ActionExecution
[CombatArena] Orc Archer moved from (2.5, 0, -3.3033009) to (2.5, 0, 28.8934), distance: 32.2
[CombatArena] [STATE] ActionExecution -> AIDecision
[RealtimeAIController] State: ActionExecution -> AIDecision
[AutoBattlerManager] Action: enemy_orc_archer -> Move to (2.5, 0, 28.8934) (OK)
[COMBAT_LOG] {"ts":1770377547430,"event":"DECISION","unit":"enemy_orc_archer","action":"EndTurn","score":0.107568234}
[RealtimeAIController] Orc Archer -> EndTurn (#6) score:0.11
[RealtimeAIController] Calling EndCurrentTurn()
[CombatArena] [STATE] AIDecision -> TurnEnd
[RealtimeAIController] State: AIDecision -> TurnEnd
[CombatArena] [TURN] Round 1, Goblin Shaman
[CombatArena] [STATE] TurnEnd -> TurnStart
[RealtimeAIController] State: TurnEnd -> TurnStart
[CombatArena] [STATE] TurnStart -> AIDecision
[RealtimeAIController] State: TurnStart -> AIDecision
[CombatArena] Camera focusing on Goblin Shaman via hooks
[CombatArena] SelectCombatant called: enemy_shaman
[CombatArena] Selected: enemy_shaman
[CombatArena] Turn started: Goblin Shaman (AI)
[COMBAT_LOG] {"ts":1770377547436,"event":"TURN_START","turn":5,"round":1,"unit":"enemy_shaman","unit_name":"Goblin Shaman","faction":"Hostile","hp":28,"max_hp":28,"ap":"Action | Bonus | Reaction | Move:30/30","pos":[10,0,-1]}
[RealtimeAIController] Turn started for Goblin Shaman
[COMBAT_LOG] {"ts":1770377547437,"event":"DECISION","unit":"enemy_shaman","action":"Move","target":"(-5, 0, -1)","score":1.2684238}
[RealtimeAIController] Goblin Shaman -> Move (#1) score:1.27
[CombatArena] ExecuteMovement: enemy_shaman -> (-5, 0, -1)
[CombatArena] [STATE] AIDecision -> ActionExecution
[RealtimeAIController] State: AIDecision -> ActionExecution
[CombatArena] Goblin Shaman moved from (10, 0, -1) to (-5, 0, -1), distance: 15.0
[CombatArena] [STATE] ActionExecution -> AIDecision
[RealtimeAIController] State: ActionExecution -> AIDecision
[AutoBattlerManager] Action: enemy_shaman -> Move to (-5, 0, -1) (OK)
[COMBAT_LOG] {"ts":1770377547546,"event":"DECISION","unit":"enemy_shaman","action":"Move","target":"(2.5, 0, -1)","score":1.2532768}
[RealtimeAIController] Goblin Shaman -> Move (#2) score:1.25
[CombatArena] ExecuteMovement: enemy_shaman -> (2.5, 0, -1)
[CombatArena] [STATE] AIDecision -> ActionExecution
[RealtimeAIController] State: AIDecision -> ActionExecution
[CombatArena] Goblin Shaman moved from (-5, 0, -1) to (2.5, 0, -1), distance: 7.5
[CombatArena] [STATE] ActionExecution -> AIDecision
[RealtimeAIController] State: ActionExecution -> AIDecision
[AutoBattlerManager] Action: enemy_shaman -> Move to (2.5, 0, -1) (OK)
[COMBAT_LOG] {"ts":1770377547656,"event":"DECISION","unit":"enemy_shaman","action":"Move","target":"(-1.25, 0, -4.75)","score":1.3086832}
[RealtimeAIController] Goblin Shaman -> Move (#3) score:1.31
[CombatArena] ExecuteMovement: enemy_shaman -> (-1.25, 0, -4.75)
[CombatArena] [STATE] AIDecision -> ActionExecution
[RealtimeAIController] State: AIDecision -> ActionExecution
[CombatArena] Goblin Shaman moved from (2.5, 0, -1) to (-1.25, 0, -4.75), distance: 5.3
[CombatArena] [STATE] ActionExecution -> AIDecision
[RealtimeAIController] State: ActionExecution -> AIDecision
[AutoBattlerManager] Action: enemy_shaman -> Move to (-1.25, 0, -4.75) (OK)
[COMBAT_LOG] {"ts":1770377547766,"event":"DECISION","unit":"enemy_shaman","action":"Move","target":"(-2.3483496, 0, -5.8483496)","score":1.3149258}
[RealtimeAIController] Goblin Shaman -> Move (#4) score:1.31
[CombatArena] ExecuteMovement: enemy_shaman -> (-2.3483496, 0, -5.8483496)
[CombatArena] [STATE] AIDecision -> ActionExecution
[RealtimeAIController] State: AIDecision -> ActionExecution
[CombatArena] Goblin Shaman moved from (-1.25, 0, -4.75) to (-2.3483496, 0, -5.8483496), distance: 1.6
[CombatArena] [STATE] ActionExecution -> AIDecision
[RealtimeAIController] State: ActionExecution -> AIDecision
[AutoBattlerManager] Action: enemy_shaman -> Move to (-2.3483496, 0, -5.8483496) (OK)
[COMBAT_LOG] {"ts":1770377547876,"event":"DECISION","unit":"enemy_shaman","action":"Dash","score":3.2058818}
[RealtimeAIController] Goblin Shaman -> Dash (#5) score:3.21
[AutoBattlerManager] Action: enemy_shaman -> Dash (OK)
[COMBAT_LOG] {"ts":1770377547985,"event":"DECISION","unit":"enemy_shaman","action":"Move","target":"(-2.3483496, 0, 24.795048)","score":1.3122}
[RealtimeAIController] Goblin Shaman -> Move (#6) score:1.31
[CombatArena] ExecuteMovement: enemy_shaman -> (-2.3483496, 0, 24.795048)
[CombatArena] [STATE] AIDecision -> ActionExecution
[RealtimeAIController] State: AIDecision -> ActionExecution
[CombatArena] Goblin Shaman moved from (-2.3483496, 0, -5.8483496) to (-2.3483496, 0, 24.795048), distance: 30.6
[CombatArena] [STATE] ActionExecution -> AIDecision
[RealtimeAIController] State: ActionExecution -> AIDecision
[AutoBattlerManager] Action: enemy_shaman -> Move to (-2.3483496, 0, 24.795048) (OK)
[COMBAT_LOG] {"ts":1770377548095,"event":"DECISION","unit":"enemy_shaman","action":"EndTurn","score":0.109705105}
[RealtimeAIController] Goblin Shaman -> EndTurn (#7) score:0.11
[RealtimeAIController] Calling EndCurrentTurn()
[CombatArena] [STATE] AIDecision -> TurnEnd
[RealtimeAIController] State: AIDecision -> TurnEnd
[CombatArena] [TURN] Round 1, Mage
[CombatArena] [STATE] TurnEnd -> TurnStart
[RealtimeAIController] State: TurnEnd -> TurnStart
[CombatArena] [STATE] TurnStart -> PlayerDecision
[RealtimeAIController] State: TurnStart -> PlayerDecision
[CombatArena] Camera focusing on Mage via hooks
[CombatArena] SelectCombatant called: player_mage
[CombatArena] Selected: player_mage
[CombatArena] Turn started: Mage (Player)
[COMBAT_LOG] {"ts":1770377548102,"event":"TURN_START","turn":6,"round":1,"unit":"player_mage","unit_name":"Mage","faction":"Player","hp":32,"max_hp":32,"ap":"Action | Bonus | Reaction | Move:30/30","pos":[-3,0,-1]}
[RealtimeAIController] Turn started for Mage
[COMBAT_LOG] {"ts":1770377548102,"event":"DECISION","unit":"player_mage","action":"Move","target":"(12, 0, -1)","score":1.2776972}
[RealtimeAIController] Mage -> Move (#1) score:1.28
[CombatArena] ExecuteMovement: player_mage -> (12, 0, -1)
[CombatArena] [STATE] PlayerDecision -> ActionExecution
[RealtimeAIController] State: PlayerDecision -> ActionExecution
[CombatArena] Mage moved from (-3, 0, -1) to (12, 0, -1), distance: 15.0
[CombatArena] [STATE] ActionExecution -> PlayerDecision
[RealtimeAIController] State: ActionExecution -> PlayerDecision
[AutoBattlerManager] Action: player_mage -> Move to (12, 0, -1) (OK)
[COMBAT_LOG] {"ts":1770377548212,"event":"DECISION","unit":"player_mage","action":"Move","target":"(19.5, 0, -1)","score":1.2911937}
[RealtimeAIController] Mage -> Move (#2) score:1.29
[CombatArena] ExecuteMovement: player_mage -> (19.5, 0, -1)
[CombatArena] [STATE] PlayerDecision -> ActionExecution
[RealtimeAIController] State: PlayerDecision -> ActionExecution
[CombatArena] Mage moved from (12, 0, -1) to (19.5, 0, -1), distance: 7.5
[CombatArena] [STATE] ActionExecution -> PlayerDecision
[RealtimeAIController] State: ActionExecution -> PlayerDecision
[AutoBattlerManager] Action: player_mage -> Move to (19.5, 0, -1) (OK)
[COMBAT_LOG] {"ts":1770377548321,"event":"DECISION","unit":"player_mage","action":"Move","target":"(23.25, 0, -1)","score":1.3019512}
[RealtimeAIController] Mage -> Move (#3) score:1.30
[CombatArena] ExecuteMovement: player_mage -> (23.25, 0, -1)
[CombatArena] [STATE] PlayerDecision -> ActionExecution
[RealtimeAIController] State: PlayerDecision -> ActionExecution
[CombatArena] Mage moved from (19.5, 0, -1) to (23.25, 0, -1), distance: 3.8
[CombatArena] [STATE] ActionExecution -> PlayerDecision
[RealtimeAIController] State: ActionExecution -> PlayerDecision
[AutoBattlerManager] Action: player_mage -> Move to (23.25, 0, -1) (OK)
[COMBAT_LOG] {"ts":1770377548431,"event":"DECISION","unit":"player_mage","action":"Dash","score":3.1629837}
[RealtimeAIController] Mage -> Dash (#4) score:3.16
[AutoBattlerManager] Action: player_mage -> Dash (OK)
[COMBAT_LOG] {"ts":1770377548541,"event":"DECISION","unit":"player_mage","action":"Move","target":"(6.375, 0, -1)","score":1.2867506}
[RealtimeAIController] Mage -> Move (#5) score:1.29
[CombatArena] ExecuteMovement: player_mage -> (6.375, 0, -1)
[CombatArena] [STATE] PlayerDecision -> ActionExecution
[RealtimeAIController] State: PlayerDecision -> ActionExecution
[CombatArena] Mage moved from (23.25, 0, -1) to (6.375, 0, -1), distance: 16.9
[CombatArena] [STATE] ActionExecution -> PlayerDecision
[RealtimeAIController] State: ActionExecution -> PlayerDecision
[AutoBattlerManager] Action: player_mage -> Move to (6.375, 0, -1) (OK)
[COMBAT_LOG] {"ts":1770377548650,"event":"DECISION","unit":"player_mage","action":"Move","target":"(23.25, 0, -1)","score":1.2123623}
[RealtimeAIController] Mage -> Move (#6) score:1.21
[CombatArena] ExecuteMovement: player_mage -> (23.25, 0, -1)
[CombatArena] [STATE] PlayerDecision -> ActionExecution
[RealtimeAIController] State: PlayerDecision -> ActionExecution
[CombatArena] Mage moved from (6.375, 0, -1) to (23.25, 0, -1), distance: 16.9
[CombatArena] [STATE] ActionExecution -> PlayerDecision
[RealtimeAIController] State: ActionExecution -> PlayerDecision
[AutoBattlerManager] Action: player_mage -> Move to (23.25, 0, -1) (OK)
[COMBAT_LOG] {"ts":1770377548760,"event":"DECISION","unit":"player_mage","action":"EndTurn","score":0.10107129}
[RealtimeAIController] Mage -> EndTurn (#7) score:0.10
[RealtimeAIController] Calling EndCurrentTurn()
[CombatArena] [STATE] PlayerDecision -> TurnEnd
[RealtimeAIController] State: PlayerDecision -> TurnEnd
[CombatArena] [TURN] Round 1, Orc Brute
[CombatArena] [STATE] TurnEnd -> TurnStart
[RealtimeAIController] State: TurnEnd -> TurnStart
[CombatArena] [STATE] TurnStart -> AIDecision
[RealtimeAIController] State: TurnStart -> AIDecision
[CombatArena] Camera focusing on Orc Brute via hooks
[CombatArena] SelectCombatant called: enemy_orc_brute
[CombatArena] Selected: enemy_orc_brute
[CombatArena] Turn started: Orc Brute (AI)
[COMBAT_LOG] {"ts":1770377548767,"event":"TURN_START","turn":7,"round":1,"unit":"enemy_orc_brute","unit_name":"Orc Brute","faction":"Hostile","hp":48,"max_hp":48,"ap":"Action | Bonus | Reaction | Move:30/30","pos":[8,0,0]}
[RealtimeAIController] Turn started for Orc Brute
[COMBAT_LOG] {"ts":1770377548767,"event":"DECISION","unit":"enemy_orc_brute","action":"Move","target":"(23, 0, 0)","score":1.2450974}
[RealtimeAIController] Orc Brute -> Move (#1) score:1.25
[CombatArena] ExecuteMovement: enemy_orc_brute -> (23, 0, 0)
[CombatArena] [STATE] AIDecision -> ActionExecution
[RealtimeAIController] State: AIDecision -> ActionExecution
[CombatArena] Orc Brute moved from (8, 0, 0) to (23, 0, 0), distance: 15.0
[CombatArena] [STATE] ActionExecution -> AIDecision
[RealtimeAIController] State: ActionExecution -> AIDecision
[AutoBattlerManager] Action: enemy_orc_brute -> Move to (23, 0, 0) (OK)
[COMBAT_LOG] {"ts":1770377548877,"event":"DECISION","unit":"enemy_orc_brute","action":"Attack","target":"player_fighter","score":1.0352384}
[RealtimeAIController] Orc Brute -> Attack (#2) score:1.04
[CombatArena] ExecuteAbility: enemy_orc_brute -> basic_attack -> player_fighter
[CombatArena] [STATE] AIDecision -> ActionExecution
[RealtimeAIController] State: AIDecision -> ActionExecution
[CombatArena] Orc Brute used basic_attack on Fighter: damage:10
[CombatArena] ClearSelection called
[AutoBattlerManager] Action: enemy_orc_brute -> Attack:basic_attack->player_fighter (OK)
[CombatArena] [STATE] ActionExecution -> AIDecision
[RealtimeAIController] State: ActionExecution -> AIDecision
[COMBAT_LOG] {"ts":1770377549480,"event":"DECISION","unit":"enemy_orc_brute","action":"Move","target":"(38, 0, 0)","score":0.6547015}
[RealtimeAIController] Orc Brute -> Move (#3) score:0.65
[CombatArena] ExecuteMovement: enemy_orc_brute -> (38, 0, 0)
[CombatArena] [STATE] AIDecision -> ActionExecution
[RealtimeAIController] State: AIDecision -> ActionExecution
[CombatArena] Orc Brute moved from (23, 0, 0) to (38, 0, 0), distance: 15.0
[CombatArena] [STATE] ActionExecution -> AIDecision
[RealtimeAIController] State: ActionExecution -> AIDecision
[AutoBattlerManager] Action: enemy_orc_brute -> Move to (38, 0, 0) (OK)
[COMBAT_LOG] {"ts":1770377549590,"event":"DECISION","unit":"enemy_orc_brute","action":"EndTurn","score":0.10590413}
[RealtimeAIController] Orc Brute -> EndTurn (#4) score:0.11
[RealtimeAIController] Calling EndCurrentTurn()
[CombatArena] [STATE] AIDecision -> TurnEnd
[RealtimeAIController] State: AIDecision -> TurnEnd
[CombatArena] [TURN] Round 1, Cleric
[CombatArena] [STATE] TurnEnd -> TurnStart
[RealtimeAIController] State: TurnEnd -> TurnStart
[CombatArena] [STATE] TurnStart -> PlayerDecision
[RealtimeAIController] State: TurnStart -> PlayerDecision
[CombatArena] Camera focusing on Cleric via hooks
[CombatArena] SelectCombatant called: player_cleric
[CombatArena] Selected: player_cleric
[CombatArena] Turn started: Cleric (Player)
[COMBAT_LOG] {"ts":1770377549597,"event":"TURN_START","turn":8,"round":1,"unit":"player_cleric","unit_name":"Cleric","faction":"Player","hp":44,"max_hp":44,"ap":"Action | Bonus | Reaction | Move:30/30","pos":[-1,0,-3]}
[RealtimeAIController] Turn started for Cleric
[COMBAT_LOG] {"ts":1770377549597,"event":"DECISION","unit":"player_cleric","action":"Move","target":"(-1, 0, 27)","score":1.2705363}
[RealtimeAIController] Cleric -> Move (#1) score:1.27
[CombatArena] ExecuteMovement: player_cleric -> (-1, 0, 27)
[CombatArena] [STATE] PlayerDecision -> ActionExecution
[RealtimeAIController] State: PlayerDecision -> ActionExecution
[CombatArena] Cleric moved from (-1, 0, -3) to (-1, 0, 27), distance: 30.0
[CombatArena] [STATE] ActionExecution -> PlayerDecision
[RealtimeAIController] State: ActionExecution -> PlayerDecision
[AutoBattlerManager] Action: player_cleric -> Move to (-1, 0, 27) (OK)
[COMBAT_LOG] {"ts":1770377549707,"event":"DECISION","unit":"player_cleric","action":"Dash","score":3.0646572}
[RealtimeAIController] Cleric -> Dash (#2) score:3.06
[AutoBattlerManager] Action: player_cleric -> Dash (OK)
[COMBAT_LOG] {"ts":1770377549816,"event":"DECISION","unit":"player_cleric","action":"Move","target":"(29, 0, 27)","score":0.64990765}
[RealtimeAIController] Cleric -> Move (#3) score:0.65
[CombatArena] ExecuteMovement: player_cleric -> (29, 0, 27)
[CombatArena] [STATE] PlayerDecision -> ActionExecution
[RealtimeAIController] State: PlayerDecision -> ActionExecution
[CombatArena] Cleric moved from (-1, 0, 27) to (29, 0, 27), distance: 30.0
[CombatArena] [STATE] ActionExecution -> PlayerDecision
[RealtimeAIController] State: ActionExecution -> PlayerDecision
[AutoBattlerManager] Action: player_cleric -> Move to (29, 0, 27) (OK)
[COMBAT_LOG] {"ts":1770377549926,"event":"DECISION","unit":"player_cleric","action":"EndTurn","score":0.103974655}
[RealtimeAIController] Cleric -> EndTurn (#4) score:0.10
[RealtimeAIController] Calling EndCurrentTurn()
[CombatArena] [STATE] PlayerDecision -> TurnEnd
[RealtimeAIController] State: PlayerDecision -> TurnEnd
[CombatArena] [TURN] Round 2, Rogue
[CombatArena] [STATE] TurnEnd -> RoundEnd
[RealtimeAIController] State: TurnEnd -> RoundEnd
[CombatArena] [STATE] RoundEnd -> TurnStart
[RealtimeAIController] State: RoundEnd -> TurnStart
[CombatArena] Round 2: Reset reactions for all combatants
[CombatArena] [STATE] TurnStart -> PlayerDecision
[RealtimeAIController] State: TurnStart -> PlayerDecision
[CombatArena] Camera focusing on Rogue via hooks
[CombatArena] SelectCombatant called: player_rogue
[CombatArena] Selected: player_rogue
[CombatArena] Turn started: Rogue (Player)
[COMBAT_LOG] {"ts":1770377549933,"event":"TURN_START","turn":9,"round":2,"unit":"player_rogue","unit_name":"Rogue","faction":"Player","hp":26,"max_hp":36,"ap":"Action | Bonus | Reaction | Move:30/30","pos":[2,0,28]}
[RealtimeAIController] Turn started for Rogue
[COMBAT_LOG] {"ts":1770377549933,"event":"DECISION","unit":"player_rogue","action":"Attack","target":"enemy_orc_brute","score":0.691103}
[RealtimeAIController] Rogue -> Attack (#1) score:0.69
[CombatArena] ExecuteAbility: player_rogue -> basic_attack -> enemy_orc_brute
[CombatArena] [STATE] PlayerDecision -> ActionExecution
[RealtimeAIController] State: PlayerDecision -> ActionExecution
[CombatArena] Rogue used basic_attack on Orc Brute: damage:5
[CombatArena] ClearSelection called
[AutoBattlerManager] Action: player_rogue -> Attack:basic_attack->enemy_orc_brute (OK)
[CombatArena] [STATE] ActionExecution -> PlayerDecision
[RealtimeAIController] State: ActionExecution -> PlayerDecision
[COMBAT_LOG] {"ts":1770377550536,"event":"DECISION","unit":"player_rogue","action":"Move","target":"(17, 0, 28)","score":0.6504307}
[RealtimeAIController] Rogue -> Move (#2) score:0.65
[CombatArena] ExecuteMovement: player_rogue -> (17, 0, 28)
[CombatArena] [STATE] PlayerDecision -> ActionExecution
[RealtimeAIController] State: PlayerDecision -> ActionExecution
[CombatArena] Rogue moved from (2, 0, 28) to (17, 0, 28), distance: 15.0
[CombatArena] [STATE] ActionExecution -> PlayerDecision
[RealtimeAIController] State: ActionExecution -> PlayerDecision
[AutoBattlerManager] Action: player_rogue -> Move to (17, 0, 28) (OK)
[COMBAT_LOG] {"ts":1770377550646,"event":"DECISION","unit":"player_rogue","action":"Move","target":"(2, 0, 28)","score":1.2458495}
[RealtimeAIController] Rogue -> Move (#3) score:1.25
[CombatArena] ExecuteMovement: player_rogue -> (2, 0, 28)
[CombatArena] [STATE] PlayerDecision -> ActionExecution
[RealtimeAIController] State: PlayerDecision -> ActionExecution
[CombatArena] Rogue moved from (17, 0, 28) to (2, 0, 28), distance: 15.0
[CombatArena] [STATE] ActionExecution -> PlayerDecision
[RealtimeAIController] State: ActionExecution -> PlayerDecision
[AutoBattlerManager] Action: player_rogue -> Move to (2, 0, 28) (OK)
[COMBAT_LOG] {"ts":1770377550756,"event":"DECISION","unit":"player_rogue","action":"EndTurn","score":0.10819048}
[RealtimeAIController] Rogue -> EndTurn (#4) score:0.11
[RealtimeAIController] Calling EndCurrentTurn()
[CombatArena] [STATE] PlayerDecision -> TurnEnd
[RealtimeAIController] State: PlayerDecision -> TurnEnd
[CombatArena] [TURN] Round 2, Goblin Skirmisher
[CombatArena] [STATE] TurnEnd -> TurnStart
[RealtimeAIController] State: TurnEnd -> TurnStart
[CombatArena] [STATE] TurnStart -> AIDecision
[RealtimeAIController] State: TurnStart -> AIDecision
[CombatArena] Camera focusing on Goblin Skirmisher via hooks
[CombatArena] SelectCombatant called: enemy_goblin
[CombatArena] Selected: enemy_goblin
[CombatArena] Turn started: Goblin Skirmisher (AI)
[COMBAT_LOG] {"ts":1770377550763,"event":"TURN_START","turn":10,"round":2,"unit":"enemy_goblin","unit_name":"Goblin Skirmisher","faction":"Hostile","hp":22,"max_hp":22,"ap":"Action | Bonus | Reaction | Move:30/30","pos":[22,0,3]}
[RealtimeAIController] Turn started for Goblin Skirmisher
[COMBAT_LOG] {"ts":1770377550763,"event":"DECISION","unit":"enemy_goblin","action":"Attack","target":"player_mage","score":1.0688184}
[RealtimeAIController] Goblin Skirmisher -> Attack (#1) score:1.07
[CombatArena] ExecuteAbility: enemy_goblin -> basic_attack -> player_mage
[CombatArena] [STATE] AIDecision -> ActionExecution
[RealtimeAIController] State: AIDecision -> ActionExecution
[CombatArena] Goblin Skirmisher used basic_attack on Mage: damage:10
[CombatArena] ClearSelection called
[AutoBattlerManager] Action: enemy_goblin -> Attack:basic_attack->player_mage (OK)
[CombatArena] [STATE] ActionExecution -> AIDecision
[RealtimeAIController] State: ActionExecution -> AIDecision
[COMBAT_LOG] {"ts":1770377551366,"event":"DECISION","unit":"enemy_goblin","action":"Move","target":"(37, 0, 3)","score":0.65268636}
[RealtimeAIController] Goblin Skirmisher -> Move (#2) score:0.65
[CombatArena] ExecuteMovement: enemy_goblin -> (37, 0, 3)
[CombatArena] [STATE] AIDecision -> ActionExecution
[RealtimeAIController] State: AIDecision -> ActionExecution
[CombatArena] Goblin Skirmisher moved from (22, 0, 3) to (37, 0, 3), distance: 15.0
[CombatArena] [STATE] ActionExecution -> AIDecision
[RealtimeAIController] State: ActionExecution -> AIDecision
[AutoBattlerManager] Action: enemy_goblin -> Move to (37, 0, 3) (OK)
[COMBAT_LOG] {"ts":1770377551476,"event":"DECISION","unit":"enemy_goblin","action":"Move","target":"(22, 0, 3)","score":1.3136817}
[RealtimeAIController] Goblin Skirmisher -> Move (#3) score:1.31
[CombatArena] ExecuteMovement: enemy_goblin -> (22, 0, 3)
[CombatArena] [STATE] AIDecision -> ActionExecution
[RealtimeAIController] State: AIDecision -> ActionExecution
[CombatArena] Goblin Skirmisher moved from (37, 0, 3) to (22, 0, 3), distance: 15.0
[CombatArena] [STATE] ActionExecution -> AIDecision
[RealtimeAIController] State: ActionExecution -> AIDecision
[AutoBattlerManager] Action: enemy_goblin -> Move to (22, 0, 3) (OK)
[COMBAT_LOG] {"ts":1770377551585,"event":"DECISION","unit":"enemy_goblin","action":"EndTurn","score":0.10582677}
[RealtimeAIController] Goblin Skirmisher -> EndTurn (#4) score:0.11
[RealtimeAIController] Calling EndCurrentTurn()
[CombatArena] [STATE] AIDecision -> TurnEnd
[RealtimeAIController] State: AIDecision -> TurnEnd
[CombatArena] [TURN] Round 2, Fighter
[CombatArena] [STATE] TurnEnd -> TurnStart
[RealtimeAIController] State: TurnEnd -> TurnStart
[CombatArena] [STATE] TurnStart -> PlayerDecision
[RealtimeAIController] State: TurnStart -> PlayerDecision
[CombatArena] Camera focusing on Fighter via hooks
[CombatArena] SelectCombatant called: player_fighter
[CombatArena] Selected: player_fighter
[CombatArena] Turn started: Fighter (Player)
[COMBAT_LOG] {"ts":1770377551592,"event":"TURN_START","turn":11,"round":2,"unit":"player_fighter","unit_name":"Fighter","faction":"Player","hp":42,"max_hp":52,"ap":"Action | Bonus | Reaction | Move:30/30","pos":[-3.1617956,0,25.473349]}
[RealtimeAIController] Turn started for Fighter
[COMBAT_LOG] {"ts":1770377551592,"event":"DECISION","unit":"player_fighter","action":"Attack","target":"enemy_goblin","score":0.71066326}
[RealtimeAIController] Fighter -> Attack (#1) score:0.71
[CombatArena] ExecuteAbility: player_fighter -> basic_attack -> enemy_goblin
[CombatArena] [STATE] PlayerDecision -> ActionExecution
[RealtimeAIController] State: PlayerDecision -> ActionExecution
[CombatArena] Fighter used basic_attack on Goblin Skirmisher: damage:9
[CombatArena] ClearSelection called
[AutoBattlerManager] Action: player_fighter -> Attack:basic_attack->enemy_goblin (OK)
[CombatArena] [STATE] ActionExecution -> PlayerDecision
[RealtimeAIController] State: ActionExecution -> PlayerDecision
[COMBAT_LOG] {"ts":1770377552196,"event":"DECISION","unit":"player_fighter","action":"Move","target":"(11.838204, 0, 40.47335)","score":0.64903337}
[RealtimeAIController] Fighter -> Move (#2) score:0.65
[CombatArena] ExecuteMovement: player_fighter -> (11.838204, 0, 40.47335)
[CombatArena] [STATE] PlayerDecision -> ActionExecution
[RealtimeAIController] State: PlayerDecision -> ActionExecution
[CombatArena] Fighter moved from (-3.1617956, 0, 25.473349) to (11.838204, 0, 40.47335), distance: 21.2
[CombatArena] [STATE] ActionExecution -> PlayerDecision
[RealtimeAIController] State: ActionExecution -> PlayerDecision
[AutoBattlerManager] Action: player_fighter -> Move to (11.838204, 0, 40.47335) (OK)
[COMBAT_LOG] {"ts":1770377552305,"event":"DECISION","unit":"player_fighter","action":"Move","target":"(16.231602, 0, 44.86675)","score":0.65962076}
[RealtimeAIController] Fighter -> Move (#3) score:0.66
[CombatArena] ExecuteMovement: player_fighter -> (16.231602, 0, 44.86675)
[CombatArena] [STATE] PlayerDecision -> ActionExecution
[RealtimeAIController] State: PlayerDecision -> ActionExecution
[CombatArena] Fighter moved from (11.838204, 0, 40.47335) to (16.231602, 0, 44.86675), distance: 6.2
[CombatArena] [STATE] ActionExecution -> PlayerDecision
[RealtimeAIController] State: ActionExecution -> PlayerDecision
[AutoBattlerManager] Action: player_fighter -> Move to (16.231602, 0, 44.86675) (OK)
[COMBAT_LOG] {"ts":1770377552415,"event":"DECISION","unit":"player_fighter","action":"Move","target":"(17.518398, 0, 46.153545)","score":0.65950936}
[RealtimeAIController] Fighter -> Move (#4) score:0.66
[CombatArena] ExecuteMovement: player_fighter -> (17.518398, 0, 46.153545)
[CombatArena] [STATE] PlayerDecision -> ActionExecution
[RealtimeAIController] State: PlayerDecision -> ActionExecution
[CombatArena] Fighter moved from (16.231602, 0, 44.86675) to (17.518398, 0, 46.153545), distance: 1.8
[CombatArena] [STATE] ActionExecution -> PlayerDecision
[RealtimeAIController] State: ActionExecution -> PlayerDecision
[AutoBattlerManager] Action: player_fighter -> Move to (17.518398, 0, 46.153545) (OK)
[COMBAT_LOG] {"ts":1770377552525,"event":"DECISION","unit":"player_fighter","action":"Move","target":"(17.895292, 0, 46.153545)","score":0.6493038}
[RealtimeAIController] Fighter -> Move (#5) score:0.65
[CombatArena] ExecuteMovement: player_fighter -> (17.895292, 0, 46.153545)
[CombatArena] [STATE] PlayerDecision -> ActionExecution
[RealtimeAIController] State: PlayerDecision -> ActionExecution
[CombatArena] Fighter moved from (17.518398, 0, 46.153545) to (17.895292, 0, 46.153545), distance: 0.4
[CombatArena] [STATE] ActionExecution -> PlayerDecision
[RealtimeAIController] State: ActionExecution -> PlayerDecision
[AutoBattlerManager] Action: player_fighter -> Move to (17.895292, 0, 46.153545) (OK)
[COMBAT_LOG] {"ts":1770377552634,"event":"DECISION","unit":"player_fighter","action":"Move","target":"(17.895292, 0, 46.530437)","score":0.6557576}
[RealtimeAIController] Fighter -> Move (#6) score:0.66
[CombatArena] ExecuteMovement: player_fighter -> (17.895292, 0, 46.530437)
[CombatArena] [STATE] PlayerDecision -> ActionExecution
[RealtimeAIController] State: PlayerDecision -> ActionExecution
[CombatArena] Fighter moved from (17.895292, 0, 46.153545) to (17.895292, 0, 46.530437), distance: 0.4
[CombatArena] [STATE] ActionExecution -> PlayerDecision
[RealtimeAIController] State: ActionExecution -> PlayerDecision
[AutoBattlerManager] Action: player_fighter -> Move to (17.895292, 0, 46.530437) (OK)
[COMBAT_LOG] {"ts":1770377552744,"event":"DECISION","unit":"player_fighter","action":"EndTurn","score":0.10374167}
[RealtimeAIController] Fighter -> EndTurn (#7) score:0.10
[RealtimeAIController] Calling EndCurrentTurn()
[CombatArena] [STATE] PlayerDecision -> TurnEnd
[RealtimeAIController] State: PlayerDecision -> TurnEnd
[CombatArena] [TURN] Round 2, Orc Archer
[CombatArena] [STATE] TurnEnd -> TurnStart
[RealtimeAIController] State: TurnEnd -> TurnStart
[CombatArena] [STATE] TurnStart -> AIDecision
[RealtimeAIController] State: TurnStart -> AIDecision
[CombatArena] Camera focusing on Orc Archer via hooks
[CombatArena] SelectCombatant called: enemy_orc_archer
[CombatArena] Selected: enemy_orc_archer
[CombatArena] Turn started: Orc Archer (AI)
[COMBAT_LOG] {"ts":1770377552751,"event":"TURN_START","turn":12,"round":2,"unit":"enemy_orc_archer","unit_name":"Orc Archer","faction":"Hostile","hp":19,"max_hp":30,"ap":"Action | Bonus | Reaction | Move:30/30","pos":[2.5,0,28.8934]}
[RealtimeAIController] Turn started for Orc Archer
[COMBAT_LOG] {"ts":1770377552751,"event":"DECISION","unit":"enemy_orc_archer","action":"Move","target":"(17.5, 0, 43.893402)","score":1.3066239}
[RealtimeAIController] Orc Archer -> Move (#1) score:1.31
[CombatArena] ExecuteMovement: enemy_orc_archer -> (17.5, 0, 43.893402)
[CombatArena] [STATE] AIDecision -> ActionExecution
[RealtimeAIController] State: AIDecision -> ActionExecution
[CombatArena] Orc Archer moved from (2.5, 0, 28.8934) to (17.5, 0, 43.893402), distance: 21.2
[CombatArena] [STATE] ActionExecution -> AIDecision
[RealtimeAIController] State: ActionExecution -> AIDecision
[AutoBattlerManager] Action: enemy_orc_archer -> Move to (17.5, 0, 43.893402) (OK)
[COMBAT_LOG] {"ts":1770377552861,"event":"DECISION","unit":"enemy_orc_archer","action":"Move","target":"(17.5, 0, 48.2868)","score":1.3046737}
[RealtimeAIController] Orc Archer -> Move (#2) score:1.30
[CombatArena] ExecuteMovement: enemy_orc_archer -> (17.5, 0, 48.2868)
[CombatArena] [STATE] AIDecision -> ActionExecution
[RealtimeAIController] State: AIDecision -> ActionExecution
[CombatArena] Orc Archer moved from (17.5, 0, 43.893402) to (17.5, 0, 48.2868), distance: 4.4
[CombatArena] [STATE] ActionExecution -> AIDecision
[RealtimeAIController] State: ActionExecution -> AIDecision
[AutoBattlerManager] Action: enemy_orc_archer -> Move to (17.5, 0, 48.2868) (OK)
[COMBAT_LOG] {"ts":1770377552970,"event":"DECISION","unit":"enemy_orc_archer","action":"Move","target":"(15.303302, 0, 46.090103)","score":1.285285}
[RealtimeAIController] Orc Archer -> Move (#3) score:1.29
[CombatArena] ExecuteMovement: enemy_orc_archer -> (15.303302, 0, 46.090103)
[CombatArena] [STATE] AIDecision -> ActionExecution
[RealtimeAIController] State: AIDecision -> ActionExecution
[CombatArena] Orc Archer moved from (17.5, 0, 48.2868) to (15.303302, 0, 46.090103), distance: 3.1
[CombatArena] [STATE] ActionExecution -> AIDecision
[RealtimeAIController] State: ActionExecution -> AIDecision
[AutoBattlerManager] Action: enemy_orc_archer -> Move to (15.303302, 0, 46.090103) (OK)
[COMBAT_LOG] {"ts":1770377553080,"event":"DECISION","unit":"enemy_orc_archer","action":"Dash","score":3.1738575}
[RealtimeAIController] Orc Archer -> Dash (#4) score:3.17
[AutoBattlerManager] Action: enemy_orc_archer -> Dash (OK)
[COMBAT_LOG] {"ts":1770377553190,"event":"DECISION","unit":"enemy_orc_archer","action":"Move","target":"(30.946701, 0, 30.446705)","score":1.2417214}
[RealtimeAIController] Orc Archer -> Move (#5) score:1.24
[CombatArena] ExecuteMovement: enemy_orc_archer -> (30.946701, 0, 30.446705)
[CombatArena] [STATE] AIDecision -> ActionExecution
[RealtimeAIController] State: AIDecision -> ActionExecution
[CombatArena] Orc Archer moved from (15.303302, 0, 46.090103) to (30.946701, 0, 30.446705), distance: 22.1
[CombatArena] [STATE] ActionExecution -> AIDecision
[RealtimeAIController] State: ActionExecution -> AIDecision
[AutoBattlerManager] Action: enemy_orc_archer -> Move to (30.946701, 0, 30.446705) (OK)
[COMBAT_LOG] {"ts":1770377553299,"event":"DECISION","unit":"enemy_orc_archer","action":"Move","target":"(30.946701, 0, 25.86486)","score":1.2918551}
[RealtimeAIController] Orc Archer -> Move (#6) score:1.29
[CombatArena] ExecuteMovement: enemy_orc_archer -> (30.946701, 0, 25.86486)
[CombatArena] [STATE] AIDecision -> ActionExecution
[RealtimeAIController] State: AIDecision -> ActionExecution
[CombatArena] Orc Archer moved from (30.946701, 0, 30.446705) to (30.946701, 0, 25.86486), distance: 4.6
[CombatArena] [STATE] ActionExecution -> AIDecision
[RealtimeAIController] State: ActionExecution -> AIDecision
[AutoBattlerManager] Action: enemy_orc_archer -> Move to (30.946701, 0, 25.86486) (OK)
[COMBAT_LOG] {"ts":1770377553409,"event":"DECISION","unit":"enemy_orc_archer","action":"Move","target":"(30.946701, 0, 30.446707)","score":1.3117}
[RealtimeAIController] Orc Archer -> Move (#7) score:1.31
[CombatArena] ExecuteMovement: enemy_orc_archer -> (30.946701, 0, 30.446707)
[CombatArena] [STATE] AIDecision -> ActionExecution
[RealtimeAIController] State: AIDecision -> ActionExecution
[CombatArena] Orc Archer moved from (30.946701, 0, 25.86486) to (30.946701, 0, 30.446707), distance: 4.6
[CombatArena] [STATE] ActionExecution -> AIDecision
[RealtimeAIController] State: ActionExecution -> AIDecision
[AutoBattlerManager] Action: enemy_orc_archer -> Move to (30.946701, 0, 30.446707) (OK)
[COMBAT_LOG] {"ts":1770377553519,"event":"DECISION","unit":"enemy_orc_archer","action":"EndTurn","score":0.1017842}
[RealtimeAIController] Orc Archer -> EndTurn (#8) score:0.10
[RealtimeAIController] Calling EndCurrentTurn()
[CombatArena] [STATE] AIDecision -> TurnEnd
[RealtimeAIController] State: AIDecision -> TurnEnd
[CombatArena] [TURN] Round 2, Goblin Shaman
[CombatArena] [STATE] TurnEnd -> TurnStart
[RealtimeAIController] State: TurnEnd -> TurnStart
[CombatArena] [STATE] TurnStart -> AIDecision
[RealtimeAIController] State: TurnStart -> AIDecision
[CombatArena] Camera focusing on Goblin Shaman via hooks
[CombatArena] SelectCombatant called: enemy_shaman
[CombatArena] Selected: enemy_shaman
[CombatArena] Turn started: Goblin Shaman (AI)
[COMBAT_LOG] {"ts":1770377553525,"event":"TURN_START","turn":13,"round":2,"unit":"enemy_shaman","unit_name":"Goblin Shaman","faction":"Hostile","hp":28,"max_hp":28,"ap":"Action | Bonus | Reaction | Move:30/30","pos":[-2.3483496,0,24.795048]}
[RealtimeAIController] Turn started for Goblin Shaman
[COMBAT_LOG] {"ts":1770377553526,"event":"DECISION","unit":"enemy_shaman","action":"Move","target":"(27.65165, 0, 24.795048)","score":1.2693477}
[RealtimeAIController] Goblin Shaman -> Move (#1) score:1.27
[CombatArena] ExecuteMovement: enemy_shaman -> (27.65165, 0, 24.795048)
[CombatArena] [STATE] AIDecision -> ActionExecution
[RealtimeAIController] State: AIDecision -> ActionExecution
[CombatArena] Goblin Shaman moved from (-2.3483496, 0, 24.795048) to (27.65165, 0, 24.795048), distance: 30.0
[CombatArena] [STATE] ActionExecution -> AIDecision
[RealtimeAIController] State: ActionExecution -> AIDecision
[AutoBattlerManager] Action: enemy_shaman -> Move to (27.65165, 0, 24.795048) (OK)
[COMBAT_LOG] {"ts":1770377553635,"event":"DECISION","unit":"enemy_shaman","action":"Dash","score":3.1010475}
[RealtimeAIController] Goblin Shaman -> Dash (#2) score:3.10
[AutoBattlerManager] Action: enemy_shaman -> Dash (OK)
[COMBAT_LOG] {"ts":1770377553745,"event":"DECISION","unit":"enemy_shaman","action":"Move","target":"(42.65165, 0, 9.795048)","score":0.6563297}
[RealtimeAIController] Goblin Shaman -> Move (#3) score:0.66
[CombatArena] ExecuteMovement: enemy_shaman -> (42.65165, 0, 9.795048)
[CombatArena] [STATE] AIDecision -> ActionExecution
[RealtimeAIController] State: AIDecision -> ActionExecution
[CombatArena] Goblin Shaman moved from (27.65165, 0, 24.795048) to (42.65165, 0, 9.795048), distance: 21.2
[CombatArena] [STATE] ActionExecution -> AIDecision
[RealtimeAIController] State: ActionExecution -> AIDecision
[AutoBattlerManager] Action: enemy_shaman -> Move to (42.65165, 0, 9.795048) (OK)
[COMBAT_LOG] {"ts":1770377553855,"event":"DECISION","unit":"enemy_shaman","action":"Move","target":"(47.045048, 0, 5.4016495)","score":0.6595845}
[RealtimeAIController] Goblin Shaman -> Move (#4) score:0.66
[CombatArena] ExecuteMovement: enemy_shaman -> (47.045048, 0, 5.4016495)
[CombatArena] [STATE] AIDecision -> ActionExecution
[RealtimeAIController] State: AIDecision -> ActionExecution
[CombatArena] Goblin Shaman moved from (42.65165, 0, 9.795048) to (47.045048, 0, 5.4016495), distance: 6.2
[CombatArena] [STATE] ActionExecution -> AIDecision
[RealtimeAIController] State: ActionExecution -> AIDecision
[AutoBattlerManager] Action: enemy_shaman -> Move to (47.045048, 0, 5.4016495) (OK)
[COMBAT_LOG] {"ts":1770377553965,"event":"DECISION","unit":"enemy_shaman","action":"Move","target":"(45.75825, 0, 6.688446)","score":0.6594137}
[RealtimeAIController] Goblin Shaman -> Move (#5) score:0.66
[CombatArena] ExecuteMovement: enemy_shaman -> (45.75825, 0, 6.688446)
[CombatArena] [STATE] AIDecision -> ActionExecution
[RealtimeAIController] State: AIDecision -> ActionExecution
[CombatArena] Goblin Shaman moved from (47.045048, 0, 5.4016495) to (45.75825, 0, 6.688446), distance: 1.8
[CombatArena] [STATE] ActionExecution -> AIDecision
[RealtimeAIController] State: ActionExecution -> AIDecision
[AutoBattlerManager] Action: enemy_shaman -> Move to (45.75825, 0, 6.688446) (OK)
[COMBAT_LOG] {"ts":1770377554074,"event":"DECISION","unit":"enemy_shaman","action":"Move","target":"(45.75825, 0, 6.311552)","score":0.6595147}
[RealtimeAIController] Goblin Shaman -> Move (#6) score:0.66
[CombatArena] ExecuteMovement: enemy_shaman -> (45.75825, 0, 6.311552)
[CombatArena] [STATE] AIDecision -> ActionExecution
[RealtimeAIController] State: AIDecision -> ActionExecution
[CombatArena] Goblin Shaman moved from (45.75825, 0, 6.688446) to (45.75825, 0, 6.311552), distance: 0.4
[CombatArena] [STATE] ActionExecution -> AIDecision
[RealtimeAIController] State: ActionExecution -> AIDecision
[AutoBattlerManager] Action: enemy_shaman -> Move to (45.75825, 0, 6.311552) (OK)
[COMBAT_LOG] {"ts":1770377554184,"event":"DECISION","unit":"enemy_shaman","action":"Move","target":"(45.946697, 0, 6.123105)","score":0.6431063}
[RealtimeAIController] Goblin Shaman -> Move (#7) score:0.64
[CombatArena] ExecuteMovement: enemy_shaman -> (45.946697, 0, 6.123105)
[CombatArena] [STATE] AIDecision -> ActionExecution
[RealtimeAIController] State: AIDecision -> ActionExecution
[CombatArena] Goblin Shaman moved from (45.75825, 0, 6.311552) to (45.946697, 0, 6.123105), distance: 0.3
[CombatArena] [STATE] ActionExecution -> AIDecision
[RealtimeAIController] State: ActionExecution -> AIDecision
[AutoBattlerManager] Action: enemy_shaman -> Move to (45.946697, 0, 6.123105) (OK)
[COMBAT_LOG] {"ts":1770377554293,"event":"DECISION","unit":"enemy_shaman","action":"Move","target":"(45.836308, 0, 6.123105)","score":0.64456904}
[RealtimeAIController] Goblin Shaman -> Move (#8) score:0.64
[CombatArena] ExecuteMovement: enemy_shaman -> (45.836308, 0, 6.123105)
[CombatArena] [STATE] AIDecision -> ActionExecution
[RealtimeAIController] State: AIDecision -> ActionExecution
[CombatArena] Goblin Shaman moved from (45.946697, 0, 6.123105) to (45.836308, 0, 6.123105), distance: 0.1
[CombatArena] [STATE] ActionExecution -> AIDecision
[RealtimeAIController] State: ActionExecution -> AIDecision
[AutoBattlerManager] Action: enemy_shaman -> Move to (45.836308, 0, 6.123105) (OK)
[COMBAT_LOG] {"ts":1770377554403,"event":"DECISION","unit":"enemy_shaman","action":"Move","target":"(45.836308, 0, 6.1231046)","score":0.6579529}
[RealtimeAIController] Goblin Shaman -> Move (#9) score:0.66
[CombatArena] ExecuteMovement: enemy_shaman -> (45.836308, 0, 6.1231046)
[CombatArena] [STATE] AIDecision -> ActionExecution
[RealtimeAIController] State: AIDecision -> ActionExecution
[CombatArena] Goblin Shaman moved from (45.836308, 0, 6.123105) to (45.836308, 0, 6.1231046), distance: 0.0
[CombatArena] [STATE] ActionExecution -> AIDecision
[RealtimeAIController] State: ActionExecution -> AIDecision
[AutoBattlerManager] Action: enemy_shaman -> Move to (45.836308, 0, 6.1231046) (OK)
[COMBAT_LOG] {"ts":1770377554513,"event":"DECISION","unit":"enemy_shaman","action":"EndTurn","score":0.103454046}
[RealtimeAIController] Goblin Shaman -> EndTurn (#10) score:0.10
[RealtimeAIController] Calling EndCurrentTurn()
[CombatArena] [STATE] AIDecision -> TurnEnd
[RealtimeAIController] State: AIDecision -> TurnEnd
[CombatArena] [TURN] Round 2, Mage
[CombatArena] [STATE] TurnEnd -> TurnStart
[RealtimeAIController] State: TurnEnd -> TurnStart
[CombatArena] [STATE] TurnStart -> PlayerDecision
[RealtimeAIController] State: TurnStart -> PlayerDecision
[CombatArena] Camera focusing on Mage via hooks
[CombatArena] SelectCombatant called: player_mage
[CombatArena] Selected: player_mage
[CombatArena] Turn started: Mage (Player)
[COMBAT_LOG] {"ts":1770377554519,"event":"TURN_START","turn":14,"round":2,"unit":"player_mage","unit_name":"Mage","faction":"Player","hp":22,"max_hp":32,"ap":"Action | Bonus | Reaction | Move:30/30","pos":[23.25,0,-1]}
[RealtimeAIController] Turn started for Mage
[COMBAT_LOG] {"ts":1770377554519,"event":"DECISION","unit":"player_mage","action":"Move","target":"(38.25, 0, -1)","score":1.2655467}
[RealtimeAIController] Mage -> Move (#1) score:1.27
[CombatArena] ExecuteMovement: player_mage -> (38.25, 0, -1)
[CombatArena] [STATE] PlayerDecision -> ActionExecution
[RealtimeAIController] State: PlayerDecision -> ActionExecution
[CombatArena] Mage moved from (23.25, 0, -1) to (38.25, 0, -1), distance: 15.0
[CombatArena] [STATE] ActionExecution -> PlayerDecision
[RealtimeAIController] State: ActionExecution -> PlayerDecision
[AutoBattlerManager] Action: player_mage -> Move to (38.25, 0, -1) (OK)
[COMBAT_LOG] {"ts":1770377554629,"event":"DECISION","unit":"player_mage","action":"Move","target":"(45.75, 0, 6.5)","score":1.2628791}
[RealtimeAIController] Mage -> Move (#2) score:1.26
[CombatArena] ExecuteMovement: player_mage -> (45.75, 0, 6.5)
[CombatArena] [STATE] PlayerDecision -> ActionExecution
[RealtimeAIController] State: PlayerDecision -> ActionExecution
[CombatArena] Mage moved from (38.25, 0, -1) to (45.75, 0, 6.5), distance: 10.6
[CombatArena] [STATE] ActionExecution -> PlayerDecision
[RealtimeAIController] State: ActionExecution -> PlayerDecision
[AutoBattlerManager] Action: player_mage -> Move to (45.75, 0, 6.5) (OK)
[COMBAT_LOG] {"ts":1770377554739,"event":"DECISION","unit":"player_mage","action":"Move","target":"(43.5533, 0, 4.303301)","score":1.3192846}
[RealtimeAIController] Mage -> Move (#3) score:1.32
[CombatArena] ExecuteMovement: player_mage -> (43.5533, 0, 4.303301)
[CombatArena] [STATE] PlayerDecision -> ActionExecution
[RealtimeAIController] State: PlayerDecision -> ActionExecution
[CombatArena] Mage moved from (45.75, 0, 6.5) to (43.5533, 0, 4.303301), distance: 3.1
[CombatArena] [STATE] ActionExecution -> PlayerDecision
[RealtimeAIController] State: ActionExecution -> PlayerDecision
[AutoBattlerManager] Action: player_mage -> Move to (43.5533, 0, 4.303301) (OK)
[COMBAT_LOG] {"ts":1770377554848,"event":"DECISION","unit":"player_mage","action":"Dash","score":3.1206455}
[RealtimeAIController] Mage -> Dash (#4) score:3.12
[AutoBattlerManager] Action: player_mage -> Dash (OK)
[COMBAT_LOG] {"ts":1770377554958,"event":"DECISION","unit":"player_mage","action":"Move","target":"(59.196697, 0, 19.946697)","score":0.6567326}
[RealtimeAIController] Mage -> Move (#5) score:0.66
[CombatArena] ExecuteMovement: player_mage -> (59.196697, 0, 19.946697)
[CombatArena] [STATE] PlayerDecision -> ActionExecution
[RealtimeAIController] State: PlayerDecision -> ActionExecution
[CombatArena] Mage moved from (43.5533, 0, 4.303301) to (59.196697, 0, 19.946697), distance: 22.1
[CombatArena] [STATE] ActionExecution -> PlayerDecision
[RealtimeAIController] State: ActionExecution -> PlayerDecision
[AutoBattlerManager] Action: player_mage -> Move to (59.196697, 0, 19.946697) (OK)
[COMBAT_LOG] {"ts":1770377555069,"event":"DECISION","unit":"player_mage","action":"Move","target":"(59.196697, 0, 24.528542)","score":0.6527568}
[RealtimeAIController] Mage -> Move (#6) score:0.65
[CombatArena] ExecuteMovement: player_mage -> (59.196697, 0, 24.528542)
[CombatArena] [STATE] PlayerDecision -> ActionExecution
[RealtimeAIController] State: PlayerDecision -> ActionExecution
[CombatArena] Mage moved from (59.196697, 0, 19.946697) to (59.196697, 0, 24.528542), distance: 4.6
[CombatArena] [STATE] ActionExecution -> PlayerDecision
[RealtimeAIController] State: ActionExecution -> PlayerDecision
[AutoBattlerManager] Action: player_mage -> Move to (59.196697, 0, 24.528542) (OK)
[COMBAT_LOG] {"ts":1770377555183,"event":"DECISION","unit":"player_mage","action":"Move","target":"(63.77854, 0, 24.528542)","score":0.6447198}
[RealtimeAIController] Mage -> Move (#7) score:0.64
[CombatArena] ExecuteMovement: player_mage -> (63.77854, 0, 24.528542)
[CombatArena] [STATE] PlayerDecision -> ActionExecution
[RealtimeAIController] State: PlayerDecision -> ActionExecution
[CombatArena] Mage moved from (59.196697, 0, 24.528542) to (63.77854, 0, 24.528542), distance: 4.6
[CombatArena] [STATE] ActionExecution -> PlayerDecision
[RealtimeAIController] State: ActionExecution -> PlayerDecision
[AutoBattlerManager] Action: player_mage -> Move to (63.77854, 0, 24.528542) (OK)
[COMBAT_LOG] {"ts":1770377555296,"event":"DECISION","unit":"player_mage","action":"Move","target":"(63.77854, 0, 24.52854)","score":0.6563147}
[RealtimeAIController] Mage -> Move (#8) score:0.66
[CombatArena] ExecuteMovement: player_mage -> (63.77854, 0, 24.52854)
[CombatArena] [STATE] PlayerDecision -> ActionExecution
[RealtimeAIController] State: PlayerDecision -> ActionExecution
[CombatArena] Mage moved from (63.77854, 0, 24.528542) to (63.77854, 0, 24.52854), distance: 0.0
[CombatArena] [STATE] ActionExecution -> PlayerDecision
[RealtimeAIController] State: ActionExecution -> PlayerDecision
[AutoBattlerManager] Action: player_mage -> Move to (63.77854, 0, 24.52854) (OK)
[COMBAT_LOG] {"ts":1770377555408,"event":"DECISION","unit":"player_mage","action":"EndTurn","score":0.1034179}
[RealtimeAIController] Mage -> EndTurn (#9) score:0.10
[RealtimeAIController] Calling EndCurrentTurn()
[CombatArena] [STATE] PlayerDecision -> TurnEnd
[RealtimeAIController] State: PlayerDecision -> TurnEnd
[CombatArena] [TURN] Round 2, Orc Brute
[CombatArena] [STATE] TurnEnd -> TurnStart
[RealtimeAIController] State: TurnEnd -> TurnStart
[CombatArena] [STATE] TurnStart -> AIDecision
[RealtimeAIController] State: TurnStart -> AIDecision
[CombatArena] Camera focusing on Orc Brute via hooks
[CombatArena] SelectCombatant called: enemy_orc_brute
[CombatArena] Selected: enemy_orc_brute
[CombatArena] Turn started: Orc Brute (AI)
[COMBAT_LOG] {"ts":1770377555415,"event":"TURN_START","turn":15,"round":2,"unit":"enemy_orc_brute","unit_name":"Orc Brute","faction":"Hostile","hp":43,"max_hp":48,"ap":"Action | Bonus | Reaction | Move:30/30","pos":[38,0,0]}
[RealtimeAIController] Turn started for Orc Brute
[COMBAT_LOG] {"ts":1770377555415,"event":"DECISION","unit":"enemy_orc_brute","action":"Attack","target":"player_cleric","score":1.0554593}
[RealtimeAIController] Orc Brute -> Attack (#1) score:1.06
[CombatArena] ExecuteAbility: enemy_orc_brute -> basic_attack -> player_cleric
[CombatArena] [STATE] AIDecision -> ActionExecution
[RealtimeAIController] State: AIDecision -> ActionExecution
[CombatArena] Orc Brute used basic_attack on Cleric: damage:7
[CombatArena] ClearSelection called
[AutoBattlerManager] Action: enemy_orc_brute -> Attack:basic_attack->player_cleric (OK)
[CombatArena] [STATE] ActionExecution -> AIDecision
[RealtimeAIController] State: ActionExecution -> AIDecision
[COMBAT_LOG] {"ts":1770377556036,"event":"DECISION","unit":"enemy_orc_brute","action":"Move","target":"(38, 0, 15)","score":0.65909445}
[RealtimeAIController] Orc Brute -> Move (#2) score:0.66
[CombatArena] ExecuteMovement: enemy_orc_brute -> (38, 0, 15)
[CombatArena] [STATE] AIDecision -> ActionExecution
[RealtimeAIController] State: AIDecision -> ActionExecution
[CombatArena] Orc Brute moved from (38, 0, 0) to (38, 0, 15), distance: 15.0
[CombatArena] [STATE] ActionExecution -> AIDecision
[RealtimeAIController] State: ActionExecution -> AIDecision
[AutoBattlerManager] Action: enemy_orc_brute -> Move to (38, 0, 15) (OK)
[COMBAT_LOG] {"ts":1770377556148,"event":"DECISION","unit":"enemy_orc_brute","action":"Move","target":"(30.5, 0, 22.5)","score":1.2730933}
[RealtimeAIController] Orc Brute -> Move (#3) score:1.27
[CombatArena] ExecuteMovement: enemy_orc_brute -> (30.5, 0, 22.5)
[CombatArena] [STATE] AIDecision -> ActionExecution
[RealtimeAIController] State: AIDecision -> ActionExecution
[CombatArena] Orc Brute moved from (38, 0, 15) to (30.5, 0, 22.5), distance: 10.6
[CombatArena] [STATE] ActionExecution -> AIDecision
[RealtimeAIController] State: ActionExecution -> AIDecision
[AutoBattlerManager] Action: enemy_orc_brute -> Move to (30.5, 0, 22.5) (OK)
[COMBAT_LOG] {"ts":1770377556261,"event":"DECISION","unit":"enemy_orc_brute","action":"Move","target":"(30.5, 0, 24.6967)","score":1.3013841}
[RealtimeAIController] Orc Brute -> Move (#4) score:1.30
[CombatArena] ExecuteMovement: enemy_orc_brute -> (30.5, 0, 24.6967)
[CombatArena] [STATE] AIDecision -> ActionExecution
[RealtimeAIController] State: AIDecision -> ActionExecution
[CombatArena] Orc Brute moved from (30.5, 0, 22.5) to (30.5, 0, 24.6967), distance: 2.2
[CombatArena] [STATE] ActionExecution -> AIDecision
[RealtimeAIController] State: ActionExecution -> AIDecision
[AutoBattlerManager] Action: enemy_orc_brute -> Move to (30.5, 0, 24.6967) (OK)
[COMBAT_LOG] {"ts":1770377556373,"event":"DECISION","unit":"enemy_orc_brute","action":"Move","target":"(31.59835, 0, 25.795048)","score":1.3138739}
[RealtimeAIController] Orc Brute -> Move (#5) score:1.31
[CombatArena] ExecuteMovement: enemy_orc_brute -> (31.59835, 0, 25.795048)
[CombatArena] [STATE] AIDecision -> ActionExecution
[RealtimeAIController] State: AIDecision -> ActionExecution
[CombatArena] Orc Brute moved from (30.5, 0, 24.6967) to (31.59835, 0, 25.795048), distance: 1.6
[CombatArena] [STATE] ActionExecution -> AIDecision
[RealtimeAIController] State: ActionExecution -> AIDecision
[AutoBattlerManager] Action: enemy_orc_brute -> Move to (31.59835, 0, 25.795048) (OK)
[COMBAT_LOG] {"ts":1770377556485,"event":"DECISION","unit":"enemy_orc_brute","action":"Move","target":"(31.276651, 0, 25.473349)","score":1.3037177}
[RealtimeAIController] Orc Brute -> Move (#6) score:1.30
[CombatArena] ExecuteMovement: enemy_orc_brute -> (31.276651, 0, 25.473349)
[CombatArena] [STATE] AIDecision -> ActionExecution
[RealtimeAIController] State: AIDecision -> ActionExecution
[CombatArena] Orc Brute moved from (31.59835, 0, 25.795048) to (31.276651, 0, 25.473349), distance: 0.5
[CombatArena] [STATE] ActionExecution -> AIDecision
[RealtimeAIController] State: ActionExecution -> AIDecision
[AutoBattlerManager] Action: enemy_orc_brute -> Move to (31.276651, 0, 25.473349) (OK)
[COMBAT_LOG] {"ts":1770377556598,"event":"DECISION","unit":"enemy_orc_brute","action":"Move","target":"(31.370874, 0, 25.379126)","score":1.2920172}
[RealtimeAIController] Orc Brute -> Move (#7) score:1.29
[CombatArena] ExecuteMovement: enemy_orc_brute -> (31.370874, 0, 25.379126)
[CombatArena] [STATE] AIDecision -> ActionExecution
[RealtimeAIController] State: AIDecision -> ActionExecution
[CombatArena] Orc Brute moved from (31.276651, 0, 25.473349) to (31.370874, 0, 25.379126), distance: 0.1
[CombatArena] [STATE] ActionExecution -> AIDecision
[RealtimeAIController] State: ActionExecution -> AIDecision
[AutoBattlerManager] Action: enemy_orc_brute -> Move to (31.370874, 0, 25.379126) (OK)
[COMBAT_LOG] {"ts":1770377556710,"event":"DECISION","unit":"enemy_orc_brute","action":"Move","target":"(31.370874, 0, 25.32393)","score":1.3034014}
[RealtimeAIController] Orc Brute -> Move (#8) score:1.30
[CombatArena] ExecuteMovement: enemy_orc_brute -> (31.370874, 0, 25.32393)
[CombatArena] [STATE] AIDecision -> ActionExecution
[RealtimeAIController] State: AIDecision -> ActionExecution
[CombatArena] Orc Brute moved from (31.370874, 0, 25.379126) to (31.370874, 0, 25.32393), distance: 0.1
[CombatArena] [STATE] ActionExecution -> AIDecision
[RealtimeAIController] State: ActionExecution -> AIDecision
[AutoBattlerManager] Action: enemy_orc_brute -> Move to (31.370874, 0, 25.32393) (OK)
[COMBAT_LOG] {"ts":1770377556823,"event":"DECISION","unit":"enemy_orc_brute","action":"EndTurn","score":0.1061547}
[RealtimeAIController] Orc Brute -> EndTurn (#9) score:0.11
[RealtimeAIController] Calling EndCurrentTurn()
[CombatArena] [STATE] AIDecision -> TurnEnd
[RealtimeAIController] State: AIDecision -> TurnEnd
[CombatArena] [TURN] Round 2, Cleric
[CombatArena] [STATE] TurnEnd -> TurnStart
[RealtimeAIController] State: TurnEnd -> TurnStart
[CombatArena] [STATE] TurnStart -> PlayerDecision
[RealtimeAIController] State: TurnStart -> PlayerDecision
[CombatArena] Camera focusing on Cleric via hooks
[CombatArena] SelectCombatant called: player_cleric
[CombatArena] Selected: player_cleric
[CombatArena] Turn started: Cleric (Player)
[COMBAT_LOG] {"ts":1770377556830,"event":"TURN_START","turn":16,"round":2,"unit":"player_cleric","unit_name":"Cleric","faction":"Player","hp":37,"max_hp":44,"ap":"Action | Bonus | Reaction | Move:30/30","pos":[29,0,27]}
[RealtimeAIController] Turn started for Cleric
[COMBAT_LOG] {"ts":1770377556830,"event":"DECISION","unit":"player_cleric","action":"Attack","target":"enemy_orc_brute","score":0.7032781}
[RealtimeAIController] Cleric -> Attack (#1) score:0.70
[CombatArena] ExecuteAbility: player_cleric -> basic_attack -> enemy_orc_brute
[CombatArena] [STATE] PlayerDecision -> ActionExecution
[RealtimeAIController] State: PlayerDecision -> ActionExecution
[CombatArena] Cleric used basic_attack on Orc Brute: damage:8
[CombatArena] ClearSelection called
[AutoBattlerManager] Action: player_cleric -> Attack:basic_attack->enemy_orc_brute (OK)
[CombatArena] [STATE] ActionExecution -> PlayerDecision
[RealtimeAIController] State: ActionExecution -> PlayerDecision
[COMBAT_LOG] {"ts":1770377557440,"event":"DECISION","unit":"player_cleric","action":"Move","target":"(14, 0, 27)","score":0.64052063}
[RealtimeAIController] Cleric -> Move (#2) score:0.64
[CombatArena] ExecuteMovement: player_cleric -> (14, 0, 27)
[CombatArena] [STATE] PlayerDecision -> ActionExecution
[RealtimeAIController] State: PlayerDecision -> ActionExecution
[CombatArena] Cleric moved from (29, 0, 27) to (14, 0, 27), distance: 15.0
[CombatArena] [STATE] ActionExecution -> PlayerDecision
[RealtimeAIController] State: ActionExecution -> PlayerDecision
[AutoBattlerManager] Action: player_cleric -> Move to (14, 0, 27) (OK)
[COMBAT_LOG] {"ts":1770377557552,"event":"DECISION","unit":"player_cleric","action":"Move","target":"(29, 0, 27)","score":1.3165197}
[RealtimeAIController] Cleric -> Move (#3) score:1.32
[CombatArena] ExecuteMovement: player_cleric -> (29, 0, 27)
[CombatArena] [STATE] PlayerDecision -> ActionExecution
[RealtimeAIController] State: PlayerDecision -> ActionExecution
[CombatArena] Cleric moved from (14, 0, 27) to (29, 0, 27), distance: 15.0
[CombatArena] [STATE] ActionExecution -> PlayerDecision
[RealtimeAIController] State: ActionExecution -> PlayerDecision
[AutoBattlerManager] Action: player_cleric -> Move to (29, 0, 27) (OK)
[COMBAT_LOG] {"ts":1770377557664,"event":"DECISION","unit":"player_cleric","action":"EndTurn","score":0.10451526}
[RealtimeAIController] Cleric -> EndTurn (#4) score:0.10
[RealtimeAIController] Calling EndCurrentTurn()
[CombatArena] [STATE] PlayerDecision -> TurnEnd
[RealtimeAIController] State: PlayerDecision -> TurnEnd
[CombatArena] [TURN] Round 3, Rogue
[CombatArena] [STATE] TurnEnd -> RoundEnd
[RealtimeAIController] State: TurnEnd -> RoundEnd
[CombatArena] [STATE] RoundEnd -> TurnStart
[RealtimeAIController] State: RoundEnd -> TurnStart
[CombatArena] Round 3: Reset reactions for all combatants
[CombatArena] [STATE] TurnStart -> PlayerDecision
[RealtimeAIController] State: TurnStart -> PlayerDecision
[CombatArena] Camera focusing on Rogue via hooks
[CombatArena] SelectCombatant called: player_rogue
[CombatArena] Selected: player_rogue
[CombatArena] Turn started: Rogue (Player)
[COMBAT_LOG] {"ts":1770377557671,"event":"TURN_START","turn":17,"round":3,"unit":"player_rogue","unit_name":"Rogue","faction":"Player","hp":26,"max_hp":36,"ap":"Action | Bonus | Reaction | Move:30/30","pos":[2,0,28]}
[RealtimeAIController] Turn started for Rogue
[COMBAT_LOG] {"ts":1770377557672,"event":"DECISION","unit":"player_rogue","action":"Move","target":"(32, 0, 28)","score":1.276357}
[RealtimeAIController] Rogue -> Move (#1) score:1.28
[CombatArena] ExecuteMovement: player_rogue -> (32, 0, 28)
[CombatArena] [STATE] PlayerDecision -> ActionExecution
[RealtimeAIController] State: PlayerDecision -> ActionExecution
[CombatArena] Rogue moved from (2, 0, 28) to (32, 0, 28), distance: 30.0
[CombatArena] [STATE] ActionExecution -> PlayerDecision
[RealtimeAIController] State: ActionExecution -> PlayerDecision
[AutoBattlerManager] Action: player_rogue -> Move to (32, 0, 28) (OK)
[COMBAT_LOG] {"ts":1770377557783,"event":"DECISION","unit":"player_rogue","action":"Dash","score":3.0634737}
[RealtimeAIController] Rogue -> Dash (#2) score:3.06
[AutoBattlerManager] Action: player_rogue -> Dash (OK)
[COMBAT_LOG] {"ts":1770377557895,"event":"DECISION","unit":"player_rogue","action":"Move","target":"(17, 0, 28)","score":0.64966196}
[RealtimeAIController] Rogue -> Move (#3) score:0.65
[CombatArena] ExecuteMovement: player_rogue -> (17, 0, 28)
[CombatArena] [STATE] PlayerDecision -> ActionExecution
[RealtimeAIController] State: PlayerDecision -> ActionExecution
[CombatArena] Rogue moved from (32, 0, 28) to (17, 0, 28), distance: 15.0
[CombatArena] [STATE] ActionExecution -> PlayerDecision
[RealtimeAIController] State: ActionExecution -> PlayerDecision
[AutoBattlerManager] Action: player_rogue -> Move to (17, 0, 28) (OK)
[COMBAT_LOG] {"ts":1770377558007,"event":"DECISION","unit":"player_rogue","action":"Move","target":"(32, 0, 28)","score":1.2112123}
[RealtimeAIController] Rogue -> Move (#4) score:1.21
[CombatArena] ExecuteMovement: player_rogue -> (32, 0, 28)
[CombatArena] [STATE] PlayerDecision -> ActionExecution
[RealtimeAIController] State: PlayerDecision -> ActionExecution
[CombatArena] Rogue moved from (17, 0, 28) to (32, 0, 28), distance: 15.0
[CombatArena] [STATE] ActionExecution -> PlayerDecision
[RealtimeAIController] State: ActionExecution -> PlayerDecision
[AutoBattlerManager] Action: player_rogue -> Move to (32, 0, 28) (OK)
[COMBAT_LOG] {"ts":1770377558119,"event":"DECISION","unit":"player_rogue","action":"EndTurn","score":0.10059085}
[RealtimeAIController] Rogue -> EndTurn (#5) score:0.10
[RealtimeAIController] Calling EndCurrentTurn()
[CombatArena] [STATE] PlayerDecision -> TurnEnd
[RealtimeAIController] State: PlayerDecision -> TurnEnd
[CombatArena] [TURN] Round 3, Goblin Skirmisher
[CombatArena] [STATE] TurnEnd -> TurnStart
[RealtimeAIController] State: TurnEnd -> TurnStart
[CombatArena] [STATE] TurnStart -> AIDecision
[RealtimeAIController] State: TurnStart -> AIDecision
[CombatArena] Camera focusing on Goblin Skirmisher via hooks
[CombatArena] SelectCombatant called: enemy_goblin
[CombatArena] Selected: enemy_goblin
[CombatArena] Turn started: Goblin Skirmisher (AI)
[COMBAT_LOG] {"ts":1770377558126,"event":"TURN_START","turn":18,"round":3,"unit":"enemy_goblin","unit_name":"Goblin Skirmisher","faction":"Hostile","hp":13,"max_hp":22,"ap":"Action | Bonus | Reaction | Move:30/30","pos":[22,0,3]}
[RealtimeAIController] Turn started for Goblin Skirmisher
[COMBAT_LOG] {"ts":1770377558126,"event":"DECISION","unit":"enemy_goblin","action":"Attack","target":"player_mage","score":1.063953}
[RealtimeAIController] Goblin Skirmisher -> Attack (#1) score:1.06
[CombatArena] ExecuteAbility: enemy_goblin -> basic_attack -> player_mage
[CombatArena] [STATE] AIDecision -> ActionExecution
[RealtimeAIController] State: AIDecision -> ActionExecution
[CombatArena] Goblin Skirmisher used basic_attack on Mage: damage:5
[CombatArena] ClearSelection called
[AutoBattlerManager] Action: enemy_goblin -> Attack:basic_attack->player_mage (OK)
[CombatArena] [STATE] ActionExecution -> AIDecision
[RealtimeAIController] State: ActionExecution -> AIDecision
[COMBAT_LOG] {"ts":1770377558734,"event":"DECISION","unit":"enemy_goblin","action":"Move","target":"(22, 0, 18)","score":0.64379877}
[RealtimeAIController] Goblin Skirmisher -> Move (#2) score:0.64
[CombatArena] ExecuteMovement: enemy_goblin -> (22, 0, 18)
[CombatArena] [STATE] AIDecision -> ActionExecution
[RealtimeAIController] State: AIDecision -> ActionExecution
[CombatArena] Goblin Skirmisher moved from (22, 0, 3) to (22, 0, 18), distance: 15.0
[CombatArena] [STATE] ActionExecution -> AIDecision
[RealtimeAIController] State: ActionExecution -> AIDecision
[AutoBattlerManager] Action: enemy_goblin -> Move to (22, 0, 18) (OK)
[COMBAT_LOG] {"ts":1770377558846,"event":"DECISION","unit":"enemy_goblin","action":"Move","target":"(29.5, 0, 25.5)","score":1.2437366}
[RealtimeAIController] Goblin Skirmisher -> Move (#3) score:1.24
[CombatArena] ExecuteMovement: enemy_goblin -> (29.5, 0, 25.5)
[CombatArena] [STATE] AIDecision -> ActionExecution
[RealtimeAIController] State: AIDecision -> ActionExecution
[CombatArena] Goblin Skirmisher moved from (22, 0, 18) to (29.5, 0, 25.5), distance: 10.6
[CombatArena] [STATE] ActionExecution -> AIDecision
[RealtimeAIController] State: ActionExecution -> AIDecision
[AutoBattlerManager] Action: enemy_goblin -> Move to (29.5, 0, 25.5) (OK)
[COMBAT_LOG] {"ts":1770377558957,"event":"DECISION","unit":"enemy_goblin","action":"Move","target":"(31.6967, 0, 25.5)","score":1.3139616}
[RealtimeAIController] Goblin Skirmisher -> Move (#4) score:1.31
[CombatArena] ExecuteMovement: enemy_goblin -> (31.6967, 0, 25.5)
[CombatArena] [STATE] AIDecision -> ActionExecution
[RealtimeAIController] State: AIDecision -> ActionExecution
[CombatArena] Goblin Skirmisher moved from (29.5, 0, 25.5) to (31.6967, 0, 25.5), distance: 2.2
[CombatArena] [STATE] ActionExecution -> AIDecision
[RealtimeAIController] State: ActionExecution -> AIDecision
[AutoBattlerManager] Action: enemy_goblin -> Move to (31.6967, 0, 25.5) (OK)
[COMBAT_LOG] {"ts":1770377559069,"event":"DECISION","unit":"enemy_goblin","action":"Move","target":"(30.59835, 0, 24.40165)","score":1.3149304}
[RealtimeAIController] Goblin Skirmisher -> Move (#5) score:1.31
[CombatArena] ExecuteMovement: enemy_goblin -> (30.59835, 0, 24.40165)
[CombatArena] [STATE] AIDecision -> ActionExecution
[RealtimeAIController] State: AIDecision -> ActionExecution
[CombatArena] Goblin Skirmisher moved from (31.6967, 0, 25.5) to (30.59835, 0, 24.40165), distance: 1.6
[CombatArena] [STATE] ActionExecution -> AIDecision
[RealtimeAIController] State: ActionExecution -> AIDecision
[AutoBattlerManager] Action: enemy_goblin -> Move to (30.59835, 0, 24.40165) (OK)
[COMBAT_LOG] {"ts":1770377559180,"event":"DECISION","unit":"enemy_goblin","action":"Move","target":"(30.59835, 0, 25.045048)","score":1.318506}
[RealtimeAIController] Goblin Skirmisher -> Move (#6) score:1.32
[CombatArena] ExecuteMovement: enemy_goblin -> (30.59835, 0, 25.045048)
[CombatArena] [STATE] AIDecision -> ActionExecution
[RealtimeAIController] State: AIDecision -> ActionExecution
[CombatArena] Goblin Skirmisher moved from (30.59835, 0, 24.40165) to (30.59835, 0, 25.045048), distance: 0.6
[CombatArena] [STATE] ActionExecution -> AIDecision
[RealtimeAIController] State: ActionExecution -> AIDecision
[AutoBattlerManager] Action: enemy_goblin -> Move to (30.59835, 0, 25.045048) (OK)
[COMBAT_LOG] {"ts":1770377559292,"event":"DECISION","unit":"enemy_goblin","action":"EndTurn","score":0.102338515}
[RealtimeAIController] Goblin Skirmisher -> EndTurn (#7) score:0.10
[RealtimeAIController] Calling EndCurrentTurn()
[CombatArena] [STATE] AIDecision -> TurnEnd
[RealtimeAIController] State: AIDecision -> TurnEnd
[CombatArena] [TURN] Round 3, Fighter
[CombatArena] [STATE] TurnEnd -> TurnStart
[RealtimeAIController] State: TurnEnd -> TurnStart
[CombatArena] [STATE] TurnStart -> PlayerDecision
[RealtimeAIController] State: TurnStart -> PlayerDecision
[CombatArena] Camera focusing on Fighter via hooks
[CombatArena] SelectCombatant called: player_fighter
[CombatArena] Selected: player_fighter
[CombatArena] Turn started: Fighter (Player)
[COMBAT_LOG] {"ts":1770377559299,"event":"TURN_START","turn":19,"round":3,"unit":"player_fighter","unit_name":"Fighter","faction":"Player","hp":42,"max_hp":52,"ap":"Action | Bonus | Reaction | Move:30/30","pos":[17.895292,0,46.530437]}
[RealtimeAIController] Turn started for Fighter
[COMBAT_LOG] {"ts":1770377559299,"event":"DECISION","unit":"player_fighter","action":"Move","target":"(32.895294, 0, 31.530437)","score":1.2765186}
[RealtimeAIController] Fighter -> Move (#1) score:1.28
[CombatArena] ExecuteMovement: player_fighter -> (32.895294, 0, 31.530437)
[CombatArena] [STATE] PlayerDecision -> ActionExecution
[RealtimeAIController] State: PlayerDecision -> ActionExecution
[CombatArena] Fighter moved from (17.895292, 0, 46.530437) to (32.895294, 0, 31.530437), distance: 21.2
[CombatArena] [STATE] ActionExecution -> PlayerDecision
[RealtimeAIController] State: ActionExecution -> PlayerDecision
[AutoBattlerManager] Action: player_fighter -> Move to (32.895294, 0, 31.530437) (OK)
[COMBAT_LOG] {"ts":1770377559410,"event":"DECISION","unit":"player_fighter","action":"Move","target":"(28.501896, 0, 27.13704)","score":1.3154308}
[RealtimeAIController] Fighter -> Move (#2) score:1.32
[CombatArena] ExecuteMovement: player_fighter -> (28.501896, 0, 27.13704)
[CombatArena] [STATE] PlayerDecision -> ActionExecution
[RealtimeAIController] State: PlayerDecision -> ActionExecution
[CombatArena] Fighter moved from (32.895294, 0, 31.530437) to (28.501896, 0, 27.13704), distance: 6.2
[CombatArena] [STATE] ActionExecution -> PlayerDecision
[RealtimeAIController] State: ActionExecution -> PlayerDecision
[AutoBattlerManager] Action: player_fighter -> Move to (28.501896, 0, 27.13704) (OK)
[COMBAT_LOG] {"ts":1770377559522,"event":"DECISION","unit":"player_fighter","action":"Dash","score":3.0787237}
[RealtimeAIController] Fighter -> Dash (#3) score:3.08
[AutoBattlerManager] Action: player_fighter -> Dash (OK)
[COMBAT_LOG] {"ts":1770377559633,"event":"DECISION","unit":"player_fighter","action":"Move","target":"(44.788692, 0, 10.850243)","score":1.2200714}
[RealtimeAIController] Fighter -> Move (#4) score:1.22
[CombatArena] ExecuteMovement: player_fighter -> (44.788692, 0, 10.850243)
[CombatArena] [STATE] PlayerDecision -> ActionExecution
[RealtimeAIController] State: PlayerDecision -> ActionExecution
[CombatArena] Fighter moved from (28.501896, 0, 27.13704) to (44.788692, 0, 10.850243), distance: 23.0
[CombatArena] [STATE] ActionExecution -> PlayerDecision
[RealtimeAIController] State: ActionExecution -> PlayerDecision
[AutoBattlerManager] Action: player_fighter -> Move to (44.788692, 0, 10.850243) (OK)
[COMBAT_LOG] {"ts":1770377559745,"event":"DECISION","unit":"player_fighter","action":"Move","target":"(49.558983, 0, 6.0799503)","score":1.2899851}
[RealtimeAIController] Fighter -> Move (#5) score:1.29
[CombatArena] ExecuteMovement: player_fighter -> (49.558983, 0, 6.0799503)
[CombatArena] [STATE] PlayerDecision -> ActionExecution
[RealtimeAIController] State: PlayerDecision -> ActionExecution
[CombatArena] Fighter moved from (44.788692, 0, 10.850243) to (49.558983, 0, 6.0799503), distance: 6.7
[CombatArena] [STATE] ActionExecution -> PlayerDecision
[RealtimeAIController] State: ActionExecution -> PlayerDecision
[AutoBattlerManager] Action: player_fighter -> Move to (49.558983, 0, 6.0799503) (OK)
[COMBAT_LOG] {"ts":1770377559856,"event":"DECISION","unit":"player_fighter","action":"Move","target":"(48.161797, 0, 7.4771376)","score":1.2994673}
[RealtimeAIController] Fighter -> Move (#6) score:1.30
[CombatArena] ExecuteMovement: player_fighter -> (48.161797, 0, 7.4771376)
[CombatArena] [STATE] PlayerDecision -> ActionExecution
[RealtimeAIController] State: PlayerDecision -> ActionExecution
[CombatArena] Fighter moved from (49.558983, 0, 6.0799503) to (48.161797, 0, 7.4771376), distance: 2.0
[CombatArena] [STATE] ActionExecution -> PlayerDecision
[RealtimeAIController] State: ActionExecution -> PlayerDecision
[AutoBattlerManager] Action: player_fighter -> Move to (48.161797, 0, 7.4771376) (OK)
[COMBAT_LOG] {"ts":1770377559968,"event":"DECISION","unit":"player_fighter","action":"Move","target":"(48.571022, 0, 7.8863645)","score":1.3159094}
[RealtimeAIController] Fighter -> Move (#7) score:1.32
[CombatArena] ExecuteMovement: player_fighter -> (48.571022, 0, 7.8863645)
[CombatArena] [STATE] PlayerDecision -> ActionExecution
[RealtimeAIController] State: PlayerDecision -> ActionExecution
[CombatArena] Fighter moved from (48.161797, 0, 7.4771376) to (48.571022, 0, 7.8863645), distance: 0.6
[CombatArena] [STATE] ActionExecution -> PlayerDecision
[RealtimeAIController] State: ActionExecution -> PlayerDecision
[AutoBattlerManager] Action: player_fighter -> Move to (48.571022, 0, 7.8863645) (OK)
[COMBAT_LOG] {"ts":1770377560079,"event":"DECISION","unit":"player_fighter","action":"Move","target":"(48.331303, 0, 7.8863645)","score":1.3165822}
[RealtimeAIController] Fighter -> Move (#8) score:1.32
[CombatArena] ExecuteMovement: player_fighter -> (48.331303, 0, 7.8863645)
[CombatArena] [STATE] PlayerDecision -> ActionExecution
[RealtimeAIController] State: PlayerDecision -> ActionExecution
[CombatArena] Fighter moved from (48.571022, 0, 7.8863645) to (48.331303, 0, 7.8863645), distance: 0.2
[CombatArena] [STATE] ActionExecution -> PlayerDecision
[RealtimeAIController] State: ActionExecution -> PlayerDecision
[AutoBattlerManager] Action: player_fighter -> Move to (48.331303, 0, 7.8863645) (OK)
[COMBAT_LOG] {"ts":1770377560191,"event":"DECISION","unit":"player_fighter","action":"Move","target":"(48.331303, 0, 7.886364)","score":1.3124273}
[RealtimeAIController] Fighter -> Move (#9) score:1.31
[CombatArena] ExecuteMovement: player_fighter -> (48.331303, 0, 7.886364)
[CombatArena] [STATE] PlayerDecision -> ActionExecution
[RealtimeAIController] State: PlayerDecision -> ActionExecution
[CombatArena] Fighter moved from (48.331303, 0, 7.8863645) to (48.331303, 0, 7.886364), distance: 0.0
[CombatArena] [STATE] ActionExecution -> PlayerDecision
[RealtimeAIController] State: ActionExecution -> PlayerDecision
[AutoBattlerManager] Action: player_fighter -> Move to (48.331303, 0, 7.886364) (OK)
[COMBAT_LOG] {"ts":1770377560302,"event":"DECISION","unit":"player_fighter","action":"Move","target":"(48.331303, 0, 7.8863645)","score":1.3029172}
[RealtimeAIController] Fighter -> Move (#10) score:1.30
[CombatArena] ExecuteMovement: player_fighter -> (48.331303, 0, 7.8863645)
[CombatArena] [STATE] PlayerDecision -> ActionExecution
[RealtimeAIController] State: PlayerDecision -> ActionExecution
[CombatArena] Fighter moved from (48.331303, 0, 7.886364) to (48.331303, 0, 7.8863645), distance: 0.0
[CombatArena] [STATE] ActionExecution -> PlayerDecision
[RealtimeAIController] State: ActionExecution -> PlayerDecision
[AutoBattlerManager] Action: player_fighter -> Move to (48.331303, 0, 7.8863645) (OK)
[COMBAT_LOG] {"ts":1770377560413,"event":"DECISION","unit":"player_fighter","action":"EndTurn","score":0.102730654}
[RealtimeAIController] Fighter -> EndTurn (#11) score:0.10
[RealtimeAIController] Calling EndCurrentTurn()
[CombatArena] [STATE] PlayerDecision -> TurnEnd
[RealtimeAIController] State: PlayerDecision -> TurnEnd
[CombatArena] [TURN] Round 3, Orc Archer
[CombatArena] [STATE] TurnEnd -> TurnStart
[RealtimeAIController] State: TurnEnd -> TurnStart
[CombatArena] [STATE] TurnStart -> AIDecision
[RealtimeAIController] State: TurnStart -> AIDecision
[CombatArena] Camera focusing on Orc Archer via hooks
[CombatArena] SelectCombatant called: enemy_orc_archer
[CombatArena] Selected: enemy_orc_archer
[CombatArena] Turn started: Orc Archer (AI)
[COMBAT_LOG] {"ts":1770377560420,"event":"TURN_START","turn":20,"round":3,"unit":"enemy_orc_archer","unit_name":"Orc Archer","faction":"Hostile","hp":19,"max_hp":30,"ap":"Action | Bonus | Reaction | Move:30/30","pos":[30.946701,0,30.446707]}
[AutoBattlerManager] Turn limit reached (20)
[AutoBattleWatchdog] Monitoring STOPPED
[RealtimeAIController] Processing DISABLED
[COMBAT_LOG] {"ts":1770377560422,"event":"BATTLE_END","winner":"Draw (timeout)","total_turns":20,"total_rounds":3,"duration_ms":17415}

â•”â•â•â•â•â•â•â•â•â•â•â•â•â•â•â•â•â•â•â•â•â•â•â•â•â•â•â•â•â•â•â•â•â•â•â•â•â•â•â•â•â•â•â•â•â•â•â•â•â•â•â•â•—
â•‘             AUTO-BATTLE RESULTS                   â•‘
â•šâ•â•â•â•â•â•â•â•â•â•â•â•â•â•â•â•â•â•â•â•â•â•â•â•â•â•â•â•â•â•â•â•â•â•â•â•â•â•â•â•â•â•â•â•â•â•â•â•â•â•â•â•

  Winner:       Draw (timeout)
  Total Turns:  20
  Total Rounds: 3
  Duration:     17415ms
  Completed:    False
  End Reason:   max_turns_exceeded
  Seed:         2005

  Surviving Units:
    - Fighter (player_fighter) HP:42/52
    - Mage (player_mage) HP:17/32
    - Cleric (player_cleric) HP:37/44
    - Rogue (player_rogue) HP:26/36
    - Orc Brute (enemy_orc_brute) HP:35/48
    - Orc Archer (enemy_orc_archer) HP:19/30
    - Goblin Skirmisher (enemy_goblin) HP:13/22
    - Goblin Shaman (enemy_shaman) HP:28/28

AUTO-BATTLE: FAILED (max_turns_exceeded)
[RealtimeAIController] Turn started for Orc Archer
[RealtimeAIController] Orc Archer -> Attack (#1) score:1.06
[CombatArena] ExecuteAbility: enemy_orc_archer -> basic_attack -> player_mage
[CombatArena] [STATE] AIDecision -> ActionExecution
[RealtimeAIController] State: AIDecision -> ActionExecution
[CombatArena] Orc Archer used basic_attack on Mage: damage:6
[CombatArena] ClearSelection called
[AutoBattlerManager] Action: enemy_orc_archer -> Attack:basic_attack->player_mage (OK)
