[0;32m[INFO][0m Using Godot: godot
[0;32m[INFO][0m Project dir: /home/martin/repos/qdnd
[0;32m[INFO][0m Running auto-battle...
[0;36mâ•â•â•â•â•â•â•â•â•â•â•â•â•â•â•â•â•â•â•â•â•â•â•â•â•â•â•â•â•â•â•â•â•â•â•â•â•â•â•â•â•â•â•â•â•â•â•â•â•â•â•[0m
Godot Engine v4.6.stable.mono.official.89cea1439 - https://godotengine.org

[CLIEntryPoint] Raw args: res://Tools/CLIRunner.tscn
[CLIEntryPoint] User args: --run-autobattle --seed 2004 --freeze-timeout 10 --loop-threshold 20 --max-turns 20 --log-file artifacts/autobattle/stress3/seed_2004.jsonl
[CLIEntryPoint] Parsed args: run-autobattle=true, seed=2004, freeze-timeout=10, loop-threshold=20, max-turns=20, log-file=artifacts/autobattle/stress3/seed_2004.jsonl
[CLIEntryPoint] Checking modes: run-tests=False, run-simulation=False, run-autobattle=True
=== IN-ENGINE AUTO-BATTLE RUN ===
Timestamp: 2026-02-06T11:32:06.2962974Z
NOTE: Running the REAL CombatArena.tscn scene with AI control.

Seed: 2004
Scenario: res://Data/Scenarios/autobattle_4v4.json
Log file: artifacts/autobattle/stress3/seed_2004.jsonl
Max rounds: 100
Max turns: 20
Watchdog freeze timeout: 10s
Watchdog loop threshold: 20

[AutoBattlerManager] === STARTING IN-ENGINE AUTO-BATTLE ===
[AutoBattlerManager] Seed: 2004
[AutoBattlerManager] Scenario: res://Data/Scenarios/autobattle_4v4.json
[AutoBattlerManager] Loading scene: res://Combat/Arena/CombatArena.tscn
[CombatArena] === COMBAT ARENA INITIALIZING ===
[CombatArena] Ground collision plane created (100x100m at Y=0)
[CombatArena] CombatContext created
[CombatContext] Registered service: CombatStateMachine
[CombatContext] Registered service: TurnQueueService
[CombatContext] Registered service: CommandService
[CombatContext] Registered service: CombatLog
[CombatContext] Registered service: ScenarioLoader
[Registry] Loaded from /home/martin/repos/qdnd/Data:
  - 7 abilities
  - 6 statuses
  - 20 scenarios
[INFO] [Registry] Dependencies: Checked 7 abilities, 6 statuses, 20 scenarios
[Registry] Validation complete: 0 errors, 0 warnings
[CombatContext] Registered service: DataRegistry
[CombatContext] Registered service: RulesEngine
[CombatContext] Registered service: StatusManager
[CombatContext] Registered service: EffectPipeline
[CombatContext] Registered service: TargetValidator
[CombatContext] Registered service: ReactionSystem
[CombatContext] Registered service: LOSService
[CombatContext] Registered service: HeightService
[CombatContext] Registered service: AIDecisionPipeline
[CombatContext] Registered service: MovementService
[CombatContext] Registered service: SurfaceManager
[CombatContext] Registered service: PresentationRequestBus
[CombatContext] Registered service: CameraStateHooks
[CombatArena] UI Models initialized
[CombatArena] Services registered: 18
[CombatArena] Loaded scenario: 8 combatants
[CombatArena] Loaded scenario from: res://Data/Scenarios/autobattle_4v4.json
[CombatArena] Registered default abilities: basic_attack, ranged_attack, power_strike
[CombatArena] Instantiating visual from scene for Fighter
[CombatantVisual] CollisionShape3D found for Fighter
[CombatantVisual] Fighter initialized - Layer: 2, Mask: 0, Pickable: True, HasShape: True
[CombatArena] Spawned visual for Fighter at (0, 0, 0), Layer: 2, InTree: True
[CombatArena] Instantiating visual from scene for Mage
[CombatantVisual] CollisionShape3D found for Mage
[CombatantVisual] Mage initialized - Layer: 2, Mask: 0, Pickable: True, HasShape: True
[CombatArena] Spawned visual for Mage at (-3, 0, -1), Layer: 2, InTree: True
[CombatArena] Instantiating visual from scene for Cleric
[CombatantVisual] CollisionShape3D found for Cleric
[CombatantVisual] Cleric initialized - Layer: 2, Mask: 0, Pickable: True, HasShape: True
[CombatArena] Spawned visual for Cleric at (-1, 0, -3), Layer: 2, InTree: True
[CombatArena] Instantiating visual from scene for Rogue
[CombatantVisual] CollisionShape3D found for Rogue
[CombatantVisual] Rogue initialized - Layer: 2, Mask: 0, Pickable: True, HasShape: True
[CombatArena] Spawned visual for Rogue at (2, 0, -2), Layer: 2, InTree: True
[CombatArena] Instantiating visual from scene for Orc Brute
[CombatantVisual] CollisionShape3D found for Orc Brute
[CombatantVisual] Orc Brute initialized - Layer: 2, Mask: 0, Pickable: True, HasShape: True
[CombatArena] Spawned visual for Orc Brute at (8, 0, 0), Layer: 2, InTree: True
[CombatArena] Instantiating visual from scene for Orc Archer
[CombatantVisual] CollisionShape3D found for Orc Archer
[CombatantVisual] Orc Archer initialized - Layer: 2, Mask: 0, Pickable: True, HasShape: True
[CombatArena] Spawned visual for Orc Archer at (10, 0, 2), Layer: 2, InTree: True
[CombatArena] Instantiating visual from scene for Goblin Skirmisher
[CombatantVisual] CollisionShape3D found for Goblin Skirmisher
[CombatantVisual] Goblin Skirmisher initialized - Layer: 2, Mask: 0, Pickable: True, HasShape: True
[CombatArena] Spawned visual for Goblin Skirmisher at (7, 0, 3), Layer: 2, InTree: True
[CombatArena] Instantiating visual from scene for Goblin Shaman
[CombatantVisual] CollisionShape3D found for Goblin Shaman
[CombatantVisual] Goblin Shaman initialized - Layer: 2, Mask: 0, Pickable: True, HasShape: True
[CombatArena] Spawned visual for Goblin Shaman at (10, 0, -1), Layer: 2, InTree: True
[CombatArena] [STATE] NotInCombat -> CombatStart
[CombatArena] [TURN] Round 1, Rogue
[CombatArena] [STATE] CombatStart -> TurnStart
[CombatArena] Round 1: Reset reactions for all combatants
[CombatArena] [STATE] TurnStart -> PlayerDecision
[CombatArena] Camera focusing on Rogue via hooks
[CombatArena] SelectCombatant called: player_rogue
[CombatArena] Selected: player_rogue
[CombatArena] Turn started: Rogue (Player)
[CombatArena] === COMBAT ARENA READY ===
[AutoBattlerManager] CombatArena added to scene tree
[AutoBattleWatchdog] Ready
[AutoBattlerManager] Watchdog created
[RealtimeAIController] Ready
[AutoBattlerManager] RealtimeAIController created
[AutoBattleWatchdog] Monitoring STARTED (freeze: 10s, loop: 20 in 1s)
[AutoBattlerManager] Scene loaded, waiting for combat to start...
[AutoBattlerManager] Arena ready, attaching AI controller...
[RealtimeAIController] Subscribed to state machine
[RealtimeAIController] Attached to CombatArena
[COMBAT_LOG] {"ts":1770377526537,"event":"BATTLE_START","seed":2004,"units":[{"id":"player_fighter","name":"Fighter","faction":"Player","hp":52,"max_hp":52,"pos":[0,0,0],"alive":true},{"id":"player_mage","name":"Mage","faction":"Player","hp":32,"max_hp":32,"pos":[-3,0,-1],"alive":true},{"id":"player_cleric","name":"Cleric","faction":"Player","hp":44,"max_hp":44,"pos":[-1,0,-3],"alive":true},{"id":"player_rogue","name":"Rogue","faction":"Player","hp":36,"max_hp":36,"pos":[2,0,-2],"alive":true},{"id":"enemy_orc_brute","name":"Orc Brute","faction":"Hostile","hp":48,"max_hp":48,"pos":[8,0,0],"alive":true},{"id":"enemy_orc_archer","name":"Orc Archer","faction":"Hostile","hp":30,"max_hp":30,"pos":[10,0,2],"alive":true},{"id":"enemy_goblin","name":"Goblin Skirmisher","faction":"Hostile","hp":22,"max_hp":22,"pos":[7,0,3],"alive":true},{"id":"enemy_shaman","name":"Goblin Shaman","faction":"Hostile","hp":28,"max_hp":28,"pos":[10,0,-1],"alive":true}]}
[AutoBattlerManager] Enabling AI processing...
[RealtimeAIController] Processing ENABLED
[COMBAT_LOG] {"ts":1770377526898,"event":"TURN_START","turn":1,"round":1,"unit":"player_rogue","unit_name":"Rogue","faction":"Player","hp":36,"max_hp":36,"ap":"Action | Bonus | Reaction | Move:30/30","pos":[2,0,-2]}
[RealtimeAIController] Turn started for Rogue
[COMBAT_LOG] {"ts":1770377526907,"event":"DECISION","unit":"player_rogue","action":"Attack","target":"enemy_orc_brute","score":0.7144488}
[RealtimeAIController] Rogue -> Attack (#1) score:0.71
[CombatArena] ExecuteAbility: player_rogue -> basic_attack -> enemy_orc_brute
[CombatArena] [STATE] PlayerDecision -> ActionExecution
[RealtimeAIController] State: PlayerDecision -> ActionExecution
[CombatArena] Rogue used basic_attack on Orc Brute: damage:6
[CombatArena] ClearSelection called
[AutoBattlerManager] Action: player_rogue -> Attack:basic_attack->enemy_orc_brute (OK)
[CombatArena] [STATE] ActionExecution -> PlayerDecision
[RealtimeAIController] State: ActionExecution -> PlayerDecision
[COMBAT_LOG] {"ts":1770377527497,"event":"DECISION","unit":"player_rogue","action":"Move","target":"(17, 0, -17)","score":0.6588691}
[RealtimeAIController] Rogue -> Move (#2) score:0.66
[CombatArena] ExecuteMovement: player_rogue -> (17, 0, -17)
[CombatArena] [STATE] PlayerDecision -> ActionExecution
[RealtimeAIController] State: PlayerDecision -> ActionExecution
[CombatArena] Rogue moved from (2, 0, -2) to (17, 0, -17), distance: 21.2
[CombatArena] [STATE] ActionExecution -> PlayerDecision
[RealtimeAIController] State: ActionExecution -> PlayerDecision
[AutoBattlerManager] Action: player_rogue -> Move to (17, 0, -17) (OK)
[COMBAT_LOG] {"ts":1770377527608,"event":"DECISION","unit":"player_rogue","action":"Move","target":"(21.393398, 0, -12.606602)","score":0.6590677}
[RealtimeAIController] Rogue -> Move (#3) score:0.66
[CombatArena] ExecuteMovement: player_rogue -> (21.393398, 0, -12.606602)
[CombatArena] [STATE] PlayerDecision -> ActionExecution
[RealtimeAIController] State: PlayerDecision -> ActionExecution
[CombatArena] Rogue moved from (17, 0, -17) to (21.393398, 0, -12.606602), distance: 6.2
[CombatArena] [STATE] ActionExecution -> PlayerDecision
[RealtimeAIController] State: ActionExecution -> PlayerDecision
[AutoBattlerManager] Action: player_rogue -> Move to (21.393398, 0, -12.606602) (OK)
[COMBAT_LOG] {"ts":1770377527719,"event":"DECISION","unit":"player_rogue","action":"Move","target":"(22.680195, 0, -11.319805)","score":0.6488389}
[RealtimeAIController] Rogue -> Move (#4) score:0.65
[CombatArena] ExecuteMovement: player_rogue -> (22.680195, 0, -11.319805)
[CombatArena] [STATE] PlayerDecision -> ActionExecution
[RealtimeAIController] State: PlayerDecision -> ActionExecution
[CombatArena] Rogue moved from (21.393398, 0, -12.606602) to (22.680195, 0, -11.319805), distance: 1.8
[CombatArena] [STATE] ActionExecution -> PlayerDecision
[RealtimeAIController] State: ActionExecution -> PlayerDecision
[AutoBattlerManager] Action: player_rogue -> Move to (22.680195, 0, -11.319805) (OK)
[COMBAT_LOG] {"ts":1770377527831,"event":"DECISION","unit":"player_rogue","action":"Move","target":"(23.057089, 0, -11.319805)","score":0.65753776}
[RealtimeAIController] Rogue -> Move (#5) score:0.66
[CombatArena] ExecuteMovement: player_rogue -> (23.057089, 0, -11.319805)
[CombatArena] [STATE] PlayerDecision -> ActionExecution
[RealtimeAIController] State: PlayerDecision -> ActionExecution
[CombatArena] Rogue moved from (22.680195, 0, -11.319805) to (23.057089, 0, -11.319805), distance: 0.4
[CombatArena] [STATE] ActionExecution -> PlayerDecision
[RealtimeAIController] State: ActionExecution -> PlayerDecision
[AutoBattlerManager] Action: player_rogue -> Move to (23.057089, 0, -11.319805) (OK)
[COMBAT_LOG] {"ts":1770377527943,"event":"DECISION","unit":"player_rogue","action":"Move","target":"(23.433983, 0, -11.319805)","score":0.65314084}
[RealtimeAIController] Rogue -> Move (#6) score:0.65
[CombatArena] ExecuteMovement: player_rogue -> (23.433983, 0, -11.319805)
[CombatArena] [STATE] PlayerDecision -> ActionExecution
[RealtimeAIController] State: PlayerDecision -> ActionExecution
[CombatArena] Rogue moved from (23.057089, 0, -11.319805) to (23.433983, 0, -11.319805), distance: 0.4
[CombatArena] [STATE] ActionExecution -> PlayerDecision
[RealtimeAIController] State: ActionExecution -> PlayerDecision
[AutoBattlerManager] Action: player_rogue -> Move to (23.433983, 0, -11.319805) (OK)
[COMBAT_LOG] {"ts":1770377528054,"event":"DECISION","unit":"player_rogue","action":"EndTurn","score":0.10127742}
[RealtimeAIController] Rogue -> EndTurn (#7) score:0.10
[RealtimeAIController] Calling EndCurrentTurn()
[CombatArena] [STATE] PlayerDecision -> TurnEnd
[RealtimeAIController] State: PlayerDecision -> TurnEnd
[CombatArena] [TURN] Round 1, Goblin Skirmisher
[CombatArena] [STATE] TurnEnd -> TurnStart
[RealtimeAIController] State: TurnEnd -> TurnStart
[CombatArena] [STATE] TurnStart -> AIDecision
[RealtimeAIController] State: TurnStart -> AIDecision
[CombatArena] Camera focusing on Goblin Skirmisher via hooks
[CombatArena] SelectCombatant called: enemy_goblin
[CombatArena] Selected: enemy_goblin
[CombatArena] Turn started: Goblin Skirmisher (AI)
[COMBAT_LOG] {"ts":1770377528061,"event":"TURN_START","turn":2,"round":1,"unit":"enemy_goblin","unit_name":"Goblin Skirmisher","faction":"Hostile","hp":22,"max_hp":22,"ap":"Action | Bonus | Reaction | Move:30/30","pos":[7,0,3]}
[RealtimeAIController] Turn started for Goblin Skirmisher
[COMBAT_LOG] {"ts":1770377528061,"event":"DECISION","unit":"enemy_goblin","action":"Move","target":"(22, 0, -12)","score":1.2219635}
[RealtimeAIController] Goblin Skirmisher -> Move (#1) score:1.22
[CombatArena] ExecuteMovement: enemy_goblin -> (22, 0, -12)
[CombatArena] [STATE] AIDecision -> ActionExecution
[RealtimeAIController] State: AIDecision -> ActionExecution
[CombatArena] Goblin Skirmisher moved from (7, 0, 3) to (22, 0, -12), distance: 21.2
[CombatArena] [STATE] ActionExecution -> AIDecision
[RealtimeAIController] State: ActionExecution -> AIDecision
[AutoBattlerManager] Action: enemy_goblin -> Move to (22, 0, -12) (OK)
[COMBAT_LOG] {"ts":1770377528172,"event":"DECISION","unit":"enemy_goblin","action":"Move","target":"(26.393398, 0, -12)","score":1.3046559}
[RealtimeAIController] Goblin Skirmisher -> Move (#2) score:1.30
[CombatArena] ExecuteMovement: enemy_goblin -> (26.393398, 0, -12)
[CombatArena] [STATE] AIDecision -> ActionExecution
[RealtimeAIController] State: AIDecision -> ActionExecution
[CombatArena] Goblin Skirmisher moved from (22, 0, -12) to (26.393398, 0, -12), distance: 4.4
[CombatArena] [STATE] ActionExecution -> AIDecision
[RealtimeAIController] State: ActionExecution -> AIDecision
[AutoBattlerManager] Action: enemy_goblin -> Move to (26.393398, 0, -12) (OK)
[COMBAT_LOG] {"ts":1770377528283,"event":"DECISION","unit":"enemy_goblin","action":"Move","target":"(24.1967, 0, -14.196699)","score":1.2933877}
[RealtimeAIController] Goblin Skirmisher -> Move (#3) score:1.29
[CombatArena] ExecuteMovement: enemy_goblin -> (24.1967, 0, -14.196699)
[CombatArena] [STATE] AIDecision -> ActionExecution
[RealtimeAIController] State: AIDecision -> ActionExecution
[CombatArena] Goblin Skirmisher moved from (26.393398, 0, -12) to (24.1967, 0, -14.196699), distance: 3.1
[CombatArena] [STATE] ActionExecution -> AIDecision
[RealtimeAIController] State: ActionExecution -> AIDecision
[AutoBattlerManager] Action: enemy_goblin -> Move to (24.1967, 0, -14.196699) (OK)
[COMBAT_LOG] {"ts":1770377528395,"event":"DECISION","unit":"enemy_goblin","action":"Dash","score":3.1828134}
[RealtimeAIController] Goblin Skirmisher -> Dash (#4) score:3.18
[AutoBattlerManager] Action: enemy_goblin -> Dash (OK)
[COMBAT_LOG] {"ts":1770377528506,"event":"DECISION","unit":"enemy_goblin","action":"Move","target":"(24.1967, 0, 17.090097)","score":0.6584917}
[RealtimeAIController] Goblin Skirmisher -> Move (#5) score:0.66
[CombatArena] ExecuteMovement: enemy_goblin -> (24.1967, 0, 17.090097)
[CombatArena] [STATE] AIDecision -> ActionExecution
[RealtimeAIController] State: AIDecision -> ActionExecution
[CombatArena] Goblin Skirmisher moved from (24.1967, 0, -14.196699) to (24.1967, 0, 17.090097), distance: 31.3
[CombatArena] [STATE] ActionExecution -> AIDecision
[RealtimeAIController] State: ActionExecution -> AIDecision
[AutoBattlerManager] Action: enemy_goblin -> Move to (24.1967, 0, 17.090097) (OK)
[COMBAT_LOG] {"ts":1770377528617,"event":"DECISION","unit":"enemy_goblin","action":"EndTurn","score":0.10237254}
[RealtimeAIController] Goblin Skirmisher -> EndTurn (#6) score:0.10
[RealtimeAIController] Calling EndCurrentTurn()
[CombatArena] [STATE] AIDecision -> TurnEnd
[RealtimeAIController] State: AIDecision -> TurnEnd
[CombatArena] [TURN] Round 1, Fighter
[CombatArena] [STATE] TurnEnd -> TurnStart
[RealtimeAIController] State: TurnEnd -> TurnStart
[CombatArena] [STATE] TurnStart -> PlayerDecision
[RealtimeAIController] State: TurnStart -> PlayerDecision
[CombatArena] Camera focusing on Fighter via hooks
[CombatArena] SelectCombatant called: player_fighter
[CombatArena] Selected: player_fighter
[CombatArena] Turn started: Fighter (Player)
[COMBAT_LOG] {"ts":1770377528624,"event":"TURN_START","turn":3,"round":1,"unit":"player_fighter","unit_name":"Fighter","faction":"Player","hp":52,"max_hp":52,"ap":"Action | Bonus | Reaction | Move:30/30","pos":[0,0,0]}
[RealtimeAIController] Turn started for Fighter
[COMBAT_LOG] {"ts":1770377528624,"event":"DECISION","unit":"player_fighter","action":"Attack","target":"enemy_orc_archer","score":0.7120781}
[RealtimeAIController] Fighter -> Attack (#1) score:0.71
[CombatArena] ExecuteAbility: player_fighter -> basic_attack -> enemy_orc_archer
[CombatArena] [STATE] PlayerDecision -> ActionExecution
[RealtimeAIController] State: PlayerDecision -> ActionExecution
[CombatArena] Fighter used basic_attack on Orc Archer: damage:10
[CombatArena] ClearSelection called
[AutoBattlerManager] Action: player_fighter -> Attack:basic_attack->enemy_orc_archer (OK)
[CombatArena] [STATE] ActionExecution -> PlayerDecision
[RealtimeAIController] State: ActionExecution -> PlayerDecision
[COMBAT_LOG] {"ts":1770377529229,"event":"DECISION","unit":"player_fighter","action":"Move","target":"(0, 0, 30)","score":0.6510176}
[RealtimeAIController] Fighter -> Move (#2) score:0.65
[CombatArena] ExecuteMovement: player_fighter -> (0, 0, 30)
[CombatArena] [STATE] PlayerDecision -> ActionExecution
[RealtimeAIController] State: PlayerDecision -> ActionExecution
[CombatArena] Fighter moved from (0, 0, 0) to (0, 0, 30), distance: 30.0
[CombatArena] [STATE] ActionExecution -> PlayerDecision
[RealtimeAIController] State: ActionExecution -> PlayerDecision
[AutoBattlerManager] Action: player_fighter -> Move to (0, 0, 30) (OK)
[COMBAT_LOG] {"ts":1770377529340,"event":"DECISION","unit":"player_fighter","action":"EndTurn","score":0.10729776}
[RealtimeAIController] Fighter -> EndTurn (#3) score:0.11
[RealtimeAIController] Calling EndCurrentTurn()
[CombatArena] [STATE] PlayerDecision -> TurnEnd
[RealtimeAIController] State: PlayerDecision -> TurnEnd
[CombatArena] [TURN] Round 1, Orc Archer
[CombatArena] [STATE] TurnEnd -> TurnStart
[RealtimeAIController] State: TurnEnd -> TurnStart
[CombatArena] [STATE] TurnStart -> AIDecision
[RealtimeAIController] State: TurnStart -> AIDecision
[CombatArena] Camera focusing on Orc Archer via hooks
[CombatArena] SelectCombatant called: enemy_orc_archer
[CombatArena] Selected: enemy_orc_archer
[CombatArena] Turn started: Orc Archer (AI)
[COMBAT_LOG] {"ts":1770377529347,"event":"TURN_START","turn":4,"round":1,"unit":"enemy_orc_archer","unit_name":"Orc Archer","faction":"Hostile","hp":20,"max_hp":30,"ap":"Action | Bonus | Reaction | Move:30/30","pos":[10,0,2]}
[RealtimeAIController] Turn started for Orc Archer
[COMBAT_LOG] {"ts":1770377529347,"event":"DECISION","unit":"enemy_orc_archer","action":"Move","target":"(25, 0, -13)","score":1.293118}
[RealtimeAIController] Orc Archer -> Move (#1) score:1.29
[CombatArena] ExecuteMovement: enemy_orc_archer -> (25, 0, -13)
[CombatArena] [STATE] AIDecision -> ActionExecution
[RealtimeAIController] State: AIDecision -> ActionExecution
[CombatArena] Orc Archer moved from (10, 0, 2) to (25, 0, -13), distance: 21.2
[CombatArena] [STATE] ActionExecution -> AIDecision
[RealtimeAIController] State: ActionExecution -> AIDecision
[AutoBattlerManager] Action: enemy_orc_archer -> Move to (25, 0, -13) (OK)
[COMBAT_LOG] {"ts":1770377529458,"event":"DECISION","unit":"enemy_orc_archer","action":"Move","target":"(25, 0, -8.606602)","score":1.2828844}
[RealtimeAIController] Orc Archer -> Move (#2) score:1.28
[CombatArena] ExecuteMovement: enemy_orc_archer -> (25, 0, -8.606602)
[CombatArena] [STATE] AIDecision -> ActionExecution
[RealtimeAIController] State: AIDecision -> ActionExecution
[CombatArena] Orc Archer moved from (25, 0, -13) to (25, 0, -8.606602), distance: 4.4
[CombatArena] [STATE] ActionExecution -> AIDecision
[RealtimeAIController] State: ActionExecution -> AIDecision
[AutoBattlerManager] Action: enemy_orc_archer -> Move to (25, 0, -8.606602) (OK)
[COMBAT_LOG] {"ts":1770377529569,"event":"DECISION","unit":"enemy_orc_archer","action":"Move","target":"(27.1967, 0, -8.606602)","score":1.2873242}
[RealtimeAIController] Orc Archer -> Move (#3) score:1.29
[CombatArena] ExecuteMovement: enemy_orc_archer -> (27.1967, 0, -8.606602)
[CombatArena] [STATE] AIDecision -> ActionExecution
[RealtimeAIController] State: AIDecision -> ActionExecution
[CombatArena] Orc Archer moved from (25, 0, -8.606602) to (27.1967, 0, -8.606602), distance: 2.2
[CombatArena] [STATE] ActionExecution -> AIDecision
[RealtimeAIController] State: ActionExecution -> AIDecision
[AutoBattlerManager] Action: enemy_orc_archer -> Move to (27.1967, 0, -8.606602) (OK)
[COMBAT_LOG] {"ts":1770377529680,"event":"DECISION","unit":"enemy_orc_archer","action":"Dash","score":3.0124261}
[RealtimeAIController] Orc Archer -> Dash (#4) score:3.01
[AutoBattlerManager] Action: enemy_orc_archer -> Dash (OK)
[COMBAT_LOG] {"ts":1770377529791,"event":"DECISION","unit":"enemy_orc_archer","action":"Move","target":"(27.1967, 0, -40.803303)","score":0.6599108}
[RealtimeAIController] Orc Archer -> Move (#5) score:0.66
[CombatArena] ExecuteMovement: enemy_orc_archer -> (27.1967, 0, -40.803303)
[CombatArena] [STATE] AIDecision -> ActionExecution
[RealtimeAIController] State: AIDecision -> ActionExecution
[CombatArena] Orc Archer moved from (27.1967, 0, -8.606602) to (27.1967, 0, -40.803303), distance: 32.2
[CombatArena] [STATE] ActionExecution -> AIDecision
[RealtimeAIController] State: ActionExecution -> AIDecision
[AutoBattlerManager] Action: enemy_orc_archer -> Move to (27.1967, 0, -40.803303) (OK)
[COMBAT_LOG] {"ts":1770377529903,"event":"DECISION","unit":"enemy_orc_archer","action":"EndTurn","score":0.10878416}
[RealtimeAIController] Orc Archer -> EndTurn (#6) score:0.11
[RealtimeAIController] Calling EndCurrentTurn()
[CombatArena] [STATE] AIDecision -> TurnEnd
[RealtimeAIController] State: AIDecision -> TurnEnd
[CombatArena] [TURN] Round 1, Goblin Shaman
[CombatArena] [STATE] TurnEnd -> TurnStart
[RealtimeAIController] State: TurnEnd -> TurnStart
[CombatArena] [STATE] TurnStart -> AIDecision
[RealtimeAIController] State: TurnStart -> AIDecision
[CombatArena] Camera focusing on Goblin Shaman via hooks
[CombatArena] SelectCombatant called: enemy_shaman
[CombatArena] Selected: enemy_shaman
[CombatArena] Turn started: Goblin Shaman (AI)
[COMBAT_LOG] {"ts":1770377529909,"event":"TURN_START","turn":5,"round":1,"unit":"enemy_shaman","unit_name":"Goblin Shaman","faction":"Hostile","hp":28,"max_hp":28,"ap":"Action | Bonus | Reaction | Move:30/30","pos":[10,0,-1]}
[RealtimeAIController] Turn started for Goblin Shaman
[COMBAT_LOG] {"ts":1770377529910,"event":"DECISION","unit":"enemy_shaman","action":"Move","target":"(-5, 0, -1)","score":1.2657952}
[RealtimeAIController] Goblin Shaman -> Move (#1) score:1.27
[CombatArena] ExecuteMovement: enemy_shaman -> (-5, 0, -1)
[CombatArena] [STATE] AIDecision -> ActionExecution
[RealtimeAIController] State: AIDecision -> ActionExecution
[CombatArena] Goblin Shaman moved from (10, 0, -1) to (-5, 0, -1), distance: 15.0
[CombatArena] [STATE] ActionExecution -> AIDecision
[RealtimeAIController] State: ActionExecution -> AIDecision
[AutoBattlerManager] Action: enemy_shaman -> Move to (-5, 0, -1) (OK)
[COMBAT_LOG] {"ts":1770377530021,"event":"DECISION","unit":"enemy_shaman","action":"Move","target":"(2.5, 0, -1)","score":1.2117106}
[RealtimeAIController] Goblin Shaman -> Move (#2) score:1.21
[CombatArena] ExecuteMovement: enemy_shaman -> (2.5, 0, -1)
[CombatArena] [STATE] AIDecision -> ActionExecution
[RealtimeAIController] State: AIDecision -> ActionExecution
[CombatArena] Goblin Shaman moved from (-5, 0, -1) to (2.5, 0, -1), distance: 7.5
[CombatArena] [STATE] ActionExecution -> AIDecision
[RealtimeAIController] State: ActionExecution -> AIDecision
[AutoBattlerManager] Action: enemy_shaman -> Move to (2.5, 0, -1) (OK)
[COMBAT_LOG] {"ts":1770377530131,"event":"DECISION","unit":"enemy_shaman","action":"Move","target":"(2.5, 0, -4.75)","score":1.2808126}
[RealtimeAIController] Goblin Shaman -> Move (#3) score:1.28
[CombatArena] ExecuteMovement: enemy_shaman -> (2.5, 0, -4.75)
[CombatArena] [STATE] AIDecision -> ActionExecution
[RealtimeAIController] State: AIDecision -> ActionExecution
[CombatArena] Goblin Shaman moved from (2.5, 0, -1) to (2.5, 0, -4.75), distance: 3.8
[CombatArena] [STATE] ActionExecution -> AIDecision
[RealtimeAIController] State: ActionExecution -> AIDecision
[AutoBattlerManager] Action: enemy_shaman -> Move to (2.5, 0, -4.75) (OK)
[COMBAT_LOG] {"ts":1770377530243,"event":"DECISION","unit":"enemy_shaman","action":"Dash","score":3.1797905}
[RealtimeAIController] Goblin Shaman -> Dash (#4) score:3.18
[AutoBattlerManager] Action: enemy_shaman -> Dash (OK)
[COMBAT_LOG] {"ts":1770377530353,"event":"DECISION","unit":"enemy_shaman","action":"Move","target":"(2.5, 0, 29)","score":1.2707535}
[RealtimeAIController] Goblin Shaman -> Move (#5) score:1.27
[CombatArena] ExecuteMovement: enemy_shaman -> (2.5, 0, 29)
[CombatArena] [STATE] AIDecision -> ActionExecution
[RealtimeAIController] State: AIDecision -> ActionExecution
[CombatArena] Goblin Shaman moved from (2.5, 0, -4.75) to (2.5, 0, 29), distance: 33.8
[CombatArena] [STATE] ActionExecution -> AIDecision
[RealtimeAIController] State: ActionExecution -> AIDecision
[AutoBattlerManager] Action: enemy_shaman -> Move to (2.5, 0, 29) (OK)
[COMBAT_LOG] {"ts":1770377530464,"event":"DECISION","unit":"enemy_shaman","action":"EndTurn","score":0.102820486}
[RealtimeAIController] Goblin Shaman -> EndTurn (#6) score:0.10
[RealtimeAIController] Calling EndCurrentTurn()
[CombatArena] [STATE] AIDecision -> TurnEnd
[RealtimeAIController] State: AIDecision -> TurnEnd
[CombatArena] [TURN] Round 1, Mage
[CombatArena] [STATE] TurnEnd -> TurnStart
[RealtimeAIController] State: TurnEnd -> TurnStart
[CombatArena] [STATE] TurnStart -> PlayerDecision
[RealtimeAIController] State: TurnStart -> PlayerDecision
[CombatArena] Camera focusing on Mage via hooks
[CombatArena] SelectCombatant called: player_mage
[CombatArena] Selected: player_mage
[CombatArena] Turn started: Mage (Player)
[COMBAT_LOG] {"ts":1770377530471,"event":"TURN_START","turn":6,"round":1,"unit":"player_mage","unit_name":"Mage","faction":"Player","hp":32,"max_hp":32,"ap":"Action | Bonus | Reaction | Move:30/30","pos":[-3,0,-1]}
[RealtimeAIController] Turn started for Mage
[COMBAT_LOG] {"ts":1770377530471,"event":"DECISION","unit":"player_mage","action":"Move","target":"(12, 0, -1)","score":1.2192189}
[RealtimeAIController] Mage -> Move (#1) score:1.22
[CombatArena] ExecuteMovement: player_mage -> (12, 0, -1)
[CombatArena] [STATE] PlayerDecision -> ActionExecution
[RealtimeAIController] State: PlayerDecision -> ActionExecution
[CombatArena] Mage moved from (-3, 0, -1) to (12, 0, -1), distance: 15.0
[CombatArena] [STATE] ActionExecution -> PlayerDecision
[RealtimeAIController] State: ActionExecution -> PlayerDecision
[AutoBattlerManager] Action: player_mage -> Move to (12, 0, -1) (OK)
[COMBAT_LOG] {"ts":1770377530582,"event":"DECISION","unit":"player_mage","action":"Move","target":"(4.5, 0, -1)","score":1.2707316}
[RealtimeAIController] Mage -> Move (#2) score:1.27
[CombatArena] ExecuteMovement: player_mage -> (4.5, 0, -1)
[CombatArena] [STATE] PlayerDecision -> ActionExecution
[RealtimeAIController] State: PlayerDecision -> ActionExecution
[CombatArena] Mage moved from (12, 0, -1) to (4.5, 0, -1), distance: 7.5
[CombatArena] [STATE] ActionExecution -> PlayerDecision
[RealtimeAIController] State: ActionExecution -> PlayerDecision
[AutoBattlerManager] Action: player_mage -> Move to (4.5, 0, -1) (OK)
[COMBAT_LOG] {"ts":1770377530693,"event":"DECISION","unit":"player_mage","action":"Move","target":"(8.25, 0, -1)","score":1.2830398}
[RealtimeAIController] Mage -> Move (#3) score:1.28
[CombatArena] ExecuteMovement: player_mage -> (8.25, 0, -1)
[CombatArena] [STATE] PlayerDecision -> ActionExecution
[RealtimeAIController] State: PlayerDecision -> ActionExecution
[CombatArena] Mage moved from (4.5, 0, -1) to (8.25, 0, -1), distance: 3.8
[CombatArena] [STATE] ActionExecution -> PlayerDecision
[RealtimeAIController] State: ActionExecution -> PlayerDecision
[AutoBattlerManager] Action: player_mage -> Move to (8.25, 0, -1) (OK)
[COMBAT_LOG] {"ts":1770377530804,"event":"DECISION","unit":"player_mage","action":"Move","target":"(6.375, 0, -1)","score":1.3122607}
[RealtimeAIController] Mage -> Move (#4) score:1.31
[CombatArena] ExecuteMovement: player_mage -> (6.375, 0, -1)
[CombatArena] [STATE] PlayerDecision -> ActionExecution
[RealtimeAIController] State: PlayerDecision -> ActionExecution
[CombatArena] Mage moved from (8.25, 0, -1) to (6.375, 0, -1), distance: 1.9
[CombatArena] [STATE] ActionExecution -> PlayerDecision
[RealtimeAIController] State: ActionExecution -> PlayerDecision
[AutoBattlerManager] Action: player_mage -> Move to (6.375, 0, -1) (OK)
[COMBAT_LOG] {"ts":1770377530915,"event":"DECISION","unit":"player_mage","action":"Dash","score":3.0026035}
[RealtimeAIController] Mage -> Dash (#5) score:3.00
[AutoBattlerManager] Action: player_mage -> Dash (OK)
[COMBAT_LOG] {"ts":1770377531026,"event":"DECISION","unit":"player_mage","action":"Move","target":"(6.375, 0, 30.875)","score":1.3028816}
[RealtimeAIController] Mage -> Move (#6) score:1.30
[CombatArena] ExecuteMovement: player_mage -> (6.375, 0, 30.875)
[CombatArena] [STATE] PlayerDecision -> ActionExecution
[RealtimeAIController] State: PlayerDecision -> ActionExecution
[CombatArena] Mage moved from (6.375, 0, -1) to (6.375, 0, 30.875), distance: 31.9
[CombatArena] [STATE] ActionExecution -> PlayerDecision
[RealtimeAIController] State: ActionExecution -> PlayerDecision
[AutoBattlerManager] Action: player_mage -> Move to (6.375, 0, 30.875) (OK)
[COMBAT_LOG] {"ts":1770377531136,"event":"DECISION","unit":"player_mage","action":"EndTurn","score":0.10573459}
[RealtimeAIController] Mage -> EndTurn (#7) score:0.11
[RealtimeAIController] Calling EndCurrentTurn()
[CombatArena] [STATE] PlayerDecision -> TurnEnd
[RealtimeAIController] State: PlayerDecision -> TurnEnd
[CombatArena] [TURN] Round 1, Orc Brute
[CombatArena] [STATE] TurnEnd -> TurnStart
[RealtimeAIController] State: TurnEnd -> TurnStart
[CombatArena] [STATE] TurnStart -> AIDecision
[RealtimeAIController] State: TurnStart -> AIDecision
[CombatArena] Camera focusing on Orc Brute via hooks
[CombatArena] SelectCombatant called: enemy_orc_brute
[CombatArena] Selected: enemy_orc_brute
[CombatArena] Turn started: Orc Brute (AI)
[COMBAT_LOG] {"ts":1770377531143,"event":"TURN_START","turn":7,"round":1,"unit":"enemy_orc_brute","unit_name":"Orc Brute","faction":"Hostile","hp":42,"max_hp":48,"ap":"Action | Bonus | Reaction | Move:30/30","pos":[8,0,0]}
[RealtimeAIController] Turn started for Orc Brute
[COMBAT_LOG] {"ts":1770377531144,"event":"DECISION","unit":"enemy_orc_brute","action":"Move","target":"(23, 0, -15)","score":1.2607826}
[RealtimeAIController] Orc Brute -> Move (#1) score:1.26
[CombatArena] ExecuteMovement: enemy_orc_brute -> (23, 0, -15)
[CombatArena] [STATE] AIDecision -> ActionExecution
[RealtimeAIController] State: AIDecision -> ActionExecution
[CombatArena] Orc Brute moved from (8, 0, 0) to (23, 0, -15), distance: 21.2
[CombatArena] [STATE] ActionExecution -> AIDecision
[RealtimeAIController] State: ActionExecution -> AIDecision
[AutoBattlerManager] Action: enemy_orc_brute -> Move to (23, 0, -15) (OK)
[COMBAT_LOG] {"ts":1770377531254,"event":"DECISION","unit":"enemy_orc_brute","action":"Move","target":"(23, 0, -10.606602)","score":1.3098339}
[RealtimeAIController] Orc Brute -> Move (#2) score:1.31
[CombatArena] ExecuteMovement: enemy_orc_brute -> (23, 0, -10.606602)
[CombatArena] [STATE] AIDecision -> ActionExecution
[RealtimeAIController] State: AIDecision -> ActionExecution
[CombatArena] Orc Brute moved from (23, 0, -15) to (23, 0, -10.606602), distance: 4.4
[CombatArena] [STATE] ActionExecution -> AIDecision
[RealtimeAIController] State: ActionExecution -> AIDecision
[AutoBattlerManager] Action: enemy_orc_brute -> Move to (23, 0, -10.606602) (OK)
[COMBAT_LOG] {"ts":1770377531365,"event":"DECISION","unit":"enemy_orc_brute","action":"Move","target":"(23, 0, -12.803301)","score":1.3181794}
[RealtimeAIController] Orc Brute -> Move (#3) score:1.32
[CombatArena] ExecuteMovement: enemy_orc_brute -> (23, 0, -12.803301)
[CombatArena] [STATE] AIDecision -> ActionExecution
[RealtimeAIController] State: AIDecision -> ActionExecution
[CombatArena] Orc Brute moved from (23, 0, -10.606602) to (23, 0, -12.803301), distance: 2.2
[CombatArena] [STATE] ActionExecution -> AIDecision
[RealtimeAIController] State: ActionExecution -> AIDecision
[AutoBattlerManager] Action: enemy_orc_brute -> Move to (23, 0, -12.803301) (OK)
[COMBAT_LOG] {"ts":1770377531476,"event":"DECISION","unit":"enemy_orc_brute","action":"Move","target":"(23, 0, -11.704951)","score":1.2733121}
[RealtimeAIController] Orc Brute -> Move (#4) score:1.27
[CombatArena] ExecuteMovement: enemy_orc_brute -> (23, 0, -11.704951)
[CombatArena] [STATE] AIDecision -> ActionExecution
[RealtimeAIController] State: AIDecision -> ActionExecution
[CombatArena] Orc Brute moved from (23, 0, -12.803301) to (23, 0, -11.704951), distance: 1.1
[CombatArena] [STATE] ActionExecution -> AIDecision
[RealtimeAIController] State: ActionExecution -> AIDecision
[AutoBattlerManager] Action: enemy_orc_brute -> Move to (23, 0, -11.704951) (OK)
[COMBAT_LOG] {"ts":1770377531586,"event":"DECISION","unit":"enemy_orc_brute","action":"Move","target":"(23, 0, -12.254126)","score":1.3049713}
[RealtimeAIController] Orc Brute -> Move (#5) score:1.30
[CombatArena] ExecuteMovement: enemy_orc_brute -> (23, 0, -12.254126)
[CombatArena] [STATE] AIDecision -> ActionExecution
[RealtimeAIController] State: AIDecision -> ActionExecution
[CombatArena] Orc Brute moved from (23, 0, -11.704951) to (23, 0, -12.254126), distance: 0.5
[CombatArena] [STATE] ActionExecution -> AIDecision
[RealtimeAIController] State: ActionExecution -> AIDecision
[AutoBattlerManager] Action: enemy_orc_brute -> Move to (23, 0, -12.254126) (OK)
[COMBAT_LOG] {"ts":1770377531697,"event":"DECISION","unit":"enemy_orc_brute","action":"Dash","score":3.1829362}
[RealtimeAIController] Orc Brute -> Dash (#6) score:3.18
[AutoBattlerManager] Action: enemy_orc_brute -> Dash (OK)
[COMBAT_LOG] {"ts":1770377531808,"event":"DECISION","unit":"enemy_orc_brute","action":"Move","target":"(23, 0, 18.29505)","score":0.654821}
[RealtimeAIController] Orc Brute -> Move (#7) score:0.65
[CombatArena] ExecuteMovement: enemy_orc_brute -> (23, 0, 18.29505)
[CombatArena] [STATE] AIDecision -> ActionExecution
[RealtimeAIController] State: AIDecision -> ActionExecution
[CombatArena] Orc Brute moved from (23, 0, -12.254126) to (23, 0, 18.29505), distance: 30.5
[CombatArena] [STATE] ActionExecution -> AIDecision
[RealtimeAIController] State: ActionExecution -> AIDecision
[AutoBattlerManager] Action: enemy_orc_brute -> Move to (23, 0, 18.29505) (OK)
[COMBAT_LOG] {"ts":1770377531919,"event":"DECISION","unit":"enemy_orc_brute","action":"EndTurn","score":0.10782124}
[RealtimeAIController] Orc Brute -> EndTurn (#8) score:0.11
[RealtimeAIController] Calling EndCurrentTurn()
[CombatArena] [STATE] AIDecision -> TurnEnd
[RealtimeAIController] State: AIDecision -> TurnEnd
[CombatArena] [TURN] Round 1, Cleric
[CombatArena] [STATE] TurnEnd -> TurnStart
[RealtimeAIController] State: TurnEnd -> TurnStart
[CombatArena] [STATE] TurnStart -> PlayerDecision
[RealtimeAIController] State: TurnStart -> PlayerDecision
[CombatArena] Camera focusing on Cleric via hooks
[CombatArena] SelectCombatant called: player_cleric
[CombatArena] Selected: player_cleric
[CombatArena] Turn started: Cleric (Player)
[COMBAT_LOG] {"ts":1770377531925,"event":"TURN_START","turn":8,"round":1,"unit":"player_cleric","unit_name":"Cleric","faction":"Player","hp":44,"max_hp":44,"ap":"Action | Bonus | Reaction | Move:30/30","pos":[-1,0,-3]}
[RealtimeAIController] Turn started for Cleric
[COMBAT_LOG] {"ts":1770377531926,"event":"DECISION","unit":"player_cleric","action":"Dash","score":3.288628}
[RealtimeAIController] Cleric -> Dash (#1) score:3.29
[AutoBattlerManager] Action: player_cleric -> Dash (OK)
[COMBAT_LOG] {"ts":1770377532036,"event":"DECISION","unit":"player_cleric","action":"Move","target":"(-1, 0, 27)","score":1.3014346}
[RealtimeAIController] Cleric -> Move (#2) score:1.30
[CombatArena] ExecuteMovement: player_cleric -> (-1, 0, 27)
[CombatArena] [STATE] PlayerDecision -> ActionExecution
[RealtimeAIController] State: PlayerDecision -> ActionExecution
[CombatArena] Cleric moved from (-1, 0, -3) to (-1, 0, 27), distance: 30.0
[CombatArena] [STATE] ActionExecution -> PlayerDecision
[RealtimeAIController] State: ActionExecution -> PlayerDecision
[AutoBattlerManager] Action: player_cleric -> Move to (-1, 0, 27) (OK)
[COMBAT_LOG] {"ts":1770377532147,"event":"DECISION","unit":"player_cleric","action":"Move","target":"(-16, 0, 27)","score":0.6592937}
[RealtimeAIController] Cleric -> Move (#3) score:0.66
[CombatArena] ExecuteMovement: player_cleric -> (-16, 0, 27)
[CombatArena] [STATE] PlayerDecision -> ActionExecution
[RealtimeAIController] State: PlayerDecision -> ActionExecution
[CombatArena] Cleric moved from (-1, 0, 27) to (-16, 0, 27), distance: 15.0
[CombatArena] [STATE] ActionExecution -> PlayerDecision
[RealtimeAIController] State: ActionExecution -> PlayerDecision
[AutoBattlerManager] Action: player_cleric -> Move to (-16, 0, 27) (OK)
[COMBAT_LOG] {"ts":1770377532258,"event":"DECISION","unit":"player_cleric","action":"Move","target":"(-1, 0, 27)","score":1.2370565}
[RealtimeAIController] Cleric -> Move (#4) score:1.24
[CombatArena] ExecuteMovement: player_cleric -> (-1, 0, 27)
[CombatArena] [STATE] PlayerDecision -> ActionExecution
[RealtimeAIController] State: PlayerDecision -> ActionExecution
[CombatArena] Cleric moved from (-16, 0, 27) to (-1, 0, 27), distance: 15.0
[CombatArena] [STATE] ActionExecution -> PlayerDecision
[RealtimeAIController] State: ActionExecution -> PlayerDecision
[AutoBattlerManager] Action: player_cleric -> Move to (-1, 0, 27) (OK)
[COMBAT_LOG] {"ts":1770377532368,"event":"DECISION","unit":"player_cleric","action":"EndTurn","score":0.10599294}
[RealtimeAIController] Cleric -> EndTurn (#5) score:0.11
[RealtimeAIController] Calling EndCurrentTurn()
[CombatArena] [STATE] PlayerDecision -> TurnEnd
[RealtimeAIController] State: PlayerDecision -> TurnEnd
[CombatArena] [TURN] Round 2, Rogue
[CombatArena] [STATE] TurnEnd -> RoundEnd
[RealtimeAIController] State: TurnEnd -> RoundEnd
[CombatArena] [STATE] RoundEnd -> TurnStart
[RealtimeAIController] State: RoundEnd -> TurnStart
[CombatArena] Round 2: Reset reactions for all combatants
[CombatArena] [STATE] TurnStart -> PlayerDecision
[RealtimeAIController] State: TurnStart -> PlayerDecision
[CombatArena] Camera focusing on Rogue via hooks
[CombatArena] SelectCombatant called: player_rogue
[CombatArena] Selected: player_rogue
[CombatArena] Turn started: Rogue (Player)
[COMBAT_LOG] {"ts":1770377532375,"event":"TURN_START","turn":9,"round":2,"unit":"player_rogue","unit_name":"Rogue","faction":"Player","hp":36,"max_hp":36,"ap":"Action | Bonus | Reaction | Move:30/30","pos":[23.433983,0,-11.319805]}
[RealtimeAIController] Turn started for Rogue
[COMBAT_LOG] {"ts":1770377532375,"event":"DECISION","unit":"player_rogue","action":"Move","target":"(23.433983, 0, -41.319805)","score":1.2489526}
[RealtimeAIController] Rogue -> Move (#1) score:1.25
[CombatArena] ExecuteMovement: player_rogue -> (23.433983, 0, -41.319805)
[CombatArena] [STATE] PlayerDecision -> ActionExecution
[RealtimeAIController] State: PlayerDecision -> ActionExecution
[CombatArena] Rogue moved from (23.433983, 0, -11.319805) to (23.433983, 0, -41.319805), distance: 30.0
[CombatArena] [STATE] ActionExecution -> PlayerDecision
[RealtimeAIController] State: ActionExecution -> PlayerDecision
[AutoBattlerManager] Action: player_rogue -> Move to (23.433983, 0, -41.319805) (OK)
[COMBAT_LOG] {"ts":1770377532486,"event":"DECISION","unit":"player_rogue","action":"Dash","score":3.1647975}
[RealtimeAIController] Rogue -> Dash (#2) score:3.16
[AutoBattlerManager] Action: player_rogue -> Dash (OK)
[COMBAT_LOG] {"ts":1770377532596,"event":"DECISION","unit":"player_rogue","action":"Move","target":"(8.433983, 0, -41.319805)","score":0.6412699}
[RealtimeAIController] Rogue -> Move (#3) score:0.64
[CombatArena] ExecuteMovement: player_rogue -> (8.433983, 0, -41.319805)
[CombatArena] [STATE] PlayerDecision -> ActionExecution
[RealtimeAIController] State: PlayerDecision -> ActionExecution
[CombatArena] Rogue moved from (23.433983, 0, -41.319805) to (8.433983, 0, -41.319805), distance: 15.0
[CombatArena] [STATE] ActionExecution -> PlayerDecision
[RealtimeAIController] State: ActionExecution -> PlayerDecision
[AutoBattlerManager] Action: player_rogue -> Move to (8.433983, 0, -41.319805) (OK)
[COMBAT_LOG] {"ts":1770377532707,"event":"DECISION","unit":"player_rogue","action":"Move","target":"(23.433983, 0, -41.319805)","score":1.2351032}
[RealtimeAIController] Rogue -> Move (#4) score:1.24
[CombatArena] ExecuteMovement: player_rogue -> (23.433983, 0, -41.319805)
[CombatArena] [STATE] PlayerDecision -> ActionExecution
[RealtimeAIController] State: PlayerDecision -> ActionExecution
[CombatArena] Rogue moved from (8.433983, 0, -41.319805) to (23.433983, 0, -41.319805), distance: 15.0
[CombatArena] [STATE] ActionExecution -> PlayerDecision
[RealtimeAIController] State: ActionExecution -> PlayerDecision
[AutoBattlerManager] Action: player_rogue -> Move to (23.433983, 0, -41.319805) (OK)
[COMBAT_LOG] {"ts":1770377532817,"event":"DECISION","unit":"player_rogue","action":"EndTurn","score":0.101127855}
[RealtimeAIController] Rogue -> EndTurn (#5) score:0.10
[RealtimeAIController] Calling EndCurrentTurn()
[CombatArena] [STATE] PlayerDecision -> TurnEnd
[RealtimeAIController] State: PlayerDecision -> TurnEnd
[CombatArena] [TURN] Round 2, Goblin Skirmisher
[CombatArena] [STATE] TurnEnd -> TurnStart
[RealtimeAIController] State: TurnEnd -> TurnStart
[CombatArena] [STATE] TurnStart -> AIDecision
[RealtimeAIController] State: TurnStart -> AIDecision
[CombatArena] Camera focusing on Goblin Skirmisher via hooks
[CombatArena] SelectCombatant called: enemy_goblin
[CombatArena] Selected: enemy_goblin
[CombatArena] Turn started: Goblin Skirmisher (AI)
[COMBAT_LOG] {"ts":1770377532824,"event":"TURN_START","turn":10,"round":2,"unit":"enemy_goblin","unit_name":"Goblin Skirmisher","faction":"Hostile","hp":22,"max_hp":22,"ap":"Action | Bonus | Reaction | Move:30/30","pos":[24.1967,0,17.090097]}
[RealtimeAIController] Turn started for Goblin Skirmisher
[COMBAT_LOG] {"ts":1770377532824,"event":"DECISION","unit":"enemy_goblin","action":"Move","target":"(9.196699, 0, 32.090096)","score":1.2676421}
[RealtimeAIController] Goblin Skirmisher -> Move (#1) score:1.27
[CombatArena] ExecuteMovement: enemy_goblin -> (9.196699, 0, 32.090096)
[CombatArena] [STATE] AIDecision -> ActionExecution
[RealtimeAIController] State: AIDecision -> ActionExecution
[CombatArena] Goblin Skirmisher moved from (24.1967, 0, 17.090097) to (9.196699, 0, 32.090096), distance: 21.2
[CombatArena] [STATE] ActionExecution -> AIDecision
[RealtimeAIController] State: ActionExecution -> AIDecision
[AutoBattlerManager] Action: enemy_goblin -> Move to (9.196699, 0, 32.090096) (OK)
[COMBAT_LOG] {"ts":1770377532935,"event":"DECISION","unit":"enemy_goblin","action":"Move","target":"(4.8033, 0, 32.090096)","score":1.3084474}
[RealtimeAIController] Goblin Skirmisher -> Move (#2) score:1.31
[CombatArena] ExecuteMovement: enemy_goblin -> (4.8033, 0, 32.090096)
[CombatArena] [STATE] AIDecision -> ActionExecution
[RealtimeAIController] State: AIDecision -> ActionExecution
[CombatArena] Goblin Skirmisher moved from (9.196699, 0, 32.090096) to (4.8033, 0, 32.090096), distance: 4.4
[CombatArena] [STATE] ActionExecution -> AIDecision
[RealtimeAIController] State: ActionExecution -> AIDecision
[AutoBattlerManager] Action: enemy_goblin -> Move to (4.8033, 0, 32.090096) (OK)
[COMBAT_LOG] {"ts":1770377533045,"event":"DECISION","unit":"enemy_goblin","action":"Move","target":"(4.8033, 0, 34.286797)","score":1.3199357}
[RealtimeAIController] Goblin Skirmisher -> Move (#3) score:1.32
[CombatArena] ExecuteMovement: enemy_goblin -> (4.8033, 0, 34.286797)
[CombatArena] [STATE] AIDecision -> ActionExecution
[RealtimeAIController] State: AIDecision -> ActionExecution
[CombatArena] Goblin Skirmisher moved from (4.8033, 0, 32.090096) to (4.8033, 0, 34.286797), distance: 2.2
[CombatArena] [STATE] ActionExecution -> AIDecision
[RealtimeAIController] State: ActionExecution -> AIDecision
[AutoBattlerManager] Action: enemy_goblin -> Move to (4.8033, 0, 34.286797) (OK)
[COMBAT_LOG] {"ts":1770377533156,"event":"DECISION","unit":"enemy_goblin","action":"Dash","score":3.1755984}
[RealtimeAIController] Goblin Skirmisher -> Dash (#4) score:3.18
[AutoBattlerManager] Action: enemy_goblin -> Dash (OK)
[COMBAT_LOG] {"ts":1770377533266,"event":"DECISION","unit":"enemy_goblin","action":"Move","target":"(20.90165, 0, 50.385147)","score":0.65814173}
[RealtimeAIController] Goblin Skirmisher -> Move (#5) score:0.66
[CombatArena] ExecuteMovement: enemy_goblin -> (20.90165, 0, 50.385147)
[CombatArena] [STATE] AIDecision -> ActionExecution
[RealtimeAIController] State: AIDecision -> ActionExecution
[CombatArena] Goblin Skirmisher moved from (4.8033, 0, 34.286797) to (20.90165, 0, 50.385147), distance: 22.8
[CombatArena] [STATE] ActionExecution -> AIDecision
[RealtimeAIController] State: ActionExecution -> AIDecision
[AutoBattlerManager] Action: enemy_goblin -> Move to (20.90165, 0, 50.385147) (OK)
[COMBAT_LOG] {"ts":1770377533377,"event":"DECISION","unit":"enemy_goblin","action":"Move","target":"(20.90165, 0, 45.67005)","score":0.6553145}
[RealtimeAIController] Goblin Skirmisher -> Move (#6) score:0.66
[CombatArena] ExecuteMovement: enemy_goblin -> (20.90165, 0, 45.67005)
[CombatArena] [STATE] AIDecision -> ActionExecution
[RealtimeAIController] State: AIDecision -> ActionExecution
[CombatArena] Goblin Skirmisher moved from (20.90165, 0, 50.385147) to (20.90165, 0, 45.67005), distance: 4.7
[CombatArena] [STATE] ActionExecution -> AIDecision
[RealtimeAIController] State: ActionExecution -> AIDecision
[AutoBattlerManager] Action: enemy_goblin -> Move to (20.90165, 0, 45.67005) (OK)
[COMBAT_LOG] {"ts":1770377533487,"event":"DECISION","unit":"enemy_goblin","action":"Move","target":"(20.90165, 0, 48.0276)","score":0.65872216}
[RealtimeAIController] Goblin Skirmisher -> Move (#7) score:0.66
[CombatArena] ExecuteMovement: enemy_goblin -> (20.90165, 0, 48.0276)
[CombatArena] [STATE] AIDecision -> ActionExecution
[RealtimeAIController] State: AIDecision -> ActionExecution
[CombatArena] Goblin Skirmisher moved from (20.90165, 0, 45.67005) to (20.90165, 0, 48.0276), distance: 2.4
[CombatArena] [STATE] ActionExecution -> AIDecision
[RealtimeAIController] State: ActionExecution -> AIDecision
[AutoBattlerManager] Action: enemy_goblin -> Move to (20.90165, 0, 48.0276) (OK)
[COMBAT_LOG] {"ts":1770377533598,"event":"DECISION","unit":"enemy_goblin","action":"Move","target":"(22.080423, 0, 49.206375)","score":0.6589522}
[RealtimeAIController] Goblin Skirmisher -> Move (#8) score:0.66
[CombatArena] ExecuteMovement: enemy_goblin -> (22.080423, 0, 49.206375)
[CombatArena] [STATE] AIDecision -> ActionExecution
[RealtimeAIController] State: AIDecision -> ActionExecution
[CombatArena] Goblin Skirmisher moved from (20.90165, 0, 48.0276) to (22.080423, 0, 49.206375), distance: 1.7
[CombatArena] [STATE] ActionExecution -> AIDecision
[RealtimeAIController] State: ActionExecution -> AIDecision
[AutoBattlerManager] Action: enemy_goblin -> Move to (22.080423, 0, 49.206375) (OK)
[COMBAT_LOG] {"ts":1770377533708,"event":"DECISION","unit":"enemy_goblin","action":"Move","target":"(22.770931, 0, 49.206375)","score":0.65411395}
[RealtimeAIController] Goblin Skirmisher -> Move (#9) score:0.65
[CombatArena] ExecuteMovement: enemy_goblin -> (22.770931, 0, 49.206375)
[CombatArena] [STATE] AIDecision -> ActionExecution
[RealtimeAIController] State: AIDecision -> ActionExecution
[CombatArena] Goblin Skirmisher moved from (22.080423, 0, 49.206375) to (22.770931, 0, 49.206375), distance: 0.7
[CombatArena] [STATE] ActionExecution -> AIDecision
[RealtimeAIController] State: ActionExecution -> AIDecision
[AutoBattlerManager] Action: enemy_goblin -> Move to (22.770931, 0, 49.206375) (OK)
[COMBAT_LOG] {"ts":1770377533819,"event":"DECISION","unit":"enemy_goblin","action":"EndTurn","score":0.10965167}
[RealtimeAIController] Goblin Skirmisher -> EndTurn (#10) score:0.11
[RealtimeAIController] Calling EndCurrentTurn()
[CombatArena] [STATE] AIDecision -> TurnEnd
[RealtimeAIController] State: AIDecision -> TurnEnd
[CombatArena] [TURN] Round 2, Fighter
[CombatArena] [STATE] TurnEnd -> TurnStart
[RealtimeAIController] State: TurnEnd -> TurnStart
[CombatArena] [STATE] TurnStart -> PlayerDecision
[RealtimeAIController] State: TurnStart -> PlayerDecision
[CombatArena] Camera focusing on Fighter via hooks
[CombatArena] SelectCombatant called: player_fighter
[CombatArena] Selected: player_fighter
[CombatArena] Turn started: Fighter (Player)
[COMBAT_LOG] {"ts":1770377533826,"event":"TURN_START","turn":11,"round":2,"unit":"player_fighter","unit_name":"Fighter","faction":"Player","hp":52,"max_hp":52,"ap":"Action | Bonus | Reaction | Move:30/30","pos":[0,0,30]}
[RealtimeAIController] Turn started for Fighter
[COMBAT_LOG] {"ts":1770377533826,"event":"DECISION","unit":"player_fighter","action":"Attack","target":"enemy_goblin","score":0.69543856}
[RealtimeAIController] Fighter -> Attack (#1) score:0.70
[CombatArena] ExecuteAbility: player_fighter -> basic_attack -> enemy_goblin
[CombatArena] [STATE] PlayerDecision -> ActionExecution
[RealtimeAIController] State: PlayerDecision -> ActionExecution
[CombatArena] Fighter used basic_attack on Goblin Skirmisher: damage:5
[CombatArena] ClearSelection called
[AutoBattlerManager] Action: player_fighter -> Attack:basic_attack->enemy_goblin (OK)
[CombatArena] [STATE] ActionExecution -> PlayerDecision
[RealtimeAIController] State: ActionExecution -> PlayerDecision
[COMBAT_LOG] {"ts":1770377534427,"event":"DECISION","unit":"player_fighter","action":"Move","target":"(0, 0, 45)","score":0.65404546}
[RealtimeAIController] Fighter -> Move (#2) score:0.65
[CombatArena] ExecuteMovement: player_fighter -> (0, 0, 45)
[CombatArena] [STATE] PlayerDecision -> ActionExecution
[RealtimeAIController] State: PlayerDecision -> ActionExecution
[CombatArena] Fighter moved from (0, 0, 30) to (0, 0, 45), distance: 15.0
[CombatArena] [STATE] ActionExecution -> PlayerDecision
[RealtimeAIController] State: ActionExecution -> PlayerDecision
[AutoBattlerManager] Action: player_fighter -> Move to (0, 0, 45) (OK)
[COMBAT_LOG] {"ts":1770377534537,"event":"DECISION","unit":"player_fighter","action":"Move","target":"(0, 0, 30)","score":1.3114765}
[RealtimeAIController] Fighter -> Move (#3) score:1.31
[CombatArena] ExecuteMovement: player_fighter -> (0, 0, 30)
[CombatArena] [STATE] PlayerDecision -> ActionExecution
[RealtimeAIController] State: PlayerDecision -> ActionExecution
[CombatArena] Fighter moved from (0, 0, 45) to (0, 0, 30), distance: 15.0
[CombatArena] [STATE] ActionExecution -> PlayerDecision
[RealtimeAIController] State: ActionExecution -> PlayerDecision
[AutoBattlerManager] Action: player_fighter -> Move to (0, 0, 30) (OK)
[COMBAT_LOG] {"ts":1770377534647,"event":"DECISION","unit":"player_fighter","action":"EndTurn","score":0.1004236}
[RealtimeAIController] Fighter -> EndTurn (#4) score:0.10
[RealtimeAIController] Calling EndCurrentTurn()
[CombatArena] [STATE] PlayerDecision -> TurnEnd
[RealtimeAIController] State: PlayerDecision -> TurnEnd
[CombatArena] [TURN] Round 2, Orc Archer
[CombatArena] [STATE] TurnEnd -> TurnStart
[RealtimeAIController] State: TurnEnd -> TurnStart
[CombatArena] [STATE] TurnStart -> AIDecision
[RealtimeAIController] State: TurnStart -> AIDecision
[CombatArena] Camera focusing on Orc Archer via hooks
[CombatArena] SelectCombatant called: enemy_orc_archer
[CombatArena] Selected: enemy_orc_archer
[CombatArena] Turn started: Orc Archer (AI)
[COMBAT_LOG] {"ts":1770377534654,"event":"TURN_START","turn":12,"round":2,"unit":"enemy_orc_archer","unit_name":"Orc Archer","faction":"Hostile","hp":20,"max_hp":30,"ap":"Action | Bonus | Reaction | Move:30/30","pos":[27.1967,0,-40.803303]}
[RealtimeAIController] Turn started for Orc Archer
[COMBAT_LOG] {"ts":1770377534654,"event":"DECISION","unit":"enemy_orc_archer","action":"Attack","target":"player_mage","score":1.0663145}
[RealtimeAIController] Orc Archer -> Attack (#1) score:1.07
[CombatArena] ExecuteAbility: enemy_orc_archer -> basic_attack -> player_mage
[CombatArena] [STATE] AIDecision -> ActionExecution
[RealtimeAIController] State: AIDecision -> ActionExecution
[CombatArena] Orc Archer used basic_attack on Mage: damage:10
[CombatArena] ClearSelection called
[AutoBattlerManager] Action: enemy_orc_archer -> Attack:basic_attack->player_mage (OK)
[CombatArena] [STATE] ActionExecution -> AIDecision
[RealtimeAIController] State: ActionExecution -> AIDecision
[COMBAT_LOG] {"ts":1770377535261,"event":"DECISION","unit":"enemy_orc_archer","action":"Move","target":"(27.1967, 0, -55.803303)","score":0.65956205}
[RealtimeAIController] Orc Archer -> Move (#2) score:0.66
[CombatArena] ExecuteMovement: enemy_orc_archer -> (27.1967, 0, -55.803303)
[CombatArena] [STATE] AIDecision -> ActionExecution
[RealtimeAIController] State: AIDecision -> ActionExecution
[CombatArena] Orc Archer moved from (27.1967, 0, -40.803303) to (27.1967, 0, -55.803303), distance: 15.0
[CombatArena] [STATE] ActionExecution -> AIDecision
[RealtimeAIController] State: ActionExecution -> AIDecision
[AutoBattlerManager] Action: enemy_orc_archer -> Move to (27.1967, 0, -55.803303) (OK)
[COMBAT_LOG] {"ts":1770377535371,"event":"DECISION","unit":"enemy_orc_archer","action":"Move","target":"(27.1967, 0, -40.803303)","score":1.229551}
[RealtimeAIController] Orc Archer -> Move (#3) score:1.23
[CombatArena] ExecuteMovement: enemy_orc_archer -> (27.1967, 0, -40.803303)
[CombatArena] [STATE] AIDecision -> ActionExecution
[RealtimeAIController] State: AIDecision -> ActionExecution
[CombatArena] Orc Archer moved from (27.1967, 0, -55.803303) to (27.1967, 0, -40.803303), distance: 15.0
[CombatArena] [STATE] ActionExecution -> AIDecision
[RealtimeAIController] State: ActionExecution -> AIDecision
[AutoBattlerManager] Action: enemy_orc_archer -> Move to (27.1967, 0, -40.803303) (OK)
[COMBAT_LOG] {"ts":1770377535481,"event":"DECISION","unit":"enemy_orc_archer","action":"EndTurn","score":0.10500559}
[RealtimeAIController] Orc Archer -> EndTurn (#4) score:0.11
[RealtimeAIController] Calling EndCurrentTurn()
[CombatArena] [STATE] AIDecision -> TurnEnd
[RealtimeAIController] State: AIDecision -> TurnEnd
[CombatArena] [TURN] Round 2, Goblin Shaman
[CombatArena] [STATE] TurnEnd -> TurnStart
[RealtimeAIController] State: TurnEnd -> TurnStart
[CombatArena] [STATE] TurnStart -> AIDecision
[RealtimeAIController] State: TurnStart -> AIDecision
[CombatArena] Camera focusing on Goblin Shaman via hooks
[CombatArena] SelectCombatant called: enemy_shaman
[CombatArena] Selected: enemy_shaman
[CombatArena] Turn started: Goblin Shaman (AI)
[COMBAT_LOG] {"ts":1770377535488,"event":"TURN_START","turn":13,"round":2,"unit":"enemy_shaman","unit_name":"Goblin Shaman","faction":"Hostile","hp":28,"max_hp":28,"ap":"Action | Bonus | Reaction | Move:30/30","pos":[2.5,0,29]}
[RealtimeAIController] Turn started for Goblin Shaman
[COMBAT_LOG] {"ts":1770377535488,"event":"DECISION","unit":"enemy_shaman","action":"Attack","target":"player_cleric","score":1.038251}
[RealtimeAIController] Goblin Shaman -> Attack (#1) score:1.04
[CombatArena] ExecuteAbility: enemy_shaman -> basic_attack -> player_cleric
[CombatArena] [STATE] AIDecision -> ActionExecution
[RealtimeAIController] State: AIDecision -> ActionExecution
[CombatArena] Goblin Shaman used basic_attack on Cleric: damage:5
[CombatArena] ClearSelection called
[AutoBattlerManager] Action: enemy_shaman -> Attack:basic_attack->player_cleric (OK)
[CombatArena] [STATE] ActionExecution -> AIDecision
[RealtimeAIController] State: ActionExecution -> AIDecision
[COMBAT_LOG] {"ts":1770377536095,"event":"DECISION","unit":"enemy_shaman","action":"Move","target":"(17.5, 0, 44)","score":0.6594993}
[RealtimeAIController] Goblin Shaman -> Move (#2) score:0.66
[CombatArena] ExecuteMovement: enemy_shaman -> (17.5, 0, 44)
[CombatArena] [STATE] AIDecision -> ActionExecution
[RealtimeAIController] State: AIDecision -> ActionExecution
[CombatArena] Goblin Shaman moved from (2.5, 0, 29) to (17.5, 0, 44), distance: 21.2
[CombatArena] [STATE] ActionExecution -> AIDecision
[RealtimeAIController] State: ActionExecution -> AIDecision
[AutoBattlerManager] Action: enemy_shaman -> Move to (17.5, 0, 44) (OK)
[COMBAT_LOG] {"ts":1770377536205,"event":"DECISION","unit":"enemy_shaman","action":"Move","target":"(21.893398, 0, 48.3934)","score":0.6524459}
[RealtimeAIController] Goblin Shaman -> Move (#3) score:0.65
[CombatArena] ExecuteMovement: enemy_shaman -> (21.893398, 0, 48.3934)
[CombatArena] [STATE] AIDecision -> ActionExecution
[RealtimeAIController] State: AIDecision -> ActionExecution
[CombatArena] Goblin Shaman moved from (17.5, 0, 44) to (21.893398, 0, 48.3934), distance: 6.2
[CombatArena] [STATE] ActionExecution -> AIDecision
[RealtimeAIController] State: ActionExecution -> AIDecision
[AutoBattlerManager] Action: enemy_shaman -> Move to (21.893398, 0, 48.3934) (OK)
[COMBAT_LOG] {"ts":1770377536315,"event":"DECISION","unit":"enemy_shaman","action":"Move","target":"(19.319805, 0, 48.3934)","score":0.6566214}
[RealtimeAIController] Goblin Shaman -> Move (#4) score:0.66
[CombatArena] ExecuteMovement: enemy_shaman -> (19.319805, 0, 48.3934)
[CombatArena] [STATE] AIDecision -> ActionExecution
[RealtimeAIController] State: AIDecision -> ActionExecution
[CombatArena] Goblin Shaman moved from (21.893398, 0, 48.3934) to (19.319805, 0, 48.3934), distance: 2.6
[CombatArena] [STATE] ActionExecution -> AIDecision
[RealtimeAIController] State: ActionExecution -> AIDecision
[AutoBattlerManager] Action: enemy_shaman -> Move to (19.319805, 0, 48.3934) (OK)
[COMBAT_LOG] {"ts":1770377536425,"event":"DECISION","unit":"enemy_shaman","action":"EndTurn","score":0.10610513}
[RealtimeAIController] Goblin Shaman -> EndTurn (#5) score:0.11
[RealtimeAIController] Calling EndCurrentTurn()
[CombatArena] [STATE] AIDecision -> TurnEnd
[RealtimeAIController] State: AIDecision -> TurnEnd
[CombatArena] [TURN] Round 2, Mage
[CombatArena] [STATE] TurnEnd -> TurnStart
[RealtimeAIController] State: TurnEnd -> TurnStart
[CombatArena] [STATE] TurnStart -> PlayerDecision
[RealtimeAIController] State: TurnStart -> PlayerDecision
[CombatArena] Camera focusing on Mage via hooks
[CombatArena] SelectCombatant called: player_mage
[CombatArena] Selected: player_mage
[CombatArena] Turn started: Mage (Player)
[COMBAT_LOG] {"ts":1770377536432,"event":"TURN_START","turn":14,"round":2,"unit":"player_mage","unit_name":"Mage","faction":"Player","hp":22,"max_hp":32,"ap":"Action | Bonus | Reaction | Move:30/30","pos":[6.375,0,30.875]}
[RealtimeAIController] Turn started for Mage
[COMBAT_LOG] {"ts":1770377536432,"event":"DECISION","unit":"player_mage","action":"Move","target":"(21.375, 0, 45.875)","score":1.3144246}
[RealtimeAIController] Mage -> Move (#1) score:1.31
[CombatArena] ExecuteMovement: player_mage -> (21.375, 0, 45.875)
[CombatArena] [STATE] PlayerDecision -> ActionExecution
[RealtimeAIController] State: PlayerDecision -> ActionExecution
[CombatArena] Mage moved from (6.375, 0, 30.875) to (21.375, 0, 45.875), distance: 21.2
[CombatArena] [STATE] ActionExecution -> PlayerDecision
[RealtimeAIController] State: ActionExecution -> PlayerDecision
[AutoBattlerManager] Action: player_mage -> Move to (21.375, 0, 45.875) (OK)
[COMBAT_LOG] {"ts":1770377536542,"event":"DECISION","unit":"player_mage","action":"Move","target":"(16.981602, 0, 45.875)","score":1.2550144}
[RealtimeAIController] Mage -> Move (#2) score:1.26
[CombatArena] ExecuteMovement: player_mage -> (16.981602, 0, 45.875)
[CombatArena] [STATE] PlayerDecision -> ActionExecution
[RealtimeAIController] State: PlayerDecision -> ActionExecution
[CombatArena] Mage moved from (21.375, 0, 45.875) to (16.981602, 0, 45.875), distance: 4.4
[CombatArena] [STATE] ActionExecution -> PlayerDecision
[RealtimeAIController] State: ActionExecution -> PlayerDecision
[AutoBattlerManager] Action: player_mage -> Move to (16.981602, 0, 45.875) (OK)
[COMBAT_LOG] {"ts":1770377536653,"event":"DECISION","unit":"player_mage","action":"Move","target":"(14.784903, 0, 48.0717)","score":1.3132446}
[RealtimeAIController] Mage -> Move (#3) score:1.31
[CombatArena] ExecuteMovement: player_mage -> (14.784903, 0, 48.0717)
[CombatArena] [STATE] PlayerDecision -> ActionExecution
[RealtimeAIController] State: PlayerDecision -> ActionExecution
[CombatArena] Mage moved from (16.981602, 0, 45.875) to (14.784903, 0, 48.0717), distance: 3.1
[CombatArena] [STATE] ActionExecution -> PlayerDecision
[RealtimeAIController] State: ActionExecution -> PlayerDecision
[AutoBattlerManager] Action: player_mage -> Move to (14.784903, 0, 48.0717) (OK)
[COMBAT_LOG] {"ts":1770377536763,"event":"DECISION","unit":"player_mage","action":"Dash","score":3.2158873}
[RealtimeAIController] Mage -> Dash (#4) score:3.22
[AutoBattlerManager] Action: player_mage -> Dash (OK)
[COMBAT_LOG] {"ts":1770377536873,"event":"DECISION","unit":"player_mage","action":"Move","target":"(-0.85849476, 0, 48.0717)","score":0.6551383}
[RealtimeAIController] Mage -> Move (#5) score:0.66
[CombatArena] ExecuteMovement: player_mage -> (-0.85849476, 0, 48.0717)
[CombatArena] [STATE] PlayerDecision -> ActionExecution
[RealtimeAIController] State: PlayerDecision -> ActionExecution
[CombatArena] Mage moved from (14.784903, 0, 48.0717) to (-0.85849476, 0, 48.0717), distance: 15.6
[CombatArena] [STATE] ActionExecution -> PlayerDecision
[RealtimeAIController] State: ActionExecution -> PlayerDecision
[AutoBattlerManager] Action: player_mage -> Move to (-0.85849476, 0, 48.0717) (OK)
[COMBAT_LOG] {"ts":1770377536983,"event":"DECISION","unit":"player_mage","action":"Move","target":"(14.784903, 0, 48.0717)","score":1.2423353}
[RealtimeAIController] Mage -> Move (#6) score:1.24
[CombatArena] ExecuteMovement: player_mage -> (14.784903, 0, 48.0717)
[CombatArena] [STATE] PlayerDecision -> ActionExecution
[RealtimeAIController] State: PlayerDecision -> ActionExecution
[CombatArena] Mage moved from (-0.85849476, 0, 48.0717) to (14.784903, 0, 48.0717), distance: 15.6
[CombatArena] [STATE] ActionExecution -> PlayerDecision
[RealtimeAIController] State: ActionExecution -> PlayerDecision
[AutoBattlerManager] Action: player_mage -> Move to (14.784903, 0, 48.0717) (OK)
[COMBAT_LOG] {"ts":1770377537093,"event":"DECISION","unit":"player_mage","action":"EndTurn","score":0.10775878}
[RealtimeAIController] Mage -> EndTurn (#7) score:0.11
[RealtimeAIController] Calling EndCurrentTurn()
[CombatArena] [STATE] PlayerDecision -> TurnEnd
[RealtimeAIController] State: PlayerDecision -> TurnEnd
[CombatArena] [TURN] Round 2, Orc Brute
[CombatArena] [STATE] TurnEnd -> TurnStart
[RealtimeAIController] State: TurnEnd -> TurnStart
[CombatArena] [STATE] TurnStart -> AIDecision
[RealtimeAIController] State: TurnStart -> AIDecision
[CombatArena] Camera focusing on Orc Brute via hooks
[CombatArena] SelectCombatant called: enemy_orc_brute
[CombatArena] Selected: enemy_orc_brute
[CombatArena] Turn started: Orc Brute (AI)
[COMBAT_LOG] {"ts":1770377537100,"event":"TURN_START","turn":15,"round":2,"unit":"enemy_orc_brute","unit_name":"Orc Brute","faction":"Hostile","hp":42,"max_hp":48,"ap":"Action | Bonus | Reaction | Move:30/30","pos":[23,0,18.29505]}
[RealtimeAIController] Turn started for Orc Brute
[COMBAT_LOG] {"ts":1770377537100,"event":"DECISION","unit":"enemy_orc_brute","action":"Attack","target":"player_fighter","score":1.0695746}
[RealtimeAIController] Orc Brute -> Attack (#1) score:1.07
[CombatArena] ExecuteAbility: enemy_orc_brute -> basic_attack -> player_fighter
[CombatArena] [STATE] AIDecision -> ActionExecution
[RealtimeAIController] State: AIDecision -> ActionExecution
[CombatArena] Orc Brute used basic_attack on Fighter: damage:10
[CombatArena] ClearSelection called
[AutoBattlerManager] Action: enemy_orc_brute -> Attack:basic_attack->player_fighter (OK)
[CombatArena] [STATE] ActionExecution -> AIDecision
[RealtimeAIController] State: ActionExecution -> AIDecision
[COMBAT_LOG] {"ts":1770377537706,"event":"DECISION","unit":"enemy_orc_brute","action":"Move","target":"(-7, 0, 18.29505)","score":0.65552187}
[RealtimeAIController] Orc Brute -> Move (#2) score:0.66
[CombatArena] ExecuteMovement: enemy_orc_brute -> (-7, 0, 18.29505)
[CombatArena] [STATE] AIDecision -> ActionExecution
[RealtimeAIController] State: AIDecision -> ActionExecution
[CombatArena] Orc Brute moved from (23, 0, 18.29505) to (-7, 0, 18.29505), distance: 30.0
[CombatArena] [STATE] ActionExecution -> AIDecision
[RealtimeAIController] State: ActionExecution -> AIDecision
[AutoBattlerManager] Action: enemy_orc_brute -> Move to (-7, 0, 18.29505) (OK)
[COMBAT_LOG] {"ts":1770377537816,"event":"DECISION","unit":"enemy_orc_brute","action":"EndTurn","score":0.104666546}
[RealtimeAIController] Orc Brute -> EndTurn (#3) score:0.10
[RealtimeAIController] Calling EndCurrentTurn()
[CombatArena] [STATE] AIDecision -> TurnEnd
[RealtimeAIController] State: AIDecision -> TurnEnd
[CombatArena] [TURN] Round 2, Cleric
[CombatArena] [STATE] TurnEnd -> TurnStart
[RealtimeAIController] State: TurnEnd -> TurnStart
[CombatArena] [STATE] TurnStart -> PlayerDecision
[RealtimeAIController] State: TurnStart -> PlayerDecision
[CombatArena] Camera focusing on Cleric via hooks
[CombatArena] SelectCombatant called: player_cleric
[CombatArena] Selected: player_cleric
[CombatArena] Turn started: Cleric (Player)
[COMBAT_LOG] {"ts":1770377537823,"event":"TURN_START","turn":16,"round":2,"unit":"player_cleric","unit_name":"Cleric","faction":"Player","hp":39,"max_hp":44,"ap":"Action | Bonus | Reaction | Move:30/30","pos":[-1,0,27]}
[RealtimeAIController] Turn started for Cleric
[COMBAT_LOG] {"ts":1770377537823,"event":"DECISION","unit":"player_cleric","action":"Attack","target":"enemy_goblin","score":0.71020323}
[RealtimeAIController] Cleric -> Attack (#1) score:0.71
[CombatArena] ExecuteAbility: player_cleric -> basic_attack -> enemy_goblin
[CombatArena] [STATE] PlayerDecision -> ActionExecution
[RealtimeAIController] State: PlayerDecision -> ActionExecution
[CombatArena] Cleric used basic_attack on Goblin Skirmisher: damage:9
[CombatArena] ClearSelection called
[AutoBattlerManager] Action: player_cleric -> Attack:basic_attack->enemy_goblin (OK)
[CombatArena] [STATE] ActionExecution -> PlayerDecision
[RealtimeAIController] State: ActionExecution -> PlayerDecision
[COMBAT_LOG] {"ts":1770377538428,"event":"DECISION","unit":"player_cleric","action":"Move","target":"(-16, 0, 12)","score":0.65703547}
[RealtimeAIController] Cleric -> Move (#2) score:0.66
[CombatArena] ExecuteMovement: player_cleric -> (-16, 0, 12)
[CombatArena] [STATE] PlayerDecision -> ActionExecution
[RealtimeAIController] State: PlayerDecision -> ActionExecution
[CombatArena] Cleric moved from (-1, 0, 27) to (-16, 0, 12), distance: 21.2
[CombatArena] [STATE] ActionExecution -> PlayerDecision
[RealtimeAIController] State: ActionExecution -> PlayerDecision
[AutoBattlerManager] Action: player_cleric -> Move to (-16, 0, 12) (OK)
[COMBAT_LOG] {"ts":1770377538538,"event":"DECISION","unit":"player_cleric","action":"Move","target":"(-11.606602, 0, 16.393398)","score":1.2092587}
[RealtimeAIController] Cleric -> Move (#3) score:1.21
[CombatArena] ExecuteMovement: player_cleric -> (-11.606602, 0, 16.393398)
[CombatArena] [STATE] PlayerDecision -> ActionExecution
[RealtimeAIController] State: PlayerDecision -> ActionExecution
[CombatArena] Cleric moved from (-16, 0, 12) to (-11.606602, 0, 16.393398), distance: 6.2
[CombatArena] [STATE] ActionExecution -> PlayerDecision
[RealtimeAIController] State: ActionExecution -> PlayerDecision
[AutoBattlerManager] Action: player_cleric -> Move to (-11.606602, 0, 16.393398) (OK)
[COMBAT_LOG] {"ts":1770377538648,"event":"DECISION","unit":"player_cleric","action":"Move","target":"(-11.606602, 0, 17.680195)","score":1.2634661}
[RealtimeAIController] Cleric -> Move (#4) score:1.26
[CombatArena] ExecuteMovement: player_cleric -> (-11.606602, 0, 17.680195)
[CombatArena] [STATE] PlayerDecision -> ActionExecution
[RealtimeAIController] State: PlayerDecision -> ActionExecution
[CombatArena] Cleric moved from (-11.606602, 0, 16.393398) to (-11.606602, 0, 17.680195), distance: 1.3
[CombatArena] [STATE] ActionExecution -> PlayerDecision
[RealtimeAIController] State: ActionExecution -> PlayerDecision
[AutoBattlerManager] Action: player_cleric -> Move to (-11.606602, 0, 17.680195) (OK)
[COMBAT_LOG] {"ts":1770377538758,"event":"DECISION","unit":"player_cleric","action":"Move","target":"(-11.606602, 0, 18.323593)","score":1.3098446}
[RealtimeAIController] Cleric -> Move (#5) score:1.31
[CombatArena] ExecuteMovement: player_cleric -> (-11.606602, 0, 18.323593)
[CombatArena] [STATE] PlayerDecision -> ActionExecution
[RealtimeAIController] State: PlayerDecision -> ActionExecution
[CombatArena] Cleric moved from (-11.606602, 0, 17.680195) to (-11.606602, 0, 18.323593), distance: 0.6
[CombatArena] [STATE] ActionExecution -> PlayerDecision
[RealtimeAIController] State: ActionExecution -> PlayerDecision
[AutoBattlerManager] Action: player_cleric -> Move to (-11.606602, 0, 18.323593) (OK)
[COMBAT_LOG] {"ts":1770377538868,"event":"DECISION","unit":"player_cleric","action":"Move","target":"(-10.963203, 0, 18.323593)","score":1.3160086}
[RealtimeAIController] Cleric -> Move (#6) score:1.32
[CombatArena] ExecuteMovement: player_cleric -> (-10.963203, 0, 18.323593)
[CombatArena] [STATE] PlayerDecision -> ActionExecution
[RealtimeAIController] State: PlayerDecision -> ActionExecution
[CombatArena] Cleric moved from (-11.606602, 0, 18.323593) to (-10.963203, 0, 18.323593), distance: 0.6
[CombatArena] [STATE] ActionExecution -> PlayerDecision
[RealtimeAIController] State: ActionExecution -> PlayerDecision
[AutoBattlerManager] Action: player_cleric -> Move to (-10.963203, 0, 18.323593) (OK)
[COMBAT_LOG] {"ts":1770377538979,"event":"DECISION","unit":"player_cleric","action":"EndTurn","score":0.10602915}
[RealtimeAIController] Cleric -> EndTurn (#7) score:0.11
[RealtimeAIController] Calling EndCurrentTurn()
[CombatArena] [STATE] PlayerDecision -> TurnEnd
[RealtimeAIController] State: PlayerDecision -> TurnEnd
[CombatArena] [TURN] Round 3, Rogue
[CombatArena] [STATE] TurnEnd -> RoundEnd
[RealtimeAIController] State: TurnEnd -> RoundEnd
[CombatArena] [STATE] RoundEnd -> TurnStart
[RealtimeAIController] State: RoundEnd -> TurnStart
[CombatArena] Round 3: Reset reactions for all combatants
[CombatArena] [STATE] TurnStart -> PlayerDecision
[RealtimeAIController] State: TurnStart -> PlayerDecision
[CombatArena] Camera focusing on Rogue via hooks
[CombatArena] SelectCombatant called: player_rogue
[CombatArena] Selected: player_rogue
[CombatArena] Turn started: Rogue (Player)
[COMBAT_LOG] {"ts":1770377538985,"event":"TURN_START","turn":17,"round":3,"unit":"player_rogue","unit_name":"Rogue","faction":"Player","hp":36,"max_hp":36,"ap":"Action | Bonus | Reaction | Move:30/30","pos":[23.433983,0,-41.319805]}
[RealtimeAIController] Turn started for Rogue
[COMBAT_LOG] {"ts":1770377538986,"event":"DECISION","unit":"player_rogue","action":"Attack","target":"enemy_goblin","score":7.0975}
[RealtimeAIController] Rogue -> Attack (#1) score:7.10
[CombatArena] ExecuteAbility: player_rogue -> basic_attack -> enemy_goblin
[CombatArena] [STATE] PlayerDecision -> ActionExecution
[RealtimeAIController] State: PlayerDecision -> ActionExecution
[CombatArena] Rogue used basic_attack on Goblin Skirmisher: damage:7
[CombatArena] ClearSelection called
[AutoBattlerManager] Action: player_rogue -> Attack:basic_attack->enemy_goblin (OK)
[CombatArena] [STATE] ActionExecution -> PlayerDecision
[RealtimeAIController] State: ActionExecution -> PlayerDecision
[COMBAT_LOG] {"ts":1770377539591,"event":"DECISION","unit":"player_rogue","action":"Move","target":"(38.433983, 0, -41.319805)","score":0.6582714}
[RealtimeAIController] Rogue -> Move (#2) score:0.66
[CombatArena] ExecuteMovement: player_rogue -> (38.433983, 0, -41.319805)
[CombatArena] [STATE] PlayerDecision -> ActionExecution
[RealtimeAIController] State: PlayerDecision -> ActionExecution
[CombatArena] Rogue moved from (23.433983, 0, -41.319805) to (38.433983, 0, -41.319805), distance: 15.0
[CombatArena] [STATE] ActionExecution -> PlayerDecision
[RealtimeAIController] State: ActionExecution -> PlayerDecision
[AutoBattlerManager] Action: player_rogue -> Move to (38.433983, 0, -41.319805) (OK)
[COMBAT_LOG] {"ts":1770377539701,"event":"DECISION","unit":"player_rogue","action":"Move","target":"(23.433983, 0, -41.319805)","score":1.2299724}
[RealtimeAIController] Rogue -> Move (#3) score:1.23
[CombatArena] ExecuteMovement: player_rogue -> (23.433983, 0, -41.319805)
[CombatArena] [STATE] PlayerDecision -> ActionExecution
[RealtimeAIController] State: PlayerDecision -> ActionExecution
[CombatArena] Rogue moved from (38.433983, 0, -41.319805) to (23.433983, 0, -41.319805), distance: 15.0
[CombatArena] [STATE] ActionExecution -> PlayerDecision
[RealtimeAIController] State: ActionExecution -> PlayerDecision
[AutoBattlerManager] Action: player_rogue -> Move to (23.433983, 0, -41.319805) (OK)
[COMBAT_LOG] {"ts":1770377539811,"event":"DECISION","unit":"player_rogue","action":"EndTurn","score":0.108550064}
[RealtimeAIController] Rogue -> EndTurn (#4) score:0.11
[RealtimeAIController] Calling EndCurrentTurn()
[CombatArena] [STATE] PlayerDecision -> TurnEnd
[RealtimeAIController] State: PlayerDecision -> TurnEnd
[CombatArena] [TURN] Round 3, Goblin Skirmisher
[CombatArena] [STATE] TurnEnd -> TurnStart
[RealtimeAIController] State: TurnEnd -> TurnStart
[CombatArena] [STATE] TurnStart -> AIDecision
[RealtimeAIController] State: TurnStart -> AIDecision
[CombatArena] Camera focusing on Goblin Skirmisher via hooks
[CombatArena] SelectCombatant called: enemy_goblin
[CombatArena] Selected: enemy_goblin
[CombatArena] Turn started: Goblin Skirmisher (AI)
[COMBAT_LOG] {"ts":1770377539817,"event":"TURN_START","turn":18,"round":3,"unit":"enemy_goblin","unit_name":"Goblin Skirmisher","faction":"Hostile","hp":1,"max_hp":22,"ap":"Action | Bonus | Reaction | Move:30/30","pos":[22.770931,0,49.206375]}
[RealtimeAIController] Turn started for Goblin Skirmisher
[COMBAT_LOG] {"ts":1770377539818,"event":"DECISION","unit":"enemy_goblin","action":"Attack","target":"player_rogue","score":1.0248688}
[RealtimeAIController] Goblin Skirmisher -> Attack (#1) score:1.02
[CombatArena] ExecuteAbility: enemy_goblin -> basic_attack -> player_rogue
[CombatArena] [STATE] AIDecision -> ActionExecution
[RealtimeAIController] State: AIDecision -> ActionExecution
[CombatArena] Goblin Skirmisher used basic_attack on Rogue: damage:8
[CombatArena] ClearSelection called
[AutoBattlerManager] Action: enemy_goblin -> Attack:basic_attack->player_rogue (OK)
[CombatArena] [STATE] ActionExecution -> AIDecision
[RealtimeAIController] State: ActionExecution -> AIDecision
[COMBAT_LOG] {"ts":1770377540422,"event":"DECISION","unit":"enemy_goblin","action":"Move","target":"(7.7709312, 0, 34.206375)","score":0.65886164}
[RealtimeAIController] Goblin Skirmisher -> Move (#2) score:0.66
[CombatArena] ExecuteMovement: enemy_goblin -> (7.7709312, 0, 34.206375)
[CombatArena] [STATE] AIDecision -> ActionExecution
[RealtimeAIController] State: AIDecision -> ActionExecution
[CombatArena] Goblin Skirmisher moved from (22.770931, 0, 49.206375) to (7.7709312, 0, 34.206375), distance: 21.2
[CombatArena] [STATE] ActionExecution -> AIDecision
[RealtimeAIController] State: ActionExecution -> AIDecision
[AutoBattlerManager] Action: enemy_goblin -> Move to (7.7709312, 0, 34.206375) (OK)
[COMBAT_LOG] {"ts":1770377540533,"event":"DECISION","unit":"enemy_goblin","action":"Move","target":"(3.377533, 0, 29.812977)","score":1.3043661}
[RealtimeAIController] Goblin Skirmisher -> Move (#3) score:1.30
[CombatArena] ExecuteMovement: enemy_goblin -> (3.377533, 0, 29.812977)
[CombatArena] [STATE] AIDecision -> ActionExecution
[RealtimeAIController] State: AIDecision -> ActionExecution
[CombatArena] Goblin Skirmisher moved from (7.7709312, 0, 34.206375) to (3.377533, 0, 29.812977), distance: 6.2
[CombatArena] [STATE] ActionExecution -> AIDecision
[RealtimeAIController] State: ActionExecution -> AIDecision
[AutoBattlerManager] Action: enemy_goblin -> Move to (3.377533, 0, 29.812977) (OK)
[COMBAT_LOG] {"ts":1770377540643,"event":"DECISION","unit":"enemy_goblin","action":"Move","target":"(3.377533, 0, 31.099773)","score":1.3116316}
[RealtimeAIController] Goblin Skirmisher -> Move (#4) score:1.31
[CombatArena] ExecuteMovement: enemy_goblin -> (3.377533, 0, 31.099773)
[CombatArena] [STATE] AIDecision -> ActionExecution
[RealtimeAIController] State: AIDecision -> ActionExecution
[CombatArena] Goblin Skirmisher moved from (3.377533, 0, 29.812977) to (3.377533, 0, 31.099773), distance: 1.3
[CombatArena] [STATE] ActionExecution -> AIDecision
[RealtimeAIController] State: ActionExecution -> AIDecision
[AutoBattlerManager] Action: enemy_goblin -> Move to (3.377533, 0, 31.099773) (OK)
[COMBAT_LOG] {"ts":1770377540752,"event":"DECISION","unit":"enemy_goblin","action":"Move","target":"(3.377533, 0, 31.743172)","score":1.3176001}
[RealtimeAIController] Goblin Skirmisher -> Move (#5) score:1.32
[CombatArena] ExecuteMovement: enemy_goblin -> (3.377533, 0, 31.743172)
[CombatArena] [STATE] AIDecision -> ActionExecution
[RealtimeAIController] State: AIDecision -> ActionExecution
[CombatArena] Goblin Skirmisher moved from (3.377533, 0, 31.099773) to (3.377533, 0, 31.743172), distance: 0.6
[CombatArena] [STATE] ActionExecution -> AIDecision
[RealtimeAIController] State: ActionExecution -> AIDecision
[AutoBattlerManager] Action: enemy_goblin -> Move to (3.377533, 0, 31.743172) (OK)
[COMBAT_LOG] {"ts":1770377540862,"event":"DECISION","unit":"enemy_goblin","action":"Move","target":"(3.699232, 0, 32.064873)","score":1.3116018}
[RealtimeAIController] Goblin Skirmisher -> Move (#6) score:1.31
[CombatArena] ExecuteMovement: enemy_goblin -> (3.699232, 0, 32.064873)
[CombatArena] [STATE] AIDecision -> ActionExecution
[RealtimeAIController] State: AIDecision -> ActionExecution
[CombatArena] Goblin Skirmisher moved from (3.377533, 0, 31.743172) to (3.699232, 0, 32.064873), distance: 0.5
[CombatArena] [STATE] ActionExecution -> AIDecision
[RealtimeAIController] State: ActionExecution -> AIDecision
[AutoBattlerManager] Action: enemy_goblin -> Move to (3.699232, 0, 32.064873) (OK)
[COMBAT_LOG] {"ts":1770377540972,"event":"DECISION","unit":"enemy_goblin","action":"Move","target":"(3.793455, 0, 31.97065)","score":1.3070638}
[RealtimeAIController] Goblin Skirmisher -> Move (#7) score:1.31
[CombatArena] ExecuteMovement: enemy_goblin -> (3.793455, 0, 31.97065)
[CombatArena] [STATE] AIDecision -> ActionExecution
[RealtimeAIController] State: AIDecision -> ActionExecution
[CombatArena] Goblin Skirmisher moved from (3.699232, 0, 32.064873) to (3.793455, 0, 31.97065), distance: 0.1
[CombatArena] [STATE] ActionExecution -> AIDecision
[RealtimeAIController] State: ActionExecution -> AIDecision
[AutoBattlerManager] Action: enemy_goblin -> Move to (3.793455, 0, 31.97065) (OK)
[COMBAT_LOG] {"ts":1770377541082,"event":"DECISION","unit":"enemy_goblin","action":"Move","target":"(3.793455, 0, 31.998247)","score":1.3161311}
[RealtimeAIController] Goblin Skirmisher -> Move (#8) score:1.32
[CombatArena] ExecuteMovement: enemy_goblin -> (3.793455, 0, 31.998247)
[CombatArena] [STATE] AIDecision -> ActionExecution
[RealtimeAIController] State: AIDecision -> ActionExecution
[CombatArena] Goblin Skirmisher moved from (3.793455, 0, 31.97065) to (3.793455, 0, 31.998247), distance: 0.0
[CombatArena] [STATE] ActionExecution -> AIDecision
[RealtimeAIController] State: ActionExecution -> AIDecision
[AutoBattlerManager] Action: enemy_goblin -> Move to (3.793455, 0, 31.998247) (OK)
[COMBAT_LOG] {"ts":1770377541192,"event":"DECISION","unit":"enemy_goblin","action":"Move","target":"(3.793455, 0, 31.98445)","score":1.3187871}
[RealtimeAIController] Goblin Skirmisher -> Move (#9) score:1.32
[CombatArena] ExecuteMovement: enemy_goblin -> (3.793455, 0, 31.98445)
[CombatArena] [STATE] AIDecision -> ActionExecution
[RealtimeAIController] State: AIDecision -> ActionExecution
[CombatArena] Goblin Skirmisher moved from (3.793455, 0, 31.998247) to (3.793455, 0, 31.98445), distance: 0.0
[CombatArena] [STATE] ActionExecution -> AIDecision
[RealtimeAIController] State: ActionExecution -> AIDecision
[AutoBattlerManager] Action: enemy_goblin -> Move to (3.793455, 0, 31.98445) (OK)
[COMBAT_LOG] {"ts":1770377541302,"event":"DECISION","unit":"enemy_goblin","action":"Move","target":"(3.7865553, 0, 31.98445)","score":1.311003}
[RealtimeAIController] Goblin Skirmisher -> Move (#10) score:1.31
[CombatArena] ExecuteMovement: enemy_goblin -> (3.7865553, 0, 31.98445)
[CombatArena] [STATE] AIDecision -> ActionExecution
[RealtimeAIController] State: AIDecision -> ActionExecution
[CombatArena] Goblin Skirmisher moved from (3.793455, 0, 31.98445) to (3.7865553, 0, 31.98445), distance: 0.0
[CombatArena] [STATE] ActionExecution -> AIDecision
[RealtimeAIController] State: ActionExecution -> AIDecision
[AutoBattlerManager] Action: enemy_goblin -> Move to (3.7865553, 0, 31.98445) (OK)
[COMBAT_LOG] {"ts":1770377541412,"event":"DECISION","unit":"enemy_goblin","action":"Move","target":"(3.7865553, 0, 31.991348)","score":1.3111484}
[RealtimeAIController] Goblin Skirmisher -> Move (#11) score:1.31
[CombatArena] ExecuteMovement: enemy_goblin -> (3.7865553, 0, 31.991348)
[CombatArena] [STATE] AIDecision -> ActionExecution
[RealtimeAIController] State: AIDecision -> ActionExecution
[CombatArena] Goblin Skirmisher moved from (3.7865553, 0, 31.98445) to (3.7865553, 0, 31.991348), distance: 0.0
[CombatArena] [STATE] ActionExecution -> AIDecision
[RealtimeAIController] State: ActionExecution -> AIDecision
[AutoBattlerManager] Action: enemy_goblin -> Move to (3.7865553, 0, 31.991348) (OK)
[COMBAT_LOG] {"ts":1770377541522,"event":"DECISION","unit":"enemy_goblin","action":"Move","target":"(3.786555, 0, 31.991348)","score":1.3159006}
[RealtimeAIController] Goblin Skirmisher -> Move (#12) score:1.32
[CombatArena] ExecuteMovement: enemy_goblin -> (3.786555, 0, 31.991348)
[CombatArena] [STATE] AIDecision -> ActionExecution
[RealtimeAIController] State: AIDecision -> ActionExecution
[CombatArena] Goblin Skirmisher moved from (3.7865553, 0, 31.991348) to (3.786555, 0, 31.991348), distance: 0.0
[CombatArena] [STATE] ActionExecution -> AIDecision
[RealtimeAIController] State: ActionExecution -> AIDecision
[AutoBattlerManager] Action: enemy_goblin -> Move to (3.786555, 0, 31.991348) (OK)
[COMBAT_LOG] {"ts":1770377541632,"event":"DECISION","unit":"enemy_goblin","action":"Move","target":"(3.7865548, 0, 31.991348)","score":1.3140168}
[RealtimeAIController] Goblin Skirmisher -> Move (#13) score:1.31
[CombatArena] ExecuteMovement: enemy_goblin -> (3.7865548, 0, 31.991348)
[CombatArena] [STATE] AIDecision -> ActionExecution
[RealtimeAIController] State: AIDecision -> ActionExecution
[CombatArena] Goblin Skirmisher moved from (3.786555, 0, 31.991348) to (3.7865548, 0, 31.991348), distance: 0.0
[CombatArena] [STATE] ActionExecution -> AIDecision
[RealtimeAIController] State: ActionExecution -> AIDecision
[AutoBattlerManager] Action: enemy_goblin -> Move to (3.7865548, 0, 31.991348) (OK)
[COMBAT_LOG] {"ts":1770377541741,"event":"DECISION","unit":"enemy_goblin","action":"EndTurn","score":0.10803375}
[RealtimeAIController] Goblin Skirmisher -> EndTurn (#14) score:0.11
[RealtimeAIController] Calling EndCurrentTurn()
[CombatArena] [STATE] AIDecision -> TurnEnd
[RealtimeAIController] State: AIDecision -> TurnEnd
[CombatArena] [TURN] Round 3, Fighter
[CombatArena] [STATE] TurnEnd -> TurnStart
[RealtimeAIController] State: TurnEnd -> TurnStart
[CombatArena] [STATE] TurnStart -> PlayerDecision
[RealtimeAIController] State: TurnStart -> PlayerDecision
[CombatArena] Camera focusing on Fighter via hooks
[CombatArena] SelectCombatant called: player_fighter
[CombatArena] Selected: player_fighter
[CombatArena] Turn started: Fighter (Player)
[COMBAT_LOG] {"ts":1770377541749,"event":"TURN_START","turn":19,"round":3,"unit":"player_fighter","unit_name":"Fighter","faction":"Player","hp":42,"max_hp":52,"ap":"Action | Bonus | Reaction | Move:30/30","pos":[0,0,30]}
[RealtimeAIController] Turn started for Fighter
[COMBAT_LOG] {"ts":1770377541749,"event":"DECISION","unit":"player_fighter","action":"Attack","target":"enemy_goblin","score":7.210738}
[RealtimeAIController] Fighter -> Attack (#1) score:7.21
[CombatArena] ExecuteAbility: player_fighter -> basic_attack -> enemy_goblin
[CombatArena] [STATE] PlayerDecision -> ActionExecution
[RealtimeAIController] State: PlayerDecision -> ActionExecution
[CombatArena] Fighter used basic_attack on Goblin Skirmisher: damage:5
[CombatArena] ClearSelection called
[AutoBattlerManager] Action: player_fighter -> Attack:basic_attack->enemy_goblin (OK)
[CombatArena] [STATE] ActionExecution -> PlayerDecision
[RealtimeAIController] State: ActionExecution -> PlayerDecision
[COMBAT_LOG] {"ts":1770377542353,"event":"DECISION","unit":"player_fighter","action":"Move","target":"(0, 0, 0)","score":0.6531349}
[RealtimeAIController] Fighter -> Move (#2) score:0.65
[CombatArena] ExecuteMovement: player_fighter -> (0, 0, 0)
[CombatArena] [STATE] PlayerDecision -> ActionExecution
[RealtimeAIController] State: PlayerDecision -> ActionExecution
[CombatArena] Fighter moved from (0, 0, 30) to (0, 0, 0), distance: 30.0
[CombatArena] [STATE] ActionExecution -> PlayerDecision
[RealtimeAIController] State: ActionExecution -> PlayerDecision
[AutoBattlerManager] Action: player_fighter -> Move to (0, 0, 0) (OK)
[COMBAT_LOG] {"ts":1770377542463,"event":"DECISION","unit":"player_fighter","action":"EndTurn","score":0.10182394}
[RealtimeAIController] Fighter -> EndTurn (#3) score:0.10
[RealtimeAIController] Calling EndCurrentTurn()
[CombatArena] [STATE] PlayerDecision -> TurnEnd
[RealtimeAIController] State: PlayerDecision -> TurnEnd
[CombatArena] [TURN] Round 3, Orc Archer
[CombatArena] [STATE] TurnEnd -> TurnStart
[RealtimeAIController] State: TurnEnd -> TurnStart
[CombatArena] [STATE] TurnStart -> AIDecision
[RealtimeAIController] State: TurnStart -> AIDecision
[CombatArena] Camera focusing on Orc Archer via hooks
[CombatArena] SelectCombatant called: enemy_orc_archer
[CombatArena] Selected: enemy_orc_archer
[CombatArena] Turn started: Orc Archer (AI)
[COMBAT_LOG] {"ts":1770377542470,"event":"TURN_START","turn":20,"round":3,"unit":"enemy_orc_archer","unit_name":"Orc Archer","faction":"Hostile","hp":20,"max_hp":30,"ap":"Action | Bonus | Reaction | Move:30/30","pos":[27.1967,0,-40.803303]}
[AutoBattlerManager] Turn limit reached (20)
[AutoBattleWatchdog] Monitoring STOPPED
[RealtimeAIController] Processing DISABLED
[COMBAT_LOG] {"ts":1770377542474,"event":"BATTLE_END","winner":"Draw (timeout)","total_turns":20,"total_rounds":3,"duration_ms":16163}

â•”â•â•â•â•â•â•â•â•â•â•â•â•â•â•â•â•â•â•â•â•â•â•â•â•â•â•â•â•â•â•â•â•â•â•â•â•â•â•â•â•â•â•â•â•â•â•â•â•â•â•â•â•—
â•‘             AUTO-BATTLE RESULTS                   â•‘
â•šâ•â•â•â•â•â•â•â•â•â•â•â•â•â•â•â•â•â•â•â•â•â•â•â•â•â•â•â•â•â•â•â•â•â•â•â•â•â•â•â•â•â•â•â•â•â•â•â•â•â•â•â•

  Winner:       Draw (timeout)
  Total Turns:  20
  Total Rounds: 3
  Duration:     16163ms
  Completed:    False
  End Reason:   max_turns_exceeded
  Seed:         2004

  Surviving Units:
    - Fighter (player_fighter) HP:42/52
    - Mage (player_mage) HP:22/32
    - Cleric (player_cleric) HP:39/44
    - Rogue (player_rogue) HP:28/36
    - Orc Brute (enemy_orc_brute) HP:42/48
    - Orc Archer (enemy_orc_archer) HP:20/30
    - Goblin Shaman (enemy_shaman) HP:28/28

AUTO-BATTLE: FAILED (max_turns_exceeded)
[RealtimeAIController] Turn started for Orc Archer
[RealtimeAIController] Orc Archer -> Attack (#1) score:1.07
[CombatArena] ExecuteAbility: enemy_orc_archer -> basic_attack -> player_cleric
[CombatArena] [STATE] AIDecision -> ActionExecution
[RealtimeAIController] State: AIDecision -> ActionExecution
[CombatArena] Orc Archer used basic_attack on Cleric: damage:6
[CombatArena] ClearSelection called
[AutoBattlerManager] Action: enemy_orc_archer -> Attack:basic_attack->player_cleric (OK)
