[0;32m[INFO][0m Using Godot: godot
[0;32m[INFO][0m Project dir: /home/martin/repos/qdnd
[0;32m[INFO][0m Running auto-battle...
[0;36mâ•â•â•â•â•â•â•â•â•â•â•â•â•â•â•â•â•â•â•â•â•â•â•â•â•â•â•â•â•â•â•â•â•â•â•â•â•â•â•â•â•â•â•â•â•â•â•â•â•â•â•[0m
Godot Engine v4.6.stable.mono.official.89cea1439 - https://godotengine.org

[CLIEntryPoint] Raw args: res://Tools/CLIRunner.tscn
[CLIEntryPoint] User args: --run-autobattle --seed 2009 --freeze-timeout 10 --loop-threshold 20 --max-turns 20 --log-file artifacts/autobattle/stress3/seed_2009.jsonl
[CLIEntryPoint] Parsed args: run-autobattle=true, seed=2009, freeze-timeout=10, loop-threshold=20, max-turns=20, log-file=artifacts/autobattle/stress3/seed_2009.jsonl
[CLIEntryPoint] Checking modes: run-tests=False, run-simulation=False, run-autobattle=True
=== IN-ENGINE AUTO-BATTLE RUN ===
Timestamp: 2026-02-06T11:33:38.0413693Z
NOTE: Running the REAL CombatArena.tscn scene with AI control.

Seed: 2009
Scenario: res://Data/Scenarios/autobattle_4v4.json
Log file: artifacts/autobattle/stress3/seed_2009.jsonl
Max rounds: 100
Max turns: 20
Watchdog freeze timeout: 10s
Watchdog loop threshold: 20

[AutoBattlerManager] === STARTING IN-ENGINE AUTO-BATTLE ===
[AutoBattlerManager] Seed: 2009
[AutoBattlerManager] Scenario: res://Data/Scenarios/autobattle_4v4.json
[AutoBattlerManager] Loading scene: res://Combat/Arena/CombatArena.tscn
[CombatArena] === COMBAT ARENA INITIALIZING ===
[CombatArena] Ground collision plane created (100x100m at Y=0)
[CombatArena] CombatContext created
[CombatContext] Registered service: CombatStateMachine
[CombatContext] Registered service: TurnQueueService
[CombatContext] Registered service: CommandService
[CombatContext] Registered service: CombatLog
[CombatContext] Registered service: ScenarioLoader
[Registry] Loaded from /home/martin/repos/qdnd/Data:
  - 7 abilities
  - 6 statuses
  - 20 scenarios
[INFO] [Registry] Dependencies: Checked 7 abilities, 6 statuses, 20 scenarios
[Registry] Validation complete: 0 errors, 0 warnings
[CombatContext] Registered service: DataRegistry
[CombatContext] Registered service: RulesEngine
[CombatContext] Registered service: StatusManager
[CombatContext] Registered service: EffectPipeline
[CombatContext] Registered service: TargetValidator
[CombatContext] Registered service: ReactionSystem
[CombatContext] Registered service: LOSService
[CombatContext] Registered service: HeightService
[CombatContext] Registered service: AIDecisionPipeline
[CombatContext] Registered service: MovementService
[CombatContext] Registered service: SurfaceManager
[CombatContext] Registered service: PresentationRequestBus
[CombatContext] Registered service: CameraStateHooks
[CombatArena] UI Models initialized
[CombatArena] Services registered: 18
[CombatArena] Loaded scenario: 8 combatants
[CombatArena] Loaded scenario from: res://Data/Scenarios/autobattle_4v4.json
[CombatArena] Registered default abilities: basic_attack, ranged_attack, power_strike
[CombatArena] Instantiating visual from scene for Fighter
[CombatantVisual] CollisionShape3D found for Fighter
[CombatantVisual] Fighter initialized - Layer: 2, Mask: 0, Pickable: True, HasShape: True
[CombatArena] Spawned visual for Fighter at (0, 0, 0), Layer: 2, InTree: True
[CombatArena] Instantiating visual from scene for Mage
[CombatantVisual] CollisionShape3D found for Mage
[CombatantVisual] Mage initialized - Layer: 2, Mask: 0, Pickable: True, HasShape: True
[CombatArena] Spawned visual for Mage at (-3, 0, -1), Layer: 2, InTree: True
[CombatArena] Instantiating visual from scene for Cleric
[CombatantVisual] CollisionShape3D found for Cleric
[CombatantVisual] Cleric initialized - Layer: 2, Mask: 0, Pickable: True, HasShape: True
[CombatArena] Spawned visual for Cleric at (-1, 0, -3), Layer: 2, InTree: True
[CombatArena] Instantiating visual from scene for Rogue
[CombatantVisual] CollisionShape3D found for Rogue
[CombatantVisual] Rogue initialized - Layer: 2, Mask: 0, Pickable: True, HasShape: True
[CombatArena] Spawned visual for Rogue at (2, 0, -2), Layer: 2, InTree: True
[CombatArena] Instantiating visual from scene for Orc Brute
[CombatantVisual] CollisionShape3D found for Orc Brute
[CombatantVisual] Orc Brute initialized - Layer: 2, Mask: 0, Pickable: True, HasShape: True
[CombatArena] Spawned visual for Orc Brute at (8, 0, 0), Layer: 2, InTree: True
[CombatArena] Instantiating visual from scene for Orc Archer
[CombatantVisual] CollisionShape3D found for Orc Archer
[CombatantVisual] Orc Archer initialized - Layer: 2, Mask: 0, Pickable: True, HasShape: True
[CombatArena] Spawned visual for Orc Archer at (10, 0, 2), Layer: 2, InTree: True
[CombatArena] Instantiating visual from scene for Goblin Skirmisher
[CombatantVisual] CollisionShape3D found for Goblin Skirmisher
[CombatantVisual] Goblin Skirmisher initialized - Layer: 2, Mask: 0, Pickable: True, HasShape: True
[CombatArena] Spawned visual for Goblin Skirmisher at (7, 0, 3), Layer: 2, InTree: True
[CombatArena] Instantiating visual from scene for Goblin Shaman
[CombatantVisual] CollisionShape3D found for Goblin Shaman
[CombatantVisual] Goblin Shaman initialized - Layer: 2, Mask: 0, Pickable: True, HasShape: True
[CombatArena] Spawned visual for Goblin Shaman at (10, 0, -1), Layer: 2, InTree: True
[CombatArena] [STATE] NotInCombat -> CombatStart
[CombatArena] [TURN] Round 1, Rogue
[CombatArena] [STATE] CombatStart -> TurnStart
[CombatArena] Round 1: Reset reactions for all combatants
[CombatArena] [STATE] TurnStart -> PlayerDecision
[CombatArena] Camera focusing on Rogue via hooks
[CombatArena] SelectCombatant called: player_rogue
[CombatArena] Selected: player_rogue
[CombatArena] Turn started: Rogue (Player)
[CombatArena] === COMBAT ARENA READY ===
[AutoBattlerManager] CombatArena added to scene tree
[AutoBattleWatchdog] Ready
[AutoBattlerManager] Watchdog created
[RealtimeAIController] Ready
[AutoBattlerManager] RealtimeAIController created
[AutoBattleWatchdog] Monitoring STARTED (freeze: 10s, loop: 20 in 1s)
[AutoBattlerManager] Scene loaded, waiting for combat to start...
[AutoBattlerManager] Arena ready, attaching AI controller...
[RealtimeAIController] Subscribed to state machine
[RealtimeAIController] Attached to CombatArena
[COMBAT_LOG] {"ts":1770377618274,"event":"BATTLE_START","seed":2009,"units":[{"id":"player_fighter","name":"Fighter","faction":"Player","hp":52,"max_hp":52,"pos":[0,0,0],"alive":true},{"id":"player_mage","name":"Mage","faction":"Player","hp":32,"max_hp":32,"pos":[-3,0,-1],"alive":true},{"id":"player_cleric","name":"Cleric","faction":"Player","hp":44,"max_hp":44,"pos":[-1,0,-3],"alive":true},{"id":"player_rogue","name":"Rogue","faction":"Player","hp":36,"max_hp":36,"pos":[2,0,-2],"alive":true},{"id":"enemy_orc_brute","name":"Orc Brute","faction":"Hostile","hp":48,"max_hp":48,"pos":[8,0,0],"alive":true},{"id":"enemy_orc_archer","name":"Orc Archer","faction":"Hostile","hp":30,"max_hp":30,"pos":[10,0,2],"alive":true},{"id":"enemy_goblin","name":"Goblin Skirmisher","faction":"Hostile","hp":22,"max_hp":22,"pos":[7,0,3],"alive":true},{"id":"enemy_shaman","name":"Goblin Shaman","faction":"Hostile","hp":28,"max_hp":28,"pos":[10,0,-1],"alive":true}]}
[AutoBattlerManager] Enabling AI processing...
[RealtimeAIController] Processing ENABLED
[COMBAT_LOG] {"ts":1770377618629,"event":"TURN_START","turn":1,"round":1,"unit":"player_rogue","unit_name":"Rogue","faction":"Player","hp":36,"max_hp":36,"ap":"Action | Bonus | Reaction | Move:30/30","pos":[2,0,-2]}
[RealtimeAIController] Turn started for Rogue
[COMBAT_LOG] {"ts":1770377618639,"event":"DECISION","unit":"player_rogue","action":"Attack","target":"enemy_orc_archer","score":0.69771856}
[RealtimeAIController] Rogue -> Attack (#1) score:0.70
[CombatArena] ExecuteAbility: player_rogue -> basic_attack -> enemy_orc_archer
[CombatArena] [STATE] PlayerDecision -> ActionExecution
[RealtimeAIController] State: PlayerDecision -> ActionExecution
[CombatArena] Rogue used basic_attack on Orc Archer: damage:6
[CombatArena] ClearSelection called
[AutoBattlerManager] Action: player_rogue -> Attack:basic_attack->enemy_orc_archer (OK)
[CombatArena] [STATE] ActionExecution -> PlayerDecision
[RealtimeAIController] State: ActionExecution -> PlayerDecision
[COMBAT_LOG] {"ts":1770377619224,"event":"DECISION","unit":"player_rogue","action":"Move","target":"(17, 0, -2)","score":0.64124227}
[RealtimeAIController] Rogue -> Move (#2) score:0.64
[CombatArena] ExecuteMovement: player_rogue -> (17, 0, -2)
[CombatArena] [STATE] PlayerDecision -> ActionExecution
[RealtimeAIController] State: PlayerDecision -> ActionExecution
[CombatArena] Rogue moved from (2, 0, -2) to (17, 0, -2), distance: 15.0
[CombatArena] [STATE] ActionExecution -> PlayerDecision
[RealtimeAIController] State: ActionExecution -> PlayerDecision
[AutoBattlerManager] Action: player_rogue -> Move to (17, 0, -2) (OK)
[COMBAT_LOG] {"ts":1770377619336,"event":"DECISION","unit":"player_rogue","action":"Move","target":"(9.5, 0, -2)","score":1.2823187}
[RealtimeAIController] Rogue -> Move (#3) score:1.28
[CombatArena] ExecuteMovement: player_rogue -> (9.5, 0, -2)
[CombatArena] [STATE] PlayerDecision -> ActionExecution
[RealtimeAIController] State: PlayerDecision -> ActionExecution
[CombatArena] Rogue moved from (17, 0, -2) to (9.5, 0, -2), distance: 7.5
[CombatArena] [STATE] ActionExecution -> PlayerDecision
[RealtimeAIController] State: ActionExecution -> PlayerDecision
[AutoBattlerManager] Action: player_rogue -> Move to (9.5, 0, -2) (OK)
[COMBAT_LOG] {"ts":1770377619449,"event":"DECISION","unit":"player_rogue","action":"Move","target":"(9.5, 0, 5.5)","score":1.3099356}
[RealtimeAIController] Rogue -> Move (#4) score:1.31
[CombatArena] ExecuteMovement: player_rogue -> (9.5, 0, 5.5)
[CombatArena] [STATE] PlayerDecision -> ActionExecution
[RealtimeAIController] State: PlayerDecision -> ActionExecution
[CombatArena] Rogue moved from (9.5, 0, -2) to (9.5, 0, 5.5), distance: 7.5
[CombatArena] [STATE] ActionExecution -> PlayerDecision
[RealtimeAIController] State: ActionExecution -> PlayerDecision
[AutoBattlerManager] Action: player_rogue -> Move to (9.5, 0, 5.5) (OK)
[COMBAT_LOG] {"ts":1770377619562,"event":"DECISION","unit":"player_rogue","action":"EndTurn","score":0.10479427}
[RealtimeAIController] Rogue -> EndTurn (#5) score:0.10
[RealtimeAIController] Calling EndCurrentTurn()
[CombatArena] [STATE] PlayerDecision -> TurnEnd
[RealtimeAIController] State: PlayerDecision -> TurnEnd
[CombatArena] [TURN] Round 1, Goblin Skirmisher
[CombatArena] [STATE] TurnEnd -> TurnStart
[RealtimeAIController] State: TurnEnd -> TurnStart
[CombatArena] [STATE] TurnStart -> AIDecision
[RealtimeAIController] State: TurnStart -> AIDecision
[CombatArena] Camera focusing on Goblin Skirmisher via hooks
[CombatArena] SelectCombatant called: enemy_goblin
[CombatArena] Selected: enemy_goblin
[CombatArena] Turn started: Goblin Skirmisher (AI)
[COMBAT_LOG] {"ts":1770377619569,"event":"TURN_START","turn":2,"round":1,"unit":"enemy_goblin","unit_name":"Goblin Skirmisher","faction":"Hostile","hp":22,"max_hp":22,"ap":"Action | Bonus | Reaction | Move:30/30","pos":[7,0,3]}
[RealtimeAIController] Turn started for Goblin Skirmisher
[COMBAT_LOG] {"ts":1770377619570,"event":"DECISION","unit":"enemy_goblin","action":"Attack","target":"player_cleric","score":1.0525482}
[RealtimeAIController] Goblin Skirmisher -> Attack (#1) score:1.05
[CombatArena] ExecuteAbility: enemy_goblin -> basic_attack -> player_cleric
[CombatArena] [STATE] AIDecision -> ActionExecution
[RealtimeAIController] State: AIDecision -> ActionExecution
[CombatArena] Goblin Skirmisher used basic_attack on Cleric: damage:10
[CombatArena] ClearSelection called
[AutoBattlerManager] Action: enemy_goblin -> Attack:basic_attack->player_cleric (OK)
[CombatArena] [STATE] ActionExecution -> AIDecision
[RealtimeAIController] State: ActionExecution -> AIDecision
[COMBAT_LOG] {"ts":1770377620183,"event":"DECISION","unit":"enemy_goblin","action":"Move","target":"(7, 0, -12)","score":0.6567797}
[RealtimeAIController] Goblin Skirmisher -> Move (#2) score:0.66
[CombatArena] ExecuteMovement: enemy_goblin -> (7, 0, -12)
[CombatArena] [STATE] AIDecision -> ActionExecution
[RealtimeAIController] State: AIDecision -> ActionExecution
[CombatArena] Goblin Skirmisher moved from (7, 0, 3) to (7, 0, -12), distance: 15.0
[CombatArena] [STATE] ActionExecution -> AIDecision
[RealtimeAIController] State: ActionExecution -> AIDecision
[AutoBattlerManager] Action: enemy_goblin -> Move to (7, 0, -12) (OK)
[COMBAT_LOG] {"ts":1770377620295,"event":"DECISION","unit":"enemy_goblin","action":"Move","target":"(-0.5, 0, -4.5)","score":1.2662777}
[RealtimeAIController] Goblin Skirmisher -> Move (#3) score:1.27
[CombatArena] ExecuteMovement: enemy_goblin -> (-0.5, 0, -4.5)
[CombatArena] [STATE] AIDecision -> ActionExecution
[RealtimeAIController] State: AIDecision -> ActionExecution
[CombatArena] Goblin Skirmisher moved from (7, 0, -12) to (-0.5, 0, -4.5), distance: 10.6
[CombatArena] [STATE] ActionExecution -> AIDecision
[RealtimeAIController] State: ActionExecution -> AIDecision
[AutoBattlerManager] Action: enemy_goblin -> Move to (-0.5, 0, -4.5) (OK)
[COMBAT_LOG] {"ts":1770377620407,"event":"DECISION","unit":"enemy_goblin","action":"Move","target":"(-2.6966991, 0, -4.5)","score":1.2997547}
[RealtimeAIController] Goblin Skirmisher -> Move (#4) score:1.30
[CombatArena] ExecuteMovement: enemy_goblin -> (-2.6966991, 0, -4.5)
[CombatArena] [STATE] AIDecision -> ActionExecution
[RealtimeAIController] State: AIDecision -> ActionExecution
[CombatArena] Goblin Skirmisher moved from (-0.5, 0, -4.5) to (-2.6966991, 0, -4.5), distance: 2.2
[CombatArena] [STATE] ActionExecution -> AIDecision
[RealtimeAIController] State: ActionExecution -> AIDecision
[AutoBattlerManager] Action: enemy_goblin -> Move to (-2.6966991, 0, -4.5) (OK)
[COMBAT_LOG] {"ts":1770377620520,"event":"DECISION","unit":"enemy_goblin","action":"Move","target":"(-3.7950487, 0, -4.5)","score":1.3084357}
[RealtimeAIController] Goblin Skirmisher -> Move (#5) score:1.31
[CombatArena] ExecuteMovement: enemy_goblin -> (-3.7950487, 0, -4.5)
[CombatArena] [STATE] AIDecision -> ActionExecution
[RealtimeAIController] State: AIDecision -> ActionExecution
[CombatArena] Goblin Skirmisher moved from (-2.6966991, 0, -4.5) to (-3.7950487, 0, -4.5), distance: 1.1
[CombatArena] [STATE] ActionExecution -> AIDecision
[RealtimeAIController] State: ActionExecution -> AIDecision
[AutoBattlerManager] Action: enemy_goblin -> Move to (-3.7950487, 0, -4.5) (OK)
[COMBAT_LOG] {"ts":1770377620632,"event":"DECISION","unit":"enemy_goblin","action":"Move","target":"(-3.245874, 0, -3.9508252)","score":1.3111364}
[RealtimeAIController] Goblin Skirmisher -> Move (#6) score:1.31
[CombatArena] ExecuteMovement: enemy_goblin -> (-3.245874, 0, -3.9508252)
[CombatArena] [STATE] AIDecision -> ActionExecution
[RealtimeAIController] State: AIDecision -> ActionExecution
[CombatArena] Goblin Skirmisher moved from (-3.7950487, 0, -4.5) to (-3.245874, 0, -3.9508252), distance: 0.8
[CombatArena] [STATE] ActionExecution -> AIDecision
[RealtimeAIController] State: ActionExecution -> AIDecision
[AutoBattlerManager] Action: enemy_goblin -> Move to (-3.245874, 0, -3.9508252) (OK)
[COMBAT_LOG] {"ts":1770377620745,"event":"DECISION","unit":"enemy_goblin","action":"Move","target":"(-3.245874, 0, -4.111675)","score":1.3078339}
[RealtimeAIController] Goblin Skirmisher -> Move (#7) score:1.31
[CombatArena] ExecuteMovement: enemy_goblin -> (-3.245874, 0, -4.111675)
[CombatArena] [STATE] AIDecision -> ActionExecution
[RealtimeAIController] State: AIDecision -> ActionExecution
[CombatArena] Goblin Skirmisher moved from (-3.245874, 0, -3.9508252) to (-3.245874, 0, -4.111675), distance: 0.2
[CombatArena] [STATE] ActionExecution -> AIDecision
[RealtimeAIController] State: ActionExecution -> AIDecision
[AutoBattlerManager] Action: enemy_goblin -> Move to (-3.245874, 0, -4.111675) (OK)
[COMBAT_LOG] {"ts":1770377620857,"event":"DECISION","unit":"enemy_goblin","action":"Move","target":"(-3.245874, 0, -4.2725244)","score":1.312538}
[RealtimeAIController] Goblin Skirmisher -> Move (#8) score:1.31
[CombatArena] ExecuteMovement: enemy_goblin -> (-3.245874, 0, -4.2725244)
[CombatArena] [STATE] AIDecision -> ActionExecution
[RealtimeAIController] State: AIDecision -> ActionExecution
[CombatArena] Goblin Skirmisher moved from (-3.245874, 0, -4.111675) to (-3.245874, 0, -4.2725244), distance: 0.2
[CombatArena] [STATE] ActionExecution -> AIDecision
[RealtimeAIController] State: ActionExecution -> AIDecision
[AutoBattlerManager] Action: enemy_goblin -> Move to (-3.245874, 0, -4.2725244) (OK)
[COMBAT_LOG] {"ts":1770377620969,"event":"DECISION","unit":"enemy_goblin","action":"EndTurn","score":0.10691849}
[RealtimeAIController] Goblin Skirmisher -> EndTurn (#9) score:0.11
[RealtimeAIController] Calling EndCurrentTurn()
[CombatArena] [STATE] AIDecision -> TurnEnd
[RealtimeAIController] State: AIDecision -> TurnEnd
[CombatArena] [TURN] Round 1, Fighter
[CombatArena] [STATE] TurnEnd -> TurnStart
[RealtimeAIController] State: TurnEnd -> TurnStart
[CombatArena] [STATE] TurnStart -> PlayerDecision
[RealtimeAIController] State: TurnStart -> PlayerDecision
[CombatArena] Camera focusing on Fighter via hooks
[CombatArena] SelectCombatant called: player_fighter
[CombatArena] Selected: player_fighter
[CombatArena] Turn started: Fighter (Player)
[COMBAT_LOG] {"ts":1770377620976,"event":"TURN_START","turn":3,"round":1,"unit":"player_fighter","unit_name":"Fighter","faction":"Player","hp":52,"max_hp":52,"ap":"Action | Bonus | Reaction | Move:30/30","pos":[0,0,0]}
[RealtimeAIController] Turn started for Fighter
[COMBAT_LOG] {"ts":1770377620976,"event":"DECISION","unit":"player_fighter","action":"Attack","target":"enemy_orc_archer","score":0.6758852}
[RealtimeAIController] Fighter -> Attack (#1) score:0.68
[CombatArena] ExecuteAbility: player_fighter -> basic_attack -> enemy_orc_archer
[CombatArena] [STATE] PlayerDecision -> ActionExecution
[RealtimeAIController] State: PlayerDecision -> ActionExecution
[CombatArena] Fighter used basic_attack on Orc Archer: damage:5
[CombatArena] ClearSelection called
[AutoBattlerManager] Action: player_fighter -> Attack:basic_attack->enemy_orc_archer (OK)
[CombatArena] [STATE] ActionExecution -> PlayerDecision
[RealtimeAIController] State: ActionExecution -> PlayerDecision
[COMBAT_LOG] {"ts":1770377621586,"event":"DECISION","unit":"player_fighter","action":"Move","target":"(-15, 0, 15)","score":0.65939355}
[RealtimeAIController] Fighter -> Move (#2) score:0.66
[CombatArena] ExecuteMovement: player_fighter -> (-15, 0, 15)
[CombatArena] [STATE] PlayerDecision -> ActionExecution
[RealtimeAIController] State: PlayerDecision -> ActionExecution
[CombatArena] Fighter moved from (0, 0, 0) to (-15, 0, 15), distance: 21.2
[CombatArena] [STATE] ActionExecution -> PlayerDecision
[RealtimeAIController] State: ActionExecution -> PlayerDecision
[AutoBattlerManager] Action: player_fighter -> Move to (-15, 0, 15) (OK)
[COMBAT_LOG] {"ts":1770377621699,"event":"DECISION","unit":"player_fighter","action":"Move","target":"(-19.393398, 0, 15)","score":0.65985465}
[RealtimeAIController] Fighter -> Move (#3) score:0.66
[CombatArena] ExecuteMovement: player_fighter -> (-19.393398, 0, 15)
[CombatArena] [STATE] PlayerDecision -> ActionExecution
[RealtimeAIController] State: PlayerDecision -> ActionExecution
[CombatArena] Fighter moved from (-15, 0, 15) to (-19.393398, 0, 15), distance: 4.4
[CombatArena] [STATE] ActionExecution -> PlayerDecision
[RealtimeAIController] State: ActionExecution -> PlayerDecision
[AutoBattlerManager] Action: player_fighter -> Move to (-19.393398, 0, 15) (OK)
[COMBAT_LOG] {"ts":1770377621810,"event":"DECISION","unit":"player_fighter","action":"Move","target":"(-21.590097, 0, 15)","score":0.6514404}
[RealtimeAIController] Fighter -> Move (#4) score:0.65
[CombatArena] ExecuteMovement: player_fighter -> (-21.590097, 0, 15)
[CombatArena] [STATE] PlayerDecision -> ActionExecution
[RealtimeAIController] State: PlayerDecision -> ActionExecution
[CombatArena] Fighter moved from (-19.393398, 0, 15) to (-21.590097, 0, 15), distance: 2.2
[CombatArena] [STATE] ActionExecution -> PlayerDecision
[RealtimeAIController] State: ActionExecution -> PlayerDecision
[AutoBattlerManager] Action: player_fighter -> Move to (-21.590097, 0, 15) (OK)
[COMBAT_LOG] {"ts":1770377621923,"event":"DECISION","unit":"player_fighter","action":"Move","target":"(-22.688446, 0, 16.09835)","score":0.656039}
[RealtimeAIController] Fighter -> Move (#5) score:0.66
[CombatArena] ExecuteMovement: player_fighter -> (-22.688446, 0, 16.09835)
[CombatArena] [STATE] PlayerDecision -> ActionExecution
[RealtimeAIController] State: PlayerDecision -> ActionExecution
[CombatArena] Fighter moved from (-21.590097, 0, 15) to (-22.688446, 0, 16.09835), distance: 1.6
[CombatArena] [STATE] ActionExecution -> PlayerDecision
[RealtimeAIController] State: ActionExecution -> PlayerDecision
[AutoBattlerManager] Action: player_fighter -> Move to (-22.688446, 0, 16.09835) (OK)
[COMBAT_LOG] {"ts":1770377622035,"event":"DECISION","unit":"player_fighter","action":"Move","target":"(-22.688446, 0, 15.776651)","score":0.65167797}
[RealtimeAIController] Fighter -> Move (#6) score:0.65
[CombatArena] ExecuteMovement: player_fighter -> (-22.688446, 0, 15.776651)
[CombatArena] [STATE] PlayerDecision -> ActionExecution
[RealtimeAIController] State: PlayerDecision -> ActionExecution
[CombatArena] Fighter moved from (-22.688446, 0, 16.09835) to (-22.688446, 0, 15.776651), distance: 0.3
[CombatArena] [STATE] ActionExecution -> PlayerDecision
[RealtimeAIController] State: ActionExecution -> PlayerDecision
[AutoBattlerManager] Action: player_fighter -> Move to (-22.688446, 0, 15.776651) (OK)
[COMBAT_LOG] {"ts":1770377622146,"event":"DECISION","unit":"player_fighter","action":"Move","target":"(-22.688446, 0, 16.09835)","score":0.65390766}
[RealtimeAIController] Fighter -> Move (#7) score:0.65
[CombatArena] ExecuteMovement: player_fighter -> (-22.688446, 0, 16.09835)
[CombatArena] [STATE] PlayerDecision -> ActionExecution
[RealtimeAIController] State: PlayerDecision -> ActionExecution
[CombatArena] Fighter moved from (-22.688446, 0, 15.776651) to (-22.688446, 0, 16.09835), distance: 0.3
[CombatArena] [STATE] ActionExecution -> PlayerDecision
[RealtimeAIController] State: ActionExecution -> PlayerDecision
[AutoBattlerManager] Action: player_fighter -> Move to (-22.688446, 0, 16.09835) (OK)
[COMBAT_LOG] {"ts":1770377622258,"event":"DECISION","unit":"player_fighter","action":"EndTurn","score":0.10921188}
[RealtimeAIController] Fighter -> EndTurn (#8) score:0.11
[RealtimeAIController] Calling EndCurrentTurn()
[CombatArena] [STATE] PlayerDecision -> TurnEnd
[RealtimeAIController] State: PlayerDecision -> TurnEnd
[CombatArena] [TURN] Round 1, Orc Archer
[CombatArena] [STATE] TurnEnd -> TurnStart
[RealtimeAIController] State: TurnEnd -> TurnStart
[CombatArena] [STATE] TurnStart -> AIDecision
[RealtimeAIController] State: TurnStart -> AIDecision
[CombatArena] Camera focusing on Orc Archer via hooks
[CombatArena] SelectCombatant called: enemy_orc_archer
[CombatArena] Selected: enemy_orc_archer
[CombatArena] Turn started: Orc Archer (AI)
[COMBAT_LOG] {"ts":1770377622265,"event":"TURN_START","turn":4,"round":1,"unit":"enemy_orc_archer","unit_name":"Orc Archer","faction":"Hostile","hp":19,"max_hp":30,"ap":"Action | Bonus | Reaction | Move:30/30","pos":[10,0,2]}
[RealtimeAIController] Turn started for Orc Archer
[COMBAT_LOG] {"ts":1770377622265,"event":"DECISION","unit":"enemy_orc_archer","action":"Move","target":"(-5, 0, 2)","score":1.258552}
[RealtimeAIController] Orc Archer -> Move (#1) score:1.26
[CombatArena] ExecuteMovement: enemy_orc_archer -> (-5, 0, 2)
[CombatArena] [STATE] AIDecision -> ActionExecution
[RealtimeAIController] State: AIDecision -> ActionExecution
[CombatArena] Orc Archer moved from (10, 0, 2) to (-5, 0, 2), distance: 15.0
[CombatArena] [STATE] ActionExecution -> AIDecision
[RealtimeAIController] State: ActionExecution -> AIDecision
[AutoBattlerManager] Action: enemy_orc_archer -> Move to (-5, 0, 2) (OK)
[COMBAT_LOG] {"ts":1770377622377,"event":"DECISION","unit":"enemy_orc_archer","action":"Move","target":"(-5, 0, -5.5)","score":1.3050064}
[RealtimeAIController] Orc Archer -> Move (#2) score:1.31
[CombatArena] ExecuteMovement: enemy_orc_archer -> (-5, 0, -5.5)
[CombatArena] [STATE] AIDecision -> ActionExecution
[RealtimeAIController] State: AIDecision -> ActionExecution
[CombatArena] Orc Archer moved from (-5, 0, 2) to (-5, 0, -5.5), distance: 7.5
[CombatArena] [STATE] ActionExecution -> AIDecision
[RealtimeAIController] State: ActionExecution -> AIDecision
[AutoBattlerManager] Action: enemy_orc_archer -> Move to (-5, 0, -5.5) (OK)
[COMBAT_LOG] {"ts":1770377622489,"event":"DECISION","unit":"enemy_orc_archer","action":"Move","target":"(2.5, 0, -5.5)","score":1.2797898}
[RealtimeAIController] Orc Archer -> Move (#3) score:1.28
[CombatArena] ExecuteMovement: enemy_orc_archer -> (2.5, 0, -5.5)
[CombatArena] [STATE] AIDecision -> ActionExecution
[RealtimeAIController] State: AIDecision -> ActionExecution
[CombatArena] Orc Archer moved from (-5, 0, -5.5) to (2.5, 0, -5.5), distance: 7.5
[CombatArena] [STATE] ActionExecution -> AIDecision
[RealtimeAIController] State: ActionExecution -> AIDecision
[AutoBattlerManager] Action: enemy_orc_archer -> Move to (2.5, 0, -5.5) (OK)
[COMBAT_LOG] {"ts":1770377622601,"event":"DECISION","unit":"enemy_orc_archer","action":"Dash","score":3.1507077}
[RealtimeAIController] Orc Archer -> Dash (#4) score:3.15
[AutoBattlerManager] Action: enemy_orc_archer -> Dash (OK)
[COMBAT_LOG] {"ts":1770377622713,"event":"DECISION","unit":"enemy_orc_archer","action":"Move","target":"(-12.5, 0, -20.5)","score":0.65941316}
[RealtimeAIController] Orc Archer -> Move (#5) score:0.66
[CombatArena] ExecuteMovement: enemy_orc_archer -> (-12.5, 0, -20.5)
[CombatArena] [STATE] AIDecision -> ActionExecution
[RealtimeAIController] State: AIDecision -> ActionExecution
[CombatArena] Orc Archer moved from (2.5, 0, -5.5) to (-12.5, 0, -20.5), distance: 21.2
[CombatArena] [STATE] ActionExecution -> AIDecision
[RealtimeAIController] State: ActionExecution -> AIDecision
[AutoBattlerManager] Action: enemy_orc_archer -> Move to (-12.5, 0, -20.5) (OK)
[COMBAT_LOG] {"ts":1770377622824,"event":"DECISION","unit":"enemy_orc_archer","action":"Move","target":"(-8.106602, 0, -20.5)","score":0.6496797}
[RealtimeAIController] Orc Archer -> Move (#6) score:0.65
[CombatArena] ExecuteMovement: enemy_orc_archer -> (-8.106602, 0, -20.5)
[CombatArena] [STATE] AIDecision -> ActionExecution
[RealtimeAIController] State: AIDecision -> ActionExecution
[CombatArena] Orc Archer moved from (-12.5, 0, -20.5) to (-8.106602, 0, -20.5), distance: 4.4
[CombatArena] [STATE] ActionExecution -> AIDecision
[RealtimeAIController] State: ActionExecution -> AIDecision
[AutoBattlerManager] Action: enemy_orc_archer -> Move to (-8.106602, 0, -20.5) (OK)
[COMBAT_LOG] {"ts":1770377622936,"event":"DECISION","unit":"enemy_orc_archer","action":"Move","target":"(-8.106602, 0, -18.3033)","score":0.6490781}
[RealtimeAIController] Orc Archer -> Move (#7) score:0.65
[CombatArena] ExecuteMovement: enemy_orc_archer -> (-8.106602, 0, -18.3033)
[CombatArena] [STATE] AIDecision -> ActionExecution
[RealtimeAIController] State: AIDecision -> ActionExecution
[CombatArena] Orc Archer moved from (-8.106602, 0, -20.5) to (-8.106602, 0, -18.3033), distance: 2.2
[CombatArena] [STATE] ActionExecution -> AIDecision
[RealtimeAIController] State: ActionExecution -> AIDecision
[AutoBattlerManager] Action: enemy_orc_archer -> Move to (-8.106602, 0, -18.3033) (OK)
[COMBAT_LOG] {"ts":1770377623048,"event":"DECISION","unit":"enemy_orc_archer","action":"Move","target":"(-8.106602, 0, -16.106602)","score":0.6588878}
[RealtimeAIController] Orc Archer -> Move (#8) score:0.66
[CombatArena] ExecuteMovement: enemy_orc_archer -> (-8.106602, 0, -16.106602)
[CombatArena] [STATE] AIDecision -> ActionExecution
[RealtimeAIController] State: AIDecision -> ActionExecution
[CombatArena] Orc Archer moved from (-8.106602, 0, -18.3033) to (-8.106602, 0, -16.106602), distance: 2.2
[CombatArena] [STATE] ActionExecution -> AIDecision
[RealtimeAIController] State: ActionExecution -> AIDecision
[AutoBattlerManager] Action: enemy_orc_archer -> Move to (-8.106602, 0, -16.106602) (OK)
[COMBAT_LOG] {"ts":1770377623159,"event":"DECISION","unit":"enemy_orc_archer","action":"EndTurn","score":0.10015818}
[RealtimeAIController] Orc Archer -> EndTurn (#9) score:0.10
[RealtimeAIController] Calling EndCurrentTurn()
[CombatArena] [STATE] AIDecision -> TurnEnd
[RealtimeAIController] State: AIDecision -> TurnEnd
[CombatArena] [TURN] Round 1, Goblin Shaman
[CombatArena] [STATE] TurnEnd -> TurnStart
[RealtimeAIController] State: TurnEnd -> TurnStart
[CombatArena] [STATE] TurnStart -> AIDecision
[RealtimeAIController] State: TurnStart -> AIDecision
[CombatArena] Camera focusing on Goblin Shaman via hooks
[CombatArena] SelectCombatant called: enemy_shaman
[CombatArena] Selected: enemy_shaman
[CombatArena] Turn started: Goblin Shaman (AI)
[COMBAT_LOG] {"ts":1770377623166,"event":"TURN_START","turn":5,"round":1,"unit":"enemy_shaman","unit_name":"Goblin Shaman","faction":"Hostile","hp":28,"max_hp":28,"ap":"Action | Bonus | Reaction | Move:30/30","pos":[10,0,-1]}
[RealtimeAIController] Turn started for Goblin Shaman
[COMBAT_LOG] {"ts":1770377623166,"event":"DECISION","unit":"enemy_shaman","action":"Move","target":"(-5, 0, -1)","score":1.2522123}
[RealtimeAIController] Goblin Shaman -> Move (#1) score:1.25
[CombatArena] ExecuteMovement: enemy_shaman -> (-5, 0, -1)
[CombatArena] [STATE] AIDecision -> ActionExecution
[RealtimeAIController] State: AIDecision -> ActionExecution
[CombatArena] Goblin Shaman moved from (10, 0, -1) to (-5, 0, -1), distance: 15.0
[CombatArena] [STATE] ActionExecution -> AIDecision
[RealtimeAIController] State: ActionExecution -> AIDecision
[AutoBattlerManager] Action: enemy_shaman -> Move to (-5, 0, -1) (OK)
[COMBAT_LOG] {"ts":1770377623278,"event":"DECISION","unit":"enemy_shaman","action":"Move","target":"(2.5, 0, -1)","score":1.2242779}
[RealtimeAIController] Goblin Shaman -> Move (#2) score:1.22
[CombatArena] ExecuteMovement: enemy_shaman -> (2.5, 0, -1)
[CombatArena] [STATE] AIDecision -> ActionExecution
[RealtimeAIController] State: AIDecision -> ActionExecution
[CombatArena] Goblin Shaman moved from (-5, 0, -1) to (2.5, 0, -1), distance: 7.5
[CombatArena] [STATE] ActionExecution -> AIDecision
[RealtimeAIController] State: ActionExecution -> AIDecision
[AutoBattlerManager] Action: enemy_shaman -> Move to (2.5, 0, -1) (OK)
[COMBAT_LOG] {"ts":1770377623390,"event":"DECISION","unit":"enemy_shaman","action":"Move","target":"(-1.25, 0, -1)","score":1.3038311}
[RealtimeAIController] Goblin Shaman -> Move (#3) score:1.30
[CombatArena] ExecuteMovement: enemy_shaman -> (-1.25, 0, -1)
[CombatArena] [STATE] AIDecision -> ActionExecution
[RealtimeAIController] State: AIDecision -> ActionExecution
[CombatArena] Goblin Shaman moved from (2.5, 0, -1) to (-1.25, 0, -1), distance: 3.8
[CombatArena] [STATE] ActionExecution -> AIDecision
[RealtimeAIController] State: ActionExecution -> AIDecision
[AutoBattlerManager] Action: enemy_shaman -> Move to (-1.25, 0, -1) (OK)
[COMBAT_LOG] {"ts":1770377623502,"event":"DECISION","unit":"enemy_shaman","action":"Move","target":"(-3.125, 0, 0.875)","score":1.315958}
[RealtimeAIController] Goblin Shaman -> Move (#4) score:1.32
[CombatArena] ExecuteMovement: enemy_shaman -> (-3.125, 0, 0.875)
[CombatArena] [STATE] AIDecision -> ActionExecution
[RealtimeAIController] State: AIDecision -> ActionExecution
[CombatArena] Goblin Shaman moved from (-1.25, 0, -1) to (-3.125, 0, 0.875), distance: 2.7
[CombatArena] [STATE] ActionExecution -> AIDecision
[RealtimeAIController] State: ActionExecution -> AIDecision
[AutoBattlerManager] Action: enemy_shaman -> Move to (-3.125, 0, 0.875) (OK)
[COMBAT_LOG] {"ts":1770377623612,"event":"DECISION","unit":"enemy_shaman","action":"Dash","score":3.1717699}
[RealtimeAIController] Goblin Shaman -> Dash (#5) score:3.17
[AutoBattlerManager] Action: enemy_shaman -> Dash (OK)
[COMBAT_LOG] {"ts":1770377623724,"event":"DECISION","unit":"enemy_shaman","action":"Move","target":"(-18.674175, 0, 16.424175)","score":1.2996948}
[RealtimeAIController] Goblin Shaman -> Move (#6) score:1.30
[CombatArena] ExecuteMovement: enemy_shaman -> (-18.674175, 0, 16.424175)
[CombatArena] [STATE] AIDecision -> ActionExecution
[RealtimeAIController] State: AIDecision -> ActionExecution
[CombatArena] Goblin Shaman moved from (-3.125, 0, 0.875) to (-18.674175, 0, 16.424175), distance: 22.0
[CombatArena] [STATE] ActionExecution -> AIDecision
[RealtimeAIController] State: ActionExecution -> AIDecision
[AutoBattlerManager] Action: enemy_shaman -> Move to (-18.674175, 0, 16.424175) (OK)
[COMBAT_LOG] {"ts":1770377623836,"event":"DECISION","unit":"enemy_shaman","action":"Move","target":"(-23.228424, 0, 11.869927)","score":1.282446}
[RealtimeAIController] Goblin Shaman -> Move (#7) score:1.28
[CombatArena] ExecuteMovement: enemy_shaman -> (-23.228424, 0, 11.869927)
[CombatArena] [STATE] AIDecision -> ActionExecution
[RealtimeAIController] State: AIDecision -> ActionExecution
[CombatArena] Goblin Shaman moved from (-18.674175, 0, 16.424175) to (-23.228424, 0, 11.869927), distance: 6.4
[CombatArena] [STATE] ActionExecution -> AIDecision
[RealtimeAIController] State: ActionExecution -> AIDecision
[AutoBattlerManager] Action: enemy_shaman -> Move to (-23.228424, 0, 11.869927) (OK)
[COMBAT_LOG] {"ts":1770377623947,"event":"DECISION","unit":"enemy_shaman","action":"Move","target":"(-21.894516, 0, 11.869927)","score":1.2947867}
[RealtimeAIController] Goblin Shaman -> Move (#8) score:1.29
[CombatArena] ExecuteMovement: enemy_shaman -> (-21.894516, 0, 11.869927)
[CombatArena] [STATE] AIDecision -> ActionExecution
[RealtimeAIController] State: AIDecision -> ActionExecution
[CombatArena] Goblin Shaman moved from (-23.228424, 0, 11.869927) to (-21.894516, 0, 11.869927), distance: 1.3
[CombatArena] [STATE] ActionExecution -> AIDecision
[RealtimeAIController] State: ActionExecution -> AIDecision
[AutoBattlerManager] Action: enemy_shaman -> Move to (-21.894516, 0, 11.869927) (OK)
[COMBAT_LOG] {"ts":1770377624058,"event":"DECISION","unit":"enemy_shaman","action":"Move","target":"(-23.228424, 0, 11.869927)","score":1.3191222}
[RealtimeAIController] Goblin Shaman -> Move (#9) score:1.32
[CombatArena] ExecuteMovement: enemy_shaman -> (-23.228424, 0, 11.869927)
[CombatArena] [STATE] AIDecision -> ActionExecution
[RealtimeAIController] State: AIDecision -> ActionExecution
[CombatArena] Goblin Shaman moved from (-21.894516, 0, 11.869927) to (-23.228424, 0, 11.869927), distance: 1.3
[CombatArena] [STATE] ActionExecution -> AIDecision
[RealtimeAIController] State: ActionExecution -> AIDecision
[AutoBattlerManager] Action: enemy_shaman -> Move to (-23.228424, 0, 11.869927) (OK)
[COMBAT_LOG] {"ts":1770377624170,"event":"DECISION","unit":"enemy_shaman","action":"EndTurn","score":0.10212185}
[RealtimeAIController] Goblin Shaman -> EndTurn (#10) score:0.10
[RealtimeAIController] Calling EndCurrentTurn()
[CombatArena] [STATE] AIDecision -> TurnEnd
[RealtimeAIController] State: AIDecision -> TurnEnd
[CombatArena] [TURN] Round 1, Mage
[CombatArena] [STATE] TurnEnd -> TurnStart
[RealtimeAIController] State: TurnEnd -> TurnStart
[CombatArena] [STATE] TurnStart -> PlayerDecision
[RealtimeAIController] State: TurnStart -> PlayerDecision
[CombatArena] Camera focusing on Mage via hooks
[CombatArena] SelectCombatant called: player_mage
[CombatArena] Selected: player_mage
[CombatArena] Turn started: Mage (Player)
[COMBAT_LOG] {"ts":1770377624176,"event":"TURN_START","turn":6,"round":1,"unit":"player_mage","unit_name":"Mage","faction":"Player","hp":32,"max_hp":32,"ap":"Action | Bonus | Reaction | Move:30/30","pos":[-3,0,-1]}
[RealtimeAIController] Turn started for Mage
[COMBAT_LOG] {"ts":1770377624178,"event":"DECISION","unit":"player_mage","action":"Move","target":"(12, 0, -1)","score":1.2164029}
[RealtimeAIController] Mage -> Move (#1) score:1.22
[CombatArena] ExecuteMovement: player_mage -> (12, 0, -1)
[CombatArena] [STATE] PlayerDecision -> ActionExecution
[RealtimeAIController] State: PlayerDecision -> ActionExecution
[CombatArena] Mage moved from (-3, 0, -1) to (12, 0, -1), distance: 15.0
[CombatArena] [STATE] ActionExecution -> PlayerDecision
[RealtimeAIController] State: ActionExecution -> PlayerDecision
[AutoBattlerManager] Action: player_mage -> Move to (12, 0, -1) (OK)
[COMBAT_LOG] {"ts":1770377624288,"event":"DECISION","unit":"player_mage","action":"Move","target":"(-3, 0, -1)","score":1.2922688}
[RealtimeAIController] Mage -> Move (#2) score:1.29
[CombatArena] ExecuteMovement: player_mage -> (-3, 0, -1)
[CombatArena] [STATE] PlayerDecision -> ActionExecution
[RealtimeAIController] State: PlayerDecision -> ActionExecution
[CombatArena] Mage moved from (12, 0, -1) to (-3, 0, -1), distance: 15.0
[CombatArena] [STATE] ActionExecution -> PlayerDecision
[RealtimeAIController] State: ActionExecution -> PlayerDecision
[AutoBattlerManager] Action: player_mage -> Move to (-3, 0, -1) (OK)
[COMBAT_LOG] {"ts":1770377624399,"event":"DECISION","unit":"player_mage","action":"Dash","score":3.1961982}
[RealtimeAIController] Mage -> Dash (#3) score:3.20
[AutoBattlerManager] Action: player_mage -> Dash (OK)
[COMBAT_LOG] {"ts":1770377624511,"event":"DECISION","unit":"player_mage","action":"Move","target":"(12, 0, -1)","score":1.2882704}
[RealtimeAIController] Mage -> Move (#4) score:1.29
[CombatArena] ExecuteMovement: player_mage -> (12, 0, -1)
[CombatArena] [STATE] PlayerDecision -> ActionExecution
[RealtimeAIController] State: PlayerDecision -> ActionExecution
[CombatArena] Mage moved from (-3, 0, -1) to (12, 0, -1), distance: 15.0
[CombatArena] [STATE] ActionExecution -> PlayerDecision
[RealtimeAIController] State: ActionExecution -> PlayerDecision
[AutoBattlerManager] Action: player_mage -> Move to (12, 0, -1) (OK)
[COMBAT_LOG] {"ts":1770377624622,"event":"DECISION","unit":"player_mage","action":"Move","target":"(4.5, 0, -1)","score":1.2225914}
[RealtimeAIController] Mage -> Move (#5) score:1.22
[CombatArena] ExecuteMovement: player_mage -> (4.5, 0, -1)
[CombatArena] [STATE] PlayerDecision -> ActionExecution
[RealtimeAIController] State: PlayerDecision -> ActionExecution
[CombatArena] Mage moved from (12, 0, -1) to (4.5, 0, -1), distance: 7.5
[CombatArena] [STATE] ActionExecution -> PlayerDecision
[RealtimeAIController] State: ActionExecution -> PlayerDecision
[AutoBattlerManager] Action: player_mage -> Move to (4.5, 0, -1) (OK)
[COMBAT_LOG] {"ts":1770377624733,"event":"DECISION","unit":"player_mage","action":"Move","target":"(0.75, 0, -4.75)","score":1.3128084}
[RealtimeAIController] Mage -> Move (#6) score:1.31
[CombatArena] ExecuteMovement: player_mage -> (0.75, 0, -4.75)
[CombatArena] [STATE] PlayerDecision -> ActionExecution
[RealtimeAIController] State: PlayerDecision -> ActionExecution
[CombatArena] Mage moved from (4.5, 0, -1) to (0.75, 0, -4.75), distance: 5.3
[CombatArena] [STATE] ActionExecution -> PlayerDecision
[RealtimeAIController] State: ActionExecution -> PlayerDecision
[AutoBattlerManager] Action: player_mage -> Move to (0.75, 0, -4.75) (OK)
[COMBAT_LOG] {"ts":1770377624845,"event":"DECISION","unit":"player_mage","action":"Move","target":"(-0.34834957, 0, -5.8483496)","score":1.316679}
[RealtimeAIController] Mage -> Move (#7) score:1.32
[CombatArena] ExecuteMovement: player_mage -> (-0.34834957, 0, -5.8483496)
[CombatArena] [STATE] PlayerDecision -> ActionExecution
[RealtimeAIController] State: PlayerDecision -> ActionExecution
[CombatArena] Mage moved from (0.75, 0, -4.75) to (-0.34834957, 0, -5.8483496), distance: 1.6
[CombatArena] [STATE] ActionExecution -> PlayerDecision
[RealtimeAIController] State: ActionExecution -> PlayerDecision
[AutoBattlerManager] Action: player_mage -> Move to (-0.34834957, 0, -5.8483496) (OK)
[COMBAT_LOG] {"ts":1770377624956,"event":"DECISION","unit":"player_mage","action":"Move","target":"(-0.34834957, 0, -5.2049513)","score":1.3083673}
[RealtimeAIController] Mage -> Move (#8) score:1.31
[CombatArena] ExecuteMovement: player_mage -> (-0.34834957, 0, -5.2049513)
[CombatArena] [STATE] PlayerDecision -> ActionExecution
[RealtimeAIController] State: PlayerDecision -> ActionExecution
[CombatArena] Mage moved from (-0.34834957, 0, -5.8483496) to (-0.34834957, 0, -5.2049513), distance: 0.6
[CombatArena] [STATE] ActionExecution -> PlayerDecision
[RealtimeAIController] State: ActionExecution -> PlayerDecision
[AutoBattlerManager] Action: player_mage -> Move to (-0.34834957, 0, -5.2049513) (OK)
[COMBAT_LOG] {"ts":1770377625067,"event":"DECISION","unit":"player_mage","action":"EndTurn","score":0.105770096}
[RealtimeAIController] Mage -> EndTurn (#9) score:0.11
[RealtimeAIController] Calling EndCurrentTurn()
[CombatArena] [STATE] PlayerDecision -> TurnEnd
[RealtimeAIController] State: PlayerDecision -> TurnEnd
[CombatArena] [TURN] Round 1, Orc Brute
[CombatArena] [STATE] TurnEnd -> TurnStart
[RealtimeAIController] State: TurnEnd -> TurnStart
[CombatArena] [STATE] TurnStart -> AIDecision
[RealtimeAIController] State: TurnStart -> AIDecision
[CombatArena] Camera focusing on Orc Brute via hooks
[CombatArena] SelectCombatant called: enemy_orc_brute
[CombatArena] Selected: enemy_orc_brute
[CombatArena] Turn started: Orc Brute (AI)
[COMBAT_LOG] {"ts":1770377625074,"event":"TURN_START","turn":7,"round":1,"unit":"enemy_orc_brute","unit_name":"Orc Brute","faction":"Hostile","hp":48,"max_hp":48,"ap":"Action | Bonus | Reaction | Move:30/30","pos":[8,0,0]}
[RealtimeAIController] Turn started for Orc Brute
[COMBAT_LOG] {"ts":1770377625075,"event":"DECISION","unit":"enemy_orc_brute","action":"Attack","target":"player_rogue","score":1.0499809}
[RealtimeAIController] Orc Brute -> Attack (#1) score:1.05
[CombatArena] ExecuteAbility: enemy_orc_brute -> basic_attack -> player_rogue
[CombatArena] [STATE] AIDecision -> ActionExecution
[RealtimeAIController] State: AIDecision -> ActionExecution
[CombatArena] Orc Brute used basic_attack on Rogue: damage:10
[CombatArena] ClearSelection called
[AutoBattlerManager] Action: enemy_orc_brute -> Attack:basic_attack->player_rogue (OK)
[CombatArena] [STATE] ActionExecution -> AIDecision
[RealtimeAIController] State: ActionExecution -> AIDecision
[COMBAT_LOG] {"ts":1770377625679,"event":"DECISION","unit":"enemy_orc_brute","action":"Move","target":"(8, 0, -15)","score":0.65854234}
[RealtimeAIController] Orc Brute -> Move (#2) score:0.66
[CombatArena] ExecuteMovement: enemy_orc_brute -> (8, 0, -15)
[CombatArena] [STATE] AIDecision -> ActionExecution
[RealtimeAIController] State: AIDecision -> ActionExecution
[CombatArena] Orc Brute moved from (8, 0, 0) to (8, 0, -15), distance: 15.0
[CombatArena] [STATE] ActionExecution -> AIDecision
[RealtimeAIController] State: ActionExecution -> AIDecision
[AutoBattlerManager] Action: enemy_orc_brute -> Move to (8, 0, -15) (OK)
[COMBAT_LOG] {"ts":1770377625789,"event":"DECISION","unit":"enemy_orc_brute","action":"Move","target":"(0.5, 0, -7.5)","score":1.2709506}
[RealtimeAIController] Orc Brute -> Move (#3) score:1.27
[CombatArena] ExecuteMovement: enemy_orc_brute -> (0.5, 0, -7.5)
[CombatArena] [STATE] AIDecision -> ActionExecution
[RealtimeAIController] State: AIDecision -> ActionExecution
[CombatArena] Orc Brute moved from (8, 0, -15) to (0.5, 0, -7.5), distance: 10.6
[CombatArena] [STATE] ActionExecution -> AIDecision
[RealtimeAIController] State: ActionExecution -> AIDecision
[AutoBattlerManager] Action: enemy_orc_brute -> Move to (0.5, 0, -7.5) (OK)
[COMBAT_LOG] {"ts":1770377625900,"event":"DECISION","unit":"enemy_orc_brute","action":"Move","target":"(2.6966991, 0, -7.5)","score":1.3042356}
[RealtimeAIController] Orc Brute -> Move (#4) score:1.30
[CombatArena] ExecuteMovement: enemy_orc_brute -> (2.6966991, 0, -7.5)
[CombatArena] [STATE] AIDecision -> ActionExecution
[RealtimeAIController] State: AIDecision -> ActionExecution
[CombatArena] Orc Brute moved from (0.5, 0, -7.5) to (2.6966991, 0, -7.5), distance: 2.2
[CombatArena] [STATE] ActionExecution -> AIDecision
[RealtimeAIController] State: ActionExecution -> AIDecision
[AutoBattlerManager] Action: enemy_orc_brute -> Move to (2.6966991, 0, -7.5) (OK)
[COMBAT_LOG] {"ts":1770377626011,"event":"DECISION","unit":"enemy_orc_brute","action":"Move","target":"(3.7950487, 0, -6.4016504)","score":1.31041}
[RealtimeAIController] Orc Brute -> Move (#5) score:1.31
[CombatArena] ExecuteMovement: enemy_orc_brute -> (3.7950487, 0, -6.4016504)
[CombatArena] [STATE] AIDecision -> ActionExecution
[RealtimeAIController] State: AIDecision -> ActionExecution
[CombatArena] Orc Brute moved from (2.6966991, 0, -7.5) to (3.7950487, 0, -6.4016504), distance: 1.6
[CombatArena] [STATE] ActionExecution -> AIDecision
[RealtimeAIController] State: ActionExecution -> AIDecision
[AutoBattlerManager] Action: enemy_orc_brute -> Move to (3.7950487, 0, -6.4016504) (OK)
[COMBAT_LOG] {"ts":1770377626122,"event":"DECISION","unit":"enemy_orc_brute","action":"Move","target":"(3.4733496, 0, -6.7233496)","score":1.2891124}
[RealtimeAIController] Orc Brute -> Move (#6) score:1.29
[CombatArena] ExecuteMovement: enemy_orc_brute -> (3.4733496, 0, -6.7233496)
[CombatArena] [STATE] AIDecision -> ActionExecution
[RealtimeAIController] State: AIDecision -> ActionExecution
[CombatArena] Orc Brute moved from (3.7950487, 0, -6.4016504) to (3.4733496, 0, -6.7233496), distance: 0.5
[CombatArena] [STATE] ActionExecution -> AIDecision
[RealtimeAIController] State: ActionExecution -> AIDecision
[AutoBattlerManager] Action: enemy_orc_brute -> Move to (3.4733496, 0, -6.7233496) (OK)
[COMBAT_LOG] {"ts":1770377626233,"event":"DECISION","unit":"enemy_orc_brute","action":"Move","target":"(3.4733496, 0, -6.5349026)","score":1.3136032}
[RealtimeAIController] Orc Brute -> Move (#7) score:1.31
[CombatArena] ExecuteMovement: enemy_orc_brute -> (3.4733496, 0, -6.5349026)
[CombatArena] [STATE] AIDecision -> ActionExecution
[RealtimeAIController] State: AIDecision -> ActionExecution
[CombatArena] Orc Brute moved from (3.4733496, 0, -6.7233496) to (3.4733496, 0, -6.5349026), distance: 0.2
[CombatArena] [STATE] ActionExecution -> AIDecision
[RealtimeAIController] State: ActionExecution -> AIDecision
[AutoBattlerManager] Action: enemy_orc_brute -> Move to (3.4733496, 0, -6.5349026) (OK)
[COMBAT_LOG] {"ts":1770377626344,"event":"DECISION","unit":"enemy_orc_brute","action":"EndTurn","score":0.1022224}
[RealtimeAIController] Orc Brute -> EndTurn (#8) score:0.10
[RealtimeAIController] Calling EndCurrentTurn()
[CombatArena] [STATE] AIDecision -> TurnEnd
[RealtimeAIController] State: AIDecision -> TurnEnd
[CombatArena] [TURN] Round 1, Cleric
[CombatArena] [STATE] TurnEnd -> TurnStart
[RealtimeAIController] State: TurnEnd -> TurnStart
[CombatArena] [STATE] TurnStart -> PlayerDecision
[RealtimeAIController] State: TurnStart -> PlayerDecision
[CombatArena] Camera focusing on Cleric via hooks
[CombatArena] SelectCombatant called: player_cleric
[CombatArena] Selected: player_cleric
[CombatArena] Turn started: Cleric (Player)
[COMBAT_LOG] {"ts":1770377626351,"event":"TURN_START","turn":8,"round":1,"unit":"player_cleric","unit_name":"Cleric","faction":"Player","hp":34,"max_hp":44,"ap":"Action | Bonus | Reaction | Move:30/30","pos":[-1,0,-3]}
[RealtimeAIController] Turn started for Cleric
[COMBAT_LOG] {"ts":1770377626352,"event":"DECISION","unit":"player_cleric","action":"Attack","target":"enemy_goblin","score":0.70035017}
[RealtimeAIController] Cleric -> Attack (#1) score:0.70
[CombatArena] ExecuteAbility: player_cleric -> basic_attack -> enemy_goblin
[CombatArena] [STATE] PlayerDecision -> ActionExecution
[RealtimeAIController] State: PlayerDecision -> ActionExecution
[CombatArena] Cleric used basic_attack on Goblin Skirmisher: damage:5
[CombatArena] ClearSelection called
[AutoBattlerManager] Action: player_cleric -> Attack:basic_attack->enemy_goblin (OK)
[CombatArena] [STATE] ActionExecution -> PlayerDecision
[RealtimeAIController] State: ActionExecution -> PlayerDecision
[COMBAT_LOG] {"ts":1770377626961,"event":"DECISION","unit":"player_cleric","action":"Move","target":"(14, 0, -3)","score":0.65748614}
[RealtimeAIController] Cleric -> Move (#2) score:0.66
[CombatArena] ExecuteMovement: player_cleric -> (14, 0, -3)
[CombatArena] [STATE] PlayerDecision -> ActionExecution
[RealtimeAIController] State: PlayerDecision -> ActionExecution
[CombatArena] Cleric moved from (-1, 0, -3) to (14, 0, -3), distance: 15.0
[CombatArena] [STATE] ActionExecution -> PlayerDecision
[RealtimeAIController] State: ActionExecution -> PlayerDecision
[AutoBattlerManager] Action: player_cleric -> Move to (14, 0, -3) (OK)
[COMBAT_LOG] {"ts":1770377627072,"event":"DECISION","unit":"player_cleric","action":"Move","target":"(6.5, 0, -10.5)","score":1.2514908}
[RealtimeAIController] Cleric -> Move (#3) score:1.25
[CombatArena] ExecuteMovement: player_cleric -> (6.5, 0, -10.5)
[CombatArena] [STATE] PlayerDecision -> ActionExecution
[RealtimeAIController] State: PlayerDecision -> ActionExecution
[CombatArena] Cleric moved from (14, 0, -3) to (6.5, 0, -10.5), distance: 10.6
[CombatArena] [STATE] ActionExecution -> PlayerDecision
[RealtimeAIController] State: ActionExecution -> PlayerDecision
[AutoBattlerManager] Action: player_cleric -> Move to (6.5, 0, -10.5) (OK)
[COMBAT_LOG] {"ts":1770377627182,"event":"DECISION","unit":"player_cleric","action":"Move","target":"(4.303301, 0, -8.303301)","score":1.2704173}
[RealtimeAIController] Cleric -> Move (#4) score:1.27
[CombatArena] ExecuteMovement: player_cleric -> (4.303301, 0, -8.303301)
[CombatArena] [STATE] PlayerDecision -> ActionExecution
[RealtimeAIController] State: PlayerDecision -> ActionExecution
[CombatArena] Cleric moved from (6.5, 0, -10.5) to (4.303301, 0, -8.303301), distance: 3.1
[CombatArena] [STATE] ActionExecution -> PlayerDecision
[RealtimeAIController] State: ActionExecution -> PlayerDecision
[AutoBattlerManager] Action: player_cleric -> Move to (4.303301, 0, -8.303301) (OK)
[COMBAT_LOG] {"ts":1770377627293,"event":"DECISION","unit":"player_cleric","action":"Move","target":"(4.946699, 0, -7.6599026)","score":1.3111049}
[RealtimeAIController] Cleric -> Move (#5) score:1.31
[CombatArena] ExecuteMovement: player_cleric -> (4.946699, 0, -7.6599026)
[CombatArena] [STATE] PlayerDecision -> ActionExecution
[RealtimeAIController] State: PlayerDecision -> ActionExecution
[CombatArena] Cleric moved from (4.303301, 0, -8.303301) to (4.946699, 0, -7.6599026), distance: 0.9
[CombatArena] [STATE] ActionExecution -> PlayerDecision
[RealtimeAIController] State: ActionExecution -> PlayerDecision
[AutoBattlerManager] Action: player_cleric -> Move to (4.946699, 0, -7.6599026) (OK)
[COMBAT_LOG] {"ts":1770377627404,"event":"DECISION","unit":"player_cleric","action":"Move","target":"(5.135146, 0, -7.4714556)","score":1.3099507}
[RealtimeAIController] Cleric -> Move (#6) score:1.31
[CombatArena] ExecuteMovement: player_cleric -> (5.135146, 0, -7.4714556)
[CombatArena] [STATE] PlayerDecision -> ActionExecution
[RealtimeAIController] State: PlayerDecision -> ActionExecution
[CombatArena] Cleric moved from (4.946699, 0, -7.6599026) to (5.135146, 0, -7.4714556), distance: 0.3
[CombatArena] [STATE] ActionExecution -> PlayerDecision
[RealtimeAIController] State: ActionExecution -> PlayerDecision
[AutoBattlerManager] Action: player_cleric -> Move to (5.135146, 0, -7.4714556) (OK)
[COMBAT_LOG] {"ts":1770377627514,"event":"DECISION","unit":"player_cleric","action":"Move","target":"(5.0799513, 0, -7.5266504)","score":1.3055729}
[RealtimeAIController] Cleric -> Move (#7) score:1.31
[CombatArena] ExecuteMovement: player_cleric -> (5.0799513, 0, -7.5266504)
[CombatArena] [STATE] PlayerDecision -> ActionExecution
[RealtimeAIController] State: PlayerDecision -> ActionExecution
[CombatArena] Cleric moved from (5.135146, 0, -7.4714556) to (5.0799513, 0, -7.5266504), distance: 0.1
[CombatArena] [STATE] ActionExecution -> PlayerDecision
[RealtimeAIController] State: ActionExecution -> PlayerDecision
[AutoBattlerManager] Action: player_cleric -> Move to (5.0799513, 0, -7.5266504) (OK)
[COMBAT_LOG] {"ts":1770377627625,"event":"DECISION","unit":"player_cleric","action":"Move","target":"(5.063785, 0, -7.5266504)","score":1.3063059}
[RealtimeAIController] Cleric -> Move (#8) score:1.31
[CombatArena] ExecuteMovement: player_cleric -> (5.063785, 0, -7.5266504)
[CombatArena] [STATE] PlayerDecision -> ActionExecution
[RealtimeAIController] State: PlayerDecision -> ActionExecution
[CombatArena] Cleric moved from (5.0799513, 0, -7.5266504) to (5.063785, 0, -7.5266504), distance: 0.0
[CombatArena] [STATE] ActionExecution -> PlayerDecision
[RealtimeAIController] State: ActionExecution -> PlayerDecision
[AutoBattlerManager] Action: player_cleric -> Move to (5.063785, 0, -7.5266504) (OK)
[COMBAT_LOG] {"ts":1770377627736,"event":"DECISION","unit":"player_cleric","action":"Move","target":"(5.055702, 0, -7.5347333)","score":1.3150854}
[RealtimeAIController] Cleric -> Move (#9) score:1.32
[CombatArena] ExecuteMovement: player_cleric -> (5.055702, 0, -7.5347333)
[CombatArena] [STATE] PlayerDecision -> ActionExecution
[RealtimeAIController] State: PlayerDecision -> ActionExecution
[CombatArena] Cleric moved from (5.063785, 0, -7.5266504) to (5.055702, 0, -7.5347333), distance: 0.0
[CombatArena] [STATE] ActionExecution -> PlayerDecision
[RealtimeAIController] State: ActionExecution -> PlayerDecision
[AutoBattlerManager] Action: player_cleric -> Move to (5.055702, 0, -7.5347333) (OK)
[COMBAT_LOG] {"ts":1770377627847,"event":"DECISION","unit":"player_cleric","action":"Move","target":"(5.0533347, 0, -7.5347333)","score":1.3047746}
[RealtimeAIController] Cleric -> Move (#10) score:1.30
[CombatArena] ExecuteMovement: player_cleric -> (5.0533347, 0, -7.5347333)
[CombatArena] [STATE] PlayerDecision -> ActionExecution
[RealtimeAIController] State: PlayerDecision -> ActionExecution
[CombatArena] Cleric moved from (5.055702, 0, -7.5347333) to (5.0533347, 0, -7.5347333), distance: 0.0
[CombatArena] [STATE] ActionExecution -> PlayerDecision
[RealtimeAIController] State: ActionExecution -> PlayerDecision
[AutoBattlerManager] Action: player_cleric -> Move to (5.0533347, 0, -7.5347333) (OK)
[COMBAT_LOG] {"ts":1770377627957,"event":"DECISION","unit":"player_cleric","action":"Move","target":"(5.0521507, 0, -7.5347333)","score":1.3179651}
[RealtimeAIController] Cleric -> Move (#11) score:1.32
[CombatArena] ExecuteMovement: player_cleric -> (5.0521507, 0, -7.5347333)
[CombatArena] [STATE] PlayerDecision -> ActionExecution
[RealtimeAIController] State: PlayerDecision -> ActionExecution
[CombatArena] Cleric moved from (5.0533347, 0, -7.5347333) to (5.0521507, 0, -7.5347333), distance: 0.0
[CombatArena] [STATE] ActionExecution -> PlayerDecision
[RealtimeAIController] State: ActionExecution -> PlayerDecision
[AutoBattlerManager] Action: player_cleric -> Move to (5.0521507, 0, -7.5347333) (OK)
[COMBAT_LOG] {"ts":1770377628068,"event":"DECISION","unit":"player_cleric","action":"Move","target":"(5.051559, 0, -7.5341415)","score":1.3132825}
[RealtimeAIController] Cleric -> Move (#12) score:1.31
[CombatArena] ExecuteMovement: player_cleric -> (5.051559, 0, -7.5341415)
[CombatArena] [STATE] PlayerDecision -> ActionExecution
[RealtimeAIController] State: PlayerDecision -> ActionExecution
[CombatArena] Cleric moved from (5.0521507, 0, -7.5347333) to (5.051559, 0, -7.5341415), distance: 0.0
[CombatArena] [STATE] ActionExecution -> PlayerDecision
[RealtimeAIController] State: ActionExecution -> PlayerDecision
[AutoBattlerManager] Action: player_cleric -> Move to (5.051559, 0, -7.5341415) (OK)
[COMBAT_LOG] {"ts":1770377628179,"event":"DECISION","unit":"player_cleric","action":"Move","target":"(5.0517325, 0, -7.533968)","score":1.2871578}
[RealtimeAIController] Cleric -> Move (#13) score:1.29
[CombatArena] ExecuteMovement: player_cleric -> (5.0517325, 0, -7.533968)
[CombatArena] [STATE] PlayerDecision -> ActionExecution
[RealtimeAIController] State: PlayerDecision -> ActionExecution
[CombatArena] Cleric moved from (5.051559, 0, -7.5341415) to (5.0517325, 0, -7.533968), distance: 0.0
[CombatArena] [STATE] ActionExecution -> PlayerDecision
[RealtimeAIController] State: ActionExecution -> PlayerDecision
[AutoBattlerManager] Action: player_cleric -> Move to (5.0517325, 0, -7.533968) (OK)
[COMBAT_LOG] {"ts":1770377628289,"event":"DECISION","unit":"player_cleric","action":"Move","target":"(5.051783, 0, -7.533968)","score":1.3130392}
[RealtimeAIController] Cleric -> Move (#14) score:1.31
[CombatArena] ExecuteMovement: player_cleric -> (5.051783, 0, -7.533968)
[CombatArena] [STATE] PlayerDecision -> ActionExecution
[RealtimeAIController] State: PlayerDecision -> ActionExecution
[CombatArena] Cleric moved from (5.0517325, 0, -7.533968) to (5.051783, 0, -7.533968), distance: 0.0
[CombatArena] [STATE] ActionExecution -> PlayerDecision
[RealtimeAIController] State: ActionExecution -> PlayerDecision
[AutoBattlerManager] Action: player_cleric -> Move to (5.051783, 0, -7.533968) (OK)
[COMBAT_LOG] {"ts":1770377628400,"event":"DECISION","unit":"player_cleric","action":"Move","target":"(5.051758, 0, -7.533968)","score":1.319782}
[RealtimeAIController] Cleric -> Move (#15) score:1.32
[CombatArena] ExecuteMovement: player_cleric -> (5.051758, 0, -7.533968)
[CombatArena] [STATE] PlayerDecision -> ActionExecution
[RealtimeAIController] State: PlayerDecision -> ActionExecution
[CombatArena] Cleric moved from (5.051783, 0, -7.533968) to (5.051758, 0, -7.533968), distance: 0.0
[CombatArena] [STATE] ActionExecution -> PlayerDecision
[RealtimeAIController] State: ActionExecution -> PlayerDecision
[AutoBattlerManager] Action: player_cleric -> Move to (5.051758, 0, -7.533968) (OK)
[COMBAT_LOG] {"ts":1770377628510,"event":"DECISION","unit":"player_cleric","action":"Move","target":"(5.0517707, 0, -7.533981)","score":1.3157585}
[RealtimeAIController] Cleric -> Move (#16) score:1.32
[CombatArena] ExecuteMovement: player_cleric -> (5.0517707, 0, -7.533981)
[CombatArena] [STATE] PlayerDecision -> ActionExecution
[RealtimeAIController] State: PlayerDecision -> ActionExecution
[CombatArena] Cleric moved from (5.051758, 0, -7.533968) to (5.0517707, 0, -7.533981), distance: 0.0
[CombatArena] [STATE] ActionExecution -> PlayerDecision
[RealtimeAIController] State: ActionExecution -> PlayerDecision
[AutoBattlerManager] Action: player_cleric -> Move to (5.0517707, 0, -7.533981) (OK)
[COMBAT_LOG] {"ts":1770377628621,"event":"DECISION","unit":"player_cleric","action":"Move","target":"(5.051767, 0, -7.5339847)","score":1.3150042}
[RealtimeAIController] Cleric -> Move (#17) score:1.32
[CombatArena] ExecuteMovement: player_cleric -> (5.051767, 0, -7.5339847)
[CombatArena] [STATE] PlayerDecision -> ActionExecution
[RealtimeAIController] State: PlayerDecision -> ActionExecution
[CombatArena] Cleric moved from (5.0517707, 0, -7.533981) to (5.051767, 0, -7.5339847), distance: 0.0
[CombatArena] [STATE] ActionExecution -> PlayerDecision
[RealtimeAIController] State: ActionExecution -> PlayerDecision
[AutoBattlerManager] Action: player_cleric -> Move to (5.051767, 0, -7.5339847) (OK)
[COMBAT_LOG] {"ts":1770377628732,"event":"DECISION","unit":"player_cleric","action":"Move","target":"(5.051765, 0, -7.5339847)","score":1.3027661}
[RealtimeAIController] Cleric -> Move (#18) score:1.30
[CombatArena] ExecuteMovement: player_cleric -> (5.051765, 0, -7.5339847)
[CombatArena] [STATE] PlayerDecision -> ActionExecution
[RealtimeAIController] State: PlayerDecision -> ActionExecution
[CombatArena] Cleric moved from (5.051767, 0, -7.5339847) to (5.051765, 0, -7.5339847), distance: 0.0
[CombatArena] [STATE] ActionExecution -> PlayerDecision
[RealtimeAIController] State: ActionExecution -> PlayerDecision
[AutoBattlerManager] Action: player_cleric -> Move to (5.051765, 0, -7.5339847) (OK)
[COMBAT_LOG] {"ts":1770377628842,"event":"DECISION","unit":"player_cleric","action":"EndTurn","score":0.10657426}
[RealtimeAIController] Cleric -> EndTurn (#19) score:0.11
[RealtimeAIController] Calling EndCurrentTurn()
[CombatArena] [STATE] PlayerDecision -> TurnEnd
[RealtimeAIController] State: PlayerDecision -> TurnEnd
[CombatArena] [TURN] Round 2, Rogue
[CombatArena] [STATE] TurnEnd -> RoundEnd
[RealtimeAIController] State: TurnEnd -> RoundEnd
[CombatArena] [STATE] RoundEnd -> TurnStart
[RealtimeAIController] State: RoundEnd -> TurnStart
[CombatArena] Round 2: Reset reactions for all combatants
[CombatArena] [STATE] TurnStart -> PlayerDecision
[RealtimeAIController] State: TurnStart -> PlayerDecision
[CombatArena] Camera focusing on Rogue via hooks
[CombatArena] SelectCombatant called: player_rogue
[CombatArena] Selected: player_rogue
[CombatArena] Turn started: Rogue (Player)
[COMBAT_LOG] {"ts":1770377628849,"event":"TURN_START","turn":9,"round":2,"unit":"player_rogue","unit_name":"Rogue","faction":"Player","hp":26,"max_hp":36,"ap":"Action | Bonus | Reaction | Move:30/30","pos":[9.5,0,5.5]}
[RealtimeAIController] Turn started for Rogue
[COMBAT_LOG] {"ts":1770377628849,"event":"DECISION","unit":"player_rogue","action":"Attack","target":"enemy_orc_brute","score":0.704972}
[RealtimeAIController] Rogue -> Attack (#1) score:0.70
[CombatArena] ExecuteAbility: player_rogue -> basic_attack -> enemy_orc_brute
[CombatArena] [STATE] PlayerDecision -> ActionExecution
[RealtimeAIController] State: PlayerDecision -> ActionExecution
[CombatArena] Rogue used basic_attack on Orc Brute: damage:10
[CombatArena] ClearSelection called
[AutoBattlerManager] Action: player_rogue -> Attack:basic_attack->enemy_orc_brute (OK)
[CombatArena] [STATE] ActionExecution -> PlayerDecision
[RealtimeAIController] State: ActionExecution -> PlayerDecision
[COMBAT_LOG] {"ts":1770377629457,"event":"DECISION","unit":"player_rogue","action":"Move","target":"(24.5, 0, 5.5)","score":0.6533959}
[RealtimeAIController] Rogue -> Move (#2) score:0.65
[CombatArena] ExecuteMovement: player_rogue -> (24.5, 0, 5.5)
[CombatArena] [STATE] PlayerDecision -> ActionExecution
[RealtimeAIController] State: PlayerDecision -> ActionExecution
[CombatArena] Rogue moved from (9.5, 0, 5.5) to (24.5, 0, 5.5), distance: 15.0
[CombatArena] [STATE] ActionExecution -> PlayerDecision
[RealtimeAIController] State: ActionExecution -> PlayerDecision
[AutoBattlerManager] Action: player_rogue -> Move to (24.5, 0, 5.5) (OK)
[COMBAT_LOG] {"ts":1770377629567,"event":"DECISION","unit":"player_rogue","action":"Move","target":"(24.5, 0, -9.5)","score":0.6534128}
[RealtimeAIController] Rogue -> Move (#3) score:0.65
[CombatArena] ExecuteMovement: player_rogue -> (24.5, 0, -9.5)
[CombatArena] [STATE] PlayerDecision -> ActionExecution
[RealtimeAIController] State: PlayerDecision -> ActionExecution
[CombatArena] Rogue moved from (24.5, 0, 5.5) to (24.5, 0, -9.5), distance: 15.0
[CombatArena] [STATE] ActionExecution -> PlayerDecision
[RealtimeAIController] State: ActionExecution -> PlayerDecision
[AutoBattlerManager] Action: player_rogue -> Move to (24.5, 0, -9.5) (OK)
[COMBAT_LOG] {"ts":1770377629678,"event":"DECISION","unit":"player_rogue","action":"EndTurn","score":0.10412811}
[RealtimeAIController] Rogue -> EndTurn (#4) score:0.10
[RealtimeAIController] Calling EndCurrentTurn()
[CombatArena] [STATE] PlayerDecision -> TurnEnd
[RealtimeAIController] State: PlayerDecision -> TurnEnd
[CombatArena] [TURN] Round 2, Goblin Skirmisher
[CombatArena] [STATE] TurnEnd -> TurnStart
[RealtimeAIController] State: TurnEnd -> TurnStart
[CombatArena] [STATE] TurnStart -> AIDecision
[RealtimeAIController] State: TurnStart -> AIDecision
[CombatArena] Camera focusing on Goblin Skirmisher via hooks
[CombatArena] SelectCombatant called: enemy_goblin
[CombatArena] Selected: enemy_goblin
[CombatArena] Turn started: Goblin Skirmisher (AI)
[COMBAT_LOG] {"ts":1770377629685,"event":"TURN_START","turn":10,"round":2,"unit":"enemy_goblin","unit_name":"Goblin Skirmisher","faction":"Hostile","hp":17,"max_hp":22,"ap":"Action | Bonus | Reaction | Move:30/30","pos":[-3.245874,0,-4.2725244]}
[RealtimeAIController] Turn started for Goblin Skirmisher
[COMBAT_LOG] {"ts":1770377629685,"event":"DECISION","unit":"enemy_goblin","action":"Attack","target":"player_cleric","score":1.0449101}
[RealtimeAIController] Goblin Skirmisher -> Attack (#1) score:1.04
[CombatArena] ExecuteAbility: enemy_goblin -> basic_attack -> player_cleric
[CombatArena] [STATE] AIDecision -> ActionExecution
[RealtimeAIController] State: AIDecision -> ActionExecution
[CombatArena] Goblin Skirmisher used basic_attack on Cleric: damage:9
[CombatArena] ClearSelection called
[AutoBattlerManager] Action: enemy_goblin -> Attack:basic_attack->player_cleric (OK)
[CombatArena] [STATE] ActionExecution -> AIDecision
[RealtimeAIController] State: ActionExecution -> AIDecision
[COMBAT_LOG] {"ts":1770377630293,"event":"DECISION","unit":"enemy_goblin","action":"Move","target":"(-33.245872, 0, -4.2725244)","score":0.65720475}
[RealtimeAIController] Goblin Skirmisher -> Move (#2) score:0.66
[CombatArena] ExecuteMovement: enemy_goblin -> (-33.245872, 0, -4.2725244)
[CombatArena] [STATE] AIDecision -> ActionExecution
[RealtimeAIController] State: AIDecision -> ActionExecution
[CombatArena] Goblin Skirmisher moved from (-3.245874, 0, -4.2725244) to (-33.245872, 0, -4.2725244), distance: 30.0
[CombatArena] [STATE] ActionExecution -> AIDecision
[RealtimeAIController] State: ActionExecution -> AIDecision
[AutoBattlerManager] Action: enemy_goblin -> Move to (-33.245872, 0, -4.2725244) (OK)
[COMBAT_LOG] {"ts":1770377630402,"event":"DECISION","unit":"enemy_goblin","action":"Move","target":"(-33.245872, 0, -4.2725263)","score":0.6478046}
[RealtimeAIController] Goblin Skirmisher -> Move (#3) score:0.65
[CombatArena] ExecuteMovement: enemy_goblin -> (-33.245872, 0, -4.2725263)
[CombatArena] [STATE] AIDecision -> ActionExecution
[RealtimeAIController] State: AIDecision -> ActionExecution
[CombatArena] Goblin Skirmisher moved from (-33.245872, 0, -4.2725244) to (-33.245872, 0, -4.2725263), distance: 0.0
[CombatArena] [STATE] ActionExecution -> AIDecision
[RealtimeAIController] State: ActionExecution -> AIDecision
[AutoBattlerManager] Action: enemy_goblin -> Move to (-33.245872, 0, -4.2725263) (OK)
[COMBAT_LOG] {"ts":1770377630513,"event":"DECISION","unit":"enemy_goblin","action":"EndTurn","score":0.10605752}
[RealtimeAIController] Goblin Skirmisher -> EndTurn (#4) score:0.11
[RealtimeAIController] Calling EndCurrentTurn()
[CombatArena] [STATE] AIDecision -> TurnEnd
[RealtimeAIController] State: AIDecision -> TurnEnd
[CombatArena] [TURN] Round 2, Fighter
[CombatArena] [STATE] TurnEnd -> TurnStart
[RealtimeAIController] State: TurnEnd -> TurnStart
[CombatArena] [STATE] TurnStart -> PlayerDecision
[RealtimeAIController] State: TurnStart -> PlayerDecision
[CombatArena] Camera focusing on Fighter via hooks
[CombatArena] SelectCombatant called: player_fighter
[CombatArena] Selected: player_fighter
[CombatArena] Turn started: Fighter (Player)
[COMBAT_LOG] {"ts":1770377630520,"event":"TURN_START","turn":11,"round":2,"unit":"player_fighter","unit_name":"Fighter","faction":"Player","hp":52,"max_hp":52,"ap":"Action | Bonus | Reaction | Move:30/30","pos":[-22.688446,0,16.09835]}
[RealtimeAIController] Turn started for Fighter
[COMBAT_LOG] {"ts":1770377630520,"event":"DECISION","unit":"player_fighter","action":"Attack","target":"enemy_orc_archer","score":0.7014788}
[RealtimeAIController] Fighter -> Attack (#1) score:0.70
[CombatArena] ExecuteAbility: player_fighter -> basic_attack -> enemy_orc_archer
[CombatArena] [STATE] PlayerDecision -> ActionExecution
[RealtimeAIController] State: PlayerDecision -> ActionExecution
[CombatArena] Fighter used basic_attack on Orc Archer: damage:7
[CombatArena] ClearSelection called
[AutoBattlerManager] Action: player_fighter -> Attack:basic_attack->enemy_orc_archer (OK)
[CombatArena] [STATE] ActionExecution -> PlayerDecision
[RealtimeAIController] State: ActionExecution -> PlayerDecision
[COMBAT_LOG] {"ts":1770377631127,"event":"DECISION","unit":"player_fighter","action":"Move","target":"(-22.688446, 0, -13.901649)","score":0.6551583}
[RealtimeAIController] Fighter -> Move (#2) score:0.66
[CombatArena] ExecuteMovement: player_fighter -> (-22.688446, 0, -13.901649)
[CombatArena] [STATE] PlayerDecision -> ActionExecution
[RealtimeAIController] State: PlayerDecision -> ActionExecution
[CombatArena] Fighter moved from (-22.688446, 0, 16.09835) to (-22.688446, 0, -13.901649), distance: 30.0
[CombatArena] [STATE] ActionExecution -> PlayerDecision
[RealtimeAIController] State: ActionExecution -> PlayerDecision
[AutoBattlerManager] Action: player_fighter -> Move to (-22.688446, 0, -13.901649) (OK)
[COMBAT_LOG] {"ts":1770377631237,"event":"DECISION","unit":"player_fighter","action":"EndTurn","score":0.10775742}
[RealtimeAIController] Fighter -> EndTurn (#3) score:0.11
[RealtimeAIController] Calling EndCurrentTurn()
[CombatArena] [STATE] PlayerDecision -> TurnEnd
[RealtimeAIController] State: PlayerDecision -> TurnEnd
[CombatArena] [TURN] Round 2, Orc Archer
[CombatArena] [STATE] TurnEnd -> TurnStart
[RealtimeAIController] State: TurnEnd -> TurnStart
[CombatArena] [STATE] TurnStart -> AIDecision
[RealtimeAIController] State: TurnStart -> AIDecision
[CombatArena] Camera focusing on Orc Archer via hooks
[CombatArena] SelectCombatant called: enemy_orc_archer
[CombatArena] Selected: enemy_orc_archer
[CombatArena] Turn started: Orc Archer (AI)
[COMBAT_LOG] {"ts":1770377631244,"event":"TURN_START","turn":12,"round":2,"unit":"enemy_orc_archer","unit_name":"Orc Archer","faction":"Hostile","hp":12,"max_hp":30,"ap":"Action | Bonus | Reaction | Move:30/30","pos":[-8.106602,0,-16.106602]}
[RealtimeAIController] Turn started for Orc Archer
[COMBAT_LOG] {"ts":1770377631244,"event":"DECISION","unit":"enemy_orc_archer","action":"Move","target":"(-23.106602, 0, -16.106602)","score":1.3059431}
[RealtimeAIController] Orc Archer -> Move (#1) score:1.31
[CombatArena] ExecuteMovement: enemy_orc_archer -> (-23.106602, 0, -16.106602)
[CombatArena] [STATE] AIDecision -> ActionExecution
[RealtimeAIController] State: AIDecision -> ActionExecution
[CombatArena] Orc Archer moved from (-8.106602, 0, -16.106602) to (-23.106602, 0, -16.106602), distance: 15.0
[CombatArena] [STATE] ActionExecution -> AIDecision
[RealtimeAIController] State: ActionExecution -> AIDecision
[AutoBattlerManager] Action: enemy_orc_archer -> Move to (-23.106602, 0, -16.106602) (OK)
[COMBAT_LOG] {"ts":1770377631354,"event":"DECISION","unit":"enemy_orc_archer","action":"Attack","target":"player_rogue","score":1.0678871}
[RealtimeAIController] Orc Archer -> Attack (#2) score:1.07
[CombatArena] ExecuteAbility: enemy_orc_archer -> basic_attack -> player_rogue
[CombatArena] [STATE] AIDecision -> ActionExecution
[RealtimeAIController] State: AIDecision -> ActionExecution
[CombatArena] Orc Archer used basic_attack on Rogue: damage:8
[CombatArena] ClearSelection called
[AutoBattlerManager] Action: enemy_orc_archer -> Attack:basic_attack->player_rogue (OK)
[CombatArena] [STATE] ActionExecution -> AIDecision
[RealtimeAIController] State: ActionExecution -> AIDecision
[COMBAT_LOG] {"ts":1770377631961,"event":"DECISION","unit":"enemy_orc_archer","action":"Move","target":"(-30.606602, 0, -16.106602)","score":0.65121496}
[RealtimeAIController] Orc Archer -> Move (#3) score:0.65
[CombatArena] ExecuteMovement: enemy_orc_archer -> (-30.606602, 0, -16.106602)
[CombatArena] [STATE] AIDecision -> ActionExecution
[RealtimeAIController] State: AIDecision -> ActionExecution
[CombatArena] Orc Archer moved from (-23.106602, 0, -16.106602) to (-30.606602, 0, -16.106602), distance: 7.5
[CombatArena] [STATE] ActionExecution -> AIDecision
[RealtimeAIController] State: ActionExecution -> AIDecision
[AutoBattlerManager] Action: enemy_orc_archer -> Move to (-30.606602, 0, -16.106602) (OK)
[COMBAT_LOG] {"ts":1770377632071,"event":"DECISION","unit":"enemy_orc_archer","action":"Move","target":"(-26.856602, 0, -16.106602)","score":1.2997493}
[RealtimeAIController] Orc Archer -> Move (#4) score:1.30
[CombatArena] ExecuteMovement: enemy_orc_archer -> (-26.856602, 0, -16.106602)
[CombatArena] [STATE] AIDecision -> ActionExecution
[RealtimeAIController] State: AIDecision -> ActionExecution
[CombatArena] Orc Archer moved from (-30.606602, 0, -16.106602) to (-26.856602, 0, -16.106602), distance: 3.8
[CombatArena] [STATE] ActionExecution -> AIDecision
[RealtimeAIController] State: ActionExecution -> AIDecision
[AutoBattlerManager] Action: enemy_orc_archer -> Move to (-26.856602, 0, -16.106602) (OK)
[COMBAT_LOG] {"ts":1770377632181,"event":"DECISION","unit":"enemy_orc_archer","action":"Move","target":"(-23.106602, 0, -16.106602)","score":1.293515}
[RealtimeAIController] Orc Archer -> Move (#5) score:1.29
[CombatArena] ExecuteMovement: enemy_orc_archer -> (-23.106602, 0, -16.106602)
[CombatArena] [STATE] AIDecision -> ActionExecution
[RealtimeAIController] State: AIDecision -> ActionExecution
[CombatArena] Orc Archer moved from (-26.856602, 0, -16.106602) to (-23.106602, 0, -16.106602), distance: 3.8
[CombatArena] [STATE] ActionExecution -> AIDecision
[RealtimeAIController] State: ActionExecution -> AIDecision
[AutoBattlerManager] Action: enemy_orc_archer -> Move to (-23.106602, 0, -16.106602) (OK)
[COMBAT_LOG] {"ts":1770377632291,"event":"DECISION","unit":"enemy_orc_archer","action":"EndTurn","score":0.10006019}
[RealtimeAIController] Orc Archer -> EndTurn (#6) score:0.10
[RealtimeAIController] Calling EndCurrentTurn()
[CombatArena] [STATE] AIDecision -> TurnEnd
[RealtimeAIController] State: AIDecision -> TurnEnd
[CombatArena] [TURN] Round 2, Goblin Shaman
[CombatArena] [STATE] TurnEnd -> TurnStart
[RealtimeAIController] State: TurnEnd -> TurnStart
[CombatArena] [STATE] TurnStart -> AIDecision
[RealtimeAIController] State: TurnStart -> AIDecision
[CombatArena] Camera focusing on Goblin Shaman via hooks
[CombatArena] SelectCombatant called: enemy_shaman
[CombatArena] Selected: enemy_shaman
[CombatArena] Turn started: Goblin Shaman (AI)
[COMBAT_LOG] {"ts":1770377632298,"event":"TURN_START","turn":13,"round":2,"unit":"enemy_shaman","unit_name":"Goblin Shaman","faction":"Hostile","hp":28,"max_hp":28,"ap":"Action | Bonus | Reaction | Move:30/30","pos":[-23.228424,0,11.869927]}
[RealtimeAIController] Turn started for Goblin Shaman
[COMBAT_LOG] {"ts":1770377632298,"event":"DECISION","unit":"enemy_shaman","action":"Move","target":"(-23.228424, 0, -18.130074)","score":1.2098625}
[RealtimeAIController] Goblin Shaman -> Move (#1) score:1.21
[CombatArena] ExecuteMovement: enemy_shaman -> (-23.228424, 0, -18.130074)
[CombatArena] [STATE] AIDecision -> ActionExecution
[RealtimeAIController] State: AIDecision -> ActionExecution
[CombatArena] Goblin Shaman moved from (-23.228424, 0, 11.869927) to (-23.228424, 0, -18.130074), distance: 30.0
[CombatArena] [STATE] ActionExecution -> AIDecision
[RealtimeAIController] State: ActionExecution -> AIDecision
[AutoBattlerManager] Action: enemy_shaman -> Move to (-23.228424, 0, -18.130074) (OK)
[COMBAT_LOG] {"ts":1770377632408,"event":"DECISION","unit":"enemy_shaman","action":"Dash","score":3.1161768}
[RealtimeAIController] Goblin Shaman -> Dash (#2) score:3.12
[AutoBattlerManager] Action: enemy_shaman -> Dash (OK)
[COMBAT_LOG] {"ts":1770377632519,"event":"DECISION","unit":"enemy_shaman","action":"Move","target":"(-23.228424, 0, -33.130074)","score":0.6581303}
[RealtimeAIController] Goblin Shaman -> Move (#3) score:0.66
[CombatArena] ExecuteMovement: enemy_shaman -> (-23.228424, 0, -33.130074)
[CombatArena] [STATE] AIDecision -> ActionExecution
[RealtimeAIController] State: AIDecision -> ActionExecution
[CombatArena] Goblin Shaman moved from (-23.228424, 0, -18.130074) to (-23.228424, 0, -33.130074), distance: 15.0
[CombatArena] [STATE] ActionExecution -> AIDecision
[RealtimeAIController] State: ActionExecution -> AIDecision
[AutoBattlerManager] Action: enemy_shaman -> Move to (-23.228424, 0, -33.130074) (OK)
[COMBAT_LOG] {"ts":1770377632629,"event":"DECISION","unit":"enemy_shaman","action":"Move","target":"(-23.228424, 0, -18.130074)","score":1.2326546}
[RealtimeAIController] Goblin Shaman -> Move (#4) score:1.23
[CombatArena] ExecuteMovement: enemy_shaman -> (-23.228424, 0, -18.130074)
[CombatArena] [STATE] AIDecision -> ActionExecution
[RealtimeAIController] State: AIDecision -> ActionExecution
[CombatArena] Goblin Shaman moved from (-23.228424, 0, -33.130074) to (-23.228424, 0, -18.130074), distance: 15.0
[CombatArena] [STATE] ActionExecution -> AIDecision
[RealtimeAIController] State: ActionExecution -> AIDecision
[AutoBattlerManager] Action: enemy_shaman -> Move to (-23.228424, 0, -18.130074) (OK)
[COMBAT_LOG] {"ts":1770377632739,"event":"DECISION","unit":"enemy_shaman","action":"EndTurn","score":0.104653604}
[RealtimeAIController] Goblin Shaman -> EndTurn (#5) score:0.10
[RealtimeAIController] Calling EndCurrentTurn()
[CombatArena] [STATE] AIDecision -> TurnEnd
[RealtimeAIController] State: AIDecision -> TurnEnd
[CombatArena] [TURN] Round 2, Mage
[CombatArena] [STATE] TurnEnd -> TurnStart
[RealtimeAIController] State: TurnEnd -> TurnStart
[CombatArena] [STATE] TurnStart -> PlayerDecision
[RealtimeAIController] State: TurnStart -> PlayerDecision
[CombatArena] Camera focusing on Mage via hooks
[CombatArena] SelectCombatant called: player_mage
[CombatArena] Selected: player_mage
[CombatArena] Turn started: Mage (Player)
[COMBAT_LOG] {"ts":1770377632746,"event":"TURN_START","turn":14,"round":2,"unit":"player_mage","unit_name":"Mage","faction":"Player","hp":32,"max_hp":32,"ap":"Action | Bonus | Reaction | Move:30/30","pos":[-0.34834957,0,-5.2049513]}
[RealtimeAIController] Turn started for Mage
[COMBAT_LOG] {"ts":1770377632746,"event":"DECISION","unit":"player_mage","action":"Attack","target":"enemy_orc_archer","score":2.0873308}
[RealtimeAIController] Mage -> Attack (#1) score:2.09
[CombatArena] ExecuteAbility: player_mage -> basic_attack -> enemy_orc_archer
[CombatArena] [STATE] PlayerDecision -> ActionExecution
[RealtimeAIController] State: PlayerDecision -> ActionExecution
[CombatArena] Mage used basic_attack on Orc Archer: damage:5
[CombatArena] ClearSelection called
[AutoBattlerManager] Action: player_mage -> Attack:basic_attack->enemy_orc_archer (OK)
[CombatArena] [STATE] ActionExecution -> PlayerDecision
[RealtimeAIController] State: ActionExecution -> PlayerDecision
[COMBAT_LOG] {"ts":1770377633352,"event":"DECISION","unit":"player_mage","action":"Move","target":"(-30.34835, 0, -5.2049513)","score":1.318494}
[RealtimeAIController] Mage -> Move (#2) score:1.32
[CombatArena] ExecuteMovement: player_mage -> (-30.34835, 0, -5.2049513)
[CombatArena] [STATE] PlayerDecision -> ActionExecution
[RealtimeAIController] State: PlayerDecision -> ActionExecution
[CombatArena] Mage moved from (-0.34834957, 0, -5.2049513) to (-30.34835, 0, -5.2049513), distance: 30.0
[CombatArena] [STATE] ActionExecution -> PlayerDecision
[RealtimeAIController] State: ActionExecution -> PlayerDecision
[AutoBattlerManager] Action: player_mage -> Move to (-30.34835, 0, -5.2049513) (OK)
[COMBAT_LOG] {"ts":1770377633462,"event":"DECISION","unit":"player_mage","action":"EndTurn","score":0.10727857}
[RealtimeAIController] Mage -> EndTurn (#3) score:0.11
[RealtimeAIController] Calling EndCurrentTurn()
[CombatArena] [STATE] PlayerDecision -> TurnEnd
[RealtimeAIController] State: PlayerDecision -> TurnEnd
[CombatArena] [TURN] Round 2, Orc Brute
[CombatArena] [STATE] TurnEnd -> TurnStart
[RealtimeAIController] State: TurnEnd -> TurnStart
[CombatArena] [STATE] TurnStart -> AIDecision
[RealtimeAIController] State: TurnStart -> AIDecision
[CombatArena] Camera focusing on Orc Brute via hooks
[CombatArena] SelectCombatant called: enemy_orc_brute
[CombatArena] Selected: enemy_orc_brute
[CombatArena] Turn started: Orc Brute (AI)
[COMBAT_LOG] {"ts":1770377633469,"event":"TURN_START","turn":15,"round":2,"unit":"enemy_orc_brute","unit_name":"Orc Brute","faction":"Hostile","hp":38,"max_hp":48,"ap":"Action | Bonus | Reaction | Move:30/30","pos":[3.4733496,0,-6.5349026]}
[RealtimeAIController] Turn started for Orc Brute
[COMBAT_LOG] {"ts":1770377633469,"event":"DECISION","unit":"enemy_orc_brute","action":"Move","target":"(-26.52665, 0, -6.5349026)","score":1.2557864}
[RealtimeAIController] Orc Brute -> Move (#1) score:1.26
[CombatArena] ExecuteMovement: enemy_orc_brute -> (-26.52665, 0, -6.5349026)
[CombatArena] [STATE] AIDecision -> ActionExecution
[RealtimeAIController] State: AIDecision -> ActionExecution
[CombatArena] Orc Brute moved from (3.4733496, 0, -6.5349026) to (-26.52665, 0, -6.5349026), distance: 30.0
[CombatArena] [STATE] ActionExecution -> AIDecision
[RealtimeAIController] State: ActionExecution -> AIDecision
[AutoBattlerManager] Action: enemy_orc_brute -> Move to (-26.52665, 0, -6.5349026) (OK)
[COMBAT_LOG] {"ts":1770377633579,"event":"DECISION","unit":"enemy_orc_brute","action":"Dash","score":3.134092}
[RealtimeAIController] Orc Brute -> Dash (#2) score:3.13
[AutoBattlerManager] Action: enemy_orc_brute -> Dash (OK)
[COMBAT_LOG] {"ts":1770377633689,"event":"DECISION","unit":"enemy_orc_brute","action":"Move","target":"(3.4733505, 0, -6.5349026)","score":1.2276947}
[RealtimeAIController] Orc Brute -> Move (#3) score:1.23
[CombatArena] ExecuteMovement: enemy_orc_brute -> (3.4733505, 0, -6.5349026)
[CombatArena] [STATE] AIDecision -> ActionExecution
[RealtimeAIController] State: AIDecision -> ActionExecution
[CombatArena] Orc Brute moved from (-26.52665, 0, -6.5349026) to (3.4733505, 0, -6.5349026), distance: 30.0
[CombatArena] [STATE] ActionExecution -> AIDecision
[RealtimeAIController] State: ActionExecution -> AIDecision
[AutoBattlerManager] Action: enemy_orc_brute -> Move to (3.4733505, 0, -6.5349026) (OK)
[COMBAT_LOG] {"ts":1770377633799,"event":"DECISION","unit":"enemy_orc_brute","action":"EndTurn","score":0.10898956}
[RealtimeAIController] Orc Brute -> EndTurn (#4) score:0.11
[RealtimeAIController] Calling EndCurrentTurn()
[CombatArena] [STATE] AIDecision -> TurnEnd
[RealtimeAIController] State: AIDecision -> TurnEnd
[CombatArena] [TURN] Round 2, Cleric
[CombatArena] [STATE] TurnEnd -> TurnStart
[RealtimeAIController] State: TurnEnd -> TurnStart
[CombatArena] [STATE] TurnStart -> PlayerDecision
[RealtimeAIController] State: TurnStart -> PlayerDecision
[CombatArena] Camera focusing on Cleric via hooks
[CombatArena] SelectCombatant called: player_cleric
[CombatArena] Selected: player_cleric
[CombatArena] Turn started: Cleric (Player)
[COMBAT_LOG] {"ts":1770377633806,"event":"TURN_START","turn":16,"round":2,"unit":"player_cleric","unit_name":"Cleric","faction":"Player","hp":25,"max_hp":44,"ap":"Action | Bonus | Reaction | Move:30/30","pos":[5.051765,0,-7.5339847]}
[RealtimeAIController] Turn started for Cleric
[COMBAT_LOG] {"ts":1770377633806,"event":"DECISION","unit":"player_cleric","action":"Attack","target":"enemy_orc_archer","score":7.4724703}
[RealtimeAIController] Cleric -> Attack (#1) score:7.47
[CombatArena] ExecuteAbility: player_cleric -> basic_attack -> enemy_orc_archer
[CombatArena] [STATE] PlayerDecision -> ActionExecution
[RealtimeAIController] State: PlayerDecision -> ActionExecution
[CombatArena] Cleric used basic_attack on Orc Archer: damage:6
[CombatArena] ClearSelection called
[AutoBattlerManager] Action: player_cleric -> Attack:basic_attack->enemy_orc_archer (OK)
[CombatArena] [STATE] ActionExecution -> PlayerDecision
[RealtimeAIController] State: ActionExecution -> PlayerDecision
[COMBAT_LOG] {"ts":1770377634411,"event":"DECISION","unit":"player_cleric","action":"Move","target":"(5.051765, 0, 7.4660153)","score":0.6597739}
[RealtimeAIController] Cleric -> Move (#2) score:0.66
[CombatArena] ExecuteMovement: player_cleric -> (5.051765, 0, 7.4660153)
[CombatArena] [STATE] PlayerDecision -> ActionExecution
[RealtimeAIController] State: PlayerDecision -> ActionExecution
[CombatArena] Cleric moved from (5.051765, 0, -7.5339847) to (5.051765, 0, 7.4660153), distance: 15.0
[CombatArena] [STATE] ActionExecution -> PlayerDecision
[RealtimeAIController] State: ActionExecution -> PlayerDecision
[AutoBattlerManager] Action: player_cleric -> Move to (5.051765, 0, 7.4660153) (OK)
[COMBAT_LOG] {"ts":1770377634521,"event":"DECISION","unit":"player_cleric","action":"Move","target":"(5.051765, 0, -7.5339847)","score":1.2738014}
[RealtimeAIController] Cleric -> Move (#3) score:1.27
[CombatArena] ExecuteMovement: player_cleric -> (5.051765, 0, -7.5339847)
[CombatArena] [STATE] PlayerDecision -> ActionExecution
[RealtimeAIController] State: PlayerDecision -> ActionExecution
[CombatArena] Cleric moved from (5.051765, 0, 7.4660153) to (5.051765, 0, -7.5339847), distance: 15.0
[CombatArena] [STATE] ActionExecution -> PlayerDecision
[RealtimeAIController] State: ActionExecution -> PlayerDecision
[AutoBattlerManager] Action: player_cleric -> Move to (5.051765, 0, -7.5339847) (OK)
[COMBAT_LOG] {"ts":1770377634631,"event":"DECISION","unit":"player_cleric","action":"EndTurn","score":0.1073109}
[RealtimeAIController] Cleric -> EndTurn (#4) score:0.11
[RealtimeAIController] Calling EndCurrentTurn()
[CombatArena] [STATE] PlayerDecision -> TurnEnd
[RealtimeAIController] State: PlayerDecision -> TurnEnd
[CombatArena] [TURN] Round 3, Rogue
[CombatArena] [STATE] TurnEnd -> RoundEnd
[RealtimeAIController] State: TurnEnd -> RoundEnd
[CombatArena] [STATE] RoundEnd -> TurnStart
[RealtimeAIController] State: RoundEnd -> TurnStart
[CombatArena] Round 3: Reset reactions for all combatants
[CombatArena] [STATE] TurnStart -> PlayerDecision
[RealtimeAIController] State: TurnStart -> PlayerDecision
[CombatArena] Camera focusing on Rogue via hooks
[CombatArena] SelectCombatant called: player_rogue
[CombatArena] Selected: player_rogue
[CombatArena] Turn started: Rogue (Player)
[COMBAT_LOG] {"ts":1770377634638,"event":"TURN_START","turn":17,"round":3,"unit":"player_rogue","unit_name":"Rogue","faction":"Player","hp":18,"max_hp":36,"ap":"Action | Bonus | Reaction | Move:30/30","pos":[24.5,0,-9.5]}
[RealtimeAIController] Turn started for Rogue
[COMBAT_LOG] {"ts":1770377634638,"event":"DECISION","unit":"player_rogue","action":"Attack","target":"enemy_orc_archer","score":7.4032784}
[RealtimeAIController] Rogue -> Attack (#1) score:7.40
[CombatArena] ExecuteAbility: player_rogue -> basic_attack -> enemy_orc_archer
[CombatArena] [STATE] PlayerDecision -> ActionExecution
[RealtimeAIController] State: PlayerDecision -> ActionExecution
[CombatArena] Rogue used basic_attack on Orc Archer: damage:9
[CombatArena] ClearSelection called
[AutoBattlerManager] Action: player_rogue -> Attack:basic_attack->enemy_orc_archer (OK)
[CombatArena] [STATE] ActionExecution -> PlayerDecision
[RealtimeAIController] State: ActionExecution -> PlayerDecision
[COMBAT_LOG] {"ts":1770377635244,"event":"DECISION","unit":"player_rogue","action":"Move","target":"(9.5, 0, -9.5)","score":0.65680504}
[RealtimeAIController] Rogue -> Move (#2) score:0.66
[CombatArena] ExecuteMovement: player_rogue -> (9.5, 0, -9.5)
[CombatArena] [STATE] PlayerDecision -> ActionExecution
[RealtimeAIController] State: PlayerDecision -> ActionExecution
[CombatArena] Rogue moved from (24.5, 0, -9.5) to (9.5, 0, -9.5), distance: 15.0
[CombatArena] [STATE] ActionExecution -> PlayerDecision
[RealtimeAIController] State: ActionExecution -> PlayerDecision
[AutoBattlerManager] Action: player_rogue -> Move to (9.5, 0, -9.5) (OK)
[COMBAT_LOG] {"ts":1770377635353,"event":"DECISION","unit":"player_rogue","action":"Move","target":"(2, 0, -2)","score":1.2802182}
[RealtimeAIController] Rogue -> Move (#3) score:1.28
[CombatArena] ExecuteMovement: player_rogue -> (2, 0, -2)
[CombatArena] [STATE] PlayerDecision -> ActionExecution
[RealtimeAIController] State: PlayerDecision -> ActionExecution
[CombatArena] Rogue moved from (9.5, 0, -9.5) to (2, 0, -2), distance: 10.6
[CombatArena] [STATE] ActionExecution -> PlayerDecision
[RealtimeAIController] State: ActionExecution -> PlayerDecision
[AutoBattlerManager] Action: player_rogue -> Move to (2, 0, -2) (OK)
[COMBAT_LOG] {"ts":1770377635464,"event":"DECISION","unit":"player_rogue","action":"Move","target":"(2, 0, -4.196699)","score":1.3091888}
[RealtimeAIController] Rogue -> Move (#4) score:1.31
[CombatArena] ExecuteMovement: player_rogue -> (2, 0, -4.196699)
[CombatArena] [STATE] PlayerDecision -> ActionExecution
[RealtimeAIController] State: PlayerDecision -> ActionExecution
[CombatArena] Rogue moved from (2, 0, -2) to (2, 0, -4.196699), distance: 2.2
[CombatArena] [STATE] ActionExecution -> PlayerDecision
[RealtimeAIController] State: ActionExecution -> PlayerDecision
[AutoBattlerManager] Action: player_rogue -> Move to (2, 0, -4.196699) (OK)
[COMBAT_LOG] {"ts":1770377635573,"event":"DECISION","unit":"player_rogue","action":"Move","target":"(3.0983496, 0, -3.0983496)","score":1.3092885}
[RealtimeAIController] Rogue -> Move (#5) score:1.31
[CombatArena] ExecuteMovement: player_rogue -> (3.0983496, 0, -3.0983496)
[CombatArena] [STATE] PlayerDecision -> ActionExecution
[RealtimeAIController] State: PlayerDecision -> ActionExecution
[CombatArena] Rogue moved from (2, 0, -4.196699) to (3.0983496, 0, -3.0983496), distance: 1.6
[CombatArena] [STATE] ActionExecution -> PlayerDecision
[RealtimeAIController] State: ActionExecution -> PlayerDecision
[AutoBattlerManager] Action: player_rogue -> Move to (3.0983496, 0, -3.0983496) (OK)
[COMBAT_LOG] {"ts":1770377635683,"event":"DECISION","unit":"player_rogue","action":"Move","target":"(3.4200487, 0, -3.0983496)","score":1.3196012}
[RealtimeAIController] Rogue -> Move (#6) score:1.32
[CombatArena] ExecuteMovement: player_rogue -> (3.4200487, 0, -3.0983496)
[CombatArena] [STATE] PlayerDecision -> ActionExecution
[RealtimeAIController] State: PlayerDecision -> ActionExecution
[CombatArena] Rogue moved from (3.0983496, 0, -3.0983496) to (3.4200487, 0, -3.0983496), distance: 0.3
[CombatArena] [STATE] ActionExecution -> PlayerDecision
[RealtimeAIController] State: ActionExecution -> PlayerDecision
[AutoBattlerManager] Action: player_rogue -> Move to (3.4200487, 0, -3.0983496) (OK)
[COMBAT_LOG] {"ts":1770377635793,"event":"DECISION","unit":"player_rogue","action":"Move","target":"(3.5808983, 0, -3.2591991)","score":1.3185511}
[RealtimeAIController] Rogue -> Move (#7) score:1.32
[CombatArena] ExecuteMovement: player_rogue -> (3.5808983, 0, -3.2591991)
[CombatArena] [STATE] PlayerDecision -> ActionExecution
[RealtimeAIController] State: PlayerDecision -> ActionExecution
[CombatArena] Rogue moved from (3.4200487, 0, -3.0983496) to (3.5808983, 0, -3.2591991), distance: 0.2
[CombatArena] [STATE] ActionExecution -> PlayerDecision
[RealtimeAIController] State: ActionExecution -> PlayerDecision
[AutoBattlerManager] Action: player_rogue -> Move to (3.5808983, 0, -3.2591991) (OK)
[COMBAT_LOG] {"ts":1770377635903,"event":"DECISION","unit":"player_rogue","action":"Move","target":"(3.6751218, 0, -3.2591991)","score":1.2784563}
[RealtimeAIController] Rogue -> Move (#8) score:1.28
[CombatArena] ExecuteMovement: player_rogue -> (3.6751218, 0, -3.2591991)
[CombatArena] [STATE] PlayerDecision -> ActionExecution
[RealtimeAIController] State: PlayerDecision -> ActionExecution
[CombatArena] Rogue moved from (3.5808983, 0, -3.2591991) to (3.6751218, 0, -3.2591991), distance: 0.1
[CombatArena] [STATE] ActionExecution -> PlayerDecision
[RealtimeAIController] State: ActionExecution -> PlayerDecision
[AutoBattlerManager] Action: player_rogue -> Move to (3.6751218, 0, -3.2591991) (OK)
[COMBAT_LOG] {"ts":1770377636013,"event":"DECISION","unit":"player_rogue","action":"EndTurn","score":0.10263177}
[RealtimeAIController] Rogue -> EndTurn (#9) score:0.10
[RealtimeAIController] Calling EndCurrentTurn()
[CombatArena] [STATE] PlayerDecision -> TurnEnd
[RealtimeAIController] State: PlayerDecision -> TurnEnd
[CombatArena] [TURN] Round 3, Goblin Skirmisher
[CombatArena] [STATE] TurnEnd -> TurnStart
[RealtimeAIController] State: TurnEnd -> TurnStart
[CombatArena] [STATE] TurnStart -> AIDecision
[RealtimeAIController] State: TurnStart -> AIDecision
[CombatArena] Camera focusing on Goblin Skirmisher via hooks
[CombatArena] SelectCombatant called: enemy_goblin
[CombatArena] Selected: enemy_goblin
[CombatArena] Turn started: Goblin Skirmisher (AI)
[COMBAT_LOG] {"ts":1770377636020,"event":"TURN_START","turn":18,"round":3,"unit":"enemy_goblin","unit_name":"Goblin Skirmisher","faction":"Hostile","hp":17,"max_hp":22,"ap":"Action | Bonus | Reaction | Move:30/30","pos":[-33.245872,0,-4.2725263]}
[RealtimeAIController] Turn started for Goblin Skirmisher
[COMBAT_LOG] {"ts":1770377636021,"event":"DECISION","unit":"enemy_goblin","action":"Attack","target":"player_rogue","score":1.0606194}
[RealtimeAIController] Goblin Skirmisher -> Attack (#1) score:1.06
[CombatArena] ExecuteAbility: enemy_goblin -> basic_attack -> player_rogue
[CombatArena] [STATE] AIDecision -> ActionExecution
[RealtimeAIController] State: AIDecision -> ActionExecution
[CombatArena] Goblin Skirmisher used basic_attack on Rogue: damage:10
[CombatArena] ClearSelection called
[AutoBattlerManager] Action: enemy_goblin -> Attack:basic_attack->player_rogue (OK)
[CombatArena] [STATE] ActionExecution -> AIDecision
[RealtimeAIController] State: ActionExecution -> AIDecision
[COMBAT_LOG] {"ts":1770377636618,"event":"DECISION","unit":"enemy_goblin","action":"Move","target":"(-3.2458725, 0, -4.2725263)","score":0.6436725}
[RealtimeAIController] Goblin Skirmisher -> Move (#2) score:0.64
[CombatArena] ExecuteMovement: enemy_goblin -> (-3.2458725, 0, -4.2725263)
[CombatArena] [STATE] AIDecision -> ActionExecution
[RealtimeAIController] State: AIDecision -> ActionExecution
[CombatArena] Goblin Skirmisher moved from (-33.245872, 0, -4.2725263) to (-3.2458725, 0, -4.2725263), distance: 30.0
[CombatArena] [STATE] ActionExecution -> AIDecision
[RealtimeAIController] State: ActionExecution -> AIDecision
[AutoBattlerManager] Action: enemy_goblin -> Move to (-3.2458725, 0, -4.2725263) (OK)
[COMBAT_LOG] {"ts":1770377636728,"event":"DECISION","unit":"enemy_goblin","action":"EndTurn","score":0.10759826}
[RealtimeAIController] Goblin Skirmisher -> EndTurn (#3) score:0.11
[RealtimeAIController] Calling EndCurrentTurn()
[CombatArena] [STATE] AIDecision -> TurnEnd
[RealtimeAIController] State: AIDecision -> TurnEnd
[CombatArena] [TURN] Round 3, Fighter
[CombatArena] [STATE] TurnEnd -> TurnStart
[RealtimeAIController] State: TurnEnd -> TurnStart
[CombatArena] [STATE] TurnStart -> PlayerDecision
[RealtimeAIController] State: TurnStart -> PlayerDecision
[CombatArena] Camera focusing on Fighter via hooks
[CombatArena] SelectCombatant called: player_fighter
[CombatArena] Selected: player_fighter
[CombatArena] Turn started: Fighter (Player)
[COMBAT_LOG] {"ts":1770377636735,"event":"TURN_START","turn":19,"round":3,"unit":"player_fighter","unit_name":"Fighter","faction":"Player","hp":52,"max_hp":52,"ap":"Action | Bonus | Reaction | Move:30/30","pos":[-22.688446,0,-13.901649]}
[RealtimeAIController] Turn started for Fighter
[COMBAT_LOG] {"ts":1770377636735,"event":"DECISION","unit":"player_fighter","action":"Attack","target":"enemy_goblin","score":0.6970728}
[RealtimeAIController] Fighter -> Attack (#1) score:0.70
[CombatArena] ExecuteAbility: player_fighter -> basic_attack -> enemy_goblin
[CombatArena] [STATE] PlayerDecision -> ActionExecution
[RealtimeAIController] State: PlayerDecision -> ActionExecution
[CombatArena] Fighter used basic_attack on Goblin Skirmisher: damage:6
[CombatArena] ClearSelection called
[AutoBattlerManager] Action: player_fighter -> Attack:basic_attack->enemy_goblin (OK)
[CombatArena] [STATE] ActionExecution -> PlayerDecision
[RealtimeAIController] State: ActionExecution -> PlayerDecision
[COMBAT_LOG] {"ts":1770377637333,"event":"DECISION","unit":"player_fighter","action":"Move","target":"(-22.688446, 0, 16.09835)","score":0.6532704}
[RealtimeAIController] Fighter -> Move (#2) score:0.65
[CombatArena] ExecuteMovement: player_fighter -> (-22.688446, 0, 16.09835)
[CombatArena] [STATE] PlayerDecision -> ActionExecution
[RealtimeAIController] State: PlayerDecision -> ActionExecution
[CombatArena] Fighter moved from (-22.688446, 0, -13.901649) to (-22.688446, 0, 16.09835), distance: 30.0
[CombatArena] [STATE] ActionExecution -> PlayerDecision
[RealtimeAIController] State: ActionExecution -> PlayerDecision
[AutoBattlerManager] Action: player_fighter -> Move to (-22.688446, 0, 16.09835) (OK)
[COMBAT_LOG] {"ts":1770377637443,"event":"DECISION","unit":"player_fighter","action":"EndTurn","score":0.10197065}
[RealtimeAIController] Fighter -> EndTurn (#3) score:0.10
[RealtimeAIController] Calling EndCurrentTurn()
[CombatArena] [STATE] PlayerDecision -> TurnEnd
[RealtimeAIController] State: PlayerDecision -> TurnEnd
[CombatArena] [TURN] Round 3, Orc Archer
[CombatArena] [STATE] TurnEnd -> TurnStart
[RealtimeAIController] State: TurnEnd -> TurnStart
[CombatArena] [STATE] TurnStart -> AIDecision
[RealtimeAIController] State: TurnStart -> AIDecision
[CombatArena] Camera focusing on Orc Archer via hooks
[CombatArena] SelectCombatant called: enemy_orc_archer
[CombatArena] Selected: enemy_orc_archer
[CombatArena] Turn started: Orc Archer (AI)
[AutoBattleWatchdog] Monitoring STOPPED
[AutoBattleWatchdog] FATAL: TIMEOUT_FREEZE - No action logged for 9955ms (threshold: 10000ms). Last actor: player_fighter, last action: EndTurn, total actions: 125
[COMBAT_LOG] {"ts":1770377647400,"event":"WATCHDOG_ALERT","action":"TIMEOUT_FREEZE","error":"No action logged for 9955ms (threshold: 10000ms). Last actor: player_fighter, last action: EndTurn, total actions: 125"}
[AutoBattlerManager] WATCHDOG FATAL: TIMEOUT_FREEZE - No action logged for 9955ms (threshold: 10000ms). Last actor: player_fighter, last action: EndTurn, total actions: 125
FATAL_ERROR: {"fatal_error":true,"alert_type":"TIMEOUT_FREEZE","message":"No action logged for 9955ms (threshold: 10000ms). Last actor: player_fighter, last action: EndTurn, total actions: 125","timestamp":1770377647400,"total_actions_logged":125,"last_actor":"player_fighter","last_action":"EndTurn","consecutive_count":1,"recent_actions_count":5}
[AutoBattleWatchdog] Calling GetTree().Quit(1)
