[0;32m[INFO][0m Using Godot: godot
[0;32m[INFO][0m Project dir: /home/martin/repos/qdnd
[0;32m[INFO][0m Running auto-battle...
[0;36mâ•â•â•â•â•â•â•â•â•â•â•â•â•â•â•â•â•â•â•â•â•â•â•â•â•â•â•â•â•â•â•â•â•â•â•â•â•â•â•â•â•â•â•â•â•â•â•â•â•â•â•[0m
Godot Engine v4.6.stable.mono.official.89cea1439 - https://godotengine.org

[CLIEntryPoint] Raw args: res://Tools/CLIRunner.tscn
[CLIEntryPoint] User args: --run-autobattle --seed 2010 --freeze-timeout 10 --loop-threshold 20 --max-turns 20 --log-file artifacts/autobattle/stress3/seed_2010.jsonl
[CLIEntryPoint] Parsed args: run-autobattle=true, seed=2010, freeze-timeout=10, loop-threshold=20, max-turns=20, log-file=artifacts/autobattle/stress3/seed_2010.jsonl
[CLIEntryPoint] Checking modes: run-tests=False, run-simulation=False, run-autobattle=True
=== IN-ENGINE AUTO-BATTLE RUN ===
Timestamp: 2026-02-06T11:34:07.7044794Z
NOTE: Running the REAL CombatArena.tscn scene with AI control.

Seed: 2010
Scenario: res://Data/Scenarios/autobattle_4v4.json
Log file: artifacts/autobattle/stress3/seed_2010.jsonl
Max rounds: 100
Max turns: 20
Watchdog freeze timeout: 10s
Watchdog loop threshold: 20

[AutoBattlerManager] === STARTING IN-ENGINE AUTO-BATTLE ===
[AutoBattlerManager] Seed: 2010
[AutoBattlerManager] Scenario: res://Data/Scenarios/autobattle_4v4.json
[AutoBattlerManager] Loading scene: res://Combat/Arena/CombatArena.tscn
[CombatArena] === COMBAT ARENA INITIALIZING ===
[CombatArena] Ground collision plane created (100x100m at Y=0)
[CombatArena] CombatContext created
[CombatContext] Registered service: CombatStateMachine
[CombatContext] Registered service: TurnQueueService
[CombatContext] Registered service: CommandService
[CombatContext] Registered service: CombatLog
[CombatContext] Registered service: ScenarioLoader
[Registry] Loaded from /home/martin/repos/qdnd/Data:
  - 7 abilities
  - 6 statuses
  - 20 scenarios
[INFO] [Registry] Dependencies: Checked 7 abilities, 6 statuses, 20 scenarios
[Registry] Validation complete: 0 errors, 0 warnings
[CombatContext] Registered service: DataRegistry
[CombatContext] Registered service: RulesEngine
[CombatContext] Registered service: StatusManager
[CombatContext] Registered service: EffectPipeline
[CombatContext] Registered service: TargetValidator
[CombatContext] Registered service: ReactionSystem
[CombatContext] Registered service: LOSService
[CombatContext] Registered service: HeightService
[CombatContext] Registered service: AIDecisionPipeline
[CombatContext] Registered service: MovementService
[CombatContext] Registered service: SurfaceManager
[CombatContext] Registered service: PresentationRequestBus
[CombatContext] Registered service: CameraStateHooks
[CombatArena] UI Models initialized
[CombatArena] Services registered: 18
[CombatArena] Loaded scenario: 8 combatants
[CombatArena] Loaded scenario from: res://Data/Scenarios/autobattle_4v4.json
[CombatArena] Registered default abilities: basic_attack, ranged_attack, power_strike
[CombatArena] Instantiating visual from scene for Fighter
[CombatantVisual] CollisionShape3D found for Fighter
[CombatantVisual] Fighter initialized - Layer: 2, Mask: 0, Pickable: True, HasShape: True
[CombatArena] Spawned visual for Fighter at (0, 0, 0), Layer: 2, InTree: True
[CombatArena] Instantiating visual from scene for Mage
[CombatantVisual] CollisionShape3D found for Mage
[CombatantVisual] Mage initialized - Layer: 2, Mask: 0, Pickable: True, HasShape: True
[CombatArena] Spawned visual for Mage at (-3, 0, -1), Layer: 2, InTree: True
[CombatArena] Instantiating visual from scene for Cleric
[CombatantVisual] CollisionShape3D found for Cleric
[CombatantVisual] Cleric initialized - Layer: 2, Mask: 0, Pickable: True, HasShape: True
[CombatArena] Spawned visual for Cleric at (-1, 0, -3), Layer: 2, InTree: True
[CombatArena] Instantiating visual from scene for Rogue
[CombatantVisual] CollisionShape3D found for Rogue
[CombatantVisual] Rogue initialized - Layer: 2, Mask: 0, Pickable: True, HasShape: True
[CombatArena] Spawned visual for Rogue at (2, 0, -2), Layer: 2, InTree: True
[CombatArena] Instantiating visual from scene for Orc Brute
[CombatantVisual] CollisionShape3D found for Orc Brute
[CombatantVisual] Orc Brute initialized - Layer: 2, Mask: 0, Pickable: True, HasShape: True
[CombatArena] Spawned visual for Orc Brute at (8, 0, 0), Layer: 2, InTree: True
[CombatArena] Instantiating visual from scene for Orc Archer
[CombatantVisual] CollisionShape3D found for Orc Archer
[CombatantVisual] Orc Archer initialized - Layer: 2, Mask: 0, Pickable: True, HasShape: True
[CombatArena] Spawned visual for Orc Archer at (10, 0, 2), Layer: 2, InTree: True
[CombatArena] Instantiating visual from scene for Goblin Skirmisher
[CombatantVisual] CollisionShape3D found for Goblin Skirmisher
[CombatantVisual] Goblin Skirmisher initialized - Layer: 2, Mask: 0, Pickable: True, HasShape: True
[CombatArena] Spawned visual for Goblin Skirmisher at (7, 0, 3), Layer: 2, InTree: True
[CombatArena] Instantiating visual from scene for Goblin Shaman
[CombatantVisual] CollisionShape3D found for Goblin Shaman
[CombatantVisual] Goblin Shaman initialized - Layer: 2, Mask: 0, Pickable: True, HasShape: True
[CombatArena] Spawned visual for Goblin Shaman at (10, 0, -1), Layer: 2, InTree: True
[CombatArena] [STATE] NotInCombat -> CombatStart
[CombatArena] [TURN] Round 1, Rogue
[CombatArena] [STATE] CombatStart -> TurnStart
[CombatArena] Round 1: Reset reactions for all combatants
[CombatArena] [STATE] TurnStart -> PlayerDecision
[CombatArena] Camera focusing on Rogue via hooks
[CombatArena] SelectCombatant called: player_rogue
[CombatArena] Selected: player_rogue
[CombatArena] Turn started: Rogue (Player)
[CombatArena] === COMBAT ARENA READY ===
[AutoBattlerManager] CombatArena added to scene tree
[AutoBattleWatchdog] Ready
[AutoBattlerManager] Watchdog created
[RealtimeAIController] Ready
[AutoBattlerManager] RealtimeAIController created
[AutoBattleWatchdog] Monitoring STARTED (freeze: 10s, loop: 20 in 1s)
[AutoBattlerManager] Scene loaded, waiting for combat to start...
[AutoBattlerManager] Arena ready, attaching AI controller...
[RealtimeAIController] Subscribed to state machine
[RealtimeAIController] Attached to CombatArena
[COMBAT_LOG] {"ts":1770377647935,"event":"BATTLE_START","seed":2010,"units":[{"id":"player_fighter","name":"Fighter","faction":"Player","hp":52,"max_hp":52,"pos":[0,0,0],"alive":true},{"id":"player_mage","name":"Mage","faction":"Player","hp":32,"max_hp":32,"pos":[-3,0,-1],"alive":true},{"id":"player_cleric","name":"Cleric","faction":"Player","hp":44,"max_hp":44,"pos":[-1,0,-3],"alive":true},{"id":"player_rogue","name":"Rogue","faction":"Player","hp":36,"max_hp":36,"pos":[2,0,-2],"alive":true},{"id":"enemy_orc_brute","name":"Orc Brute","faction":"Hostile","hp":48,"max_hp":48,"pos":[8,0,0],"alive":true},{"id":"enemy_orc_archer","name":"Orc Archer","faction":"Hostile","hp":30,"max_hp":30,"pos":[10,0,2],"alive":true},{"id":"enemy_goblin","name":"Goblin Skirmisher","faction":"Hostile","hp":22,"max_hp":22,"pos":[7,0,3],"alive":true},{"id":"enemy_shaman","name":"Goblin Shaman","faction":"Hostile","hp":28,"max_hp":28,"pos":[10,0,-1],"alive":true}]}
[AutoBattlerManager] Enabling AI processing...
[RealtimeAIController] Processing ENABLED
[COMBAT_LOG] {"ts":1770377648278,"event":"TURN_START","turn":1,"round":1,"unit":"player_rogue","unit_name":"Rogue","faction":"Player","hp":36,"max_hp":36,"ap":"Action | Bonus | Reaction | Move:30/30","pos":[2,0,-2]}
[RealtimeAIController] Turn started for Rogue
[COMBAT_LOG] {"ts":1770377648288,"event":"DECISION","unit":"player_rogue","action":"Attack","target":"enemy_shaman","score":0.70605415}
[RealtimeAIController] Rogue -> Attack (#1) score:0.71
[CombatArena] ExecuteAbility: player_rogue -> basic_attack -> enemy_shaman
[CombatArena] [STATE] PlayerDecision -> ActionExecution
[RealtimeAIController] State: PlayerDecision -> ActionExecution
[CombatArena] Rogue used basic_attack on Goblin Shaman: damage:6
[CombatArena] ClearSelection called
[AutoBattlerManager] Action: player_rogue -> Attack:basic_attack->enemy_shaman (OK)
[CombatArena] [STATE] ActionExecution -> PlayerDecision
[RealtimeAIController] State: ActionExecution -> PlayerDecision
[COMBAT_LOG] {"ts":1770377648870,"event":"DECISION","unit":"player_rogue","action":"Move","target":"(32, 0, -2)","score":0.6578192}
[RealtimeAIController] Rogue -> Move (#2) score:0.66
[CombatArena] ExecuteMovement: player_rogue -> (32, 0, -2)
[CombatArena] [STATE] PlayerDecision -> ActionExecution
[RealtimeAIController] State: PlayerDecision -> ActionExecution
[CombatArena] Rogue moved from (2, 0, -2) to (32, 0, -2), distance: 30.0
[CombatArena] [STATE] ActionExecution -> PlayerDecision
[RealtimeAIController] State: ActionExecution -> PlayerDecision
[AutoBattlerManager] Action: player_rogue -> Move to (32, 0, -2) (OK)
[COMBAT_LOG] {"ts":1770377648977,"event":"DECISION","unit":"player_rogue","action":"EndTurn","score":0.108364515}
[RealtimeAIController] Rogue -> EndTurn (#3) score:0.11
[RealtimeAIController] Calling EndCurrentTurn()
[CombatArena] [STATE] PlayerDecision -> TurnEnd
[RealtimeAIController] State: PlayerDecision -> TurnEnd
[CombatArena] [TURN] Round 1, Goblin Skirmisher
[CombatArena] [STATE] TurnEnd -> TurnStart
[RealtimeAIController] State: TurnEnd -> TurnStart
[CombatArena] [STATE] TurnStart -> AIDecision
[RealtimeAIController] State: TurnStart -> AIDecision
[CombatArena] Camera focusing on Goblin Skirmisher via hooks
[CombatArena] SelectCombatant called: enemy_goblin
[CombatArena] Selected: enemy_goblin
[CombatArena] Turn started: Goblin Skirmisher (AI)
[COMBAT_LOG] {"ts":1770377648983,"event":"TURN_START","turn":2,"round":1,"unit":"enemy_goblin","unit_name":"Goblin Skirmisher","faction":"Hostile","hp":22,"max_hp":22,"ap":"Action | Bonus | Reaction | Move:30/30","pos":[7,0,3]}
[RealtimeAIController] Turn started for Goblin Skirmisher
[COMBAT_LOG] {"ts":1770377648984,"event":"DECISION","unit":"enemy_goblin","action":"Attack","target":"player_rogue","score":1.0387018}
[RealtimeAIController] Goblin Skirmisher -> Attack (#1) score:1.04
[CombatArena] ExecuteAbility: enemy_goblin -> basic_attack -> player_rogue
[CombatArena] [STATE] AIDecision -> ActionExecution
[RealtimeAIController] State: AIDecision -> ActionExecution
[CombatArena] Goblin Skirmisher used basic_attack on Rogue: damage:10
[CombatArena] ClearSelection called
[AutoBattlerManager] Action: enemy_goblin -> Attack:basic_attack->player_rogue (OK)
[CombatArena] [STATE] ActionExecution -> AIDecision
[RealtimeAIController] State: ActionExecution -> AIDecision
[COMBAT_LOG] {"ts":1770377649580,"event":"DECISION","unit":"enemy_goblin","action":"Move","target":"(7, 0, -12)","score":0.64933157}
[RealtimeAIController] Goblin Skirmisher -> Move (#2) score:0.65
[CombatArena] ExecuteMovement: enemy_goblin -> (7, 0, -12)
[CombatArena] [STATE] AIDecision -> ActionExecution
[RealtimeAIController] State: AIDecision -> ActionExecution
[CombatArena] Goblin Skirmisher moved from (7, 0, 3) to (7, 0, -12), distance: 15.0
[CombatArena] [STATE] ActionExecution -> AIDecision
[RealtimeAIController] State: ActionExecution -> AIDecision
[AutoBattlerManager] Action: enemy_goblin -> Move to (7, 0, -12) (OK)
[COMBAT_LOG] {"ts":1770377649690,"event":"DECISION","unit":"enemy_goblin","action":"Move","target":"(-0.5, 0, -4.5)","score":1.2098472}
[RealtimeAIController] Goblin Skirmisher -> Move (#3) score:1.21
[CombatArena] ExecuteMovement: enemy_goblin -> (-0.5, 0, -4.5)
[CombatArena] [STATE] AIDecision -> ActionExecution
[RealtimeAIController] State: AIDecision -> ActionExecution
[CombatArena] Goblin Skirmisher moved from (7, 0, -12) to (-0.5, 0, -4.5), distance: 10.6
[CombatArena] [STATE] ActionExecution -> AIDecision
[RealtimeAIController] State: ActionExecution -> AIDecision
[AutoBattlerManager] Action: enemy_goblin -> Move to (-0.5, 0, -4.5) (OK)
[COMBAT_LOG] {"ts":1770377649799,"event":"DECISION","unit":"enemy_goblin","action":"Move","target":"(-0.5, 0, -0.106601715)","score":1.3118219}
[RealtimeAIController] Goblin Skirmisher -> Move (#4) score:1.31
[CombatArena] ExecuteMovement: enemy_goblin -> (-0.5, 0, -0.106601715)
[CombatArena] [STATE] AIDecision -> ActionExecution
[RealtimeAIController] State: AIDecision -> ActionExecution
[CombatArena] Goblin Skirmisher moved from (-0.5, 0, -4.5) to (-0.5, 0, -0.106601715), distance: 4.4
[CombatArena] [STATE] ActionExecution -> AIDecision
[RealtimeAIController] State: ActionExecution -> AIDecision
[AutoBattlerManager] Action: enemy_goblin -> Move to (-0.5, 0, -0.106601715) (OK)
[COMBAT_LOG] {"ts":1770377649909,"event":"DECISION","unit":"enemy_goblin","action":"EndTurn","score":0.10158326}
[RealtimeAIController] Goblin Skirmisher -> EndTurn (#5) score:0.10
[RealtimeAIController] Calling EndCurrentTurn()
[CombatArena] [STATE] AIDecision -> TurnEnd
[RealtimeAIController] State: AIDecision -> TurnEnd
[CombatArena] [TURN] Round 1, Fighter
[CombatArena] [STATE] TurnEnd -> TurnStart
[RealtimeAIController] State: TurnEnd -> TurnStart
[CombatArena] [STATE] TurnStart -> PlayerDecision
[RealtimeAIController] State: TurnStart -> PlayerDecision
[CombatArena] Camera focusing on Fighter via hooks
[CombatArena] SelectCombatant called: player_fighter
[CombatArena] Selected: player_fighter
[CombatArena] Turn started: Fighter (Player)
[COMBAT_LOG] {"ts":1770377649916,"event":"TURN_START","turn":3,"round":1,"unit":"player_fighter","unit_name":"Fighter","faction":"Player","hp":52,"max_hp":52,"ap":"Action | Bonus | Reaction | Move:30/30","pos":[0,0,0]}
[RealtimeAIController] Turn started for Fighter
[COMBAT_LOG] {"ts":1770377649916,"event":"DECISION","unit":"player_fighter","action":"Attack","target":"enemy_goblin","score":0.6971115}
[RealtimeAIController] Fighter -> Attack (#1) score:0.70
[CombatArena] ExecuteAbility: player_fighter -> basic_attack -> enemy_goblin
[CombatArena] [STATE] PlayerDecision -> ActionExecution
[RealtimeAIController] State: PlayerDecision -> ActionExecution
[CombatArena] Fighter used basic_attack on Goblin Skirmisher: damage:5
[CombatArena] ClearSelection called
[AutoBattlerManager] Action: player_fighter -> Attack:basic_attack->enemy_goblin (OK)
[CombatArena] [STATE] ActionExecution -> PlayerDecision
[RealtimeAIController] State: ActionExecution -> PlayerDecision
[COMBAT_LOG] {"ts":1770377650512,"event":"DECISION","unit":"player_fighter","action":"Move","target":"(0, 0, -30)","score":0.6592379}
[RealtimeAIController] Fighter -> Move (#2) score:0.66
[CombatArena] ExecuteMovement: player_fighter -> (0, 0, -30)
[CombatArena] [STATE] PlayerDecision -> ActionExecution
[RealtimeAIController] State: PlayerDecision -> ActionExecution
[CombatArena] Fighter moved from (0, 0, 0) to (0, 0, -30), distance: 30.0
[CombatArena] [STATE] ActionExecution -> PlayerDecision
[RealtimeAIController] State: ActionExecution -> PlayerDecision
[AutoBattlerManager] Action: player_fighter -> Move to (0, 0, -30) (OK)
[COMBAT_LOG] {"ts":1770377650622,"event":"DECISION","unit":"player_fighter","action":"EndTurn","score":0.10937981}
[RealtimeAIController] Fighter -> EndTurn (#3) score:0.11
[RealtimeAIController] Calling EndCurrentTurn()
[CombatArena] [STATE] PlayerDecision -> TurnEnd
[RealtimeAIController] State: PlayerDecision -> TurnEnd
[CombatArena] [TURN] Round 1, Orc Archer
[CombatArena] [STATE] TurnEnd -> TurnStart
[RealtimeAIController] State: TurnEnd -> TurnStart
[CombatArena] [STATE] TurnStart -> AIDecision
[RealtimeAIController] State: TurnStart -> AIDecision
[CombatArena] Camera focusing on Orc Archer via hooks
[CombatArena] SelectCombatant called: enemy_orc_archer
[CombatArena] Selected: enemy_orc_archer
[CombatArena] Turn started: Orc Archer (AI)
[COMBAT_LOG] {"ts":1770377650629,"event":"TURN_START","turn":4,"round":1,"unit":"enemy_orc_archer","unit_name":"Orc Archer","faction":"Hostile","hp":30,"max_hp":30,"ap":"Action | Bonus | Reaction | Move:30/30","pos":[10,0,2]}
[RealtimeAIController] Turn started for Orc Archer
[COMBAT_LOG] {"ts":1770377650629,"event":"DECISION","unit":"enemy_orc_archer","action":"Move","target":"(-5, 0, 2)","score":1.2641593}
[RealtimeAIController] Orc Archer -> Move (#1) score:1.26
[CombatArena] ExecuteMovement: enemy_orc_archer -> (-5, 0, 2)
[CombatArena] [STATE] AIDecision -> ActionExecution
[RealtimeAIController] State: AIDecision -> ActionExecution
[CombatArena] Orc Archer moved from (10, 0, 2) to (-5, 0, 2), distance: 15.0
[CombatArena] [STATE] ActionExecution -> AIDecision
[RealtimeAIController] State: ActionExecution -> AIDecision
[AutoBattlerManager] Action: enemy_orc_archer -> Move to (-5, 0, 2) (OK)
[COMBAT_LOG] {"ts":1770377650738,"event":"DECISION","unit":"enemy_orc_archer","action":"Move","target":"(-5, 0, -5.5)","score":1.2516612}
[RealtimeAIController] Orc Archer -> Move (#2) score:1.25
[CombatArena] ExecuteMovement: enemy_orc_archer -> (-5, 0, -5.5)
[CombatArena] [STATE] AIDecision -> ActionExecution
[RealtimeAIController] State: AIDecision -> ActionExecution
[CombatArena] Orc Archer moved from (-5, 0, 2) to (-5, 0, -5.5), distance: 7.5
[CombatArena] [STATE] ActionExecution -> AIDecision
[RealtimeAIController] State: ActionExecution -> AIDecision
[AutoBattlerManager] Action: enemy_orc_archer -> Move to (-5, 0, -5.5) (OK)
[COMBAT_LOG] {"ts":1770377650848,"event":"DECISION","unit":"enemy_orc_archer","action":"Move","target":"(2.5, 0, -5.5)","score":1.3029311}
[RealtimeAIController] Orc Archer -> Move (#3) score:1.30
[CombatArena] ExecuteMovement: enemy_orc_archer -> (2.5, 0, -5.5)
[CombatArena] [STATE] AIDecision -> ActionExecution
[RealtimeAIController] State: AIDecision -> ActionExecution
[CombatArena] Orc Archer moved from (-5, 0, -5.5) to (2.5, 0, -5.5), distance: 7.5
[CombatArena] [STATE] ActionExecution -> AIDecision
[RealtimeAIController] State: ActionExecution -> AIDecision
[AutoBattlerManager] Action: enemy_orc_archer -> Move to (2.5, 0, -5.5) (OK)
[COMBAT_LOG] {"ts":1770377650958,"event":"DECISION","unit":"enemy_orc_archer","action":"Dash","score":3.1495457}
[RealtimeAIController] Orc Archer -> Dash (#4) score:3.15
[AutoBattlerManager] Action: enemy_orc_archer -> Dash (OK)
[COMBAT_LOG] {"ts":1770377651067,"event":"DECISION","unit":"enemy_orc_archer","action":"Move","target":"(32.5, 0, -5.5)","score":1.2469299}
[RealtimeAIController] Orc Archer -> Move (#5) score:1.25
[CombatArena] ExecuteMovement: enemy_orc_archer -> (32.5, 0, -5.5)
[CombatArena] [STATE] AIDecision -> ActionExecution
[RealtimeAIController] State: AIDecision -> ActionExecution
[CombatArena] Orc Archer moved from (2.5, 0, -5.5) to (32.5, 0, -5.5), distance: 30.0
[CombatArena] [STATE] ActionExecution -> AIDecision
[RealtimeAIController] State: ActionExecution -> AIDecision
[AutoBattlerManager] Action: enemy_orc_archer -> Move to (32.5, 0, -5.5) (OK)
[COMBAT_LOG] {"ts":1770377651177,"event":"DECISION","unit":"enemy_orc_archer","action":"EndTurn","score":0.10880064}
[RealtimeAIController] Orc Archer -> EndTurn (#6) score:0.11
[RealtimeAIController] Calling EndCurrentTurn()
[CombatArena] [STATE] AIDecision -> TurnEnd
[RealtimeAIController] State: AIDecision -> TurnEnd
[CombatArena] [TURN] Round 1, Goblin Shaman
[CombatArena] [STATE] TurnEnd -> TurnStart
[RealtimeAIController] State: TurnEnd -> TurnStart
[CombatArena] [STATE] TurnStart -> AIDecision
[RealtimeAIController] State: TurnStart -> AIDecision
[CombatArena] Camera focusing on Goblin Shaman via hooks
[CombatArena] SelectCombatant called: enemy_shaman
[CombatArena] Selected: enemy_shaman
[CombatArena] Turn started: Goblin Shaman (AI)
[COMBAT_LOG] {"ts":1770377651184,"event":"TURN_START","turn":5,"round":1,"unit":"enemy_shaman","unit_name":"Goblin Shaman","faction":"Hostile","hp":22,"max_hp":28,"ap":"Action | Bonus | Reaction | Move:30/30","pos":[10,0,-1]}
[RealtimeAIController] Turn started for Goblin Shaman
[COMBAT_LOG] {"ts":1770377651184,"event":"DECISION","unit":"enemy_shaman","action":"Move","target":"(-5, 0, -1)","score":1.2773204}
[RealtimeAIController] Goblin Shaman -> Move (#1) score:1.28
[CombatArena] ExecuteMovement: enemy_shaman -> (-5, 0, -1)
[CombatArena] [STATE] AIDecision -> ActionExecution
[RealtimeAIController] State: AIDecision -> ActionExecution
[CombatArena] Goblin Shaman moved from (10, 0, -1) to (-5, 0, -1), distance: 15.0
[CombatArena] [STATE] ActionExecution -> AIDecision
[RealtimeAIController] State: ActionExecution -> AIDecision
[AutoBattlerManager] Action: enemy_shaman -> Move to (-5, 0, -1) (OK)
[COMBAT_LOG] {"ts":1770377651294,"event":"DECISION","unit":"enemy_shaman","action":"Move","target":"(2.5, 0, -1)","score":1.2631264}
[RealtimeAIController] Goblin Shaman -> Move (#2) score:1.26
[CombatArena] ExecuteMovement: enemy_shaman -> (2.5, 0, -1)
[CombatArena] [STATE] AIDecision -> ActionExecution
[RealtimeAIController] State: AIDecision -> ActionExecution
[CombatArena] Goblin Shaman moved from (-5, 0, -1) to (2.5, 0, -1), distance: 7.5
[CombatArena] [STATE] ActionExecution -> AIDecision
[RealtimeAIController] State: ActionExecution -> AIDecision
[AutoBattlerManager] Action: enemy_shaman -> Move to (2.5, 0, -1) (OK)
[COMBAT_LOG] {"ts":1770377651403,"event":"DECISION","unit":"enemy_shaman","action":"Move","target":"(-1.25, 0, -4.75)","score":1.2962967}
[RealtimeAIController] Goblin Shaman -> Move (#3) score:1.30
[CombatArena] ExecuteMovement: enemy_shaman -> (-1.25, 0, -4.75)
[CombatArena] [STATE] AIDecision -> ActionExecution
[RealtimeAIController] State: AIDecision -> ActionExecution
[CombatArena] Goblin Shaman moved from (2.5, 0, -1) to (-1.25, 0, -4.75), distance: 5.3
[CombatArena] [STATE] ActionExecution -> AIDecision
[RealtimeAIController] State: ActionExecution -> AIDecision
[AutoBattlerManager] Action: enemy_shaman -> Move to (-1.25, 0, -4.75) (OK)
[COMBAT_LOG] {"ts":1770377651513,"event":"DECISION","unit":"enemy_shaman","action":"Move","target":"(-2.3483496, 0, -3.6516504)","score":1.3122231}
[RealtimeAIController] Goblin Shaman -> Move (#4) score:1.31
[CombatArena] ExecuteMovement: enemy_shaman -> (-2.3483496, 0, -3.6516504)
[CombatArena] [STATE] AIDecision -> ActionExecution
[RealtimeAIController] State: AIDecision -> ActionExecution
[CombatArena] Goblin Shaman moved from (-1.25, 0, -4.75) to (-2.3483496, 0, -3.6516504), distance: 1.6
[CombatArena] [STATE] ActionExecution -> AIDecision
[RealtimeAIController] State: ActionExecution -> AIDecision
[AutoBattlerManager] Action: enemy_shaman -> Move to (-2.3483496, 0, -3.6516504) (OK)
[COMBAT_LOG] {"ts":1770377651622,"event":"DECISION","unit":"enemy_shaman","action":"Dash","score":3.2872908}
[RealtimeAIController] Goblin Shaman -> Dash (#5) score:3.29
[AutoBattlerManager] Action: enemy_shaman -> Dash (OK)
[COMBAT_LOG] {"ts":1770377651732,"event":"DECISION","unit":"enemy_shaman","action":"Move","target":"(28.295048, 0, -3.6516504)","score":1.2899109}
[RealtimeAIController] Goblin Shaman -> Move (#6) score:1.29
[CombatArena] ExecuteMovement: enemy_shaman -> (28.295048, 0, -3.6516504)
[CombatArena] [STATE] AIDecision -> ActionExecution
[RealtimeAIController] State: AIDecision -> ActionExecution
[CombatArena] Goblin Shaman moved from (-2.3483496, 0, -3.6516504) to (28.295048, 0, -3.6516504), distance: 30.6
[CombatArena] [STATE] ActionExecution -> AIDecision
[RealtimeAIController] State: ActionExecution -> AIDecision
[AutoBattlerManager] Action: enemy_shaman -> Move to (28.295048, 0, -3.6516504) (OK)
[COMBAT_LOG] {"ts":1770377651842,"event":"DECISION","unit":"enemy_shaman","action":"EndTurn","score":0.108857214}
[RealtimeAIController] Goblin Shaman -> EndTurn (#7) score:0.11
[RealtimeAIController] Calling EndCurrentTurn()
[CombatArena] [STATE] AIDecision -> TurnEnd
[RealtimeAIController] State: AIDecision -> TurnEnd
[CombatArena] [TURN] Round 1, Mage
[CombatArena] [STATE] TurnEnd -> TurnStart
[RealtimeAIController] State: TurnEnd -> TurnStart
[CombatArena] [STATE] TurnStart -> PlayerDecision
[RealtimeAIController] State: TurnStart -> PlayerDecision
[CombatArena] Camera focusing on Mage via hooks
[CombatArena] SelectCombatant called: player_mage
[CombatArena] Selected: player_mage
[CombatArena] Turn started: Mage (Player)
[COMBAT_LOG] {"ts":1770377651848,"event":"TURN_START","turn":6,"round":1,"unit":"player_mage","unit_name":"Mage","faction":"Player","hp":32,"max_hp":32,"ap":"Action | Bonus | Reaction | Move:30/30","pos":[-3,0,-1]}
[RealtimeAIController] Turn started for Mage
[COMBAT_LOG] {"ts":1770377651849,"event":"DECISION","unit":"player_mage","action":"Move","target":"(12, 0, -1)","score":1.2922572}
[RealtimeAIController] Mage -> Move (#1) score:1.29
[CombatArena] ExecuteMovement: player_mage -> (12, 0, -1)
[CombatArena] [STATE] PlayerDecision -> ActionExecution
[RealtimeAIController] State: PlayerDecision -> ActionExecution
[CombatArena] Mage moved from (-3, 0, -1) to (12, 0, -1), distance: 15.0
[CombatArena] [STATE] ActionExecution -> PlayerDecision
[RealtimeAIController] State: ActionExecution -> PlayerDecision
[AutoBattlerManager] Action: player_mage -> Move to (12, 0, -1) (OK)
[COMBAT_LOG] {"ts":1770377651958,"event":"DECISION","unit":"player_mage","action":"Move","target":"(27, 0, -1)","score":1.2179812}
[RealtimeAIController] Mage -> Move (#2) score:1.22
[CombatArena] ExecuteMovement: player_mage -> (27, 0, -1)
[CombatArena] [STATE] PlayerDecision -> ActionExecution
[RealtimeAIController] State: PlayerDecision -> ActionExecution
[CombatArena] Mage moved from (12, 0, -1) to (27, 0, -1), distance: 15.0
[CombatArena] [STATE] ActionExecution -> PlayerDecision
[RealtimeAIController] State: ActionExecution -> PlayerDecision
[AutoBattlerManager] Action: player_mage -> Move to (27, 0, -1) (OK)
[COMBAT_LOG] {"ts":1770377652070,"event":"DECISION","unit":"player_mage","action":"Dash","score":3.2390513}
[RealtimeAIController] Mage -> Dash (#3) score:3.24
[AutoBattlerManager] Action: player_mage -> Dash (OK)
[COMBAT_LOG] {"ts":1770377652182,"event":"DECISION","unit":"player_mage","action":"Move","target":"(-3, 0, -1)","score":1.289643}
[RealtimeAIController] Mage -> Move (#4) score:1.29
[CombatArena] ExecuteMovement: player_mage -> (-3, 0, -1)
[CombatArena] [STATE] PlayerDecision -> ActionExecution
[RealtimeAIController] State: PlayerDecision -> ActionExecution
[CombatArena] Mage moved from (27, 0, -1) to (-3, 0, -1), distance: 30.0
[CombatArena] [STATE] ActionExecution -> PlayerDecision
[RealtimeAIController] State: ActionExecution -> PlayerDecision
[AutoBattlerManager] Action: player_mage -> Move to (-3, 0, -1) (OK)
[COMBAT_LOG] {"ts":1770377652296,"event":"DECISION","unit":"player_mage","action":"EndTurn","score":0.109912805}
[RealtimeAIController] Mage -> EndTurn (#5) score:0.11
[RealtimeAIController] Calling EndCurrentTurn()
[CombatArena] [STATE] PlayerDecision -> TurnEnd
[RealtimeAIController] State: PlayerDecision -> TurnEnd
[CombatArena] [TURN] Round 1, Orc Brute
[CombatArena] [STATE] TurnEnd -> TurnStart
[RealtimeAIController] State: TurnEnd -> TurnStart
[CombatArena] [STATE] TurnStart -> AIDecision
[RealtimeAIController] State: TurnStart -> AIDecision
[CombatArena] Camera focusing on Orc Brute via hooks
[CombatArena] SelectCombatant called: enemy_orc_brute
[CombatArena] Selected: enemy_orc_brute
[CombatArena] Turn started: Orc Brute (AI)
[COMBAT_LOG] {"ts":1770377652302,"event":"TURN_START","turn":7,"round":1,"unit":"enemy_orc_brute","unit_name":"Orc Brute","faction":"Hostile","hp":48,"max_hp":48,"ap":"Action | Bonus | Reaction | Move:30/30","pos":[8,0,0]}
[RealtimeAIController] Turn started for Orc Brute
[COMBAT_LOG] {"ts":1770377652303,"event":"DECISION","unit":"enemy_orc_brute","action":"Move","target":"(-7, 0, 0)","score":1.286521}
[RealtimeAIController] Orc Brute -> Move (#1) score:1.29
[CombatArena] ExecuteMovement: enemy_orc_brute -> (-7, 0, 0)
[CombatArena] [STATE] AIDecision -> ActionExecution
[RealtimeAIController] State: AIDecision -> ActionExecution
[CombatArena] Orc Brute moved from (8, 0, 0) to (-7, 0, 0), distance: 15.0
[CombatArena] [STATE] ActionExecution -> AIDecision
[RealtimeAIController] State: ActionExecution -> AIDecision
[AutoBattlerManager] Action: enemy_orc_brute -> Move to (-7, 0, 0) (OK)
[COMBAT_LOG] {"ts":1770377652416,"event":"DECISION","unit":"enemy_orc_brute","action":"Move","target":"(0.5, 0, 0)","score":1.3107792}
[RealtimeAIController] Orc Brute -> Move (#2) score:1.31
[CombatArena] ExecuteMovement: enemy_orc_brute -> (0.5, 0, 0)
[CombatArena] [STATE] AIDecision -> ActionExecution
[RealtimeAIController] State: AIDecision -> ActionExecution
[CombatArena] Orc Brute moved from (-7, 0, 0) to (0.5, 0, 0), distance: 7.5
[CombatArena] [STATE] ActionExecution -> AIDecision
[RealtimeAIController] State: ActionExecution -> AIDecision
[AutoBattlerManager] Action: enemy_orc_brute -> Move to (0.5, 0, 0) (OK)
[COMBAT_LOG] {"ts":1770377652528,"event":"DECISION","unit":"enemy_orc_brute","action":"Move","target":"(0.5, 0, -7.5)","score":1.3083534}
[RealtimeAIController] Orc Brute -> Move (#3) score:1.31
[CombatArena] ExecuteMovement: enemy_orc_brute -> (0.5, 0, -7.5)
[CombatArena] [STATE] AIDecision -> ActionExecution
[RealtimeAIController] State: AIDecision -> ActionExecution
[CombatArena] Orc Brute moved from (0.5, 0, 0) to (0.5, 0, -7.5), distance: 7.5
[CombatArena] [STATE] ActionExecution -> AIDecision
[RealtimeAIController] State: ActionExecution -> AIDecision
[AutoBattlerManager] Action: enemy_orc_brute -> Move to (0.5, 0, -7.5) (OK)
[COMBAT_LOG] {"ts":1770377652641,"event":"DECISION","unit":"enemy_orc_brute","action":"Dash","score":3.0905206}
[RealtimeAIController] Orc Brute -> Dash (#4) score:3.09
[AutoBattlerManager] Action: enemy_orc_brute -> Dash (OK)
[COMBAT_LOG] {"ts":1770377652754,"event":"DECISION","unit":"enemy_orc_brute","action":"Move","target":"(0.5, 0, 22.5)","score":0.64332455}
[RealtimeAIController] Orc Brute -> Move (#5) score:0.64
[CombatArena] ExecuteMovement: enemy_orc_brute -> (0.5, 0, 22.5)
[CombatArena] [STATE] AIDecision -> ActionExecution
[RealtimeAIController] State: AIDecision -> ActionExecution
[CombatArena] Orc Brute moved from (0.5, 0, -7.5) to (0.5, 0, 22.5), distance: 30.0
[CombatArena] [STATE] ActionExecution -> AIDecision
[RealtimeAIController] State: ActionExecution -> AIDecision
[AutoBattlerManager] Action: enemy_orc_brute -> Move to (0.5, 0, 22.5) (OK)
[COMBAT_LOG] {"ts":1770377652867,"event":"DECISION","unit":"enemy_orc_brute","action":"EndTurn","score":0.10411703}
[RealtimeAIController] Orc Brute -> EndTurn (#6) score:0.10
[RealtimeAIController] Calling EndCurrentTurn()
[CombatArena] [STATE] AIDecision -> TurnEnd
[RealtimeAIController] State: AIDecision -> TurnEnd
[CombatArena] [TURN] Round 1, Cleric
[CombatArena] [STATE] TurnEnd -> TurnStart
[RealtimeAIController] State: TurnEnd -> TurnStart
[CombatArena] [STATE] TurnStart -> PlayerDecision
[RealtimeAIController] State: TurnStart -> PlayerDecision
[CombatArena] Camera focusing on Cleric via hooks
[CombatArena] SelectCombatant called: player_cleric
[CombatArena] Selected: player_cleric
[CombatArena] Turn started: Cleric (Player)
[COMBAT_LOG] {"ts":1770377652874,"event":"TURN_START","turn":8,"round":1,"unit":"player_cleric","unit_name":"Cleric","faction":"Player","hp":44,"max_hp":44,"ap":"Action | Bonus | Reaction | Move:30/30","pos":[-1,0,-3]}
[RealtimeAIController] Turn started for Cleric
[COMBAT_LOG] {"ts":1770377652874,"event":"DECISION","unit":"player_cleric","action":"Move","target":"(-1, 0, 27)","score":1.3102864}
[RealtimeAIController] Cleric -> Move (#1) score:1.31
[CombatArena] ExecuteMovement: player_cleric -> (-1, 0, 27)
[CombatArena] [STATE] PlayerDecision -> ActionExecution
[RealtimeAIController] State: PlayerDecision -> ActionExecution
[CombatArena] Cleric moved from (-1, 0, -3) to (-1, 0, 27), distance: 30.0
[CombatArena] [STATE] ActionExecution -> PlayerDecision
[RealtimeAIController] State: ActionExecution -> PlayerDecision
[AutoBattlerManager] Action: player_cleric -> Move to (-1, 0, 27) (OK)
[COMBAT_LOG] {"ts":1770377652987,"event":"DECISION","unit":"player_cleric","action":"Dash","score":3.2394705}
[RealtimeAIController] Cleric -> Dash (#2) score:3.24
[AutoBattlerManager] Action: player_cleric -> Dash (OK)
[COMBAT_LOG] {"ts":1770377653099,"event":"DECISION","unit":"player_cleric","action":"Move","target":"(-1, 0, -3)","score":1.3150066}
[RealtimeAIController] Cleric -> Move (#3) score:1.32
[CombatArena] ExecuteMovement: player_cleric -> (-1, 0, -3)
[CombatArena] [STATE] PlayerDecision -> ActionExecution
[RealtimeAIController] State: PlayerDecision -> ActionExecution
[CombatArena] Cleric moved from (-1, 0, 27) to (-1, 0, -3), distance: 30.0
[CombatArena] [STATE] ActionExecution -> PlayerDecision
[RealtimeAIController] State: ActionExecution -> PlayerDecision
[AutoBattlerManager] Action: player_cleric -> Move to (-1, 0, -3) (OK)
[COMBAT_LOG] {"ts":1770377653212,"event":"DECISION","unit":"player_cleric","action":"EndTurn","score":0.108530685}
[RealtimeAIController] Cleric -> EndTurn (#4) score:0.11
[RealtimeAIController] Calling EndCurrentTurn()
[CombatArena] [STATE] PlayerDecision -> TurnEnd
[RealtimeAIController] State: PlayerDecision -> TurnEnd
[CombatArena] [TURN] Round 2, Rogue
[CombatArena] [STATE] TurnEnd -> RoundEnd
[RealtimeAIController] State: TurnEnd -> RoundEnd
[CombatArena] [STATE] RoundEnd -> TurnStart
[RealtimeAIController] State: RoundEnd -> TurnStart
[CombatArena] Round 2: Reset reactions for all combatants
[CombatArena] [STATE] TurnStart -> PlayerDecision
[RealtimeAIController] State: TurnStart -> PlayerDecision
[CombatArena] Camera focusing on Rogue via hooks
[CombatArena] SelectCombatant called: player_rogue
[CombatArena] Selected: player_rogue
[CombatArena] Turn started: Rogue (Player)
[COMBAT_LOG] {"ts":1770377653218,"event":"TURN_START","turn":9,"round":2,"unit":"player_rogue","unit_name":"Rogue","faction":"Player","hp":26,"max_hp":36,"ap":"Action | Bonus | Reaction | Move:30/30","pos":[32,0,-2]}
[RealtimeAIController] Turn started for Rogue
[COMBAT_LOG] {"ts":1770377653219,"event":"DECISION","unit":"player_rogue","action":"Move","target":"(2, 0, -2)","score":1.2973299}
[RealtimeAIController] Rogue -> Move (#1) score:1.30
[CombatArena] ExecuteMovement: player_rogue -> (2, 0, -2)
[CombatArena] [STATE] PlayerDecision -> ActionExecution
[RealtimeAIController] State: PlayerDecision -> ActionExecution
[CombatArena] Rogue moved from (32, 0, -2) to (2, 0, -2), distance: 30.0
[CombatArena] [STATE] ActionExecution -> PlayerDecision
[RealtimeAIController] State: ActionExecution -> PlayerDecision
[AutoBattlerManager] Action: player_rogue -> Move to (2, 0, -2) (OK)
[COMBAT_LOG] {"ts":1770377653331,"event":"DECISION","unit":"player_rogue","action":"Dash","score":3.2638373}
[RealtimeAIController] Rogue -> Dash (#2) score:3.26
[AutoBattlerManager] Action: player_rogue -> Dash (OK)
[COMBAT_LOG] {"ts":1770377653444,"event":"DECISION","unit":"player_rogue","action":"Move","target":"(32, 0, -2)","score":1.2513556}
[RealtimeAIController] Rogue -> Move (#3) score:1.25
[CombatArena] ExecuteMovement: player_rogue -> (32, 0, -2)
[CombatArena] [STATE] PlayerDecision -> ActionExecution
[RealtimeAIController] State: PlayerDecision -> ActionExecution
[CombatArena] Rogue moved from (2, 0, -2) to (32, 0, -2), distance: 30.0
[CombatArena] [STATE] ActionExecution -> PlayerDecision
[RealtimeAIController] State: ActionExecution -> PlayerDecision
[AutoBattlerManager] Action: player_rogue -> Move to (32, 0, -2) (OK)
[COMBAT_LOG] {"ts":1770377653556,"event":"DECISION","unit":"player_rogue","action":"EndTurn","score":0.101721294}
[RealtimeAIController] Rogue -> EndTurn (#4) score:0.10
[RealtimeAIController] Calling EndCurrentTurn()
[CombatArena] [STATE] PlayerDecision -> TurnEnd
[RealtimeAIController] State: PlayerDecision -> TurnEnd
[CombatArena] [TURN] Round 2, Goblin Skirmisher
[CombatArena] [STATE] TurnEnd -> TurnStart
[RealtimeAIController] State: TurnEnd -> TurnStart
[CombatArena] [STATE] TurnStart -> AIDecision
[RealtimeAIController] State: TurnStart -> AIDecision
[CombatArena] Camera focusing on Goblin Skirmisher via hooks
[CombatArena] SelectCombatant called: enemy_goblin
[CombatArena] Selected: enemy_goblin
[CombatArena] Turn started: Goblin Skirmisher (AI)
[COMBAT_LOG] {"ts":1770377653563,"event":"TURN_START","turn":10,"round":2,"unit":"enemy_goblin","unit_name":"Goblin Skirmisher","faction":"Hostile","hp":17,"max_hp":22,"ap":"Action | Bonus | Reaction | Move:30/30","pos":[-0.5,0,-0.106601715]}
[RealtimeAIController] Turn started for Goblin Skirmisher
[COMBAT_LOG] {"ts":1770377653563,"event":"DECISION","unit":"enemy_goblin","action":"Move","target":"(29.5, 0, -0.106601715)","score":1.2541939}
[RealtimeAIController] Goblin Skirmisher -> Move (#1) score:1.25
[CombatArena] ExecuteMovement: enemy_goblin -> (29.5, 0, -0.106601715)
[CombatArena] [STATE] AIDecision -> ActionExecution
[RealtimeAIController] State: AIDecision -> ActionExecution
[CombatArena] Goblin Skirmisher moved from (-0.5, 0, -0.106601715) to (29.5, 0, -0.106601715), distance: 30.0
[CombatArena] [STATE] ActionExecution -> AIDecision
[RealtimeAIController] State: ActionExecution -> AIDecision
[AutoBattlerManager] Action: enemy_goblin -> Move to (29.5, 0, -0.106601715) (OK)
[COMBAT_LOG] {"ts":1770377653675,"event":"DECISION","unit":"enemy_goblin","action":"Dash","score":3.0245981}
[RealtimeAIController] Goblin Skirmisher -> Dash (#2) score:3.02
[AutoBattlerManager] Action: enemy_goblin -> Dash (OK)
[COMBAT_LOG] {"ts":1770377653788,"event":"DECISION","unit":"enemy_goblin","action":"Move","target":"(-0.5, 0, -0.106601715)","score":1.2612172}
[RealtimeAIController] Goblin Skirmisher -> Move (#3) score:1.26
[CombatArena] ExecuteMovement: enemy_goblin -> (-0.5, 0, -0.106601715)
[CombatArena] [STATE] AIDecision -> ActionExecution
[RealtimeAIController] State: AIDecision -> ActionExecution
[CombatArena] Goblin Skirmisher moved from (29.5, 0, -0.106601715) to (-0.5, 0, -0.106601715), distance: 30.0
[CombatArena] [STATE] ActionExecution -> AIDecision
[RealtimeAIController] State: ActionExecution -> AIDecision
[AutoBattlerManager] Action: enemy_goblin -> Move to (-0.5, 0, -0.106601715) (OK)
[COMBAT_LOG] {"ts":1770377653900,"event":"DECISION","unit":"enemy_goblin","action":"EndTurn","score":0.101627134}
[RealtimeAIController] Goblin Skirmisher -> EndTurn (#4) score:0.10
[RealtimeAIController] Calling EndCurrentTurn()
[CombatArena] [STATE] AIDecision -> TurnEnd
[RealtimeAIController] State: AIDecision -> TurnEnd
[CombatArena] [TURN] Round 2, Fighter
[CombatArena] [STATE] TurnEnd -> TurnStart
[RealtimeAIController] State: TurnEnd -> TurnStart
[CombatArena] [STATE] TurnStart -> PlayerDecision
[RealtimeAIController] State: TurnStart -> PlayerDecision
[CombatArena] Camera focusing on Fighter via hooks
[CombatArena] SelectCombatant called: player_fighter
[CombatArena] Selected: player_fighter
[CombatArena] Turn started: Fighter (Player)
[COMBAT_LOG] {"ts":1770377653907,"event":"TURN_START","turn":11,"round":2,"unit":"player_fighter","unit_name":"Fighter","faction":"Player","hp":52,"max_hp":52,"ap":"Action | Bonus | Reaction | Move:30/30","pos":[0,0,-30]}
[RealtimeAIController] Turn started for Fighter
[COMBAT_LOG] {"ts":1770377653907,"event":"DECISION","unit":"player_fighter","action":"Move","target":"(0, 0, 0)","score":1.2128232}
[RealtimeAIController] Fighter -> Move (#1) score:1.21
[CombatArena] ExecuteMovement: player_fighter -> (0, 0, 0)
[CombatArena] [STATE] PlayerDecision -> ActionExecution
[RealtimeAIController] State: PlayerDecision -> ActionExecution
[CombatArena] Fighter moved from (0, 0, -30) to (0, 0, 0), distance: 30.0
[CombatArena] [STATE] ActionExecution -> PlayerDecision
[RealtimeAIController] State: ActionExecution -> PlayerDecision
[AutoBattlerManager] Action: player_fighter -> Move to (0, 0, 0) (OK)
[COMBAT_LOG] {"ts":1770377654020,"event":"DECISION","unit":"player_fighter","action":"Dash","score":3.1751757}
[RealtimeAIController] Fighter -> Dash (#2) score:3.18
[AutoBattlerManager] Action: player_fighter -> Dash (OK)
[COMBAT_LOG] {"ts":1770377654132,"event":"DECISION","unit":"player_fighter","action":"Move","target":"(30, 0, 0)","score":1.2618978}
[RealtimeAIController] Fighter -> Move (#3) score:1.26
[CombatArena] ExecuteMovement: player_fighter -> (30, 0, 0)
[CombatArena] [STATE] PlayerDecision -> ActionExecution
[RealtimeAIController] State: PlayerDecision -> ActionExecution
[CombatArena] Fighter moved from (0, 0, 0) to (30, 0, 0), distance: 30.0
[CombatArena] [STATE] ActionExecution -> PlayerDecision
[RealtimeAIController] State: ActionExecution -> PlayerDecision
[AutoBattlerManager] Action: player_fighter -> Move to (30, 0, 0) (OK)
[COMBAT_LOG] {"ts":1770377654244,"event":"DECISION","unit":"player_fighter","action":"EndTurn","score":0.107604526}
[RealtimeAIController] Fighter -> EndTurn (#4) score:0.11
[RealtimeAIController] Calling EndCurrentTurn()
[CombatArena] [STATE] PlayerDecision -> TurnEnd
[RealtimeAIController] State: PlayerDecision -> TurnEnd
[CombatArena] [TURN] Round 2, Orc Archer
[CombatArena] [STATE] TurnEnd -> TurnStart
[RealtimeAIController] State: TurnEnd -> TurnStart
[CombatArena] [STATE] TurnStart -> AIDecision
[RealtimeAIController] State: TurnStart -> AIDecision
[CombatArena] Camera focusing on Orc Archer via hooks
[CombatArena] SelectCombatant called: enemy_orc_archer
[CombatArena] Selected: enemy_orc_archer
[CombatArena] Turn started: Orc Archer (AI)
[COMBAT_LOG] {"ts":1770377654251,"event":"TURN_START","turn":12,"round":2,"unit":"enemy_orc_archer","unit_name":"Orc Archer","faction":"Hostile","hp":30,"max_hp":30,"ap":"Action | Bonus | Reaction | Move:30/30","pos":[32.5,0,-5.5]}
[RealtimeAIController] Turn started for Orc Archer
[COMBAT_LOG] {"ts":1770377654251,"event":"DECISION","unit":"enemy_orc_archer","action":"Move","target":"(2.5, 0, -5.5)","score":1.3088741}
[RealtimeAIController] Orc Archer -> Move (#1) score:1.31
[CombatArena] ExecuteMovement: enemy_orc_archer -> (2.5, 0, -5.5)
[CombatArena] [STATE] AIDecision -> ActionExecution
[RealtimeAIController] State: AIDecision -> ActionExecution
[CombatArena] Orc Archer moved from (32.5, 0, -5.5) to (2.5, 0, -5.5), distance: 30.0
[CombatArena] [STATE] ActionExecution -> AIDecision
[RealtimeAIController] State: ActionExecution -> AIDecision
[AutoBattlerManager] Action: enemy_orc_archer -> Move to (2.5, 0, -5.5) (OK)
[COMBAT_LOG] {"ts":1770377654363,"event":"DECISION","unit":"enemy_orc_archer","action":"Dash","score":3.2670615}
[RealtimeAIController] Orc Archer -> Dash (#2) score:3.27
[AutoBattlerManager] Action: enemy_orc_archer -> Dash (OK)
[COMBAT_LOG] {"ts":1770377654475,"event":"DECISION","unit":"enemy_orc_archer","action":"Move","target":"(32.5, 0, -5.5)","score":1.3080434}
[RealtimeAIController] Orc Archer -> Move (#3) score:1.31
[CombatArena] ExecuteMovement: enemy_orc_archer -> (32.5, 0, -5.5)
[CombatArena] [STATE] AIDecision -> ActionExecution
[RealtimeAIController] State: AIDecision -> ActionExecution
[CombatArena] Orc Archer moved from (2.5, 0, -5.5) to (32.5, 0, -5.5), distance: 30.0
[CombatArena] [STATE] ActionExecution -> AIDecision
[RealtimeAIController] State: ActionExecution -> AIDecision
[AutoBattlerManager] Action: enemy_orc_archer -> Move to (32.5, 0, -5.5) (OK)
[COMBAT_LOG] {"ts":1770377654588,"event":"DECISION","unit":"enemy_orc_archer","action":"EndTurn","score":0.10895491}
[RealtimeAIController] Orc Archer -> EndTurn (#4) score:0.11
[RealtimeAIController] Calling EndCurrentTurn()
[CombatArena] [STATE] AIDecision -> TurnEnd
[RealtimeAIController] State: AIDecision -> TurnEnd
[CombatArena] [TURN] Round 2, Goblin Shaman
[CombatArena] [STATE] TurnEnd -> TurnStart
[RealtimeAIController] State: TurnEnd -> TurnStart
[CombatArena] [STATE] TurnStart -> AIDecision
[RealtimeAIController] State: TurnStart -> AIDecision
[CombatArena] Camera focusing on Goblin Shaman via hooks
[CombatArena] SelectCombatant called: enemy_shaman
[CombatArena] Selected: enemy_shaman
[CombatArena] Turn started: Goblin Shaman (AI)
[COMBAT_LOG] {"ts":1770377654594,"event":"TURN_START","turn":13,"round":2,"unit":"enemy_shaman","unit_name":"Goblin Shaman","faction":"Hostile","hp":22,"max_hp":28,"ap":"Action | Bonus | Reaction | Move:30/30","pos":[28.295048,0,-3.6516504]}
[RealtimeAIController] Turn started for Goblin Shaman
[COMBAT_LOG] {"ts":1770377654595,"event":"DECISION","unit":"enemy_shaman","action":"Move","target":"(-1.7049522, 0, -3.6516504)","score":1.2703258}
[RealtimeAIController] Goblin Shaman -> Move (#1) score:1.27
[CombatArena] ExecuteMovement: enemy_shaman -> (-1.7049522, 0, -3.6516504)
[CombatArena] [STATE] AIDecision -> ActionExecution
[RealtimeAIController] State: AIDecision -> ActionExecution
[CombatArena] Goblin Shaman moved from (28.295048, 0, -3.6516504) to (-1.7049522, 0, -3.6516504), distance: 30.0
[CombatArena] [STATE] ActionExecution -> AIDecision
[RealtimeAIController] State: ActionExecution -> AIDecision
[AutoBattlerManager] Action: enemy_shaman -> Move to (-1.7049522, 0, -3.6516504) (OK)
[COMBAT_LOG] {"ts":1770377654706,"event":"DECISION","unit":"enemy_shaman","action":"Dash","score":3.1283584}
[RealtimeAIController] Goblin Shaman -> Dash (#2) score:3.13
[AutoBattlerManager] Action: enemy_shaman -> Dash (OK)
[COMBAT_LOG] {"ts":1770377654819,"event":"DECISION","unit":"enemy_shaman","action":"Move","target":"(28.295048, 0, -3.6516504)","score":1.3125286}
[RealtimeAIController] Goblin Shaman -> Move (#3) score:1.31
[CombatArena] ExecuteMovement: enemy_shaman -> (28.295048, 0, -3.6516504)
[CombatArena] [STATE] AIDecision -> ActionExecution
[RealtimeAIController] State: AIDecision -> ActionExecution
[CombatArena] Goblin Shaman moved from (-1.7049522, 0, -3.6516504) to (28.295048, 0, -3.6516504), distance: 30.0
[CombatArena] [STATE] ActionExecution -> AIDecision
[RealtimeAIController] State: ActionExecution -> AIDecision
[AutoBattlerManager] Action: enemy_shaman -> Move to (28.295048, 0, -3.6516504) (OK)
[COMBAT_LOG] {"ts":1770377654931,"event":"DECISION","unit":"enemy_shaman","action":"EndTurn","score":0.10094138}
[RealtimeAIController] Goblin Shaman -> EndTurn (#4) score:0.10
[RealtimeAIController] Calling EndCurrentTurn()
[CombatArena] [STATE] AIDecision -> TurnEnd
[RealtimeAIController] State: AIDecision -> TurnEnd
[CombatArena] [TURN] Round 2, Mage
[CombatArena] [STATE] TurnEnd -> TurnStart
[RealtimeAIController] State: TurnEnd -> TurnStart
[CombatArena] [STATE] TurnStart -> PlayerDecision
[RealtimeAIController] State: TurnStart -> PlayerDecision
[CombatArena] Camera focusing on Mage via hooks
[CombatArena] SelectCombatant called: player_mage
[CombatArena] Selected: player_mage
[CombatArena] Turn started: Mage (Player)
[COMBAT_LOG] {"ts":1770377654938,"event":"TURN_START","turn":14,"round":2,"unit":"player_mage","unit_name":"Mage","faction":"Player","hp":32,"max_hp":32,"ap":"Action | Bonus | Reaction | Move:30/30","pos":[-3,0,-1]}
[RealtimeAIController] Turn started for Mage
[COMBAT_LOG] {"ts":1770377654938,"event":"DECISION","unit":"player_mage","action":"Move","target":"(27, 0, -1)","score":1.2706563}
[RealtimeAIController] Mage -> Move (#1) score:1.27
[CombatArena] ExecuteMovement: player_mage -> (27, 0, -1)
[CombatArena] [STATE] PlayerDecision -> ActionExecution
[RealtimeAIController] State: PlayerDecision -> ActionExecution
[CombatArena] Mage moved from (-3, 0, -1) to (27, 0, -1), distance: 30.0
[CombatArena] [STATE] ActionExecution -> PlayerDecision
[RealtimeAIController] State: ActionExecution -> PlayerDecision
[AutoBattlerManager] Action: player_mage -> Move to (27, 0, -1) (OK)
[COMBAT_LOG] {"ts":1770377655050,"event":"DECISION","unit":"player_mage","action":"Dash","score":3.2289112}
[RealtimeAIController] Mage -> Dash (#2) score:3.23
[AutoBattlerManager] Action: player_mage -> Dash (OK)
[COMBAT_LOG] {"ts":1770377655161,"event":"DECISION","unit":"player_mage","action":"Move","target":"(-3, 0, -1)","score":1.2136178}
[RealtimeAIController] Mage -> Move (#3) score:1.21
[CombatArena] ExecuteMovement: player_mage -> (-3, 0, -1)
[CombatArena] [STATE] PlayerDecision -> ActionExecution
[RealtimeAIController] State: PlayerDecision -> ActionExecution
[CombatArena] Mage moved from (27, 0, -1) to (-3, 0, -1), distance: 30.0
[CombatArena] [STATE] ActionExecution -> PlayerDecision
[RealtimeAIController] State: ActionExecution -> PlayerDecision
[AutoBattlerManager] Action: player_mage -> Move to (-3, 0, -1) (OK)
[COMBAT_LOG] {"ts":1770377655273,"event":"DECISION","unit":"player_mage","action":"EndTurn","score":0.10808211}
[RealtimeAIController] Mage -> EndTurn (#4) score:0.11
[RealtimeAIController] Calling EndCurrentTurn()
[CombatArena] [STATE] PlayerDecision -> TurnEnd
[RealtimeAIController] State: PlayerDecision -> TurnEnd
[CombatArena] [TURN] Round 2, Orc Brute
[CombatArena] [STATE] TurnEnd -> TurnStart
[RealtimeAIController] State: TurnEnd -> TurnStart
[CombatArena] [STATE] TurnStart -> AIDecision
[RealtimeAIController] State: TurnStart -> AIDecision
[CombatArena] Camera focusing on Orc Brute via hooks
[CombatArena] SelectCombatant called: enemy_orc_brute
[CombatArena] Selected: enemy_orc_brute
[CombatArena] Turn started: Orc Brute (AI)
[COMBAT_LOG] {"ts":1770377655280,"event":"TURN_START","turn":15,"round":2,"unit":"enemy_orc_brute","unit_name":"Orc Brute","faction":"Hostile","hp":48,"max_hp":48,"ap":"Action | Bonus | Reaction | Move:30/30","pos":[0.5,0,22.5]}
[RealtimeAIController] Turn started for Orc Brute
[COMBAT_LOG] {"ts":1770377655282,"event":"DECISION","unit":"enemy_orc_brute","action":"Move","target":"(0.5, 0, -7.5)","score":1.292872}
[RealtimeAIController] Orc Brute -> Move (#1) score:1.29
[CombatArena] ExecuteMovement: enemy_orc_brute -> (0.5, 0, -7.5)
[CombatArena] [STATE] AIDecision -> ActionExecution
[RealtimeAIController] State: AIDecision -> ActionExecution
[CombatArena] Orc Brute moved from (0.5, 0, 22.5) to (0.5, 0, -7.5), distance: 30.0
[CombatArena] [STATE] ActionExecution -> AIDecision
[RealtimeAIController] State: ActionExecution -> AIDecision
[AutoBattlerManager] Action: enemy_orc_brute -> Move to (0.5, 0, -7.5) (OK)
[COMBAT_LOG] {"ts":1770377655392,"event":"DECISION","unit":"enemy_orc_brute","action":"Dash","score":3.2091746}
[RealtimeAIController] Orc Brute -> Dash (#2) score:3.21
[AutoBattlerManager] Action: enemy_orc_brute -> Dash (OK)
[COMBAT_LOG] {"ts":1770377655504,"event":"DECISION","unit":"enemy_orc_brute","action":"Move","target":"(-29.5, 0, -7.5)","score":0.6595988}
[RealtimeAIController] Orc Brute -> Move (#3) score:0.66
[CombatArena] ExecuteMovement: enemy_orc_brute -> (-29.5, 0, -7.5)
[CombatArena] [STATE] AIDecision -> ActionExecution
[RealtimeAIController] State: AIDecision -> ActionExecution
[CombatArena] Orc Brute moved from (0.5, 0, -7.5) to (-29.5, 0, -7.5), distance: 30.0
[CombatArena] [STATE] ActionExecution -> AIDecision
[RealtimeAIController] State: ActionExecution -> AIDecision
[AutoBattlerManager] Action: enemy_orc_brute -> Move to (-29.5, 0, -7.5) (OK)
[COMBAT_LOG] {"ts":1770377655616,"event":"DECISION","unit":"enemy_orc_brute","action":"EndTurn","score":0.10116025}
[RealtimeAIController] Orc Brute -> EndTurn (#4) score:0.10
[RealtimeAIController] Calling EndCurrentTurn()
[CombatArena] [STATE] AIDecision -> TurnEnd
[RealtimeAIController] State: AIDecision -> TurnEnd
[CombatArena] [TURN] Round 2, Cleric
[CombatArena] [STATE] TurnEnd -> TurnStart
[RealtimeAIController] State: TurnEnd -> TurnStart
[CombatArena] [STATE] TurnStart -> PlayerDecision
[RealtimeAIController] State: TurnStart -> PlayerDecision
[CombatArena] Camera focusing on Cleric via hooks
[CombatArena] SelectCombatant called: player_cleric
[CombatArena] Selected: player_cleric
[CombatArena] Turn started: Cleric (Player)
[COMBAT_LOG] {"ts":1770377655622,"event":"TURN_START","turn":16,"round":2,"unit":"player_cleric","unit_name":"Cleric","faction":"Player","hp":44,"max_hp":44,"ap":"Action | Bonus | Reaction | Move:30/30","pos":[-1,0,-3]}
[RealtimeAIController] Turn started for Cleric
[COMBAT_LOG] {"ts":1770377655623,"event":"DECISION","unit":"player_cleric","action":"Move","target":"(-31, 0, -3)","score":1.289262}
[RealtimeAIController] Cleric -> Move (#1) score:1.29
[CombatArena] ExecuteMovement: player_cleric -> (-31, 0, -3)
[CombatArena] [STATE] PlayerDecision -> ActionExecution
[RealtimeAIController] State: PlayerDecision -> ActionExecution
[CombatArena] Cleric moved from (-1, 0, -3) to (-31, 0, -3), distance: 30.0
[CombatArena] [STATE] ActionExecution -> PlayerDecision
[RealtimeAIController] State: ActionExecution -> PlayerDecision
[AutoBattlerManager] Action: player_cleric -> Move to (-31, 0, -3) (OK)
[COMBAT_LOG] {"ts":1770377655734,"event":"DECISION","unit":"player_cleric","action":"Dash","score":3.0478606}
[RealtimeAIController] Cleric -> Dash (#2) score:3.05
[AutoBattlerManager] Action: player_cleric -> Dash (OK)
[COMBAT_LOG] {"ts":1770377655846,"event":"DECISION","unit":"player_cleric","action":"Move","target":"(-1, 0, -3)","score":1.2032588}
[RealtimeAIController] Cleric -> Move (#3) score:1.20
[CombatArena] ExecuteMovement: player_cleric -> (-1, 0, -3)
[CombatArena] [STATE] PlayerDecision -> ActionExecution
[RealtimeAIController] State: PlayerDecision -> ActionExecution
[CombatArena] Cleric moved from (-31, 0, -3) to (-1, 0, -3), distance: 30.0
[CombatArena] [STATE] ActionExecution -> PlayerDecision
[RealtimeAIController] State: ActionExecution -> PlayerDecision
[AutoBattlerManager] Action: player_cleric -> Move to (-1, 0, -3) (OK)
[COMBAT_LOG] {"ts":1770377655958,"event":"DECISION","unit":"player_cleric","action":"EndTurn","score":0.10663283}
[RealtimeAIController] Cleric -> EndTurn (#4) score:0.11
[RealtimeAIController] Calling EndCurrentTurn()
[CombatArena] [STATE] PlayerDecision -> TurnEnd
[RealtimeAIController] State: PlayerDecision -> TurnEnd
[CombatArena] [TURN] Round 3, Rogue
[CombatArena] [STATE] TurnEnd -> RoundEnd
[RealtimeAIController] State: TurnEnd -> RoundEnd
[CombatArena] [STATE] RoundEnd -> TurnStart
[RealtimeAIController] State: RoundEnd -> TurnStart
[CombatArena] Round 3: Reset reactions for all combatants
[CombatArena] [STATE] TurnStart -> PlayerDecision
[RealtimeAIController] State: TurnStart -> PlayerDecision
[CombatArena] Camera focusing on Rogue via hooks
[CombatArena] SelectCombatant called: player_rogue
[CombatArena] Selected: player_rogue
[CombatArena] Turn started: Rogue (Player)
[COMBAT_LOG] {"ts":1770377655965,"event":"TURN_START","turn":17,"round":3,"unit":"player_rogue","unit_name":"Rogue","faction":"Player","hp":26,"max_hp":36,"ap":"Action | Bonus | Reaction | Move:30/30","pos":[32,0,-2]}
[RealtimeAIController] Turn started for Rogue
[COMBAT_LOG] {"ts":1770377655966,"event":"DECISION","unit":"player_rogue","action":"Move","target":"(2, 0, -2)","score":1.2752612}
[RealtimeAIController] Rogue -> Move (#1) score:1.28
[CombatArena] ExecuteMovement: player_rogue -> (2, 0, -2)
[CombatArena] [STATE] PlayerDecision -> ActionExecution
[RealtimeAIController] State: PlayerDecision -> ActionExecution
[CombatArena] Rogue moved from (32, 0, -2) to (2, 0, -2), distance: 30.0
[CombatArena] [STATE] ActionExecution -> PlayerDecision
[RealtimeAIController] State: ActionExecution -> PlayerDecision
[AutoBattlerManager] Action: player_rogue -> Move to (2, 0, -2) (OK)
[COMBAT_LOG] {"ts":1770377656077,"event":"DECISION","unit":"player_rogue","action":"Dash","score":3.048222}
[RealtimeAIController] Rogue -> Dash (#2) score:3.05
[AutoBattlerManager] Action: player_rogue -> Dash (OK)
[COMBAT_LOG] {"ts":1770377656188,"event":"DECISION","unit":"player_rogue","action":"Move","target":"(32, 0, -2)","score":1.2113256}
[RealtimeAIController] Rogue -> Move (#3) score:1.21
[CombatArena] ExecuteMovement: player_rogue -> (32, 0, -2)
[CombatArena] [STATE] PlayerDecision -> ActionExecution
[RealtimeAIController] State: PlayerDecision -> ActionExecution
[CombatArena] Rogue moved from (2, 0, -2) to (32, 0, -2), distance: 30.0
[CombatArena] [STATE] ActionExecution -> PlayerDecision
[RealtimeAIController] State: ActionExecution -> PlayerDecision
[AutoBattlerManager] Action: player_rogue -> Move to (32, 0, -2) (OK)
[COMBAT_LOG] {"ts":1770377656300,"event":"DECISION","unit":"player_rogue","action":"EndTurn","score":0.108822994}
[RealtimeAIController] Rogue -> EndTurn (#4) score:0.11
[RealtimeAIController] Calling EndCurrentTurn()
[CombatArena] [STATE] PlayerDecision -> TurnEnd
[RealtimeAIController] State: PlayerDecision -> TurnEnd
[CombatArena] [TURN] Round 3, Goblin Skirmisher
[CombatArena] [STATE] TurnEnd -> TurnStart
[RealtimeAIController] State: TurnEnd -> TurnStart
[CombatArena] [STATE] TurnStart -> AIDecision
[RealtimeAIController] State: TurnStart -> AIDecision
[CombatArena] Camera focusing on Goblin Skirmisher via hooks
[CombatArena] SelectCombatant called: enemy_goblin
[CombatArena] Selected: enemy_goblin
[CombatArena] Turn started: Goblin Skirmisher (AI)
[COMBAT_LOG] {"ts":1770377656307,"event":"TURN_START","turn":18,"round":3,"unit":"enemy_goblin","unit_name":"Goblin Skirmisher","faction":"Hostile","hp":17,"max_hp":22,"ap":"Action | Bonus | Reaction | Move:30/30","pos":[-0.5,0,-0.106601715]}
[RealtimeAIController] Turn started for Goblin Skirmisher
[COMBAT_LOG] {"ts":1770377656307,"event":"DECISION","unit":"enemy_goblin","action":"Move","target":"(29.5, 0, -0.106601715)","score":1.2441571}
[RealtimeAIController] Goblin Skirmisher -> Move (#1) score:1.24
[CombatArena] ExecuteMovement: enemy_goblin -> (29.5, 0, -0.106601715)
[CombatArena] [STATE] AIDecision -> ActionExecution
[RealtimeAIController] State: AIDecision -> ActionExecution
[CombatArena] Goblin Skirmisher moved from (-0.5, 0, -0.106601715) to (29.5, 0, -0.106601715), distance: 30.0
[CombatArena] [STATE] ActionExecution -> AIDecision
[RealtimeAIController] State: ActionExecution -> AIDecision
[AutoBattlerManager] Action: enemy_goblin -> Move to (29.5, 0, -0.106601715) (OK)
[COMBAT_LOG] {"ts":1770377656418,"event":"DECISION","unit":"enemy_goblin","action":"Dash","score":3.205182}
[RealtimeAIController] Goblin Skirmisher -> Dash (#2) score:3.21
[AutoBattlerManager] Action: enemy_goblin -> Dash (OK)
[COMBAT_LOG] {"ts":1770377656530,"event":"DECISION","unit":"enemy_goblin","action":"Move","target":"(-0.5, 0, -0.106601715)","score":1.2077059}
[RealtimeAIController] Goblin Skirmisher -> Move (#3) score:1.21
[CombatArena] ExecuteMovement: enemy_goblin -> (-0.5, 0, -0.106601715)
[CombatArena] [STATE] AIDecision -> ActionExecution
[RealtimeAIController] State: AIDecision -> ActionExecution
[CombatArena] Goblin Skirmisher moved from (29.5, 0, -0.106601715) to (-0.5, 0, -0.106601715), distance: 30.0
[CombatArena] [STATE] ActionExecution -> AIDecision
[RealtimeAIController] State: ActionExecution -> AIDecision
[AutoBattlerManager] Action: enemy_goblin -> Move to (-0.5, 0, -0.106601715) (OK)
[COMBAT_LOG] {"ts":1770377656641,"event":"DECISION","unit":"enemy_goblin","action":"EndTurn","score":0.10103226}
[RealtimeAIController] Goblin Skirmisher -> EndTurn (#4) score:0.10
[RealtimeAIController] Calling EndCurrentTurn()
[CombatArena] [STATE] AIDecision -> TurnEnd
[RealtimeAIController] State: AIDecision -> TurnEnd
[CombatArena] [TURN] Round 3, Fighter
[CombatArena] [STATE] TurnEnd -> TurnStart
[RealtimeAIController] State: TurnEnd -> TurnStart
[CombatArena] [STATE] TurnStart -> PlayerDecision
[RealtimeAIController] State: TurnStart -> PlayerDecision
[CombatArena] Camera focusing on Fighter via hooks
[CombatArena] SelectCombatant called: player_fighter
[CombatArena] Selected: player_fighter
[CombatArena] Turn started: Fighter (Player)
[COMBAT_LOG] {"ts":1770377656648,"event":"TURN_START","turn":19,"round":3,"unit":"player_fighter","unit_name":"Fighter","faction":"Player","hp":52,"max_hp":52,"ap":"Action | Bonus | Reaction | Move:30/30","pos":[30,0,0]}
[RealtimeAIController] Turn started for Fighter
[COMBAT_LOG] {"ts":1770377656648,"event":"DECISION","unit":"player_fighter","action":"Move","target":"(0, 0, 0)","score":1.2311605}
[RealtimeAIController] Fighter -> Move (#1) score:1.23
[CombatArena] ExecuteMovement: player_fighter -> (0, 0, 0)
[CombatArena] [STATE] PlayerDecision -> ActionExecution
[RealtimeAIController] State: PlayerDecision -> ActionExecution
[CombatArena] Fighter moved from (30, 0, 0) to (0, 0, 0), distance: 30.0
[CombatArena] [STATE] ActionExecution -> PlayerDecision
[RealtimeAIController] State: ActionExecution -> PlayerDecision
[AutoBattlerManager] Action: player_fighter -> Move to (0, 0, 0) (OK)
[COMBAT_LOG] {"ts":1770377656759,"event":"DECISION","unit":"player_fighter","action":"Dash","score":3.0377738}
[RealtimeAIController] Fighter -> Dash (#2) score:3.04
[AutoBattlerManager] Action: player_fighter -> Dash (OK)
[COMBAT_LOG] {"ts":1770377656871,"event":"DECISION","unit":"player_fighter","action":"Move","target":"(30, 0, 0)","score":1.2029078}
[RealtimeAIController] Fighter -> Move (#3) score:1.20
[CombatArena] ExecuteMovement: player_fighter -> (30, 0, 0)
[CombatArena] [STATE] PlayerDecision -> ActionExecution
[RealtimeAIController] State: PlayerDecision -> ActionExecution
[CombatArena] Fighter moved from (0, 0, 0) to (30, 0, 0), distance: 30.0
[CombatArena] [STATE] ActionExecution -> PlayerDecision
[RealtimeAIController] State: ActionExecution -> PlayerDecision
[AutoBattlerManager] Action: player_fighter -> Move to (30, 0, 0) (OK)
[COMBAT_LOG] {"ts":1770377656983,"event":"DECISION","unit":"player_fighter","action":"EndTurn","score":0.10340292}
[RealtimeAIController] Fighter -> EndTurn (#4) score:0.10
[RealtimeAIController] Calling EndCurrentTurn()
[CombatArena] [STATE] PlayerDecision -> TurnEnd
[RealtimeAIController] State: PlayerDecision -> TurnEnd
[CombatArena] [TURN] Round 3, Orc Archer
[CombatArena] [STATE] TurnEnd -> TurnStart
[RealtimeAIController] State: TurnEnd -> TurnStart
[CombatArena] [STATE] TurnStart -> AIDecision
[RealtimeAIController] State: TurnStart -> AIDecision
[CombatArena] Camera focusing on Orc Archer via hooks
[CombatArena] SelectCombatant called: enemy_orc_archer
[CombatArena] Selected: enemy_orc_archer
[CombatArena] Turn started: Orc Archer (AI)
[COMBAT_LOG] {"ts":1770377656990,"event":"TURN_START","turn":20,"round":3,"unit":"enemy_orc_archer","unit_name":"Orc Archer","faction":"Hostile","hp":30,"max_hp":30,"ap":"Action | Bonus | Reaction | Move:30/30","pos":[32.5,0,-5.5]}
[AutoBattlerManager] Turn limit reached (20)
[AutoBattleWatchdog] Monitoring STOPPED
[RealtimeAIController] Processing DISABLED
[COMBAT_LOG] {"ts":1770377657001,"event":"BATTLE_END","winner":"Draw (timeout)","total_turns":20,"total_rounds":3,"duration_ms":9279}

â•”â•â•â•â•â•â•â•â•â•â•â•â•â•â•â•â•â•â•â•â•â•â•â•â•â•â•â•â•â•â•â•â•â•â•â•â•â•â•â•â•â•â•â•â•â•â•â•â•â•â•â•â•—
â•‘             AUTO-BATTLE RESULTS                   â•‘
â•šâ•â•â•â•â•â•â•â•â•â•â•â•â•â•â•â•â•â•â•â•â•â•â•â•â•â•â•â•â•â•â•â•â•â•â•â•â•â•â•â•â•â•â•â•â•â•â•â•â•â•â•â•

  Winner:       Draw (timeout)
  Total Turns:  20
  Total Rounds: 3
  Duration:     9279ms
  Completed:    False
  End Reason:   max_turns_exceeded
  Seed:         2010

  Surviving Units:
    - Fighter (player_fighter) HP:52/52
    - Mage (player_mage) HP:32/32
    - Cleric (player_cleric) HP:44/44
    - Rogue (player_rogue) HP:26/36
    - Orc Brute (enemy_orc_brute) HP:48/48
    - Orc Archer (enemy_orc_archer) HP:30/30
    - Goblin Skirmisher (enemy_goblin) HP:17/22
    - Goblin Shaman (enemy_shaman) HP:22/28

AUTO-BATTLE: FAILED (max_turns_exceeded)
[RealtimeAIController] Turn started for Orc Archer
[RealtimeAIController] Orc Archer -> Move (#1) score:1.23
[CombatArena] ExecuteMovement: enemy_orc_archer -> (2.5, 0, -5.5)
[CombatArena] [STATE] AIDecision -> ActionExecution
[RealtimeAIController] State: AIDecision -> ActionExecution
[CombatArena] Orc Archer moved from (32.5, 0, -5.5) to (2.5, 0, -5.5), distance: 30.0
[CombatArena] [STATE] ActionExecution -> AIDecision
[RealtimeAIController] State: ActionExecution -> AIDecision
[AutoBattlerManager] Action: enemy_orc_archer -> Move to (2.5, 0, -5.5) (OK)
