[0;32m[INFO][0m Using Godot: godot
[0;32m[INFO][0m Project dir: /home/martin/repos/qdnd
[0;32m[INFO][0m Running auto-battle...
[0;36mâ•â•â•â•â•â•â•â•â•â•â•â•â•â•â•â•â•â•â•â•â•â•â•â•â•â•â•â•â•â•â•â•â•â•â•â•â•â•â•â•â•â•â•â•â•â•â•â•â•â•â•[0m
Godot Engine v4.6.stable.mono.official.89cea1439 - https://godotengine.org

[CLIEntryPoint] Raw args: res://Tools/CLIRunner.tscn
[CLIEntryPoint] User args: --run-autobattle --seed 2002 --freeze-timeout 10 --loop-threshold 20 --max-turns 20 --log-file artifacts/autobattle/stress3/seed_2002.jsonl
[CLIEntryPoint] Parsed args: run-autobattle=true, seed=2002, freeze-timeout=10, loop-threshold=20, max-turns=20, log-file=artifacts/autobattle/stress3/seed_2002.jsonl
[CLIEntryPoint] Checking modes: run-tests=False, run-simulation=False, run-autobattle=True
=== IN-ENGINE AUTO-BATTLE RUN ===
Timestamp: 2026-02-06T11:31:32.3763416Z
NOTE: Running the REAL CombatArena.tscn scene with AI control.

Seed: 2002
Scenario: res://Data/Scenarios/autobattle_4v4.json
Log file: artifacts/autobattle/stress3/seed_2002.jsonl
Max rounds: 100
Max turns: 20
Watchdog freeze timeout: 10s
Watchdog loop threshold: 20

[AutoBattlerManager] === STARTING IN-ENGINE AUTO-BATTLE ===
[AutoBattlerManager] Seed: 2002
[AutoBattlerManager] Scenario: res://Data/Scenarios/autobattle_4v4.json
[AutoBattlerManager] Loading scene: res://Combat/Arena/CombatArena.tscn
[CombatArena] === COMBAT ARENA INITIALIZING ===
[CombatArena] Ground collision plane created (100x100m at Y=0)
[CombatArena] CombatContext created
[CombatContext] Registered service: CombatStateMachine
[CombatContext] Registered service: TurnQueueService
[CombatContext] Registered service: CommandService
[CombatContext] Registered service: CombatLog
[CombatContext] Registered service: ScenarioLoader
[Registry] Loaded from /home/martin/repos/qdnd/Data:
  - 7 abilities
  - 6 statuses
  - 20 scenarios
[INFO] [Registry] Dependencies: Checked 7 abilities, 6 statuses, 20 scenarios
[Registry] Validation complete: 0 errors, 0 warnings
[CombatContext] Registered service: DataRegistry
[CombatContext] Registered service: RulesEngine
[CombatContext] Registered service: StatusManager
[CombatContext] Registered service: EffectPipeline
[CombatContext] Registered service: TargetValidator
[CombatContext] Registered service: ReactionSystem
[CombatContext] Registered service: LOSService
[CombatContext] Registered service: HeightService
[CombatContext] Registered service: AIDecisionPipeline
[CombatContext] Registered service: MovementService
[CombatContext] Registered service: SurfaceManager
[CombatContext] Registered service: PresentationRequestBus
[CombatContext] Registered service: CameraStateHooks
[CombatArena] UI Models initialized
[CombatArena] Services registered: 18
[CombatArena] Loaded scenario: 8 combatants
[CombatArena] Loaded scenario from: res://Data/Scenarios/autobattle_4v4.json
[CombatArena] Registered default abilities: basic_attack, ranged_attack, power_strike
[CombatArena] Instantiating visual from scene for Fighter
[CombatantVisual] CollisionShape3D found for Fighter
[CombatantVisual] Fighter initialized - Layer: 2, Mask: 0, Pickable: True, HasShape: True
[CombatArena] Spawned visual for Fighter at (0, 0, 0), Layer: 2, InTree: True
[CombatArena] Instantiating visual from scene for Mage
[CombatantVisual] CollisionShape3D found for Mage
[CombatantVisual] Mage initialized - Layer: 2, Mask: 0, Pickable: True, HasShape: True
[CombatArena] Spawned visual for Mage at (-3, 0, -1), Layer: 2, InTree: True
[CombatArena] Instantiating visual from scene for Cleric
[CombatantVisual] CollisionShape3D found for Cleric
[CombatantVisual] Cleric initialized - Layer: 2, Mask: 0, Pickable: True, HasShape: True
[CombatArena] Spawned visual for Cleric at (-1, 0, -3), Layer: 2, InTree: True
[CombatArena] Instantiating visual from scene for Rogue
[CombatantVisual] CollisionShape3D found for Rogue
[CombatantVisual] Rogue initialized - Layer: 2, Mask: 0, Pickable: True, HasShape: True
[CombatArena] Spawned visual for Rogue at (2, 0, -2), Layer: 2, InTree: True
[CombatArena] Instantiating visual from scene for Orc Brute
[CombatantVisual] CollisionShape3D found for Orc Brute
[CombatantVisual] Orc Brute initialized - Layer: 2, Mask: 0, Pickable: True, HasShape: True
[CombatArena] Spawned visual for Orc Brute at (8, 0, 0), Layer: 2, InTree: True
[CombatArena] Instantiating visual from scene for Orc Archer
[CombatantVisual] CollisionShape3D found for Orc Archer
[CombatantVisual] Orc Archer initialized - Layer: 2, Mask: 0, Pickable: True, HasShape: True
[CombatArena] Spawned visual for Orc Archer at (10, 0, 2), Layer: 2, InTree: True
[CombatArena] Instantiating visual from scene for Goblin Skirmisher
[CombatantVisual] CollisionShape3D found for Goblin Skirmisher
[CombatantVisual] Goblin Skirmisher initialized - Layer: 2, Mask: 0, Pickable: True, HasShape: True
[CombatArena] Spawned visual for Goblin Skirmisher at (7, 0, 3), Layer: 2, InTree: True
[CombatArena] Instantiating visual from scene for Goblin Shaman
[CombatantVisual] CollisionShape3D found for Goblin Shaman
[CombatantVisual] Goblin Shaman initialized - Layer: 2, Mask: 0, Pickable: True, HasShape: True
[CombatArena] Spawned visual for Goblin Shaman at (10, 0, -1), Layer: 2, InTree: True
[CombatArena] [STATE] NotInCombat -> CombatStart
[CombatArena] [TURN] Round 1, Rogue
[CombatArena] [STATE] CombatStart -> TurnStart
[CombatArena] Round 1: Reset reactions for all combatants
[CombatArena] [STATE] TurnStart -> PlayerDecision
[CombatArena] Camera focusing on Rogue via hooks
[CombatArena] SelectCombatant called: player_rogue
[CombatArena] Selected: player_rogue
[CombatArena] Turn started: Rogue (Player)
[CombatArena] === COMBAT ARENA READY ===
[AutoBattlerManager] CombatArena added to scene tree
[AutoBattleWatchdog] Ready
[AutoBattlerManager] Watchdog created
[RealtimeAIController] Ready
[AutoBattlerManager] RealtimeAIController created
[AutoBattleWatchdog] Monitoring STARTED (freeze: 10s, loop: 20 in 1s)
[AutoBattlerManager] Scene loaded, waiting for combat to start...
[AutoBattlerManager] Arena ready, attaching AI controller...
[RealtimeAIController] Subscribed to state machine
[RealtimeAIController] Attached to CombatArena
[COMBAT_LOG] {"ts":1770377492614,"event":"BATTLE_START","seed":2002,"units":[{"id":"player_fighter","name":"Fighter","faction":"Player","hp":52,"max_hp":52,"pos":[0,0,0],"alive":true},{"id":"player_mage","name":"Mage","faction":"Player","hp":32,"max_hp":32,"pos":[-3,0,-1],"alive":true},{"id":"player_cleric","name":"Cleric","faction":"Player","hp":44,"max_hp":44,"pos":[-1,0,-3],"alive":true},{"id":"player_rogue","name":"Rogue","faction":"Player","hp":36,"max_hp":36,"pos":[2,0,-2],"alive":true},{"id":"enemy_orc_brute","name":"Orc Brute","faction":"Hostile","hp":48,"max_hp":48,"pos":[8,0,0],"alive":true},{"id":"enemy_orc_archer","name":"Orc Archer","faction":"Hostile","hp":30,"max_hp":30,"pos":[10,0,2],"alive":true},{"id":"enemy_goblin","name":"Goblin Skirmisher","faction":"Hostile","hp":22,"max_hp":22,"pos":[7,0,3],"alive":true},{"id":"enemy_shaman","name":"Goblin Shaman","faction":"Hostile","hp":28,"max_hp":28,"pos":[10,0,-1],"alive":true}]}
[AutoBattlerManager] Enabling AI processing...
[RealtimeAIController] Processing ENABLED
[COMBAT_LOG] {"ts":1770377492984,"event":"TURN_START","turn":1,"round":1,"unit":"player_rogue","unit_name":"Rogue","faction":"Player","hp":36,"max_hp":36,"ap":"Action | Bonus | Reaction | Move:30/30","pos":[2,0,-2]}
[RealtimeAIController] Turn started for Rogue
[COMBAT_LOG] {"ts":1770377492994,"event":"DECISION","unit":"player_rogue","action":"Attack","target":"enemy_orc_brute","score":0.70000046}
[RealtimeAIController] Rogue -> Attack (#1) score:0.70
[CombatArena] ExecuteAbility: player_rogue -> basic_attack -> enemy_orc_brute
[CombatArena] [STATE] PlayerDecision -> ActionExecution
[RealtimeAIController] State: PlayerDecision -> ActionExecution
[CombatArena] Rogue used basic_attack on Orc Brute: damage:6
[CombatArena] ClearSelection called
[AutoBattlerManager] Action: player_rogue -> Attack:basic_attack->enemy_orc_brute (OK)
[CombatArena] [STATE] ActionExecution -> PlayerDecision
[RealtimeAIController] State: ActionExecution -> PlayerDecision
[COMBAT_LOG] {"ts":1770377493583,"event":"DECISION","unit":"player_rogue","action":"Move","target":"(-13, 0, -17)","score":0.6525732}
[RealtimeAIController] Rogue -> Move (#2) score:0.65
[CombatArena] ExecuteMovement: player_rogue -> (-13, 0, -17)
[CombatArena] [STATE] PlayerDecision -> ActionExecution
[RealtimeAIController] State: PlayerDecision -> ActionExecution
[CombatArena] Rogue moved from (2, 0, -2) to (-13, 0, -17), distance: 21.2
[CombatArena] [STATE] ActionExecution -> PlayerDecision
[RealtimeAIController] State: ActionExecution -> PlayerDecision
[AutoBattlerManager] Action: player_rogue -> Move to (-13, 0, -17) (OK)
[COMBAT_LOG] {"ts":1770377493695,"event":"DECISION","unit":"player_rogue","action":"Move","target":"(-13, 0, -12.606602)","score":0.65908754}
[RealtimeAIController] Rogue -> Move (#3) score:0.66
[CombatArena] ExecuteMovement: player_rogue -> (-13, 0, -12.606602)
[CombatArena] [STATE] PlayerDecision -> ActionExecution
[RealtimeAIController] State: PlayerDecision -> ActionExecution
[CombatArena] Rogue moved from (-13, 0, -17) to (-13, 0, -12.606602), distance: 4.4
[CombatArena] [STATE] ActionExecution -> PlayerDecision
[RealtimeAIController] State: ActionExecution -> PlayerDecision
[AutoBattlerManager] Action: player_rogue -> Move to (-13, 0, -12.606602) (OK)
[COMBAT_LOG] {"ts":1770377493807,"event":"DECISION","unit":"player_rogue","action":"Move","target":"(-15.196699, 0, -14.803301)","score":0.65361285}
[RealtimeAIController] Rogue -> Move (#4) score:0.65
[CombatArena] ExecuteMovement: player_rogue -> (-15.196699, 0, -14.803301)
[CombatArena] [STATE] PlayerDecision -> ActionExecution
[RealtimeAIController] State: PlayerDecision -> ActionExecution
[CombatArena] Rogue moved from (-13, 0, -12.606602) to (-15.196699, 0, -14.803301), distance: 3.1
[CombatArena] [STATE] ActionExecution -> PlayerDecision
[RealtimeAIController] State: ActionExecution -> PlayerDecision
[AutoBattlerManager] Action: player_rogue -> Move to (-15.196699, 0, -14.803301) (OK)
[COMBAT_LOG] {"ts":1770377493918,"event":"DECISION","unit":"player_rogue","action":"Move","target":"(-13.909903, 0, -14.803301)","score":0.64869964}
[RealtimeAIController] Rogue -> Move (#5) score:0.65
[CombatArena] ExecuteMovement: player_rogue -> (-13.909903, 0, -14.803301)
[CombatArena] [STATE] PlayerDecision -> ActionExecution
[RealtimeAIController] State: PlayerDecision -> ActionExecution
[CombatArena] Rogue moved from (-15.196699, 0, -14.803301) to (-13.909903, 0, -14.803301), distance: 1.3
[CombatArena] [STATE] ActionExecution -> PlayerDecision
[RealtimeAIController] State: ActionExecution -> PlayerDecision
[AutoBattlerManager] Action: player_rogue -> Move to (-13.909903, 0, -14.803301) (OK)
[COMBAT_LOG] {"ts":1770377494030,"event":"DECISION","unit":"player_rogue","action":"EndTurn","score":0.10947435}
[RealtimeAIController] Rogue -> EndTurn (#6) score:0.11
[RealtimeAIController] Calling EndCurrentTurn()
[CombatArena] [STATE] PlayerDecision -> TurnEnd
[RealtimeAIController] State: PlayerDecision -> TurnEnd
[CombatArena] [TURN] Round 1, Goblin Skirmisher
[CombatArena] [STATE] TurnEnd -> TurnStart
[RealtimeAIController] State: TurnEnd -> TurnStart
[CombatArena] [STATE] TurnStart -> AIDecision
[RealtimeAIController] State: TurnStart -> AIDecision
[CombatArena] Camera focusing on Goblin Skirmisher via hooks
[CombatArena] SelectCombatant called: enemy_goblin
[CombatArena] Selected: enemy_goblin
[CombatArena] Turn started: Goblin Skirmisher (AI)
[COMBAT_LOG] {"ts":1770377494037,"event":"TURN_START","turn":2,"round":1,"unit":"enemy_goblin","unit_name":"Goblin Skirmisher","faction":"Hostile","hp":22,"max_hp":22,"ap":"Action | Bonus | Reaction | Move:30/30","pos":[7,0,3]}
[RealtimeAIController] Turn started for Goblin Skirmisher
[COMBAT_LOG] {"ts":1770377494037,"event":"DECISION","unit":"enemy_goblin","action":"Attack","target":"player_cleric","score":1.0424169}
[RealtimeAIController] Goblin Skirmisher -> Attack (#1) score:1.04
[CombatArena] ExecuteAbility: enemy_goblin -> basic_attack -> player_cleric
[CombatArena] [STATE] AIDecision -> ActionExecution
[RealtimeAIController] State: AIDecision -> ActionExecution
[CombatArena] Goblin Skirmisher used basic_attack on Cleric: damage:10
[CombatArena] ClearSelection called
[AutoBattlerManager] Action: enemy_goblin -> Attack:basic_attack->player_cleric (OK)
[CombatArena] [STATE] ActionExecution -> AIDecision
[RealtimeAIController] State: ActionExecution -> AIDecision
[COMBAT_LOG] {"ts":1770377494644,"event":"DECISION","unit":"enemy_goblin","action":"Move","target":"(-8, 0, 18)","score":0.6525476}
[RealtimeAIController] Goblin Skirmisher -> Move (#2) score:0.65
[CombatArena] ExecuteMovement: enemy_goblin -> (-8, 0, 18)
[CombatArena] [STATE] AIDecision -> ActionExecution
[RealtimeAIController] State: AIDecision -> ActionExecution
[CombatArena] Goblin Skirmisher moved from (7, 0, 3) to (-8, 0, 18), distance: 21.2
[CombatArena] [STATE] ActionExecution -> AIDecision
[RealtimeAIController] State: ActionExecution -> AIDecision
[AutoBattlerManager] Action: enemy_goblin -> Move to (-8, 0, 18) (OK)
[COMBAT_LOG] {"ts":1770377494755,"event":"DECISION","unit":"enemy_goblin","action":"Move","target":"(-8, 0, 22.393398)","score":0.6589252}
[RealtimeAIController] Goblin Skirmisher -> Move (#3) score:0.66
[CombatArena] ExecuteMovement: enemy_goblin -> (-8, 0, 22.393398)
[CombatArena] [STATE] AIDecision -> ActionExecution
[RealtimeAIController] State: AIDecision -> ActionExecution
[CombatArena] Goblin Skirmisher moved from (-8, 0, 18) to (-8, 0, 22.393398), distance: 4.4
[CombatArena] [STATE] ActionExecution -> AIDecision
[RealtimeAIController] State: ActionExecution -> AIDecision
[AutoBattlerManager] Action: enemy_goblin -> Move to (-8, 0, 22.393398) (OK)
[COMBAT_LOG] {"ts":1770377494866,"event":"DECISION","unit":"enemy_goblin","action":"Move","target":"(-10.196699, 0, 22.393398)","score":0.645109}
[RealtimeAIController] Goblin Skirmisher -> Move (#4) score:0.65
[CombatArena] ExecuteMovement: enemy_goblin -> (-10.196699, 0, 22.393398)
[CombatArena] [STATE] AIDecision -> ActionExecution
[RealtimeAIController] State: AIDecision -> ActionExecution
[CombatArena] Goblin Skirmisher moved from (-8, 0, 22.393398) to (-10.196699, 0, 22.393398), distance: 2.2
[CombatArena] [STATE] ActionExecution -> AIDecision
[RealtimeAIController] State: ActionExecution -> AIDecision
[AutoBattlerManager] Action: enemy_goblin -> Move to (-10.196699, 0, 22.393398) (OK)
[COMBAT_LOG] {"ts":1770377494977,"event":"DECISION","unit":"enemy_goblin","action":"Move","target":"(-10.196699, 0, 21.295048)","score":0.6431537}
[RealtimeAIController] Goblin Skirmisher -> Move (#5) score:0.64
[CombatArena] ExecuteMovement: enemy_goblin -> (-10.196699, 0, 21.295048)
[CombatArena] [STATE] AIDecision -> ActionExecution
[RealtimeAIController] State: AIDecision -> ActionExecution
[CombatArena] Goblin Skirmisher moved from (-10.196699, 0, 22.393398) to (-10.196699, 0, 21.295048), distance: 1.1
[CombatArena] [STATE] ActionExecution -> AIDecision
[RealtimeAIController] State: ActionExecution -> AIDecision
[AutoBattlerManager] Action: enemy_goblin -> Move to (-10.196699, 0, 21.295048) (OK)
[COMBAT_LOG] {"ts":1770377495089,"event":"DECISION","unit":"enemy_goblin","action":"Move","target":"(-9.647525, 0, 20.745872)","score":0.65887797}
[RealtimeAIController] Goblin Skirmisher -> Move (#6) score:0.66
[CombatArena] ExecuteMovement: enemy_goblin -> (-9.647525, 0, 20.745872)
[CombatArena] [STATE] AIDecision -> ActionExecution
[RealtimeAIController] State: AIDecision -> ActionExecution
[CombatArena] Goblin Skirmisher moved from (-10.196699, 0, 21.295048) to (-9.647525, 0, 20.745872), distance: 0.8
[CombatArena] [STATE] ActionExecution -> AIDecision
[RealtimeAIController] State: ActionExecution -> AIDecision
[AutoBattlerManager] Action: enemy_goblin -> Move to (-9.647525, 0, 20.745872) (OK)
[COMBAT_LOG] {"ts":1770377495200,"event":"DECISION","unit":"enemy_goblin","action":"Move","target":"(-9.647525, 0, 20.424175)","score":0.65981025}
[RealtimeAIController] Goblin Skirmisher -> Move (#7) score:0.66
[CombatArena] ExecuteMovement: enemy_goblin -> (-9.647525, 0, 20.424175)
[CombatArena] [STATE] AIDecision -> ActionExecution
[RealtimeAIController] State: AIDecision -> ActionExecution
[CombatArena] Goblin Skirmisher moved from (-9.647525, 0, 20.745872) to (-9.647525, 0, 20.424175), distance: 0.3
[CombatArena] [STATE] ActionExecution -> AIDecision
[RealtimeAIController] State: ActionExecution -> AIDecision
[AutoBattlerManager] Action: enemy_goblin -> Move to (-9.647525, 0, 20.424175) (OK)
[COMBAT_LOG] {"ts":1770377495311,"event":"DECISION","unit":"enemy_goblin","action":"Move","target":"(-9.647526, 0, 20.424175)","score":0.6586985}
[RealtimeAIController] Goblin Skirmisher -> Move (#8) score:0.66
[CombatArena] ExecuteMovement: enemy_goblin -> (-9.647526, 0, 20.424175)
[CombatArena] [STATE] AIDecision -> ActionExecution
[RealtimeAIController] State: AIDecision -> ActionExecution
[CombatArena] Goblin Skirmisher moved from (-9.647525, 0, 20.424175) to (-9.647526, 0, 20.424175), distance: 0.0
[CombatArena] [STATE] ActionExecution -> AIDecision
[RealtimeAIController] State: ActionExecution -> AIDecision
[AutoBattlerManager] Action: enemy_goblin -> Move to (-9.647526, 0, 20.424175) (OK)
[COMBAT_LOG] {"ts":1770377495423,"event":"DECISION","unit":"enemy_goblin","action":"EndTurn","score":0.10670336}
[RealtimeAIController] Goblin Skirmisher -> EndTurn (#9) score:0.11
[RealtimeAIController] Calling EndCurrentTurn()
[CombatArena] [STATE] AIDecision -> TurnEnd
[RealtimeAIController] State: AIDecision -> TurnEnd
[CombatArena] [TURN] Round 1, Fighter
[CombatArena] [STATE] TurnEnd -> TurnStart
[RealtimeAIController] State: TurnEnd -> TurnStart
[CombatArena] [STATE] TurnStart -> PlayerDecision
[RealtimeAIController] State: TurnStart -> PlayerDecision
[CombatArena] Camera focusing on Fighter via hooks
[CombatArena] SelectCombatant called: player_fighter
[CombatArena] Selected: player_fighter
[CombatArena] Turn started: Fighter (Player)
[COMBAT_LOG] {"ts":1770377495429,"event":"TURN_START","turn":3,"round":1,"unit":"player_fighter","unit_name":"Fighter","faction":"Player","hp":52,"max_hp":52,"ap":"Action | Bonus | Reaction | Move:30/30","pos":[0,0,0]}
[RealtimeAIController] Turn started for Fighter
[COMBAT_LOG] {"ts":1770377495430,"event":"DECISION","unit":"player_fighter","action":"Attack","target":"enemy_orc_archer","score":0.70594186}
[RealtimeAIController] Fighter -> Attack (#1) score:0.71
[CombatArena] ExecuteAbility: player_fighter -> basic_attack -> enemy_orc_archer
[CombatArena] [STATE] PlayerDecision -> ActionExecution
[RealtimeAIController] State: PlayerDecision -> ActionExecution
[CombatArena] Fighter used basic_attack on Orc Archer: damage:5
[CombatArena] ClearSelection called
[AutoBattlerManager] Action: player_fighter -> Attack:basic_attack->enemy_orc_archer (OK)
[CombatArena] [STATE] ActionExecution -> PlayerDecision
[RealtimeAIController] State: ActionExecution -> PlayerDecision
[COMBAT_LOG] {"ts":1770377496035,"event":"DECISION","unit":"player_fighter","action":"Move","target":"(-30, 0, 0)","score":0.6370667}
[RealtimeAIController] Fighter -> Move (#2) score:0.64
[CombatArena] ExecuteMovement: player_fighter -> (-30, 0, 0)
[CombatArena] [STATE] PlayerDecision -> ActionExecution
[RealtimeAIController] State: PlayerDecision -> ActionExecution
[CombatArena] Fighter moved from (0, 0, 0) to (-30, 0, 0), distance: 30.0
[CombatArena] [STATE] ActionExecution -> PlayerDecision
[RealtimeAIController] State: ActionExecution -> PlayerDecision
[AutoBattlerManager] Action: player_fighter -> Move to (-30, 0, 0) (OK)
[COMBAT_LOG] {"ts":1770377496146,"event":"DECISION","unit":"player_fighter","action":"EndTurn","score":0.105737105}
[RealtimeAIController] Fighter -> EndTurn (#3) score:0.11
[RealtimeAIController] Calling EndCurrentTurn()
[CombatArena] [STATE] PlayerDecision -> TurnEnd
[RealtimeAIController] State: PlayerDecision -> TurnEnd
[CombatArena] [TURN] Round 1, Orc Archer
[CombatArena] [STATE] TurnEnd -> TurnStart
[RealtimeAIController] State: TurnEnd -> TurnStart
[CombatArena] [STATE] TurnStart -> AIDecision
[RealtimeAIController] State: TurnStart -> AIDecision
[CombatArena] Camera focusing on Orc Archer via hooks
[CombatArena] SelectCombatant called: enemy_orc_archer
[CombatArena] Selected: enemy_orc_archer
[CombatArena] Turn started: Orc Archer (AI)
[COMBAT_LOG] {"ts":1770377496152,"event":"TURN_START","turn":4,"round":1,"unit":"enemy_orc_archer","unit_name":"Orc Archer","faction":"Hostile","hp":25,"max_hp":30,"ap":"Action | Bonus | Reaction | Move:30/30","pos":[10,0,2]}
[RealtimeAIController] Turn started for Orc Archer
[COMBAT_LOG] {"ts":1770377496153,"event":"DECISION","unit":"enemy_orc_archer","action":"Move","target":"(-5, 0, 2)","score":1.2248238}
[RealtimeAIController] Orc Archer -> Move (#1) score:1.22
[CombatArena] ExecuteMovement: enemy_orc_archer -> (-5, 0, 2)
[CombatArena] [STATE] AIDecision -> ActionExecution
[RealtimeAIController] State: AIDecision -> ActionExecution
[CombatArena] Orc Archer moved from (10, 0, 2) to (-5, 0, 2), distance: 15.0
[CombatArena] [STATE] ActionExecution -> AIDecision
[RealtimeAIController] State: ActionExecution -> AIDecision
[AutoBattlerManager] Action: enemy_orc_archer -> Move to (-5, 0, 2) (OK)
[COMBAT_LOG] {"ts":1770377496264,"event":"DECISION","unit":"enemy_orc_archer","action":"Move","target":"(-5, 0, -5.5)","score":1.2799811}
[RealtimeAIController] Orc Archer -> Move (#2) score:1.28
[CombatArena] ExecuteMovement: enemy_orc_archer -> (-5, 0, -5.5)
[CombatArena] [STATE] AIDecision -> ActionExecution
[RealtimeAIController] State: AIDecision -> ActionExecution
[CombatArena] Orc Archer moved from (-5, 0, 2) to (-5, 0, -5.5), distance: 7.5
[CombatArena] [STATE] ActionExecution -> AIDecision
[RealtimeAIController] State: ActionExecution -> AIDecision
[AutoBattlerManager] Action: enemy_orc_archer -> Move to (-5, 0, -5.5) (OK)
[COMBAT_LOG] {"ts":1770377496375,"event":"DECISION","unit":"enemy_orc_archer","action":"Move","target":"(-5, 0, 2)","score":1.2675257}
[RealtimeAIController] Orc Archer -> Move (#3) score:1.27
[CombatArena] ExecuteMovement: enemy_orc_archer -> (-5, 0, 2)
[CombatArena] [STATE] AIDecision -> ActionExecution
[RealtimeAIController] State: AIDecision -> ActionExecution
[CombatArena] Orc Archer moved from (-5, 0, -5.5) to (-5, 0, 2), distance: 7.5
[CombatArena] [STATE] ActionExecution -> AIDecision
[RealtimeAIController] State: ActionExecution -> AIDecision
[AutoBattlerManager] Action: enemy_orc_archer -> Move to (-5, 0, 2) (OK)
[COMBAT_LOG] {"ts":1770377496486,"event":"DECISION","unit":"enemy_orc_archer","action":"Dash","score":3.1937609}
[RealtimeAIController] Orc Archer -> Dash (#4) score:3.19
[AutoBattlerManager] Action: enemy_orc_archer -> Dash (OK)
[COMBAT_LOG] {"ts":1770377496597,"event":"DECISION","unit":"enemy_orc_archer","action":"Move","target":"(-5, 0, -28)","score":0.6575574}
[RealtimeAIController] Orc Archer -> Move (#5) score:0.66
[CombatArena] ExecuteMovement: enemy_orc_archer -> (-5, 0, -28)
[CombatArena] [STATE] AIDecision -> ActionExecution
[RealtimeAIController] State: AIDecision -> ActionExecution
[CombatArena] Orc Archer moved from (-5, 0, 2) to (-5, 0, -28), distance: 30.0
[CombatArena] [STATE] ActionExecution -> AIDecision
[RealtimeAIController] State: ActionExecution -> AIDecision
[AutoBattlerManager] Action: enemy_orc_archer -> Move to (-5, 0, -28) (OK)
[COMBAT_LOG] {"ts":1770377496708,"event":"DECISION","unit":"enemy_orc_archer","action":"EndTurn","score":0.101432905}
[RealtimeAIController] Orc Archer -> EndTurn (#6) score:0.10
[RealtimeAIController] Calling EndCurrentTurn()
[CombatArena] [STATE] AIDecision -> TurnEnd
[RealtimeAIController] State: AIDecision -> TurnEnd
[CombatArena] [TURN] Round 1, Goblin Shaman
[CombatArena] [STATE] TurnEnd -> TurnStart
[RealtimeAIController] State: TurnEnd -> TurnStart
[CombatArena] [STATE] TurnStart -> AIDecision
[RealtimeAIController] State: TurnStart -> AIDecision
[CombatArena] Camera focusing on Goblin Shaman via hooks
[CombatArena] SelectCombatant called: enemy_shaman
[CombatArena] Selected: enemy_shaman
[CombatArena] Turn started: Goblin Shaman (AI)
[COMBAT_LOG] {"ts":1770377496715,"event":"TURN_START","turn":5,"round":1,"unit":"enemy_shaman","unit_name":"Goblin Shaman","faction":"Hostile","hp":28,"max_hp":28,"ap":"Action | Bonus | Reaction | Move:30/30","pos":[10,0,-1]}
[RealtimeAIController] Turn started for Goblin Shaman
[COMBAT_LOG] {"ts":1770377496715,"event":"DECISION","unit":"enemy_shaman","action":"Move","target":"(-5, 0, -1)","score":1.2738434}
[RealtimeAIController] Goblin Shaman -> Move (#1) score:1.27
[CombatArena] ExecuteMovement: enemy_shaman -> (-5, 0, -1)
[CombatArena] [STATE] AIDecision -> ActionExecution
[RealtimeAIController] State: AIDecision -> ActionExecution
[CombatArena] Goblin Shaman moved from (10, 0, -1) to (-5, 0, -1), distance: 15.0
[CombatArena] [STATE] ActionExecution -> AIDecision
[RealtimeAIController] State: ActionExecution -> AIDecision
[AutoBattlerManager] Action: enemy_shaman -> Move to (-5, 0, -1) (OK)
[COMBAT_LOG] {"ts":1770377496826,"event":"DECISION","unit":"enemy_shaman","action":"Move","target":"(2.5, 0, -1)","score":1.2682114}
[RealtimeAIController] Goblin Shaman -> Move (#2) score:1.27
[CombatArena] ExecuteMovement: enemy_shaman -> (2.5, 0, -1)
[CombatArena] [STATE] AIDecision -> ActionExecution
[RealtimeAIController] State: AIDecision -> ActionExecution
[CombatArena] Goblin Shaman moved from (-5, 0, -1) to (2.5, 0, -1), distance: 7.5
[CombatArena] [STATE] ActionExecution -> AIDecision
[RealtimeAIController] State: ActionExecution -> AIDecision
[AutoBattlerManager] Action: enemy_shaman -> Move to (2.5, 0, -1) (OK)
[COMBAT_LOG] {"ts":1770377496937,"event":"DECISION","unit":"enemy_shaman","action":"Move","target":"(-1.25, 0, -4.75)","score":1.2572806}
[RealtimeAIController] Goblin Shaman -> Move (#3) score:1.26
[CombatArena] ExecuteMovement: enemy_shaman -> (-1.25, 0, -4.75)
[CombatArena] [STATE] AIDecision -> ActionExecution
[RealtimeAIController] State: AIDecision -> ActionExecution
[CombatArena] Goblin Shaman moved from (2.5, 0, -1) to (-1.25, 0, -4.75), distance: 5.3
[CombatArena] [STATE] ActionExecution -> AIDecision
[RealtimeAIController] State: ActionExecution -> AIDecision
[AutoBattlerManager] Action: enemy_shaman -> Move to (-1.25, 0, -4.75) (OK)
[COMBAT_LOG] {"ts":1770377497048,"event":"DECISION","unit":"enemy_shaman","action":"Move","target":"(-2.3483496, 0, -3.6516504)","score":1.3152975}
[RealtimeAIController] Goblin Shaman -> Move (#4) score:1.32
[CombatArena] ExecuteMovement: enemy_shaman -> (-2.3483496, 0, -3.6516504)
[CombatArena] [STATE] AIDecision -> ActionExecution
[RealtimeAIController] State: AIDecision -> ActionExecution
[CombatArena] Goblin Shaman moved from (-1.25, 0, -4.75) to (-2.3483496, 0, -3.6516504), distance: 1.6
[CombatArena] [STATE] ActionExecution -> AIDecision
[RealtimeAIController] State: ActionExecution -> AIDecision
[AutoBattlerManager] Action: enemy_shaman -> Move to (-2.3483496, 0, -3.6516504) (OK)
[COMBAT_LOG] {"ts":1770377497159,"event":"DECISION","unit":"enemy_shaman","action":"Dash","score":3.1394675}
[RealtimeAIController] Goblin Shaman -> Dash (#5) score:3.14
[AutoBattlerManager] Action: enemy_shaman -> Dash (OK)
[COMBAT_LOG] {"ts":1770377497270,"event":"DECISION","unit":"enemy_shaman","action":"Move","target":"(-32.99175, 0, -3.6516504)","score":1.2060556}
[RealtimeAIController] Goblin Shaman -> Move (#6) score:1.21
[CombatArena] ExecuteMovement: enemy_shaman -> (-32.99175, 0, -3.6516504)
[CombatArena] [STATE] AIDecision -> ActionExecution
[RealtimeAIController] State: AIDecision -> ActionExecution
[CombatArena] Goblin Shaman moved from (-2.3483496, 0, -3.6516504) to (-32.99175, 0, -3.6516504), distance: 30.6
[CombatArena] [STATE] ActionExecution -> AIDecision
[RealtimeAIController] State: ActionExecution -> AIDecision
[AutoBattlerManager] Action: enemy_shaman -> Move to (-32.99175, 0, -3.6516504) (OK)
[COMBAT_LOG] {"ts":1770377497381,"event":"DECISION","unit":"enemy_shaman","action":"EndTurn","score":0.10010489}
[RealtimeAIController] Goblin Shaman -> EndTurn (#7) score:0.10
[RealtimeAIController] Calling EndCurrentTurn()
[CombatArena] [STATE] AIDecision -> TurnEnd
[RealtimeAIController] State: AIDecision -> TurnEnd
[CombatArena] [TURN] Round 1, Mage
[CombatArena] [STATE] TurnEnd -> TurnStart
[RealtimeAIController] State: TurnEnd -> TurnStart
[CombatArena] [STATE] TurnStart -> PlayerDecision
[RealtimeAIController] State: TurnStart -> PlayerDecision
[CombatArena] Camera focusing on Mage via hooks
[CombatArena] SelectCombatant called: player_mage
[CombatArena] Selected: player_mage
[CombatArena] Turn started: Mage (Player)
[COMBAT_LOG] {"ts":1770377497387,"event":"TURN_START","turn":6,"round":1,"unit":"player_mage","unit_name":"Mage","faction":"Player","hp":32,"max_hp":32,"ap":"Action | Bonus | Reaction | Move:30/30","pos":[-3,0,-1]}
[RealtimeAIController] Turn started for Mage
[COMBAT_LOG] {"ts":1770377497387,"event":"DECISION","unit":"player_mage","action":"Move","target":"(-33, 0, -1)","score":1.2748096}
[RealtimeAIController] Mage -> Move (#1) score:1.27
[CombatArena] ExecuteMovement: player_mage -> (-33, 0, -1)
[CombatArena] [STATE] PlayerDecision -> ActionExecution
[RealtimeAIController] State: PlayerDecision -> ActionExecution
[CombatArena] Mage moved from (-3, 0, -1) to (-33, 0, -1), distance: 30.0
[CombatArena] [STATE] ActionExecution -> PlayerDecision
[RealtimeAIController] State: ActionExecution -> PlayerDecision
[AutoBattlerManager] Action: player_mage -> Move to (-33, 0, -1) (OK)
[COMBAT_LOG] {"ts":1770377497499,"event":"DECISION","unit":"player_mage","action":"Dash","score":3.1015103}
[RealtimeAIController] Mage -> Dash (#2) score:3.10
[AutoBattlerManager] Action: player_mage -> Dash (OK)
[COMBAT_LOG] {"ts":1770377497609,"event":"DECISION","unit":"player_mage","action":"Move","target":"(-48, 0, 14)","score":0.65971124}
[RealtimeAIController] Mage -> Move (#3) score:0.66
[CombatArena] ExecuteMovement: player_mage -> (-48, 0, 14)
[CombatArena] [STATE] PlayerDecision -> ActionExecution
[RealtimeAIController] State: PlayerDecision -> ActionExecution
[CombatArena] Mage moved from (-33, 0, -1) to (-48, 0, 14), distance: 21.2
[CombatArena] [STATE] ActionExecution -> PlayerDecision
[RealtimeAIController] State: ActionExecution -> PlayerDecision
[AutoBattlerManager] Action: player_mage -> Move to (-48, 0, 14) (OK)
[COMBAT_LOG] {"ts":1770377497720,"event":"DECISION","unit":"player_mage","action":"Move","target":"(-52.3934, 0, 9.606602)","score":0.6502537}
[RealtimeAIController] Mage -> Move (#4) score:0.65
[CombatArena] ExecuteMovement: player_mage -> (-52.3934, 0, 9.606602)
[CombatArena] [STATE] PlayerDecision -> ActionExecution
[RealtimeAIController] State: PlayerDecision -> ActionExecution
[CombatArena] Mage moved from (-48, 0, 14) to (-52.3934, 0, 9.606602), distance: 6.2
[CombatArena] [STATE] ActionExecution -> PlayerDecision
[RealtimeAIController] State: ActionExecution -> PlayerDecision
[AutoBattlerManager] Action: player_mage -> Move to (-52.3934, 0, 9.606602) (OK)
[COMBAT_LOG] {"ts":1770377497831,"event":"DECISION","unit":"player_mage","action":"Move","target":"(-54.96699, 0, 9.606602)","score":0.65747106}
[RealtimeAIController] Mage -> Move (#5) score:0.66
[CombatArena] ExecuteMovement: player_mage -> (-54.96699, 0, 9.606602)
[CombatArena] [STATE] PlayerDecision -> ActionExecution
[RealtimeAIController] State: PlayerDecision -> ActionExecution
[CombatArena] Mage moved from (-52.3934, 0, 9.606602) to (-54.96699, 0, 9.606602), distance: 2.6
[CombatArena] [STATE] ActionExecution -> PlayerDecision
[RealtimeAIController] State: ActionExecution -> PlayerDecision
[AutoBattlerManager] Action: player_mage -> Move to (-54.96699, 0, 9.606602) (OK)
[COMBAT_LOG] {"ts":1770377497942,"event":"DECISION","unit":"player_mage","action":"EndTurn","score":0.10527372}
[RealtimeAIController] Mage -> EndTurn (#6) score:0.11
[RealtimeAIController] Calling EndCurrentTurn()
[CombatArena] [STATE] PlayerDecision -> TurnEnd
[RealtimeAIController] State: PlayerDecision -> TurnEnd
[CombatArena] [TURN] Round 1, Orc Brute
[CombatArena] [STATE] TurnEnd -> TurnStart
[RealtimeAIController] State: TurnEnd -> TurnStart
[CombatArena] [STATE] TurnStart -> AIDecision
[RealtimeAIController] State: TurnStart -> AIDecision
[CombatArena] Camera focusing on Orc Brute via hooks
[CombatArena] SelectCombatant called: enemy_orc_brute
[CombatArena] Selected: enemy_orc_brute
[CombatArena] Turn started: Orc Brute (AI)
[COMBAT_LOG] {"ts":1770377497949,"event":"TURN_START","turn":7,"round":1,"unit":"enemy_orc_brute","unit_name":"Orc Brute","faction":"Hostile","hp":42,"max_hp":48,"ap":"Action | Bonus | Reaction | Move:30/30","pos":[8,0,0]}
[RealtimeAIController] Turn started for Orc Brute
[COMBAT_LOG] {"ts":1770377497949,"event":"DECISION","unit":"enemy_orc_brute","action":"Attack","target":"player_rogue","score":1.0721763}
[RealtimeAIController] Orc Brute -> Attack (#1) score:1.07
[CombatArena] ExecuteAbility: enemy_orc_brute -> basic_attack -> player_rogue
[CombatArena] [STATE] AIDecision -> ActionExecution
[RealtimeAIController] State: AIDecision -> ActionExecution
[CombatArena] Orc Brute used basic_attack on Rogue: damage:10
[CombatArena] ClearSelection called
[AutoBattlerManager] Action: enemy_orc_brute -> Attack:basic_attack->player_rogue (OK)
[CombatArena] [STATE] ActionExecution -> AIDecision
[RealtimeAIController] State: ActionExecution -> AIDecision
[COMBAT_LOG] {"ts":1770377498551,"event":"DECISION","unit":"enemy_orc_brute","action":"Move","target":"(-7, 0, 0)","score":0.6580556}
[RealtimeAIController] Orc Brute -> Move (#2) score:0.66
[CombatArena] ExecuteMovement: enemy_orc_brute -> (-7, 0, 0)
[CombatArena] [STATE] AIDecision -> ActionExecution
[RealtimeAIController] State: AIDecision -> ActionExecution
[CombatArena] Orc Brute moved from (8, 0, 0) to (-7, 0, 0), distance: 15.0
[CombatArena] [STATE] ActionExecution -> AIDecision
[RealtimeAIController] State: ActionExecution -> AIDecision
[AutoBattlerManager] Action: enemy_orc_brute -> Move to (-7, 0, 0) (OK)
[COMBAT_LOG] {"ts":1770377498662,"event":"DECISION","unit":"enemy_orc_brute","action":"Move","target":"(0.5, 0, -7.5)","score":1.2665334}
[RealtimeAIController] Orc Brute -> Move (#3) score:1.27
[CombatArena] ExecuteMovement: enemy_orc_brute -> (0.5, 0, -7.5)
[CombatArena] [STATE] AIDecision -> ActionExecution
[RealtimeAIController] State: AIDecision -> ActionExecution
[CombatArena] Orc Brute moved from (-7, 0, 0) to (0.5, 0, -7.5), distance: 10.6
[CombatArena] [STATE] ActionExecution -> AIDecision
[RealtimeAIController] State: ActionExecution -> AIDecision
[AutoBattlerManager] Action: enemy_orc_brute -> Move to (0.5, 0, -7.5) (OK)
[COMBAT_LOG] {"ts":1770377498773,"event":"DECISION","unit":"enemy_orc_brute","action":"Move","target":"(-1.6966991, 0, -5.303301)","score":1.3195505}
[RealtimeAIController] Orc Brute -> Move (#4) score:1.32
[CombatArena] ExecuteMovement: enemy_orc_brute -> (-1.6966991, 0, -5.303301)
[CombatArena] [STATE] AIDecision -> ActionExecution
[RealtimeAIController] State: AIDecision -> ActionExecution
[CombatArena] Orc Brute moved from (0.5, 0, -7.5) to (-1.6966991, 0, -5.303301), distance: 3.1
[CombatArena] [STATE] ActionExecution -> AIDecision
[RealtimeAIController] State: ActionExecution -> AIDecision
[AutoBattlerManager] Action: enemy_orc_brute -> Move to (-1.6966991, 0, -5.303301) (OK)
[COMBAT_LOG] {"ts":1770377498883,"event":"DECISION","unit":"enemy_orc_brute","action":"Move","target":"(-2.3400974, 0, -5.946699)","score":1.3174859}
[RealtimeAIController] Orc Brute -> Move (#5) score:1.32
[CombatArena] ExecuteMovement: enemy_orc_brute -> (-2.3400974, 0, -5.946699)
[CombatArena] [STATE] AIDecision -> ActionExecution
[RealtimeAIController] State: AIDecision -> ActionExecution
[CombatArena] Orc Brute moved from (-1.6966991, 0, -5.303301) to (-2.3400974, 0, -5.946699), distance: 0.9
[CombatArena] [STATE] ActionExecution -> AIDecision
[RealtimeAIController] State: ActionExecution -> AIDecision
[AutoBattlerManager] Action: enemy_orc_brute -> Move to (-2.3400974, 0, -5.946699) (OK)
[COMBAT_LOG] {"ts":1770377498994,"event":"DECISION","unit":"enemy_orc_brute","action":"Move","target":"(-2.3400974, 0, -6.135146)","score":1.3131669}
[RealtimeAIController] Orc Brute -> Move (#6) score:1.31
[CombatArena] ExecuteMovement: enemy_orc_brute -> (-2.3400974, 0, -6.135146)
[CombatArena] [STATE] AIDecision -> ActionExecution
[RealtimeAIController] State: AIDecision -> ActionExecution
[CombatArena] Orc Brute moved from (-2.3400974, 0, -5.946699) to (-2.3400974, 0, -6.135146), distance: 0.2
[CombatArena] [STATE] ActionExecution -> AIDecision
[RealtimeAIController] State: ActionExecution -> AIDecision
[AutoBattlerManager] Action: enemy_orc_brute -> Move to (-2.3400974, 0, -6.135146) (OK)
[COMBAT_LOG] {"ts":1770377499105,"event":"DECISION","unit":"enemy_orc_brute","action":"Move","target":"(-2.434321, 0, -6.135146)","score":1.3178109}
[RealtimeAIController] Orc Brute -> Move (#7) score:1.32
[CombatArena] ExecuteMovement: enemy_orc_brute -> (-2.434321, 0, -6.135146)
[CombatArena] [STATE] AIDecision -> ActionExecution
[RealtimeAIController] State: AIDecision -> ActionExecution
[CombatArena] Orc Brute moved from (-2.3400974, 0, -6.135146) to (-2.434321, 0, -6.135146), distance: 0.1
[CombatArena] [STATE] ActionExecution -> AIDecision
[RealtimeAIController] State: ActionExecution -> AIDecision
[AutoBattlerManager] Action: enemy_orc_brute -> Move to (-2.434321, 0, -6.135146) (OK)
[COMBAT_LOG] {"ts":1770377499215,"event":"DECISION","unit":"enemy_orc_brute","action":"Move","target":"(-2.5285444, 0, -6.135146)","score":1.3179795}
[RealtimeAIController] Orc Brute -> Move (#8) score:1.32
[CombatArena] ExecuteMovement: enemy_orc_brute -> (-2.5285444, 0, -6.135146)
[CombatArena] [STATE] AIDecision -> ActionExecution
[RealtimeAIController] State: AIDecision -> ActionExecution
[CombatArena] Orc Brute moved from (-2.434321, 0, -6.135146) to (-2.5285444, 0, -6.135146), distance: 0.1
[CombatArena] [STATE] ActionExecution -> AIDecision
[RealtimeAIController] State: ActionExecution -> AIDecision
[AutoBattlerManager] Action: enemy_orc_brute -> Move to (-2.5285444, 0, -6.135146) (OK)
[COMBAT_LOG] {"ts":1770377499326,"event":"DECISION","unit":"enemy_orc_brute","action":"EndTurn","score":0.10443459}
[RealtimeAIController] Orc Brute -> EndTurn (#9) score:0.10
[RealtimeAIController] Calling EndCurrentTurn()
[CombatArena] [STATE] AIDecision -> TurnEnd
[RealtimeAIController] State: AIDecision -> TurnEnd
[CombatArena] [TURN] Round 1, Cleric
[CombatArena] [STATE] TurnEnd -> TurnStart
[RealtimeAIController] State: TurnEnd -> TurnStart
[CombatArena] [STATE] TurnStart -> PlayerDecision
[RealtimeAIController] State: TurnStart -> PlayerDecision
[CombatArena] Camera focusing on Cleric via hooks
[CombatArena] SelectCombatant called: player_cleric
[CombatArena] Selected: player_cleric
[CombatArena] Turn started: Cleric (Player)
[COMBAT_LOG] {"ts":1770377499332,"event":"TURN_START","turn":8,"round":1,"unit":"player_cleric","unit_name":"Cleric","faction":"Player","hp":34,"max_hp":44,"ap":"Action | Bonus | Reaction | Move:30/30","pos":[-1,0,-3]}
[RealtimeAIController] Turn started for Cleric
[COMBAT_LOG] {"ts":1770377499333,"event":"DECISION","unit":"player_cleric","action":"Move","target":"(-31, 0, -3)","score":1.253367}
[RealtimeAIController] Cleric -> Move (#1) score:1.25
[CombatArena] ExecuteMovement: player_cleric -> (-31, 0, -3)
[CombatArena] [STATE] PlayerDecision -> ActionExecution
[RealtimeAIController] State: PlayerDecision -> ActionExecution
[CombatArena] Cleric moved from (-1, 0, -3) to (-31, 0, -3), distance: 30.0
[CombatArena] [STATE] ActionExecution -> PlayerDecision
[RealtimeAIController] State: ActionExecution -> PlayerDecision
[AutoBattlerManager] Action: player_cleric -> Move to (-31, 0, -3) (OK)
[COMBAT_LOG] {"ts":1770377499443,"event":"DECISION","unit":"player_cleric","action":"Dash","score":3.135972}
[RealtimeAIController] Cleric -> Dash (#2) score:3.14
[AutoBattlerManager] Action: player_cleric -> Dash (OK)
[COMBAT_LOG] {"ts":1770377499554,"event":"DECISION","unit":"player_cleric","action":"Move","target":"(-1, 0, -3)","score":1.2587092}
[RealtimeAIController] Cleric -> Move (#3) score:1.26
[CombatArena] ExecuteMovement: player_cleric -> (-1, 0, -3)
[CombatArena] [STATE] PlayerDecision -> ActionExecution
[RealtimeAIController] State: PlayerDecision -> ActionExecution
[CombatArena] Cleric moved from (-31, 0, -3) to (-1, 0, -3), distance: 30.0
[CombatArena] [STATE] ActionExecution -> PlayerDecision
[RealtimeAIController] State: ActionExecution -> PlayerDecision
[AutoBattlerManager] Action: player_cleric -> Move to (-1, 0, -3) (OK)
[COMBAT_LOG] {"ts":1770377499664,"event":"DECISION","unit":"player_cleric","action":"EndTurn","score":0.10576429}
[RealtimeAIController] Cleric -> EndTurn (#4) score:0.11
[RealtimeAIController] Calling EndCurrentTurn()
[CombatArena] [STATE] PlayerDecision -> TurnEnd
[RealtimeAIController] State: PlayerDecision -> TurnEnd
[CombatArena] [TURN] Round 2, Rogue
[CombatArena] [STATE] TurnEnd -> RoundEnd
[RealtimeAIController] State: TurnEnd -> RoundEnd
[CombatArena] [STATE] RoundEnd -> TurnStart
[RealtimeAIController] State: RoundEnd -> TurnStart
[CombatArena] Round 2: Reset reactions for all combatants
[CombatArena] [STATE] TurnStart -> PlayerDecision
[RealtimeAIController] State: TurnStart -> PlayerDecision
[CombatArena] Camera focusing on Rogue via hooks
[CombatArena] SelectCombatant called: player_rogue
[CombatArena] Selected: player_rogue
[CombatArena] Turn started: Rogue (Player)
[COMBAT_LOG] {"ts":1770377499671,"event":"TURN_START","turn":9,"round":2,"unit":"player_rogue","unit_name":"Rogue","faction":"Player","hp":26,"max_hp":36,"ap":"Action | Bonus | Reaction | Move:30/30","pos":[-13.909903,0,-14.803301]}
[RealtimeAIController] Turn started for Rogue
[COMBAT_LOG] {"ts":1770377499671,"event":"DECISION","unit":"player_rogue","action":"Attack","target":"enemy_shaman","score":0.70936424}
[RealtimeAIController] Rogue -> Attack (#1) score:0.71
[CombatArena] ExecuteAbility: player_rogue -> basic_attack -> enemy_shaman
[CombatArena] [STATE] PlayerDecision -> ActionExecution
[RealtimeAIController] State: PlayerDecision -> ActionExecution
[CombatArena] Rogue used basic_attack on Goblin Shaman: damage:5
[CombatArena] ClearSelection called
[AutoBattlerManager] Action: player_rogue -> Attack:basic_attack->enemy_shaman (OK)
[CombatArena] [STATE] ActionExecution -> PlayerDecision
[RealtimeAIController] State: ActionExecution -> PlayerDecision
[COMBAT_LOG] {"ts":1770377500272,"event":"DECISION","unit":"player_rogue","action":"Move","target":"(-28.909903, 0, -29.8033)","score":0.65796065}
[RealtimeAIController] Rogue -> Move (#2) score:0.66
[CombatArena] ExecuteMovement: player_rogue -> (-28.909903, 0, -29.8033)
[CombatArena] [STATE] PlayerDecision -> ActionExecution
[RealtimeAIController] State: PlayerDecision -> ActionExecution
[CombatArena] Rogue moved from (-13.909903, 0, -14.803301) to (-28.909903, 0, -29.8033), distance: 21.2
[CombatArena] [STATE] ActionExecution -> PlayerDecision
[RealtimeAIController] State: ActionExecution -> PlayerDecision
[AutoBattlerManager] Action: player_rogue -> Move to (-28.909903, 0, -29.8033) (OK)
[COMBAT_LOG] {"ts":1770377500383,"event":"DECISION","unit":"player_rogue","action":"Move","target":"(-33.3033, 0, -25.409903)","score":0.6521431}
[RealtimeAIController] Rogue -> Move (#3) score:0.65
[CombatArena] ExecuteMovement: player_rogue -> (-33.3033, 0, -25.409903)
[CombatArena] [STATE] PlayerDecision -> ActionExecution
[RealtimeAIController] State: PlayerDecision -> ActionExecution
[CombatArena] Rogue moved from (-28.909903, 0, -29.8033) to (-33.3033, 0, -25.409903), distance: 6.2
[CombatArena] [STATE] ActionExecution -> PlayerDecision
[RealtimeAIController] State: ActionExecution -> PlayerDecision
[AutoBattlerManager] Action: player_rogue -> Move to (-33.3033, 0, -25.409903) (OK)
[COMBAT_LOG] {"ts":1770377500493,"event":"DECISION","unit":"player_rogue","action":"Move","target":"(-35.876892, 0, -25.409903)","score":0.65545845}
[RealtimeAIController] Rogue -> Move (#4) score:0.66
[CombatArena] ExecuteMovement: player_rogue -> (-35.876892, 0, -25.409903)
[CombatArena] [STATE] PlayerDecision -> ActionExecution
[RealtimeAIController] State: PlayerDecision -> ActionExecution
[CombatArena] Rogue moved from (-33.3033, 0, -25.409903) to (-35.876892, 0, -25.409903), distance: 2.6
[CombatArena] [STATE] ActionExecution -> PlayerDecision
[RealtimeAIController] State: ActionExecution -> PlayerDecision
[AutoBattlerManager] Action: player_rogue -> Move to (-35.876892, 0, -25.409903) (OK)
[COMBAT_LOG] {"ts":1770377500603,"event":"DECISION","unit":"player_rogue","action":"EndTurn","score":0.107590206}
[RealtimeAIController] Rogue -> EndTurn (#5) score:0.11
[RealtimeAIController] Calling EndCurrentTurn()
[CombatArena] [STATE] PlayerDecision -> TurnEnd
[RealtimeAIController] State: PlayerDecision -> TurnEnd
[CombatArena] [TURN] Round 2, Goblin Skirmisher
[CombatArena] [STATE] TurnEnd -> TurnStart
[RealtimeAIController] State: TurnEnd -> TurnStart
[CombatArena] [STATE] TurnStart -> AIDecision
[RealtimeAIController] State: TurnStart -> AIDecision
[CombatArena] Camera focusing on Goblin Skirmisher via hooks
[CombatArena] SelectCombatant called: enemy_goblin
[CombatArena] Selected: enemy_goblin
[CombatArena] Turn started: Goblin Skirmisher (AI)
[COMBAT_LOG] {"ts":1770377500611,"event":"TURN_START","turn":10,"round":2,"unit":"enemy_goblin","unit_name":"Goblin Skirmisher","faction":"Hostile","hp":22,"max_hp":22,"ap":"Action | Bonus | Reaction | Move:30/30","pos":[-9.647526,0,20.424175]}
[RealtimeAIController] Turn started for Goblin Skirmisher
[COMBAT_LOG] {"ts":1770377500611,"event":"DECISION","unit":"enemy_goblin","action":"Attack","target":"player_rogue","score":1.0491723}
[RealtimeAIController] Goblin Skirmisher -> Attack (#1) score:1.05
[CombatArena] ExecuteAbility: enemy_goblin -> basic_attack -> player_rogue
[CombatArena] [STATE] AIDecision -> ActionExecution
[RealtimeAIController] State: AIDecision -> ActionExecution
[CombatArena] Goblin Skirmisher used basic_attack on Rogue: damage:10
[CombatArena] ClearSelection called
[AutoBattlerManager] Action: enemy_goblin -> Attack:basic_attack->player_rogue (OK)
[CombatArena] [STATE] ActionExecution -> AIDecision
[RealtimeAIController] State: ActionExecution -> AIDecision
[COMBAT_LOG] {"ts":1770377501218,"event":"DECISION","unit":"enemy_goblin","action":"Move","target":"(5.352474, 0, 5.4241753)","score":0.65885454}
[RealtimeAIController] Goblin Skirmisher -> Move (#2) score:0.66
[CombatArena] ExecuteMovement: enemy_goblin -> (5.352474, 0, 5.4241753)
[CombatArena] [STATE] AIDecision -> ActionExecution
[RealtimeAIController] State: AIDecision -> ActionExecution
[CombatArena] Goblin Skirmisher moved from (-9.647526, 0, 20.424175) to (5.352474, 0, 5.4241753), distance: 21.2
[CombatArena] [STATE] ActionExecution -> AIDecision
[RealtimeAIController] State: ActionExecution -> AIDecision
[AutoBattlerManager] Action: enemy_goblin -> Move to (5.352474, 0, 5.4241753) (OK)
[COMBAT_LOG] {"ts":1770377501328,"event":"DECISION","unit":"enemy_goblin","action":"Move","target":"(0.9590759, 0, 1.030777)","score":1.2450749}
[RealtimeAIController] Goblin Skirmisher -> Move (#3) score:1.25
[CombatArena] ExecuteMovement: enemy_goblin -> (0.9590759, 0, 1.030777)
[CombatArena] [STATE] AIDecision -> ActionExecution
[RealtimeAIController] State: AIDecision -> ActionExecution
[CombatArena] Goblin Skirmisher moved from (5.352474, 0, 5.4241753) to (0.9590759, 0, 1.030777), distance: 6.2
[CombatArena] [STATE] ActionExecution -> AIDecision
[RealtimeAIController] State: ActionExecution -> AIDecision
[AutoBattlerManager] Action: enemy_goblin -> Move to (0.9590759, 0, 1.030777) (OK)
[COMBAT_LOG] {"ts":1770377501439,"event":"DECISION","unit":"enemy_goblin","action":"Move","target":"(-1.6145172, 0, 1.030777)","score":1.3107979}
[RealtimeAIController] Goblin Skirmisher -> Move (#4) score:1.31
[CombatArena] ExecuteMovement: enemy_goblin -> (-1.6145172, 0, 1.030777)
[CombatArena] [STATE] AIDecision -> ActionExecution
[RealtimeAIController] State: AIDecision -> ActionExecution
[CombatArena] Goblin Skirmisher moved from (0.9590759, 0, 1.030777) to (-1.6145172, 0, 1.030777), distance: 2.6
[CombatArena] [STATE] ActionExecution -> AIDecision
[RealtimeAIController] State: ActionExecution -> AIDecision
[AutoBattlerManager] Action: enemy_goblin -> Move to (-1.6145172, 0, 1.030777) (OK)
[COMBAT_LOG] {"ts":1770377501549,"event":"DECISION","unit":"enemy_goblin","action":"EndTurn","score":0.10419352}
[RealtimeAIController] Goblin Skirmisher -> EndTurn (#5) score:0.10
[RealtimeAIController] Calling EndCurrentTurn()
[CombatArena] [STATE] AIDecision -> TurnEnd
[RealtimeAIController] State: AIDecision -> TurnEnd
[CombatArena] [TURN] Round 2, Fighter
[CombatArena] [STATE] TurnEnd -> TurnStart
[RealtimeAIController] State: TurnEnd -> TurnStart
[CombatArena] [STATE] TurnStart -> PlayerDecision
[RealtimeAIController] State: TurnStart -> PlayerDecision
[CombatArena] Camera focusing on Fighter via hooks
[CombatArena] SelectCombatant called: player_fighter
[CombatArena] Selected: player_fighter
[CombatArena] Turn started: Fighter (Player)
[COMBAT_LOG] {"ts":1770377501556,"event":"TURN_START","turn":11,"round":2,"unit":"player_fighter","unit_name":"Fighter","faction":"Player","hp":52,"max_hp":52,"ap":"Action | Bonus | Reaction | Move:30/30","pos":[-30,0,0]}
[RealtimeAIController] Turn started for Fighter
[COMBAT_LOG] {"ts":1770377501556,"event":"DECISION","unit":"player_fighter","action":"Move","target":"(0, 0, 0)","score":1.2440557}
[RealtimeAIController] Fighter -> Move (#1) score:1.24
[CombatArena] ExecuteMovement: player_fighter -> (0, 0, 0)
[CombatArena] [STATE] PlayerDecision -> ActionExecution
[RealtimeAIController] State: PlayerDecision -> ActionExecution
[CombatArena] Fighter moved from (-30, 0, 0) to (0, 0, 0), distance: 30.0
[CombatArena] [STATE] ActionExecution -> PlayerDecision
[RealtimeAIController] State: ActionExecution -> PlayerDecision
[AutoBattlerManager] Action: player_fighter -> Move to (0, 0, 0) (OK)
[COMBAT_LOG] {"ts":1770377501666,"event":"DECISION","unit":"player_fighter","action":"Dash","score":3.2618167}
[RealtimeAIController] Fighter -> Dash (#2) score:3.26
[AutoBattlerManager] Action: player_fighter -> Dash (OK)
[COMBAT_LOG] {"ts":1770377501777,"event":"DECISION","unit":"player_fighter","action":"Move","target":"(-30, 0, 0)","score":1.2613183}
[RealtimeAIController] Fighter -> Move (#3) score:1.26
[CombatArena] ExecuteMovement: player_fighter -> (-30, 0, 0)
[CombatArena] [STATE] PlayerDecision -> ActionExecution
[RealtimeAIController] State: PlayerDecision -> ActionExecution
[CombatArena] Fighter moved from (0, 0, 0) to (-30, 0, 0), distance: 30.0
[CombatArena] [STATE] ActionExecution -> PlayerDecision
[RealtimeAIController] State: ActionExecution -> PlayerDecision
[AutoBattlerManager] Action: player_fighter -> Move to (-30, 0, 0) (OK)
[COMBAT_LOG] {"ts":1770377501887,"event":"DECISION","unit":"player_fighter","action":"EndTurn","score":0.10160401}
[RealtimeAIController] Fighter -> EndTurn (#4) score:0.10
[RealtimeAIController] Calling EndCurrentTurn()
[CombatArena] [STATE] PlayerDecision -> TurnEnd
[RealtimeAIController] State: PlayerDecision -> TurnEnd
[CombatArena] [TURN] Round 2, Orc Archer
[CombatArena] [STATE] TurnEnd -> TurnStart
[RealtimeAIController] State: TurnEnd -> TurnStart
[CombatArena] [STATE] TurnStart -> AIDecision
[RealtimeAIController] State: TurnStart -> AIDecision
[CombatArena] Camera focusing on Orc Archer via hooks
[CombatArena] SelectCombatant called: enemy_orc_archer
[CombatArena] Selected: enemy_orc_archer
[CombatArena] Turn started: Orc Archer (AI)
[COMBAT_LOG] {"ts":1770377501894,"event":"TURN_START","turn":12,"round":2,"unit":"enemy_orc_archer","unit_name":"Orc Archer","faction":"Hostile","hp":25,"max_hp":30,"ap":"Action | Bonus | Reaction | Move:30/30","pos":[-5,0,-28]}
[RealtimeAIController] Turn started for Orc Archer
[COMBAT_LOG] {"ts":1770377501894,"event":"DECISION","unit":"enemy_orc_archer","action":"Attack","target":"player_rogue","score":2.3103383}
[RealtimeAIController] Orc Archer -> Attack (#1) score:2.31
[CombatArena] ExecuteAbility: enemy_orc_archer -> basic_attack -> player_rogue
[CombatArena] [STATE] AIDecision -> ActionExecution
[RealtimeAIController] State: AIDecision -> ActionExecution
[CombatArena] Orc Archer used basic_attack on Rogue: damage:9
[CombatArena] ClearSelection called
[AutoBattlerManager] Action: enemy_orc_archer -> Attack:basic_attack->player_rogue (OK)
[CombatArena] [STATE] ActionExecution -> AIDecision
[RealtimeAIController] State: ActionExecution -> AIDecision
[COMBAT_LOG] {"ts":1770377502500,"event":"DECISION","unit":"enemy_orc_archer","action":"Move","target":"(-35, 0, -28)","score":1.2943754}
[RealtimeAIController] Orc Archer -> Move (#2) score:1.29
[CombatArena] ExecuteMovement: enemy_orc_archer -> (-35, 0, -28)
[CombatArena] [STATE] AIDecision -> ActionExecution
[RealtimeAIController] State: AIDecision -> ActionExecution
[CombatArena] Orc Archer moved from (-5, 0, -28) to (-35, 0, -28), distance: 30.0
[CombatArena] [STATE] ActionExecution -> AIDecision
[RealtimeAIController] State: ActionExecution -> AIDecision
[AutoBattlerManager] Action: enemy_orc_archer -> Move to (-35, 0, -28) (OK)
[COMBAT_LOG] {"ts":1770377502611,"event":"DECISION","unit":"enemy_orc_archer","action":"EndTurn","score":0.10134053}
[RealtimeAIController] Orc Archer -> EndTurn (#3) score:0.10
[RealtimeAIController] Calling EndCurrentTurn()
[CombatArena] [STATE] AIDecision -> TurnEnd
[RealtimeAIController] State: AIDecision -> TurnEnd
[CombatArena] [TURN] Round 2, Goblin Shaman
[CombatArena] [STATE] TurnEnd -> TurnStart
[RealtimeAIController] State: TurnEnd -> TurnStart
[CombatArena] [STATE] TurnStart -> AIDecision
[RealtimeAIController] State: TurnStart -> AIDecision
[CombatArena] Camera focusing on Goblin Shaman via hooks
[CombatArena] SelectCombatant called: enemy_shaman
[CombatArena] Selected: enemy_shaman
[CombatArena] Turn started: Goblin Shaman (AI)
[COMBAT_LOG] {"ts":1770377502617,"event":"TURN_START","turn":13,"round":2,"unit":"enemy_shaman","unit_name":"Goblin Shaman","faction":"Hostile","hp":23,"max_hp":28,"ap":"Action | Bonus | Reaction | Move:30/30","pos":[-32.99175,0,-3.6516504]}
[RealtimeAIController] Turn started for Goblin Shaman
[COMBAT_LOG] {"ts":1770377502618,"event":"DECISION","unit":"enemy_shaman","action":"Attack","target":"player_rogue","score":9.064544}
[RealtimeAIController] Goblin Shaman -> Attack (#1) score:9.06
[CombatArena] ExecuteAbility: enemy_shaman -> basic_attack -> player_rogue
[CombatArena] [STATE] AIDecision -> ActionExecution
[RealtimeAIController] State: AIDecision -> ActionExecution
[CombatArena] Goblin Shaman used basic_attack on Rogue: damage:7
[CombatArena] ClearSelection called
[AutoBattlerManager] Action: enemy_shaman -> Attack:basic_attack->player_rogue (OK)
[CombatArena] [STATE] ActionExecution -> AIDecision
[RealtimeAIController] State: ActionExecution -> AIDecision
[COMBAT_LOG] {"ts":1770377503224,"event":"DECISION","unit":"enemy_shaman","action":"Move","target":"(-2.9917488, 0, -3.6516504)","score":1.2020129}
[RealtimeAIController] Goblin Shaman -> Move (#2) score:1.20
[CombatArena] ExecuteMovement: enemy_shaman -> (-2.9917488, 0, -3.6516504)
[CombatArena] [STATE] AIDecision -> ActionExecution
[RealtimeAIController] State: AIDecision -> ActionExecution
[CombatArena] Goblin Shaman moved from (-32.99175, 0, -3.6516504) to (-2.9917488, 0, -3.6516504), distance: 30.0
[CombatArena] [STATE] ActionExecution -> AIDecision
[RealtimeAIController] State: ActionExecution -> AIDecision
[AutoBattlerManager] Action: enemy_shaman -> Move to (-2.9917488, 0, -3.6516504) (OK)
[COMBAT_LOG] {"ts":1770377503334,"event":"DECISION","unit":"enemy_shaman","action":"EndTurn","score":0.104075804}
[RealtimeAIController] Goblin Shaman -> EndTurn (#3) score:0.10
[RealtimeAIController] Calling EndCurrentTurn()
[CombatArena] [STATE] AIDecision -> TurnEnd
[RealtimeAIController] State: AIDecision -> TurnEnd
[CombatArena] [TURN] Round 2, Mage
[CombatArena] [STATE] TurnEnd -> TurnStart
[RealtimeAIController] State: TurnEnd -> TurnStart
[CombatArena] [STATE] TurnStart -> PlayerDecision
[RealtimeAIController] State: TurnStart -> PlayerDecision
[CombatArena] Camera focusing on Mage via hooks
[CombatArena] SelectCombatant called: player_mage
[CombatArena] Selected: player_mage
[CombatArena] Turn started: Mage (Player)
[COMBAT_LOG] {"ts":1770377503341,"event":"TURN_START","turn":14,"round":2,"unit":"player_mage","unit_name":"Mage","faction":"Player","hp":32,"max_hp":32,"ap":"Action | Bonus | Reaction | Move:30/30","pos":[-54.96699,0,9.606602]}
[RealtimeAIController] Turn started for Mage
[COMBAT_LOG] {"ts":1770377503341,"event":"DECISION","unit":"player_mage","action":"Dash","score":3.1319728}
[RealtimeAIController] Mage -> Dash (#1) score:3.13
[AutoBattlerManager] Action: player_mage -> Dash (OK)
[COMBAT_LOG] {"ts":1770377503451,"event":"DECISION","unit":"player_mage","action":"Move","target":"(-24.966991, 0, 9.606602)","score":0.6564258}
[RealtimeAIController] Mage -> Move (#2) score:0.66
[CombatArena] ExecuteMovement: player_mage -> (-24.966991, 0, 9.606602)
[CombatArena] [STATE] PlayerDecision -> ActionExecution
[RealtimeAIController] State: PlayerDecision -> ActionExecution
[CombatArena] Mage moved from (-54.96699, 0, 9.606602) to (-24.966991, 0, 9.606602), distance: 30.0
[CombatArena] [STATE] ActionExecution -> PlayerDecision
[RealtimeAIController] State: ActionExecution -> PlayerDecision
[AutoBattlerManager] Action: player_mage -> Move to (-24.966991, 0, 9.606602) (OK)
[COMBAT_LOG] {"ts":1770377503561,"event":"DECISION","unit":"player_mage","action":"Move","target":"(-9.966991, 0, 9.606602)","score":0.63959765}
[RealtimeAIController] Mage -> Move (#3) score:0.64
[CombatArena] ExecuteMovement: player_mage -> (-9.966991, 0, 9.606602)
[CombatArena] [STATE] PlayerDecision -> ActionExecution
[RealtimeAIController] State: PlayerDecision -> ActionExecution
[CombatArena] Mage moved from (-24.966991, 0, 9.606602) to (-9.966991, 0, 9.606602), distance: 15.0
[CombatArena] [STATE] ActionExecution -> PlayerDecision
[RealtimeAIController] State: ActionExecution -> PlayerDecision
[AutoBattlerManager] Action: player_mage -> Move to (-9.966991, 0, 9.606602) (OK)
[COMBAT_LOG] {"ts":1770377503672,"event":"DECISION","unit":"player_mage","action":"Move","target":"(-2.4669914, 0, 2.1066017)","score":1.2006068}
[RealtimeAIController] Mage -> Move (#4) score:1.20
[CombatArena] ExecuteMovement: player_mage -> (-2.4669914, 0, 2.1066017)
[CombatArena] [STATE] PlayerDecision -> ActionExecution
[RealtimeAIController] State: PlayerDecision -> ActionExecution
[CombatArena] Mage moved from (-9.966991, 0, 9.606602) to (-2.4669914, 0, 2.1066017), distance: 10.6
[CombatArena] [STATE] ActionExecution -> PlayerDecision
[RealtimeAIController] State: ActionExecution -> PlayerDecision
[AutoBattlerManager] Action: player_mage -> Move to (-2.4669914, 0, 2.1066017) (OK)
[COMBAT_LOG] {"ts":1770377503782,"event":"DECISION","unit":"player_mage","action":"Move","target":"(1.9264069, 0, 2.1066017)","score":1.3038324}
[RealtimeAIController] Mage -> Move (#5) score:1.30
[CombatArena] ExecuteMovement: player_mage -> (1.9264069, 0, 2.1066017)
[CombatArena] [STATE] PlayerDecision -> ActionExecution
[RealtimeAIController] State: PlayerDecision -> ActionExecution
[CombatArena] Mage moved from (-2.4669914, 0, 2.1066017) to (1.9264069, 0, 2.1066017), distance: 4.4
[CombatArena] [STATE] ActionExecution -> PlayerDecision
[RealtimeAIController] State: ActionExecution -> PlayerDecision
[AutoBattlerManager] Action: player_mage -> Move to (1.9264069, 0, 2.1066017) (OK)
[COMBAT_LOG] {"ts":1770377503892,"event":"DECISION","unit":"player_mage","action":"EndTurn","score":0.10856691}
[RealtimeAIController] Mage -> EndTurn (#6) score:0.11
[RealtimeAIController] Calling EndCurrentTurn()
[CombatArena] [STATE] PlayerDecision -> TurnEnd
[RealtimeAIController] State: PlayerDecision -> TurnEnd
[CombatArena] [TURN] Round 2, Orc Brute
[CombatArena] [STATE] TurnEnd -> TurnStart
[RealtimeAIController] State: TurnEnd -> TurnStart
[CombatArena] [STATE] TurnStart -> AIDecision
[RealtimeAIController] State: TurnStart -> AIDecision
[CombatArena] Camera focusing on Orc Brute via hooks
[CombatArena] SelectCombatant called: enemy_orc_brute
[CombatArena] Selected: enemy_orc_brute
[CombatArena] Turn started: Orc Brute (AI)
[COMBAT_LOG] {"ts":1770377503899,"event":"TURN_START","turn":15,"round":2,"unit":"enemy_orc_brute","unit_name":"Orc Brute","faction":"Hostile","hp":42,"max_hp":48,"ap":"Action | Bonus | Reaction | Move:30/30","pos":[-2.5285444,0,-6.135146]}
[RealtimeAIController] Turn started for Orc Brute
[COMBAT_LOG] {"ts":1770377503899,"event":"DECISION","unit":"enemy_orc_brute","action":"Attack","target":"player_mage","score":1.059718}
[RealtimeAIController] Orc Brute -> Attack (#1) score:1.06
[CombatArena] ExecuteAbility: enemy_orc_brute -> basic_attack -> player_mage
[CombatArena] [STATE] AIDecision -> ActionExecution
[RealtimeAIController] State: AIDecision -> ActionExecution
[CombatArena] Orc Brute used basic_attack on Mage: damage:8
[CombatArena] ClearSelection called
[AutoBattlerManager] Action: enemy_orc_brute -> Attack:basic_attack->player_mage (OK)
[CombatArena] [STATE] ActionExecution -> AIDecision
[RealtimeAIController] State: ActionExecution -> AIDecision
[COMBAT_LOG] {"ts":1770377504505,"event":"DECISION","unit":"enemy_orc_brute","action":"Move","target":"(-17.528545, 0, 8.864854)","score":0.65548366}
[RealtimeAIController] Orc Brute -> Move (#2) score:0.66
[CombatArena] ExecuteMovement: enemy_orc_brute -> (-17.528545, 0, 8.864854)
[CombatArena] [STATE] AIDecision -> ActionExecution
[RealtimeAIController] State: AIDecision -> ActionExecution
[CombatArena] Orc Brute moved from (-2.5285444, 0, -6.135146) to (-17.528545, 0, 8.864854), distance: 21.2
[CombatArena] [STATE] ActionExecution -> AIDecision
[RealtimeAIController] State: ActionExecution -> AIDecision
[AutoBattlerManager] Action: enemy_orc_brute -> Move to (-17.528545, 0, 8.864854) (OK)
[COMBAT_LOG] {"ts":1770377504614,"event":"DECISION","unit":"enemy_orc_brute","action":"Move","target":"(-13.135147, 0, 13.258252)","score":0.6564598}
[RealtimeAIController] Orc Brute -> Move (#3) score:0.66
[CombatArena] ExecuteMovement: enemy_orc_brute -> (-13.135147, 0, 13.258252)
[CombatArena] [STATE] AIDecision -> ActionExecution
[RealtimeAIController] State: AIDecision -> ActionExecution
[CombatArena] Orc Brute moved from (-17.528545, 0, 8.864854) to (-13.135147, 0, 13.258252), distance: 6.2
[CombatArena] [STATE] ActionExecution -> AIDecision
[RealtimeAIController] State: ActionExecution -> AIDecision
[AutoBattlerManager] Action: enemy_orc_brute -> Move to (-13.135147, 0, 13.258252) (OK)
[COMBAT_LOG] {"ts":1770377504725,"event":"DECISION","unit":"enemy_orc_brute","action":"Move","target":"(-11.848351, 0, 11.971456)","score":0.6423631}
[RealtimeAIController] Orc Brute -> Move (#4) score:0.64
[CombatArena] ExecuteMovement: enemy_orc_brute -> (-11.848351, 0, 11.971456)
[CombatArena] [STATE] AIDecision -> ActionExecution
[RealtimeAIController] State: AIDecision -> ActionExecution
[CombatArena] Orc Brute moved from (-13.135147, 0, 13.258252) to (-11.848351, 0, 11.971456), distance: 1.8
[CombatArena] [STATE] ActionExecution -> AIDecision
[RealtimeAIController] State: ActionExecution -> AIDecision
[AutoBattlerManager] Action: enemy_orc_brute -> Move to (-11.848351, 0, 11.971456) (OK)
[COMBAT_LOG] {"ts":1770377504835,"event":"DECISION","unit":"enemy_orc_brute","action":"Move","target":"(-11.471457, 0, 12.34835)","score":0.65702534}
[RealtimeAIController] Orc Brute -> Move (#5) score:0.66
[CombatArena] ExecuteMovement: enemy_orc_brute -> (-11.471457, 0, 12.34835)
[CombatArena] [STATE] AIDecision -> ActionExecution
[RealtimeAIController] State: AIDecision -> ActionExecution
[CombatArena] Orc Brute moved from (-11.848351, 0, 11.971456) to (-11.471457, 0, 12.34835), distance: 0.5
[CombatArena] [STATE] ActionExecution -> AIDecision
[RealtimeAIController] State: ActionExecution -> AIDecision
[AutoBattlerManager] Action: enemy_orc_brute -> Move to (-11.471457, 0, 12.34835) (OK)
[COMBAT_LOG] {"ts":1770377504945,"event":"DECISION","unit":"enemy_orc_brute","action":"Move","target":"(-11.361067, 0, 12.23796)","score":0.65908957}
[RealtimeAIController] Orc Brute -> Move (#6) score:0.66
[CombatArena] ExecuteMovement: enemy_orc_brute -> (-11.361067, 0, 12.23796)
[CombatArena] [STATE] AIDecision -> ActionExecution
[RealtimeAIController] State: AIDecision -> ActionExecution
[CombatArena] Orc Brute moved from (-11.471457, 0, 12.34835) to (-11.361067, 0, 12.23796), distance: 0.2
[CombatArena] [STATE] ActionExecution -> AIDecision
[RealtimeAIController] State: ActionExecution -> AIDecision
[AutoBattlerManager] Action: enemy_orc_brute -> Move to (-11.361067, 0, 12.23796) (OK)
[COMBAT_LOG] {"ts":1770377505055,"event":"DECISION","unit":"enemy_orc_brute","action":"Move","target":"(-11.328734, 0, 12.23796)","score":0.64826214}
[RealtimeAIController] Orc Brute -> Move (#7) score:0.65
[CombatArena] ExecuteMovement: enemy_orc_brute -> (-11.328734, 0, 12.23796)
[CombatArena] [STATE] AIDecision -> ActionExecution
[RealtimeAIController] State: AIDecision -> ActionExecution
[CombatArena] Orc Brute moved from (-11.361067, 0, 12.23796) to (-11.328734, 0, 12.23796), distance: 0.0
[CombatArena] [STATE] ActionExecution -> AIDecision
[RealtimeAIController] State: ActionExecution -> AIDecision
[AutoBattlerManager] Action: enemy_orc_brute -> Move to (-11.328734, 0, 12.23796) (OK)
[COMBAT_LOG] {"ts":1770377505165,"event":"DECISION","unit":"enemy_orc_brute","action":"Move","target":"(-11.3449, 0, 12.23796)","score":0.6478145}
[RealtimeAIController] Orc Brute -> Move (#8) score:0.65
[CombatArena] ExecuteMovement: enemy_orc_brute -> (-11.3449, 0, 12.23796)
[CombatArena] [STATE] AIDecision -> ActionExecution
[RealtimeAIController] State: AIDecision -> ActionExecution
[CombatArena] Orc Brute moved from (-11.328734, 0, 12.23796) to (-11.3449, 0, 12.23796), distance: 0.0
[CombatArena] [STATE] ActionExecution -> AIDecision
[RealtimeAIController] State: ActionExecution -> AIDecision
[AutoBattlerManager] Action: enemy_orc_brute -> Move to (-11.3449, 0, 12.23796) (OK)
[COMBAT_LOG] {"ts":1770377505275,"event":"DECISION","unit":"enemy_orc_brute","action":"Move","target":"(-11.352983, 0, 12.23796)","score":0.6539562}
[RealtimeAIController] Orc Brute -> Move (#9) score:0.65
[CombatArena] ExecuteMovement: enemy_orc_brute -> (-11.352983, 0, 12.23796)
[CombatArena] [STATE] AIDecision -> ActionExecution
[RealtimeAIController] State: AIDecision -> ActionExecution
[CombatArena] Orc Brute moved from (-11.3449, 0, 12.23796) to (-11.352983, 0, 12.23796), distance: 0.0
[CombatArena] [STATE] ActionExecution -> AIDecision
[RealtimeAIController] State: ActionExecution -> AIDecision
[AutoBattlerManager] Action: enemy_orc_brute -> Move to (-11.352983, 0, 12.23796) (OK)
[COMBAT_LOG] {"ts":1770377505385,"event":"DECISION","unit":"enemy_orc_brute","action":"Move","target":"(-11.348942, 0, 12.233918)","score":0.65288216}
[RealtimeAIController] Orc Brute -> Move (#10) score:0.65
[CombatArena] ExecuteMovement: enemy_orc_brute -> (-11.348942, 0, 12.233918)
[CombatArena] [STATE] AIDecision -> ActionExecution
[RealtimeAIController] State: AIDecision -> ActionExecution
[CombatArena] Orc Brute moved from (-11.352983, 0, 12.23796) to (-11.348942, 0, 12.233918), distance: 0.0
[CombatArena] [STATE] ActionExecution -> AIDecision
[RealtimeAIController] State: ActionExecution -> AIDecision
[AutoBattlerManager] Action: enemy_orc_brute -> Move to (-11.348942, 0, 12.233918) (OK)
[COMBAT_LOG] {"ts":1770377505495,"event":"DECISION","unit":"enemy_orc_brute","action":"Move","target":"(-11.346575, 0, 12.233918)","score":0.6599014}
[RealtimeAIController] Orc Brute -> Move (#11) score:0.66
[CombatArena] ExecuteMovement: enemy_orc_brute -> (-11.346575, 0, 12.233918)
[CombatArena] [STATE] AIDecision -> ActionExecution
[RealtimeAIController] State: AIDecision -> ActionExecution
[CombatArena] Orc Brute moved from (-11.348942, 0, 12.233918) to (-11.346575, 0, 12.233918), distance: 0.0
[CombatArena] [STATE] ActionExecution -> AIDecision
[RealtimeAIController] State: ActionExecution -> AIDecision
[AutoBattlerManager] Action: enemy_orc_brute -> Move to (-11.346575, 0, 12.233918) (OK)
[COMBAT_LOG] {"ts":1770377505605,"event":"DECISION","unit":"enemy_orc_brute","action":"EndTurn","score":0.10041809}
[RealtimeAIController] Orc Brute -> EndTurn (#12) score:0.10
[RealtimeAIController] Calling EndCurrentTurn()
[CombatArena] [STATE] AIDecision -> TurnEnd
[RealtimeAIController] State: AIDecision -> TurnEnd
[CombatArena] [TURN] Round 2, Cleric
[CombatArena] [STATE] TurnEnd -> TurnStart
[RealtimeAIController] State: TurnEnd -> TurnStart
[CombatArena] [STATE] TurnStart -> PlayerDecision
[RealtimeAIController] State: TurnStart -> PlayerDecision
[CombatArena] Camera focusing on Cleric via hooks
[CombatArena] SelectCombatant called: player_cleric
[CombatArena] Selected: player_cleric
[CombatArena] Turn started: Cleric (Player)
[COMBAT_LOG] {"ts":1770377505612,"event":"TURN_START","turn":16,"round":2,"unit":"player_cleric","unit_name":"Cleric","faction":"Player","hp":34,"max_hp":44,"ap":"Action | Bonus | Reaction | Move:30/30","pos":[-1,0,-3]}
[RealtimeAIController] Turn started for Cleric
[COMBAT_LOG] {"ts":1770377505612,"event":"DECISION","unit":"player_cleric","action":"Move","target":"(-16, 0, 12)","score":1.2247257}
[RealtimeAIController] Cleric -> Move (#1) score:1.22
[CombatArena] ExecuteMovement: player_cleric -> (-16, 0, 12)
[CombatArena] [STATE] PlayerDecision -> ActionExecution
[RealtimeAIController] State: PlayerDecision -> ActionExecution
[CombatArena] Cleric moved from (-1, 0, -3) to (-16, 0, 12), distance: 21.2
[CombatArena] [STATE] ActionExecution -> PlayerDecision
[RealtimeAIController] State: ActionExecution -> PlayerDecision
[AutoBattlerManager] Action: player_cleric -> Move to (-16, 0, 12) (OK)
[COMBAT_LOG] {"ts":1770377505722,"event":"DECISION","unit":"player_cleric","action":"Move","target":"(-11.606602, 0, 12)","score":1.2884606}
[RealtimeAIController] Cleric -> Move (#2) score:1.29
[CombatArena] ExecuteMovement: player_cleric -> (-11.606602, 0, 12)
[CombatArena] [STATE] PlayerDecision -> ActionExecution
[RealtimeAIController] State: PlayerDecision -> ActionExecution
[CombatArena] Cleric moved from (-16, 0, 12) to (-11.606602, 0, 12), distance: 4.4
[CombatArena] [STATE] ActionExecution -> PlayerDecision
[RealtimeAIController] State: ActionExecution -> PlayerDecision
[AutoBattlerManager] Action: player_cleric -> Move to (-11.606602, 0, 12) (OK)
[COMBAT_LOG] {"ts":1770377505832,"event":"DECISION","unit":"player_cleric","action":"Move","target":"(-11.606602, 0, 7.6066017)","score":1.3155444}
[RealtimeAIController] Cleric -> Move (#3) score:1.32
[CombatArena] ExecuteMovement: player_cleric -> (-11.606602, 0, 7.6066017)
[CombatArena] [STATE] PlayerDecision -> ActionExecution
[RealtimeAIController] State: PlayerDecision -> ActionExecution
[CombatArena] Cleric moved from (-11.606602, 0, 12) to (-11.606602, 0, 7.6066017), distance: 4.4
[CombatArena] [STATE] ActionExecution -> PlayerDecision
[RealtimeAIController] State: ActionExecution -> PlayerDecision
[AutoBattlerManager] Action: player_cleric -> Move to (-11.606602, 0, 7.6066017) (OK)
[COMBAT_LOG] {"ts":1770377505942,"event":"DECISION","unit":"player_cleric","action":"Dash","score":3.1709905}
[RealtimeAIController] Cleric -> Dash (#4) score:3.17
[AutoBattlerManager] Action: player_cleric -> Dash (OK)
[COMBAT_LOG] {"ts":1770377506052,"event":"DECISION","unit":"player_cleric","action":"Move","target":"(-11.606602, 0, 37.6066)","score":0.65604675}
[RealtimeAIController] Cleric -> Move (#5) score:0.66
[CombatArena] ExecuteMovement: player_cleric -> (-11.606602, 0, 37.6066)
[CombatArena] [STATE] PlayerDecision -> ActionExecution
[RealtimeAIController] State: PlayerDecision -> ActionExecution
[CombatArena] Cleric moved from (-11.606602, 0, 7.6066017) to (-11.606602, 0, 37.6066), distance: 30.0
[CombatArena] [STATE] ActionExecution -> PlayerDecision
[RealtimeAIController] State: ActionExecution -> PlayerDecision
[AutoBattlerManager] Action: player_cleric -> Move to (-11.606602, 0, 37.6066) (OK)
[COMBAT_LOG] {"ts":1770377506162,"event":"DECISION","unit":"player_cleric","action":"EndTurn","score":0.105808996}
[RealtimeAIController] Cleric -> EndTurn (#6) score:0.11
[RealtimeAIController] Calling EndCurrentTurn()
[CombatArena] [STATE] PlayerDecision -> TurnEnd
[RealtimeAIController] State: PlayerDecision -> TurnEnd
[CombatArena] [TURN] Round 3, Goblin Skirmisher
[CombatArena] [STATE] TurnEnd -> RoundEnd
[RealtimeAIController] State: TurnEnd -> RoundEnd
[CombatArena] [STATE] RoundEnd -> TurnStart
[RealtimeAIController] State: RoundEnd -> TurnStart
[CombatArena] Round 3: Reset reactions for all combatants
[CombatArena] [STATE] TurnStart -> AIDecision
[RealtimeAIController] State: TurnStart -> AIDecision
[CombatArena] Camera focusing on Goblin Skirmisher via hooks
[CombatArena] SelectCombatant called: enemy_goblin
[CombatArena] Selected: enemy_goblin
[CombatArena] Turn started: Goblin Skirmisher (AI)
[COMBAT_LOG] {"ts":1770377506169,"event":"TURN_START","turn":17,"round":3,"unit":"enemy_goblin","unit_name":"Goblin Skirmisher","faction":"Hostile","hp":22,"max_hp":22,"ap":"Action | Bonus | Reaction | Move:30/30","pos":[-1.6145172,0,1.030777]}
[RealtimeAIController] Turn started for Goblin Skirmisher
[COMBAT_LOG] {"ts":1770377506169,"event":"DECISION","unit":"enemy_goblin","action":"Move","target":"(-31.614517, 0, 1.030777)","score":1.2612358}
[RealtimeAIController] Goblin Skirmisher -> Move (#1) score:1.26
[CombatArena] ExecuteMovement: enemy_goblin -> (-31.614517, 0, 1.030777)
[CombatArena] [STATE] AIDecision -> ActionExecution
[RealtimeAIController] State: AIDecision -> ActionExecution
[CombatArena] Goblin Skirmisher moved from (-1.6145172, 0, 1.030777) to (-31.614517, 0, 1.030777), distance: 30.0
[CombatArena] [STATE] ActionExecution -> AIDecision
[RealtimeAIController] State: ActionExecution -> AIDecision
[AutoBattlerManager] Action: enemy_goblin -> Move to (-31.614517, 0, 1.030777) (OK)
[COMBAT_LOG] {"ts":1770377506279,"event":"DECISION","unit":"enemy_goblin","action":"Dash","score":3.0823457}
[RealtimeAIController] Goblin Skirmisher -> Dash (#2) score:3.08
[AutoBattlerManager] Action: enemy_goblin -> Dash (OK)
[COMBAT_LOG] {"ts":1770377506389,"event":"DECISION","unit":"enemy_goblin","action":"Move","target":"(-1.6145172, 0, 1.030777)","score":1.299707}
[RealtimeAIController] Goblin Skirmisher -> Move (#3) score:1.30
[CombatArena] ExecuteMovement: enemy_goblin -> (-1.6145172, 0, 1.030777)
[CombatArena] [STATE] AIDecision -> ActionExecution
[RealtimeAIController] State: AIDecision -> ActionExecution
[CombatArena] Goblin Skirmisher moved from (-31.614517, 0, 1.030777) to (-1.6145172, 0, 1.030777), distance: 30.0
[CombatArena] [STATE] ActionExecution -> AIDecision
[RealtimeAIController] State: ActionExecution -> AIDecision
[AutoBattlerManager] Action: enemy_goblin -> Move to (-1.6145172, 0, 1.030777) (OK)
[COMBAT_LOG] {"ts":1770377506499,"event":"DECISION","unit":"enemy_goblin","action":"EndTurn","score":0.10450283}
[RealtimeAIController] Goblin Skirmisher -> EndTurn (#4) score:0.10
[RealtimeAIController] Calling EndCurrentTurn()
[CombatArena] [STATE] AIDecision -> TurnEnd
[RealtimeAIController] State: AIDecision -> TurnEnd
[CombatArena] [TURN] Round 3, Fighter
[CombatArena] [STATE] TurnEnd -> TurnStart
[RealtimeAIController] State: TurnEnd -> TurnStart
[CombatArena] [STATE] TurnStart -> PlayerDecision
[RealtimeAIController] State: TurnStart -> PlayerDecision
[CombatArena] Camera focusing on Fighter via hooks
[CombatArena] SelectCombatant called: player_fighter
[CombatArena] Selected: player_fighter
[CombatArena] Turn started: Fighter (Player)
[COMBAT_LOG] {"ts":1770377506506,"event":"TURN_START","turn":18,"round":3,"unit":"player_fighter","unit_name":"Fighter","faction":"Player","hp":52,"max_hp":52,"ap":"Action | Bonus | Reaction | Move:30/30","pos":[-30,0,0]}
[RealtimeAIController] Turn started for Fighter
[COMBAT_LOG] {"ts":1770377506506,"event":"DECISION","unit":"player_fighter","action":"Move","target":"(0, 0, 0)","score":1.2742565}
[RealtimeAIController] Fighter -> Move (#1) score:1.27
[CombatArena] ExecuteMovement: player_fighter -> (0, 0, 0)
[CombatArena] [STATE] PlayerDecision -> ActionExecution
[RealtimeAIController] State: PlayerDecision -> ActionExecution
[CombatArena] Fighter moved from (-30, 0, 0) to (0, 0, 0), distance: 30.0
[CombatArena] [STATE] ActionExecution -> PlayerDecision
[RealtimeAIController] State: ActionExecution -> PlayerDecision
[AutoBattlerManager] Action: player_fighter -> Move to (0, 0, 0) (OK)
[COMBAT_LOG] {"ts":1770377506616,"event":"DECISION","unit":"player_fighter","action":"Dash","score":3.1980007}
[RealtimeAIController] Fighter -> Dash (#2) score:3.20
[AutoBattlerManager] Action: player_fighter -> Dash (OK)
[COMBAT_LOG] {"ts":1770377506726,"event":"DECISION","unit":"player_fighter","action":"Move","target":"(-15, 0, 15)","score":1.319244}
[RealtimeAIController] Fighter -> Move (#3) score:1.32
[CombatArena] ExecuteMovement: player_fighter -> (-15, 0, 15)
[CombatArena] [STATE] PlayerDecision -> ActionExecution
[RealtimeAIController] State: PlayerDecision -> ActionExecution
[CombatArena] Fighter moved from (0, 0, 0) to (-15, 0, 15), distance: 21.2
[CombatArena] [STATE] ActionExecution -> PlayerDecision
[RealtimeAIController] State: ActionExecution -> PlayerDecision
[AutoBattlerManager] Action: player_fighter -> Move to (-15, 0, 15) (OK)
[COMBAT_LOG] {"ts":1770377506836,"event":"DECISION","unit":"player_fighter","action":"Move","target":"(-10.606602, 0, 15)","score":1.2941427}
[RealtimeAIController] Fighter -> Move (#4) score:1.29
[CombatArena] ExecuteMovement: player_fighter -> (-10.606602, 0, 15)
[CombatArena] [STATE] PlayerDecision -> ActionExecution
[RealtimeAIController] State: PlayerDecision -> ActionExecution
[CombatArena] Fighter moved from (-15, 0, 15) to (-10.606602, 0, 15), distance: 4.4
[CombatArena] [STATE] ActionExecution -> PlayerDecision
[RealtimeAIController] State: ActionExecution -> PlayerDecision
[AutoBattlerManager] Action: player_fighter -> Move to (-10.606602, 0, 15) (OK)
[COMBAT_LOG] {"ts":1770377506946,"event":"DECISION","unit":"player_fighter","action":"Move","target":"(-10.606602, 0, 10.606602)","score":1.2986596}
[RealtimeAIController] Fighter -> Move (#5) score:1.30
[CombatArena] ExecuteMovement: player_fighter -> (-10.606602, 0, 10.606602)
[CombatArena] [STATE] PlayerDecision -> ActionExecution
[RealtimeAIController] State: PlayerDecision -> ActionExecution
[CombatArena] Fighter moved from (-10.606602, 0, 15) to (-10.606602, 0, 10.606602), distance: 4.4
[CombatArena] [STATE] ActionExecution -> PlayerDecision
[RealtimeAIController] State: ActionExecution -> PlayerDecision
[AutoBattlerManager] Action: player_fighter -> Move to (-10.606602, 0, 10.606602) (OK)
[COMBAT_LOG] {"ts":1770377507056,"event":"DECISION","unit":"player_fighter","action":"EndTurn","score":0.10062261}
[RealtimeAIController] Fighter -> EndTurn (#6) score:0.10
[RealtimeAIController] Calling EndCurrentTurn()
[CombatArena] [STATE] PlayerDecision -> TurnEnd
[RealtimeAIController] State: PlayerDecision -> TurnEnd
[CombatArena] [TURN] Round 3, Orc Archer
[CombatArena] [STATE] TurnEnd -> TurnStart
[RealtimeAIController] State: TurnEnd -> TurnStart
[CombatArena] [STATE] TurnStart -> AIDecision
[RealtimeAIController] State: TurnStart -> AIDecision
[CombatArena] Camera focusing on Orc Archer via hooks
[CombatArena] SelectCombatant called: enemy_orc_archer
[CombatArena] Selected: enemy_orc_archer
[CombatArena] Turn started: Orc Archer (AI)
[COMBAT_LOG] {"ts":1770377507063,"event":"TURN_START","turn":19,"round":3,"unit":"enemy_orc_archer","unit_name":"Orc Archer","faction":"Hostile","hp":25,"max_hp":30,"ap":"Action | Bonus | Reaction | Move:30/30","pos":[-35,0,-28]}
[RealtimeAIController] Turn started for Orc Archer
[COMBAT_LOG] {"ts":1770377507063,"event":"DECISION","unit":"enemy_orc_archer","action":"Dash","score":3.295766}
[RealtimeAIController] Orc Archer -> Dash (#1) score:3.30
[AutoBattlerManager] Action: enemy_orc_archer -> Dash (OK)
[COMBAT_LOG] {"ts":1770377507173,"event":"DECISION","unit":"enemy_orc_archer","action":"Move","target":"(-35, 0, 32)","score":0.62970537}
[RealtimeAIController] Orc Archer -> Move (#2) score:0.63
[CombatArena] ExecuteMovement: enemy_orc_archer -> (-35, 0, 32)
[CombatArena] [STATE] AIDecision -> ActionExecution
[RealtimeAIController] State: AIDecision -> ActionExecution
[CombatArena] Orc Archer moved from (-35, 0, -28) to (-35, 0, 32), distance: 60.0
[CombatArena] [STATE] ActionExecution -> AIDecision
[RealtimeAIController] State: ActionExecution -> AIDecision
[AutoBattlerManager] Action: enemy_orc_archer -> Move to (-35, 0, 32) (OK)
[COMBAT_LOG] {"ts":1770377507283,"event":"DECISION","unit":"enemy_orc_archer","action":"EndTurn","score":0.1015467}
[RealtimeAIController] Orc Archer -> EndTurn (#3) score:0.10
[RealtimeAIController] Calling EndCurrentTurn()
[CombatArena] [STATE] AIDecision -> TurnEnd
[RealtimeAIController] State: AIDecision -> TurnEnd
[CombatArena] [TURN] Round 3, Goblin Shaman
[CombatArena] [STATE] TurnEnd -> TurnStart
[RealtimeAIController] State: TurnEnd -> TurnStart
[CombatArena] [STATE] TurnStart -> AIDecision
[RealtimeAIController] State: TurnStart -> AIDecision
[CombatArena] Camera focusing on Goblin Shaman via hooks
[CombatArena] SelectCombatant called: enemy_shaman
[CombatArena] Selected: enemy_shaman
[CombatArena] Turn started: Goblin Shaman (AI)
[COMBAT_LOG] {"ts":1770377507289,"event":"TURN_START","turn":20,"round":3,"unit":"enemy_shaman","unit_name":"Goblin Shaman","faction":"Hostile","hp":23,"max_hp":28,"ap":"Action | Bonus | Reaction | Move:30/30","pos":[-2.9917488,0,-3.6516504]}
[AutoBattlerManager] Turn limit reached (20)
[AutoBattleWatchdog] Monitoring STOPPED
[RealtimeAIController] Processing DISABLED
[COMBAT_LOG] {"ts":1770377507291,"event":"BATTLE_END","winner":"Draw (timeout)","total_turns":20,"total_rounds":3,"duration_ms":14901}

â•”â•â•â•â•â•â•â•â•â•â•â•â•â•â•â•â•â•â•â•â•â•â•â•â•â•â•â•â•â•â•â•â•â•â•â•â•â•â•â•â•â•â•â•â•â•â•â•â•â•â•â•â•—
â•‘             AUTO-BATTLE RESULTS                   â•‘
â•šâ•â•â•â•â•â•â•â•â•â•â•â•â•â•â•â•â•â•â•â•â•â•â•â•â•â•â•â•â•â•â•â•â•â•â•â•â•â•â•â•â•â•â•â•â•â•â•â•â•â•â•â•

  Winner:       Draw (timeout)
  Total Turns:  20
  Total Rounds: 3
  Duration:     14901ms
  Completed:    False
  End Reason:   max_turns_exceeded
  Seed:         2002

  Surviving Units:
    - Fighter (player_fighter) HP:52/52
    - Mage (player_mage) HP:24/32
    - Cleric (player_cleric) HP:34/44
    - Orc Brute (enemy_orc_brute) HP:42/48
    - Orc Archer (enemy_orc_archer) HP:25/30
    - Goblin Skirmisher (enemy_goblin) HP:22/22
    - Goblin Shaman (enemy_shaman) HP:23/28

AUTO-BATTLE: FAILED (max_turns_exceeded)
[RealtimeAIController] Turn started for Goblin Shaman
[RealtimeAIController] Goblin Shaman -> Attack (#1) score:1.03
[CombatArena] ExecuteAbility: enemy_shaman -> basic_attack -> player_cleric
[CombatArena] [STATE] AIDecision -> ActionExecution
[RealtimeAIController] State: AIDecision -> ActionExecution
[CombatArena] Goblin Shaman used basic_attack on Cleric: damage:5
[CombatArena] ClearSelection called
[AutoBattlerManager] Action: enemy_shaman -> Attack:basic_attack->player_cleric (OK)
