[0;32m[INFO][0m Using Godot: godot
[0;32m[INFO][0m Project dir: /home/martin/repos/qdnd
[0;32m[INFO][0m Running auto-battle...
[0;36mâ•â•â•â•â•â•â•â•â•â•â•â•â•â•â•â•â•â•â•â•â•â•â•â•â•â•â•â•â•â•â•â•â•â•â•â•â•â•â•â•â•â•â•â•â•â•â•â•â•â•â•[0m
Godot Engine v4.6.stable.mono.official.89cea1439 - https://godotengine.org

[CLIEntryPoint] Raw args: res://Tools/CLIRunner.tscn
[CLIEntryPoint] User args: --run-autobattle --seed 2007 --freeze-timeout 10 --loop-threshold 20 --max-turns 20 --log-file artifacts/autobattle/stress3/seed_2007.jsonl
[CLIEntryPoint] Parsed args: run-autobattle=true, seed=2007, freeze-timeout=10, loop-threshold=20, max-turns=20, log-file=artifacts/autobattle/stress3/seed_2007.jsonl
[CLIEntryPoint] Checking modes: run-tests=False, run-simulation=False, run-autobattle=True
=== IN-ENGINE AUTO-BATTLE RUN ===
Timestamp: 2026-02-06T11:32:59.6464691Z
NOTE: Running the REAL CombatArena.tscn scene with AI control.

Seed: 2007
Scenario: res://Data/Scenarios/autobattle_4v4.json
Log file: artifacts/autobattle/stress3/seed_2007.jsonl
Max rounds: 100
Max turns: 20
Watchdog freeze timeout: 10s
Watchdog loop threshold: 20

[AutoBattlerManager] === STARTING IN-ENGINE AUTO-BATTLE ===
[AutoBattlerManager] Seed: 2007
[AutoBattlerManager] Scenario: res://Data/Scenarios/autobattle_4v4.json
[AutoBattlerManager] Loading scene: res://Combat/Arena/CombatArena.tscn
[CombatArena] === COMBAT ARENA INITIALIZING ===
[CombatArena] Ground collision plane created (100x100m at Y=0)
[CombatArena] CombatContext created
[CombatContext] Registered service: CombatStateMachine
[CombatContext] Registered service: TurnQueueService
[CombatContext] Registered service: CommandService
[CombatContext] Registered service: CombatLog
[CombatContext] Registered service: ScenarioLoader
[Registry] Loaded from /home/martin/repos/qdnd/Data:
  - 7 abilities
  - 6 statuses
  - 20 scenarios
[INFO] [Registry] Dependencies: Checked 7 abilities, 6 statuses, 20 scenarios
[Registry] Validation complete: 0 errors, 0 warnings
[CombatContext] Registered service: DataRegistry
[CombatContext] Registered service: RulesEngine
[CombatContext] Registered service: StatusManager
[CombatContext] Registered service: EffectPipeline
[CombatContext] Registered service: TargetValidator
[CombatContext] Registered service: ReactionSystem
[CombatContext] Registered service: LOSService
[CombatContext] Registered service: HeightService
[CombatContext] Registered service: AIDecisionPipeline
[CombatContext] Registered service: MovementService
[CombatContext] Registered service: SurfaceManager
[CombatContext] Registered service: PresentationRequestBus
[CombatContext] Registered service: CameraStateHooks
[CombatArena] UI Models initialized
[CombatArena] Services registered: 18
[CombatArena] Loaded scenario: 8 combatants
[CombatArena] Loaded scenario from: res://Data/Scenarios/autobattle_4v4.json
[CombatArena] Registered default abilities: basic_attack, ranged_attack, power_strike
[CombatArena] Instantiating visual from scene for Fighter
[CombatantVisual] CollisionShape3D found for Fighter
[CombatantVisual] Fighter initialized - Layer: 2, Mask: 0, Pickable: True, HasShape: True
[CombatArena] Spawned visual for Fighter at (0, 0, 0), Layer: 2, InTree: True
[CombatArena] Instantiating visual from scene for Mage
[CombatantVisual] CollisionShape3D found for Mage
[CombatantVisual] Mage initialized - Layer: 2, Mask: 0, Pickable: True, HasShape: True
[CombatArena] Spawned visual for Mage at (-3, 0, -1), Layer: 2, InTree: True
[CombatArena] Instantiating visual from scene for Cleric
[CombatantVisual] CollisionShape3D found for Cleric
[CombatantVisual] Cleric initialized - Layer: 2, Mask: 0, Pickable: True, HasShape: True
[CombatArena] Spawned visual for Cleric at (-1, 0, -3), Layer: 2, InTree: True
[CombatArena] Instantiating visual from scene for Rogue
[CombatantVisual] CollisionShape3D found for Rogue
[CombatantVisual] Rogue initialized - Layer: 2, Mask: 0, Pickable: True, HasShape: True
[CombatArena] Spawned visual for Rogue at (2, 0, -2), Layer: 2, InTree: True
[CombatArena] Instantiating visual from scene for Orc Brute
[CombatantVisual] CollisionShape3D found for Orc Brute
[CombatantVisual] Orc Brute initialized - Layer: 2, Mask: 0, Pickable: True, HasShape: True
[CombatArena] Spawned visual for Orc Brute at (8, 0, 0), Layer: 2, InTree: True
[CombatArena] Instantiating visual from scene for Orc Archer
[CombatantVisual] CollisionShape3D found for Orc Archer
[CombatantVisual] Orc Archer initialized - Layer: 2, Mask: 0, Pickable: True, HasShape: True
[CombatArena] Spawned visual for Orc Archer at (10, 0, 2), Layer: 2, InTree: True
[CombatArena] Instantiating visual from scene for Goblin Skirmisher
[CombatantVisual] CollisionShape3D found for Goblin Skirmisher
[CombatantVisual] Goblin Skirmisher initialized - Layer: 2, Mask: 0, Pickable: True, HasShape: True
[CombatArena] Spawned visual for Goblin Skirmisher at (7, 0, 3), Layer: 2, InTree: True
[CombatArena] Instantiating visual from scene for Goblin Shaman
[CombatantVisual] CollisionShape3D found for Goblin Shaman
[CombatantVisual] Goblin Shaman initialized - Layer: 2, Mask: 0, Pickable: True, HasShape: True
[CombatArena] Spawned visual for Goblin Shaman at (10, 0, -1), Layer: 2, InTree: True
[CombatArena] [STATE] NotInCombat -> CombatStart
[CombatArena] [TURN] Round 1, Rogue
[CombatArena] [STATE] CombatStart -> TurnStart
[CombatArena] Round 1: Reset reactions for all combatants
[CombatArena] [STATE] TurnStart -> PlayerDecision
[CombatArena] Camera focusing on Rogue via hooks
[CombatArena] SelectCombatant called: player_rogue
[CombatArena] Selected: player_rogue
[CombatArena] Turn started: Rogue (Player)
[CombatArena] === COMBAT ARENA READY ===
[AutoBattlerManager] CombatArena added to scene tree
[AutoBattleWatchdog] Ready
[AutoBattlerManager] Watchdog created
[RealtimeAIController] Ready
[AutoBattlerManager] RealtimeAIController created
[AutoBattleWatchdog] Monitoring STARTED (freeze: 10s, loop: 20 in 1s)
[AutoBattlerManager] Scene loaded, waiting for combat to start...
[AutoBattlerManager] Arena ready, attaching AI controller...
[RealtimeAIController] Subscribed to state machine
[RealtimeAIController] Attached to CombatArena
[COMBAT_LOG] {"ts":1770377580388,"event":"BATTLE_START","seed":2007,"units":[{"id":"player_fighter","name":"Fighter","faction":"Player","hp":52,"max_hp":52,"pos":[0,0,0],"alive":true},{"id":"player_mage","name":"Mage","faction":"Player","hp":32,"max_hp":32,"pos":[-3,0,-1],"alive":true},{"id":"player_cleric","name":"Cleric","faction":"Player","hp":44,"max_hp":44,"pos":[-1,0,-3],"alive":true},{"id":"player_rogue","name":"Rogue","faction":"Player","hp":36,"max_hp":36,"pos":[2,0,-2],"alive":true},{"id":"enemy_orc_brute","name":"Orc Brute","faction":"Hostile","hp":48,"max_hp":48,"pos":[8,0,0],"alive":true},{"id":"enemy_orc_archer","name":"Orc Archer","faction":"Hostile","hp":30,"max_hp":30,"pos":[10,0,2],"alive":true},{"id":"enemy_goblin","name":"Goblin Skirmisher","faction":"Hostile","hp":22,"max_hp":22,"pos":[7,0,3],"alive":true},{"id":"enemy_shaman","name":"Goblin Shaman","faction":"Hostile","hp":28,"max_hp":28,"pos":[10,0,-1],"alive":true}]}
[AutoBattlerManager] Enabling AI processing...
[RealtimeAIController] Processing ENABLED
[COMBAT_LOG] {"ts":1770377580719,"event":"TURN_START","turn":1,"round":1,"unit":"player_rogue","unit_name":"Rogue","faction":"Player","hp":36,"max_hp":36,"ap":"Action | Bonus | Reaction | Move:30/30","pos":[2,0,-2]}
[RealtimeAIController] Turn started for Rogue
[COMBAT_LOG] {"ts":1770377580758,"event":"DECISION","unit":"player_rogue","action":"Attack","target":"enemy_shaman","score":0.7061668}
[RealtimeAIController] Rogue -> Attack (#1) score:0.71
[CombatArena] ExecuteAbility: player_rogue -> basic_attack -> enemy_shaman
[CombatArena] [STATE] PlayerDecision -> ActionExecution
[RealtimeAIController] State: PlayerDecision -> ActionExecution
[CombatArena] Rogue used basic_attack on Goblin Shaman: damage:6
[CombatArena] ClearSelection called
[AutoBattlerManager] Action: player_rogue -> Attack:basic_attack->enemy_shaman (OK)
[CombatArena] [STATE] ActionExecution -> PlayerDecision
[RealtimeAIController] State: ActionExecution -> PlayerDecision
[COMBAT_LOG] {"ts":1770377581312,"event":"DECISION","unit":"player_rogue","action":"Move","target":"(2, 0, 28)","score":0.6574167}
[RealtimeAIController] Rogue -> Move (#2) score:0.66
[CombatArena] ExecuteMovement: player_rogue -> (2, 0, 28)
[CombatArena] [STATE] PlayerDecision -> ActionExecution
[RealtimeAIController] State: PlayerDecision -> ActionExecution
[CombatArena] Rogue moved from (2, 0, -2) to (2, 0, 28), distance: 30.0
[CombatArena] [STATE] ActionExecution -> PlayerDecision
[RealtimeAIController] State: ActionExecution -> PlayerDecision
[AutoBattlerManager] Action: player_rogue -> Move to (2, 0, 28) (OK)
[COMBAT_LOG] {"ts":1770377581421,"event":"DECISION","unit":"player_rogue","action":"EndTurn","score":0.10815083}
[RealtimeAIController] Rogue -> EndTurn (#3) score:0.11
[RealtimeAIController] Calling EndCurrentTurn()
[CombatArena] [STATE] PlayerDecision -> TurnEnd
[RealtimeAIController] State: PlayerDecision -> TurnEnd
[CombatArena] [TURN] Round 1, Goblin Skirmisher
[CombatArena] [STATE] TurnEnd -> TurnStart
[RealtimeAIController] State: TurnEnd -> TurnStart
[CombatArena] [STATE] TurnStart -> AIDecision
[RealtimeAIController] State: TurnStart -> AIDecision
[CombatArena] Camera focusing on Goblin Skirmisher via hooks
[CombatArena] SelectCombatant called: enemy_goblin
[CombatArena] Selected: enemy_goblin
[CombatArena] Turn started: Goblin Skirmisher (AI)
[COMBAT_LOG] {"ts":1770377581428,"event":"TURN_START","turn":2,"round":1,"unit":"enemy_goblin","unit_name":"Goblin Skirmisher","faction":"Hostile","hp":22,"max_hp":22,"ap":"Action | Bonus | Reaction | Move:30/30","pos":[7,0,3]}
[RealtimeAIController] Turn started for Goblin Skirmisher
[COMBAT_LOG] {"ts":1770377581429,"event":"DECISION","unit":"enemy_goblin","action":"Attack","target":"player_rogue","score":1.0708836}
[RealtimeAIController] Goblin Skirmisher -> Attack (#1) score:1.07
[CombatArena] ExecuteAbility: enemy_goblin -> basic_attack -> player_rogue
[CombatArena] [STATE] AIDecision -> ActionExecution
[RealtimeAIController] State: AIDecision -> ActionExecution
[CombatArena] Goblin Skirmisher used basic_attack on Rogue: damage:10
[CombatArena] ClearSelection called
[AutoBattlerManager] Action: enemy_goblin -> Attack:basic_attack->player_rogue (OK)
[CombatArena] [STATE] ActionExecution -> AIDecision
[RealtimeAIController] State: ActionExecution -> AIDecision
[COMBAT_LOG] {"ts":1770377582025,"event":"DECISION","unit":"enemy_goblin","action":"Move","target":"(22, 0, 18)","score":0.6579573}
[RealtimeAIController] Goblin Skirmisher -> Move (#2) score:0.66
[CombatArena] ExecuteMovement: enemy_goblin -> (22, 0, 18)
[CombatArena] [STATE] AIDecision -> ActionExecution
[RealtimeAIController] State: AIDecision -> ActionExecution
[CombatArena] Goblin Skirmisher moved from (7, 0, 3) to (22, 0, 18), distance: 21.2
[CombatArena] [STATE] ActionExecution -> AIDecision
[RealtimeAIController] State: ActionExecution -> AIDecision
[AutoBattlerManager] Action: enemy_goblin -> Move to (22, 0, 18) (OK)
[COMBAT_LOG] {"ts":1770377582135,"event":"DECISION","unit":"enemy_goblin","action":"Move","target":"(26.393398, 0, 18)","score":0.65365857}
[RealtimeAIController] Goblin Skirmisher -> Move (#3) score:0.65
[CombatArena] ExecuteMovement: enemy_goblin -> (26.393398, 0, 18)
[CombatArena] [STATE] AIDecision -> ActionExecution
[RealtimeAIController] State: AIDecision -> ActionExecution
[CombatArena] Goblin Skirmisher moved from (22, 0, 18) to (26.393398, 0, 18), distance: 4.4
[CombatArena] [STATE] ActionExecution -> AIDecision
[RealtimeAIController] State: ActionExecution -> AIDecision
[AutoBattlerManager] Action: enemy_goblin -> Move to (26.393398, 0, 18) (OK)
[COMBAT_LOG] {"ts":1770377582244,"event":"DECISION","unit":"enemy_goblin","action":"Move","target":"(26.393398, 0, 20.1967)","score":0.6573393}
[RealtimeAIController] Goblin Skirmisher -> Move (#4) score:0.66
[CombatArena] ExecuteMovement: enemy_goblin -> (26.393398, 0, 20.1967)
[CombatArena] [STATE] AIDecision -> ActionExecution
[RealtimeAIController] State: AIDecision -> ActionExecution
[CombatArena] Goblin Skirmisher moved from (26.393398, 0, 18) to (26.393398, 0, 20.1967), distance: 2.2
[CombatArena] [STATE] ActionExecution -> AIDecision
[RealtimeAIController] State: ActionExecution -> AIDecision
[AutoBattlerManager] Action: enemy_goblin -> Move to (26.393398, 0, 20.1967) (OK)
[COMBAT_LOG] {"ts":1770377582354,"event":"DECISION","unit":"enemy_goblin","action":"Move","target":"(25.295048, 0, 21.295048)","score":0.6578588}
[RealtimeAIController] Goblin Skirmisher -> Move (#5) score:0.66
[CombatArena] ExecuteMovement: enemy_goblin -> (25.295048, 0, 21.295048)
[CombatArena] [STATE] AIDecision -> ActionExecution
[RealtimeAIController] State: AIDecision -> ActionExecution
[CombatArena] Goblin Skirmisher moved from (26.393398, 0, 20.1967) to (25.295048, 0, 21.295048), distance: 1.6
[CombatArena] [STATE] ActionExecution -> AIDecision
[RealtimeAIController] State: ActionExecution -> AIDecision
[AutoBattlerManager] Action: enemy_goblin -> Move to (25.295048, 0, 21.295048) (OK)
[COMBAT_LOG] {"ts":1770377582464,"event":"DECISION","unit":"enemy_goblin","action":"Move","target":"(24.973349, 0, 21.295048)","score":0.65651095}
[RealtimeAIController] Goblin Skirmisher -> Move (#6) score:0.66
[CombatArena] ExecuteMovement: enemy_goblin -> (24.973349, 0, 21.295048)
[CombatArena] [STATE] AIDecision -> ActionExecution
[RealtimeAIController] State: AIDecision -> ActionExecution
[CombatArena] Goblin Skirmisher moved from (25.295048, 0, 21.295048) to (24.973349, 0, 21.295048), distance: 0.3
[CombatArena] [STATE] ActionExecution -> AIDecision
[RealtimeAIController] State: ActionExecution -> AIDecision
[AutoBattlerManager] Action: enemy_goblin -> Move to (24.973349, 0, 21.295048) (OK)
[COMBAT_LOG] {"ts":1770377582574,"event":"DECISION","unit":"enemy_goblin","action":"Move","target":"(24.8125, 0, 21.295048)","score":0.6432329}
[RealtimeAIController] Goblin Skirmisher -> Move (#7) score:0.64
[CombatArena] ExecuteMovement: enemy_goblin -> (24.8125, 0, 21.295048)
[CombatArena] [STATE] AIDecision -> ActionExecution
[RealtimeAIController] State: AIDecision -> ActionExecution
[CombatArena] Goblin Skirmisher moved from (24.973349, 0, 21.295048) to (24.8125, 0, 21.295048), distance: 0.2
[CombatArena] [STATE] ActionExecution -> AIDecision
[RealtimeAIController] State: ActionExecution -> AIDecision
[AutoBattlerManager] Action: enemy_goblin -> Move to (24.8125, 0, 21.295048) (OK)
[COMBAT_LOG] {"ts":1770377582684,"event":"DECISION","unit":"enemy_goblin","action":"Move","target":"(24.8125, 0, 21.134197)","score":0.65214455}
[RealtimeAIController] Goblin Skirmisher -> Move (#8) score:0.65
[CombatArena] ExecuteMovement: enemy_goblin -> (24.8125, 0, 21.134197)
[CombatArena] [STATE] AIDecision -> ActionExecution
[RealtimeAIController] State: AIDecision -> ActionExecution
[CombatArena] Goblin Skirmisher moved from (24.8125, 0, 21.295048) to (24.8125, 0, 21.134197), distance: 0.2
[CombatArena] [STATE] ActionExecution -> AIDecision
[RealtimeAIController] State: ActionExecution -> AIDecision
[AutoBattlerManager] Action: enemy_goblin -> Move to (24.8125, 0, 21.134197) (OK)
[COMBAT_LOG] {"ts":1770377582793,"event":"DECISION","unit":"enemy_goblin","action":"EndTurn","score":0.10960839}
[RealtimeAIController] Goblin Skirmisher -> EndTurn (#9) score:0.11
[RealtimeAIController] Calling EndCurrentTurn()
[CombatArena] [STATE] AIDecision -> TurnEnd
[RealtimeAIController] State: AIDecision -> TurnEnd
[CombatArena] [TURN] Round 1, Fighter
[CombatArena] [STATE] TurnEnd -> TurnStart
[RealtimeAIController] State: TurnEnd -> TurnStart
[CombatArena] [STATE] TurnStart -> PlayerDecision
[RealtimeAIController] State: TurnStart -> PlayerDecision
[CombatArena] Camera focusing on Fighter via hooks
[CombatArena] SelectCombatant called: player_fighter
[CombatArena] Selected: player_fighter
[CombatArena] Turn started: Fighter (Player)
[COMBAT_LOG] {"ts":1770377582800,"event":"TURN_START","turn":3,"round":1,"unit":"player_fighter","unit_name":"Fighter","faction":"Player","hp":52,"max_hp":52,"ap":"Action | Bonus | Reaction | Move:30/30","pos":[0,0,0]}
[RealtimeAIController] Turn started for Fighter
[COMBAT_LOG] {"ts":1770377582800,"event":"DECISION","unit":"player_fighter","action":"Attack","target":"enemy_goblin","score":0.6980693}
[RealtimeAIController] Fighter -> Attack (#1) score:0.70
[CombatArena] ExecuteAbility: player_fighter -> basic_attack -> enemy_goblin
[CombatArena] [STATE] PlayerDecision -> ActionExecution
[RealtimeAIController] State: PlayerDecision -> ActionExecution
[CombatArena] Fighter used basic_attack on Goblin Skirmisher: damage:5
[CombatArena] ClearSelection called
[AutoBattlerManager] Action: player_fighter -> Attack:basic_attack->enemy_goblin (OK)
[CombatArena] [STATE] ActionExecution -> PlayerDecision
[RealtimeAIController] State: ActionExecution -> PlayerDecision
[COMBAT_LOG] {"ts":1770377583396,"event":"DECISION","unit":"player_fighter","action":"Move","target":"(0, 0, 30)","score":0.65400976}
[RealtimeAIController] Fighter -> Move (#2) score:0.65
[CombatArena] ExecuteMovement: player_fighter -> (0, 0, 30)
[CombatArena] [STATE] PlayerDecision -> ActionExecution
[RealtimeAIController] State: PlayerDecision -> ActionExecution
[CombatArena] Fighter moved from (0, 0, 0) to (0, 0, 30), distance: 30.0
[CombatArena] [STATE] ActionExecution -> PlayerDecision
[RealtimeAIController] State: ActionExecution -> PlayerDecision
[AutoBattlerManager] Action: player_fighter -> Move to (0, 0, 30) (OK)
[COMBAT_LOG] {"ts":1770377583506,"event":"DECISION","unit":"player_fighter","action":"EndTurn","score":0.104521446}
[RealtimeAIController] Fighter -> EndTurn (#3) score:0.10
[RealtimeAIController] Calling EndCurrentTurn()
[CombatArena] [STATE] PlayerDecision -> TurnEnd
[RealtimeAIController] State: PlayerDecision -> TurnEnd
[CombatArena] [TURN] Round 1, Orc Archer
[CombatArena] [STATE] TurnEnd -> TurnStart
[RealtimeAIController] State: TurnEnd -> TurnStart
[CombatArena] [STATE] TurnStart -> AIDecision
[RealtimeAIController] State: TurnStart -> AIDecision
[CombatArena] Camera focusing on Orc Archer via hooks
[CombatArena] SelectCombatant called: enemy_orc_archer
[CombatArena] Selected: enemy_orc_archer
[CombatArena] Turn started: Orc Archer (AI)
[COMBAT_LOG] {"ts":1770377583513,"event":"TURN_START","turn":4,"round":1,"unit":"enemy_orc_archer","unit_name":"Orc Archer","faction":"Hostile","hp":30,"max_hp":30,"ap":"Action | Bonus | Reaction | Move:30/30","pos":[10,0,2]}
[RealtimeAIController] Turn started for Orc Archer
[COMBAT_LOG] {"ts":1770377583513,"event":"DECISION","unit":"enemy_orc_archer","action":"Move","target":"(-5, 0, 2)","score":1.2339926}
[RealtimeAIController] Orc Archer -> Move (#1) score:1.23
[CombatArena] ExecuteMovement: enemy_orc_archer -> (-5, 0, 2)
[CombatArena] [STATE] AIDecision -> ActionExecution
[RealtimeAIController] State: AIDecision -> ActionExecution
[CombatArena] Orc Archer moved from (10, 0, 2) to (-5, 0, 2), distance: 15.0
[CombatArena] [STATE] ActionExecution -> AIDecision
[RealtimeAIController] State: ActionExecution -> AIDecision
[AutoBattlerManager] Action: enemy_orc_archer -> Move to (-5, 0, 2) (OK)
[COMBAT_LOG] {"ts":1770377583623,"event":"DECISION","unit":"enemy_orc_archer","action":"Move","target":"(2.5, 0, -5.5)","score":1.2955959}
[RealtimeAIController] Orc Archer -> Move (#2) score:1.30
[CombatArena] ExecuteMovement: enemy_orc_archer -> (2.5, 0, -5.5)
[CombatArena] [STATE] AIDecision -> ActionExecution
[RealtimeAIController] State: AIDecision -> ActionExecution
[CombatArena] Orc Archer moved from (-5, 0, 2) to (2.5, 0, -5.5), distance: 10.6
[CombatArena] [STATE] ActionExecution -> AIDecision
[RealtimeAIController] State: ActionExecution -> AIDecision
[AutoBattlerManager] Action: enemy_orc_archer -> Move to (2.5, 0, -5.5) (OK)
[COMBAT_LOG] {"ts":1770377583732,"event":"DECISION","unit":"enemy_orc_archer","action":"Move","target":"(0.30330086, 0, -3.3033009)","score":1.3194804}
[RealtimeAIController] Orc Archer -> Move (#3) score:1.32
[CombatArena] ExecuteMovement: enemy_orc_archer -> (0.30330086, 0, -3.3033009)
[CombatArena] [STATE] AIDecision -> ActionExecution
[RealtimeAIController] State: AIDecision -> ActionExecution
[CombatArena] Orc Archer moved from (2.5, 0, -5.5) to (0.30330086, 0, -3.3033009), distance: 3.1
[CombatArena] [STATE] ActionExecution -> AIDecision
[RealtimeAIController] State: ActionExecution -> AIDecision
[AutoBattlerManager] Action: enemy_orc_archer -> Move to (0.30330086, 0, -3.3033009) (OK)
[COMBAT_LOG] {"ts":1770377583842,"event":"DECISION","unit":"enemy_orc_archer","action":"Dash","score":3.2764077}
[RealtimeAIController] Orc Archer -> Dash (#4) score:3.28
[AutoBattlerManager] Action: enemy_orc_archer -> Dash (OK)
[COMBAT_LOG] {"ts":1770377583951,"event":"DECISION","unit":"enemy_orc_archer","action":"Move","target":"(0.30330086, 0, 27.983496)","score":1.270016}
[RealtimeAIController] Orc Archer -> Move (#5) score:1.27
[CombatArena] ExecuteMovement: enemy_orc_archer -> (0.30330086, 0, 27.983496)
[CombatArena] [STATE] AIDecision -> ActionExecution
[RealtimeAIController] State: AIDecision -> ActionExecution
[CombatArena] Orc Archer moved from (0.30330086, 0, -3.3033009) to (0.30330086, 0, 27.983496), distance: 31.3
[CombatArena] [STATE] ActionExecution -> AIDecision
[RealtimeAIController] State: ActionExecution -> AIDecision
[AutoBattlerManager] Action: enemy_orc_archer -> Move to (0.30330086, 0, 27.983496) (OK)
[COMBAT_LOG] {"ts":1770377584061,"event":"DECISION","unit":"enemy_orc_archer","action":"EndTurn","score":0.10871482}
[RealtimeAIController] Orc Archer -> EndTurn (#6) score:0.11
[RealtimeAIController] Calling EndCurrentTurn()
[CombatArena] [STATE] AIDecision -> TurnEnd
[RealtimeAIController] State: AIDecision -> TurnEnd
[CombatArena] [TURN] Round 1, Goblin Shaman
[CombatArena] [STATE] TurnEnd -> TurnStart
[RealtimeAIController] State: TurnEnd -> TurnStart
[CombatArena] [STATE] TurnStart -> AIDecision
[RealtimeAIController] State: TurnStart -> AIDecision
[CombatArena] Camera focusing on Goblin Shaman via hooks
[CombatArena] SelectCombatant called: enemy_shaman
[CombatArena] Selected: enemy_shaman
[CombatArena] Turn started: Goblin Shaman (AI)
[COMBAT_LOG] {"ts":1770377584068,"event":"TURN_START","turn":5,"round":1,"unit":"enemy_shaman","unit_name":"Goblin Shaman","faction":"Hostile","hp":22,"max_hp":28,"ap":"Action | Bonus | Reaction | Move:30/30","pos":[10,0,-1]}
[RealtimeAIController] Turn started for Goblin Shaman
[COMBAT_LOG] {"ts":1770377584068,"event":"DECISION","unit":"enemy_shaman","action":"Move","target":"(-5, 0, -1)","score":1.280847}
[RealtimeAIController] Goblin Shaman -> Move (#1) score:1.28
[CombatArena] ExecuteMovement: enemy_shaman -> (-5, 0, -1)
[CombatArena] [STATE] AIDecision -> ActionExecution
[RealtimeAIController] State: AIDecision -> ActionExecution
[CombatArena] Goblin Shaman moved from (10, 0, -1) to (-5, 0, -1), distance: 15.0
[CombatArena] [STATE] ActionExecution -> AIDecision
[RealtimeAIController] State: ActionExecution -> AIDecision
[AutoBattlerManager] Action: enemy_shaman -> Move to (-5, 0, -1) (OK)
[COMBAT_LOG] {"ts":1770377584178,"event":"DECISION","unit":"enemy_shaman","action":"Move","target":"(2.5, 0, -1)","score":1.2219989}
[RealtimeAIController] Goblin Shaman -> Move (#2) score:1.22
[CombatArena] ExecuteMovement: enemy_shaman -> (2.5, 0, -1)
[CombatArena] [STATE] AIDecision -> ActionExecution
[RealtimeAIController] State: AIDecision -> ActionExecution
[CombatArena] Goblin Shaman moved from (-5, 0, -1) to (2.5, 0, -1), distance: 7.5
[CombatArena] [STATE] ActionExecution -> AIDecision
[RealtimeAIController] State: ActionExecution -> AIDecision
[AutoBattlerManager] Action: enemy_shaman -> Move to (2.5, 0, -1) (OK)
[COMBAT_LOG] {"ts":1770377584287,"event":"DECISION","unit":"enemy_shaman","action":"Move","target":"(-1.25, 0, -4.75)","score":1.3132522}
[RealtimeAIController] Goblin Shaman -> Move (#3) score:1.31
[CombatArena] ExecuteMovement: enemy_shaman -> (-1.25, 0, -4.75)
[CombatArena] [STATE] AIDecision -> ActionExecution
[RealtimeAIController] State: AIDecision -> ActionExecution
[CombatArena] Goblin Shaman moved from (2.5, 0, -1) to (-1.25, 0, -4.75), distance: 5.3
[CombatArena] [STATE] ActionExecution -> AIDecision
[RealtimeAIController] State: ActionExecution -> AIDecision
[AutoBattlerManager] Action: enemy_shaman -> Move to (-1.25, 0, -4.75) (OK)
[COMBAT_LOG] {"ts":1770377584397,"event":"DECISION","unit":"enemy_shaman","action":"Move","target":"(-1.25, 0, -2.5533009)","score":1.3102163}
[RealtimeAIController] Goblin Shaman -> Move (#4) score:1.31
[CombatArena] ExecuteMovement: enemy_shaman -> (-1.25, 0, -2.5533009)
[CombatArena] [STATE] AIDecision -> ActionExecution
[RealtimeAIController] State: AIDecision -> ActionExecution
[CombatArena] Goblin Shaman moved from (-1.25, 0, -4.75) to (-1.25, 0, -2.5533009), distance: 2.2
[CombatArena] [STATE] ActionExecution -> AIDecision
[RealtimeAIController] State: ActionExecution -> AIDecision
[AutoBattlerManager] Action: enemy_shaman -> Move to (-1.25, 0, -2.5533009) (OK)
[COMBAT_LOG] {"ts":1770377584507,"event":"DECISION","unit":"enemy_shaman","action":"Dash","score":3.251878}
[RealtimeAIController] Goblin Shaman -> Dash (#5) score:3.25
[AutoBattlerManager] Action: enemy_shaman -> Dash (OK)
[COMBAT_LOG] {"ts":1770377584616,"event":"DECISION","unit":"enemy_shaman","action":"Move","target":"(-1.25, 0, 27.4467)","score":1.221752}
[RealtimeAIController] Goblin Shaman -> Move (#6) score:1.22
[CombatArena] ExecuteMovement: enemy_shaman -> (-1.25, 0, 27.4467)
[CombatArena] [STATE] AIDecision -> ActionExecution
[RealtimeAIController] State: AIDecision -> ActionExecution
[CombatArena] Goblin Shaman moved from (-1.25, 0, -2.5533009) to (-1.25, 0, 27.4467), distance: 30.0
[CombatArena] [STATE] ActionExecution -> AIDecision
[RealtimeAIController] State: ActionExecution -> AIDecision
[AutoBattlerManager] Action: enemy_shaman -> Move to (-1.25, 0, 27.4467) (OK)
[COMBAT_LOG] {"ts":1770377584726,"event":"DECISION","unit":"enemy_shaman","action":"EndTurn","score":0.10597881}
[RealtimeAIController] Goblin Shaman -> EndTurn (#7) score:0.11
[RealtimeAIController] Calling EndCurrentTurn()
[CombatArena] [STATE] AIDecision -> TurnEnd
[RealtimeAIController] State: AIDecision -> TurnEnd
[CombatArena] [TURN] Round 1, Mage
[CombatArena] [STATE] TurnEnd -> TurnStart
[RealtimeAIController] State: TurnEnd -> TurnStart
[CombatArena] [STATE] TurnStart -> PlayerDecision
[RealtimeAIController] State: TurnStart -> PlayerDecision
[CombatArena] Camera focusing on Mage via hooks
[CombatArena] SelectCombatant called: player_mage
[CombatArena] Selected: player_mage
[CombatArena] Turn started: Mage (Player)
[COMBAT_LOG] {"ts":1770377584733,"event":"TURN_START","turn":6,"round":1,"unit":"player_mage","unit_name":"Mage","faction":"Player","hp":32,"max_hp":32,"ap":"Action | Bonus | Reaction | Move:30/30","pos":[-3,0,-1]}
[RealtimeAIController] Turn started for Mage
[COMBAT_LOG] {"ts":1770377584733,"event":"DECISION","unit":"player_mage","action":"Move","target":"(12, 0, -1)","score":1.2948067}
[RealtimeAIController] Mage -> Move (#1) score:1.29
[CombatArena] ExecuteMovement: player_mage -> (12, 0, -1)
[CombatArena] [STATE] PlayerDecision -> ActionExecution
[RealtimeAIController] State: PlayerDecision -> ActionExecution
[CombatArena] Mage moved from (-3, 0, -1) to (12, 0, -1), distance: 15.0
[CombatArena] [STATE] ActionExecution -> PlayerDecision
[RealtimeAIController] State: ActionExecution -> PlayerDecision
[AutoBattlerManager] Action: player_mage -> Move to (12, 0, -1) (OK)
[COMBAT_LOG] {"ts":1770377584843,"event":"DECISION","unit":"player_mage","action":"Move","target":"(4.5, 0, -1)","score":1.2811681}
[RealtimeAIController] Mage -> Move (#2) score:1.28
[CombatArena] ExecuteMovement: player_mage -> (4.5, 0, -1)
[CombatArena] [STATE] PlayerDecision -> ActionExecution
[RealtimeAIController] State: PlayerDecision -> ActionExecution
[CombatArena] Mage moved from (12, 0, -1) to (4.5, 0, -1), distance: 7.5
[CombatArena] [STATE] ActionExecution -> PlayerDecision
[RealtimeAIController] State: ActionExecution -> PlayerDecision
[AutoBattlerManager] Action: player_mage -> Move to (4.5, 0, -1) (OK)
[COMBAT_LOG] {"ts":1770377584952,"event":"DECISION","unit":"player_mage","action":"Move","target":"(8.25, 0, 2.75)","score":1.2764083}
[RealtimeAIController] Mage -> Move (#3) score:1.28
[CombatArena] ExecuteMovement: player_mage -> (8.25, 0, 2.75)
[CombatArena] [STATE] PlayerDecision -> ActionExecution
[RealtimeAIController] State: PlayerDecision -> ActionExecution
[CombatArena] Mage moved from (4.5, 0, -1) to (8.25, 0, 2.75), distance: 5.3
[CombatArena] [STATE] ActionExecution -> PlayerDecision
[RealtimeAIController] State: ActionExecution -> PlayerDecision
[AutoBattlerManager] Action: player_mage -> Move to (8.25, 0, 2.75) (OK)
[COMBAT_LOG] {"ts":1770377585062,"event":"DECISION","unit":"player_mage","action":"Dash","score":3.0425606}
[RealtimeAIController] Mage -> Dash (#4) score:3.04
[AutoBattlerManager] Action: player_mage -> Dash (OK)
[COMBAT_LOG] {"ts":1770377585172,"event":"DECISION","unit":"player_mage","action":"Move","target":"(24.34835, 0, 18.84835)","score":1.2659533}
[RealtimeAIController] Mage -> Move (#5) score:1.27
[CombatArena] ExecuteMovement: player_mage -> (24.34835, 0, 18.84835)
[CombatArena] [STATE] PlayerDecision -> ActionExecution
[RealtimeAIController] State: PlayerDecision -> ActionExecution
[CombatArena] Mage moved from (8.25, 0, 2.75) to (24.34835, 0, 18.84835), distance: 22.8
[CombatArena] [STATE] ActionExecution -> PlayerDecision
[RealtimeAIController] State: ActionExecution -> PlayerDecision
[AutoBattlerManager] Action: player_mage -> Move to (24.34835, 0, 18.84835) (OK)
[COMBAT_LOG] {"ts":1770377585281,"event":"DECISION","unit":"player_mage","action":"Move","target":"(24.34835, 0, 23.563448)","score":1.2480463}
[RealtimeAIController] Mage -> Move (#6) score:1.25
[CombatArena] ExecuteMovement: player_mage -> (24.34835, 0, 23.563448)
[CombatArena] [STATE] PlayerDecision -> ActionExecution
[RealtimeAIController] State: PlayerDecision -> ActionExecution
[CombatArena] Mage moved from (24.34835, 0, 18.84835) to (24.34835, 0, 23.563448), distance: 4.7
[CombatArena] [STATE] ActionExecution -> PlayerDecision
[RealtimeAIController] State: ActionExecution -> PlayerDecision
[AutoBattlerManager] Action: player_mage -> Move to (24.34835, 0, 23.563448) (OK)
[COMBAT_LOG] {"ts":1770377585391,"event":"DECISION","unit":"player_mage","action":"Move","target":"(24.34835, 0, 21.205898)","score":1.3085601}
[RealtimeAIController] Mage -> Move (#7) score:1.31
[CombatArena] ExecuteMovement: player_mage -> (24.34835, 0, 21.205898)
[CombatArena] [STATE] PlayerDecision -> ActionExecution
[RealtimeAIController] State: PlayerDecision -> ActionExecution
[CombatArena] Mage moved from (24.34835, 0, 23.563448) to (24.34835, 0, 21.205898), distance: 2.4
[CombatArena] [STATE] ActionExecution -> PlayerDecision
[RealtimeAIController] State: ActionExecution -> PlayerDecision
[AutoBattlerManager] Action: player_mage -> Move to (24.34835, 0, 21.205898) (OK)
[COMBAT_LOG] {"ts":1770377585501,"event":"DECISION","unit":"player_mage","action":"Move","target":"(21.990803, 0, 21.205898)","score":1.3033625}
[RealtimeAIController] Mage -> Move (#8) score:1.30
[CombatArena] ExecuteMovement: player_mage -> (21.990803, 0, 21.205898)
[CombatArena] [STATE] PlayerDecision -> ActionExecution
[RealtimeAIController] State: PlayerDecision -> ActionExecution
[CombatArena] Mage moved from (24.34835, 0, 21.205898) to (21.990803, 0, 21.205898), distance: 2.4
[CombatArena] [STATE] ActionExecution -> PlayerDecision
[RealtimeAIController] State: ActionExecution -> PlayerDecision
[AutoBattlerManager] Action: player_mage -> Move to (21.990803, 0, 21.205898) (OK)
[COMBAT_LOG] {"ts":1770377585610,"event":"DECISION","unit":"player_mage","action":"EndTurn","score":0.102735706}
[RealtimeAIController] Mage -> EndTurn (#9) score:0.10
[RealtimeAIController] Calling EndCurrentTurn()
[CombatArena] [STATE] PlayerDecision -> TurnEnd
[RealtimeAIController] State: PlayerDecision -> TurnEnd
[CombatArena] [TURN] Round 1, Orc Brute
[CombatArena] [STATE] TurnEnd -> TurnStart
[RealtimeAIController] State: TurnEnd -> TurnStart
[CombatArena] [STATE] TurnStart -> AIDecision
[RealtimeAIController] State: TurnStart -> AIDecision
[CombatArena] Camera focusing on Orc Brute via hooks
[CombatArena] SelectCombatant called: enemy_orc_brute
[CombatArena] Selected: enemy_orc_brute
[CombatArena] Turn started: Orc Brute (AI)
[COMBAT_LOG] {"ts":1770377585617,"event":"TURN_START","turn":7,"round":1,"unit":"enemy_orc_brute","unit_name":"Orc Brute","faction":"Hostile","hp":48,"max_hp":48,"ap":"Action | Bonus | Reaction | Move:30/30","pos":[8,0,0]}
[RealtimeAIController] Turn started for Orc Brute
[COMBAT_LOG] {"ts":1770377585618,"event":"DECISION","unit":"enemy_orc_brute","action":"Attack","target":"player_fighter","score":1.0698107}
[RealtimeAIController] Orc Brute -> Attack (#1) score:1.07
[CombatArena] ExecuteAbility: enemy_orc_brute -> basic_attack -> player_fighter
[CombatArena] [STATE] AIDecision -> ActionExecution
[RealtimeAIController] State: AIDecision -> ActionExecution
[CombatArena] Orc Brute used basic_attack on Fighter: damage:10
[CombatArena] ClearSelection called
[AutoBattlerManager] Action: enemy_orc_brute -> Attack:basic_attack->player_fighter (OK)
[CombatArena] [STATE] ActionExecution -> AIDecision
[RealtimeAIController] State: ActionExecution -> AIDecision
[COMBAT_LOG] {"ts":1770377586221,"event":"DECISION","unit":"enemy_orc_brute","action":"Move","target":"(-7, 0, -15)","score":0.65201133}
[RealtimeAIController] Orc Brute -> Move (#2) score:0.65
[CombatArena] ExecuteMovement: enemy_orc_brute -> (-7, 0, -15)
[CombatArena] [STATE] AIDecision -> ActionExecution
[RealtimeAIController] State: AIDecision -> ActionExecution
[CombatArena] Orc Brute moved from (8, 0, 0) to (-7, 0, -15), distance: 21.2
[CombatArena] [STATE] ActionExecution -> AIDecision
[RealtimeAIController] State: ActionExecution -> AIDecision
[AutoBattlerManager] Action: enemy_orc_brute -> Move to (-7, 0, -15) (OK)
[COMBAT_LOG] {"ts":1770377586330,"event":"DECISION","unit":"enemy_orc_brute","action":"Move","target":"(-15.786797, 0, -15)","score":0.6565305}
[RealtimeAIController] Orc Brute -> Move (#3) score:0.66
[CombatArena] ExecuteMovement: enemy_orc_brute -> (-15.786797, 0, -15)
[CombatArena] [STATE] AIDecision -> ActionExecution
[RealtimeAIController] State: AIDecision -> ActionExecution
[CombatArena] Orc Brute moved from (-7, 0, -15) to (-15.786797, 0, -15), distance: 8.8
[CombatArena] [STATE] ActionExecution -> AIDecision
[RealtimeAIController] State: ActionExecution -> AIDecision
[AutoBattlerManager] Action: enemy_orc_brute -> Move to (-15.786797, 0, -15) (OK)
[COMBAT_LOG] {"ts":1770377586440,"event":"DECISION","unit":"enemy_orc_brute","action":"EndTurn","score":0.10215266}
[RealtimeAIController] Orc Brute -> EndTurn (#4) score:0.10
[RealtimeAIController] Calling EndCurrentTurn()
[CombatArena] [STATE] AIDecision -> TurnEnd
[RealtimeAIController] State: AIDecision -> TurnEnd
[CombatArena] [TURN] Round 1, Cleric
[CombatArena] [STATE] TurnEnd -> TurnStart
[RealtimeAIController] State: TurnEnd -> TurnStart
[CombatArena] [STATE] TurnStart -> PlayerDecision
[RealtimeAIController] State: TurnStart -> PlayerDecision
[CombatArena] Camera focusing on Cleric via hooks
[CombatArena] SelectCombatant called: player_cleric
[CombatArena] Selected: player_cleric
[CombatArena] Turn started: Cleric (Player)
[COMBAT_LOG] {"ts":1770377586447,"event":"TURN_START","turn":8,"round":1,"unit":"player_cleric","unit_name":"Cleric","faction":"Player","hp":44,"max_hp":44,"ap":"Action | Bonus | Reaction | Move:30/30","pos":[-1,0,-3]}
[RealtimeAIController] Turn started for Cleric
[COMBAT_LOG] {"ts":1770377586447,"event":"DECISION","unit":"player_cleric","action":"Move","target":"(-1, 0, 27)","score":1.2956717}
[RealtimeAIController] Cleric -> Move (#1) score:1.30
[CombatArena] ExecuteMovement: player_cleric -> (-1, 0, 27)
[CombatArena] [STATE] PlayerDecision -> ActionExecution
[RealtimeAIController] State: PlayerDecision -> ActionExecution
[CombatArena] Cleric moved from (-1, 0, -3) to (-1, 0, 27), distance: 30.0
[CombatArena] [STATE] ActionExecution -> PlayerDecision
[RealtimeAIController] State: ActionExecution -> PlayerDecision
[AutoBattlerManager] Action: player_cleric -> Move to (-1, 0, 27) (OK)
[COMBAT_LOG] {"ts":1770377586556,"event":"DECISION","unit":"player_cleric","action":"Dash","score":3.280318}
[RealtimeAIController] Cleric -> Dash (#2) score:3.28
[AutoBattlerManager] Action: player_cleric -> Dash (OK)
[COMBAT_LOG] {"ts":1770377586666,"event":"DECISION","unit":"player_cleric","action":"Move","target":"(-1, 0, 42)","score":0.6549287}
[RealtimeAIController] Cleric -> Move (#3) score:0.65
[CombatArena] ExecuteMovement: player_cleric -> (-1, 0, 42)
[CombatArena] [STATE] PlayerDecision -> ActionExecution
[RealtimeAIController] State: PlayerDecision -> ActionExecution
[CombatArena] Cleric moved from (-1, 0, 27) to (-1, 0, 42), distance: 15.0
[CombatArena] [STATE] ActionExecution -> PlayerDecision
[RealtimeAIController] State: ActionExecution -> PlayerDecision
[AutoBattlerManager] Action: player_cleric -> Move to (-1, 0, 42) (OK)
[COMBAT_LOG] {"ts":1770377586776,"event":"DECISION","unit":"player_cleric","action":"Move","target":"(-1, 0, 27)","score":1.307173}
[RealtimeAIController] Cleric -> Move (#4) score:1.31
[CombatArena] ExecuteMovement: player_cleric -> (-1, 0, 27)
[CombatArena] [STATE] PlayerDecision -> ActionExecution
[RealtimeAIController] State: PlayerDecision -> ActionExecution
[CombatArena] Cleric moved from (-1, 0, 42) to (-1, 0, 27), distance: 15.0
[CombatArena] [STATE] ActionExecution -> PlayerDecision
[RealtimeAIController] State: ActionExecution -> PlayerDecision
[AutoBattlerManager] Action: player_cleric -> Move to (-1, 0, 27) (OK)
[COMBAT_LOG] {"ts":1770377586885,"event":"DECISION","unit":"player_cleric","action":"EndTurn","score":0.10327105}
[RealtimeAIController] Cleric -> EndTurn (#5) score:0.10
[RealtimeAIController] Calling EndCurrentTurn()
[CombatArena] [STATE] PlayerDecision -> TurnEnd
[RealtimeAIController] State: PlayerDecision -> TurnEnd
[CombatArena] [TURN] Round 2, Rogue
[CombatArena] [STATE] TurnEnd -> RoundEnd
[RealtimeAIController] State: TurnEnd -> RoundEnd
[CombatArena] [STATE] RoundEnd -> TurnStart
[RealtimeAIController] State: RoundEnd -> TurnStart
[CombatArena] Round 2: Reset reactions for all combatants
[CombatArena] [STATE] TurnStart -> PlayerDecision
[RealtimeAIController] State: TurnStart -> PlayerDecision
[CombatArena] Camera focusing on Rogue via hooks
[CombatArena] SelectCombatant called: player_rogue
[CombatArena] Selected: player_rogue
[CombatArena] Turn started: Rogue (Player)
[COMBAT_LOG] {"ts":1770377586893,"event":"TURN_START","turn":9,"round":2,"unit":"player_rogue","unit_name":"Rogue","faction":"Player","hp":26,"max_hp":36,"ap":"Action | Bonus | Reaction | Move:30/30","pos":[2,0,28]}
[RealtimeAIController] Turn started for Rogue
[COMBAT_LOG] {"ts":1770377586893,"event":"DECISION","unit":"player_rogue","action":"Attack","target":"enemy_goblin","score":0.70733964}
[RealtimeAIController] Rogue -> Attack (#1) score:0.71
[CombatArena] ExecuteAbility: player_rogue -> basic_attack -> enemy_goblin
[CombatArena] [STATE] PlayerDecision -> ActionExecution
[RealtimeAIController] State: PlayerDecision -> ActionExecution
[CombatArena] Rogue used basic_attack on Goblin Skirmisher: damage:5
[CombatArena] ClearSelection called
[AutoBattlerManager] Action: player_rogue -> Attack:basic_attack->enemy_goblin (OK)
[CombatArena] [STATE] ActionExecution -> PlayerDecision
[RealtimeAIController] State: ActionExecution -> PlayerDecision
[COMBAT_LOG] {"ts":1770377587510,"event":"DECISION","unit":"player_rogue","action":"Move","target":"(-13, 0, 28)","score":0.656198}
[RealtimeAIController] Rogue -> Move (#2) score:0.66
[CombatArena] ExecuteMovement: player_rogue -> (-13, 0, 28)
[CombatArena] [STATE] PlayerDecision -> ActionExecution
[RealtimeAIController] State: PlayerDecision -> ActionExecution
[CombatArena] Rogue moved from (2, 0, 28) to (-13, 0, 28), distance: 15.0
[CombatArena] [STATE] ActionExecution -> PlayerDecision
[RealtimeAIController] State: ActionExecution -> PlayerDecision
[AutoBattlerManager] Action: player_rogue -> Move to (-13, 0, 28) (OK)
[COMBAT_LOG] {"ts":1770377587623,"event":"DECISION","unit":"player_rogue","action":"Move","target":"(2, 0, 28)","score":1.2221366}
[RealtimeAIController] Rogue -> Move (#3) score:1.22
[CombatArena] ExecuteMovement: player_rogue -> (2, 0, 28)
[CombatArena] [STATE] PlayerDecision -> ActionExecution
[RealtimeAIController] State: PlayerDecision -> ActionExecution
[CombatArena] Rogue moved from (-13, 0, 28) to (2, 0, 28), distance: 15.0
[CombatArena] [STATE] ActionExecution -> PlayerDecision
[RealtimeAIController] State: ActionExecution -> PlayerDecision
[AutoBattlerManager] Action: player_rogue -> Move to (2, 0, 28) (OK)
[COMBAT_LOG] {"ts":1770377587735,"event":"DECISION","unit":"player_rogue","action":"EndTurn","score":0.10882672}
[RealtimeAIController] Rogue -> EndTurn (#4) score:0.11
[RealtimeAIController] Calling EndCurrentTurn()
[CombatArena] [STATE] PlayerDecision -> TurnEnd
[RealtimeAIController] State: PlayerDecision -> TurnEnd
[CombatArena] [TURN] Round 2, Goblin Skirmisher
[CombatArena] [STATE] TurnEnd -> TurnStart
[RealtimeAIController] State: TurnEnd -> TurnStart
[CombatArena] [STATE] TurnStart -> AIDecision
[RealtimeAIController] State: TurnStart -> AIDecision
[CombatArena] Camera focusing on Goblin Skirmisher via hooks
[CombatArena] SelectCombatant called: enemy_goblin
[CombatArena] Selected: enemy_goblin
[CombatArena] Turn started: Goblin Skirmisher (AI)
[COMBAT_LOG] {"ts":1770377587742,"event":"TURN_START","turn":10,"round":2,"unit":"enemy_goblin","unit_name":"Goblin Skirmisher","faction":"Hostile","hp":12,"max_hp":22,"ap":"Action | Bonus | Reaction | Move:30/30","pos":[24.8125,0,21.134197]}
[RealtimeAIController] Turn started for Goblin Skirmisher
[COMBAT_LOG] {"ts":1770377587743,"event":"DECISION","unit":"enemy_goblin","action":"Attack","target":"player_cleric","score":1.0429931}
[RealtimeAIController] Goblin Skirmisher -> Attack (#1) score:1.04
[CombatArena] ExecuteAbility: enemy_goblin -> basic_attack -> player_cleric
[CombatArena] [STATE] AIDecision -> ActionExecution
[RealtimeAIController] State: AIDecision -> ActionExecution
[CombatArena] Goblin Skirmisher used basic_attack on Cleric: damage:10
[CombatArena] ClearSelection called
[AutoBattlerManager] Action: enemy_goblin -> Attack:basic_attack->player_cleric (OK)
[CombatArena] [STATE] ActionExecution -> AIDecision
[RealtimeAIController] State: ActionExecution -> AIDecision
[COMBAT_LOG] {"ts":1770377588362,"event":"DECISION","unit":"enemy_goblin","action":"Move","target":"(39.8125, 0, 21.134197)","score":0.65712327}
[RealtimeAIController] Goblin Skirmisher -> Move (#2) score:0.66
[CombatArena] ExecuteMovement: enemy_goblin -> (39.8125, 0, 21.134197)
[CombatArena] [STATE] AIDecision -> ActionExecution
[RealtimeAIController] State: AIDecision -> ActionExecution
[CombatArena] Goblin Skirmisher moved from (24.8125, 0, 21.134197) to (39.8125, 0, 21.134197), distance: 15.0
[CombatArena] [STATE] ActionExecution -> AIDecision
[RealtimeAIController] State: ActionExecution -> AIDecision
[AutoBattlerManager] Action: enemy_goblin -> Move to (39.8125, 0, 21.134197) (OK)
[COMBAT_LOG] {"ts":1770377588474,"event":"DECISION","unit":"enemy_goblin","action":"Move","target":"(24.8125, 0, 21.134197)","score":1.2328523}
[RealtimeAIController] Goblin Skirmisher -> Move (#3) score:1.23
[CombatArena] ExecuteMovement: enemy_goblin -> (24.8125, 0, 21.134197)
[CombatArena] [STATE] AIDecision -> ActionExecution
[RealtimeAIController] State: AIDecision -> ActionExecution
[CombatArena] Goblin Skirmisher moved from (39.8125, 0, 21.134197) to (24.8125, 0, 21.134197), distance: 15.0
[CombatArena] [STATE] ActionExecution -> AIDecision
[RealtimeAIController] State: ActionExecution -> AIDecision
[AutoBattlerManager] Action: enemy_goblin -> Move to (24.8125, 0, 21.134197) (OK)
[COMBAT_LOG] {"ts":1770377588586,"event":"DECISION","unit":"enemy_goblin","action":"EndTurn","score":0.103427276}
[RealtimeAIController] Goblin Skirmisher -> EndTurn (#4) score:0.10
[RealtimeAIController] Calling EndCurrentTurn()
[CombatArena] [STATE] AIDecision -> TurnEnd
[RealtimeAIController] State: AIDecision -> TurnEnd
[CombatArena] [TURN] Round 2, Fighter
[CombatArena] [STATE] TurnEnd -> TurnStart
[RealtimeAIController] State: TurnEnd -> TurnStart
[CombatArena] [STATE] TurnStart -> PlayerDecision
[RealtimeAIController] State: TurnStart -> PlayerDecision
[CombatArena] Camera focusing on Fighter via hooks
[CombatArena] SelectCombatant called: player_fighter
[CombatArena] Selected: player_fighter
[CombatArena] Turn started: Fighter (Player)
[COMBAT_LOG] {"ts":1770377588593,"event":"TURN_START","turn":11,"round":2,"unit":"player_fighter","unit_name":"Fighter","faction":"Player","hp":42,"max_hp":52,"ap":"Action | Bonus | Reaction | Move:30/30","pos":[0,0,30]}
[RealtimeAIController] Turn started for Fighter
[COMBAT_LOG] {"ts":1770377588594,"event":"DECISION","unit":"player_fighter","action":"Attack","target":"enemy_orc_brute","score":0.7036559}
[RealtimeAIController] Fighter -> Attack (#1) score:0.70
[CombatArena] ExecuteAbility: player_fighter -> basic_attack -> enemy_orc_brute
[CombatArena] [STATE] PlayerDecision -> ActionExecution
[RealtimeAIController] State: PlayerDecision -> ActionExecution
[CombatArena] Fighter used basic_attack on Orc Brute: damage:9
[CombatArena] ClearSelection called
[AutoBattlerManager] Action: player_fighter -> Attack:basic_attack->enemy_orc_brute (OK)
[CombatArena] [STATE] ActionExecution -> PlayerDecision
[RealtimeAIController] State: ActionExecution -> PlayerDecision
[COMBAT_LOG] {"ts":1770377589211,"event":"DECISION","unit":"player_fighter","action":"Move","target":"(0, 0, 0)","score":0.6531657}
[RealtimeAIController] Fighter -> Move (#2) score:0.65
[CombatArena] ExecuteMovement: player_fighter -> (0, 0, 0)
[CombatArena] [STATE] PlayerDecision -> ActionExecution
[RealtimeAIController] State: PlayerDecision -> ActionExecution
[CombatArena] Fighter moved from (0, 0, 30) to (0, 0, 0), distance: 30.0
[CombatArena] [STATE] ActionExecution -> PlayerDecision
[RealtimeAIController] State: ActionExecution -> PlayerDecision
[AutoBattlerManager] Action: player_fighter -> Move to (0, 0, 0) (OK)
[COMBAT_LOG] {"ts":1770377589323,"event":"DECISION","unit":"player_fighter","action":"EndTurn","score":0.10569713}
[RealtimeAIController] Fighter -> EndTurn (#3) score:0.11
[RealtimeAIController] Calling EndCurrentTurn()
[CombatArena] [STATE] PlayerDecision -> TurnEnd
[RealtimeAIController] State: PlayerDecision -> TurnEnd
[CombatArena] [TURN] Round 2, Orc Archer
[CombatArena] [STATE] TurnEnd -> TurnStart
[RealtimeAIController] State: TurnEnd -> TurnStart
[CombatArena] [STATE] TurnStart -> AIDecision
[RealtimeAIController] State: TurnStart -> AIDecision
[CombatArena] Camera focusing on Orc Archer via hooks
[CombatArena] SelectCombatant called: enemy_orc_archer
[CombatArena] Selected: enemy_orc_archer
[CombatArena] Turn started: Orc Archer (AI)
[COMBAT_LOG] {"ts":1770377589330,"event":"TURN_START","turn":12,"round":2,"unit":"enemy_orc_archer","unit_name":"Orc Archer","faction":"Hostile","hp":30,"max_hp":30,"ap":"Action | Bonus | Reaction | Move:30/30","pos":[0.30330086,0,27.983496]}
[RealtimeAIController] Turn started for Orc Archer
[COMBAT_LOG] {"ts":1770377589330,"event":"DECISION","unit":"enemy_orc_archer","action":"Move","target":"(0.30330086, 0, -2.0165043)","score":1.2887443}
[RealtimeAIController] Orc Archer -> Move (#1) score:1.29
[CombatArena] ExecuteMovement: enemy_orc_archer -> (0.30330086, 0, -2.0165043)
[CombatArena] [STATE] AIDecision -> ActionExecution
[RealtimeAIController] State: AIDecision -> ActionExecution
[CombatArena] Orc Archer moved from (0.30330086, 0, 27.983496) to (0.30330086, 0, -2.0165043), distance: 30.0
[CombatArena] [STATE] ActionExecution -> AIDecision
[RealtimeAIController] State: ActionExecution -> AIDecision
[AutoBattlerManager] Action: enemy_orc_archer -> Move to (0.30330086, 0, -2.0165043) (OK)
[COMBAT_LOG] {"ts":1770377589442,"event":"DECISION","unit":"enemy_orc_archer","action":"Dash","score":3.2595804}
[RealtimeAIController] Orc Archer -> Dash (#2) score:3.26
[AutoBattlerManager] Action: enemy_orc_archer -> Dash (OK)
[COMBAT_LOG] {"ts":1770377589554,"event":"DECISION","unit":"enemy_orc_archer","action":"Move","target":"(0.30330086, 0, 27.983496)","score":1.2846272}
[RealtimeAIController] Orc Archer -> Move (#3) score:1.28
[CombatArena] ExecuteMovement: enemy_orc_archer -> (0.30330086, 0, 27.983496)
[CombatArena] [STATE] AIDecision -> ActionExecution
[RealtimeAIController] State: AIDecision -> ActionExecution
[CombatArena] Orc Archer moved from (0.30330086, 0, -2.0165043) to (0.30330086, 0, 27.983496), distance: 30.0
[CombatArena] [STATE] ActionExecution -> AIDecision
[RealtimeAIController] State: ActionExecution -> AIDecision
[AutoBattlerManager] Action: enemy_orc_archer -> Move to (0.30330086, 0, 27.983496) (OK)
[COMBAT_LOG] {"ts":1770377589666,"event":"DECISION","unit":"enemy_orc_archer","action":"EndTurn","score":0.101065576}
[RealtimeAIController] Orc Archer -> EndTurn (#4) score:0.10
[RealtimeAIController] Calling EndCurrentTurn()
[CombatArena] [STATE] AIDecision -> TurnEnd
[RealtimeAIController] State: AIDecision -> TurnEnd
[CombatArena] [TURN] Round 2, Goblin Shaman
[CombatArena] [STATE] TurnEnd -> TurnStart
[RealtimeAIController] State: TurnEnd -> TurnStart
[CombatArena] [STATE] TurnStart -> AIDecision
[RealtimeAIController] State: TurnStart -> AIDecision
[CombatArena] Camera focusing on Goblin Shaman via hooks
[CombatArena] SelectCombatant called: enemy_shaman
[CombatArena] Selected: enemy_shaman
[CombatArena] Turn started: Goblin Shaman (AI)
[COMBAT_LOG] {"ts":1770377589673,"event":"TURN_START","turn":13,"round":2,"unit":"enemy_shaman","unit_name":"Goblin Shaman","faction":"Hostile","hp":22,"max_hp":28,"ap":"Action | Bonus | Reaction | Move:30/30","pos":[-1.25,0,27.4467]}
[RealtimeAIController] Turn started for Goblin Shaman
[COMBAT_LOG] {"ts":1770377589673,"event":"DECISION","unit":"enemy_shaman","action":"Move","target":"(-1.25, 0, -2.5533009)","score":1.309163}
[RealtimeAIController] Goblin Shaman -> Move (#1) score:1.31
[CombatArena] ExecuteMovement: enemy_shaman -> (-1.25, 0, -2.5533009)
[CombatArena] [STATE] AIDecision -> ActionExecution
[RealtimeAIController] State: AIDecision -> ActionExecution
[CombatArena] Goblin Shaman moved from (-1.25, 0, 27.4467) to (-1.25, 0, -2.5533009), distance: 30.0
[CombatArena] [STATE] ActionExecution -> AIDecision
[RealtimeAIController] State: ActionExecution -> AIDecision
[AutoBattlerManager] Action: enemy_shaman -> Move to (-1.25, 0, -2.5533009) (OK)
[COMBAT_LOG] {"ts":1770377589785,"event":"DECISION","unit":"enemy_shaman","action":"Dash","score":3.2838564}
[RealtimeAIController] Goblin Shaman -> Dash (#2) score:3.28
[AutoBattlerManager] Action: enemy_shaman -> Dash (OK)
[COMBAT_LOG] {"ts":1770377589898,"event":"DECISION","unit":"enemy_shaman","action":"Move","target":"(-1.25, 0, 27.4467)","score":1.2970726}
[RealtimeAIController] Goblin Shaman -> Move (#3) score:1.30
[CombatArena] ExecuteMovement: enemy_shaman -> (-1.25, 0, 27.4467)
[CombatArena] [STATE] AIDecision -> ActionExecution
[RealtimeAIController] State: AIDecision -> ActionExecution
[CombatArena] Goblin Shaman moved from (-1.25, 0, -2.5533009) to (-1.25, 0, 27.4467), distance: 30.0
[CombatArena] [STATE] ActionExecution -> AIDecision
[RealtimeAIController] State: ActionExecution -> AIDecision
[AutoBattlerManager] Action: enemy_shaman -> Move to (-1.25, 0, 27.4467) (OK)
[COMBAT_LOG] {"ts":1770377590010,"event":"DECISION","unit":"enemy_shaman","action":"EndTurn","score":0.10994846}
[RealtimeAIController] Goblin Shaman -> EndTurn (#4) score:0.11
[RealtimeAIController] Calling EndCurrentTurn()
[CombatArena] [STATE] AIDecision -> TurnEnd
[RealtimeAIController] State: AIDecision -> TurnEnd
[CombatArena] [TURN] Round 2, Mage
[CombatArena] [STATE] TurnEnd -> TurnStart
[RealtimeAIController] State: TurnEnd -> TurnStart
[CombatArena] [STATE] TurnStart -> PlayerDecision
[RealtimeAIController] State: TurnStart -> PlayerDecision
[CombatArena] Camera focusing on Mage via hooks
[CombatArena] SelectCombatant called: player_mage
[CombatArena] Selected: player_mage
[CombatArena] Turn started: Mage (Player)
[COMBAT_LOG] {"ts":1770377590017,"event":"TURN_START","turn":14,"round":2,"unit":"player_mage","unit_name":"Mage","faction":"Player","hp":32,"max_hp":32,"ap":"Action | Bonus | Reaction | Move:30/30","pos":[21.990803,0,21.205898]}
[RealtimeAIController] Turn started for Mage
[COMBAT_LOG] {"ts":1770377590017,"event":"DECISION","unit":"player_mage","action":"Attack","target":"enemy_shaman","score":0.70513237}
[RealtimeAIController] Mage -> Attack (#1) score:0.71
[CombatArena] ExecuteAbility: player_mage -> basic_attack -> enemy_shaman
[CombatArena] [STATE] PlayerDecision -> ActionExecution
[RealtimeAIController] State: PlayerDecision -> ActionExecution
[CombatArena] Mage used basic_attack on Goblin Shaman: damage:7
[CombatArena] ClearSelection called
[AutoBattlerManager] Action: player_mage -> Attack:basic_attack->enemy_shaman (OK)
[CombatArena] [STATE] ActionExecution -> PlayerDecision
[RealtimeAIController] State: ActionExecution -> PlayerDecision
[COMBAT_LOG] {"ts":1770377590631,"event":"DECISION","unit":"player_mage","action":"Move","target":"(6.990803, 0, 6.2058983)","score":0.65580744}
[RealtimeAIController] Mage -> Move (#2) score:0.66
[CombatArena] ExecuteMovement: player_mage -> (6.990803, 0, 6.2058983)
[CombatArena] [STATE] PlayerDecision -> ActionExecution
[RealtimeAIController] State: PlayerDecision -> ActionExecution
[CombatArena] Mage moved from (21.990803, 0, 21.205898) to (6.990803, 0, 6.2058983), distance: 21.2
[CombatArena] [STATE] ActionExecution -> PlayerDecision
[RealtimeAIController] State: ActionExecution -> PlayerDecision
[AutoBattlerManager] Action: player_mage -> Move to (6.990803, 0, 6.2058983) (OK)
[COMBAT_LOG] {"ts":1770377590743,"event":"DECISION","unit":"player_mage","action":"Move","target":"(11.384201, 0, 6.2058983)","score":0.65160227}
[RealtimeAIController] Mage -> Move (#3) score:0.65
[CombatArena] ExecuteMovement: player_mage -> (11.384201, 0, 6.2058983)
[CombatArena] [STATE] PlayerDecision -> ActionExecution
[RealtimeAIController] State: PlayerDecision -> ActionExecution
[CombatArena] Mage moved from (6.990803, 0, 6.2058983) to (11.384201, 0, 6.2058983), distance: 4.4
[CombatArena] [STATE] ActionExecution -> PlayerDecision
[RealtimeAIController] State: ActionExecution -> PlayerDecision
[AutoBattlerManager] Action: player_mage -> Move to (11.384201, 0, 6.2058983) (OK)
[COMBAT_LOG] {"ts":1770377590855,"event":"DECISION","unit":"player_mage","action":"Move","target":"(9.187502, 0, 4.009199)","score":0.6582672}
[RealtimeAIController] Mage -> Move (#4) score:0.66
[CombatArena] ExecuteMovement: player_mage -> (9.187502, 0, 4.009199)
[CombatArena] [STATE] PlayerDecision -> ActionExecution
[RealtimeAIController] State: PlayerDecision -> ActionExecution
[CombatArena] Mage moved from (11.384201, 0, 6.2058983) to (9.187502, 0, 4.009199), distance: 3.1
[CombatArena] [STATE] ActionExecution -> PlayerDecision
[RealtimeAIController] State: ActionExecution -> PlayerDecision
[AutoBattlerManager] Action: player_mage -> Move to (9.187502, 0, 4.009199) (OK)
[COMBAT_LOG] {"ts":1770377590967,"event":"DECISION","unit":"player_mage","action":"Move","target":"(9.187502, 0, 3.3658009)","score":0.6582673}
[RealtimeAIController] Mage -> Move (#5) score:0.66
[CombatArena] ExecuteMovement: player_mage -> (9.187502, 0, 3.3658009)
[CombatArena] [STATE] PlayerDecision -> ActionExecution
[RealtimeAIController] State: PlayerDecision -> ActionExecution
[CombatArena] Mage moved from (9.187502, 0, 4.009199) to (9.187502, 0, 3.3658009), distance: 0.6
[CombatArena] [STATE] ActionExecution -> PlayerDecision
[RealtimeAIController] State: ActionExecution -> PlayerDecision
[AutoBattlerManager] Action: player_mage -> Move to (9.187502, 0, 3.3658009) (OK)
[COMBAT_LOG] {"ts":1770377591078,"event":"DECISION","unit":"player_mage","action":"Move","target":"(9.509201, 0, 3.3658009)","score":0.65120274}
[RealtimeAIController] Mage -> Move (#6) score:0.65
[CombatArena] ExecuteMovement: player_mage -> (9.509201, 0, 3.3658009)
[CombatArena] [STATE] PlayerDecision -> ActionExecution
[RealtimeAIController] State: PlayerDecision -> ActionExecution
[CombatArena] Mage moved from (9.187502, 0, 3.3658009) to (9.509201, 0, 3.3658009), distance: 0.3
[CombatArena] [STATE] ActionExecution -> PlayerDecision
[RealtimeAIController] State: ActionExecution -> PlayerDecision
[AutoBattlerManager] Action: player_mage -> Move to (9.509201, 0, 3.3658009) (OK)
[COMBAT_LOG] {"ts":1770377591190,"event":"DECISION","unit":"player_mage","action":"Move","target":"(9.509201, 0, 3.5266504)","score":0.65254277}
[RealtimeAIController] Mage -> Move (#7) score:0.65
[CombatArena] ExecuteMovement: player_mage -> (9.509201, 0, 3.5266504)
[CombatArena] [STATE] PlayerDecision -> ActionExecution
[RealtimeAIController] State: PlayerDecision -> ActionExecution
[CombatArena] Mage moved from (9.509201, 0, 3.3658009) to (9.509201, 0, 3.5266504), distance: 0.2
[CombatArena] [STATE] ActionExecution -> PlayerDecision
[RealtimeAIController] State: ActionExecution -> PlayerDecision
[AutoBattlerManager] Action: player_mage -> Move to (9.509201, 0, 3.5266504) (OK)
[COMBAT_LOG] {"ts":1770377591301,"event":"DECISION","unit":"player_mage","action":"Move","target":"(9.589626, 0, 3.4462256)","score":0.65436494}
[RealtimeAIController] Mage -> Move (#8) score:0.65
[CombatArena] ExecuteMovement: player_mage -> (9.589626, 0, 3.4462256)
[CombatArena] [STATE] PlayerDecision -> ActionExecution
[RealtimeAIController] State: PlayerDecision -> ActionExecution
[CombatArena] Mage moved from (9.509201, 0, 3.5266504) to (9.589626, 0, 3.4462256), distance: 0.1
[CombatArena] [STATE] ActionExecution -> PlayerDecision
[RealtimeAIController] State: ActionExecution -> PlayerDecision
[AutoBattlerManager] Action: player_mage -> Move to (9.589626, 0, 3.4462256) (OK)
[COMBAT_LOG] {"ts":1770377591413,"event":"DECISION","unit":"player_mage","action":"Move","target":"(9.613182, 0, 3.4697814)","score":0.6543127}
[RealtimeAIController] Mage -> Move (#9) score:0.65
[CombatArena] ExecuteMovement: player_mage -> (9.613182, 0, 3.4697814)
[CombatArena] [STATE] PlayerDecision -> ActionExecution
[RealtimeAIController] State: PlayerDecision -> ActionExecution
[CombatArena] Mage moved from (9.589626, 0, 3.4462256) to (9.613182, 0, 3.4697814), distance: 0.0
[CombatArena] [STATE] ActionExecution -> PlayerDecision
[RealtimeAIController] State: ActionExecution -> PlayerDecision
[AutoBattlerManager] Action: player_mage -> Move to (9.613182, 0, 3.4697814) (OK)
[COMBAT_LOG] {"ts":1770377591524,"event":"DECISION","unit":"player_mage","action":"Move","target":"(9.613182, 0, 3.455983)","score":0.6570082}
[RealtimeAIController] Mage -> Move (#10) score:0.66
[CombatArena] ExecuteMovement: player_mage -> (9.613182, 0, 3.455983)
[CombatArena] [STATE] PlayerDecision -> ActionExecution
[RealtimeAIController] State: PlayerDecision -> ActionExecution
[CombatArena] Mage moved from (9.613182, 0, 3.4697814) to (9.613182, 0, 3.455983), distance: 0.0
[CombatArena] [STATE] ActionExecution -> PlayerDecision
[RealtimeAIController] State: ActionExecution -> PlayerDecision
[AutoBattlerManager] Action: player_mage -> Move to (9.613182, 0, 3.455983) (OK)
[COMBAT_LOG] {"ts":1770377591636,"event":"DECISION","unit":"player_mage","action":"EndTurn","score":0.100540735}
[RealtimeAIController] Mage -> EndTurn (#11) score:0.10
[RealtimeAIController] Calling EndCurrentTurn()
[CombatArena] [STATE] PlayerDecision -> TurnEnd
[RealtimeAIController] State: PlayerDecision -> TurnEnd
[CombatArena] [TURN] Round 2, Orc Brute
[CombatArena] [STATE] TurnEnd -> TurnStart
[RealtimeAIController] State: TurnEnd -> TurnStart
[CombatArena] [STATE] TurnStart -> AIDecision
[RealtimeAIController] State: TurnStart -> AIDecision
[CombatArena] Camera focusing on Orc Brute via hooks
[CombatArena] SelectCombatant called: enemy_orc_brute
[CombatArena] Selected: enemy_orc_brute
[CombatArena] Turn started: Orc Brute (AI)
[COMBAT_LOG] {"ts":1770377591643,"event":"TURN_START","turn":15,"round":2,"unit":"enemy_orc_brute","unit_name":"Orc Brute","faction":"Hostile","hp":39,"max_hp":48,"ap":"Action | Bonus | Reaction | Move:30/30","pos":[-15.786797,0,-15]}
[RealtimeAIController] Turn started for Orc Brute
[COMBAT_LOG] {"ts":1770377591643,"event":"DECISION","unit":"enemy_orc_brute","action":"Move","target":"(-0.78679657, 0, 0)","score":1.2559894}
[RealtimeAIController] Orc Brute -> Move (#1) score:1.26
[CombatArena] ExecuteMovement: enemy_orc_brute -> (-0.78679657, 0, 0)
[CombatArena] [STATE] AIDecision -> ActionExecution
[RealtimeAIController] State: AIDecision -> ActionExecution
[CombatArena] Orc Brute moved from (-15.786797, 0, -15) to (-0.78679657, 0, 0), distance: 21.2
[CombatArena] [STATE] ActionExecution -> AIDecision
[RealtimeAIController] State: ActionExecution -> AIDecision
[AutoBattlerManager] Action: enemy_orc_brute -> Move to (-0.78679657, 0, 0) (OK)
[COMBAT_LOG] {"ts":1770377591754,"event":"DECISION","unit":"enemy_orc_brute","action":"Move","target":"(-0.78679657, 0, -4.3933983)","score":1.2988507}
[RealtimeAIController] Orc Brute -> Move (#2) score:1.30
[CombatArena] ExecuteMovement: enemy_orc_brute -> (-0.78679657, 0, -4.3933983)
[CombatArena] [STATE] AIDecision -> ActionExecution
[RealtimeAIController] State: AIDecision -> ActionExecution
[CombatArena] Orc Brute moved from (-0.78679657, 0, 0) to (-0.78679657, 0, -4.3933983), distance: 4.4
[CombatArena] [STATE] ActionExecution -> AIDecision
[RealtimeAIController] State: ActionExecution -> AIDecision
[AutoBattlerManager] Action: enemy_orc_brute -> Move to (-0.78679657, 0, -4.3933983) (OK)
[COMBAT_LOG] {"ts":1770377591866,"event":"DECISION","unit":"enemy_orc_brute","action":"Dash","score":3.1885586}
[RealtimeAIController] Orc Brute -> Dash (#3) score:3.19
[AutoBattlerManager] Action: enemy_orc_brute -> Dash (OK)
[COMBAT_LOG] {"ts":1770377591977,"event":"DECISION","unit":"enemy_orc_brute","action":"Move","target":"(-0.78679657, 0, 30)","score":1.2681723}
[RealtimeAIController] Orc Brute -> Move (#4) score:1.27
[CombatArena] ExecuteMovement: enemy_orc_brute -> (-0.78679657, 0, 30)
[CombatArena] [STATE] AIDecision -> ActionExecution
[RealtimeAIController] State: AIDecision -> ActionExecution
[CombatArena] Orc Brute moved from (-0.78679657, 0, -4.3933983) to (-0.78679657, 0, 30), distance: 34.4
[CombatArena] [STATE] ActionExecution -> AIDecision
[RealtimeAIController] State: ActionExecution -> AIDecision
[AutoBattlerManager] Action: enemy_orc_brute -> Move to (-0.78679657, 0, 30) (OK)
[COMBAT_LOG] {"ts":1770377592089,"event":"DECISION","unit":"enemy_orc_brute","action":"EndTurn","score":0.10305186}
[RealtimeAIController] Orc Brute -> EndTurn (#5) score:0.10
[RealtimeAIController] Calling EndCurrentTurn()
[CombatArena] [STATE] AIDecision -> TurnEnd
[RealtimeAIController] State: AIDecision -> TurnEnd
[CombatArena] [TURN] Round 2, Cleric
[CombatArena] [STATE] TurnEnd -> TurnStart
[RealtimeAIController] State: TurnEnd -> TurnStart
[CombatArena] [STATE] TurnStart -> PlayerDecision
[RealtimeAIController] State: TurnStart -> PlayerDecision
[CombatArena] Camera focusing on Cleric via hooks
[CombatArena] SelectCombatant called: player_cleric
[CombatArena] Selected: player_cleric
[CombatArena] Turn started: Cleric (Player)
[COMBAT_LOG] {"ts":1770377592095,"event":"TURN_START","turn":16,"round":2,"unit":"player_cleric","unit_name":"Cleric","faction":"Player","hp":34,"max_hp":44,"ap":"Action | Bonus | Reaction | Move:30/30","pos":[-1,0,27]}
[RealtimeAIController] Turn started for Cleric
[COMBAT_LOG] {"ts":1770377592096,"event":"DECISION","unit":"player_cleric","action":"Attack","target":"enemy_goblin","score":0.6896658}
[RealtimeAIController] Cleric -> Attack (#1) score:0.69
[CombatArena] ExecuteAbility: player_cleric -> basic_attack -> enemy_goblin
[CombatArena] [STATE] PlayerDecision -> ActionExecution
[RealtimeAIController] State: PlayerDecision -> ActionExecution
[CombatArena] Cleric used basic_attack on Goblin Skirmisher: damage:8
[CombatArena] ClearSelection called
[AutoBattlerManager] Action: player_cleric -> Attack:basic_attack->enemy_goblin (OK)
[CombatArena] [STATE] ActionExecution -> PlayerDecision
[RealtimeAIController] State: ActionExecution -> PlayerDecision
[COMBAT_LOG] {"ts":1770377592708,"event":"DECISION","unit":"player_cleric","action":"Move","target":"(-16, 0, 12)","score":0.65774983}
[RealtimeAIController] Cleric -> Move (#2) score:0.66
[CombatArena] ExecuteMovement: player_cleric -> (-16, 0, 12)
[CombatArena] [STATE] PlayerDecision -> ActionExecution
[RealtimeAIController] State: PlayerDecision -> ActionExecution
[CombatArena] Cleric moved from (-1, 0, 27) to (-16, 0, 12), distance: 21.2
[CombatArena] [STATE] ActionExecution -> PlayerDecision
[RealtimeAIController] State: ActionExecution -> PlayerDecision
[AutoBattlerManager] Action: player_cleric -> Move to (-16, 0, 12) (OK)
[COMBAT_LOG] {"ts":1770377592819,"event":"DECISION","unit":"player_cleric","action":"Move","target":"(-24.786797, 0, 12)","score":0.6597224}
[RealtimeAIController] Cleric -> Move (#3) score:0.66
[CombatArena] ExecuteMovement: player_cleric -> (-24.786797, 0, 12)
[CombatArena] [STATE] PlayerDecision -> ActionExecution
[RealtimeAIController] State: PlayerDecision -> ActionExecution
[CombatArena] Cleric moved from (-16, 0, 12) to (-24.786797, 0, 12), distance: 8.8
[CombatArena] [STATE] ActionExecution -> PlayerDecision
[RealtimeAIController] State: ActionExecution -> PlayerDecision
[AutoBattlerManager] Action: player_cleric -> Move to (-24.786797, 0, 12) (OK)
[COMBAT_LOG] {"ts":1770377592930,"event":"DECISION","unit":"player_cleric","action":"EndTurn","score":0.10569183}
[RealtimeAIController] Cleric -> EndTurn (#4) score:0.11
[RealtimeAIController] Calling EndCurrentTurn()
[CombatArena] [STATE] PlayerDecision -> TurnEnd
[RealtimeAIController] State: PlayerDecision -> TurnEnd
[CombatArena] [TURN] Round 3, Rogue
[CombatArena] [STATE] TurnEnd -> RoundEnd
[RealtimeAIController] State: TurnEnd -> RoundEnd
[CombatArena] [STATE] RoundEnd -> TurnStart
[RealtimeAIController] State: RoundEnd -> TurnStart
[CombatArena] Round 3: Reset reactions for all combatants
[CombatArena] [STATE] TurnStart -> PlayerDecision
[RealtimeAIController] State: TurnStart -> PlayerDecision
[CombatArena] Camera focusing on Rogue via hooks
[CombatArena] SelectCombatant called: player_rogue
[CombatArena] Selected: player_rogue
[CombatArena] Turn started: Rogue (Player)
[COMBAT_LOG] {"ts":1770377592937,"event":"TURN_START","turn":17,"round":3,"unit":"player_rogue","unit_name":"Rogue","faction":"Player","hp":26,"max_hp":36,"ap":"Action | Bonus | Reaction | Move:30/30","pos":[2,0,28]}
[RealtimeAIController] Turn started for Rogue
[COMBAT_LOG] {"ts":1770377592937,"event":"DECISION","unit":"player_rogue","action":"Attack","target":"enemy_goblin","score":6.875652}
[RealtimeAIController] Rogue -> Attack (#1) score:6.88
[CombatArena] ExecuteAbility: player_rogue -> basic_attack -> enemy_goblin
[CombatArena] [STATE] PlayerDecision -> ActionExecution
[RealtimeAIController] State: PlayerDecision -> ActionExecution
[CombatArena] Rogue used basic_attack on Goblin Skirmisher: damage:5
[CombatArena] ClearSelection called
[AutoBattlerManager] Action: player_rogue -> Attack:basic_attack->enemy_goblin (OK)
[CombatArena] [STATE] ActionExecution -> PlayerDecision
[RealtimeAIController] State: ActionExecution -> PlayerDecision
[COMBAT_LOG] {"ts":1770377593548,"event":"DECISION","unit":"player_rogue","action":"Move","target":"(2, 0, 58)","score":0.65032417}
[RealtimeAIController] Rogue -> Move (#2) score:0.65
[CombatArena] ExecuteMovement: player_rogue -> (2, 0, 58)
[CombatArena] [STATE] PlayerDecision -> ActionExecution
[RealtimeAIController] State: PlayerDecision -> ActionExecution
[CombatArena] Rogue moved from (2, 0, 28) to (2, 0, 58), distance: 30.0
[CombatArena] [STATE] ActionExecution -> PlayerDecision
[RealtimeAIController] State: ActionExecution -> PlayerDecision
[AutoBattlerManager] Action: player_rogue -> Move to (2, 0, 58) (OK)
[COMBAT_LOG] {"ts":1770377593659,"event":"DECISION","unit":"player_rogue","action":"EndTurn","score":0.100151785}
[RealtimeAIController] Rogue -> EndTurn (#3) score:0.10
[RealtimeAIController] Calling EndCurrentTurn()
[CombatArena] [STATE] PlayerDecision -> TurnEnd
[RealtimeAIController] State: PlayerDecision -> TurnEnd
[CombatArena] [TURN] Round 3, Goblin Skirmisher
[CombatArena] [STATE] TurnEnd -> TurnStart
[RealtimeAIController] State: TurnEnd -> TurnStart
[CombatArena] [STATE] TurnStart -> AIDecision
[RealtimeAIController] State: TurnStart -> AIDecision
[CombatArena] Camera focusing on Goblin Skirmisher via hooks
[CombatArena] SelectCombatant called: enemy_goblin
[CombatArena] Selected: enemy_goblin
[CombatArena] Turn started: Goblin Skirmisher (AI)
[AutoBattleWatchdog] Monitoring STOPPED
[AutoBattleWatchdog] FATAL: TIMEOUT_FREEZE - No action logged for 10006ms (threshold: 10000ms). Last actor: player_rogue, last action: EndTurn, total actions: 88
[COMBAT_LOG] {"ts":1770377603666,"event":"WATCHDOG_ALERT","action":"TIMEOUT_FREEZE","error":"No action logged for 10006ms (threshold: 10000ms). Last actor: player_rogue, last action: EndTurn, total actions: 88"}
[AutoBattlerManager] WATCHDOG FATAL: TIMEOUT_FREEZE - No action logged for 10006ms (threshold: 10000ms). Last actor: player_rogue, last action: EndTurn, total actions: 88
FATAL_ERROR: {"fatal_error":true,"alert_type":"TIMEOUT_FREEZE","message":"No action logged for 10006ms (threshold: 10000ms). Last actor: player_rogue, last action: EndTurn, total actions: 88","timestamp":1770377603666,"total_actions_logged":88,"last_actor":"player_rogue","last_action":"EndTurn","consecutive_count":1,"recent_actions_count":6}
[AutoBattleWatchdog] Calling GetTree().Quit(1)
