[0;32m[INFO][0m Using Godot: godot
[0;32m[INFO][0m Project dir: /home/martin/repos/qdnd
[0;32m[INFO][0m Running auto-battle...
[0;36mâ•â•â•â•â•â•â•â•â•â•â•â•â•â•â•â•â•â•â•â•â•â•â•â•â•â•â•â•â•â•â•â•â•â•â•â•â•â•â•â•â•â•â•â•â•â•â•â•â•â•â•[0m
Godot Engine v4.6.stable.mono.official.89cea1439 - https://godotengine.org

[CLIEntryPoint] Raw args: res://Tools/CLIRunner.tscn
[CLIEntryPoint] User args: --run-autobattle --seed 1003 --freeze-timeout 10 --loop-threshold 20 --max-turns 8 --log-file artifacts/autobattle/stress2/seed_1003.jsonl
[CLIEntryPoint] Parsed args: run-autobattle=true, seed=1003, freeze-timeout=10, loop-threshold=20, max-turns=8, log-file=artifacts/autobattle/stress2/seed_1003.jsonl
[CLIEntryPoint] Checking modes: run-tests=False, run-simulation=False, run-autobattle=True
=== IN-ENGINE AUTO-BATTLE RUN ===
Timestamp: 2026-02-06T11:29:40.1161620Z
NOTE: Running the REAL CombatArena.tscn scene with AI control.

Seed: 1003
Scenario: res://Data/Scenarios/autobattle_4v4.json
Log file: artifacts/autobattle/stress2/seed_1003.jsonl
Max rounds: 100
Max turns: 8
Watchdog freeze timeout: 10s
Watchdog loop threshold: 20

[AutoBattlerManager] === STARTING IN-ENGINE AUTO-BATTLE ===
[AutoBattlerManager] Seed: 1003
[AutoBattlerManager] Scenario: res://Data/Scenarios/autobattle_4v4.json
[AutoBattlerManager] Loading scene: res://Combat/Arena/CombatArena.tscn
[CombatArena] === COMBAT ARENA INITIALIZING ===
[CombatArena] Ground collision plane created (100x100m at Y=0)
[CombatArena] CombatContext created
[CombatContext] Registered service: CombatStateMachine
[CombatContext] Registered service: TurnQueueService
[CombatContext] Registered service: CommandService
[CombatContext] Registered service: CombatLog
[CombatContext] Registered service: ScenarioLoader
[Registry] Loaded from /home/martin/repos/qdnd/Data:
  - 7 abilities
  - 6 statuses
  - 20 scenarios
[INFO] [Registry] Dependencies: Checked 7 abilities, 6 statuses, 20 scenarios
[Registry] Validation complete: 0 errors, 0 warnings
[CombatContext] Registered service: DataRegistry
[CombatContext] Registered service: RulesEngine
[CombatContext] Registered service: StatusManager
[CombatContext] Registered service: EffectPipeline
[CombatContext] Registered service: TargetValidator
[CombatContext] Registered service: ReactionSystem
[CombatContext] Registered service: LOSService
[CombatContext] Registered service: HeightService
[CombatContext] Registered service: AIDecisionPipeline
[CombatContext] Registered service: MovementService
[CombatContext] Registered service: SurfaceManager
[CombatContext] Registered service: PresentationRequestBus
[CombatContext] Registered service: CameraStateHooks
[CombatArena] UI Models initialized
[CombatArena] Services registered: 18
[CombatArena] Loaded scenario: 8 combatants
[CombatArena] Loaded scenario from: res://Data/Scenarios/autobattle_4v4.json
[CombatArena] Registered default abilities: basic_attack, ranged_attack, power_strike
[CombatArena] Instantiating visual from scene for Fighter
[CombatantVisual] CollisionShape3D found for Fighter
[CombatantVisual] Fighter initialized - Layer: 2, Mask: 0, Pickable: True, HasShape: True
[CombatArena] Spawned visual for Fighter at (0, 0, 0), Layer: 2, InTree: True
[CombatArena] Instantiating visual from scene for Mage
[CombatantVisual] CollisionShape3D found for Mage
[CombatantVisual] Mage initialized - Layer: 2, Mask: 0, Pickable: True, HasShape: True
[CombatArena] Spawned visual for Mage at (-3, 0, -1), Layer: 2, InTree: True
[CombatArena] Instantiating visual from scene for Cleric
[CombatantVisual] CollisionShape3D found for Cleric
[CombatantVisual] Cleric initialized - Layer: 2, Mask: 0, Pickable: True, HasShape: True
[CombatArena] Spawned visual for Cleric at (-1, 0, -3), Layer: 2, InTree: True
[CombatArena] Instantiating visual from scene for Rogue
[CombatantVisual] CollisionShape3D found for Rogue
[CombatantVisual] Rogue initialized - Layer: 2, Mask: 0, Pickable: True, HasShape: True
[CombatArena] Spawned visual for Rogue at (2, 0, -2), Layer: 2, InTree: True
[CombatArena] Instantiating visual from scene for Orc Brute
[CombatantVisual] CollisionShape3D found for Orc Brute
[CombatantVisual] Orc Brute initialized - Layer: 2, Mask: 0, Pickable: True, HasShape: True
[CombatArena] Spawned visual for Orc Brute at (8, 0, 0), Layer: 2, InTree: True
[CombatArena] Instantiating visual from scene for Orc Archer
[CombatantVisual] CollisionShape3D found for Orc Archer
[CombatantVisual] Orc Archer initialized - Layer: 2, Mask: 0, Pickable: True, HasShape: True
[CombatArena] Spawned visual for Orc Archer at (10, 0, 2), Layer: 2, InTree: True
[CombatArena] Instantiating visual from scene for Goblin Skirmisher
[CombatantVisual] CollisionShape3D found for Goblin Skirmisher
[CombatantVisual] Goblin Skirmisher initialized - Layer: 2, Mask: 0, Pickable: True, HasShape: True
[CombatArena] Spawned visual for Goblin Skirmisher at (7, 0, 3), Layer: 2, InTree: True
[CombatArena] Instantiating visual from scene for Goblin Shaman
[CombatantVisual] CollisionShape3D found for Goblin Shaman
[CombatantVisual] Goblin Shaman initialized - Layer: 2, Mask: 0, Pickable: True, HasShape: True
[CombatArena] Spawned visual for Goblin Shaman at (10, 0, -1), Layer: 2, InTree: True
[CombatArena] [STATE] NotInCombat -> CombatStart
[CombatArena] [TURN] Round 1, Rogue
[CombatArena] [STATE] CombatStart -> TurnStart
[CombatArena] Round 1: Reset reactions for all combatants
[CombatArena] [STATE] TurnStart -> PlayerDecision
[CombatArena] Camera focusing on Rogue via hooks
[CombatArena] SelectCombatant called: player_rogue
[CombatArena] Selected: player_rogue
[CombatArena] Turn started: Rogue (Player)
[CombatArena] === COMBAT ARENA READY ===
[AutoBattlerManager] CombatArena added to scene tree
[AutoBattleWatchdog] Ready
[AutoBattlerManager] Watchdog created
[RealtimeAIController] Ready
[AutoBattlerManager] RealtimeAIController created
[AutoBattleWatchdog] Monitoring STARTED (freeze: 10s, loop: 20 in 1s)
[AutoBattlerManager] Scene loaded, waiting for combat to start...
[AutoBattlerManager] Arena ready, attaching AI controller...
[RealtimeAIController] Subscribed to state machine
[RealtimeAIController] Attached to CombatArena
[COMBAT_LOG] {"ts":1770377380346,"event":"BATTLE_START","seed":1003,"units":[{"id":"player_fighter","name":"Fighter","faction":"Player","hp":52,"max_hp":52,"pos":[0,0,0],"alive":true},{"id":"player_mage","name":"Mage","faction":"Player","hp":32,"max_hp":32,"pos":[-3,0,-1],"alive":true},{"id":"player_cleric","name":"Cleric","faction":"Player","hp":44,"max_hp":44,"pos":[-1,0,-3],"alive":true},{"id":"player_rogue","name":"Rogue","faction":"Player","hp":36,"max_hp":36,"pos":[2,0,-2],"alive":true},{"id":"enemy_orc_brute","name":"Orc Brute","faction":"Hostile","hp":48,"max_hp":48,"pos":[8,0,0],"alive":true},{"id":"enemy_orc_archer","name":"Orc Archer","faction":"Hostile","hp":30,"max_hp":30,"pos":[10,0,2],"alive":true},{"id":"enemy_goblin","name":"Goblin Skirmisher","faction":"Hostile","hp":22,"max_hp":22,"pos":[7,0,3],"alive":true},{"id":"enemy_shaman","name":"Goblin Shaman","faction":"Hostile","hp":28,"max_hp":28,"pos":[10,0,-1],"alive":true}]}
[AutoBattlerManager] Enabling AI processing...
[RealtimeAIController] Processing ENABLED
[COMBAT_LOG] {"ts":1770377380696,"event":"TURN_START","turn":1,"round":1,"unit":"player_rogue","unit_name":"Rogue","faction":"Player","hp":36,"max_hp":36,"ap":"Action | Bonus | Reaction | Move:30/30","pos":[2,0,-2]}
[RealtimeAIController] Turn started for Rogue
[COMBAT_LOG] {"ts":1770377380705,"event":"DECISION","unit":"player_rogue","action":"Attack","target":"enemy_orc_brute","score":0.6963858}
[RealtimeAIController] Rogue -> Attack (#1) score:0.70
[CombatArena] ExecuteAbility: player_rogue -> basic_attack -> enemy_orc_brute
[CombatArena] [STATE] PlayerDecision -> ActionExecution
[RealtimeAIController] State: PlayerDecision -> ActionExecution
[CombatArena] Rogue used basic_attack on Orc Brute: damage:6
[CombatArena] ClearSelection called
[AutoBattlerManager] Action: player_rogue -> Attack:basic_attack->enemy_orc_brute (OK)
[CombatArena] [STATE] ActionExecution -> PlayerDecision
[RealtimeAIController] State: ActionExecution -> PlayerDecision
[COMBAT_LOG] {"ts":1770377381286,"event":"DECISION","unit":"player_rogue","action":"Move","target":"(17, 0, -17)","score":0.64618236}
[RealtimeAIController] Rogue -> Move (#2) score:0.65
[CombatArena] ExecuteMovement: player_rogue -> (17, 0, -17)
[CombatArena] [STATE] PlayerDecision -> ActionExecution
[RealtimeAIController] State: PlayerDecision -> ActionExecution
[CombatArena] Rogue moved from (2, 0, -2) to (17, 0, -17), distance: 21.2
[CombatArena] [STATE] ActionExecution -> PlayerDecision
[RealtimeAIController] State: ActionExecution -> PlayerDecision
[AutoBattlerManager] Action: player_rogue -> Move to (17, 0, -17) (OK)
[COMBAT_LOG] {"ts":1770377381395,"event":"DECISION","unit":"player_rogue","action":"Move","target":"(17, 0, -12.606602)","score":0.65606225}
[RealtimeAIController] Rogue -> Move (#3) score:0.66
[CombatArena] ExecuteMovement: player_rogue -> (17, 0, -12.606602)
[CombatArena] [STATE] PlayerDecision -> ActionExecution
[RealtimeAIController] State: PlayerDecision -> ActionExecution
[CombatArena] Rogue moved from (17, 0, -17) to (17, 0, -12.606602), distance: 4.4
[CombatArena] [STATE] ActionExecution -> PlayerDecision
[RealtimeAIController] State: ActionExecution -> PlayerDecision
[AutoBattlerManager] Action: player_rogue -> Move to (17, 0, -12.606602) (OK)
[COMBAT_LOG] {"ts":1770377381505,"event":"DECISION","unit":"player_rogue","action":"Move","target":"(14.803301, 0, -12.606602)","score":0.6545944}
[RealtimeAIController] Rogue -> Move (#4) score:0.65
[CombatArena] ExecuteMovement: player_rogue -> (14.803301, 0, -12.606602)
[CombatArena] [STATE] PlayerDecision -> ActionExecution
[RealtimeAIController] State: PlayerDecision -> ActionExecution
[CombatArena] Rogue moved from (17, 0, -12.606602) to (14.803301, 0, -12.606602), distance: 2.2
[CombatArena] [STATE] ActionExecution -> PlayerDecision
[RealtimeAIController] State: ActionExecution -> PlayerDecision
[AutoBattlerManager] Action: player_rogue -> Move to (14.803301, 0, -12.606602) (OK)
[COMBAT_LOG] {"ts":1770377381615,"event":"DECISION","unit":"player_rogue","action":"Move","target":"(17, 0, -12.606602)","score":0.65821755}
[RealtimeAIController] Rogue -> Move (#5) score:0.66
[CombatArena] ExecuteMovement: player_rogue -> (17, 0, -12.606602)
[CombatArena] [STATE] PlayerDecision -> ActionExecution
[RealtimeAIController] State: PlayerDecision -> ActionExecution
[CombatArena] Rogue moved from (14.803301, 0, -12.606602) to (17, 0, -12.606602), distance: 2.2
[CombatArena] [STATE] ActionExecution -> PlayerDecision
[RealtimeAIController] State: ActionExecution -> PlayerDecision
[AutoBattlerManager] Action: player_rogue -> Move to (17, 0, -12.606602) (OK)
[COMBAT_LOG] {"ts":1770377381725,"event":"DECISION","unit":"player_rogue","action":"EndTurn","score":0.10422781}
[RealtimeAIController] Rogue -> EndTurn (#6) score:0.10
[RealtimeAIController] Calling EndCurrentTurn()
[CombatArena] [STATE] PlayerDecision -> TurnEnd
[RealtimeAIController] State: PlayerDecision -> TurnEnd
[CombatArena] [TURN] Round 1, Goblin Skirmisher
[CombatArena] [STATE] TurnEnd -> TurnStart
[RealtimeAIController] State: TurnEnd -> TurnStart
[CombatArena] [STATE] TurnStart -> AIDecision
[RealtimeAIController] State: TurnStart -> AIDecision
[CombatArena] Camera focusing on Goblin Skirmisher via hooks
[CombatArena] SelectCombatant called: enemy_goblin
[CombatArena] Selected: enemy_goblin
[CombatArena] Turn started: Goblin Skirmisher (AI)
[COMBAT_LOG] {"ts":1770377381732,"event":"TURN_START","turn":2,"round":1,"unit":"enemy_goblin","unit_name":"Goblin Skirmisher","faction":"Hostile","hp":22,"max_hp":22,"ap":"Action | Bonus | Reaction | Move:30/30","pos":[7,0,3]}
[RealtimeAIController] Turn started for Goblin Skirmisher
[COMBAT_LOG] {"ts":1770377381732,"event":"DECISION","unit":"enemy_goblin","action":"Attack","target":"player_fighter","score":1.0553261}
[RealtimeAIController] Goblin Skirmisher -> Attack (#1) score:1.06
[CombatArena] ExecuteAbility: enemy_goblin -> basic_attack -> player_fighter
[CombatArena] [STATE] AIDecision -> ActionExecution
[RealtimeAIController] State: AIDecision -> ActionExecution
[CombatArena] Goblin Skirmisher used basic_attack on Fighter: damage:10
[CombatArena] ClearSelection called
[AutoBattlerManager] Action: enemy_goblin -> Attack:basic_attack->player_fighter (OK)
[CombatArena] [STATE] ActionExecution -> AIDecision
[RealtimeAIController] State: ActionExecution -> AIDecision
[COMBAT_LOG] {"ts":1770377382329,"event":"DECISION","unit":"enemy_goblin","action":"Move","target":"(37, 0, 3)","score":0.65763384}
[RealtimeAIController] Goblin Skirmisher -> Move (#2) score:0.66
[CombatArena] ExecuteMovement: enemy_goblin -> (37, 0, 3)
[CombatArena] [STATE] AIDecision -> ActionExecution
[RealtimeAIController] State: AIDecision -> ActionExecution
[CombatArena] Goblin Skirmisher moved from (7, 0, 3) to (37, 0, 3), distance: 30.0
[CombatArena] [STATE] ActionExecution -> AIDecision
[RealtimeAIController] State: ActionExecution -> AIDecision
[AutoBattlerManager] Action: enemy_goblin -> Move to (37, 0, 3) (OK)
[COMBAT_LOG] {"ts":1770377382439,"event":"DECISION","unit":"enemy_goblin","action":"EndTurn","score":0.10606918}
[RealtimeAIController] Goblin Skirmisher -> EndTurn (#3) score:0.11
[RealtimeAIController] Calling EndCurrentTurn()
[CombatArena] [STATE] AIDecision -> TurnEnd
[RealtimeAIController] State: AIDecision -> TurnEnd
[CombatArena] [TURN] Round 1, Fighter
[CombatArena] [STATE] TurnEnd -> TurnStart
[RealtimeAIController] State: TurnEnd -> TurnStart
[CombatArena] [STATE] TurnStart -> PlayerDecision
[RealtimeAIController] State: TurnStart -> PlayerDecision
[CombatArena] Camera focusing on Fighter via hooks
[CombatArena] SelectCombatant called: player_fighter
[CombatArena] Selected: player_fighter
[CombatArena] Turn started: Fighter (Player)
[COMBAT_LOG] {"ts":1770377382445,"event":"TURN_START","turn":3,"round":1,"unit":"player_fighter","unit_name":"Fighter","faction":"Player","hp":42,"max_hp":52,"ap":"Action | Bonus | Reaction | Move:30/30","pos":[0,0,0]}
[RealtimeAIController] Turn started for Fighter
[COMBAT_LOG] {"ts":1770377382446,"event":"DECISION","unit":"player_fighter","action":"Attack","target":"enemy_orc_archer","score":0.6926371}
[RealtimeAIController] Fighter -> Attack (#1) score:0.69
[CombatArena] ExecuteAbility: player_fighter -> basic_attack -> enemy_orc_archer
[CombatArena] [STATE] PlayerDecision -> ActionExecution
[RealtimeAIController] State: PlayerDecision -> ActionExecution
[CombatArena] Fighter used basic_attack on Orc Archer: damage:5
[CombatArena] ClearSelection called
[AutoBattlerManager] Action: player_fighter -> Attack:basic_attack->enemy_orc_archer (OK)
[CombatArena] [STATE] ActionExecution -> PlayerDecision
[RealtimeAIController] State: ActionExecution -> PlayerDecision
[COMBAT_LOG] {"ts":1770377383043,"event":"DECISION","unit":"player_fighter","action":"Move","target":"(-15, 0, -15)","score":0.6588362}
[RealtimeAIController] Fighter -> Move (#2) score:0.66
[CombatArena] ExecuteMovement: player_fighter -> (-15, 0, -15)
[CombatArena] [STATE] PlayerDecision -> ActionExecution
[RealtimeAIController] State: PlayerDecision -> ActionExecution
[CombatArena] Fighter moved from (0, 0, 0) to (-15, 0, -15), distance: 21.2
[CombatArena] [STATE] ActionExecution -> PlayerDecision
[RealtimeAIController] State: ActionExecution -> PlayerDecision
[AutoBattlerManager] Action: player_fighter -> Move to (-15, 0, -15) (OK)
[COMBAT_LOG] {"ts":1770377383152,"event":"DECISION","unit":"player_fighter","action":"Move","target":"(-10.606602, 0, -10.606602)","score":0.6561091}
[RealtimeAIController] Fighter -> Move (#3) score:0.66
[CombatArena] ExecuteMovement: player_fighter -> (-10.606602, 0, -10.606602)
[CombatArena] [STATE] PlayerDecision -> ActionExecution
[RealtimeAIController] State: PlayerDecision -> ActionExecution
[CombatArena] Fighter moved from (-15, 0, -15) to (-10.606602, 0, -10.606602), distance: 6.2
[CombatArena] [STATE] ActionExecution -> PlayerDecision
[RealtimeAIController] State: ActionExecution -> PlayerDecision
[AutoBattlerManager] Action: player_fighter -> Move to (-10.606602, 0, -10.606602) (OK)
[COMBAT_LOG] {"ts":1770377383262,"event":"DECISION","unit":"player_fighter","action":"Move","target":"(-13.180195, 0, -10.606602)","score":0.65725267}
[RealtimeAIController] Fighter -> Move (#4) score:0.66
[CombatArena] ExecuteMovement: player_fighter -> (-13.180195, 0, -10.606602)
[CombatArena] [STATE] PlayerDecision -> ActionExecution
[RealtimeAIController] State: PlayerDecision -> ActionExecution
[CombatArena] Fighter moved from (-10.606602, 0, -10.606602) to (-13.180195, 0, -10.606602), distance: 2.6
[CombatArena] [STATE] ActionExecution -> PlayerDecision
[RealtimeAIController] State: ActionExecution -> PlayerDecision
[AutoBattlerManager] Action: player_fighter -> Move to (-13.180195, 0, -10.606602) (OK)
[COMBAT_LOG] {"ts":1770377383372,"event":"DECISION","unit":"player_fighter","action":"EndTurn","score":0.10265613}
[RealtimeAIController] Fighter -> EndTurn (#5) score:0.10
[RealtimeAIController] Calling EndCurrentTurn()
[CombatArena] [STATE] PlayerDecision -> TurnEnd
[RealtimeAIController] State: PlayerDecision -> TurnEnd
[CombatArena] [TURN] Round 1, Orc Archer
[CombatArena] [STATE] TurnEnd -> TurnStart
[RealtimeAIController] State: TurnEnd -> TurnStart
[CombatArena] [STATE] TurnStart -> AIDecision
[RealtimeAIController] State: TurnStart -> AIDecision
[CombatArena] Camera focusing on Orc Archer via hooks
[CombatArena] SelectCombatant called: enemy_orc_archer
[CombatArena] Selected: enemy_orc_archer
[CombatArena] Turn started: Orc Archer (AI)
[COMBAT_LOG] {"ts":1770377383379,"event":"TURN_START","turn":4,"round":1,"unit":"enemy_orc_archer","unit_name":"Orc Archer","faction":"Hostile","hp":25,"max_hp":30,"ap":"Action | Bonus | Reaction | Move:30/30","pos":[10,0,2]}
[RealtimeAIController] Turn started for Orc Archer
[COMBAT_LOG] {"ts":1770377383379,"event":"DECISION","unit":"enemy_orc_archer","action":"Move","target":"(-5, 0, 2)","score":1.2703232}
[RealtimeAIController] Orc Archer -> Move (#1) score:1.27
[CombatArena] ExecuteMovement: enemy_orc_archer -> (-5, 0, 2)
[CombatArena] [STATE] AIDecision -> ActionExecution
[RealtimeAIController] State: AIDecision -> ActionExecution
[CombatArena] Orc Archer moved from (10, 0, 2) to (-5, 0, 2), distance: 15.0
[CombatArena] [STATE] ActionExecution -> AIDecision
[RealtimeAIController] State: ActionExecution -> AIDecision
[AutoBattlerManager] Action: enemy_orc_archer -> Move to (-5, 0, 2) (OK)
[COMBAT_LOG] {"ts":1770377383490,"event":"DECISION","unit":"enemy_orc_archer","action":"Move","target":"(-5, 0, -5.5)","score":1.2573372}
[RealtimeAIController] Orc Archer -> Move (#2) score:1.26
[CombatArena] ExecuteMovement: enemy_orc_archer -> (-5, 0, -5.5)
[CombatArena] [STATE] AIDecision -> ActionExecution
[RealtimeAIController] State: AIDecision -> ActionExecution
[CombatArena] Orc Archer moved from (-5, 0, 2) to (-5, 0, -5.5), distance: 7.5
[CombatArena] [STATE] ActionExecution -> AIDecision
[RealtimeAIController] State: ActionExecution -> AIDecision
[AutoBattlerManager] Action: enemy_orc_archer -> Move to (-5, 0, -5.5) (OK)
[COMBAT_LOG] {"ts":1770377383598,"event":"DECISION","unit":"enemy_orc_archer","action":"Move","target":"(-8.75, 0, -9.25)","score":1.3102161}
[RealtimeAIController] Orc Archer -> Move (#3) score:1.31
[CombatArena] ExecuteMovement: enemy_orc_archer -> (-8.75, 0, -9.25)
[CombatArena] [STATE] AIDecision -> ActionExecution
[RealtimeAIController] State: AIDecision -> ActionExecution
[CombatArena] Orc Archer moved from (-5, 0, -5.5) to (-8.75, 0, -9.25), distance: 5.3
[CombatArena] [STATE] ActionExecution -> AIDecision
[RealtimeAIController] State: ActionExecution -> AIDecision
[AutoBattlerManager] Action: enemy_orc_archer -> Move to (-8.75, 0, -9.25) (OK)
[COMBAT_LOG] {"ts":1770377383708,"event":"DECISION","unit":"enemy_orc_archer","action":"Dash","score":3.1864393}
[RealtimeAIController] Orc Archer -> Dash (#4) score:3.19
[AutoBattlerManager] Action: enemy_orc_archer -> Dash (OK)
[COMBAT_LOG] {"ts":1770377383818,"event":"DECISION","unit":"enemy_orc_archer","action":"Move","target":"(-8.75, 0, -25.34835)","score":0.65913594}
[RealtimeAIController] Orc Archer -> Move (#5) score:0.66
[CombatArena] ExecuteMovement: enemy_orc_archer -> (-8.75, 0, -25.34835)
[CombatArena] [STATE] AIDecision -> ActionExecution
[RealtimeAIController] State: AIDecision -> ActionExecution
[CombatArena] Orc Archer moved from (-8.75, 0, -9.25) to (-8.75, 0, -25.34835), distance: 16.1
[CombatArena] [STATE] ActionExecution -> AIDecision
[RealtimeAIController] State: ActionExecution -> AIDecision
[AutoBattlerManager] Action: enemy_orc_archer -> Move to (-8.75, 0, -25.34835) (OK)
[COMBAT_LOG] {"ts":1770377383928,"event":"DECISION","unit":"enemy_orc_archer","action":"Move","target":"(-8.75, 0, -9.25)","score":1.258856}
[RealtimeAIController] Orc Archer -> Move (#6) score:1.26
[CombatArena] ExecuteMovement: enemy_orc_archer -> (-8.75, 0, -9.25)
[CombatArena] [STATE] AIDecision -> ActionExecution
[RealtimeAIController] State: AIDecision -> ActionExecution
[CombatArena] Orc Archer moved from (-8.75, 0, -25.34835) to (-8.75, 0, -9.25), distance: 16.1
[CombatArena] [STATE] ActionExecution -> AIDecision
[RealtimeAIController] State: ActionExecution -> AIDecision
[AutoBattlerManager] Action: enemy_orc_archer -> Move to (-8.75, 0, -9.25) (OK)
[COMBAT_LOG] {"ts":1770377384037,"event":"DECISION","unit":"enemy_orc_archer","action":"EndTurn","score":0.1013807}
[RealtimeAIController] Orc Archer -> EndTurn (#7) score:0.10
[RealtimeAIController] Calling EndCurrentTurn()
[CombatArena] [STATE] AIDecision -> TurnEnd
[RealtimeAIController] State: AIDecision -> TurnEnd
[CombatArena] [TURN] Round 1, Goblin Shaman
[CombatArena] [STATE] TurnEnd -> TurnStart
[RealtimeAIController] State: TurnEnd -> TurnStart
[CombatArena] [STATE] TurnStart -> AIDecision
[RealtimeAIController] State: TurnStart -> AIDecision
[CombatArena] Camera focusing on Goblin Shaman via hooks
[CombatArena] SelectCombatant called: enemy_shaman
[CombatArena] Selected: enemy_shaman
[CombatArena] Turn started: Goblin Shaman (AI)
[COMBAT_LOG] {"ts":1770377384044,"event":"TURN_START","turn":5,"round":1,"unit":"enemy_shaman","unit_name":"Goblin Shaman","faction":"Hostile","hp":28,"max_hp":28,"ap":"Action | Bonus | Reaction | Move:30/30","pos":[10,0,-1]}
[RealtimeAIController] Turn started for Goblin Shaman
[COMBAT_LOG] {"ts":1770377384044,"event":"DECISION","unit":"enemy_shaman","action":"Move","target":"(-5, 0, -1)","score":1.3060788}
[RealtimeAIController] Goblin Shaman -> Move (#1) score:1.31
[CombatArena] ExecuteMovement: enemy_shaman -> (-5, 0, -1)
[CombatArena] [STATE] AIDecision -> ActionExecution
[RealtimeAIController] State: AIDecision -> ActionExecution
[CombatArena] Goblin Shaman moved from (10, 0, -1) to (-5, 0, -1), distance: 15.0
[CombatArena] [STATE] ActionExecution -> AIDecision
[RealtimeAIController] State: ActionExecution -> AIDecision
[AutoBattlerManager] Action: enemy_shaman -> Move to (-5, 0, -1) (OK)
[COMBAT_LOG] {"ts":1770377384154,"event":"DECISION","unit":"enemy_shaman","action":"Move","target":"(2.5, 0, -1)","score":1.3139067}
[RealtimeAIController] Goblin Shaman -> Move (#2) score:1.31
[CombatArena] ExecuteMovement: enemy_shaman -> (2.5, 0, -1)
[CombatArena] [STATE] AIDecision -> ActionExecution
[RealtimeAIController] State: AIDecision -> ActionExecution
[CombatArena] Goblin Shaman moved from (-5, 0, -1) to (2.5, 0, -1), distance: 7.5
[CombatArena] [STATE] ActionExecution -> AIDecision
[RealtimeAIController] State: ActionExecution -> AIDecision
[AutoBattlerManager] Action: enemy_shaman -> Move to (2.5, 0, -1) (OK)
[COMBAT_LOG] {"ts":1770377384265,"event":"DECISION","unit":"enemy_shaman","action":"Move","target":"(-1.25, 0, -1)","score":1.3023673}
[RealtimeAIController] Goblin Shaman -> Move (#3) score:1.30
[CombatArena] ExecuteMovement: enemy_shaman -> (-1.25, 0, -1)
[CombatArena] [STATE] AIDecision -> ActionExecution
[RealtimeAIController] State: AIDecision -> ActionExecution
[CombatArena] Goblin Shaman moved from (2.5, 0, -1) to (-1.25, 0, -1), distance: 3.8
[CombatArena] [STATE] ActionExecution -> AIDecision
[RealtimeAIController] State: ActionExecution -> AIDecision
[AutoBattlerManager] Action: enemy_shaman -> Move to (-1.25, 0, -1) (OK)
[COMBAT_LOG] {"ts":1770377384374,"event":"DECISION","unit":"enemy_shaman","action":"Move","target":"(0.625, 0, -1)","score":1.3130972}
[RealtimeAIController] Goblin Shaman -> Move (#4) score:1.31
[CombatArena] ExecuteMovement: enemy_shaman -> (0.625, 0, -1)
[CombatArena] [STATE] AIDecision -> ActionExecution
[RealtimeAIController] State: AIDecision -> ActionExecution
[CombatArena] Goblin Shaman moved from (-1.25, 0, -1) to (0.625, 0, -1), distance: 1.9
[CombatArena] [STATE] ActionExecution -> AIDecision
[RealtimeAIController] State: ActionExecution -> AIDecision
[AutoBattlerManager] Action: enemy_shaman -> Move to (0.625, 0, -1) (OK)
[COMBAT_LOG] {"ts":1770377384484,"event":"DECISION","unit":"enemy_shaman","action":"Dash","score":3.0864727}
[RealtimeAIController] Goblin Shaman -> Dash (#5) score:3.09
[AutoBattlerManager] Action: enemy_shaman -> Dash (OK)
[COMBAT_LOG] {"ts":1770377384593,"event":"DECISION","unit":"enemy_shaman","action":"Move","target":"(16.5625, 0, -16.9375)","score":1.2896614}
[RealtimeAIController] Goblin Shaman -> Move (#6) score:1.29
[CombatArena] ExecuteMovement: enemy_shaman -> (16.5625, 0, -16.9375)
[CombatArena] [STATE] AIDecision -> ActionExecution
[RealtimeAIController] State: AIDecision -> ActionExecution
[CombatArena] Goblin Shaman moved from (0.625, 0, -1) to (16.5625, 0, -16.9375), distance: 22.5
[CombatArena] [STATE] ActionExecution -> AIDecision
[RealtimeAIController] State: ActionExecution -> AIDecision
[AutoBattlerManager] Action: enemy_shaman -> Move to (16.5625, 0, -16.9375) (OK)
[COMBAT_LOG] {"ts":1770377384703,"event":"DECISION","unit":"enemy_shaman","action":"Move","target":"(16.5625, 0, -12.269514)","score":1.2724326}
[RealtimeAIController] Goblin Shaman -> Move (#7) score:1.27
[CombatArena] ExecuteMovement: enemy_shaman -> (16.5625, 0, -12.269514)
[CombatArena] [STATE] AIDecision -> ActionExecution
[RealtimeAIController] State: AIDecision -> ActionExecution
[CombatArena] Goblin Shaman moved from (16.5625, 0, -16.9375) to (16.5625, 0, -12.269514), distance: 4.7
[CombatArena] [STATE] ActionExecution -> AIDecision
[RealtimeAIController] State: ActionExecution -> AIDecision
[AutoBattlerManager] Action: enemy_shaman -> Move to (16.5625, 0, -12.269514) (OK)
[COMBAT_LOG] {"ts":1770377384813,"event":"DECISION","unit":"enemy_shaman","action":"Move","target":"(14.228507, 0, -9.935521)","score":1.3092992}
[RealtimeAIController] Goblin Shaman -> Move (#8) score:1.31
[CombatArena] ExecuteMovement: enemy_shaman -> (14.228507, 0, -9.935521)
[CombatArena] [STATE] AIDecision -> ActionExecution
[RealtimeAIController] State: AIDecision -> ActionExecution
[CombatArena] Goblin Shaman moved from (16.5625, 0, -12.269514) to (14.228507, 0, -9.935521), distance: 3.3
[CombatArena] [STATE] ActionExecution -> AIDecision
[RealtimeAIController] State: ActionExecution -> AIDecision
[AutoBattlerManager] Action: enemy_shaman -> Move to (14.228507, 0, -9.935521) (OK)
[COMBAT_LOG] {"ts":1770377384922,"event":"DECISION","unit":"enemy_shaman","action":"Move","target":"(14.912118, 0, -9.935521)","score":1.2849203}
[RealtimeAIController] Goblin Shaman -> Move (#9) score:1.28
[CombatArena] ExecuteMovement: enemy_shaman -> (14.912118, 0, -9.935521)
[CombatArena] [STATE] AIDecision -> ActionExecution
[RealtimeAIController] State: AIDecision -> ActionExecution
[CombatArena] Goblin Shaman moved from (14.228507, 0, -9.935521) to (14.912118, 0, -9.935521), distance: 0.7
[CombatArena] [STATE] ActionExecution -> AIDecision
[RealtimeAIController] State: ActionExecution -> AIDecision
[AutoBattlerManager] Action: enemy_shaman -> Move to (14.912118, 0, -9.935521) (OK)
[COMBAT_LOG] {"ts":1770377385032,"event":"DECISION","unit":"enemy_shaman","action":"Move","target":"(15.595728, 0, -9.935521)","score":1.3181909}
[RealtimeAIController] Goblin Shaman -> Move (#10) score:1.32
[CombatArena] ExecuteMovement: enemy_shaman -> (15.595728, 0, -9.935521)
[CombatArena] [STATE] AIDecision -> ActionExecution
[RealtimeAIController] State: AIDecision -> ActionExecution
[CombatArena] Goblin Shaman moved from (14.912118, 0, -9.935521) to (15.595728, 0, -9.935521), distance: 0.7
[CombatArena] [STATE] ActionExecution -> AIDecision
[RealtimeAIController] State: ActionExecution -> AIDecision
[AutoBattlerManager] Action: enemy_shaman -> Move to (15.595728, 0, -9.935521) (OK)
[COMBAT_LOG] {"ts":1770377385142,"event":"DECISION","unit":"enemy_shaman","action":"EndTurn","score":0.10133935}
[RealtimeAIController] Goblin Shaman -> EndTurn (#11) score:0.10
[RealtimeAIController] Calling EndCurrentTurn()
[CombatArena] [STATE] AIDecision -> TurnEnd
[RealtimeAIController] State: AIDecision -> TurnEnd
[CombatArena] [TURN] Round 1, Mage
[CombatArena] [STATE] TurnEnd -> TurnStart
[RealtimeAIController] State: TurnEnd -> TurnStart
[CombatArena] [STATE] TurnStart -> PlayerDecision
[RealtimeAIController] State: TurnStart -> PlayerDecision
[CombatArena] Camera focusing on Mage via hooks
[CombatArena] SelectCombatant called: player_mage
[CombatArena] Selected: player_mage
[CombatArena] Turn started: Mage (Player)
[COMBAT_LOG] {"ts":1770377385149,"event":"TURN_START","turn":6,"round":1,"unit":"player_mage","unit_name":"Mage","faction":"Player","hp":32,"max_hp":32,"ap":"Action | Bonus | Reaction | Move:30/30","pos":[-3,0,-1]}
[RealtimeAIController] Turn started for Mage
[COMBAT_LOG] {"ts":1770377385149,"event":"DECISION","unit":"player_mage","action":"Move","target":"(12, 0, -1)","score":1.2002792}
[RealtimeAIController] Mage -> Move (#1) score:1.20
[CombatArena] ExecuteMovement: player_mage -> (12, 0, -1)
[CombatArena] [STATE] PlayerDecision -> ActionExecution
[RealtimeAIController] State: PlayerDecision -> ActionExecution
[CombatArena] Mage moved from (-3, 0, -1) to (12, 0, -1), distance: 15.0
[CombatArena] [STATE] ActionExecution -> PlayerDecision
[RealtimeAIController] State: ActionExecution -> PlayerDecision
[AutoBattlerManager] Action: player_mage -> Move to (12, 0, -1) (OK)
[COMBAT_LOG] {"ts":1770377385258,"event":"DECISION","unit":"player_mage","action":"Move","target":"(4.5, 0, -1)","score":1.2763159}
[RealtimeAIController] Mage -> Move (#2) score:1.28
[CombatArena] ExecuteMovement: player_mage -> (4.5, 0, -1)
[CombatArena] [STATE] PlayerDecision -> ActionExecution
[RealtimeAIController] State: PlayerDecision -> ActionExecution
[CombatArena] Mage moved from (12, 0, -1) to (4.5, 0, -1), distance: 7.5
[CombatArena] [STATE] ActionExecution -> PlayerDecision
[RealtimeAIController] State: ActionExecution -> PlayerDecision
[AutoBattlerManager] Action: player_mage -> Move to (4.5, 0, -1) (OK)
[COMBAT_LOG] {"ts":1770377385368,"event":"DECISION","unit":"player_mage","action":"Move","target":"(8.25, 0, 2.75)","score":1.3023577}
[RealtimeAIController] Mage -> Move (#3) score:1.30
[CombatArena] ExecuteMovement: player_mage -> (8.25, 0, 2.75)
[CombatArena] [STATE] PlayerDecision -> ActionExecution
[RealtimeAIController] State: PlayerDecision -> ActionExecution
[CombatArena] Mage moved from (4.5, 0, -1) to (8.25, 0, 2.75), distance: 5.3
[CombatArena] [STATE] ActionExecution -> PlayerDecision
[RealtimeAIController] State: ActionExecution -> PlayerDecision
[AutoBattlerManager] Action: player_mage -> Move to (8.25, 0, 2.75) (OK)
[COMBAT_LOG] {"ts":1770377385478,"event":"DECISION","unit":"player_mage","action":"Dash","score":3.1704009}
[RealtimeAIController] Mage -> Dash (#4) score:3.17
[AutoBattlerManager] Action: player_mage -> Dash (OK)
[COMBAT_LOG] {"ts":1770377385588,"event":"DECISION","unit":"player_mage","action":"Move","target":"(-7.8483505, 0, -13.348351)","score":1.2926117}
[RealtimeAIController] Mage -> Move (#5) score:1.29
[CombatArena] ExecuteMovement: player_mage -> (-7.8483505, 0, -13.348351)
[CombatArena] [STATE] PlayerDecision -> ActionExecution
[RealtimeAIController] State: PlayerDecision -> ActionExecution
[CombatArena] Mage moved from (8.25, 0, 2.75) to (-7.8483505, 0, -13.348351), distance: 22.8
[CombatArena] [STATE] ActionExecution -> PlayerDecision
[RealtimeAIController] State: ActionExecution -> PlayerDecision
[AutoBattlerManager] Action: player_mage -> Move to (-7.8483505, 0, -13.348351) (OK)
[COMBAT_LOG] {"ts":1770377385697,"event":"DECISION","unit":"player_mage","action":"Move","target":"(-7.8483505, 0, -8.633253)","score":1.3164351}
[RealtimeAIController] Mage -> Move (#6) score:1.32
[CombatArena] ExecuteMovement: player_mage -> (-7.8483505, 0, -8.633253)
[CombatArena] [STATE] PlayerDecision -> ActionExecution
[RealtimeAIController] State: PlayerDecision -> ActionExecution
[CombatArena] Mage moved from (-7.8483505, 0, -13.348351) to (-7.8483505, 0, -8.633253), distance: 4.7
[CombatArena] [STATE] ActionExecution -> PlayerDecision
[RealtimeAIController] State: ActionExecution -> PlayerDecision
[AutoBattlerManager] Action: player_mage -> Move to (-7.8483505, 0, -8.633253) (OK)
[COMBAT_LOG] {"ts":1770377385807,"event":"DECISION","unit":"player_mage","action":"Move","target":"(-7.8483505, 0, -10.990802)","score":1.3050654}
[RealtimeAIController] Mage -> Move (#7) score:1.31
[CombatArena] ExecuteMovement: player_mage -> (-7.8483505, 0, -10.990802)
[CombatArena] [STATE] PlayerDecision -> ActionExecution
[RealtimeAIController] State: PlayerDecision -> ActionExecution
[CombatArena] Mage moved from (-7.8483505, 0, -8.633253) to (-7.8483505, 0, -10.990802), distance: 2.4
[CombatArena] [STATE] ActionExecution -> PlayerDecision
[RealtimeAIController] State: ActionExecution -> PlayerDecision
[AutoBattlerManager] Action: player_mage -> Move to (-7.8483505, 0, -10.990802) (OK)
[COMBAT_LOG] {"ts":1770377385917,"event":"DECISION","unit":"player_mage","action":"Move","target":"(-7.8483505, 0, -13.348351)","score":1.3187809}
[RealtimeAIController] Mage -> Move (#8) score:1.32
[CombatArena] ExecuteMovement: player_mage -> (-7.8483505, 0, -13.348351)
[CombatArena] [STATE] PlayerDecision -> ActionExecution
[RealtimeAIController] State: PlayerDecision -> ActionExecution
[CombatArena] Mage moved from (-7.8483505, 0, -10.990802) to (-7.8483505, 0, -13.348351), distance: 2.4
[CombatArena] [STATE] ActionExecution -> PlayerDecision
[RealtimeAIController] State: ActionExecution -> PlayerDecision
[AutoBattlerManager] Action: player_mage -> Move to (-7.8483505, 0, -13.348351) (OK)
[COMBAT_LOG] {"ts":1770377386027,"event":"DECISION","unit":"player_mage","action":"EndTurn","score":0.106683426}
[RealtimeAIController] Mage -> EndTurn (#9) score:0.11
[RealtimeAIController] Calling EndCurrentTurn()
[CombatArena] [STATE] PlayerDecision -> TurnEnd
[RealtimeAIController] State: PlayerDecision -> TurnEnd
[CombatArena] [TURN] Round 1, Orc Brute
[CombatArena] [STATE] TurnEnd -> TurnStart
[RealtimeAIController] State: TurnEnd -> TurnStart
[CombatArena] [STATE] TurnStart -> AIDecision
[RealtimeAIController] State: TurnStart -> AIDecision
[CombatArena] Camera focusing on Orc Brute via hooks
[CombatArena] SelectCombatant called: enemy_orc_brute
[CombatArena] Selected: enemy_orc_brute
[CombatArena] Turn started: Orc Brute (AI)
[COMBAT_LOG] {"ts":1770377386033,"event":"TURN_START","turn":7,"round":1,"unit":"enemy_orc_brute","unit_name":"Orc Brute","faction":"Hostile","hp":42,"max_hp":48,"ap":"Action | Bonus | Reaction | Move:30/30","pos":[8,0,0]}
[RealtimeAIController] Turn started for Orc Brute
[COMBAT_LOG] {"ts":1770377386033,"event":"DECISION","unit":"enemy_orc_brute","action":"Move","target":"(-7, 0, -15)","score":1.2218366}
[RealtimeAIController] Orc Brute -> Move (#1) score:1.22
[CombatArena] ExecuteMovement: enemy_orc_brute -> (-7, 0, -15)
[CombatArena] [STATE] AIDecision -> ActionExecution
[RealtimeAIController] State: AIDecision -> ActionExecution
[CombatArena] Orc Brute moved from (8, 0, 0) to (-7, 0, -15), distance: 21.2
[CombatArena] [STATE] ActionExecution -> AIDecision
[RealtimeAIController] State: ActionExecution -> AIDecision
[AutoBattlerManager] Action: enemy_orc_brute -> Move to (-7, 0, -15) (OK)
[COMBAT_LOG] {"ts":1770377386143,"event":"DECISION","unit":"enemy_orc_brute","action":"Move","target":"(-11.393398, 0, -10.606602)","score":1.2506233}
[RealtimeAIController] Orc Brute -> Move (#2) score:1.25
[CombatArena] ExecuteMovement: enemy_orc_brute -> (-11.393398, 0, -10.606602)
[CombatArena] [STATE] AIDecision -> ActionExecution
[RealtimeAIController] State: AIDecision -> ActionExecution
[CombatArena] Orc Brute moved from (-7, 0, -15) to (-11.393398, 0, -10.606602), distance: 6.2
[CombatArena] [STATE] ActionExecution -> AIDecision
[RealtimeAIController] State: ActionExecution -> AIDecision
[AutoBattlerManager] Action: enemy_orc_brute -> Move to (-11.393398, 0, -10.606602) (OK)
[COMBAT_LOG] {"ts":1770377386253,"event":"DECISION","unit":"enemy_orc_brute","action":"Move","target":"(-13.966991, 0, -10.606602)","score":1.3122919}
[RealtimeAIController] Orc Brute -> Move (#3) score:1.31
[CombatArena] ExecuteMovement: enemy_orc_brute -> (-13.966991, 0, -10.606602)
[CombatArena] [STATE] AIDecision -> ActionExecution
[RealtimeAIController] State: AIDecision -> ActionExecution
[CombatArena] Orc Brute moved from (-11.393398, 0, -10.606602) to (-13.966991, 0, -10.606602), distance: 2.6
[CombatArena] [STATE] ActionExecution -> AIDecision
[RealtimeAIController] State: ActionExecution -> AIDecision
[AutoBattlerManager] Action: enemy_orc_brute -> Move to (-13.966991, 0, -10.606602) (OK)
[COMBAT_LOG] {"ts":1770377386363,"event":"DECISION","unit":"enemy_orc_brute","action":"Dash","score":3.179657}
[RealtimeAIController] Orc Brute -> Dash (#4) score:3.18
[AutoBattlerManager] Action: enemy_orc_brute -> Dash (OK)
[COMBAT_LOG] {"ts":1770377386472,"event":"DECISION","unit":"enemy_orc_brute","action":"Move","target":"(16.033009, 0, -10.606602)","score":1.3134575}
[RealtimeAIController] Orc Brute -> Move (#5) score:1.31
[CombatArena] ExecuteMovement: enemy_orc_brute -> (16.033009, 0, -10.606602)
[CombatArena] [STATE] AIDecision -> ActionExecution
[RealtimeAIController] State: AIDecision -> ActionExecution
[CombatArena] Orc Brute moved from (-13.966991, 0, -10.606602) to (16.033009, 0, -10.606602), distance: 30.0
[CombatArena] [STATE] ActionExecution -> AIDecision
[RealtimeAIController] State: ActionExecution -> AIDecision
[AutoBattlerManager] Action: enemy_orc_brute -> Move to (16.033009, 0, -10.606602) (OK)
[COMBAT_LOG] {"ts":1770377386582,"event":"DECISION","unit":"enemy_orc_brute","action":"EndTurn","score":0.10866682}
[RealtimeAIController] Orc Brute -> EndTurn (#6) score:0.11
[RealtimeAIController] Calling EndCurrentTurn()
[CombatArena] [STATE] AIDecision -> TurnEnd
[RealtimeAIController] State: AIDecision -> TurnEnd
[CombatArena] [TURN] Round 1, Cleric
[CombatArena] [STATE] TurnEnd -> TurnStart
[RealtimeAIController] State: TurnEnd -> TurnStart
[CombatArena] [STATE] TurnStart -> PlayerDecision
[RealtimeAIController] State: TurnStart -> PlayerDecision
[CombatArena] Camera focusing on Cleric via hooks
[CombatArena] SelectCombatant called: player_cleric
[CombatArena] Selected: player_cleric
[CombatArena] Turn started: Cleric (Player)
[COMBAT_LOG] {"ts":1770377386589,"event":"TURN_START","turn":8,"round":1,"unit":"player_cleric","unit_name":"Cleric","faction":"Player","hp":44,"max_hp":44,"ap":"Action | Bonus | Reaction | Move:30/30","pos":[-1,0,-3]}
[AutoBattlerManager] Turn limit reached (8)
[AutoBattleWatchdog] Monitoring STOPPED
[RealtimeAIController] Processing DISABLED
[COMBAT_LOG] {"ts":1770377386590,"event":"BATTLE_END","winner":"Draw (timeout)","total_turns":8,"total_rounds":1,"duration_ms":6462}

â•”â•â•â•â•â•â•â•â•â•â•â•â•â•â•â•â•â•â•â•â•â•â•â•â•â•â•â•â•â•â•â•â•â•â•â•â•â•â•â•â•â•â•â•â•â•â•â•â•â•â•â•â•—
â•‘             AUTO-BATTLE RESULTS                   â•‘
â•šâ•â•â•â•â•â•â•â•â•â•â•â•â•â•â•â•â•â•â•â•â•â•â•â•â•â•â•â•â•â•â•â•â•â•â•â•â•â•â•â•â•â•â•â•â•â•â•â•â•â•â•â•

  Winner:       Draw (timeout)
  Total Turns:  8
  Total Rounds: 1
  Duration:     6462ms
  Completed:    False
  End Reason:   max_turns_exceeded
  Seed:         1003

  Surviving Units:
    - Fighter (player_fighter) HP:42/52
    - Mage (player_mage) HP:32/32
    - Cleric (player_cleric) HP:44/44
    - Rogue (player_rogue) HP:36/36
    - Orc Brute (enemy_orc_brute) HP:42/48
    - Orc Archer (enemy_orc_archer) HP:25/30
    - Goblin Skirmisher (enemy_goblin) HP:22/22
    - Goblin Shaman (enemy_shaman) HP:28/28

AUTO-BATTLE: FAILED (max_turns_exceeded)
[RealtimeAIController] Turn started for Cleric
[RealtimeAIController] Cleric -> Attack (#1) score:0.71
[CombatArena] ExecuteAbility: player_cleric -> basic_attack -> enemy_orc_brute
[CombatArena] [STATE] PlayerDecision -> ActionExecution
[RealtimeAIController] State: PlayerDecision -> ActionExecution
[CombatArena] Cleric used basic_attack on Orc Brute: damage:10
[CombatArena] ClearSelection called
[AutoBattlerManager] Action: player_cleric -> Attack:basic_attack->enemy_orc_brute (OK)
