[0;32m[INFO][0m Using Godot: godot
[0;32m[INFO][0m Project dir: /home/martin/repos/qdnd
[0;32m[INFO][0m Running auto-battle...
[0;36mâ•â•â•â•â•â•â•â•â•â•â•â•â•â•â•â•â•â•â•â•â•â•â•â•â•â•â•â•â•â•â•â•â•â•â•â•â•â•â•â•â•â•â•â•â•â•â•â•â•â•â•[0m
Godot Engine v4.6.stable.mono.official.89cea1439 - https://godotengine.org

[CLIEntryPoint] Raw args: res://Tools/CLIRunner.tscn
[CLIEntryPoint] User args: --run-autobattle --seed 1012 --freeze-timeout 10 --loop-threshold 20 --max-turns 8 --log-file artifacts/autobattle/stress2/seed_1012.jsonl
[CLIEntryPoint] Parsed args: run-autobattle=true, seed=1012, freeze-timeout=10, loop-threshold=20, max-turns=8, log-file=artifacts/autobattle/stress2/seed_1012.jsonl
[CLIEntryPoint] Checking modes: run-tests=False, run-simulation=False, run-autobattle=True
=== IN-ENGINE AUTO-BATTLE RUN ===
Timestamp: 2026-02-06T11:30:50.7165161Z
NOTE: Running the REAL CombatArena.tscn scene with AI control.

Seed: 1012
Scenario: res://Data/Scenarios/autobattle_4v4.json
Log file: artifacts/autobattle/stress2/seed_1012.jsonl
Max rounds: 100
Max turns: 8
Watchdog freeze timeout: 10s
Watchdog loop threshold: 20

[AutoBattlerManager] === STARTING IN-ENGINE AUTO-BATTLE ===
[AutoBattlerManager] Seed: 1012
[AutoBattlerManager] Scenario: res://Data/Scenarios/autobattle_4v4.json
[AutoBattlerManager] Loading scene: res://Combat/Arena/CombatArena.tscn
[CombatArena] === COMBAT ARENA INITIALIZING ===
[CombatArena] Ground collision plane created (100x100m at Y=0)
[CombatArena] CombatContext created
[CombatContext] Registered service: CombatStateMachine
[CombatContext] Registered service: TurnQueueService
[CombatContext] Registered service: CommandService
[CombatContext] Registered service: CombatLog
[CombatContext] Registered service: ScenarioLoader
[Registry] Loaded from /home/martin/repos/qdnd/Data:
  - 7 abilities
  - 6 statuses
  - 20 scenarios
[INFO] [Registry] Dependencies: Checked 7 abilities, 6 statuses, 20 scenarios
[Registry] Validation complete: 0 errors, 0 warnings
[CombatContext] Registered service: DataRegistry
[CombatContext] Registered service: RulesEngine
[CombatContext] Registered service: StatusManager
[CombatContext] Registered service: EffectPipeline
[CombatContext] Registered service: TargetValidator
[CombatContext] Registered service: ReactionSystem
[CombatContext] Registered service: LOSService
[CombatContext] Registered service: HeightService
[CombatContext] Registered service: AIDecisionPipeline
[CombatContext] Registered service: MovementService
[CombatContext] Registered service: SurfaceManager
[CombatContext] Registered service: PresentationRequestBus
[CombatContext] Registered service: CameraStateHooks
[CombatArena] UI Models initialized
[CombatArena] Services registered: 18
[CombatArena] Loaded scenario: 8 combatants
[CombatArena] Loaded scenario from: res://Data/Scenarios/autobattle_4v4.json
[CombatArena] Registered default abilities: basic_attack, ranged_attack, power_strike
[CombatArena] Instantiating visual from scene for Fighter
[CombatantVisual] CollisionShape3D found for Fighter
[CombatantVisual] Fighter initialized - Layer: 2, Mask: 0, Pickable: True, HasShape: True
[CombatArena] Spawned visual for Fighter at (0, 0, 0), Layer: 2, InTree: True
[CombatArena] Instantiating visual from scene for Mage
[CombatantVisual] CollisionShape3D found for Mage
[CombatantVisual] Mage initialized - Layer: 2, Mask: 0, Pickable: True, HasShape: True
[CombatArena] Spawned visual for Mage at (-3, 0, -1), Layer: 2, InTree: True
[CombatArena] Instantiating visual from scene for Cleric
[CombatantVisual] CollisionShape3D found for Cleric
[CombatantVisual] Cleric initialized - Layer: 2, Mask: 0, Pickable: True, HasShape: True
[CombatArena] Spawned visual for Cleric at (-1, 0, -3), Layer: 2, InTree: True
[CombatArena] Instantiating visual from scene for Rogue
[CombatantVisual] CollisionShape3D found for Rogue
[CombatantVisual] Rogue initialized - Layer: 2, Mask: 0, Pickable: True, HasShape: True
[CombatArena] Spawned visual for Rogue at (2, 0, -2), Layer: 2, InTree: True
[CombatArena] Instantiating visual from scene for Orc Brute
[CombatantVisual] CollisionShape3D found for Orc Brute
[CombatantVisual] Orc Brute initialized - Layer: 2, Mask: 0, Pickable: True, HasShape: True
[CombatArena] Spawned visual for Orc Brute at (8, 0, 0), Layer: 2, InTree: True
[CombatArena] Instantiating visual from scene for Orc Archer
[CombatantVisual] CollisionShape3D found for Orc Archer
[CombatantVisual] Orc Archer initialized - Layer: 2, Mask: 0, Pickable: True, HasShape: True
[CombatArena] Spawned visual for Orc Archer at (10, 0, 2), Layer: 2, InTree: True
[CombatArena] Instantiating visual from scene for Goblin Skirmisher
[CombatantVisual] CollisionShape3D found for Goblin Skirmisher
[CombatantVisual] Goblin Skirmisher initialized - Layer: 2, Mask: 0, Pickable: True, HasShape: True
[CombatArena] Spawned visual for Goblin Skirmisher at (7, 0, 3), Layer: 2, InTree: True
[CombatArena] Instantiating visual from scene for Goblin Shaman
[CombatantVisual] CollisionShape3D found for Goblin Shaman
[CombatantVisual] Goblin Shaman initialized - Layer: 2, Mask: 0, Pickable: True, HasShape: True
[CombatArena] Spawned visual for Goblin Shaman at (10, 0, -1), Layer: 2, InTree: True
[CombatArena] [STATE] NotInCombat -> CombatStart
[CombatArena] [TURN] Round 1, Rogue
[CombatArena] [STATE] CombatStart -> TurnStart
[CombatArena] Round 1: Reset reactions for all combatants
[CombatArena] [STATE] TurnStart -> PlayerDecision
[CombatArena] Camera focusing on Rogue via hooks
[CombatArena] SelectCombatant called: player_rogue
[CombatArena] Selected: player_rogue
[CombatArena] Turn started: Rogue (Player)
[CombatArena] === COMBAT ARENA READY ===
[AutoBattlerManager] CombatArena added to scene tree
[AutoBattleWatchdog] Ready
[AutoBattlerManager] Watchdog created
[RealtimeAIController] Ready
[AutoBattlerManager] RealtimeAIController created
[AutoBattleWatchdog] Monitoring STARTED (freeze: 10s, loop: 20 in 1s)
[AutoBattlerManager] Scene loaded, waiting for combat to start...
[AutoBattlerManager] Arena ready, attaching AI controller...
[RealtimeAIController] Subscribed to state machine
[RealtimeAIController] Attached to CombatArena
[COMBAT_LOG] {"ts":1770377450956,"event":"BATTLE_START","seed":1012,"units":[{"id":"player_fighter","name":"Fighter","faction":"Player","hp":52,"max_hp":52,"pos":[0,0,0],"alive":true},{"id":"player_mage","name":"Mage","faction":"Player","hp":32,"max_hp":32,"pos":[-3,0,-1],"alive":true},{"id":"player_cleric","name":"Cleric","faction":"Player","hp":44,"max_hp":44,"pos":[-1,0,-3],"alive":true},{"id":"player_rogue","name":"Rogue","faction":"Player","hp":36,"max_hp":36,"pos":[2,0,-2],"alive":true},{"id":"enemy_orc_brute","name":"Orc Brute","faction":"Hostile","hp":48,"max_hp":48,"pos":[8,0,0],"alive":true},{"id":"enemy_orc_archer","name":"Orc Archer","faction":"Hostile","hp":30,"max_hp":30,"pos":[10,0,2],"alive":true},{"id":"enemy_goblin","name":"Goblin Skirmisher","faction":"Hostile","hp":22,"max_hp":22,"pos":[7,0,3],"alive":true},{"id":"enemy_shaman","name":"Goblin Shaman","faction":"Hostile","hp":28,"max_hp":28,"pos":[10,0,-1],"alive":true}]}
[AutoBattlerManager] Enabling AI processing...
[RealtimeAIController] Processing ENABLED
[COMBAT_LOG] {"ts":1770377451304,"event":"TURN_START","turn":1,"round":1,"unit":"player_rogue","unit_name":"Rogue","faction":"Player","hp":36,"max_hp":36,"ap":"Action | Bonus | Reaction | Move:30/30","pos":[2,0,-2]}
[RealtimeAIController] Turn started for Rogue
[COMBAT_LOG] {"ts":1770377451315,"event":"DECISION","unit":"player_rogue","action":"Attack","target":"enemy_goblin","score":0.7062688}
[RealtimeAIController] Rogue -> Attack (#1) score:0.71
[CombatArena] ExecuteAbility: player_rogue -> basic_attack -> enemy_goblin
[CombatArena] [STATE] PlayerDecision -> ActionExecution
[RealtimeAIController] State: PlayerDecision -> ActionExecution
[CombatArena] Rogue used basic_attack on Goblin Skirmisher: damage:6
[CombatArena] ClearSelection called
[AutoBattlerManager] Action: player_rogue -> Attack:basic_attack->enemy_goblin (OK)
[CombatArena] [STATE] ActionExecution -> PlayerDecision
[RealtimeAIController] State: ActionExecution -> PlayerDecision
[COMBAT_LOG] {"ts":1770377451895,"event":"DECISION","unit":"player_rogue","action":"Move","target":"(-13, 0, -2)","score":0.6581638}
[RealtimeAIController] Rogue -> Move (#2) score:0.66
[CombatArena] ExecuteMovement: player_rogue -> (-13, 0, -2)
[CombatArena] [STATE] PlayerDecision -> ActionExecution
[RealtimeAIController] State: PlayerDecision -> ActionExecution
[CombatArena] Rogue moved from (2, 0, -2) to (-13, 0, -2), distance: 15.0
[CombatArena] [STATE] ActionExecution -> PlayerDecision
[RealtimeAIController] State: ActionExecution -> PlayerDecision
[AutoBattlerManager] Action: player_rogue -> Move to (-13, 0, -2) (OK)
[COMBAT_LOG] {"ts":1770377452004,"event":"DECISION","unit":"player_rogue","action":"Move","target":"(-5.5, 0, -2)","score":0.65951276}
[RealtimeAIController] Rogue -> Move (#3) score:0.66
[CombatArena] ExecuteMovement: player_rogue -> (-5.5, 0, -2)
[CombatArena] [STATE] PlayerDecision -> ActionExecution
[RealtimeAIController] State: PlayerDecision -> ActionExecution
[CombatArena] Rogue moved from (-13, 0, -2) to (-5.5, 0, -2), distance: 7.5
[CombatArena] [STATE] ActionExecution -> PlayerDecision
[RealtimeAIController] State: ActionExecution -> PlayerDecision
[AutoBattlerManager] Action: player_rogue -> Move to (-5.5, 0, -2) (OK)
[COMBAT_LOG] {"ts":1770377452114,"event":"DECISION","unit":"player_rogue","action":"Move","target":"(2, 0, -2)","score":0.6572061}
[RealtimeAIController] Rogue -> Move (#4) score:0.66
[CombatArena] ExecuteMovement: player_rogue -> (2, 0, -2)
[CombatArena] [STATE] PlayerDecision -> ActionExecution
[RealtimeAIController] State: PlayerDecision -> ActionExecution
[CombatArena] Rogue moved from (-5.5, 0, -2) to (2, 0, -2), distance: 7.5
[CombatArena] [STATE] ActionExecution -> PlayerDecision
[RealtimeAIController] State: ActionExecution -> PlayerDecision
[AutoBattlerManager] Action: player_rogue -> Move to (2, 0, -2) (OK)
[COMBAT_LOG] {"ts":1770377452223,"event":"DECISION","unit":"player_rogue","action":"EndTurn","score":0.105840065}
[RealtimeAIController] Rogue -> EndTurn (#5) score:0.11
[RealtimeAIController] Calling EndCurrentTurn()
[CombatArena] [STATE] PlayerDecision -> TurnEnd
[RealtimeAIController] State: PlayerDecision -> TurnEnd
[CombatArena] [TURN] Round 1, Goblin Skirmisher
[CombatArena] [STATE] TurnEnd -> TurnStart
[RealtimeAIController] State: TurnEnd -> TurnStart
[CombatArena] [STATE] TurnStart -> AIDecision
[RealtimeAIController] State: TurnStart -> AIDecision
[CombatArena] Camera focusing on Goblin Skirmisher via hooks
[CombatArena] SelectCombatant called: enemy_goblin
[CombatArena] Selected: enemy_goblin
[CombatArena] Turn started: Goblin Skirmisher (AI)
[COMBAT_LOG] {"ts":1770377452230,"event":"TURN_START","turn":2,"round":1,"unit":"enemy_goblin","unit_name":"Goblin Skirmisher","faction":"Hostile","hp":16,"max_hp":22,"ap":"Action | Bonus | Reaction | Move:30/30","pos":[7,0,3]}
[RealtimeAIController] Turn started for Goblin Skirmisher
[COMBAT_LOG] {"ts":1770377452230,"event":"DECISION","unit":"enemy_goblin","action":"Attack","target":"player_mage","score":1.0503569}
[RealtimeAIController] Goblin Skirmisher -> Attack (#1) score:1.05
[CombatArena] ExecuteAbility: enemy_goblin -> basic_attack -> player_mage
[CombatArena] [STATE] AIDecision -> ActionExecution
[RealtimeAIController] State: AIDecision -> ActionExecution
[CombatArena] Goblin Skirmisher used basic_attack on Mage: damage:10
[CombatArena] ClearSelection called
[AutoBattlerManager] Action: enemy_goblin -> Attack:basic_attack->player_mage (OK)
[CombatArena] [STATE] ActionExecution -> AIDecision
[RealtimeAIController] State: ActionExecution -> AIDecision
[COMBAT_LOG] {"ts":1770377452827,"event":"DECISION","unit":"enemy_goblin","action":"Move","target":"(22, 0, 3)","score":0.65215206}
[RealtimeAIController] Goblin Skirmisher -> Move (#2) score:0.65
[CombatArena] ExecuteMovement: enemy_goblin -> (22, 0, 3)
[CombatArena] [STATE] AIDecision -> ActionExecution
[RealtimeAIController] State: AIDecision -> ActionExecution
[CombatArena] Goblin Skirmisher moved from (7, 0, 3) to (22, 0, 3), distance: 15.0
[CombatArena] [STATE] ActionExecution -> AIDecision
[RealtimeAIController] State: ActionExecution -> AIDecision
[AutoBattlerManager] Action: enemy_goblin -> Move to (22, 0, 3) (OK)
[COMBAT_LOG] {"ts":1770377452937,"event":"DECISION","unit":"enemy_goblin","action":"Move","target":"(22, 0, -12)","score":0.6590673}
[RealtimeAIController] Goblin Skirmisher -> Move (#3) score:0.66
[CombatArena] ExecuteMovement: enemy_goblin -> (22, 0, -12)
[CombatArena] [STATE] AIDecision -> ActionExecution
[RealtimeAIController] State: AIDecision -> ActionExecution
[CombatArena] Goblin Skirmisher moved from (22, 0, 3) to (22, 0, -12), distance: 15.0
[CombatArena] [STATE] ActionExecution -> AIDecision
[RealtimeAIController] State: ActionExecution -> AIDecision
[AutoBattlerManager] Action: enemy_goblin -> Move to (22, 0, -12) (OK)
[COMBAT_LOG] {"ts":1770377453046,"event":"DECISION","unit":"enemy_goblin","action":"EndTurn","score":0.10870305}
[RealtimeAIController] Goblin Skirmisher -> EndTurn (#4) score:0.11
[RealtimeAIController] Calling EndCurrentTurn()
[CombatArena] [STATE] AIDecision -> TurnEnd
[RealtimeAIController] State: AIDecision -> TurnEnd
[CombatArena] [TURN] Round 1, Fighter
[CombatArena] [STATE] TurnEnd -> TurnStart
[RealtimeAIController] State: TurnEnd -> TurnStart
[CombatArena] [STATE] TurnStart -> PlayerDecision
[RealtimeAIController] State: TurnStart -> PlayerDecision
[CombatArena] Camera focusing on Fighter via hooks
[CombatArena] SelectCombatant called: player_fighter
[CombatArena] Selected: player_fighter
[CombatArena] Turn started: Fighter (Player)
[COMBAT_LOG] {"ts":1770377453053,"event":"TURN_START","turn":3,"round":1,"unit":"player_fighter","unit_name":"Fighter","faction":"Player","hp":52,"max_hp":52,"ap":"Action | Bonus | Reaction | Move:30/30","pos":[0,0,0]}
[RealtimeAIController] Turn started for Fighter
[COMBAT_LOG] {"ts":1770377453053,"event":"DECISION","unit":"player_fighter","action":"Attack","target":"enemy_goblin","score":0.70184356}
[RealtimeAIController] Fighter -> Attack (#1) score:0.70
[CombatArena] ExecuteAbility: player_fighter -> basic_attack -> enemy_goblin
[CombatArena] [STATE] PlayerDecision -> ActionExecution
[RealtimeAIController] State: PlayerDecision -> ActionExecution
[CombatArena] Fighter used basic_attack on Goblin Skirmisher: damage:5
[CombatArena] ClearSelection called
[AutoBattlerManager] Action: player_fighter -> Attack:basic_attack->enemy_goblin (OK)
[CombatArena] [STATE] ActionExecution -> PlayerDecision
[RealtimeAIController] State: ActionExecution -> PlayerDecision
[COMBAT_LOG] {"ts":1770377453650,"event":"DECISION","unit":"player_fighter","action":"Move","target":"(0, 0, -15)","score":0.6491198}
[RealtimeAIController] Fighter -> Move (#2) score:0.65
[CombatArena] ExecuteMovement: player_fighter -> (0, 0, -15)
[CombatArena] [STATE] PlayerDecision -> ActionExecution
[RealtimeAIController] State: PlayerDecision -> ActionExecution
[CombatArena] Fighter moved from (0, 0, 0) to (0, 0, -15), distance: 15.0
[CombatArena] [STATE] ActionExecution -> PlayerDecision
[RealtimeAIController] State: ActionExecution -> PlayerDecision
[AutoBattlerManager] Action: player_fighter -> Move to (0, 0, -15) (OK)
[COMBAT_LOG] {"ts":1770377453759,"event":"DECISION","unit":"player_fighter","action":"Move","target":"(-7.5, 0, -22.5)","score":0.65998036}
[RealtimeAIController] Fighter -> Move (#3) score:0.66
[CombatArena] ExecuteMovement: player_fighter -> (-7.5, 0, -22.5)
[CombatArena] [STATE] PlayerDecision -> ActionExecution
[RealtimeAIController] State: PlayerDecision -> ActionExecution
[CombatArena] Fighter moved from (0, 0, -15) to (-7.5, 0, -22.5), distance: 10.6
[CombatArena] [STATE] ActionExecution -> PlayerDecision
[RealtimeAIController] State: ActionExecution -> PlayerDecision
[AutoBattlerManager] Action: player_fighter -> Move to (-7.5, 0, -22.5) (OK)
[COMBAT_LOG] {"ts":1770377453869,"event":"DECISION","unit":"player_fighter","action":"Move","target":"(-7.5, 0, -24.6967)","score":0.65462077}
[RealtimeAIController] Fighter -> Move (#4) score:0.65
[CombatArena] ExecuteMovement: player_fighter -> (-7.5, 0, -24.6967)
[CombatArena] [STATE] PlayerDecision -> ActionExecution
[RealtimeAIController] State: PlayerDecision -> ActionExecution
[CombatArena] Fighter moved from (-7.5, 0, -22.5) to (-7.5, 0, -24.6967), distance: 2.2
[CombatArena] [STATE] ActionExecution -> PlayerDecision
[RealtimeAIController] State: ActionExecution -> PlayerDecision
[AutoBattlerManager] Action: player_fighter -> Move to (-7.5, 0, -24.6967) (OK)
[COMBAT_LOG] {"ts":1770377453979,"event":"DECISION","unit":"player_fighter","action":"Move","target":"(-8.59835, 0, -23.59835)","score":0.6510459}
[RealtimeAIController] Fighter -> Move (#5) score:0.65
[CombatArena] ExecuteMovement: player_fighter -> (-8.59835, 0, -23.59835)
[CombatArena] [STATE] PlayerDecision -> ActionExecution
[RealtimeAIController] State: PlayerDecision -> ActionExecution
[CombatArena] Fighter moved from (-7.5, 0, -24.6967) to (-8.59835, 0, -23.59835), distance: 1.6
[CombatArena] [STATE] ActionExecution -> PlayerDecision
[RealtimeAIController] State: ActionExecution -> PlayerDecision
[AutoBattlerManager] Action: player_fighter -> Move to (-8.59835, 0, -23.59835) (OK)
[COMBAT_LOG] {"ts":1770377454088,"event":"DECISION","unit":"player_fighter","action":"Move","target":"(-8.920049, 0, -23.92005)","score":0.6588163}
[RealtimeAIController] Fighter -> Move (#6) score:0.66
[CombatArena] ExecuteMovement: player_fighter -> (-8.920049, 0, -23.92005)
[CombatArena] [STATE] PlayerDecision -> ActionExecution
[RealtimeAIController] State: PlayerDecision -> ActionExecution
[CombatArena] Fighter moved from (-8.59835, 0, -23.59835) to (-8.920049, 0, -23.92005), distance: 0.5
[CombatArena] [STATE] ActionExecution -> PlayerDecision
[RealtimeAIController] State: ActionExecution -> PlayerDecision
[AutoBattlerManager] Action: player_fighter -> Move to (-8.920049, 0, -23.92005) (OK)
[COMBAT_LOG] {"ts":1770377454198,"event":"DECISION","unit":"player_fighter","action":"Move","target":"(-9.014273, 0, -23.825827)","score":0.6553168}
[RealtimeAIController] Fighter -> Move (#7) score:0.66
[CombatArena] ExecuteMovement: player_fighter -> (-9.014273, 0, -23.825827)
[CombatArena] [STATE] PlayerDecision -> ActionExecution
[RealtimeAIController] State: PlayerDecision -> ActionExecution
[CombatArena] Fighter moved from (-8.920049, 0, -23.92005) to (-9.014273, 0, -23.825827), distance: 0.1
[CombatArena] [STATE] ActionExecution -> PlayerDecision
[RealtimeAIController] State: ActionExecution -> PlayerDecision
[AutoBattlerManager] Action: player_fighter -> Move to (-9.014273, 0, -23.825827) (OK)
[COMBAT_LOG] {"ts":1770377454308,"event":"DECISION","unit":"player_fighter","action":"Move","target":"(-9.04187, 0, -23.825827)","score":0.6459267}
[RealtimeAIController] Fighter -> Move (#8) score:0.65
[CombatArena] ExecuteMovement: player_fighter -> (-9.04187, 0, -23.825827)
[CombatArena] [STATE] PlayerDecision -> ActionExecution
[RealtimeAIController] State: PlayerDecision -> ActionExecution
[CombatArena] Fighter moved from (-9.014273, 0, -23.825827) to (-9.04187, 0, -23.825827), distance: 0.0
[CombatArena] [STATE] ActionExecution -> PlayerDecision
[RealtimeAIController] State: ActionExecution -> PlayerDecision
[AutoBattlerManager] Action: player_fighter -> Move to (-9.04187, 0, -23.825827) (OK)
[COMBAT_LOG] {"ts":1770377454417,"event":"DECISION","unit":"player_fighter","action":"Move","target":"(-9.028071, 0, -23.812027)","score":0.65877116}
[RealtimeAIController] Fighter -> Move (#9) score:0.66
[CombatArena] ExecuteMovement: player_fighter -> (-9.028071, 0, -23.812027)
[CombatArena] [STATE] PlayerDecision -> ActionExecution
[RealtimeAIController] State: PlayerDecision -> ActionExecution
[CombatArena] Fighter moved from (-9.04187, 0, -23.825827) to (-9.028071, 0, -23.812027), distance: 0.0
[CombatArena] [STATE] ActionExecution -> PlayerDecision
[RealtimeAIController] State: ActionExecution -> PlayerDecision
[AutoBattlerManager] Action: player_fighter -> Move to (-9.028071, 0, -23.812027) (OK)
[COMBAT_LOG] {"ts":1770377454527,"event":"DECISION","unit":"player_fighter","action":"Move","target":"(-9.02403, 0, -23.807985)","score":0.6575356}
[RealtimeAIController] Fighter -> Move (#10) score:0.66
[CombatArena] ExecuteMovement: player_fighter -> (-9.02403, 0, -23.807985)
[CombatArena] [STATE] PlayerDecision -> ActionExecution
[RealtimeAIController] State: PlayerDecision -> ActionExecution
[CombatArena] Fighter moved from (-9.028071, 0, -23.812027) to (-9.02403, 0, -23.807985), distance: 0.0
[CombatArena] [STATE] ActionExecution -> PlayerDecision
[RealtimeAIController] State: ActionExecution -> PlayerDecision
[AutoBattlerManager] Action: player_fighter -> Move to (-9.02403, 0, -23.807985) (OK)
[COMBAT_LOG] {"ts":1770377454637,"event":"DECISION","unit":"player_fighter","action":"Move","target":"(-9.025213, 0, -23.8068)","score":0.65847945}
[RealtimeAIController] Fighter -> Move (#11) score:0.66
[CombatArena] ExecuteMovement: player_fighter -> (-9.025213, 0, -23.8068)
[CombatArena] [STATE] PlayerDecision -> ActionExecution
[RealtimeAIController] State: PlayerDecision -> ActionExecution
[CombatArena] Fighter moved from (-9.02403, 0, -23.807985) to (-9.025213, 0, -23.8068), distance: 0.0
[CombatArena] [STATE] ActionExecution -> PlayerDecision
[RealtimeAIController] State: ActionExecution -> PlayerDecision
[AutoBattlerManager] Action: player_fighter -> Move to (-9.025213, 0, -23.8068) (OK)
[COMBAT_LOG] {"ts":1770377454746,"event":"DECISION","unit":"player_fighter","action":"Move","target":"(-9.024867, 0, -23.807148)","score":0.65359956}
[RealtimeAIController] Fighter -> Move (#12) score:0.65
[CombatArena] ExecuteMovement: player_fighter -> (-9.024867, 0, -23.807148)
[CombatArena] [STATE] PlayerDecision -> ActionExecution
[RealtimeAIController] State: PlayerDecision -> ActionExecution
[CombatArena] Fighter moved from (-9.025213, 0, -23.8068) to (-9.024867, 0, -23.807148), distance: 0.0
[CombatArena] [STATE] ActionExecution -> PlayerDecision
[RealtimeAIController] State: ActionExecution -> PlayerDecision
[AutoBattlerManager] Action: player_fighter -> Move to (-9.024867, 0, -23.807148) (OK)
[COMBAT_LOG] {"ts":1770377454856,"event":"DECISION","unit":"player_fighter","action":"Move","target":"(-9.024867, 0, -23.80735)","score":0.6552346}
[RealtimeAIController] Fighter -> Move (#13) score:0.66
[CombatArena] ExecuteMovement: player_fighter -> (-9.024867, 0, -23.80735)
[CombatArena] [STATE] PlayerDecision -> ActionExecution
[RealtimeAIController] State: PlayerDecision -> ActionExecution
[CombatArena] Fighter moved from (-9.024867, 0, -23.807148) to (-9.024867, 0, -23.80735), distance: 0.0
[CombatArena] [STATE] ActionExecution -> PlayerDecision
[RealtimeAIController] State: ActionExecution -> PlayerDecision
[AutoBattlerManager] Action: player_fighter -> Move to (-9.024867, 0, -23.80735) (OK)
[COMBAT_LOG] {"ts":1770377454966,"event":"DECISION","unit":"player_fighter","action":"EndTurn","score":0.10202628}
[RealtimeAIController] Fighter -> EndTurn (#14) score:0.10
[RealtimeAIController] Calling EndCurrentTurn()
[CombatArena] [STATE] PlayerDecision -> TurnEnd
[RealtimeAIController] State: PlayerDecision -> TurnEnd
[CombatArena] [TURN] Round 1, Orc Archer
[CombatArena] [STATE] TurnEnd -> TurnStart
[RealtimeAIController] State: TurnEnd -> TurnStart
[CombatArena] [STATE] TurnStart -> AIDecision
[RealtimeAIController] State: TurnStart -> AIDecision
[CombatArena] Camera focusing on Orc Archer via hooks
[CombatArena] SelectCombatant called: enemy_orc_archer
[CombatArena] Selected: enemy_orc_archer
[CombatArena] Turn started: Orc Archer (AI)
[COMBAT_LOG] {"ts":1770377454973,"event":"TURN_START","turn":4,"round":1,"unit":"enemy_orc_archer","unit_name":"Orc Archer","faction":"Hostile","hp":30,"max_hp":30,"ap":"Action | Bonus | Reaction | Move:30/30","pos":[10,0,2]}
[RealtimeAIController] Turn started for Orc Archer
[COMBAT_LOG] {"ts":1770377454973,"event":"DECISION","unit":"enemy_orc_archer","action":"Move","target":"(-5, 0, 2)","score":1.2015057}
[RealtimeAIController] Orc Archer -> Move (#1) score:1.20
[CombatArena] ExecuteMovement: enemy_orc_archer -> (-5, 0, 2)
[CombatArena] [STATE] AIDecision -> ActionExecution
[RealtimeAIController] State: AIDecision -> ActionExecution
[CombatArena] Orc Archer moved from (10, 0, 2) to (-5, 0, 2), distance: 15.0
[CombatArena] [STATE] ActionExecution -> AIDecision
[RealtimeAIController] State: ActionExecution -> AIDecision
[AutoBattlerManager] Action: enemy_orc_archer -> Move to (-5, 0, 2) (OK)
[COMBAT_LOG] {"ts":1770377455083,"event":"DECISION","unit":"enemy_orc_archer","action":"Move","target":"(2.5, 0, -5.5)","score":1.3048762}
[RealtimeAIController] Orc Archer -> Move (#2) score:1.30
[CombatArena] ExecuteMovement: enemy_orc_archer -> (2.5, 0, -5.5)
[CombatArena] [STATE] AIDecision -> ActionExecution
[RealtimeAIController] State: AIDecision -> ActionExecution
[CombatArena] Orc Archer moved from (-5, 0, 2) to (2.5, 0, -5.5), distance: 10.6
[CombatArena] [STATE] ActionExecution -> AIDecision
[RealtimeAIController] State: ActionExecution -> AIDecision
[AutoBattlerManager] Action: enemy_orc_archer -> Move to (2.5, 0, -5.5) (OK)
[COMBAT_LOG] {"ts":1770377455192,"event":"DECISION","unit":"enemy_orc_archer","action":"Move","target":"(2.5, 0, -3.3033009)","score":1.3088039}
[RealtimeAIController] Orc Archer -> Move (#3) score:1.31
[CombatArena] ExecuteMovement: enemy_orc_archer -> (2.5, 0, -3.3033009)
[CombatArena] [STATE] AIDecision -> ActionExecution
[RealtimeAIController] State: AIDecision -> ActionExecution
[CombatArena] Orc Archer moved from (2.5, 0, -5.5) to (2.5, 0, -3.3033009), distance: 2.2
[CombatArena] [STATE] ActionExecution -> AIDecision
[RealtimeAIController] State: ActionExecution -> AIDecision
[AutoBattlerManager] Action: enemy_orc_archer -> Move to (2.5, 0, -3.3033009) (OK)
[COMBAT_LOG] {"ts":1770377455302,"event":"DECISION","unit":"enemy_orc_archer","action":"Move","target":"(2.5, 0, -4.4016504)","score":1.3161776}
[RealtimeAIController] Orc Archer -> Move (#4) score:1.32
[CombatArena] ExecuteMovement: enemy_orc_archer -> (2.5, 0, -4.4016504)
[CombatArena] [STATE] AIDecision -> ActionExecution
[RealtimeAIController] State: AIDecision -> ActionExecution
[CombatArena] Orc Archer moved from (2.5, 0, -3.3033009) to (2.5, 0, -4.4016504), distance: 1.1
[CombatArena] [STATE] ActionExecution -> AIDecision
[RealtimeAIController] State: ActionExecution -> AIDecision
[AutoBattlerManager] Action: enemy_orc_archer -> Move to (2.5, 0, -4.4016504) (OK)
[COMBAT_LOG] {"ts":1770377455411,"event":"DECISION","unit":"enemy_orc_archer","action":"Dash","score":3.2311313}
[RealtimeAIController] Orc Archer -> Dash (#5) score:3.23
[AutoBattlerManager] Action: enemy_orc_archer -> Dash (OK)
[COMBAT_LOG] {"ts":1770377455521,"event":"DECISION","unit":"enemy_orc_archer","action":"Move","target":"(18.049175, 0, 11.147525)","score":0.65450066}
[RealtimeAIController] Orc Archer -> Move (#6) score:0.65
[CombatArena] ExecuteMovement: enemy_orc_archer -> (18.049175, 0, 11.147525)
[CombatArena] [STATE] AIDecision -> ActionExecution
[RealtimeAIController] State: AIDecision -> ActionExecution
[CombatArena] Orc Archer moved from (2.5, 0, -4.4016504) to (18.049175, 0, 11.147525), distance: 22.0
[CombatArena] [STATE] ActionExecution -> AIDecision
[RealtimeAIController] State: ActionExecution -> AIDecision
[AutoBattlerManager] Action: enemy_orc_archer -> Move to (18.049175, 0, 11.147525) (OK)
[COMBAT_LOG] {"ts":1770377455631,"event":"DECISION","unit":"enemy_orc_archer","action":"Move","target":"(22.603424, 0, 11.147525)","score":0.65985286}
[RealtimeAIController] Orc Archer -> Move (#7) score:0.66
[CombatArena] ExecuteMovement: enemy_orc_archer -> (22.603424, 0, 11.147525)
[CombatArena] [STATE] AIDecision -> ActionExecution
[RealtimeAIController] State: AIDecision -> ActionExecution
[CombatArena] Orc Archer moved from (18.049175, 0, 11.147525) to (22.603424, 0, 11.147525), distance: 4.6
[CombatArena] [STATE] ActionExecution -> AIDecision
[RealtimeAIController] State: ActionExecution -> AIDecision
[AutoBattlerManager] Action: enemy_orc_archer -> Move to (22.603424, 0, 11.147525) (OK)
[COMBAT_LOG] {"ts":1770377455741,"event":"DECISION","unit":"enemy_orc_archer","action":"Move","target":"(22.603424, 0, 6.593278)","score":0.65832704}
[RealtimeAIController] Orc Archer -> Move (#8) score:0.66
[CombatArena] ExecuteMovement: enemy_orc_archer -> (22.603424, 0, 6.593278)
[CombatArena] [STATE] AIDecision -> ActionExecution
[RealtimeAIController] State: AIDecision -> ActionExecution
[CombatArena] Orc Archer moved from (22.603424, 0, 11.147525) to (22.603424, 0, 6.593278), distance: 4.6
[CombatArena] [STATE] ActionExecution -> AIDecision
[RealtimeAIController] State: ActionExecution -> AIDecision
[AutoBattlerManager] Action: enemy_orc_archer -> Move to (22.603424, 0, 6.593278) (OK)
[COMBAT_LOG] {"ts":1770377455850,"event":"DECISION","unit":"enemy_orc_archer","action":"EndTurn","score":0.10271604}
[RealtimeAIController] Orc Archer -> EndTurn (#9) score:0.10
[RealtimeAIController] Calling EndCurrentTurn()
[CombatArena] [STATE] AIDecision -> TurnEnd
[RealtimeAIController] State: AIDecision -> TurnEnd
[CombatArena] [TURN] Round 1, Goblin Shaman
[CombatArena] [STATE] TurnEnd -> TurnStart
[RealtimeAIController] State: TurnEnd -> TurnStart
[CombatArena] [STATE] TurnStart -> AIDecision
[RealtimeAIController] State: TurnStart -> AIDecision
[CombatArena] Camera focusing on Goblin Shaman via hooks
[CombatArena] SelectCombatant called: enemy_shaman
[CombatArena] Selected: enemy_shaman
[CombatArena] Turn started: Goblin Shaman (AI)
[COMBAT_LOG] {"ts":1770377455857,"event":"TURN_START","turn":5,"round":1,"unit":"enemy_shaman","unit_name":"Goblin Shaman","faction":"Hostile","hp":28,"max_hp":28,"ap":"Action | Bonus | Reaction | Move:30/30","pos":[10,0,-1]}
[RealtimeAIController] Turn started for Goblin Shaman
[COMBAT_LOG] {"ts":1770377455857,"event":"DECISION","unit":"enemy_shaman","action":"Move","target":"(-5, 0, -1)","score":1.2839249}
[RealtimeAIController] Goblin Shaman -> Move (#1) score:1.28
[CombatArena] ExecuteMovement: enemy_shaman -> (-5, 0, -1)
[CombatArena] [STATE] AIDecision -> ActionExecution
[RealtimeAIController] State: AIDecision -> ActionExecution
[CombatArena] Goblin Shaman moved from (10, 0, -1) to (-5, 0, -1), distance: 15.0
[CombatArena] [STATE] ActionExecution -> AIDecision
[RealtimeAIController] State: ActionExecution -> AIDecision
[AutoBattlerManager] Action: enemy_shaman -> Move to (-5, 0, -1) (OK)
[COMBAT_LOG] {"ts":1770377455967,"event":"DECISION","unit":"enemy_shaman","action":"Move","target":"(2.5, 0, -1)","score":1.2131466}
[RealtimeAIController] Goblin Shaman -> Move (#2) score:1.21
[CombatArena] ExecuteMovement: enemy_shaman -> (2.5, 0, -1)
[CombatArena] [STATE] AIDecision -> ActionExecution
[RealtimeAIController] State: AIDecision -> ActionExecution
[CombatArena] Goblin Shaman moved from (-5, 0, -1) to (2.5, 0, -1), distance: 7.5
[CombatArena] [STATE] ActionExecution -> AIDecision
[RealtimeAIController] State: ActionExecution -> AIDecision
[AutoBattlerManager] Action: enemy_shaman -> Move to (2.5, 0, -1) (OK)
[COMBAT_LOG] {"ts":1770377456076,"event":"DECISION","unit":"enemy_shaman","action":"Move","target":"(2.5, 0, 2.75)","score":1.3069156}
[RealtimeAIController] Goblin Shaman -> Move (#3) score:1.31
[CombatArena] ExecuteMovement: enemy_shaman -> (2.5, 0, 2.75)
[CombatArena] [STATE] AIDecision -> ActionExecution
[RealtimeAIController] State: AIDecision -> ActionExecution
[CombatArena] Goblin Shaman moved from (2.5, 0, -1) to (2.5, 0, 2.75), distance: 3.8
[CombatArena] [STATE] ActionExecution -> AIDecision
[RealtimeAIController] State: ActionExecution -> AIDecision
[AutoBattlerManager] Action: enemy_shaman -> Move to (2.5, 0, 2.75) (OK)
[COMBAT_LOG] {"ts":1770377456186,"event":"DECISION","unit":"enemy_shaman","action":"Dash","score":3.0986779}
[RealtimeAIController] Goblin Shaman -> Dash (#4) score:3.10
[AutoBattlerManager] Action: enemy_shaman -> Dash (OK)
[COMBAT_LOG] {"ts":1770377456296,"event":"DECISION","unit":"enemy_shaman","action":"Move","target":"(-31.25, 0, 2.75)","score":0.6577823}
[RealtimeAIController] Goblin Shaman -> Move (#5) score:0.66
[CombatArena] ExecuteMovement: enemy_shaman -> (-31.25, 0, 2.75)
[CombatArena] [STATE] AIDecision -> ActionExecution
[RealtimeAIController] State: AIDecision -> ActionExecution
[CombatArena] Goblin Shaman moved from (2.5, 0, 2.75) to (-31.25, 0, 2.75), distance: 33.8
[CombatArena] [STATE] ActionExecution -> AIDecision
[RealtimeAIController] State: ActionExecution -> AIDecision
[AutoBattlerManager] Action: enemy_shaman -> Move to (-31.25, 0, 2.75) (OK)
[COMBAT_LOG] {"ts":1770377456406,"event":"DECISION","unit":"enemy_shaman","action":"EndTurn","score":0.10744053}
[RealtimeAIController] Goblin Shaman -> EndTurn (#6) score:0.11
[RealtimeAIController] Calling EndCurrentTurn()
[CombatArena] [STATE] AIDecision -> TurnEnd
[RealtimeAIController] State: AIDecision -> TurnEnd
[CombatArena] [TURN] Round 1, Mage
[CombatArena] [STATE] TurnEnd -> TurnStart
[RealtimeAIController] State: TurnEnd -> TurnStart
[CombatArena] [STATE] TurnStart -> PlayerDecision
[RealtimeAIController] State: TurnStart -> PlayerDecision
[CombatArena] Camera focusing on Mage via hooks
[CombatArena] SelectCombatant called: player_mage
[CombatArena] Selected: player_mage
[CombatArena] Turn started: Mage (Player)
[COMBAT_LOG] {"ts":1770377456412,"event":"TURN_START","turn":6,"round":1,"unit":"player_mage","unit_name":"Mage","faction":"Player","hp":22,"max_hp":32,"ap":"Action | Bonus | Reaction | Move:30/30","pos":[-3,0,-1]}
[RealtimeAIController] Turn started for Mage
[COMBAT_LOG] {"ts":1770377456412,"event":"DECISION","unit":"player_mage","action":"Move","target":"(12, 0, -1)","score":1.2944466}
[RealtimeAIController] Mage -> Move (#1) score:1.29
[CombatArena] ExecuteMovement: player_mage -> (12, 0, -1)
[CombatArena] [STATE] PlayerDecision -> ActionExecution
[RealtimeAIController] State: PlayerDecision -> ActionExecution
[CombatArena] Mage moved from (-3, 0, -1) to (12, 0, -1), distance: 15.0
[CombatArena] [STATE] ActionExecution -> PlayerDecision
[RealtimeAIController] State: ActionExecution -> PlayerDecision
[AutoBattlerManager] Action: player_mage -> Move to (12, 0, -1) (OK)
[COMBAT_LOG] {"ts":1770377456522,"event":"DECISION","unit":"player_mage","action":"Move","target":"(19.5, 0, 6.5)","score":1.2559835}
[RealtimeAIController] Mage -> Move (#2) score:1.26
[CombatArena] ExecuteMovement: player_mage -> (19.5, 0, 6.5)
[CombatArena] [STATE] PlayerDecision -> ActionExecution
[RealtimeAIController] State: PlayerDecision -> ActionExecution
[CombatArena] Mage moved from (12, 0, -1) to (19.5, 0, 6.5), distance: 10.6
[CombatArena] [STATE] ActionExecution -> PlayerDecision
[RealtimeAIController] State: ActionExecution -> PlayerDecision
[AutoBattlerManager] Action: player_mage -> Move to (19.5, 0, 6.5) (OK)
[COMBAT_LOG] {"ts":1770377456632,"event":"DECISION","unit":"player_mage","action":"Move","target":"(21.6967, 0, 6.5)","score":1.2969284}
[RealtimeAIController] Mage -> Move (#3) score:1.30
[CombatArena] ExecuteMovement: player_mage -> (21.6967, 0, 6.5)
[CombatArena] [STATE] PlayerDecision -> ActionExecution
[RealtimeAIController] State: PlayerDecision -> ActionExecution
[CombatArena] Mage moved from (19.5, 0, 6.5) to (21.6967, 0, 6.5), distance: 2.2
[CombatArena] [STATE] ActionExecution -> PlayerDecision
[RealtimeAIController] State: ActionExecution -> PlayerDecision
[AutoBattlerManager] Action: player_mage -> Move to (21.6967, 0, 6.5) (OK)
[COMBAT_LOG] {"ts":1770377456741,"event":"DECISION","unit":"player_mage","action":"Move","target":"(20.59835, 0, 7.5983496)","score":1.3138224}
[RealtimeAIController] Mage -> Move (#4) score:1.31
[CombatArena] ExecuteMovement: player_mage -> (20.59835, 0, 7.5983496)
[CombatArena] [STATE] PlayerDecision -> ActionExecution
[RealtimeAIController] State: PlayerDecision -> ActionExecution
[CombatArena] Mage moved from (21.6967, 0, 6.5) to (20.59835, 0, 7.5983496), distance: 1.6
[CombatArena] [STATE] ActionExecution -> PlayerDecision
[RealtimeAIController] State: ActionExecution -> PlayerDecision
[AutoBattlerManager] Action: player_mage -> Move to (20.59835, 0, 7.5983496) (OK)
[COMBAT_LOG] {"ts":1770377456851,"event":"DECISION","unit":"player_mage","action":"Dash","score":3.1060717}
[RealtimeAIController] Mage -> Dash (#5) score:3.11
[AutoBattlerManager] Action: player_mage -> Dash (OK)
[COMBAT_LOG] {"ts":1770377456961,"event":"DECISION","unit":"player_mage","action":"Move","target":"(20.59835, 0, -7.7233496)","score":1.3045346}
[RealtimeAIController] Mage -> Move (#6) score:1.30
[CombatArena] ExecuteMovement: player_mage -> (20.59835, 0, -7.7233496)
[CombatArena] [STATE] PlayerDecision -> ActionExecution
[RealtimeAIController] State: PlayerDecision -> ActionExecution
[CombatArena] Mage moved from (20.59835, 0, 7.5983496) to (20.59835, 0, -7.7233496), distance: 15.3
[CombatArena] [STATE] ActionExecution -> PlayerDecision
[RealtimeAIController] State: ActionExecution -> PlayerDecision
[AutoBattlerManager] Action: player_mage -> Move to (20.59835, 0, -7.7233496) (OK)
[COMBAT_LOG] {"ts":1770377457071,"event":"DECISION","unit":"player_mage","action":"Move","target":"(20.59835, 0, 7.5983496)","score":1.2653148}
[RealtimeAIController] Mage -> Move (#7) score:1.27
[CombatArena] ExecuteMovement: player_mage -> (20.59835, 0, 7.5983496)
[CombatArena] [STATE] PlayerDecision -> ActionExecution
[RealtimeAIController] State: PlayerDecision -> ActionExecution
[CombatArena] Mage moved from (20.59835, 0, -7.7233496) to (20.59835, 0, 7.5983496), distance: 15.3
[CombatArena] [STATE] ActionExecution -> PlayerDecision
[RealtimeAIController] State: ActionExecution -> PlayerDecision
[AutoBattlerManager] Action: player_mage -> Move to (20.59835, 0, 7.5983496) (OK)
[COMBAT_LOG] {"ts":1770377457180,"event":"DECISION","unit":"player_mage","action":"EndTurn","score":0.10569342}
[RealtimeAIController] Mage -> EndTurn (#8) score:0.11
[RealtimeAIController] Calling EndCurrentTurn()
[CombatArena] [STATE] PlayerDecision -> TurnEnd
[RealtimeAIController] State: PlayerDecision -> TurnEnd
[CombatArena] [TURN] Round 1, Orc Brute
[CombatArena] [STATE] TurnEnd -> TurnStart
[RealtimeAIController] State: TurnEnd -> TurnStart
[CombatArena] [STATE] TurnStart -> AIDecision
[RealtimeAIController] State: TurnStart -> AIDecision
[CombatArena] Camera focusing on Orc Brute via hooks
[CombatArena] SelectCombatant called: enemy_orc_brute
[CombatArena] Selected: enemy_orc_brute
[CombatArena] Turn started: Orc Brute (AI)
[COMBAT_LOG] {"ts":1770377457187,"event":"TURN_START","turn":7,"round":1,"unit":"enemy_orc_brute","unit_name":"Orc Brute","faction":"Hostile","hp":48,"max_hp":48,"ap":"Action | Bonus | Reaction | Move:30/30","pos":[8,0,0]}
[RealtimeAIController] Turn started for Orc Brute
[COMBAT_LOG] {"ts":1770377457187,"event":"DECISION","unit":"enemy_orc_brute","action":"Attack","target":"player_rogue","score":1.0560027}
[RealtimeAIController] Orc Brute -> Attack (#1) score:1.06
[CombatArena] ExecuteAbility: enemy_orc_brute -> basic_attack -> player_rogue
[CombatArena] [STATE] AIDecision -> ActionExecution
[RealtimeAIController] State: AIDecision -> ActionExecution
[CombatArena] Orc Brute used basic_attack on Rogue: damage:10
[CombatArena] ClearSelection called
[AutoBattlerManager] Action: enemy_orc_brute -> Attack:basic_attack->player_rogue (OK)
[CombatArena] [STATE] ActionExecution -> AIDecision
[RealtimeAIController] State: ActionExecution -> AIDecision
[COMBAT_LOG] {"ts":1770377457783,"event":"DECISION","unit":"enemy_orc_brute","action":"Move","target":"(38, 0, 0)","score":0.65337956}
[RealtimeAIController] Orc Brute -> Move (#2) score:0.65
[CombatArena] ExecuteMovement: enemy_orc_brute -> (38, 0, 0)
[CombatArena] [STATE] AIDecision -> ActionExecution
[RealtimeAIController] State: AIDecision -> ActionExecution
[CombatArena] Orc Brute moved from (8, 0, 0) to (38, 0, 0), distance: 30.0
[CombatArena] [STATE] ActionExecution -> AIDecision
[RealtimeAIController] State: ActionExecution -> AIDecision
[AutoBattlerManager] Action: enemy_orc_brute -> Move to (38, 0, 0) (OK)
[COMBAT_LOG] {"ts":1770377457893,"event":"DECISION","unit":"enemy_orc_brute","action":"EndTurn","score":0.105022915}
[RealtimeAIController] Orc Brute -> EndTurn (#3) score:0.11
[RealtimeAIController] Calling EndCurrentTurn()
[CombatArena] [STATE] AIDecision -> TurnEnd
[RealtimeAIController] State: AIDecision -> TurnEnd
[CombatArena] [TURN] Round 1, Cleric
[CombatArena] [STATE] TurnEnd -> TurnStart
[RealtimeAIController] State: TurnEnd -> TurnStart
[CombatArena] [STATE] TurnStart -> PlayerDecision
[RealtimeAIController] State: TurnStart -> PlayerDecision
[CombatArena] Camera focusing on Cleric via hooks
[CombatArena] SelectCombatant called: player_cleric
[CombatArena] Selected: player_cleric
[CombatArena] Turn started: Cleric (Player)
[COMBAT_LOG] {"ts":1770377457900,"event":"TURN_START","turn":8,"round":1,"unit":"player_cleric","unit_name":"Cleric","faction":"Player","hp":44,"max_hp":44,"ap":"Action | Bonus | Reaction | Move:30/30","pos":[-1,0,-3]}
[AutoBattlerManager] Turn limit reached (8)
[AutoBattleWatchdog] Monitoring STOPPED
[RealtimeAIController] Processing DISABLED
[COMBAT_LOG] {"ts":1770377457902,"event":"BATTLE_END","winner":"Draw (timeout)","total_turns":8,"total_rounds":1,"duration_ms":7172}

â•”â•â•â•â•â•â•â•â•â•â•â•â•â•â•â•â•â•â•â•â•â•â•â•â•â•â•â•â•â•â•â•â•â•â•â•â•â•â•â•â•â•â•â•â•â•â•â•â•â•â•â•â•—
â•‘             AUTO-BATTLE RESULTS                   â•‘
â•šâ•â•â•â•â•â•â•â•â•â•â•â•â•â•â•â•â•â•â•â•â•â•â•â•â•â•â•â•â•â•â•â•â•â•â•â•â•â•â•â•â•â•â•â•â•â•â•â•â•â•â•â•

  Winner:       Draw (timeout)
  Total Turns:  8
  Total Rounds: 1
  Duration:     7172ms
  Completed:    False
  End Reason:   max_turns_exceeded
  Seed:         1012

  Surviving Units:
    - Fighter (player_fighter) HP:52/52
    - Mage (player_mage) HP:22/32
    - Cleric (player_cleric) HP:44/44
    - Rogue (player_rogue) HP:26/36
    - Orc Brute (enemy_orc_brute) HP:48/48
    - Orc Archer (enemy_orc_archer) HP:30/30
    - Goblin Skirmisher (enemy_goblin) HP:11/22
    - Goblin Shaman (enemy_shaman) HP:28/28

AUTO-BATTLE: FAILED (max_turns_exceeded)
[RealtimeAIController] Turn started for Cleric
[RealtimeAIController] Cleric -> Attack (#1) score:0.68
[CombatArena] ExecuteAbility: player_cleric -> basic_attack -> enemy_shaman
[CombatArena] [STATE] PlayerDecision -> ActionExecution
[RealtimeAIController] State: PlayerDecision -> ActionExecution
[CombatArena] Cleric used basic_attack on Goblin Shaman: damage:5
[CombatArena] ClearSelection called
[AutoBattlerManager] Action: player_cleric -> Attack:basic_attack->enemy_shaman (OK)
