[0;32m[INFO][0m Using Godot: godot
[0;32m[INFO][0m Project dir: /home/martin/repos/qdnd
[0;32m[INFO][0m Running auto-battle...
[0;36mâ•â•â•â•â•â•â•â•â•â•â•â•â•â•â•â•â•â•â•â•â•â•â•â•â•â•â•â•â•â•â•â•â•â•â•â•â•â•â•â•â•â•â•â•â•â•â•â•â•â•â•[0m
Godot Engine v4.6.stable.mono.official.89cea1439 - https://godotengine.org

[CLIEntryPoint] Raw args: res://Tools/CLIRunner.tscn
[CLIEntryPoint] User args: --run-autobattle --seed 1006 --freeze-timeout 10 --loop-threshold 20 --max-turns 8 --log-file artifacts/autobattle/stress/seed_1006.jsonl
[CLIEntryPoint] Parsed args: run-autobattle=true, seed=1006, freeze-timeout=10, loop-threshold=20, max-turns=8, log-file=artifacts/autobattle/stress/seed_1006.jsonl
[CLIEntryPoint] Checking modes: run-tests=False, run-simulation=False, run-autobattle=True
=== IN-ENGINE AUTO-BATTLE RUN ===
Timestamp: 2026-02-06T11:26:04.5051307Z
NOTE: Running the REAL CombatArena.tscn scene with AI control.

Seed: 1006
Scenario: res://Data/Scenarios/autobattle_4v4.json
Log file: artifacts/autobattle/stress/seed_1006.jsonl
Max rounds: 100
Max turns: 8
Watchdog freeze timeout: 10s
Watchdog loop threshold: 20

[AutoBattlerManager] === STARTING IN-ENGINE AUTO-BATTLE ===
[AutoBattlerManager] Seed: 1006
[AutoBattlerManager] Scenario: res://Data/Scenarios/autobattle_4v4.json
[AutoBattlerManager] Loading scene: res://Combat/Arena/CombatArena.tscn
[ScenarioSelector] Found 20 scenarios
[CombatArena] === COMBAT ARENA INITIALIZING ===
[CombatArena] Ground collision plane created (100x100m at Y=0)
[CombatArena] CombatContext created
[CombatContext] Registered service: CombatStateMachine
[CombatContext] Registered service: TurnQueueService
[CombatContext] Registered service: CommandService
[CombatContext] Registered service: CombatLog
[CombatContext] Registered service: ScenarioLoader
[Registry] Loaded from /home/martin/repos/qdnd/Data:
  - 7 abilities
  - 6 statuses
  - 20 scenarios
[INFO] [Registry] Dependencies: Checked 7 abilities, 6 statuses, 20 scenarios
[Registry] Validation complete: 0 errors, 0 warnings
[CombatContext] Registered service: DataRegistry
[CombatContext] Registered service: RulesEngine
[CombatContext] Registered service: StatusManager
[CombatContext] Registered service: EffectPipeline
[CombatContext] Registered service: TargetValidator
[CombatContext] Registered service: ReactionSystem
[CombatContext] Registered service: LOSService
[CombatContext] Registered service: HeightService
[CombatContext] Registered service: AIDecisionPipeline
[CombatContext] Registered service: MovementService
[CombatContext] Registered service: SurfaceManager
[CombatContext] Registered service: PresentationRequestBus
[CombatContext] Registered service: CameraStateHooks
[CombatArena] UI Models initialized
[CombatArena] Services registered: 18
[CombatArena] Loaded scenario: 8 combatants
[CombatArena] Loaded scenario from: res://Data/Scenarios/autobattle_4v4.json
[CombatArena] Registered default abilities: basic_attack, ranged_attack, power_strike
[CombatArena] Instantiating visual from scene for Fighter
[CombatantVisual] CollisionShape3D found for Fighter
[CombatantVisual] Fighter initialized - Layer: 2, Mask: 0, Pickable: True, HasShape: True
[CombatArena] Spawned visual for Fighter at (0, 0, 0), Layer: 2, InTree: True
[CombatArena] Instantiating visual from scene for Mage
[CombatantVisual] CollisionShape3D found for Mage
[CombatantVisual] Mage initialized - Layer: 2, Mask: 0, Pickable: True, HasShape: True
[CombatArena] Spawned visual for Mage at (-3, 0, -1), Layer: 2, InTree: True
[CombatArena] Instantiating visual from scene for Cleric
[CombatantVisual] CollisionShape3D found for Cleric
[CombatantVisual] Cleric initialized - Layer: 2, Mask: 0, Pickable: True, HasShape: True
[CombatArena] Spawned visual for Cleric at (-1, 0, -3), Layer: 2, InTree: True
[CombatArena] Instantiating visual from scene for Rogue
[CombatantVisual] CollisionShape3D found for Rogue
[CombatantVisual] Rogue initialized - Layer: 2, Mask: 0, Pickable: True, HasShape: True
[CombatArena] Spawned visual for Rogue at (2, 0, -2), Layer: 2, InTree: True
[CombatArena] Instantiating visual from scene for Orc Brute
[CombatantVisual] CollisionShape3D found for Orc Brute
[CombatantVisual] Orc Brute initialized - Layer: 2, Mask: 0, Pickable: True, HasShape: True
[CombatArena] Spawned visual for Orc Brute at (8, 0, 0), Layer: 2, InTree: True
[CombatArena] Instantiating visual from scene for Orc Archer
[CombatantVisual] CollisionShape3D found for Orc Archer
[CombatantVisual] Orc Archer initialized - Layer: 2, Mask: 0, Pickable: True, HasShape: True
[CombatArena] Spawned visual for Orc Archer at (10, 0, 2), Layer: 2, InTree: True
[CombatArena] Instantiating visual from scene for Goblin Skirmisher
[CombatantVisual] CollisionShape3D found for Goblin Skirmisher
[CombatantVisual] Goblin Skirmisher initialized - Layer: 2, Mask: 0, Pickable: True, HasShape: True
[CombatArena] Spawned visual for Goblin Skirmisher at (7, 0, 3), Layer: 2, InTree: True
[CombatArena] Instantiating visual from scene for Goblin Shaman
[CombatantVisual] CollisionShape3D found for Goblin Shaman
[CombatantVisual] Goblin Shaman initialized - Layer: 2, Mask: 0, Pickable: True, HasShape: True
[CombatArena] Spawned visual for Goblin Shaman at (10, 0, -1), Layer: 2, InTree: True
[CombatArena] [STATE] NotInCombat -> CombatStart
[CombatArena] [TURN] Round 1, Rogue
[CombatArena] [STATE] CombatStart -> TurnStart
[CombatArena] Round 1: Reset reactions for all combatants
[CombatArena] [STATE] TurnStart -> PlayerDecision
[CombatArena] Camera focusing on Rogue via hooks
[CombatArena] SelectCombatant called: player_rogue
[CombatArena] Selected: player_rogue
[CombatArena] Turn started: Rogue (Player)
[CombatArena] === COMBAT ARENA READY ===
[AutoBattlerManager] CombatArena added to scene tree
[AutoBattleWatchdog] Ready
[AutoBattlerManager] Watchdog created
[RealtimeAIController] Ready
[AutoBattlerManager] RealtimeAIController created
[AutoBattleWatchdog] Monitoring STARTED (freeze: 10s, loop: 20 in 1s)
[AutoBattlerManager] Scene loaded, waiting for combat to start...
[CombatHUD] === NEW BG3-STYLE HUD SETUP ===
[CombatHUD] MouseFilter set to: Ignore
[CombatHUD] Top bar: (64, 70) at (0, 0)
[CombatHUD] Hotbar panel created
[CombatHUD] Created ability button 0 with MouseFilter: Stop
[CombatHUD] Created ability button 1 with MouseFilter: Stop
[CombatHUD] Created ability button 2 with MouseFilter: Stop
[CombatHUD] Created ability button 3 with MouseFilter: Stop
[CombatHUD] Created ability button 4 with MouseFilter: Stop
[CombatHUD] Created ability button 5 with MouseFilter: Stop
[CombatHUD] Created ability button 6 with MouseFilter: Stop
[CombatHUD] Created ability button 7 with MouseFilter: Stop
[CombatHUD] Created ability button 8 with MouseFilter: Stop
[CombatHUD] Created ability button 9 with MouseFilter: Stop
[CombatHUD] Created ability button 10 with MouseFilter: Stop
[CombatHUD] Created ability button 11 with MouseFilter: Stop
[CombatHUD] End Turn button created
[CombatHUD] Combat log panel created
[CombatHUD] Character portrait panel created
[AutoBattlerManager] Arena ready, attaching AI controller...
[RealtimeAIController] Subscribed to state machine
[RealtimeAIController] Attached to CombatArena
[COMBAT_LOG] {"ts":1770377165453,"event":"BATTLE_START","seed":1006,"units":[{"id":"player_fighter","name":"Fighter","faction":"Player","hp":52,"max_hp":52,"pos":[0,0,0],"alive":true},{"id":"player_mage","name":"Mage","faction":"Player","hp":32,"max_hp":32,"pos":[-3,0,-1],"alive":true},{"id":"player_cleric","name":"Cleric","faction":"Player","hp":44,"max_hp":44,"pos":[-1,0,-3],"alive":true},{"id":"player_rogue","name":"Rogue","faction":"Player","hp":36,"max_hp":36,"pos":[2,0,-2],"alive":true},{"id":"enemy_orc_brute","name":"Orc Brute","faction":"Hostile","hp":48,"max_hp":48,"pos":[8,0,0],"alive":true},{"id":"enemy_orc_archer","name":"Orc Archer","faction":"Hostile","hp":30,"max_hp":30,"pos":[10,0,2],"alive":true},{"id":"enemy_goblin","name":"Goblin Skirmisher","faction":"Hostile","hp":22,"max_hp":22,"pos":[7,0,3],"alive":true},{"id":"enemy_shaman","name":"Goblin Shaman","faction":"Hostile","hp":28,"max_hp":28,"pos":[10,0,-1],"alive":true}]}
[CombatHUD] END TURN Debug:
  Position: (-68, -12)
  Size: (120, 60)
  GlobalPosition: (-68, -12)
  Visible: True
  IsInsideTree: True
  Anchors: L=1, R=1, T=1, B=1
  Offsets: L=-132, R=-12, T=-76, B=-16
[AutoBattlerManager] Enabling AI processing...
[RealtimeAIController] Processing ENABLED
[COMBAT_LOG] {"ts":1770377165863,"event":"TURN_START","turn":1,"round":1,"unit":"player_rogue","unit_name":"Rogue","faction":"Player","hp":36,"max_hp":36,"ap":"Action | Bonus | Reaction | Move:30/30","pos":[2,0,-2]}
[RealtimeAIController] Turn started for Rogue
[COMBAT_LOG] {"ts":1770377165882,"event":"DECISION","unit":"player_rogue","action":"Attack","target":"enemy_goblin","score":0.69567496}
[RealtimeAIController] Rogue -> Attack (#1) score:0.70
[CombatArena] ExecuteAbility: player_rogue -> basic_attack -> enemy_goblin
[CombatArena] [STATE] PlayerDecision -> ActionExecution
[RealtimeAIController] State: PlayerDecision -> ActionExecution
[CombatArena] Rogue used basic_attack on Goblin Skirmisher: damage:6
[CombatArena] ClearSelection called
[AutoBattlerManager] Action: player_rogue -> Attack:basic_attack->enemy_goblin (OK)
[CombatArena] [STATE] ActionExecution -> PlayerDecision
[RealtimeAIController] State: ActionExecution -> PlayerDecision
[COMBAT_LOG] {"ts":1770377166420,"event":"DECISION","unit":"player_rogue","action":"Move","target":"(2, 0, 28)","score":0.64954793}
[RealtimeAIController] Rogue -> Move (#2) score:0.65
[CombatArena] ExecuteMovement: player_rogue -> (2, 0, 28)
[CombatArena] [STATE] PlayerDecision -> ActionExecution
[RealtimeAIController] State: PlayerDecision -> ActionExecution
[CombatArena] Rogue moved from (2, 0, -2) to (2, 0, 28), distance: 30.0
[CombatArena] [STATE] ActionExecution -> PlayerDecision
[RealtimeAIController] State: ActionExecution -> PlayerDecision
[AutoBattlerManager] Action: player_rogue -> Move to (2, 0, 28) (OK)
[COMBAT_LOG] {"ts":1770377166529,"event":"DECISION","unit":"player_rogue","action":"EndTurn","score":0.10949807}
[RealtimeAIController] Rogue -> EndTurn (#3) score:0.11
[RealtimeAIController] Calling EndCurrentTurn()
[CombatArena] [STATE] PlayerDecision -> TurnEnd
[RealtimeAIController] State: PlayerDecision -> TurnEnd
[CombatArena] [TURN] Round 1, Goblin Skirmisher
[CombatArena] [STATE] TurnEnd -> TurnStart
[RealtimeAIController] State: TurnEnd -> TurnStart
[CombatArena] [STATE] TurnStart -> AIDecision
[RealtimeAIController] State: TurnStart -> AIDecision
[CombatArena] Camera focusing on Goblin Skirmisher via hooks
[CombatArena] SelectCombatant called: enemy_goblin
[CombatArena] Selected: enemy_goblin
[CombatArena] Turn started: Goblin Skirmisher (AI)
[COMBAT_LOG] {"ts":1770377166548,"event":"TURN_START","turn":2,"round":1,"unit":"enemy_goblin","unit_name":"Goblin Skirmisher","faction":"Hostile","hp":16,"max_hp":22,"ap":"Action | Bonus | Reaction | Move:30/30","pos":[7,0,3]}
[RealtimeAIController] Turn started for Goblin Skirmisher
[COMBAT_LOG] {"ts":1770377166548,"event":"DECISION","unit":"enemy_goblin","action":"Attack","target":"player_mage","score":1.0273846}
[RealtimeAIController] Goblin Skirmisher -> Attack (#1) score:1.03
[CombatArena] ExecuteAbility: enemy_goblin -> basic_attack -> player_mage
[CombatArena] [STATE] AIDecision -> ActionExecution
[RealtimeAIController] State: AIDecision -> ActionExecution
[CombatArena] Goblin Skirmisher used basic_attack on Mage: damage:10
[CombatArena] ClearSelection called
[AutoBattlerManager] Action: enemy_goblin -> Attack:basic_attack->player_mage (OK)
[CombatArena] [STATE] ActionExecution -> AIDecision
[RealtimeAIController] State: ActionExecution -> AIDecision
[COMBAT_LOG] {"ts":1770377167142,"event":"DECISION","unit":"enemy_goblin","action":"Move","target":"(-8, 0, 18)","score":0.65780777}
[RealtimeAIController] Goblin Skirmisher -> Move (#2) score:0.66
[CombatArena] ExecuteMovement: enemy_goblin -> (-8, 0, 18)
[CombatArena] [STATE] AIDecision -> ActionExecution
[RealtimeAIController] State: AIDecision -> ActionExecution
[CombatArena] Goblin Skirmisher moved from (7, 0, 3) to (-8, 0, 18), distance: 21.2
[CombatArena] [STATE] ActionExecution -> AIDecision
[RealtimeAIController] State: ActionExecution -> AIDecision
[AutoBattlerManager] Action: enemy_goblin -> Move to (-8, 0, 18) (OK)
[COMBAT_LOG] {"ts":1770377167248,"event":"DECISION","unit":"enemy_goblin","action":"Move","target":"(-8, 0, 26.786797)","score":0.6563043}
[RealtimeAIController] Goblin Skirmisher -> Move (#3) score:0.66
[CombatArena] ExecuteMovement: enemy_goblin -> (-8, 0, 26.786797)
[CombatArena] [STATE] AIDecision -> ActionExecution
[RealtimeAIController] State: AIDecision -> ActionExecution
[CombatArena] Goblin Skirmisher moved from (-8, 0, 18) to (-8, 0, 26.786797), distance: 8.8
[CombatArena] [STATE] ActionExecution -> AIDecision
[RealtimeAIController] State: ActionExecution -> AIDecision
[AutoBattlerManager] Action: enemy_goblin -> Move to (-8, 0, 26.786797) (OK)
[COMBAT_LOG] {"ts":1770377167359,"event":"DECISION","unit":"enemy_goblin","action":"EndTurn","score":0.1054646}
[RealtimeAIController] Goblin Skirmisher -> EndTurn (#4) score:0.11
[RealtimeAIController] Calling EndCurrentTurn()
[CombatArena] [STATE] AIDecision -> TurnEnd
[RealtimeAIController] State: AIDecision -> TurnEnd
[CombatArena] [TURN] Round 1, Fighter
[CombatArena] [STATE] TurnEnd -> TurnStart
[RealtimeAIController] State: TurnEnd -> TurnStart
[CombatArena] [STATE] TurnStart -> PlayerDecision
[RealtimeAIController] State: TurnStart -> PlayerDecision
[CombatArena] Camera focusing on Fighter via hooks
[CombatArena] SelectCombatant called: player_fighter
[CombatArena] Selected: player_fighter
[CombatArena] Turn started: Fighter (Player)
[COMBAT_LOG] {"ts":1770377167385,"event":"TURN_START","turn":3,"round":1,"unit":"player_fighter","unit_name":"Fighter","faction":"Player","hp":52,"max_hp":52,"ap":"Action | Bonus | Reaction | Move:30/30","pos":[0,0,0]}
[RealtimeAIController] Turn started for Fighter
[COMBAT_LOG] {"ts":1770377167385,"event":"DECISION","unit":"player_fighter","action":"Attack","target":"enemy_shaman","score":0.68885916}
[RealtimeAIController] Fighter -> Attack (#1) score:0.69
[CombatArena] ExecuteAbility: player_fighter -> basic_attack -> enemy_shaman
[CombatArena] [STATE] PlayerDecision -> ActionExecution
[RealtimeAIController] State: PlayerDecision -> ActionExecution
[CombatArena] Fighter used basic_attack on Goblin Shaman: damage:5
[CombatArena] ClearSelection called
[AutoBattlerManager] Action: player_fighter -> Attack:basic_attack->enemy_shaman (OK)
[CombatArena] [STATE] ActionExecution -> PlayerDecision
[RealtimeAIController] State: ActionExecution -> PlayerDecision
[COMBAT_LOG] {"ts":1770377167976,"event":"DECISION","unit":"player_fighter","action":"Move","target":"(-15, 0, -15)","score":0.64901865}
[RealtimeAIController] Fighter -> Move (#2) score:0.65
[CombatArena] ExecuteMovement: player_fighter -> (-15, 0, -15)
[CombatArena] [STATE] PlayerDecision -> ActionExecution
[RealtimeAIController] State: PlayerDecision -> ActionExecution
[CombatArena] Fighter moved from (0, 0, 0) to (-15, 0, -15), distance: 21.2
[CombatArena] [STATE] ActionExecution -> PlayerDecision
[RealtimeAIController] State: ActionExecution -> PlayerDecision
[AutoBattlerManager] Action: player_fighter -> Move to (-15, 0, -15) (OK)
[COMBAT_LOG] {"ts":1770377168087,"event":"DECISION","unit":"player_fighter","action":"Move","target":"(-15, 0, -10.606602)","score":0.65258026}
[RealtimeAIController] Fighter -> Move (#3) score:0.65
[CombatArena] ExecuteMovement: player_fighter -> (-15, 0, -10.606602)
[CombatArena] [STATE] PlayerDecision -> ActionExecution
[RealtimeAIController] State: PlayerDecision -> ActionExecution
[CombatArena] Fighter moved from (-15, 0, -15) to (-15, 0, -10.606602), distance: 4.4
[CombatArena] [STATE] ActionExecution -> PlayerDecision
[RealtimeAIController] State: ActionExecution -> PlayerDecision
[AutoBattlerManager] Action: player_fighter -> Move to (-15, 0, -10.606602) (OK)
[COMBAT_LOG] {"ts":1770377168199,"event":"DECISION","unit":"player_fighter","action":"Move","target":"(-15, 0, -12.803301)","score":0.65790445}
[RealtimeAIController] Fighter -> Move (#4) score:0.66
[CombatArena] ExecuteMovement: player_fighter -> (-15, 0, -12.803301)
[CombatArena] [STATE] PlayerDecision -> ActionExecution
[RealtimeAIController] State: PlayerDecision -> ActionExecution
[CombatArena] Fighter moved from (-15, 0, -10.606602) to (-15, 0, -12.803301), distance: 2.2
[COMBAT_LOG] {"ts":1770377178823,"event":"WATCHDOG_ALERT","action":"TIMEOUT_FREEZE_HARD","error":"Hard monitor detected no action for 10623ms (threshold: 10000ms). Last actor: player_fighter, last action: Move"}
FATAL_ERROR: {"fatal_error":true,"alert_type":"TIMEOUT_FREEZE_HARD","message":"Hard monitor detected no action for 10623ms (threshold: 10000ms). Last actor: player_fighter, last action: Move","timestamp":1770377178824,"total_actions_logged":11,"last_actor":"player_fighter","last_action":"Move","turn_number":3,"turn_actor":"player_fighter"}
ERROR: BUG: Unreferenced static string to 0: servers
   at: unref (core/string/string_name.cpp:116)
ERROR: BUG: Unreferenced static string to 0: Physics3DConstraintSolveIslands
   at: unref (core/string/string_name.cpp:116)
ERROR: BUG: Unreferenced static string to 0: Physics3DConstraintSetup
   at: unref (core/string/string_name.cpp:116)
ERROR: BUG: Unreferenced static string to 0: _request_gizmo_for_id
   at: unref (core/string/string_name.cpp:116)
ERROR: BUG: Unreferenced static string to 0: _enter_world
   at: unref (core/string/string_name.cpp:116)
ERROR: BUG: Unreferenced static string to 0: use_dynamic_gi
   at: unref (core/string/string_name.cpp:116)
ERROR: BUG: Unreferenced static string to 0: use_in_baked_light
   at: unref (core/string/string_name.cpp:116)
WARNING: A Thread object is being destroyed without its completion having been realized.
Please call wait_to_finish() on it to ensure correct cleanup.
     at: ~Thread (core/os/thread.cpp:102)
ERROR: 7 RID allocations of type '23NavMeshGeometryParser2D' were leaked at exit.
ERROR: 6 RID allocations of type '23NavMeshGeometryParser3D' were leaked at exit.
ERROR: Pages in use exist at exit in PagedAllocator: N7Variant5Pools11BucketLargeE
   at: ~PagedAllocator (./core/templates/paged_allocator.h:169)
ERROR: Pages in use exist at exit in PagedAllocator: N7Variant5Pools12BucketMediumE
   at: ~PagedAllocator (./core/templates/paged_allocator.h:169)
ERROR: Pages in use exist at exit in PagedAllocator: N7Variant5Pools11BucketSmallE
   at: ~PagedAllocator (./core/templates/paged_allocator.h:169)
ERROR: BUG: Unreferenced static string to 0: process_frame
   at: unref (core/string/string_name.cpp:116)
ERROR: BUG: Unreferenced static string to 0: physics_frame
   at: unref (core/string/string_name.cpp:116)
ERROR: BUG: Unreferenced static string to 0: _create_mesh_array
   at: unref (core/string/string_name.cpp:116)
ERROR: BUG: Unreferenced static string to 0: node_changed
   at: unref (core/string/string_name.cpp:116)
ERROR: BUG: Unreferenced static string to 0: animation_player_changed
   at: unref (core/string/string_name.cpp:116)
ERROR: BUG: Unreferenced static string to 0: current_animation_changed
   at: unref (core/string/string_name.cpp:116)
ERROR: BUG: Unreferenced static string to 0: animation_list_changed
   at: unref (core/string/string_name.cpp:116)
ERROR: BUG: Unreferenced static string to 0: animation_libraries_updated
   at: unref (core/string/string_name.cpp:116)
ERROR: BUG: Unreferenced static string to 0: caches_cleared
   at: unref (core/string/string_name.cpp:116)
ERROR: BUG: Unreferenced static string to 0: mixer_applied
   at: unref (core/string/string_name.cpp:116)
ERROR: BUG: Unreferenced static string to 0: mixer_updated
   at: unref (core/string/string_name.cpp:116)
ERROR: BUG: Unreferenced static string to 0: step_finished
   at: unref (core/string/string_name.cpp:116)
ERROR: BUG: Unreferenced static string to 0: autoshrink_changed
   at: unref (core/string/string_name.cpp:116)
ERROR: BUG: Unreferenced static string to 0: menu_changed
   at: unref (core/string/string_name.cpp:116)
ERROR: BUG: Unreferenced static string to 0: child_entered_tree
   at: unref (core/string/string_name.cpp:116)
ERROR: BUG: Unreferenced static string to 0: child_exiting_tree
   at: unref (core/string/string_name.cpp:116)
ERROR: BUG: Unreferenced static string to 0: fallback_changed
   at: unref (core/string/string_name.cpp:116)
ERROR: BUG: Unreferenced static string to 0: bus_layout_changed
   at: unref (core/string/string_name.cpp:116)
ERROR: BUG: Unreferenced static string to 0: bus_renamed
   at: unref (core/string/string_name.cpp:116)
ERROR: BUG: Unreferenced static string to 0: _shaped_text_draw
   at: unref (core/string/string_name.cpp:116)
ERROR: BUG: Unreferenced static string to 0: _shaped_text_get_carets
   at: unref (core/string/string_name.cpp:116)
ERROR: BUG: Unreferenced static string to 0: _shaped_text_get_dominant_direction_in_range
   at: unref (core/string/string_name.cpp:116)
ERROR: BUG: Unreferenced static string to 0: _shaped_text_get_line_breaks
   at: unref (core/string/string_name.cpp:116)
ERROR: BUG: Unreferenced static string to 0: interface_added
   at: unref (core/string/string_name.cpp:116)
ERROR: BUG: Unreferenced static string to 0: _initialize
   at: unref (core/string/string_name.cpp:116)
ERROR: BUG: Unreferenced static string to 0: _exists
   at: unref (core/string/string_name.cpp:116)
ERROR: BUG: Unreferenced static string to 0: _recognize_path
   at: unref (core/string/string_name.cpp:116)
ERROR: Pages in use exist at exit in PagedAllocator: N10StringName5_DataE
   at: ~PagedAllocator (./core/templates/paged_allocator.h:169)
