[0;32m[INFO][0m Using Godot: godot
[0;32m[INFO][0m Project dir: /home/martin/repos/qdnd
[0;32m[INFO][0m Running auto-battle...
[0;36mâ•â•â•â•â•â•â•â•â•â•â•â•â•â•â•â•â•â•â•â•â•â•â•â•â•â•â•â•â•â•â•â•â•â•â•â•â•â•â•â•â•â•â•â•â•â•â•â•â•â•â•[0m
Godot Engine v4.6.stable.mono.official.89cea1439 - https://godotengine.org

[CLIEntryPoint] Raw args: res://Tools/CLIRunner.tscn
[CLIEntryPoint] User args: --run-autobattle --seed 3006 --freeze-timeout 10 --loop-threshold 20 --max-turns 20 --log-file artifacts/autobattle/stress4/seed_3006.jsonl
[CLIEntryPoint] Parsed args: run-autobattle=true, seed=3006, freeze-timeout=10, loop-threshold=20, max-turns=20, log-file=artifacts/autobattle/stress4/seed_3006.jsonl
[CLIEntryPoint] Checking modes: run-tests=False, run-simulation=False, run-autobattle=True
=== IN-ENGINE AUTO-BATTLE RUN ===
Timestamp: 2026-02-06T11:43:19.4172338Z
NOTE: Running the REAL CombatArena.tscn scene with AI control.

Seed: 3006
Scenario: res://Data/Scenarios/autobattle_4v4.json
Log file: artifacts/autobattle/stress4/seed_3006.jsonl
Max rounds: 100
Max turns: 20
Watchdog freeze timeout: 10s
Watchdog loop threshold: 20

[AutoBattlerManager] === STARTING IN-ENGINE AUTO-BATTLE ===
[AutoBattlerManager] Seed: 3006
[AutoBattlerManager] Scenario: res://Data/Scenarios/autobattle_4v4.json
[AutoBattlerManager] Loading scene: res://Combat/Arena/CombatArena.tscn
[CombatArena] === COMBAT ARENA INITIALIZING ===
[CombatArena] Ground collision plane created (100x100m at Y=0)
[CombatArena] CombatContext created
[CombatContext] Registered service: CombatStateMachine
[CombatContext] Registered service: TurnQueueService
[CombatContext] Registered service: CommandService
[CombatContext] Registered service: CombatLog
[CombatContext] Registered service: ScenarioLoader
[Registry] Loaded from /home/martin/repos/qdnd/Data:
  - 7 abilities
  - 6 statuses
  - 20 scenarios
[INFO] [Registry] Dependencies: Checked 7 abilities, 6 statuses, 20 scenarios
[Registry] Validation complete: 0 errors, 0 warnings
[CombatContext] Registered service: DataRegistry
[CombatContext] Registered service: RulesEngine
[CombatContext] Registered service: StatusManager
[CombatContext] Registered service: EffectPipeline
[CombatContext] Registered service: TargetValidator
[CombatContext] Registered service: ReactionSystem
[CombatContext] Registered service: LOSService
[CombatContext] Registered service: HeightService
[CombatContext] Registered service: AIDecisionPipeline
[CombatContext] Registered service: MovementService
[CombatContext] Registered service: SurfaceManager
[CombatContext] Registered service: PresentationRequestBus
[CombatContext] Registered service: CameraStateHooks
[CombatArena] UI Models initialized
[CombatArena] Services registered: 18
[CombatArena] Loaded scenario: 8 combatants
[CombatArena] Loaded scenario from: res://Data/Scenarios/autobattle_4v4.json
[CombatArena] Registered default abilities: basic_attack, ranged_attack, power_strike
[CombatArena] Instantiating visual from scene for Fighter
[CombatantVisual] CollisionShape3D found for Fighter
[CombatantVisual] Fighter initialized - Layer: 2, Mask: 0, Pickable: True, HasShape: True
[CombatArena] Spawned visual for Fighter at (0, 0, 0), Layer: 2, InTree: True
[CombatArena] Instantiating visual from scene for Mage
[CombatantVisual] CollisionShape3D found for Mage
[CombatantVisual] Mage initialized - Layer: 2, Mask: 0, Pickable: True, HasShape: True
[CombatArena] Spawned visual for Mage at (-3, 0, -1), Layer: 2, InTree: True
[CombatArena] Instantiating visual from scene for Cleric
[CombatantVisual] CollisionShape3D found for Cleric
[CombatantVisual] Cleric initialized - Layer: 2, Mask: 0, Pickable: True, HasShape: True
[CombatArena] Spawned visual for Cleric at (-1, 0, -3), Layer: 2, InTree: True
[CombatArena] Instantiating visual from scene for Rogue
[CombatantVisual] CollisionShape3D found for Rogue
[CombatantVisual] Rogue initialized - Layer: 2, Mask: 0, Pickable: True, HasShape: True
[CombatArena] Spawned visual for Rogue at (2, 0, -2), Layer: 2, InTree: True
[CombatArena] Instantiating visual from scene for Orc Brute
[CombatantVisual] CollisionShape3D found for Orc Brute
[CombatantVisual] Orc Brute initialized - Layer: 2, Mask: 0, Pickable: True, HasShape: True
[CombatArena] Spawned visual for Orc Brute at (8, 0, 0), Layer: 2, InTree: True
[CombatArena] Instantiating visual from scene for Orc Archer
[CombatantVisual] CollisionShape3D found for Orc Archer
[CombatantVisual] Orc Archer initialized - Layer: 2, Mask: 0, Pickable: True, HasShape: True
[CombatArena] Spawned visual for Orc Archer at (10, 0, 2), Layer: 2, InTree: True
[CombatArena] Instantiating visual from scene for Goblin Skirmisher
[CombatantVisual] CollisionShape3D found for Goblin Skirmisher
[CombatantVisual] Goblin Skirmisher initialized - Layer: 2, Mask: 0, Pickable: True, HasShape: True
[CombatArena] Spawned visual for Goblin Skirmisher at (7, 0, 3), Layer: 2, InTree: True
[CombatArena] Instantiating visual from scene for Goblin Shaman
[CombatantVisual] CollisionShape3D found for Goblin Shaman
[CombatantVisual] Goblin Shaman initialized - Layer: 2, Mask: 0, Pickable: True, HasShape: True
[CombatArena] Spawned visual for Goblin Shaman at (10, 0, -1), Layer: 2, InTree: True
[CombatArena] [STATE] NotInCombat -> CombatStart
[CombatArena] [TURN] Round 1, Rogue
[CombatArena] [STATE] CombatStart -> TurnStart
[CombatArena] Round 1: Reset reactions for all combatants
[CombatArena] [STATE] TurnStart -> PlayerDecision
[CombatArena] Camera focusing on Rogue via hooks
[CombatArena] SelectCombatant called: player_rogue
[CombatArena] Selected: player_rogue
[CombatArena] Turn started: Rogue (Player)
[CombatArena] === COMBAT ARENA READY ===
[AutoBattlerManager] CombatArena added to scene tree
[AutoBattleWatchdog] Ready
[AutoBattlerManager] Watchdog created
[RealtimeAIController] Ready
[AutoBattlerManager] RealtimeAIController created
[AutoBattleWatchdog] Monitoring STARTED (freeze: 10s, loop: 20 in 1s)
[AutoBattlerManager] Scene loaded, waiting for combat to start...
[AutoBattlerManager] Arena ready, attaching AI controller...
[RealtimeAIController] Subscribed to state machine
[RealtimeAIController] Attached to CombatArena
[COMBAT_LOG] {"ts":1770378199673,"event":"BATTLE_START","seed":3006,"units":[{"id":"player_fighter","name":"Fighter","faction":"Player","hp":52,"max_hp":52,"pos":[0,0,0],"alive":true},{"id":"player_mage","name":"Mage","faction":"Player","hp":32,"max_hp":32,"pos":[-3,0,-1],"alive":true},{"id":"player_cleric","name":"Cleric","faction":"Player","hp":44,"max_hp":44,"pos":[-1,0,-3],"alive":true},{"id":"player_rogue","name":"Rogue","faction":"Player","hp":36,"max_hp":36,"pos":[2,0,-2],"alive":true},{"id":"enemy_orc_brute","name":"Orc Brute","faction":"Hostile","hp":48,"max_hp":48,"pos":[8,0,0],"alive":true},{"id":"enemy_orc_archer","name":"Orc Archer","faction":"Hostile","hp":30,"max_hp":30,"pos":[10,0,2],"alive":true},{"id":"enemy_goblin","name":"Goblin Skirmisher","faction":"Hostile","hp":22,"max_hp":22,"pos":[7,0,3],"alive":true},{"id":"enemy_shaman","name":"Goblin Shaman","faction":"Hostile","hp":28,"max_hp":28,"pos":[10,0,-1],"alive":true}]}
[AutoBattlerManager] Enabling AI processing...
[RealtimeAIController] Processing ENABLED
[COMBAT_LOG] {"ts":1770378200024,"event":"TURN_START","turn":1,"round":1,"unit":"player_rogue","unit_name":"Rogue","faction":"Player","hp":36,"max_hp":36,"ap":"Action | Bonus | Reaction | Move:30/30","pos":[2,0,-2]}
[RealtimeAIController] Turn started for Rogue
[COMBAT_LOG] {"ts":1770378200033,"event":"DECISION","unit":"player_rogue","action":"Attack","target":"enemy_goblin","score":0.71239054}
[RealtimeAIController] Rogue -> Attack (#1) score:0.71
[CombatArena] ExecuteAbility: player_rogue -> basic_attack -> enemy_goblin
[CombatArena] [STATE] PlayerDecision -> ActionExecution
[RealtimeAIController] State: PlayerDecision -> ActionExecution
[CombatArena] Rogue used basic_attack on Goblin Skirmisher: damage:6
[CombatArena] ClearSelection called
[AutoBattlerManager] Action: player_rogue -> Attack:basic_attack->enemy_goblin (OK)
[CombatArena] [STATE] ActionExecution -> PlayerDecision
[RealtimeAIController] State: ActionExecution -> PlayerDecision
[COMBAT_LOG] {"ts":1770378200711,"event":"DECISION","unit":"player_rogue","action":"Move","target":"(17, 0, -2)","score":0.65857196}
[RealtimeAIController] Rogue -> Move (#2) score:0.66
[CombatArena] ExecuteMovement: player_rogue -> (17, 0, -2)
[CombatArena] [STATE] PlayerDecision -> ActionExecution
[RealtimeAIController] State: PlayerDecision -> ActionExecution
[CombatArena] Rogue moved from (2, 0, -2) to (17, 0, -2), distance: 15.0
[CombatArena] [STATE] ActionExecution -> PlayerDecision
[RealtimeAIController] State: ActionExecution -> PlayerDecision
[AutoBattlerManager] Action: player_rogue -> Move to (17, 0, -2) (OK)
[COMBAT_LOG] {"ts":1770378200814,"event":"DECISION","unit":"player_rogue","action":"Move","target":"(9.5, 0, 5.5)","score":1.2699015}
[RealtimeAIController] Rogue -> Move (#3) score:1.27
[CombatArena] ExecuteMovement: player_rogue -> (9.5, 0, 5.5)
[CombatArena] [STATE] PlayerDecision -> ActionExecution
[RealtimeAIController] State: PlayerDecision -> ActionExecution
[CombatArena] Rogue moved from (17, 0, -2) to (9.5, 0, 5.5), distance: 10.6
[CombatArena] [STATE] ActionExecution -> PlayerDecision
[RealtimeAIController] State: ActionExecution -> PlayerDecision
[AutoBattlerManager] Action: player_rogue -> Move to (9.5, 0, 5.5) (OK)
[COMBAT_LOG] {"ts":1770378200917,"event":"DECISION","unit":"player_rogue","action":"Move","target":"(7.303301, 0, 3.3033009)","score":1.3018291}
[RealtimeAIController] Rogue -> Move (#4) score:1.30
[CombatArena] ExecuteMovement: player_rogue -> (7.303301, 0, 3.3033009)
[CombatArena] [STATE] PlayerDecision -> ActionExecution
[RealtimeAIController] State: PlayerDecision -> ActionExecution
[CombatArena] Rogue moved from (9.5, 0, 5.5) to (7.303301, 0, 3.3033009), distance: 3.1
[CombatArena] [STATE] ActionExecution -> PlayerDecision
[RealtimeAIController] State: ActionExecution -> PlayerDecision
[AutoBattlerManager] Action: player_rogue -> Move to (7.303301, 0, 3.3033009) (OK)
[COMBAT_LOG] {"ts":1770378201020,"event":"DECISION","unit":"player_rogue","action":"Move","target":"(6.6599026, 0, 3.3033009)","score":1.2995596}
[RealtimeAIController] Rogue -> Move (#5) score:1.30
[CombatArena] ExecuteMovement: player_rogue -> (6.6599026, 0, 3.3033009)
[CombatArena] [STATE] PlayerDecision -> ActionExecution
[RealtimeAIController] State: PlayerDecision -> ActionExecution
[CombatArena] Rogue moved from (7.303301, 0, 3.3033009) to (6.6599026, 0, 3.3033009), distance: 0.6
[CombatArena] [STATE] ActionExecution -> PlayerDecision
[RealtimeAIController] State: ActionExecution -> PlayerDecision
[AutoBattlerManager] Action: player_rogue -> Move to (6.6599026, 0, 3.3033009) (OK)
[COMBAT_LOG] {"ts":1770378201123,"event":"DECISION","unit":"player_rogue","action":"Move","target":"(6.6599026, 0, 2.6599026)","score":1.2994484}
[RealtimeAIController] Rogue -> Move (#6) score:1.30
[CombatArena] ExecuteMovement: player_rogue -> (6.6599026, 0, 2.6599026)
[CombatArena] [STATE] PlayerDecision -> ActionExecution
[RealtimeAIController] State: PlayerDecision -> ActionExecution
[CombatArena] Rogue moved from (6.6599026, 0, 3.3033009) to (6.6599026, 0, 2.6599026), distance: 0.6
[CombatArena] [STATE] ActionExecution -> PlayerDecision
[RealtimeAIController] State: ActionExecution -> PlayerDecision
[AutoBattlerManager] Action: player_rogue -> Move to (6.6599026, 0, 2.6599026) (OK)
[COMBAT_LOG] {"ts":1770378201226,"event":"DECISION","unit":"player_rogue","action":"EndTurn","score":0.107600406}
[RealtimeAIController] Rogue -> EndTurn (#7) score:0.11
[RealtimeAIController] Calling EndCurrentTurn()
[CombatArena] [STATE] PlayerDecision -> TurnEnd
[RealtimeAIController] State: PlayerDecision -> TurnEnd
[CombatArena] [TURN] Round 1, Goblin Skirmisher
[CombatArena] [STATE] TurnEnd -> TurnStart
[RealtimeAIController] State: TurnEnd -> TurnStart
[CombatArena] [STATE] TurnStart -> AIDecision
[RealtimeAIController] State: TurnStart -> AIDecision
[CombatArena] Camera focusing on Goblin Skirmisher via hooks
[CombatArena] SelectCombatant called: enemy_goblin
[CombatArena] Selected: enemy_goblin
[CombatArena] Turn started: Goblin Skirmisher (AI)
[COMBAT_LOG] {"ts":1770378201233,"event":"TURN_START","turn":2,"round":1,"unit":"enemy_goblin","unit_name":"Goblin Skirmisher","faction":"Hostile","hp":16,"max_hp":22,"ap":"Action | Bonus | Reaction | Move:30/30","pos":[7,0,3]}
[RealtimeAIController] Turn started for Goblin Skirmisher
[COMBAT_LOG] {"ts":1770378201234,"event":"DECISION","unit":"enemy_goblin","action":"Attack","target":"player_rogue","score":1.0500047}
[RealtimeAIController] Goblin Skirmisher -> Attack (#1) score:1.05
[CombatArena] ExecuteAbility: enemy_goblin -> basic_attack -> player_rogue
[CombatArena] [STATE] AIDecision -> ActionExecution
[RealtimeAIController] State: AIDecision -> ActionExecution
[CombatArena] Goblin Skirmisher used basic_attack on Rogue: damage:10
[CombatArena] ClearSelection called
[AutoBattlerManager] Action: enemy_goblin -> Attack:basic_attack->player_rogue (OK)
[CombatArena] [STATE] ActionExecution -> AIDecision
[RealtimeAIController] State: ActionExecution -> AIDecision
[COMBAT_LOG] {"ts":1770378201926,"event":"DECISION","unit":"enemy_goblin","action":"Move","target":"(7, 0, -12)","score":0.6571326}
[RealtimeAIController] Goblin Skirmisher -> Move (#2) score:0.66
[CombatArena] ExecuteMovement: enemy_goblin -> (7, 0, -12)
[CombatArena] [STATE] AIDecision -> ActionExecution
[RealtimeAIController] State: AIDecision -> ActionExecution
[CombatArena] Goblin Skirmisher moved from (7, 0, 3) to (7, 0, -12), distance: 15.0
[CombatArena] [STATE] ActionExecution -> AIDecision
[RealtimeAIController] State: ActionExecution -> AIDecision
[AutoBattlerManager] Action: enemy_goblin -> Move to (7, 0, -12) (OK)
[COMBAT_LOG] {"ts":1770378202030,"event":"DECISION","unit":"enemy_goblin","action":"Move","target":"(-0.5, 0, -4.5)","score":1.3079538}
[RealtimeAIController] Goblin Skirmisher -> Move (#3) score:1.31
[CombatArena] ExecuteMovement: enemy_goblin -> (-0.5, 0, -4.5)
[CombatArena] [STATE] AIDecision -> ActionExecution
[RealtimeAIController] State: AIDecision -> ActionExecution
[CombatArena] Goblin Skirmisher moved from (7, 0, -12) to (-0.5, 0, -4.5), distance: 10.6
[CombatArena] [STATE] ActionExecution -> AIDecision
[RealtimeAIController] State: ActionExecution -> AIDecision
[AutoBattlerManager] Action: enemy_goblin -> Move to (-0.5, 0, -4.5) (OK)
[COMBAT_LOG] {"ts":1770378202132,"event":"DECISION","unit":"enemy_goblin","action":"Move","target":"(-2.6966991, 0, -2.3033009)","score":1.2857325}
[RealtimeAIController] Goblin Skirmisher -> Move (#4) score:1.29
[CombatArena] ExecuteMovement: enemy_goblin -> (-2.6966991, 0, -2.3033009)
[CombatArena] [STATE] AIDecision -> ActionExecution
[RealtimeAIController] State: AIDecision -> ActionExecution
[CombatArena] Goblin Skirmisher moved from (-0.5, 0, -4.5) to (-2.6966991, 0, -2.3033009), distance: 3.1
[CombatArena] [STATE] ActionExecution -> AIDecision
[RealtimeAIController] State: ActionExecution -> AIDecision
[AutoBattlerManager] Action: enemy_goblin -> Move to (-2.6966991, 0, -2.3033009) (OK)
[COMBAT_LOG] {"ts":1770378202236,"event":"DECISION","unit":"enemy_goblin","action":"Move","target":"(-3.3400974, 0, -2.9466991)","score":1.2993948}
[RealtimeAIController] Goblin Skirmisher -> Move (#5) score:1.30
[CombatArena] ExecuteMovement: enemy_goblin -> (-3.3400974, 0, -2.9466991)
[CombatArena] [STATE] AIDecision -> ActionExecution
[RealtimeAIController] State: AIDecision -> ActionExecution
[CombatArena] Goblin Skirmisher moved from (-2.6966991, 0, -2.3033009) to (-3.3400974, 0, -2.9466991), distance: 0.9
[CombatArena] [STATE] ActionExecution -> AIDecision
[RealtimeAIController] State: ActionExecution -> AIDecision
[AutoBattlerManager] Action: enemy_goblin -> Move to (-3.3400974, 0, -2.9466991) (OK)
[COMBAT_LOG] {"ts":1770378202338,"event":"DECISION","unit":"enemy_goblin","action":"Move","target":"(-3.5285444, 0, -2.7582521)","score":1.3124907}
[RealtimeAIController] Goblin Skirmisher -> Move (#6) score:1.31
[CombatArena] ExecuteMovement: enemy_goblin -> (-3.5285444, 0, -2.7582521)
[CombatArena] [STATE] AIDecision -> ActionExecution
[RealtimeAIController] State: AIDecision -> ActionExecution
[CombatArena] Goblin Skirmisher moved from (-3.3400974, 0, -2.9466991) to (-3.5285444, 0, -2.7582521), distance: 0.3
[CombatArena] [STATE] ActionExecution -> AIDecision
[RealtimeAIController] State: ActionExecution -> AIDecision
[AutoBattlerManager] Action: enemy_goblin -> Move to (-3.5285444, 0, -2.7582521) (OK)
[COMBAT_LOG] {"ts":1770378202441,"event":"DECISION","unit":"enemy_goblin","action":"Move","target":"(-3.5837393, 0, -2.7030573)","score":1.3164502}
[RealtimeAIController] Goblin Skirmisher -> Move (#7) score:1.32
[CombatArena] ExecuteMovement: enemy_goblin -> (-3.5837393, 0, -2.7030573)
[CombatArena] [STATE] AIDecision -> ActionExecution
[RealtimeAIController] State: AIDecision -> ActionExecution
[CombatArena] Goblin Skirmisher moved from (-3.5285444, 0, -2.7582521) to (-3.5837393, 0, -2.7030573), distance: 0.1
[CombatArena] [STATE] ActionExecution -> AIDecision
[RealtimeAIController] State: ActionExecution -> AIDecision
[AutoBattlerManager] Action: enemy_goblin -> Move to (-3.5837393, 0, -2.7030573) (OK)
[COMBAT_LOG] {"ts":1770378202544,"event":"DECISION","unit":"enemy_goblin","action":"Move","target":"(-3.5999055, 0, -2.7030573)","score":1.3135574}
[RealtimeAIController] Goblin Skirmisher -> Move (#8) score:1.31
[CombatArena] ExecuteMovement: enemy_goblin -> (-3.5999055, 0, -2.7030573)
[CombatArena] [STATE] AIDecision -> ActionExecution
[RealtimeAIController] State: AIDecision -> ActionExecution
[CombatArena] Goblin Skirmisher moved from (-3.5837393, 0, -2.7030573) to (-3.5999055, 0, -2.7030573), distance: 0.0
[CombatArena] [STATE] ActionExecution -> AIDecision
[RealtimeAIController] State: ActionExecution -> AIDecision
[AutoBattlerManager] Action: enemy_goblin -> Move to (-3.5999055, 0, -2.7030573) (OK)
[COMBAT_LOG] {"ts":1770378202647,"event":"DECISION","unit":"enemy_goblin","action":"Move","target":"(-3.6079886, 0, -2.7030573)","score":1.3013407}
[RealtimeAIController] Goblin Skirmisher -> Move (#9) score:1.30
[CombatArena] ExecuteMovement: enemy_goblin -> (-3.6079886, 0, -2.7030573)
[CombatArena] [STATE] AIDecision -> ActionExecution
[RealtimeAIController] State: AIDecision -> ActionExecution
[CombatArena] Goblin Skirmisher moved from (-3.5999055, 0, -2.7030573) to (-3.6079886, 0, -2.7030573), distance: 0.0
[CombatArena] [STATE] ActionExecution -> AIDecision
[RealtimeAIController] State: ActionExecution -> AIDecision
[AutoBattlerManager] Action: enemy_goblin -> Move to (-3.6079886, 0, -2.7030573) (OK)
[COMBAT_LOG] {"ts":1770378202750,"event":"DECISION","unit":"enemy_goblin","action":"Move","target":"(-3.6039472, 0, -2.6990159)","score":1.3116864}
[RealtimeAIController] Goblin Skirmisher -> Move (#10) score:1.31
[CombatArena] ExecuteMovement: enemy_goblin -> (-3.6039472, 0, -2.6990159)
[CombatArena] [STATE] AIDecision -> ActionExecution
[RealtimeAIController] State: AIDecision -> ActionExecution
[CombatArena] Goblin Skirmisher moved from (-3.6079886, 0, -2.7030573) to (-3.6039472, 0, -2.6990159), distance: 0.0
[CombatArena] [STATE] ActionExecution -> AIDecision
[RealtimeAIController] State: ActionExecution -> AIDecision
[AutoBattlerManager] Action: enemy_goblin -> Move to (-3.6039472, 0, -2.6990159) (OK)
[COMBAT_LOG] {"ts":1770378202853,"event":"DECISION","unit":"enemy_goblin","action":"Move","target":"(-3.6039472, 0, -2.6966484)","score":1.3138697}
[RealtimeAIController] Goblin Skirmisher -> Move (#11) score:1.31
[CombatArena] ExecuteMovement: enemy_goblin -> (-3.6039472, 0, -2.6966484)
[CombatArena] [STATE] AIDecision -> ActionExecution
[RealtimeAIController] State: AIDecision -> ActionExecution
[CombatArena] Goblin Skirmisher moved from (-3.6039472, 0, -2.6990159) to (-3.6039472, 0, -2.6966484), distance: 0.0
[CombatArena] [STATE] ActionExecution -> AIDecision
[RealtimeAIController] State: ActionExecution -> AIDecision
[AutoBattlerManager] Action: enemy_goblin -> Move to (-3.6039472, 0, -2.6966484) (OK)
[COMBAT_LOG] {"ts":1770378202956,"event":"DECISION","unit":"enemy_goblin","action":"EndTurn","score":0.10614087}
[RealtimeAIController] Goblin Skirmisher -> EndTurn (#12) score:0.11
[RealtimeAIController] Calling EndCurrentTurn()
[CombatArena] [STATE] AIDecision -> TurnEnd
[RealtimeAIController] State: AIDecision -> TurnEnd
[CombatArena] [TURN] Round 1, Fighter
[CombatArena] [STATE] TurnEnd -> TurnStart
[RealtimeAIController] State: TurnEnd -> TurnStart
[CombatArena] [STATE] TurnStart -> PlayerDecision
[RealtimeAIController] State: TurnStart -> PlayerDecision
[CombatArena] Camera focusing on Fighter via hooks
[CombatArena] SelectCombatant called: player_fighter
[CombatArena] Selected: player_fighter
[CombatArena] Turn started: Fighter (Player)
[COMBAT_LOG] {"ts":1770378202962,"event":"TURN_START","turn":3,"round":1,"unit":"player_fighter","unit_name":"Fighter","faction":"Player","hp":52,"max_hp":52,"ap":"Action | Bonus | Reaction | Move:30/30","pos":[0,0,0]}
[RealtimeAIController] Turn started for Fighter
[COMBAT_LOG] {"ts":1770378202962,"event":"DECISION","unit":"player_fighter","action":"Attack","target":"enemy_orc_archer","score":0.70508444}
[RealtimeAIController] Fighter -> Attack (#1) score:0.71
[CombatArena] ExecuteAbility: player_fighter -> basic_attack -> enemy_orc_archer
[CombatArena] [STATE] PlayerDecision -> ActionExecution
[RealtimeAIController] State: PlayerDecision -> ActionExecution
[CombatArena] Fighter used basic_attack on Orc Archer: damage:5
[CombatArena] ClearSelection called
[AutoBattlerManager] Action: player_fighter -> Attack:basic_attack->enemy_orc_archer (OK)
[CombatArena] [STATE] ActionExecution -> PlayerDecision
[RealtimeAIController] State: ActionExecution -> PlayerDecision
[COMBAT_LOG] {"ts":1770378203655,"event":"DECISION","unit":"player_fighter","action":"Move","target":"(15, 0, -15)","score":0.65587294}
[RealtimeAIController] Fighter -> Move (#2) score:0.66
[CombatArena] ExecuteMovement: player_fighter -> (15, 0, -15)
[CombatArena] [STATE] PlayerDecision -> ActionExecution
[RealtimeAIController] State: PlayerDecision -> ActionExecution
[CombatArena] Fighter moved from (0, 0, 0) to (15, 0, -15), distance: 21.2
[CombatArena] [STATE] ActionExecution -> PlayerDecision
[RealtimeAIController] State: ActionExecution -> PlayerDecision
[AutoBattlerManager] Action: player_fighter -> Move to (15, 0, -15) (OK)
[COMBAT_LOG] {"ts":1770378203758,"event":"DECISION","unit":"player_fighter","action":"Move","target":"(23.786797, 0, -15)","score":0.6497619}
[RealtimeAIController] Fighter -> Move (#3) score:0.65
[CombatArena] ExecuteMovement: player_fighter -> (23.786797, 0, -15)
[CombatArena] [STATE] PlayerDecision -> ActionExecution
[RealtimeAIController] State: PlayerDecision -> ActionExecution
[CombatArena] Fighter moved from (15, 0, -15) to (23.786797, 0, -15), distance: 8.8
[CombatArena] [STATE] ActionExecution -> PlayerDecision
[RealtimeAIController] State: ActionExecution -> PlayerDecision
[AutoBattlerManager] Action: player_fighter -> Move to (23.786797, 0, -15) (OK)
[COMBAT_LOG] {"ts":1770378203861,"event":"DECISION","unit":"player_fighter","action":"EndTurn","score":0.1019868}
[RealtimeAIController] Fighter -> EndTurn (#4) score:0.10
[RealtimeAIController] Calling EndCurrentTurn()
[CombatArena] [STATE] PlayerDecision -> TurnEnd
[RealtimeAIController] State: PlayerDecision -> TurnEnd
[CombatArena] [TURN] Round 1, Orc Archer
[CombatArena] [STATE] TurnEnd -> TurnStart
[RealtimeAIController] State: TurnEnd -> TurnStart
[CombatArena] [STATE] TurnStart -> AIDecision
[RealtimeAIController] State: TurnStart -> AIDecision
[CombatArena] Camera focusing on Orc Archer via hooks
[CombatArena] SelectCombatant called: enemy_orc_archer
[CombatArena] Selected: enemy_orc_archer
[CombatArena] Turn started: Orc Archer (AI)
[COMBAT_LOG] {"ts":1770378203868,"event":"TURN_START","turn":4,"round":1,"unit":"enemy_orc_archer","unit_name":"Orc Archer","faction":"Hostile","hp":25,"max_hp":30,"ap":"Action | Bonus | Reaction | Move:30/30","pos":[10,0,2]}
[RealtimeAIController] Turn started for Orc Archer
[COMBAT_LOG] {"ts":1770378203868,"event":"DECISION","unit":"enemy_orc_archer","action":"Move","target":"(-5, 0, 2)","score":1.3121552}
[RealtimeAIController] Orc Archer -> Move (#1) score:1.31
[CombatArena] ExecuteMovement: enemy_orc_archer -> (-5, 0, 2)
[CombatArena] [STATE] AIDecision -> ActionExecution
[RealtimeAIController] State: AIDecision -> ActionExecution
[CombatArena] Orc Archer moved from (10, 0, 2) to (-5, 0, 2), distance: 15.0
[CombatArena] [STATE] ActionExecution -> AIDecision
[RealtimeAIController] State: ActionExecution -> AIDecision
[AutoBattlerManager] Action: enemy_orc_archer -> Move to (-5, 0, 2) (OK)
[COMBAT_LOG] {"ts":1770378203970,"event":"DECISION","unit":"enemy_orc_archer","action":"Move","target":"(2.5, 0, -5.5)","score":1.3032819}
[RealtimeAIController] Orc Archer -> Move (#2) score:1.30
[CombatArena] ExecuteMovement: enemy_orc_archer -> (2.5, 0, -5.5)
[CombatArena] [STATE] AIDecision -> ActionExecution
[RealtimeAIController] State: AIDecision -> ActionExecution
[CombatArena] Orc Archer moved from (-5, 0, 2) to (2.5, 0, -5.5), distance: 10.6
[CombatArena] [STATE] ActionExecution -> AIDecision
[RealtimeAIController] State: ActionExecution -> AIDecision
[AutoBattlerManager] Action: enemy_orc_archer -> Move to (2.5, 0, -5.5) (OK)
[COMBAT_LOG] {"ts":1770378204073,"event":"DECISION","unit":"enemy_orc_archer","action":"Move","target":"(2.5, 0, -1.1066017)","score":1.3166316}
[RealtimeAIController] Orc Archer -> Move (#3) score:1.32
[CombatArena] ExecuteMovement: enemy_orc_archer -> (2.5, 0, -1.1066017)
[CombatArena] [STATE] AIDecision -> ActionExecution
[RealtimeAIController] State: AIDecision -> ActionExecution
[CombatArena] Orc Archer moved from (2.5, 0, -5.5) to (2.5, 0, -1.1066017), distance: 4.4
[CombatArena] [STATE] ActionExecution -> AIDecision
[RealtimeAIController] State: ActionExecution -> AIDecision
[AutoBattlerManager] Action: enemy_orc_archer -> Move to (2.5, 0, -1.1066017) (OK)
[COMBAT_LOG] {"ts":1770378204176,"event":"DECISION","unit":"enemy_orc_archer","action":"Dash","score":3.2341552}
[RealtimeAIController] Orc Archer -> Dash (#4) score:3.23
[AutoBattlerManager] Action: enemy_orc_archer -> Dash (OK)
[COMBAT_LOG] {"ts":1770378204279,"event":"DECISION","unit":"enemy_orc_archer","action":"Move","target":"(17.5, 0, -1.1066017)","score":0.65994626}
[RealtimeAIController] Orc Archer -> Move (#5) score:0.66
[CombatArena] ExecuteMovement: enemy_orc_archer -> (17.5, 0, -1.1066017)
[CombatArena] [STATE] AIDecision -> ActionExecution
[RealtimeAIController] State: AIDecision -> ActionExecution
[CombatArena] Orc Archer moved from (2.5, 0, -1.1066017) to (17.5, 0, -1.1066017), distance: 15.0
[CombatArena] [STATE] ActionExecution -> AIDecision
[RealtimeAIController] State: ActionExecution -> AIDecision
[AutoBattlerManager] Action: enemy_orc_archer -> Move to (17.5, 0, -1.1066017) (OK)
[COMBAT_LOG] {"ts":1770378204382,"event":"DECISION","unit":"enemy_orc_archer","action":"Move","target":"(2.5, 0, -1.1066017)","score":1.2824955}
[RealtimeAIController] Orc Archer -> Move (#6) score:1.28
[CombatArena] ExecuteMovement: enemy_orc_archer -> (2.5, 0, -1.1066017)
[CombatArena] [STATE] AIDecision -> ActionExecution
[RealtimeAIController] State: AIDecision -> ActionExecution
[CombatArena] Orc Archer moved from (17.5, 0, -1.1066017) to (2.5, 0, -1.1066017), distance: 15.0
[CombatArena] [STATE] ActionExecution -> AIDecision
[RealtimeAIController] State: ActionExecution -> AIDecision
[AutoBattlerManager] Action: enemy_orc_archer -> Move to (2.5, 0, -1.1066017) (OK)
[COMBAT_LOG] {"ts":1770378204484,"event":"DECISION","unit":"enemy_orc_archer","action":"EndTurn","score":0.10128818}
[RealtimeAIController] Orc Archer -> EndTurn (#7) score:0.10
[RealtimeAIController] Calling EndCurrentTurn()
[CombatArena] [STATE] AIDecision -> TurnEnd
[RealtimeAIController] State: AIDecision -> TurnEnd
[CombatArena] [TURN] Round 1, Goblin Shaman
[CombatArena] [STATE] TurnEnd -> TurnStart
[RealtimeAIController] State: TurnEnd -> TurnStart
[CombatArena] [STATE] TurnStart -> AIDecision
[RealtimeAIController] State: TurnStart -> AIDecision
[CombatArena] Camera focusing on Goblin Shaman via hooks
[CombatArena] SelectCombatant called: enemy_shaman
[CombatArena] Selected: enemy_shaman
[CombatArena] Turn started: Goblin Shaman (AI)
[COMBAT_LOG] {"ts":1770378204491,"event":"TURN_START","turn":5,"round":1,"unit":"enemy_shaman","unit_name":"Goblin Shaman","faction":"Hostile","hp":28,"max_hp":28,"ap":"Action | Bonus | Reaction | Move:30/30","pos":[10,0,-1]}
[RealtimeAIController] Turn started for Goblin Shaman
[COMBAT_LOG] {"ts":1770378204492,"event":"DECISION","unit":"enemy_shaman","action":"Move","target":"(25, 0, -16)","score":1.3111304}
[RealtimeAIController] Goblin Shaman -> Move (#1) score:1.31
[CombatArena] ExecuteMovement: enemy_shaman -> (25, 0, -16)
[CombatArena] [STATE] AIDecision -> ActionExecution
[RealtimeAIController] State: AIDecision -> ActionExecution
[CombatArena] Goblin Shaman moved from (10, 0, -1) to (25, 0, -16), distance: 21.2
[CombatArena] [STATE] ActionExecution -> AIDecision
[RealtimeAIController] State: ActionExecution -> AIDecision
[AutoBattlerManager] Action: enemy_shaman -> Move to (25, 0, -16) (OK)
[COMBAT_LOG] {"ts":1770378204594,"event":"DECISION","unit":"enemy_shaman","action":"Move","target":"(20.606602, 0, -16)","score":1.3032126}
[RealtimeAIController] Goblin Shaman -> Move (#2) score:1.30
[CombatArena] ExecuteMovement: enemy_shaman -> (20.606602, 0, -16)
[CombatArena] [STATE] AIDecision -> ActionExecution
[RealtimeAIController] State: AIDecision -> ActionExecution
[CombatArena] Goblin Shaman moved from (25, 0, -16) to (20.606602, 0, -16), distance: 4.4
[CombatArena] [STATE] ActionExecution -> AIDecision
[RealtimeAIController] State: ActionExecution -> AIDecision
[AutoBattlerManager] Action: enemy_shaman -> Move to (20.606602, 0, -16) (OK)
[COMBAT_LOG] {"ts":1770378204697,"event":"DECISION","unit":"enemy_shaman","action":"Move","target":"(22.8033, 0, -16)","score":1.3013864}
[RealtimeAIController] Goblin Shaman -> Move (#3) score:1.30
[CombatArena] ExecuteMovement: enemy_shaman -> (22.8033, 0, -16)
[CombatArena] [STATE] AIDecision -> ActionExecution
[RealtimeAIController] State: AIDecision -> ActionExecution
[CombatArena] Goblin Shaman moved from (20.606602, 0, -16) to (22.8033, 0, -16), distance: 2.2
[CombatArena] [STATE] ActionExecution -> AIDecision
[RealtimeAIController] State: ActionExecution -> AIDecision
[AutoBattlerManager] Action: enemy_shaman -> Move to (22.8033, 0, -16) (OK)
[COMBAT_LOG] {"ts":1770378204800,"event":"DECISION","unit":"enemy_shaman","action":"Move","target":"(21.704952, 0, -17.09835)","score":1.3189198}
[RealtimeAIController] Goblin Shaman -> Move (#4) score:1.32
[CombatArena] ExecuteMovement: enemy_shaman -> (21.704952, 0, -17.09835)
[CombatArena] [STATE] AIDecision -> ActionExecution
[RealtimeAIController] State: AIDecision -> ActionExecution
[CombatArena] Goblin Shaman moved from (22.8033, 0, -16) to (21.704952, 0, -17.09835), distance: 1.6
[CombatArena] [STATE] ActionExecution -> AIDecision
[RealtimeAIController] State: ActionExecution -> AIDecision
[AutoBattlerManager] Action: enemy_shaman -> Move to (21.704952, 0, -17.09835) (OK)
[COMBAT_LOG] {"ts":1770378204903,"event":"DECISION","unit":"enemy_shaman","action":"Dash","score":3.257324}
[RealtimeAIController] Goblin Shaman -> Dash (#5) score:3.26
[AutoBattlerManager] Action: enemy_shaman -> Dash (OK)
[COMBAT_LOG] {"ts":1770378205006,"event":"DECISION","unit":"enemy_shaman","action":"Move","target":"(6.383253, 0, -1.7766514)","score":1.2431465}
[RealtimeAIController] Goblin Shaman -> Move (#6) score:1.24
[CombatArena] ExecuteMovement: enemy_shaman -> (6.383253, 0, -1.7766514)
[CombatArena] [STATE] AIDecision -> ActionExecution
[RealtimeAIController] State: AIDecision -> ActionExecution
[CombatArena] Goblin Shaman moved from (21.704952, 0, -17.09835) to (6.383253, 0, -1.7766514), distance: 21.7
[CombatArena] [STATE] ActionExecution -> AIDecision
[RealtimeAIController] State: ActionExecution -> AIDecision
[AutoBattlerManager] Action: enemy_shaman -> Move to (6.383253, 0, -1.7766514) (OK)
[COMBAT_LOG] {"ts":1770378205108,"event":"DECISION","unit":"enemy_shaman","action":"Move","target":"(6.383253, 0, 7.198591)","score":1.3191732}
[RealtimeAIController] Goblin Shaman -> Move (#7) score:1.32
[CombatArena] ExecuteMovement: enemy_shaman -> (6.383253, 0, 7.198591)
[CombatArena] [STATE] AIDecision -> ActionExecution
[RealtimeAIController] State: AIDecision -> ActionExecution
[CombatArena] Goblin Shaman moved from (6.383253, 0, -1.7766514) to (6.383253, 0, 7.198591), distance: 9.0
[CombatArena] [STATE] ActionExecution -> AIDecision
[RealtimeAIController] State: ActionExecution -> AIDecision
[AutoBattlerManager] Action: enemy_shaman -> Move to (6.383253, 0, 7.198591) (OK)
[COMBAT_LOG] {"ts":1770378205211,"event":"DECISION","unit":"enemy_shaman","action":"EndTurn","score":0.107243136}
[RealtimeAIController] Goblin Shaman -> EndTurn (#8) score:0.11
[RealtimeAIController] Calling EndCurrentTurn()
[CombatArena] [STATE] AIDecision -> TurnEnd
[RealtimeAIController] State: AIDecision -> TurnEnd
[CombatArena] [TURN] Round 1, Mage
[CombatArena] [STATE] TurnEnd -> TurnStart
[RealtimeAIController] State: TurnEnd -> TurnStart
[CombatArena] [STATE] TurnStart -> PlayerDecision
[RealtimeAIController] State: TurnStart -> PlayerDecision
[CombatArena] Camera focusing on Mage via hooks
[CombatArena] SelectCombatant called: player_mage
[CombatArena] Selected: player_mage
[CombatArena] Turn started: Mage (Player)
[COMBAT_LOG] {"ts":1770378205218,"event":"TURN_START","turn":6,"round":1,"unit":"player_mage","unit_name":"Mage","faction":"Player","hp":32,"max_hp":32,"ap":"Action | Bonus | Reaction | Move:30/30","pos":[-3,0,-1]}
[RealtimeAIController] Turn started for Mage
[COMBAT_LOG] {"ts":1770378205218,"event":"DECISION","unit":"player_mage","action":"Move","target":"(12, 0, -1)","score":1.2344654}
[RealtimeAIController] Mage -> Move (#1) score:1.23
[CombatArena] ExecuteMovement: player_mage -> (12, 0, -1)
[CombatArena] [STATE] PlayerDecision -> ActionExecution
[RealtimeAIController] State: PlayerDecision -> ActionExecution
[CombatArena] Mage moved from (-3, 0, -1) to (12, 0, -1), distance: 15.0
[CombatArena] [STATE] ActionExecution -> PlayerDecision
[RealtimeAIController] State: ActionExecution -> PlayerDecision
[AutoBattlerManager] Action: player_mage -> Move to (12, 0, -1) (OK)
[COMBAT_LOG] {"ts":1770378205321,"event":"DECISION","unit":"player_mage","action":"Move","target":"(4.5, 0, -1)","score":1.2980747}
[RealtimeAIController] Mage -> Move (#2) score:1.30
[CombatArena] ExecuteMovement: player_mage -> (4.5, 0, -1)
[CombatArena] [STATE] PlayerDecision -> ActionExecution
[RealtimeAIController] State: PlayerDecision -> ActionExecution
[CombatArena] Mage moved from (12, 0, -1) to (4.5, 0, -1), distance: 7.5
[CombatArena] [STATE] ActionExecution -> PlayerDecision
[RealtimeAIController] State: ActionExecution -> PlayerDecision
[AutoBattlerManager] Action: player_mage -> Move to (4.5, 0, -1) (OK)
[COMBAT_LOG] {"ts":1770378205424,"event":"DECISION","unit":"player_mage","action":"Move","target":"(0.75, 0, -4.75)","score":1.309641}
[RealtimeAIController] Mage -> Move (#3) score:1.31
[CombatArena] ExecuteMovement: player_mage -> (0.75, 0, -4.75)
[CombatArena] [STATE] PlayerDecision -> ActionExecution
[RealtimeAIController] State: PlayerDecision -> ActionExecution
[CombatArena] Mage moved from (4.5, 0, -1) to (0.75, 0, -4.75), distance: 5.3
[CombatArena] [STATE] ActionExecution -> PlayerDecision
[RealtimeAIController] State: ActionExecution -> PlayerDecision
[AutoBattlerManager] Action: player_mage -> Move to (0.75, 0, -4.75) (OK)
[COMBAT_LOG] {"ts":1770378205526,"event":"DECISION","unit":"player_mage","action":"Dash","score":3.2315097}
[RealtimeAIController] Mage -> Dash (#4) score:3.23
[AutoBattlerManager] Action: player_mage -> Dash (OK)
[COMBAT_LOG] {"ts":1770378205629,"event":"DECISION","unit":"player_mage","action":"Move","target":"(0.75, 0, 27.446701)","score":0.6575338}
[RealtimeAIController] Mage -> Move (#5) score:0.66
[CombatArena] ExecuteMovement: player_mage -> (0.75, 0, 27.446701)
[CombatArena] [STATE] PlayerDecision -> ActionExecution
[RealtimeAIController] State: PlayerDecision -> ActionExecution
[CombatArena] Mage moved from (0.75, 0, -4.75) to (0.75, 0, 27.446701), distance: 32.2
[CombatArena] [STATE] ActionExecution -> PlayerDecision
[RealtimeAIController] State: ActionExecution -> PlayerDecision
[AutoBattlerManager] Action: player_mage -> Move to (0.75, 0, 27.446701) (OK)
[COMBAT_LOG] {"ts":1770378205732,"event":"DECISION","unit":"player_mage","action":"EndTurn","score":0.101641536}
[RealtimeAIController] Mage -> EndTurn (#6) score:0.10
[RealtimeAIController] Calling EndCurrentTurn()
[CombatArena] [STATE] PlayerDecision -> TurnEnd
[RealtimeAIController] State: PlayerDecision -> TurnEnd
[CombatArena] [TURN] Round 1, Orc Brute
[CombatArena] [STATE] TurnEnd -> TurnStart
[RealtimeAIController] State: TurnEnd -> TurnStart
[CombatArena] [STATE] TurnStart -> AIDecision
[RealtimeAIController] State: TurnStart -> AIDecision
[CombatArena] Camera focusing on Orc Brute via hooks
[CombatArena] SelectCombatant called: enemy_orc_brute
[CombatArena] Selected: enemy_orc_brute
[CombatArena] Turn started: Orc Brute (AI)
[COMBAT_LOG] {"ts":1770378205739,"event":"TURN_START","turn":7,"round":1,"unit":"enemy_orc_brute","unit_name":"Orc Brute","faction":"Hostile","hp":48,"max_hp":48,"ap":"Action | Bonus | Reaction | Move:30/30","pos":[8,0,0]}
[RealtimeAIController] Turn started for Orc Brute
[COMBAT_LOG] {"ts":1770378205739,"event":"DECISION","unit":"enemy_orc_brute","action":"Move","target":"(23, 0, -15)","score":1.2650765}
[RealtimeAIController] Orc Brute -> Move (#1) score:1.27
[CombatArena] ExecuteMovement: enemy_orc_brute -> (23, 0, -15)
[CombatArena] [STATE] AIDecision -> ActionExecution
[RealtimeAIController] State: AIDecision -> ActionExecution
[CombatArena] Orc Brute moved from (8, 0, 0) to (23, 0, -15), distance: 21.2
[CombatArena] [STATE] ActionExecution -> AIDecision
[RealtimeAIController] State: ActionExecution -> AIDecision
[AutoBattlerManager] Action: enemy_orc_brute -> Move to (23, 0, -15) (OK)
[COMBAT_LOG] {"ts":1770378205842,"event":"DECISION","unit":"enemy_orc_brute","action":"Move","target":"(23, 0, -10.606602)","score":1.2870282}
[RealtimeAIController] Orc Brute -> Move (#2) score:1.29
[CombatArena] ExecuteMovement: enemy_orc_brute -> (23, 0, -10.606602)
[CombatArena] [STATE] AIDecision -> ActionExecution
[RealtimeAIController] State: AIDecision -> ActionExecution
[CombatArena] Orc Brute moved from (23, 0, -15) to (23, 0, -10.606602), distance: 4.4
[CombatArena] [STATE] ActionExecution -> AIDecision
[RealtimeAIController] State: ActionExecution -> AIDecision
[AutoBattlerManager] Action: enemy_orc_brute -> Move to (23, 0, -10.606602) (OK)
[COMBAT_LOG] {"ts":1770378205945,"event":"DECISION","unit":"enemy_orc_brute","action":"Dash","score":3.1243854}
[RealtimeAIController] Orc Brute -> Dash (#3) score:3.12
[AutoBattlerManager] Action: enemy_orc_brute -> Dash (OK)
[COMBAT_LOG] {"ts":1770378206047,"event":"DECISION","unit":"enemy_orc_brute","action":"Move","target":"(5.803301, 0, 6.5900974)","score":1.21045}
[RealtimeAIController] Orc Brute -> Move (#4) score:1.21
[CombatArena] ExecuteMovement: enemy_orc_brute -> (5.803301, 0, 6.5900974)
[CombatArena] [STATE] AIDecision -> ActionExecution
[RealtimeAIController] State: AIDecision -> ActionExecution
[CombatArena] Orc Brute moved from (23, 0, -10.606602) to (5.803301, 0, 6.5900974), distance: 24.3
[CombatArena] [STATE] ActionExecution -> AIDecision
[RealtimeAIController] State: ActionExecution -> AIDecision
[AutoBattlerManager] Action: enemy_orc_brute -> Move to (5.803301, 0, 6.5900974) (OK)
[COMBAT_LOG] {"ts":1770378206150,"event":"DECISION","unit":"enemy_orc_brute","action":"Move","target":"(0.7665043, 0, 1.5533009)","score":1.2246288}
[RealtimeAIController] Orc Brute -> Move (#5) score:1.22
[CombatArena] ExecuteMovement: enemy_orc_brute -> (0.7665043, 0, 1.5533009)
[CombatArena] [STATE] AIDecision -> ActionExecution
[RealtimeAIController] State: AIDecision -> ActionExecution
[CombatArena] Orc Brute moved from (5.803301, 0, 6.5900974) to (0.7665043, 0, 1.5533009), distance: 7.1
[CombatArena] [STATE] ActionExecution -> AIDecision
[RealtimeAIController] State: ActionExecution -> AIDecision
[AutoBattlerManager] Action: enemy_orc_brute -> Move to (0.7665043, 0, 1.5533009) (OK)
[COMBAT_LOG] {"ts":1770378206253,"event":"DECISION","unit":"enemy_orc_brute","action":"Move","target":"(2.2417479, 0, 3.0285444)","score":1.3015244}
[RealtimeAIController] Orc Brute -> Move (#6) score:1.30
[CombatArena] ExecuteMovement: enemy_orc_brute -> (2.2417479, 0, 3.0285444)
[CombatArena] [STATE] AIDecision -> ActionExecution
[RealtimeAIController] State: AIDecision -> ActionExecution
[CombatArena] Orc Brute moved from (0.7665043, 0, 1.5533009) to (2.2417479, 0, 3.0285444), distance: 2.1
[CombatArena] [STATE] ActionExecution -> AIDecision
[RealtimeAIController] State: ActionExecution -> AIDecision
[AutoBattlerManager] Action: enemy_orc_brute -> Move to (2.2417479, 0, 3.0285444) (OK)
[COMBAT_LOG] {"ts":1770378206356,"event":"DECISION","unit":"enemy_orc_brute","action":"Move","target":"(2.2417479, 0, 2.5964556)","score":1.3111988}
[RealtimeAIController] Orc Brute -> Move (#7) score:1.31
[CombatArena] ExecuteMovement: enemy_orc_brute -> (2.2417479, 0, 2.5964556)
[CombatArena] [STATE] AIDecision -> ActionExecution
[RealtimeAIController] State: AIDecision -> ActionExecution
[CombatArena] Orc Brute moved from (2.2417479, 0, 3.0285444) to (2.2417479, 0, 2.5964556), distance: 0.4
[CombatArena] [STATE] ActionExecution -> AIDecision
[RealtimeAIController] State: ActionExecution -> AIDecision
[AutoBattlerManager] Action: enemy_orc_brute -> Move to (2.2417479, 0, 2.5964556) (OK)
[COMBAT_LOG] {"ts":1770378206459,"event":"DECISION","unit":"enemy_orc_brute","action":"Move","target":"(2.2417479, 0, 2.3804111)","score":1.3191314}
[RealtimeAIController] Orc Brute -> Move (#8) score:1.32
[CombatArena] ExecuteMovement: enemy_orc_brute -> (2.2417479, 0, 2.3804111)
[CombatArena] [STATE] AIDecision -> ActionExecution
[RealtimeAIController] State: AIDecision -> ActionExecution
[CombatArena] Orc Brute moved from (2.2417479, 0, 2.5964556) to (2.2417479, 0, 2.3804111), distance: 0.2
[CombatArena] [STATE] ActionExecution -> AIDecision
[RealtimeAIController] State: ActionExecution -> AIDecision
[AutoBattlerManager] Action: enemy_orc_brute -> Move to (2.2417479, 0, 2.3804111) (OK)
[COMBAT_LOG] {"ts":1770378206561,"event":"DECISION","unit":"enemy_orc_brute","action":"Move","target":"(2.2417479, 0, 2.272389)","score":1.3096893}
[RealtimeAIController] Orc Brute -> Move (#9) score:1.31
[CombatArena] ExecuteMovement: enemy_orc_brute -> (2.2417479, 0, 2.272389)
[CombatArena] [STATE] AIDecision -> ActionExecution
[RealtimeAIController] State: AIDecision -> ActionExecution
[CombatArena] Orc Brute moved from (2.2417479, 0, 2.3804111) to (2.2417479, 0, 2.272389), distance: 0.1
[CombatArena] [STATE] ActionExecution -> AIDecision
[RealtimeAIController] State: ActionExecution -> AIDecision
[AutoBattlerManager] Action: enemy_orc_brute -> Move to (2.2417479, 0, 2.272389) (OK)
[COMBAT_LOG] {"ts":1770378206664,"event":"DECISION","unit":"enemy_orc_brute","action":"Move","target":"(2.2417479, 0, 2.3804111)","score":1.306422}
[RealtimeAIController] Orc Brute -> Move (#10) score:1.31
[CombatArena] ExecuteMovement: enemy_orc_brute -> (2.2417479, 0, 2.3804111)
[CombatArena] [STATE] AIDecision -> ActionExecution
[RealtimeAIController] State: AIDecision -> ActionExecution
[CombatArena] Orc Brute moved from (2.2417479, 0, 2.272389) to (2.2417479, 0, 2.3804111), distance: 0.1
[CombatArena] [STATE] ActionExecution -> AIDecision
[RealtimeAIController] State: ActionExecution -> AIDecision
[AutoBattlerManager] Action: enemy_orc_brute -> Move to (2.2417479, 0, 2.3804111) (OK)
[COMBAT_LOG] {"ts":1770378206767,"event":"DECISION","unit":"enemy_orc_brute","action":"EndTurn","score":0.103639975}
[RealtimeAIController] Orc Brute -> EndTurn (#11) score:0.10
[RealtimeAIController] Calling EndCurrentTurn()
[CombatArena] [STATE] AIDecision -> TurnEnd
[RealtimeAIController] State: AIDecision -> TurnEnd
[CombatArena] [TURN] Round 1, Cleric
[CombatArena] [STATE] TurnEnd -> TurnStart
[RealtimeAIController] State: TurnEnd -> TurnStart
[CombatArena] [STATE] TurnStart -> PlayerDecision
[RealtimeAIController] State: TurnStart -> PlayerDecision
[CombatArena] Camera focusing on Cleric via hooks
[CombatArena] SelectCombatant called: player_cleric
[CombatArena] Selected: player_cleric
[CombatArena] Turn started: Cleric (Player)
[COMBAT_LOG] {"ts":1770378206773,"event":"TURN_START","turn":8,"round":1,"unit":"player_cleric","unit_name":"Cleric","faction":"Player","hp":44,"max_hp":44,"ap":"Action | Bonus | Reaction | Move:30/30","pos":[-1,0,-3]}
[RealtimeAIController] Turn started for Cleric
[COMBAT_LOG] {"ts":1770378206774,"event":"DECISION","unit":"player_cleric","action":"Attack","target":"enemy_orc_brute","score":0.7113793}
[RealtimeAIController] Cleric -> Attack (#1) score:0.71
[CombatArena] ExecuteAbility: player_cleric -> basic_attack -> enemy_orc_brute
[CombatArena] [STATE] PlayerDecision -> ActionExecution
[RealtimeAIController] State: PlayerDecision -> ActionExecution
[CombatArena] Cleric used basic_attack on Orc Brute: damage:10
[CombatArena] ClearSelection called
[AutoBattlerManager] Action: player_cleric -> Attack:basic_attack->enemy_orc_brute (OK)
[CombatArena] [STATE] ActionExecution -> PlayerDecision
[RealtimeAIController] State: ActionExecution -> PlayerDecision
[COMBAT_LOG] {"ts":1770378207466,"event":"DECISION","unit":"player_cleric","action":"Move","target":"(14, 0, -3)","score":0.6589495}
[RealtimeAIController] Cleric -> Move (#2) score:0.66
[CombatArena] ExecuteMovement: player_cleric -> (14, 0, -3)
[CombatArena] [STATE] PlayerDecision -> ActionExecution
[RealtimeAIController] State: PlayerDecision -> ActionExecution
[CombatArena] Cleric moved from (-1, 0, -3) to (14, 0, -3), distance: 15.0
[CombatArena] [STATE] ActionExecution -> PlayerDecision
[RealtimeAIController] State: ActionExecution -> PlayerDecision
[AutoBattlerManager] Action: player_cleric -> Move to (14, 0, -3) (OK)
[COMBAT_LOG] {"ts":1770378207569,"event":"DECISION","unit":"player_cleric","action":"Move","target":"(6.5, 0, 4.5)","score":1.266267}
[RealtimeAIController] Cleric -> Move (#3) score:1.27
[CombatArena] ExecuteMovement: player_cleric -> (6.5, 0, 4.5)
[CombatArena] [STATE] PlayerDecision -> ActionExecution
[RealtimeAIController] State: PlayerDecision -> ActionExecution
[CombatArena] Cleric moved from (14, 0, -3) to (6.5, 0, 4.5), distance: 10.6
[CombatArena] [STATE] ActionExecution -> PlayerDecision
[RealtimeAIController] State: ActionExecution -> PlayerDecision
[AutoBattlerManager] Action: player_cleric -> Move to (6.5, 0, 4.5) (OK)
[COMBAT_LOG] {"ts":1770378207671,"event":"DECISION","unit":"player_cleric","action":"Move","target":"(2.1066017, 0, 4.5)","score":1.3145055}
[RealtimeAIController] Cleric -> Move (#4) score:1.31
[CombatArena] ExecuteMovement: player_cleric -> (2.1066017, 0, 4.5)
[CombatArena] [STATE] PlayerDecision -> ActionExecution
[RealtimeAIController] State: PlayerDecision -> ActionExecution
[CombatArena] Cleric moved from (6.5, 0, 4.5) to (2.1066017, 0, 4.5), distance: 4.4
[CombatArena] [STATE] ActionExecution -> PlayerDecision
[RealtimeAIController] State: ActionExecution -> PlayerDecision
[AutoBattlerManager] Action: player_cleric -> Move to (2.1066017, 0, 4.5) (OK)
[COMBAT_LOG] {"ts":1770378207775,"event":"DECISION","unit":"player_cleric","action":"EndTurn","score":0.10209341}
[RealtimeAIController] Cleric -> EndTurn (#5) score:0.10
[RealtimeAIController] Calling EndCurrentTurn()
[CombatArena] [STATE] PlayerDecision -> TurnEnd
[RealtimeAIController] State: PlayerDecision -> TurnEnd
[CombatArena] [TURN] Round 2, Rogue
[CombatArena] [STATE] TurnEnd -> RoundEnd
[RealtimeAIController] State: TurnEnd -> RoundEnd
[CombatArena] [STATE] RoundEnd -> TurnStart
[RealtimeAIController] State: RoundEnd -> TurnStart
[CombatArena] Round 2: Reset reactions for all combatants
[CombatArena] [STATE] TurnStart -> PlayerDecision
[RealtimeAIController] State: TurnStart -> PlayerDecision
[CombatArena] Camera focusing on Rogue via hooks
[CombatArena] SelectCombatant called: player_rogue
[CombatArena] Selected: player_rogue
[CombatArena] Turn started: Rogue (Player)
[COMBAT_LOG] {"ts":1770378207781,"event":"TURN_START","turn":9,"round":2,"unit":"player_rogue","unit_name":"Rogue","faction":"Player","hp":26,"max_hp":36,"ap":"Action | Bonus | Reaction | Move:30/30","pos":[6.6599026,0,2.6599026]}
[RealtimeAIController] Turn started for Rogue
[COMBAT_LOG] {"ts":1770378207781,"event":"DECISION","unit":"player_rogue","action":"Attack","target":"enemy_orc_brute","score":0.6685191}
[RealtimeAIController] Rogue -> Attack (#1) score:0.67
[CombatArena] ExecuteAbility: player_rogue -> basic_attack -> enemy_orc_brute
[CombatArena] [STATE] PlayerDecision -> ActionExecution
[RealtimeAIController] State: PlayerDecision -> ActionExecution
[CombatArena] Rogue used basic_attack on Orc Brute: damage:5
[CombatArena] ClearSelection called
[AutoBattlerManager] Action: player_rogue -> Attack:basic_attack->enemy_orc_brute (OK)
[CombatArena] [STATE] ActionExecution -> PlayerDecision
[RealtimeAIController] State: ActionExecution -> PlayerDecision
[COMBAT_LOG] {"ts":1770378208473,"event":"DECISION","unit":"player_rogue","action":"Move","target":"(-23.340097, 0, 2.6599026)","score":0.6586647}
[RealtimeAIController] Rogue -> Move (#2) score:0.66
[CombatArena] ExecuteMovement: player_rogue -> (-23.340097, 0, 2.6599026)
[CombatArena] [STATE] PlayerDecision -> ActionExecution
[RealtimeAIController] State: PlayerDecision -> ActionExecution
[CombatArena] Rogue moved from (6.6599026, 0, 2.6599026) to (-23.340097, 0, 2.6599026), distance: 30.0
[CombatArena] [STATE] ActionExecution -> PlayerDecision
[RealtimeAIController] State: ActionExecution -> PlayerDecision
[AutoBattlerManager] Action: player_rogue -> Move to (-23.340097, 0, 2.6599026) (OK)
[COMBAT_LOG] {"ts":1770378208576,"event":"DECISION","unit":"player_rogue","action":"EndTurn","score":0.10976311}
[RealtimeAIController] Rogue -> EndTurn (#3) score:0.11
[RealtimeAIController] Calling EndCurrentTurn()
[CombatArena] [STATE] PlayerDecision -> TurnEnd
[RealtimeAIController] State: PlayerDecision -> TurnEnd
[CombatArena] [TURN] Round 2, Goblin Skirmisher
[CombatArena] [STATE] TurnEnd -> TurnStart
[RealtimeAIController] State: TurnEnd -> TurnStart
[CombatArena] [STATE] TurnStart -> AIDecision
[RealtimeAIController] State: TurnStart -> AIDecision
[CombatArena] Camera focusing on Goblin Skirmisher via hooks
[CombatArena] SelectCombatant called: enemy_goblin
[CombatArena] Selected: enemy_goblin
[CombatArena] Turn started: Goblin Skirmisher (AI)
[COMBAT_LOG] {"ts":1770378208582,"event":"TURN_START","turn":10,"round":2,"unit":"enemy_goblin","unit_name":"Goblin Skirmisher","faction":"Hostile","hp":16,"max_hp":22,"ap":"Action | Bonus | Reaction | Move:30/30","pos":[-3.6039472,0,-2.6966484]}
[RealtimeAIController] Turn started for Goblin Skirmisher
[COMBAT_LOG] {"ts":1770378208583,"event":"DECISION","unit":"enemy_goblin","action":"Move","target":"(-3.6039472, 0, 27.303352)","score":1.2953986}
[RealtimeAIController] Goblin Skirmisher -> Move (#1) score:1.30
[CombatArena] ExecuteMovement: enemy_goblin -> (-3.6039472, 0, 27.303352)
[CombatArena] [STATE] AIDecision -> ActionExecution
[RealtimeAIController] State: AIDecision -> ActionExecution
[CombatArena] Goblin Skirmisher moved from (-3.6039472, 0, -2.6966484) to (-3.6039472, 0, 27.303352), distance: 30.0
[CombatArena] [STATE] ActionExecution -> AIDecision
[RealtimeAIController] State: ActionExecution -> AIDecision
[AutoBattlerManager] Action: enemy_goblin -> Move to (-3.6039472, 0, 27.303352) (OK)
[COMBAT_LOG] {"ts":1770378208686,"event":"DECISION","unit":"enemy_goblin","action":"Dash","score":3.103001}
[RealtimeAIController] Goblin Skirmisher -> Dash (#2) score:3.10
[AutoBattlerManager] Action: enemy_goblin -> Dash (OK)
[COMBAT_LOG] {"ts":1770378208788,"event":"DECISION","unit":"enemy_goblin","action":"Move","target":"(-3.6039472, 0, -2.6966476)","score":0.65566504}
[RealtimeAIController] Goblin Skirmisher -> Move (#3) score:0.66
[CombatArena] ExecuteMovement: enemy_goblin -> (-3.6039472, 0, -2.6966476)
[CombatArena] [STATE] AIDecision -> ActionExecution
[RealtimeAIController] State: AIDecision -> ActionExecution
[CombatArena] Goblin Skirmisher moved from (-3.6039472, 0, 27.303352) to (-3.6039472, 0, -2.6966476), distance: 30.0
[CombatArena] [STATE] ActionExecution -> AIDecision
[RealtimeAIController] State: ActionExecution -> AIDecision
[AutoBattlerManager] Action: enemy_goblin -> Move to (-3.6039472, 0, -2.6966476) (OK)
[COMBAT_LOG] {"ts":1770378208890,"event":"DECISION","unit":"enemy_goblin","action":"EndTurn","score":0.10448176}
[RealtimeAIController] Goblin Skirmisher -> EndTurn (#4) score:0.10
[RealtimeAIController] Calling EndCurrentTurn()
[CombatArena] [STATE] AIDecision -> TurnEnd
[RealtimeAIController] State: AIDecision -> TurnEnd
[CombatArena] [TURN] Round 2, Fighter
[CombatArena] [STATE] TurnEnd -> TurnStart
[RealtimeAIController] State: TurnEnd -> TurnStart
[CombatArena] [STATE] TurnStart -> PlayerDecision
[RealtimeAIController] State: TurnStart -> PlayerDecision
[CombatArena] Camera focusing on Fighter via hooks
[CombatArena] SelectCombatant called: player_fighter
[CombatArena] Selected: player_fighter
[CombatArena] Turn started: Fighter (Player)
[COMBAT_LOG] {"ts":1770378208897,"event":"TURN_START","turn":11,"round":2,"unit":"player_fighter","unit_name":"Fighter","faction":"Player","hp":52,"max_hp":52,"ap":"Action | Bonus | Reaction | Move:30/30","pos":[23.786797,0,-15]}
[RealtimeAIController] Turn started for Fighter
[COMBAT_LOG] {"ts":1770378208898,"event":"DECISION","unit":"player_fighter","action":"Attack","target":"enemy_shaman","score":0.7102895}
[RealtimeAIController] Fighter -> Attack (#1) score:0.71
[CombatArena] ExecuteAbility: player_fighter -> basic_attack -> enemy_shaman
[CombatArena] [STATE] PlayerDecision -> ActionExecution
[RealtimeAIController] State: PlayerDecision -> ActionExecution
[CombatArena] Fighter used basic_attack on Goblin Shaman: damage:10
[CombatArena] ClearSelection called
[AutoBattlerManager] Action: player_fighter -> Attack:basic_attack->enemy_shaman (OK)
[CombatArena] [STATE] ActionExecution -> PlayerDecision
[RealtimeAIController] State: ActionExecution -> PlayerDecision
[COMBAT_LOG] {"ts":1770378209596,"event":"DECISION","unit":"player_fighter","action":"Move","target":"(-6.2132034, 0, -15)","score":0.6534371}
[RealtimeAIController] Fighter -> Move (#2) score:0.65
[CombatArena] ExecuteMovement: player_fighter -> (-6.2132034, 0, -15)
[CombatArena] [STATE] PlayerDecision -> ActionExecution
[RealtimeAIController] State: PlayerDecision -> ActionExecution
[CombatArena] Fighter moved from (23.786797, 0, -15) to (-6.2132034, 0, -15), distance: 30.0
[CombatArena] [STATE] ActionExecution -> PlayerDecision
[RealtimeAIController] State: ActionExecution -> PlayerDecision
[AutoBattlerManager] Action: player_fighter -> Move to (-6.2132034, 0, -15) (OK)
[COMBAT_LOG] {"ts":1770378209699,"event":"DECISION","unit":"player_fighter","action":"EndTurn","score":0.10619643}
[RealtimeAIController] Fighter -> EndTurn (#3) score:0.11
[RealtimeAIController] Calling EndCurrentTurn()
[CombatArena] [STATE] PlayerDecision -> TurnEnd
[RealtimeAIController] State: PlayerDecision -> TurnEnd
[CombatArena] [TURN] Round 2, Orc Archer
[CombatArena] [STATE] TurnEnd -> TurnStart
[RealtimeAIController] State: TurnEnd -> TurnStart
[CombatArena] [STATE] TurnStart -> AIDecision
[RealtimeAIController] State: TurnStart -> AIDecision
[CombatArena] Camera focusing on Orc Archer via hooks
[CombatArena] SelectCombatant called: enemy_orc_archer
[CombatArena] Selected: enemy_orc_archer
[CombatArena] Turn started: Orc Archer (AI)
[COMBAT_LOG] {"ts":1770378209706,"event":"TURN_START","turn":12,"round":2,"unit":"enemy_orc_archer","unit_name":"Orc Archer","faction":"Hostile","hp":25,"max_hp":30,"ap":"Action | Bonus | Reaction | Move:30/30","pos":[2.5,0,-1.1066017]}
[RealtimeAIController] Turn started for Orc Archer
[COMBAT_LOG] {"ts":1770378209706,"event":"DECISION","unit":"enemy_orc_archer","action":"Move","target":"(2.5, 0, 28.893398)","score":1.2319528}
[RealtimeAIController] Orc Archer -> Move (#1) score:1.23
[CombatArena] ExecuteMovement: enemy_orc_archer -> (2.5, 0, 28.893398)
[CombatArena] [STATE] AIDecision -> ActionExecution
[RealtimeAIController] State: AIDecision -> ActionExecution
[CombatArena] Orc Archer moved from (2.5, 0, -1.1066017) to (2.5, 0, 28.893398), distance: 30.0
[CombatArena] [STATE] ActionExecution -> AIDecision
[RealtimeAIController] State: ActionExecution -> AIDecision
[AutoBattlerManager] Action: enemy_orc_archer -> Move to (2.5, 0, 28.893398) (OK)
[COMBAT_LOG] {"ts":1770378209808,"event":"DECISION","unit":"enemy_orc_archer","action":"Dash","score":3.1706455}
[RealtimeAIController] Orc Archer -> Dash (#2) score:3.17
[AutoBattlerManager] Action: enemy_orc_archer -> Dash (OK)
[COMBAT_LOG] {"ts":1770378209911,"event":"DECISION","unit":"enemy_orc_archer","action":"Move","target":"(2.5, 0, 43.8934)","score":0.6590199}
[RealtimeAIController] Orc Archer -> Move (#3) score:0.66
[CombatArena] ExecuteMovement: enemy_orc_archer -> (2.5, 0, 43.8934)
[CombatArena] [STATE] AIDecision -> ActionExecution
[RealtimeAIController] State: AIDecision -> ActionExecution
[CombatArena] Orc Archer moved from (2.5, 0, 28.893398) to (2.5, 0, 43.8934), distance: 15.0
[CombatArena] [STATE] ActionExecution -> AIDecision
[RealtimeAIController] State: ActionExecution -> AIDecision
[AutoBattlerManager] Action: enemy_orc_archer -> Move to (2.5, 0, 43.8934) (OK)
[COMBAT_LOG] {"ts":1770378210014,"event":"DECISION","unit":"enemy_orc_archer","action":"Move","target":"(2.5, 0, 28.893398)","score":1.2131431}
[RealtimeAIController] Orc Archer -> Move (#4) score:1.21
[CombatArena] ExecuteMovement: enemy_orc_archer -> (2.5, 0, 28.893398)
[CombatArena] [STATE] AIDecision -> ActionExecution
[RealtimeAIController] State: AIDecision -> ActionExecution
[CombatArena] Orc Archer moved from (2.5, 0, 43.8934) to (2.5, 0, 28.893398), distance: 15.0
[CombatArena] [STATE] ActionExecution -> AIDecision
[RealtimeAIController] State: ActionExecution -> AIDecision
[AutoBattlerManager] Action: enemy_orc_archer -> Move to (2.5, 0, 28.893398) (OK)
[COMBAT_LOG] {"ts":1770378210117,"event":"DECISION","unit":"enemy_orc_archer","action":"EndTurn","score":0.10713601}
[RealtimeAIController] Orc Archer -> EndTurn (#5) score:0.11
[RealtimeAIController] Calling EndCurrentTurn()
[CombatArena] [STATE] AIDecision -> TurnEnd
[RealtimeAIController] State: AIDecision -> TurnEnd
[CombatArena] [TURN] Round 2, Goblin Shaman
[CombatArena] [STATE] TurnEnd -> TurnStart
[RealtimeAIController] State: TurnEnd -> TurnStart
[CombatArena] [STATE] TurnStart -> AIDecision
[RealtimeAIController] State: TurnStart -> AIDecision
[CombatArena] Camera focusing on Goblin Shaman via hooks
[CombatArena] SelectCombatant called: enemy_shaman
[CombatArena] Selected: enemy_shaman
[CombatArena] Turn started: Goblin Shaman (AI)
[COMBAT_LOG] {"ts":1770378210124,"event":"TURN_START","turn":13,"round":2,"unit":"enemy_shaman","unit_name":"Goblin Shaman","faction":"Hostile","hp":18,"max_hp":28,"ap":"Action | Bonus | Reaction | Move:30/30","pos":[6.383253,0,7.198591]}
[RealtimeAIController] Turn started for Goblin Shaman
[COMBAT_LOG] {"ts":1770378210124,"event":"DECISION","unit":"enemy_shaman","action":"Move","target":"(-23.616747, 0, 7.198591)","score":1.28446}
[RealtimeAIController] Goblin Shaman -> Move (#1) score:1.28
[CombatArena] ExecuteMovement: enemy_shaman -> (-23.616747, 0, 7.198591)
[CombatArena] [STATE] AIDecision -> ActionExecution
[RealtimeAIController] State: AIDecision -> ActionExecution
[CombatArena] Goblin Shaman moved from (6.383253, 0, 7.198591) to (-23.616747, 0, 7.198591), distance: 30.0
[CombatArena] [STATE] ActionExecution -> AIDecision
[RealtimeAIController] State: ActionExecution -> AIDecision
[AutoBattlerManager] Action: enemy_shaman -> Move to (-23.616747, 0, 7.198591) (OK)
[COMBAT_LOG] {"ts":1770378210227,"event":"DECISION","unit":"enemy_shaman","action":"Dash","score":3.053479}
[RealtimeAIController] Goblin Shaman -> Dash (#2) score:3.05
[AutoBattlerManager] Action: enemy_shaman -> Dash (OK)
[COMBAT_LOG] {"ts":1770378210329,"event":"DECISION","unit":"enemy_shaman","action":"Move","target":"(6.383253, 0, 7.198591)","score":0.65446293}
[RealtimeAIController] Goblin Shaman -> Move (#3) score:0.65
[CombatArena] ExecuteMovement: enemy_shaman -> (6.383253, 0, 7.198591)
[CombatArena] [STATE] AIDecision -> ActionExecution
[RealtimeAIController] State: AIDecision -> ActionExecution
[CombatArena] Goblin Shaman moved from (-23.616747, 0, 7.198591) to (6.383253, 0, 7.198591), distance: 30.0
[CombatArena] [STATE] ActionExecution -> AIDecision
[RealtimeAIController] State: ActionExecution -> AIDecision
[AutoBattlerManager] Action: enemy_shaman -> Move to (6.383253, 0, 7.198591) (OK)
[COMBAT_LOG] {"ts":1770378210432,"event":"DECISION","unit":"enemy_shaman","action":"EndTurn","score":0.109056994}
[RealtimeAIController] Goblin Shaman -> EndTurn (#4) score:0.11
[RealtimeAIController] Calling EndCurrentTurn()
[CombatArena] [STATE] AIDecision -> TurnEnd
[RealtimeAIController] State: AIDecision -> TurnEnd
[CombatArena] [TURN] Round 2, Mage
[CombatArena] [STATE] TurnEnd -> TurnStart
[RealtimeAIController] State: TurnEnd -> TurnStart
[CombatArena] [STATE] TurnStart -> PlayerDecision
[RealtimeAIController] State: TurnStart -> PlayerDecision
[CombatArena] Camera focusing on Mage via hooks
[CombatArena] SelectCombatant called: player_mage
[CombatArena] Selected: player_mage
[CombatArena] Turn started: Mage (Player)
[COMBAT_LOG] {"ts":1770378210439,"event":"TURN_START","turn":14,"round":2,"unit":"player_mage","unit_name":"Mage","faction":"Player","hp":32,"max_hp":32,"ap":"Action | Bonus | Reaction | Move:30/30","pos":[0.75,0,27.446701]}
[RealtimeAIController] Turn started for Mage
[COMBAT_LOG] {"ts":1770378210439,"event":"DECISION","unit":"player_mage","action":"Move","target":"(0.75, 0, -2.553299)","score":1.2214199}
[RealtimeAIController] Mage -> Move (#1) score:1.22
[CombatArena] ExecuteMovement: player_mage -> (0.75, 0, -2.553299)
[CombatArena] [STATE] PlayerDecision -> ActionExecution
[RealtimeAIController] State: PlayerDecision -> ActionExecution
[CombatArena] Mage moved from (0.75, 0, 27.446701) to (0.75, 0, -2.553299), distance: 30.0
[CombatArena] [STATE] ActionExecution -> PlayerDecision
[RealtimeAIController] State: ActionExecution -> PlayerDecision
[AutoBattlerManager] Action: player_mage -> Move to (0.75, 0, -2.553299) (OK)
[COMBAT_LOG] {"ts":1770378210542,"event":"DECISION","unit":"player_mage","action":"Dash","score":3.1334286}
[RealtimeAIController] Mage -> Dash (#2) score:3.13
[AutoBattlerManager] Action: player_mage -> Dash (OK)
[COMBAT_LOG] {"ts":1770378210644,"event":"DECISION","unit":"player_mage","action":"Move","target":"(0.75, 0, 27.446701)","score":1.2795212}
[RealtimeAIController] Mage -> Move (#3) score:1.28
[CombatArena] ExecuteMovement: player_mage -> (0.75, 0, 27.446701)
[CombatArena] [STATE] PlayerDecision -> ActionExecution
[RealtimeAIController] State: PlayerDecision -> ActionExecution
[CombatArena] Mage moved from (0.75, 0, -2.553299) to (0.75, 0, 27.446701), distance: 30.0
[CombatArena] [STATE] ActionExecution -> PlayerDecision
[RealtimeAIController] State: ActionExecution -> PlayerDecision
[AutoBattlerManager] Action: player_mage -> Move to (0.75, 0, 27.446701) (OK)
[COMBAT_LOG] {"ts":1770378210747,"event":"DECISION","unit":"player_mage","action":"EndTurn","score":0.101389684}
[RealtimeAIController] Mage -> EndTurn (#4) score:0.10
[RealtimeAIController] Calling EndCurrentTurn()
[CombatArena] [STATE] PlayerDecision -> TurnEnd
[RealtimeAIController] State: PlayerDecision -> TurnEnd
[CombatArena] [TURN] Round 2, Orc Brute
[CombatArena] [STATE] TurnEnd -> TurnStart
[RealtimeAIController] State: TurnEnd -> TurnStart
[CombatArena] [STATE] TurnStart -> AIDecision
[RealtimeAIController] State: TurnStart -> AIDecision
[CombatArena] Camera focusing on Orc Brute via hooks
[CombatArena] SelectCombatant called: enemy_orc_brute
[CombatArena] Selected: enemy_orc_brute
[CombatArena] Turn started: Orc Brute (AI)
[COMBAT_LOG] {"ts":1770378210754,"event":"TURN_START","turn":15,"round":2,"unit":"enemy_orc_brute","unit_name":"Orc Brute","faction":"Hostile","hp":33,"max_hp":48,"ap":"Action | Bonus | Reaction | Move:30/30","pos":[2.2417479,0,2.3804111]}
[RealtimeAIController] Turn started for Orc Brute
[COMBAT_LOG] {"ts":1770378210755,"event":"DECISION","unit":"enemy_orc_brute","action":"Move","target":"(-27.758251, 0, 2.3804111)","score":1.2045751}
[RealtimeAIController] Orc Brute -> Move (#1) score:1.20
[CombatArena] ExecuteMovement: enemy_orc_brute -> (-27.758251, 0, 2.3804111)
[CombatArena] [STATE] AIDecision -> ActionExecution
[RealtimeAIController] State: AIDecision -> ActionExecution
[CombatArena] Orc Brute moved from (2.2417479, 0, 2.3804111) to (-27.758251, 0, 2.3804111), distance: 30.0
[CombatArena] [STATE] ActionExecution -> AIDecision
[RealtimeAIController] State: ActionExecution -> AIDecision
[AutoBattlerManager] Action: enemy_orc_brute -> Move to (-27.758251, 0, 2.3804111) (OK)
[COMBAT_LOG] {"ts":1770378210857,"event":"DECISION","unit":"enemy_orc_brute","action":"Dash","score":3.1982725}
[RealtimeAIController] Orc Brute -> Dash (#2) score:3.20
[AutoBattlerManager] Action: enemy_orc_brute -> Dash (OK)
[COMBAT_LOG] {"ts":1770378210960,"event":"DECISION","unit":"enemy_orc_brute","action":"Move","target":"(2.2417488, 0, 2.3804111)","score":1.3072653}
[RealtimeAIController] Orc Brute -> Move (#3) score:1.31
[CombatArena] ExecuteMovement: enemy_orc_brute -> (2.2417488, 0, 2.3804111)
[CombatArena] [STATE] AIDecision -> ActionExecution
[RealtimeAIController] State: AIDecision -> ActionExecution
[CombatArena] Orc Brute moved from (-27.758251, 0, 2.3804111) to (2.2417488, 0, 2.3804111), distance: 30.0
[CombatArena] [STATE] ActionExecution -> AIDecision
[RealtimeAIController] State: ActionExecution -> AIDecision
[AutoBattlerManager] Action: enemy_orc_brute -> Move to (2.2417488, 0, 2.3804111) (OK)
[COMBAT_LOG] {"ts":1770378211063,"event":"DECISION","unit":"enemy_orc_brute","action":"EndTurn","score":0.108908474}
[RealtimeAIController] Orc Brute -> EndTurn (#4) score:0.11
[RealtimeAIController] Calling EndCurrentTurn()
[CombatArena] [STATE] AIDecision -> TurnEnd
[RealtimeAIController] State: AIDecision -> TurnEnd
[CombatArena] [TURN] Round 2, Cleric
[CombatArena] [STATE] TurnEnd -> TurnStart
[RealtimeAIController] State: TurnEnd -> TurnStart
[CombatArena] [STATE] TurnStart -> PlayerDecision
[RealtimeAIController] State: TurnStart -> PlayerDecision
[CombatArena] Camera focusing on Cleric via hooks
[CombatArena] SelectCombatant called: player_cleric
[CombatArena] Selected: player_cleric
[CombatArena] Turn started: Cleric (Player)
[COMBAT_LOG] {"ts":1770378211069,"event":"TURN_START","turn":16,"round":2,"unit":"player_cleric","unit_name":"Cleric","faction":"Player","hp":44,"max_hp":44,"ap":"Action | Bonus | Reaction | Move:30/30","pos":[2.1066017,0,4.5]}
[RealtimeAIController] Turn started for Cleric
[COMBAT_LOG] {"ts":1770378211070,"event":"DECISION","unit":"player_cleric","action":"Attack","target":"enemy_shaman","score":0.7083031}
[RealtimeAIController] Cleric -> Attack (#1) score:0.71
[CombatArena] ExecuteAbility: player_cleric -> basic_attack -> enemy_shaman
[CombatArena] [STATE] PlayerDecision -> ActionExecution
[RealtimeAIController] State: PlayerDecision -> ActionExecution
[CombatArena] Cleric used basic_attack on Goblin Shaman: damage:9
[CombatArena] ClearSelection called
[AutoBattlerManager] Action: player_cleric -> Attack:basic_attack->enemy_shaman (OK)
[CombatArena] [STATE] ActionExecution -> PlayerDecision
[RealtimeAIController] State: ActionExecution -> PlayerDecision
[COMBAT_LOG] {"ts":1770378211768,"event":"DECISION","unit":"player_cleric","action":"Move","target":"(2.1066017, 0, -10.5)","score":0.6519783}
[RealtimeAIController] Cleric -> Move (#2) score:0.65
[CombatArena] ExecuteMovement: player_cleric -> (2.1066017, 0, -10.5)
[CombatArena] [STATE] PlayerDecision -> ActionExecution
[RealtimeAIController] State: PlayerDecision -> ActionExecution
[CombatArena] Cleric moved from (2.1066017, 0, 4.5) to (2.1066017, 0, -10.5), distance: 15.0
[CombatArena] [STATE] ActionExecution -> PlayerDecision
[RealtimeAIController] State: ActionExecution -> PlayerDecision
[AutoBattlerManager] Action: player_cleric -> Move to (2.1066017, 0, -10.5) (OK)
[COMBAT_LOG] {"ts":1770378211871,"event":"DECISION","unit":"player_cleric","action":"Move","target":"(-5.3933983, 0, -3)","score":1.311023}
[RealtimeAIController] Cleric -> Move (#3) score:1.31
[CombatArena] ExecuteMovement: player_cleric -> (-5.3933983, 0, -3)
[CombatArena] [STATE] PlayerDecision -> ActionExecution
[RealtimeAIController] State: PlayerDecision -> ActionExecution
[CombatArena] Cleric moved from (2.1066017, 0, -10.5) to (-5.3933983, 0, -3), distance: 10.6
[CombatArena] [STATE] ActionExecution -> PlayerDecision
[RealtimeAIController] State: ActionExecution -> PlayerDecision
[AutoBattlerManager] Action: player_cleric -> Move to (-5.3933983, 0, -3) (OK)
[COMBAT_LOG] {"ts":1770378211974,"event":"DECISION","unit":"player_cleric","action":"Move","target":"(-3.1966991, 0, -0.80330086)","score":1.3071539}
[RealtimeAIController] Cleric -> Move (#4) score:1.31
[CombatArena] ExecuteMovement: player_cleric -> (-3.1966991, 0, -0.80330086)
[CombatArena] [STATE] PlayerDecision -> ActionExecution
[RealtimeAIController] State: PlayerDecision -> ActionExecution
[CombatArena] Cleric moved from (-5.3933983, 0, -3) to (-3.1966991, 0, -0.80330086), distance: 3.1
[CombatArena] [STATE] ActionExecution -> PlayerDecision
[RealtimeAIController] State: ActionExecution -> PlayerDecision
[AutoBattlerManager] Action: player_cleric -> Move to (-3.1966991, 0, -0.80330086) (OK)
[COMBAT_LOG] {"ts":1770378212077,"event":"DECISION","unit":"player_cleric","action":"Move","target":"(-3.1966991, 0, -0.15990257)","score":1.316081}
[RealtimeAIController] Cleric -> Move (#5) score:1.32
[CombatArena] ExecuteMovement: player_cleric -> (-3.1966991, 0, -0.15990257)
[CombatArena] [STATE] PlayerDecision -> ActionExecution
[RealtimeAIController] State: PlayerDecision -> ActionExecution
[CombatArena] Cleric moved from (-3.1966991, 0, -0.80330086) to (-3.1966991, 0, -0.15990257), distance: 0.6
[CombatArena] [STATE] ActionExecution -> PlayerDecision
[RealtimeAIController] State: ActionExecution -> PlayerDecision
[AutoBattlerManager] Action: player_cleric -> Move to (-3.1966991, 0, -0.15990257) (OK)
[COMBAT_LOG] {"ts":1770378212180,"event":"DECISION","unit":"player_cleric","action":"Move","target":"(-2.875, 0, 0.16179657)","score":1.3181603}
[RealtimeAIController] Cleric -> Move (#6) score:1.32
[CombatArena] ExecuteMovement: player_cleric -> (-2.875, 0, 0.16179657)
[CombatArena] [STATE] PlayerDecision -> ActionExecution
[RealtimeAIController] State: PlayerDecision -> ActionExecution
[CombatArena] Cleric moved from (-3.1966991, 0, -0.15990257) to (-2.875, 0, 0.16179657), distance: 0.5
[CombatArena] [STATE] ActionExecution -> PlayerDecision
[RealtimeAIController] State: ActionExecution -> PlayerDecision
[AutoBattlerManager] Action: player_cleric -> Move to (-2.875, 0, 0.16179657) (OK)
[COMBAT_LOG] {"ts":1770378212283,"event":"DECISION","unit":"player_cleric","action":"Move","target":"(-2.7807765, 0, 0.25602007)","score":1.3100044}
[RealtimeAIController] Cleric -> Move (#7) score:1.31
[CombatArena] ExecuteMovement: player_cleric -> (-2.7807765, 0, 0.25602007)
[CombatArena] [STATE] PlayerDecision -> ActionExecution
[RealtimeAIController] State: PlayerDecision -> ActionExecution
[CombatArena] Cleric moved from (-2.875, 0, 0.16179657) to (-2.7807765, 0, 0.25602007), distance: 0.1
[CombatArena] [STATE] ActionExecution -> PlayerDecision
[RealtimeAIController] State: ActionExecution -> PlayerDecision
[AutoBattlerManager] Action: player_cleric -> Move to (-2.7807765, 0, 0.25602007) (OK)
[COMBAT_LOG] {"ts":1770378212385,"event":"DECISION","unit":"player_cleric","action":"Move","target":"(-2.7807765, 0, 0.22842264)","score":1.3145399}
[RealtimeAIController] Cleric -> Move (#8) score:1.31
[CombatArena] ExecuteMovement: player_cleric -> (-2.7807765, 0, 0.22842264)
[CombatArena] [STATE] PlayerDecision -> ActionExecution
[RealtimeAIController] State: PlayerDecision -> ActionExecution
[CombatArena] Cleric moved from (-2.7807765, 0, 0.25602007) to (-2.7807765, 0, 0.22842264), distance: 0.0
[CombatArena] [STATE] ActionExecution -> PlayerDecision
[RealtimeAIController] State: ActionExecution -> PlayerDecision
[AutoBattlerManager] Action: player_cleric -> Move to (-2.7807765, 0, 0.22842264) (OK)
[COMBAT_LOG] {"ts":1770378212488,"event":"DECISION","unit":"player_cleric","action":"Move","target":"(-2.7807765, 0, 0.24222136)","score":1.3093174}
[RealtimeAIController] Cleric -> Move (#9) score:1.31
[CombatArena] ExecuteMovement: player_cleric -> (-2.7807765, 0, 0.24222136)
[CombatArena] [STATE] PlayerDecision -> ActionExecution
[RealtimeAIController] State: PlayerDecision -> ActionExecution
[CombatArena] Cleric moved from (-2.7807765, 0, 0.22842264) to (-2.7807765, 0, 0.24222136), distance: 0.0
[CombatArena] [STATE] ActionExecution -> PlayerDecision
[RealtimeAIController] State: ActionExecution -> PlayerDecision
[AutoBattlerManager] Action: player_cleric -> Move to (-2.7807765, 0, 0.24222136) (OK)
[COMBAT_LOG] {"ts":1770378212591,"event":"DECISION","unit":"player_cleric","action":"Move","target":"(-2.7876759, 0, 0.24222136)","score":1.2934585}
[RealtimeAIController] Cleric -> Move (#10) score:1.29
[CombatArena] ExecuteMovement: player_cleric -> (-2.7876759, 0, 0.24222136)
[CombatArena] [STATE] PlayerDecision -> ActionExecution
[RealtimeAIController] State: PlayerDecision -> ActionExecution
[CombatArena] Cleric moved from (-2.7807765, 0, 0.24222136) to (-2.7876759, 0, 0.24222136), distance: 0.0
[CombatArena] [STATE] ActionExecution -> PlayerDecision
[RealtimeAIController] State: ActionExecution -> PlayerDecision
[AutoBattlerManager] Action: player_cleric -> Move to (-2.7876759, 0, 0.24222136) (OK)
[COMBAT_LOG] {"ts":1770378212694,"event":"DECISION","unit":"player_cleric","action":"Move","target":"(-2.7876759, 0, 0.2491207)","score":1.2954054}
[RealtimeAIController] Cleric -> Move (#11) score:1.30
[CombatArena] ExecuteMovement: player_cleric -> (-2.7876759, 0, 0.2491207)
[CombatArena] [STATE] PlayerDecision -> ActionExecution
[RealtimeAIController] State: PlayerDecision -> ActionExecution
[CombatArena] Cleric moved from (-2.7876759, 0, 0.24222136) to (-2.7876759, 0, 0.2491207), distance: 0.0
[CombatArena] [STATE] ActionExecution -> PlayerDecision
[RealtimeAIController] State: ActionExecution -> PlayerDecision
[AutoBattlerManager] Action: player_cleric -> Move to (-2.7876759, 0, 0.2491207) (OK)
[COMBAT_LOG] {"ts":1770378212796,"event":"DECISION","unit":"player_cleric","action":"EndTurn","score":0.10514261}
[RealtimeAIController] Cleric -> EndTurn (#12) score:0.11
[RealtimeAIController] Calling EndCurrentTurn()
[CombatArena] [STATE] PlayerDecision -> TurnEnd
[RealtimeAIController] State: PlayerDecision -> TurnEnd
[CombatArena] [TURN] Round 3, Rogue
[CombatArena] [STATE] TurnEnd -> RoundEnd
[RealtimeAIController] State: TurnEnd -> RoundEnd
[CombatArena] [STATE] RoundEnd -> TurnStart
[RealtimeAIController] State: RoundEnd -> TurnStart
[CombatArena] Round 3: Reset reactions for all combatants
[CombatArena] [STATE] TurnStart -> PlayerDecision
[RealtimeAIController] State: TurnStart -> PlayerDecision
[CombatArena] Camera focusing on Rogue via hooks
[CombatArena] SelectCombatant called: player_rogue
[CombatArena] Selected: player_rogue
[CombatArena] Turn started: Rogue (Player)
[COMBAT_LOG] {"ts":1770378212803,"event":"TURN_START","turn":17,"round":3,"unit":"player_rogue","unit_name":"Rogue","faction":"Player","hp":26,"max_hp":36,"ap":"Action | Bonus | Reaction | Move:30/30","pos":[-23.340097,0,2.6599026]}
[RealtimeAIController] Turn started for Rogue
[COMBAT_LOG] {"ts":1770378212804,"event":"DECISION","unit":"player_rogue","action":"Attack","target":"enemy_shaman","score":6.840454}
[RealtimeAIController] Rogue -> Attack (#1) score:6.84
[CombatArena] ExecuteAbility: player_rogue -> basic_attack -> enemy_shaman
[CombatArena] [STATE] PlayerDecision -> ActionExecution
[RealtimeAIController] State: PlayerDecision -> ActionExecution
[CombatArena] Rogue used basic_attack on Goblin Shaman: damage:7
[CombatArena] ClearSelection called
[AutoBattlerManager] Action: player_rogue -> Attack:basic_attack->enemy_shaman (OK)
[CombatArena] [STATE] ActionExecution -> PlayerDecision
[RealtimeAIController] State: ActionExecution -> PlayerDecision
[COMBAT_LOG] {"ts":1770378213502,"event":"DECISION","unit":"player_rogue","action":"Move","target":"(6.6599026, 0, 2.6599026)","score":1.250596}
[RealtimeAIController] Rogue -> Move (#2) score:1.25
[CombatArena] ExecuteMovement: player_rogue -> (6.6599026, 0, 2.6599026)
[CombatArena] [STATE] PlayerDecision -> ActionExecution
[RealtimeAIController] State: PlayerDecision -> ActionExecution
[CombatArena] Rogue moved from (-23.340097, 0, 2.6599026) to (6.6599026, 0, 2.6599026), distance: 30.0
[CombatArena] [STATE] ActionExecution -> PlayerDecision
[RealtimeAIController] State: ActionExecution -> PlayerDecision
[AutoBattlerManager] Action: player_rogue -> Move to (6.6599026, 0, 2.6599026) (OK)
[COMBAT_LOG] {"ts":1770378213605,"event":"DECISION","unit":"player_rogue","action":"EndTurn","score":0.10794648}
[RealtimeAIController] Rogue -> EndTurn (#3) score:0.11
[RealtimeAIController] Calling EndCurrentTurn()
[CombatArena] [STATE] PlayerDecision -> TurnEnd
[RealtimeAIController] State: PlayerDecision -> TurnEnd
[CombatArena] [TURN] Round 3, Goblin Skirmisher
[CombatArena] [STATE] TurnEnd -> TurnStart
[RealtimeAIController] State: TurnEnd -> TurnStart
[CombatArena] [STATE] TurnStart -> AIDecision
[RealtimeAIController] State: TurnStart -> AIDecision
[CombatArena] Camera focusing on Goblin Skirmisher via hooks
[CombatArena] SelectCombatant called: enemy_goblin
[CombatArena] Selected: enemy_goblin
[CombatArena] Turn started: Goblin Skirmisher (AI)
[COMBAT_LOG] {"ts":1770378213612,"event":"TURN_START","turn":18,"round":3,"unit":"enemy_goblin","unit_name":"Goblin Skirmisher","faction":"Hostile","hp":16,"max_hp":22,"ap":"Action | Bonus | Reaction | Move:30/30","pos":[-3.6039472,0,-2.6966476]}
[RealtimeAIController] Turn started for Goblin Skirmisher
[COMBAT_LOG] {"ts":1770378213612,"event":"DECISION","unit":"enemy_goblin","action":"Move","target":"(-3.6039472, 0, -17.696648)","score":1.2801292}
[RealtimeAIController] Goblin Skirmisher -> Move (#1) score:1.28
[CombatArena] ExecuteMovement: enemy_goblin -> (-3.6039472, 0, -17.696648)
[CombatArena] [STATE] AIDecision -> ActionExecution
[RealtimeAIController] State: AIDecision -> ActionExecution
[CombatArena] Goblin Skirmisher moved from (-3.6039472, 0, -2.6966476) to (-3.6039472, 0, -17.696648), distance: 15.0
[CombatArena] [STATE] ActionExecution -> AIDecision
[RealtimeAIController] State: ActionExecution -> AIDecision
[AutoBattlerManager] Action: enemy_goblin -> Move to (-3.6039472, 0, -17.696648) (OK)
[COMBAT_LOG] {"ts":1770378213715,"event":"DECISION","unit":"enemy_goblin","action":"Move","target":"(-3.6039472, 0, -2.6966476)","score":1.2980009}
[RealtimeAIController] Goblin Skirmisher -> Move (#2) score:1.30
[CombatArena] ExecuteMovement: enemy_goblin -> (-3.6039472, 0, -2.6966476)
[CombatArena] [STATE] AIDecision -> ActionExecution
[RealtimeAIController] State: AIDecision -> ActionExecution
[CombatArena] Goblin Skirmisher moved from (-3.6039472, 0, -17.696648) to (-3.6039472, 0, -2.6966476), distance: 15.0
[CombatArena] [STATE] ActionExecution -> AIDecision
[RealtimeAIController] State: ActionExecution -> AIDecision
[AutoBattlerManager] Action: enemy_goblin -> Move to (-3.6039472, 0, -2.6966476) (OK)
[COMBAT_LOG] {"ts":1770378213818,"event":"DECISION","unit":"enemy_goblin","action":"Dash","score":3.0852017}
[RealtimeAIController] Goblin Skirmisher -> Dash (#3) score:3.09
[AutoBattlerManager] Action: enemy_goblin -> Dash (OK)
[COMBAT_LOG] {"ts":1770378213921,"event":"DECISION","unit":"enemy_goblin","action":"Move","target":"(-3.6039472, 0, 27.303352)","score":1.3114523}
[RealtimeAIController] Goblin Skirmisher -> Move (#4) score:1.31
[CombatArena] ExecuteMovement: enemy_goblin -> (-3.6039472, 0, 27.303352)
[CombatArena] [STATE] AIDecision -> ActionExecution
[RealtimeAIController] State: AIDecision -> ActionExecution
[CombatArena] Goblin Skirmisher moved from (-3.6039472, 0, -2.6966476) to (-3.6039472, 0, 27.303352), distance: 30.0
[CombatArena] [STATE] ActionExecution -> AIDecision
[RealtimeAIController] State: ActionExecution -> AIDecision
[AutoBattlerManager] Action: enemy_goblin -> Move to (-3.6039472, 0, 27.303352) (OK)
[COMBAT_LOG] {"ts":1770378214023,"event":"DECISION","unit":"enemy_goblin","action":"EndTurn","score":0.10894214}
[RealtimeAIController] Goblin Skirmisher -> EndTurn (#5) score:0.11
[RealtimeAIController] Calling EndCurrentTurn()
[CombatArena] [STATE] AIDecision -> TurnEnd
[RealtimeAIController] State: AIDecision -> TurnEnd
[CombatArena] [TURN] Round 3, Fighter
[CombatArena] [STATE] TurnEnd -> TurnStart
[RealtimeAIController] State: TurnEnd -> TurnStart
[CombatArena] [STATE] TurnStart -> PlayerDecision
[RealtimeAIController] State: TurnStart -> PlayerDecision
[CombatArena] Camera focusing on Fighter via hooks
[CombatArena] SelectCombatant called: player_fighter
[CombatArena] Selected: player_fighter
[CombatArena] Turn started: Fighter (Player)
[COMBAT_LOG] {"ts":1770378214030,"event":"TURN_START","turn":19,"round":3,"unit":"player_fighter","unit_name":"Fighter","faction":"Player","hp":52,"max_hp":52,"ap":"Action | Bonus | Reaction | Move:30/30","pos":[-6.2132034,0,-15]}
[RealtimeAIController] Turn started for Fighter
[COMBAT_LOG] {"ts":1770378214030,"event":"DECISION","unit":"player_fighter","action":"Attack","target":"enemy_shaman","score":6.9352636}
[RealtimeAIController] Fighter -> Attack (#1) score:6.94
[CombatArena] ExecuteAbility: player_fighter -> basic_attack -> enemy_shaman
[CombatArena] [STATE] PlayerDecision -> ActionExecution
[RealtimeAIController] State: PlayerDecision -> ActionExecution
[CombatArena] Fighter used basic_attack on Goblin Shaman: damage:8
[CombatArena] ClearSelection called
[AutoBattlerManager] Action: player_fighter -> Attack:basic_attack->enemy_shaman (OK)
[CombatArena] [STATE] ActionExecution -> PlayerDecision
[RealtimeAIController] State: ActionExecution -> PlayerDecision
[COMBAT_LOG] {"ts":1770378214729,"event":"DECISION","unit":"player_fighter","action":"Move","target":"(-6.2132034, 0, 0)","score":0.6559639}
[RealtimeAIController] Fighter -> Move (#2) score:0.66
[CombatArena] ExecuteMovement: player_fighter -> (-6.2132034, 0, 0)
[CombatArena] [STATE] PlayerDecision -> ActionExecution
[RealtimeAIController] State: PlayerDecision -> ActionExecution
[CombatArena] Fighter moved from (-6.2132034, 0, -15) to (-6.2132034, 0, 0), distance: 15.0
[CombatArena] [STATE] ActionExecution -> PlayerDecision
[RealtimeAIController] State: ActionExecution -> PlayerDecision
[AutoBattlerManager] Action: player_fighter -> Move to (-6.2132034, 0, 0) (OK)
[COMBAT_LOG] {"ts":1770378214832,"event":"DECISION","unit":"player_fighter","action":"Move","target":"(1.2867966, 0, 0)","score":1.2556617}
[RealtimeAIController] Fighter -> Move (#3) score:1.26
[CombatArena] ExecuteMovement: player_fighter -> (1.2867966, 0, 0)
[CombatArena] [STATE] PlayerDecision -> ActionExecution
[RealtimeAIController] State: PlayerDecision -> ActionExecution
[CombatArena] Fighter moved from (-6.2132034, 0, 0) to (1.2867966, 0, 0), distance: 7.5
[CombatArena] [STATE] ActionExecution -> PlayerDecision
[RealtimeAIController] State: ActionExecution -> PlayerDecision
[AutoBattlerManager] Action: player_fighter -> Move to (1.2867966, 0, 0) (OK)
[COMBAT_LOG] {"ts":1770378214934,"event":"DECISION","unit":"player_fighter","action":"Move","target":"(5.0367966, 0, 0)","score":1.3035747}
[RealtimeAIController] Fighter -> Move (#4) score:1.30
[CombatArena] ExecuteMovement: player_fighter -> (5.0367966, 0, 0)
[CombatArena] [STATE] PlayerDecision -> ActionExecution
[RealtimeAIController] State: PlayerDecision -> ActionExecution
[CombatArena] Fighter moved from (1.2867966, 0, 0) to (5.0367966, 0, 0), distance: 3.8
[CombatArena] [STATE] ActionExecution -> PlayerDecision
[RealtimeAIController] State: ActionExecution -> PlayerDecision
[AutoBattlerManager] Action: player_fighter -> Move to (5.0367966, 0, 0) (OK)
[COMBAT_LOG] {"ts":1770378215038,"event":"DECISION","unit":"player_fighter","action":"Move","target":"(6.9117966, 0, 1.875)","score":1.3087089}
[RealtimeAIController] Fighter -> Move (#5) score:1.31
[CombatArena] ExecuteMovement: player_fighter -> (6.9117966, 0, 1.875)
[CombatArena] [STATE] PlayerDecision -> ActionExecution
[RealtimeAIController] State: PlayerDecision -> ActionExecution
[CombatArena] Fighter moved from (5.0367966, 0, 0) to (6.9117966, 0, 1.875), distance: 2.7
[CombatArena] [STATE] ActionExecution -> PlayerDecision
[RealtimeAIController] State: ActionExecution -> PlayerDecision
[AutoBattlerManager] Action: player_fighter -> Move to (6.9117966, 0, 1.875) (OK)
[COMBAT_LOG] {"ts":1770378215145,"event":"DECISION","unit":"player_fighter","action":"Move","target":"(5.813447, 0, 1.875)","score":1.3090668}
[RealtimeAIController] Fighter -> Move (#6) score:1.31
[CombatArena] ExecuteMovement: player_fighter -> (5.813447, 0, 1.875)
[CombatArena] [STATE] PlayerDecision -> ActionExecution
[RealtimeAIController] State: PlayerDecision -> ActionExecution
[CombatArena] Fighter moved from (6.9117966, 0, 1.875) to (5.813447, 0, 1.875), distance: 1.1
[CombatArena] [STATE] ActionExecution -> PlayerDecision
[RealtimeAIController] State: ActionExecution -> PlayerDecision
[AutoBattlerManager] Action: player_fighter -> Move to (5.813447, 0, 1.875) (OK)
[COMBAT_LOG] {"ts":1770378215250,"event":"DECISION","unit":"player_fighter","action":"EndTurn","score":0.10182325}
[RealtimeAIController] Fighter -> EndTurn (#7) score:0.10
[RealtimeAIController] Calling EndCurrentTurn()
[CombatArena] [STATE] PlayerDecision -> TurnEnd
[RealtimeAIController] State: PlayerDecision -> TurnEnd
[CombatArena] [TURN] Round 3, Orc Archer
[CombatArena] [STATE] TurnEnd -> TurnStart
[RealtimeAIController] State: TurnEnd -> TurnStart
[CombatArena] [STATE] TurnStart -> AIDecision
[RealtimeAIController] State: TurnStart -> AIDecision
[CombatArena] Camera focusing on Orc Archer via hooks
[CombatArena] SelectCombatant called: enemy_orc_archer
[CombatArena] Selected: enemy_orc_archer
[CombatArena] Turn started: Orc Archer (AI)
[COMBAT_LOG] {"ts":1770378215257,"event":"TURN_START","turn":20,"round":3,"unit":"enemy_orc_archer","unit_name":"Orc Archer","faction":"Hostile","hp":25,"max_hp":30,"ap":"Action | Bonus | Reaction | Move:30/30","pos":[2.5,0,28.893398]}
[AutoBattlerManager] Turn limit reached (20)
[AutoBattleWatchdog] Monitoring STOPPED
[RealtimeAIController] Processing DISABLED
[COMBAT_LOG] {"ts":1770378215260,"event":"BATTLE_END","winner":"Draw (timeout)","total_turns":20,"total_rounds":3,"duration_ms":15829}

â•”â•â•â•â•â•â•â•â•â•â•â•â•â•â•â•â•â•â•â•â•â•â•â•â•â•â•â•â•â•â•â•â•â•â•â•â•â•â•â•â•â•â•â•â•â•â•â•â•â•â•â•â•—
â•‘             AUTO-BATTLE RESULTS                   â•‘
â•šâ•â•â•â•â•â•â•â•â•â•â•â•â•â•â•â•â•â•â•â•â•â•â•â•â•â•â•â•â•â•â•â•â•â•â•â•â•â•â•â•â•â•â•â•â•â•â•â•â•â•â•â•

  Winner:       Draw (timeout)
  Total Turns:  20
  Total Rounds: 3
  Duration:     15829ms
  Completed:    False
  End Reason:   max_turns_exceeded
  Seed:         3006

  Surviving Units:
    - Fighter (player_fighter) HP:52/52
    - Mage (player_mage) HP:32/32
    - Cleric (player_cleric) HP:44/44
    - Rogue (player_rogue) HP:26/36
    - Orc Brute (enemy_orc_brute) HP:33/48
    - Orc Archer (enemy_orc_archer) HP:25/30
    - Goblin Skirmisher (enemy_goblin) HP:16/22

AUTO-BATTLE: FAILED (max_turns_exceeded)
[RealtimeAIController] Turn started for Orc Archer
[RealtimeAIController] Orc Archer -> Move (#1) score:1.24
[CombatArena] ExecuteMovement: enemy_orc_archer -> (2.5, 0, -1.1066017)
[CombatArena] [STATE] AIDecision -> ActionExecution
[RealtimeAIController] State: AIDecision -> ActionExecution
[CombatArena] Orc Archer moved from (2.5, 0, 28.893398) to (2.5, 0, -1.1066017), distance: 30.0
[CombatArena] [STATE] ActionExecution -> AIDecision
[RealtimeAIController] State: ActionExecution -> AIDecision
[AutoBattlerManager] Action: enemy_orc_archer -> Move to (2.5, 0, -1.1066017) (OK)
