[0;32m[INFO][0m Using Godot: godot
[0;32m[INFO][0m Project dir: /home/martin/repos/qdnd
[0;32m[INFO][0m Running auto-battle...
[0;36mâ•â•â•â•â•â•â•â•â•â•â•â•â•â•â•â•â•â•â•â•â•â•â•â•â•â•â•â•â•â•â•â•â•â•â•â•â•â•â•â•â•â•â•â•â•â•â•â•â•â•â•[0m
Godot Engine v4.6.stable.mono.official.89cea1439 - https://godotengine.org

[CLIEntryPoint] Raw args: res://Tools/CLIRunner.tscn
[CLIEntryPoint] User args: --run-autobattle --seed 3007 --freeze-timeout 10 --loop-threshold 20 --max-turns 20 --log-file artifacts/autobattle/stress4/seed_3007.jsonl
[CLIEntryPoint] Parsed args: run-autobattle=true, seed=3007, freeze-timeout=10, loop-threshold=20, max-turns=20, log-file=artifacts/autobattle/stress4/seed_3007.jsonl
[CLIEntryPoint] Checking modes: run-tests=False, run-simulation=False, run-autobattle=True
=== IN-ENGINE AUTO-BATTLE RUN ===
Timestamp: 2026-02-06T11:43:35.6006779Z
NOTE: Running the REAL CombatArena.tscn scene with AI control.

Seed: 3007
Scenario: res://Data/Scenarios/autobattle_4v4.json
Log file: artifacts/autobattle/stress4/seed_3007.jsonl
Max rounds: 100
Max turns: 20
Watchdog freeze timeout: 10s
Watchdog loop threshold: 20

[AutoBattlerManager] === STARTING IN-ENGINE AUTO-BATTLE ===
[AutoBattlerManager] Seed: 3007
[AutoBattlerManager] Scenario: res://Data/Scenarios/autobattle_4v4.json
[AutoBattlerManager] Loading scene: res://Combat/Arena/CombatArena.tscn
[CombatArena] === COMBAT ARENA INITIALIZING ===
[CombatArena] Ground collision plane created (100x100m at Y=0)
[CombatArena] CombatContext created
[CombatContext] Registered service: CombatStateMachine
[CombatContext] Registered service: TurnQueueService
[CombatContext] Registered service: CommandService
[CombatContext] Registered service: CombatLog
[CombatContext] Registered service: ScenarioLoader
[Registry] Loaded from /home/martin/repos/qdnd/Data:
  - 7 abilities
  - 6 statuses
  - 20 scenarios
[INFO] [Registry] Dependencies: Checked 7 abilities, 6 statuses, 20 scenarios
[Registry] Validation complete: 0 errors, 0 warnings
[CombatContext] Registered service: DataRegistry
[CombatContext] Registered service: RulesEngine
[CombatContext] Registered service: StatusManager
[CombatContext] Registered service: EffectPipeline
[CombatContext] Registered service: TargetValidator
[CombatContext] Registered service: ReactionSystem
[CombatContext] Registered service: LOSService
[CombatContext] Registered service: HeightService
[CombatContext] Registered service: AIDecisionPipeline
[CombatContext] Registered service: MovementService
[CombatContext] Registered service: SurfaceManager
[CombatContext] Registered service: PresentationRequestBus
[CombatContext] Registered service: CameraStateHooks
[CombatArena] UI Models initialized
[CombatArena] Services registered: 18
[CombatArena] Loaded scenario: 8 combatants
[CombatArena] Loaded scenario from: res://Data/Scenarios/autobattle_4v4.json
[CombatArena] Registered default abilities: basic_attack, ranged_attack, power_strike
[CombatArena] Instantiating visual from scene for Fighter
[CombatantVisual] CollisionShape3D found for Fighter
[CombatantVisual] Fighter initialized - Layer: 2, Mask: 0, Pickable: True, HasShape: True
[CombatArena] Spawned visual for Fighter at (0, 0, 0), Layer: 2, InTree: True
[CombatArena] Instantiating visual from scene for Mage
[CombatantVisual] CollisionShape3D found for Mage
[CombatantVisual] Mage initialized - Layer: 2, Mask: 0, Pickable: True, HasShape: True
[CombatArena] Spawned visual for Mage at (-3, 0, -1), Layer: 2, InTree: True
[CombatArena] Instantiating visual from scene for Cleric
[CombatantVisual] CollisionShape3D found for Cleric
[CombatantVisual] Cleric initialized - Layer: 2, Mask: 0, Pickable: True, HasShape: True
[CombatArena] Spawned visual for Cleric at (-1, 0, -3), Layer: 2, InTree: True
[CombatArena] Instantiating visual from scene for Rogue
[CombatantVisual] CollisionShape3D found for Rogue
[CombatantVisual] Rogue initialized - Layer: 2, Mask: 0, Pickable: True, HasShape: True
[CombatArena] Spawned visual for Rogue at (2, 0, -2), Layer: 2, InTree: True
[CombatArena] Instantiating visual from scene for Orc Brute
[CombatantVisual] CollisionShape3D found for Orc Brute
[CombatantVisual] Orc Brute initialized - Layer: 2, Mask: 0, Pickable: True, HasShape: True
[CombatArena] Spawned visual for Orc Brute at (8, 0, 0), Layer: 2, InTree: True
[CombatArena] Instantiating visual from scene for Orc Archer
[CombatantVisual] CollisionShape3D found for Orc Archer
[CombatantVisual] Orc Archer initialized - Layer: 2, Mask: 0, Pickable: True, HasShape: True
[CombatArena] Spawned visual for Orc Archer at (10, 0, 2), Layer: 2, InTree: True
[CombatArena] Instantiating visual from scene for Goblin Skirmisher
[CombatantVisual] CollisionShape3D found for Goblin Skirmisher
[CombatantVisual] Goblin Skirmisher initialized - Layer: 2, Mask: 0, Pickable: True, HasShape: True
[CombatArena] Spawned visual for Goblin Skirmisher at (7, 0, 3), Layer: 2, InTree: True
[CombatArena] Instantiating visual from scene for Goblin Shaman
[CombatantVisual] CollisionShape3D found for Goblin Shaman
[CombatantVisual] Goblin Shaman initialized - Layer: 2, Mask: 0, Pickable: True, HasShape: True
[CombatArena] Spawned visual for Goblin Shaman at (10, 0, -1), Layer: 2, InTree: True
[CombatArena] [STATE] NotInCombat -> CombatStart
[CombatArena] [TURN] Round 1, Rogue
[CombatArena] [STATE] CombatStart -> TurnStart
[CombatArena] Round 1: Reset reactions for all combatants
[CombatArena] [STATE] TurnStart -> PlayerDecision
[CombatArena] Camera focusing on Rogue via hooks
[CombatArena] SelectCombatant called: player_rogue
[CombatArena] Selected: player_rogue
[CombatArena] Turn started: Rogue (Player)
[CombatArena] === COMBAT ARENA READY ===
[AutoBattlerManager] CombatArena added to scene tree
[AutoBattleWatchdog] Ready
[AutoBattlerManager] Watchdog created
[RealtimeAIController] Ready
[AutoBattlerManager] RealtimeAIController created
[AutoBattleWatchdog] Monitoring STARTED (freeze: 10s, loop: 20 in 1s)
[AutoBattlerManager] Scene loaded, waiting for combat to start...
[AutoBattlerManager] Arena ready, attaching AI controller...
[RealtimeAIController] Subscribed to state machine
[RealtimeAIController] Attached to CombatArena
[COMBAT_LOG] {"ts":1770378215848,"event":"BATTLE_START","seed":3007,"units":[{"id":"player_fighter","name":"Fighter","faction":"Player","hp":52,"max_hp":52,"pos":[0,0,0],"alive":true},{"id":"player_mage","name":"Mage","faction":"Player","hp":32,"max_hp":32,"pos":[-3,0,-1],"alive":true},{"id":"player_cleric","name":"Cleric","faction":"Player","hp":44,"max_hp":44,"pos":[-1,0,-3],"alive":true},{"id":"player_rogue","name":"Rogue","faction":"Player","hp":36,"max_hp":36,"pos":[2,0,-2],"alive":true},{"id":"enemy_orc_brute","name":"Orc Brute","faction":"Hostile","hp":48,"max_hp":48,"pos":[8,0,0],"alive":true},{"id":"enemy_orc_archer","name":"Orc Archer","faction":"Hostile","hp":30,"max_hp":30,"pos":[10,0,2],"alive":true},{"id":"enemy_goblin","name":"Goblin Skirmisher","faction":"Hostile","hp":22,"max_hp":22,"pos":[7,0,3],"alive":true},{"id":"enemy_shaman","name":"Goblin Shaman","faction":"Hostile","hp":28,"max_hp":28,"pos":[10,0,-1],"alive":true}]}
[AutoBattlerManager] Enabling AI processing...
[RealtimeAIController] Processing ENABLED
[COMBAT_LOG] {"ts":1770378216208,"event":"TURN_START","turn":1,"round":1,"unit":"player_rogue","unit_name":"Rogue","faction":"Player","hp":36,"max_hp":36,"ap":"Action | Bonus | Reaction | Move:30/30","pos":[2,0,-2]}
[RealtimeAIController] Turn started for Rogue
[COMBAT_LOG] {"ts":1770378216217,"event":"DECISION","unit":"player_rogue","action":"Attack","target":"enemy_orc_brute","score":0.69177973}
[RealtimeAIController] Rogue -> Attack (#1) score:0.69
[CombatArena] ExecuteAbility: player_rogue -> basic_attack -> enemy_orc_brute
[CombatArena] [STATE] PlayerDecision -> ActionExecution
[RealtimeAIController] State: PlayerDecision -> ActionExecution
[CombatArena] Rogue used basic_attack on Orc Brute: damage:6
[CombatArena] ClearSelection called
[AutoBattlerManager] Action: player_rogue -> Attack:basic_attack->enemy_orc_brute (OK)
[CombatArena] [STATE] ActionExecution -> PlayerDecision
[RealtimeAIController] State: ActionExecution -> PlayerDecision
[COMBAT_LOG] {"ts":1770378216911,"event":"DECISION","unit":"player_rogue","action":"Move","target":"(32, 0, -2)","score":0.65833884}
[RealtimeAIController] Rogue -> Move (#2) score:0.66
[CombatArena] ExecuteMovement: player_rogue -> (32, 0, -2)
[CombatArena] [STATE] PlayerDecision -> ActionExecution
[RealtimeAIController] State: PlayerDecision -> ActionExecution
[CombatArena] Rogue moved from (2, 0, -2) to (32, 0, -2), distance: 30.0
[CombatArena] [STATE] ActionExecution -> PlayerDecision
[RealtimeAIController] State: ActionExecution -> PlayerDecision
[AutoBattlerManager] Action: player_rogue -> Move to (32, 0, -2) (OK)
[COMBAT_LOG] {"ts":1770378217016,"event":"DECISION","unit":"player_rogue","action":"EndTurn","score":0.10212705}
[RealtimeAIController] Rogue -> EndTurn (#3) score:0.10
[RealtimeAIController] Calling EndCurrentTurn()
[CombatArena] [STATE] PlayerDecision -> TurnEnd
[RealtimeAIController] State: PlayerDecision -> TurnEnd
[CombatArena] [TURN] Round 1, Goblin Skirmisher
[CombatArena] [STATE] TurnEnd -> TurnStart
[RealtimeAIController] State: TurnEnd -> TurnStart
[CombatArena] [STATE] TurnStart -> AIDecision
[RealtimeAIController] State: TurnStart -> AIDecision
[CombatArena] Camera focusing on Goblin Skirmisher via hooks
[CombatArena] SelectCombatant called: enemy_goblin
[CombatArena] Selected: enemy_goblin
[CombatArena] Turn started: Goblin Skirmisher (AI)
[COMBAT_LOG] {"ts":1770378217023,"event":"TURN_START","turn":2,"round":1,"unit":"enemy_goblin","unit_name":"Goblin Skirmisher","faction":"Hostile","hp":22,"max_hp":22,"ap":"Action | Bonus | Reaction | Move:30/30","pos":[7,0,3]}
[RealtimeAIController] Turn started for Goblin Skirmisher
[COMBAT_LOG] {"ts":1770378217024,"event":"DECISION","unit":"enemy_goblin","action":"Attack","target":"player_mage","score":1.0236721}
[RealtimeAIController] Goblin Skirmisher -> Attack (#1) score:1.02
[CombatArena] ExecuteAbility: enemy_goblin -> basic_attack -> player_mage
[CombatArena] [STATE] AIDecision -> ActionExecution
[RealtimeAIController] State: AIDecision -> ActionExecution
[CombatArena] Goblin Skirmisher used basic_attack on Mage: damage:10
[CombatArena] ClearSelection called
[AutoBattlerManager] Action: enemy_goblin -> Attack:basic_attack->player_mage (OK)
[CombatArena] [STATE] ActionExecution -> AIDecision
[RealtimeAIController] State: ActionExecution -> AIDecision
[COMBAT_LOG] {"ts":1770378217732,"event":"DECISION","unit":"enemy_goblin","action":"Move","target":"(22, 0, -12)","score":0.6490896}
[RealtimeAIController] Goblin Skirmisher -> Move (#2) score:0.65
[CombatArena] ExecuteMovement: enemy_goblin -> (22, 0, -12)
[CombatArena] [STATE] AIDecision -> ActionExecution
[RealtimeAIController] State: AIDecision -> ActionExecution
[CombatArena] Goblin Skirmisher moved from (7, 0, 3) to (22, 0, -12), distance: 21.2
[CombatArena] [STATE] ActionExecution -> AIDecision
[RealtimeAIController] State: ActionExecution -> AIDecision
[AutoBattlerManager] Action: enemy_goblin -> Move to (22, 0, -12) (OK)
[COMBAT_LOG] {"ts":1770378217837,"event":"DECISION","unit":"enemy_goblin","action":"Move","target":"(30.786797, 0, -12)","score":0.65725434}
[RealtimeAIController] Goblin Skirmisher -> Move (#3) score:0.66
[CombatArena] ExecuteMovement: enemy_goblin -> (30.786797, 0, -12)
[CombatArena] [STATE] AIDecision -> ActionExecution
[RealtimeAIController] State: AIDecision -> ActionExecution
[CombatArena] Goblin Skirmisher moved from (22, 0, -12) to (30.786797, 0, -12), distance: 8.8
[CombatArena] [STATE] ActionExecution -> AIDecision
[RealtimeAIController] State: ActionExecution -> AIDecision
[AutoBattlerManager] Action: enemy_goblin -> Move to (30.786797, 0, -12) (OK)
[COMBAT_LOG] {"ts":1770378217942,"event":"DECISION","unit":"enemy_goblin","action":"EndTurn","score":0.1028279}
[RealtimeAIController] Goblin Skirmisher -> EndTurn (#4) score:0.10
[RealtimeAIController] Calling EndCurrentTurn()
[CombatArena] [STATE] AIDecision -> TurnEnd
[RealtimeAIController] State: AIDecision -> TurnEnd
[CombatArena] [TURN] Round 1, Fighter
[CombatArena] [STATE] TurnEnd -> TurnStart
[RealtimeAIController] State: TurnEnd -> TurnStart
[CombatArena] [STATE] TurnStart -> PlayerDecision
[RealtimeAIController] State: TurnStart -> PlayerDecision
[CombatArena] Camera focusing on Fighter via hooks
[CombatArena] SelectCombatant called: player_fighter
[CombatArena] Selected: player_fighter
[CombatArena] Turn started: Fighter (Player)
[COMBAT_LOG] {"ts":1770378217949,"event":"TURN_START","turn":3,"round":1,"unit":"player_fighter","unit_name":"Fighter","faction":"Player","hp":52,"max_hp":52,"ap":"Action | Bonus | Reaction | Move:30/30","pos":[0,0,0]}
[RealtimeAIController] Turn started for Fighter
[COMBAT_LOG] {"ts":1770378217950,"event":"DECISION","unit":"player_fighter","action":"Attack","target":"enemy_orc_archer","score":0.6962162}
[RealtimeAIController] Fighter -> Attack (#1) score:0.70
[CombatArena] ExecuteAbility: player_fighter -> basic_attack -> enemy_orc_archer
[CombatArena] [STATE] PlayerDecision -> ActionExecution
[RealtimeAIController] State: PlayerDecision -> ActionExecution
[CombatArena] Fighter used basic_attack on Orc Archer: damage:5
[CombatArena] ClearSelection called
[AutoBattlerManager] Action: player_fighter -> Attack:basic_attack->enemy_orc_archer (OK)
[CombatArena] [STATE] ActionExecution -> PlayerDecision
[RealtimeAIController] State: ActionExecution -> PlayerDecision
[COMBAT_LOG] {"ts":1770378218656,"event":"DECISION","unit":"player_fighter","action":"Move","target":"(15, 0, 15)","score":0.6586278}
[RealtimeAIController] Fighter -> Move (#2) score:0.66
[CombatArena] ExecuteMovement: player_fighter -> (15, 0, 15)
[CombatArena] [STATE] PlayerDecision -> ActionExecution
[RealtimeAIController] State: PlayerDecision -> ActionExecution
[CombatArena] Fighter moved from (0, 0, 0) to (15, 0, 15), distance: 21.2
[CombatArena] [STATE] ActionExecution -> PlayerDecision
[RealtimeAIController] State: ActionExecution -> PlayerDecision
[AutoBattlerManager] Action: player_fighter -> Move to (15, 0, 15) (OK)
[COMBAT_LOG] {"ts":1770378218761,"event":"DECISION","unit":"player_fighter","action":"Move","target":"(10.606602, 0, 10.606602)","score":0.64814043}
[RealtimeAIController] Fighter -> Move (#3) score:0.65
[CombatArena] ExecuteMovement: player_fighter -> (10.606602, 0, 10.606602)
[CombatArena] [STATE] PlayerDecision -> ActionExecution
[RealtimeAIController] State: PlayerDecision -> ActionExecution
[CombatArena] Fighter moved from (15, 0, 15) to (10.606602, 0, 10.606602), distance: 6.2
[CombatArena] [STATE] ActionExecution -> PlayerDecision
[RealtimeAIController] State: ActionExecution -> PlayerDecision
[AutoBattlerManager] Action: player_fighter -> Move to (10.606602, 0, 10.606602) (OK)
[COMBAT_LOG] {"ts":1770378218866,"event":"DECISION","unit":"player_fighter","action":"Move","target":"(10.606602, 0, 8.033009)","score":0.6530676}
[RealtimeAIController] Fighter -> Move (#4) score:0.65
[CombatArena] ExecuteMovement: player_fighter -> (10.606602, 0, 8.033009)
[CombatArena] [STATE] PlayerDecision -> ActionExecution
[RealtimeAIController] State: PlayerDecision -> ActionExecution
[CombatArena] Fighter moved from (10.606602, 0, 10.606602) to (10.606602, 0, 8.033009), distance: 2.6
[CombatArena] [STATE] ActionExecution -> PlayerDecision
[RealtimeAIController] State: ActionExecution -> PlayerDecision
[AutoBattlerManager] Action: player_fighter -> Move to (10.606602, 0, 8.033009) (OK)
[COMBAT_LOG] {"ts":1770378218971,"event":"DECISION","unit":"player_fighter","action":"EndTurn","score":0.109903105}
[RealtimeAIController] Fighter -> EndTurn (#5) score:0.11
[RealtimeAIController] Calling EndCurrentTurn()
[CombatArena] [STATE] PlayerDecision -> TurnEnd
[RealtimeAIController] State: PlayerDecision -> TurnEnd
[CombatArena] [TURN] Round 1, Orc Archer
[CombatArena] [STATE] TurnEnd -> TurnStart
[RealtimeAIController] State: TurnEnd -> TurnStart
[CombatArena] [STATE] TurnStart -> AIDecision
[RealtimeAIController] State: TurnStart -> AIDecision
[CombatArena] Camera focusing on Orc Archer via hooks
[CombatArena] SelectCombatant called: enemy_orc_archer
[CombatArena] Selected: enemy_orc_archer
[CombatArena] Turn started: Orc Archer (AI)
[COMBAT_LOG] {"ts":1770378218978,"event":"TURN_START","turn":4,"round":1,"unit":"enemy_orc_archer","unit_name":"Orc Archer","faction":"Hostile","hp":25,"max_hp":30,"ap":"Action | Bonus | Reaction | Move:30/30","pos":[10,0,2]}
[RealtimeAIController] Turn started for Orc Archer
[COMBAT_LOG] {"ts":1770378218978,"event":"DECISION","unit":"enemy_orc_archer","action":"Move","target":"(-5, 0, 2)","score":1.2995502}
[RealtimeAIController] Orc Archer -> Move (#1) score:1.30
[CombatArena] ExecuteMovement: enemy_orc_archer -> (-5, 0, 2)
[CombatArena] [STATE] AIDecision -> ActionExecution
[RealtimeAIController] State: AIDecision -> ActionExecution
[CombatArena] Orc Archer moved from (10, 0, 2) to (-5, 0, 2), distance: 15.0
[CombatArena] [STATE] ActionExecution -> AIDecision
[RealtimeAIController] State: ActionExecution -> AIDecision
[AutoBattlerManager] Action: enemy_orc_archer -> Move to (-5, 0, 2) (OK)
[COMBAT_LOG] {"ts":1770378219084,"event":"DECISION","unit":"enemy_orc_archer","action":"Move","target":"(-5, 0, -5.5)","score":1.2887332}
[RealtimeAIController] Orc Archer -> Move (#2) score:1.29
[CombatArena] ExecuteMovement: enemy_orc_archer -> (-5, 0, -5.5)
[CombatArena] [STATE] AIDecision -> ActionExecution
[RealtimeAIController] State: AIDecision -> ActionExecution
[CombatArena] Orc Archer moved from (-5, 0, 2) to (-5, 0, -5.5), distance: 7.5
[CombatArena] [STATE] ActionExecution -> AIDecision
[RealtimeAIController] State: ActionExecution -> AIDecision
[AutoBattlerManager] Action: enemy_orc_archer -> Move to (-5, 0, -5.5) (OK)
[COMBAT_LOG] {"ts":1770378219188,"event":"DECISION","unit":"enemy_orc_archer","action":"Move","target":"(2.5, 0, -5.5)","score":1.2924163}
[RealtimeAIController] Orc Archer -> Move (#3) score:1.29
[CombatArena] ExecuteMovement: enemy_orc_archer -> (2.5, 0, -5.5)
[CombatArena] [STATE] AIDecision -> ActionExecution
[RealtimeAIController] State: AIDecision -> ActionExecution
[CombatArena] Orc Archer moved from (-5, 0, -5.5) to (2.5, 0, -5.5), distance: 7.5
[CombatArena] [STATE] ActionExecution -> AIDecision
[RealtimeAIController] State: ActionExecution -> AIDecision
[AutoBattlerManager] Action: enemy_orc_archer -> Move to (2.5, 0, -5.5) (OK)
[COMBAT_LOG] {"ts":1770378219292,"event":"DECISION","unit":"enemy_orc_archer","action":"Dash","score":3.1614707}
[RealtimeAIController] Orc Archer -> Dash (#4) score:3.16
[AutoBattlerManager] Action: enemy_orc_archer -> Dash (OK)
[COMBAT_LOG] {"ts":1770378219397,"event":"DECISION","unit":"enemy_orc_archer","action":"Move","target":"(32.5, 0, -5.5)","score":1.2198253}
[RealtimeAIController] Orc Archer -> Move (#5) score:1.22
[CombatArena] ExecuteMovement: enemy_orc_archer -> (32.5, 0, -5.5)
[CombatArena] [STATE] AIDecision -> ActionExecution
[RealtimeAIController] State: AIDecision -> ActionExecution
[CombatArena] Orc Archer moved from (2.5, 0, -5.5) to (32.5, 0, -5.5), distance: 30.0
[CombatArena] [STATE] ActionExecution -> AIDecision
[RealtimeAIController] State: ActionExecution -> AIDecision
[AutoBattlerManager] Action: enemy_orc_archer -> Move to (32.5, 0, -5.5) (OK)
[COMBAT_LOG] {"ts":1770378219501,"event":"DECISION","unit":"enemy_orc_archer","action":"EndTurn","score":0.108217716}
[RealtimeAIController] Orc Archer -> EndTurn (#6) score:0.11
[RealtimeAIController] Calling EndCurrentTurn()
[CombatArena] [STATE] AIDecision -> TurnEnd
[RealtimeAIController] State: AIDecision -> TurnEnd
[CombatArena] [TURN] Round 1, Goblin Shaman
[CombatArena] [STATE] TurnEnd -> TurnStart
[RealtimeAIController] State: TurnEnd -> TurnStart
[CombatArena] [STATE] TurnStart -> AIDecision
[RealtimeAIController] State: TurnStart -> AIDecision
[CombatArena] Camera focusing on Goblin Shaman via hooks
[CombatArena] SelectCombatant called: enemy_shaman
[CombatArena] Selected: enemy_shaman
[CombatArena] Turn started: Goblin Shaman (AI)
[COMBAT_LOG] {"ts":1770378219508,"event":"TURN_START","turn":5,"round":1,"unit":"enemy_shaman","unit_name":"Goblin Shaman","faction":"Hostile","hp":28,"max_hp":28,"ap":"Action | Bonus | Reaction | Move:30/30","pos":[10,0,-1]}
[RealtimeAIController] Turn started for Goblin Shaman
[COMBAT_LOG] {"ts":1770378219509,"event":"DECISION","unit":"enemy_shaman","action":"Move","target":"(-5, 0, -1)","score":1.2926408}
[RealtimeAIController] Goblin Shaman -> Move (#1) score:1.29
[CombatArena] ExecuteMovement: enemy_shaman -> (-5, 0, -1)
[CombatArena] [STATE] AIDecision -> ActionExecution
[RealtimeAIController] State: AIDecision -> ActionExecution
[CombatArena] Goblin Shaman moved from (10, 0, -1) to (-5, 0, -1), distance: 15.0
[CombatArena] [STATE] ActionExecution -> AIDecision
[RealtimeAIController] State: ActionExecution -> AIDecision
[AutoBattlerManager] Action: enemy_shaman -> Move to (-5, 0, -1) (OK)
[COMBAT_LOG] {"ts":1770378219613,"event":"DECISION","unit":"enemy_shaman","action":"Move","target":"(2.5, 0, -1)","score":1.2176634}
[RealtimeAIController] Goblin Shaman -> Move (#2) score:1.22
[CombatArena] ExecuteMovement: enemy_shaman -> (2.5, 0, -1)
[CombatArena] [STATE] AIDecision -> ActionExecution
[RealtimeAIController] State: AIDecision -> ActionExecution
[CombatArena] Goblin Shaman moved from (-5, 0, -1) to (2.5, 0, -1), distance: 7.5
[CombatArena] [STATE] ActionExecution -> AIDecision
[RealtimeAIController] State: ActionExecution -> AIDecision
[AutoBattlerManager] Action: enemy_shaman -> Move to (2.5, 0, -1) (OK)
[COMBAT_LOG] {"ts":1770378219718,"event":"DECISION","unit":"enemy_shaman","action":"Move","target":"(-1.25, 0, 2.75)","score":1.3144171}
[RealtimeAIController] Goblin Shaman -> Move (#3) score:1.31
[CombatArena] ExecuteMovement: enemy_shaman -> (-1.25, 0, 2.75)
[CombatArena] [STATE] AIDecision -> ActionExecution
[RealtimeAIController] State: AIDecision -> ActionExecution
[CombatArena] Goblin Shaman moved from (2.5, 0, -1) to (-1.25, 0, 2.75), distance: 5.3
[CombatArena] [STATE] ActionExecution -> AIDecision
[RealtimeAIController] State: ActionExecution -> AIDecision
[AutoBattlerManager] Action: enemy_shaman -> Move to (-1.25, 0, 2.75) (OK)
[COMBAT_LOG] {"ts":1770378219822,"event":"DECISION","unit":"enemy_shaman","action":"Dash","score":3.1048968}
[RealtimeAIController] Goblin Shaman -> Dash (#4) score:3.10
[AutoBattlerManager] Action: enemy_shaman -> Dash (OK)
[COMBAT_LOG] {"ts":1770378219927,"event":"DECISION","unit":"enemy_shaman","action":"Move","target":"(30.946701, 0, 2.75)","score":1.2857751}
[RealtimeAIController] Goblin Shaman -> Move (#5) score:1.29
[CombatArena] ExecuteMovement: enemy_shaman -> (30.946701, 0, 2.75)
[CombatArena] [STATE] AIDecision -> ActionExecution
[RealtimeAIController] State: AIDecision -> ActionExecution
[CombatArena] Goblin Shaman moved from (-1.25, 0, 2.75) to (30.946701, 0, 2.75), distance: 32.2
[CombatArena] [STATE] ActionExecution -> AIDecision
[RealtimeAIController] State: ActionExecution -> AIDecision
[AutoBattlerManager] Action: enemy_shaman -> Move to (30.946701, 0, 2.75) (OK)
[COMBAT_LOG] {"ts":1770378220032,"event":"DECISION","unit":"enemy_shaman","action":"EndTurn","score":0.103895254}
[RealtimeAIController] Goblin Shaman -> EndTurn (#6) score:0.10
[RealtimeAIController] Calling EndCurrentTurn()
[CombatArena] [STATE] AIDecision -> TurnEnd
[RealtimeAIController] State: AIDecision -> TurnEnd
[CombatArena] [TURN] Round 1, Mage
[CombatArena] [STATE] TurnEnd -> TurnStart
[RealtimeAIController] State: TurnEnd -> TurnStart
[CombatArena] [STATE] TurnStart -> PlayerDecision
[RealtimeAIController] State: TurnStart -> PlayerDecision
[CombatArena] Camera focusing on Mage via hooks
[CombatArena] SelectCombatant called: player_mage
[CombatArena] Selected: player_mage
[CombatArena] Turn started: Mage (Player)
[COMBAT_LOG] {"ts":1770378220038,"event":"TURN_START","turn":6,"round":1,"unit":"player_mage","unit_name":"Mage","faction":"Player","hp":22,"max_hp":32,"ap":"Action | Bonus | Reaction | Move:30/30","pos":[-3,0,-1]}
[RealtimeAIController] Turn started for Mage
[COMBAT_LOG] {"ts":1770378220039,"event":"DECISION","unit":"player_mage","action":"Move","target":"(12, 0, -1)","score":1.3071338}
[RealtimeAIController] Mage -> Move (#1) score:1.31
[CombatArena] ExecuteMovement: player_mage -> (12, 0, -1)
[CombatArena] [STATE] PlayerDecision -> ActionExecution
[RealtimeAIController] State: PlayerDecision -> ActionExecution
[CombatArena] Mage moved from (-3, 0, -1) to (12, 0, -1), distance: 15.0
[CombatArena] [STATE] ActionExecution -> PlayerDecision
[RealtimeAIController] State: ActionExecution -> PlayerDecision
[AutoBattlerManager] Action: player_mage -> Move to (12, 0, -1) (OK)
[COMBAT_LOG] {"ts":1770378220143,"event":"DECISION","unit":"player_mage","action":"Move","target":"(4.5, 0, -1)","score":1.2194061}
[RealtimeAIController] Mage -> Move (#2) score:1.22
[CombatArena] ExecuteMovement: player_mage -> (4.5, 0, -1)
[CombatArena] [STATE] PlayerDecision -> ActionExecution
[RealtimeAIController] State: PlayerDecision -> ActionExecution
[CombatArena] Mage moved from (12, 0, -1) to (4.5, 0, -1), distance: 7.5
[CombatArena] [STATE] ActionExecution -> PlayerDecision
[RealtimeAIController] State: ActionExecution -> PlayerDecision
[AutoBattlerManager] Action: player_mage -> Move to (4.5, 0, -1) (OK)
[COMBAT_LOG] {"ts":1770378220247,"event":"DECISION","unit":"player_mage","action":"Move","target":"(4.5, 0, 2.75)","score":1.2974354}
[RealtimeAIController] Mage -> Move (#3) score:1.30
[CombatArena] ExecuteMovement: player_mage -> (4.5, 0, 2.75)
[CombatArena] [STATE] PlayerDecision -> ActionExecution
[RealtimeAIController] State: PlayerDecision -> ActionExecution
[CombatArena] Mage moved from (4.5, 0, -1) to (4.5, 0, 2.75), distance: 3.8
[CombatArena] [STATE] ActionExecution -> PlayerDecision
[RealtimeAIController] State: ActionExecution -> PlayerDecision
[AutoBattlerManager] Action: player_mage -> Move to (4.5, 0, 2.75) (OK)
[COMBAT_LOG] {"ts":1770378220352,"event":"DECISION","unit":"player_mage","action":"Dash","score":3.1417036}
[RealtimeAIController] Mage -> Dash (#4) score:3.14
[AutoBattlerManager] Action: player_mage -> Dash (OK)
[COMBAT_LOG] {"ts":1770378220456,"event":"DECISION","unit":"player_mage","action":"Move","target":"(21.375, 0, 19.625)","score":0.6517863}
[RealtimeAIController] Mage -> Move (#5) score:0.65
[CombatArena] ExecuteMovement: player_mage -> (21.375, 0, 19.625)
[CombatArena] [STATE] PlayerDecision -> ActionExecution
[RealtimeAIController] State: PlayerDecision -> ActionExecution
[CombatArena] Mage moved from (4.5, 0, 2.75) to (21.375, 0, 19.625), distance: 23.9
[CombatArena] [STATE] ActionExecution -> PlayerDecision
[RealtimeAIController] State: ActionExecution -> PlayerDecision
[AutoBattlerManager] Action: player_mage -> Move to (21.375, 0, 19.625) (OK)
[COMBAT_LOG] {"ts":1770378220560,"event":"DECISION","unit":"player_mage","action":"Move","target":"(16.432426, 0, 19.625)","score":0.6575252}
[RealtimeAIController] Mage -> Move (#6) score:0.66
[CombatArena] ExecuteMovement: player_mage -> (16.432426, 0, 19.625)
[CombatArena] [STATE] PlayerDecision -> ActionExecution
[RealtimeAIController] State: PlayerDecision -> ActionExecution
[CombatArena] Mage moved from (21.375, 0, 19.625) to (16.432426, 0, 19.625), distance: 4.9
[CombatArena] [STATE] ActionExecution -> PlayerDecision
[RealtimeAIController] State: ActionExecution -> PlayerDecision
[AutoBattlerManager] Action: player_mage -> Move to (16.432426, 0, 19.625) (OK)
[COMBAT_LOG] {"ts":1770378220665,"event":"DECISION","unit":"player_mage","action":"Move","target":"(13.961141, 0, 19.625)","score":0.6578197}
[RealtimeAIController] Mage -> Move (#7) score:0.66
[CombatArena] ExecuteMovement: player_mage -> (13.961141, 0, 19.625)
[CombatArena] [STATE] PlayerDecision -> ActionExecution
[RealtimeAIController] State: PlayerDecision -> ActionExecution
[CombatArena] Mage moved from (16.432426, 0, 19.625) to (13.961141, 0, 19.625), distance: 2.5
[CombatArena] [STATE] ActionExecution -> PlayerDecision
[RealtimeAIController] State: ActionExecution -> PlayerDecision
[AutoBattlerManager] Action: player_mage -> Move to (13.961141, 0, 19.625) (OK)
[COMBAT_LOG] {"ts":1770378220770,"event":"DECISION","unit":"player_mage","action":"Move","target":"(12.725498, 0, 20.860643)","score":0.6578721}
[RealtimeAIController] Mage -> Move (#8) score:0.66
[CombatArena] ExecuteMovement: player_mage -> (12.725498, 0, 20.860643)
[CombatArena] [STATE] PlayerDecision -> ActionExecution
[RealtimeAIController] State: PlayerDecision -> ActionExecution
[CombatArena] Mage moved from (13.961141, 0, 19.625) to (12.725498, 0, 20.860643), distance: 1.7
[CombatArena] [STATE] ActionExecution -> PlayerDecision
[RealtimeAIController] State: ActionExecution -> PlayerDecision
[AutoBattlerManager] Action: player_mage -> Move to (12.725498, 0, 20.860643) (OK)
[COMBAT_LOG] {"ts":1770378220874,"event":"DECISION","unit":"player_mage","action":"Move","target":"(12.725498, 0, 20.498732)","score":0.65887284}
[RealtimeAIController] Mage -> Move (#9) score:0.66
[CombatArena] ExecuteMovement: player_mage -> (12.725498, 0, 20.498732)
[CombatArena] [STATE] PlayerDecision -> ActionExecution
[RealtimeAIController] State: PlayerDecision -> ActionExecution
[CombatArena] Mage moved from (12.725498, 0, 20.860643) to (12.725498, 0, 20.498732), distance: 0.4
[CombatArena] [STATE] ActionExecution -> PlayerDecision
[RealtimeAIController] State: ActionExecution -> PlayerDecision
[AutoBattlerManager] Action: player_mage -> Move to (12.725498, 0, 20.498732) (OK)
[COMBAT_LOG] {"ts":1770378220978,"event":"DECISION","unit":"player_mage","action":"Move","target":"(12.906454, 0, 20.679688)","score":0.64388144}
[RealtimeAIController] Mage -> Move (#10) score:0.64
[CombatArena] ExecuteMovement: player_mage -> (12.906454, 0, 20.679688)
[CombatArena] [STATE] PlayerDecision -> ActionExecution
[RealtimeAIController] State: PlayerDecision -> ActionExecution
[CombatArena] Mage moved from (12.725498, 0, 20.498732) to (12.906454, 0, 20.679688), distance: 0.3
[CombatArena] [STATE] ActionExecution -> PlayerDecision
[RealtimeAIController] State: ActionExecution -> PlayerDecision
[AutoBattlerManager] Action: player_mage -> Move to (12.906454, 0, 20.679688) (OK)
[COMBAT_LOG] {"ts":1770378221082,"event":"DECISION","unit":"player_mage","action":"Move","target":"(12.853454, 0, 20.679688)","score":0.65072733}
[RealtimeAIController] Mage -> Move (#11) score:0.65
[CombatArena] ExecuteMovement: player_mage -> (12.853454, 0, 20.679688)
[CombatArena] [STATE] PlayerDecision -> ActionExecution
[RealtimeAIController] State: PlayerDecision -> ActionExecution
[CombatArena] Mage moved from (12.906454, 0, 20.679688) to (12.853454, 0, 20.679688), distance: 0.1
[CombatArena] [STATE] ActionExecution -> PlayerDecision
[RealtimeAIController] State: ActionExecution -> PlayerDecision
[AutoBattlerManager] Action: player_mage -> Move to (12.853454, 0, 20.679688) (OK)
[COMBAT_LOG] {"ts":1770378221187,"event":"DECISION","unit":"player_mage","action":"Move","target":"(12.826954, 0, 20.653187)","score":0.64867336}
[RealtimeAIController] Mage -> Move (#12) score:0.65
[CombatArena] ExecuteMovement: player_mage -> (12.826954, 0, 20.653187)
[CombatArena] [STATE] PlayerDecision -> ActionExecution
[RealtimeAIController] State: PlayerDecision -> ActionExecution
[CombatArena] Mage moved from (12.853454, 0, 20.679688) to (12.826954, 0, 20.653187), distance: 0.0
[CombatArena] [STATE] ActionExecution -> PlayerDecision
[RealtimeAIController] State: ActionExecution -> PlayerDecision
[AutoBattlerManager] Action: player_mage -> Move to (12.826954, 0, 20.653187) (OK)
[COMBAT_LOG] {"ts":1770378221291,"event":"DECISION","unit":"player_mage","action":"Move","target":"(12.842477, 0, 20.653187)","score":0.6568227}
[RealtimeAIController] Mage -> Move (#13) score:0.66
[CombatArena] ExecuteMovement: player_mage -> (12.842477, 0, 20.653187)
[CombatArena] [STATE] PlayerDecision -> ActionExecution
[RealtimeAIController] State: PlayerDecision -> ActionExecution
[CombatArena] Mage moved from (12.826954, 0, 20.653187) to (12.842477, 0, 20.653187), distance: 0.0
[CombatArena] [STATE] ActionExecution -> PlayerDecision
[RealtimeAIController] State: ActionExecution -> PlayerDecision
[AutoBattlerManager] Action: player_mage -> Move to (12.842477, 0, 20.653187) (OK)
[COMBAT_LOG] {"ts":1770378221395,"event":"DECISION","unit":"player_mage","action":"EndTurn","score":0.10381917}
[RealtimeAIController] Mage -> EndTurn (#14) score:0.10
[RealtimeAIController] Calling EndCurrentTurn()
[CombatArena] [STATE] PlayerDecision -> TurnEnd
[RealtimeAIController] State: PlayerDecision -> TurnEnd
[CombatArena] [TURN] Round 1, Orc Brute
[CombatArena] [STATE] TurnEnd -> TurnStart
[RealtimeAIController] State: TurnEnd -> TurnStart
[CombatArena] [STATE] TurnStart -> AIDecision
[RealtimeAIController] State: TurnStart -> AIDecision
[CombatArena] Camera focusing on Orc Brute via hooks
[CombatArena] SelectCombatant called: enemy_orc_brute
[CombatArena] Selected: enemy_orc_brute
[CombatArena] Turn started: Orc Brute (AI)
[COMBAT_LOG] {"ts":1770378221402,"event":"TURN_START","turn":7,"round":1,"unit":"enemy_orc_brute","unit_name":"Orc Brute","faction":"Hostile","hp":42,"max_hp":48,"ap":"Action | Bonus | Reaction | Move:30/30","pos":[8,0,0]}
[RealtimeAIController] Turn started for Orc Brute
[COMBAT_LOG] {"ts":1770378221402,"event":"DECISION","unit":"enemy_orc_brute","action":"Attack","target":"player_cleric","score":1.0588613}
[RealtimeAIController] Orc Brute -> Attack (#1) score:1.06
[CombatArena] ExecuteAbility: enemy_orc_brute -> basic_attack -> player_cleric
[CombatArena] [STATE] AIDecision -> ActionExecution
[RealtimeAIController] State: AIDecision -> ActionExecution
[CombatArena] Orc Brute used basic_attack on Cleric: damage:10
[CombatArena] ClearSelection called
[AutoBattlerManager] Action: enemy_orc_brute -> Attack:basic_attack->player_cleric (OK)
[CombatArena] [STATE] ActionExecution -> AIDecision
[RealtimeAIController] State: ActionExecution -> AIDecision
[COMBAT_LOG] {"ts":1770378222103,"event":"DECISION","unit":"enemy_orc_brute","action":"Move","target":"(-22, 0, 0)","score":0.6596891}
[RealtimeAIController] Orc Brute -> Move (#2) score:0.66
[CombatArena] ExecuteMovement: enemy_orc_brute -> (-22, 0, 0)
[CombatArena] [STATE] AIDecision -> ActionExecution
[RealtimeAIController] State: AIDecision -> ActionExecution
[CombatArena] Orc Brute moved from (8, 0, 0) to (-22, 0, 0), distance: 30.0
[CombatArena] [STATE] ActionExecution -> AIDecision
[RealtimeAIController] State: ActionExecution -> AIDecision
[AutoBattlerManager] Action: enemy_orc_brute -> Move to (-22, 0, 0) (OK)
[COMBAT_LOG] {"ts":1770378222208,"event":"DECISION","unit":"enemy_orc_brute","action":"EndTurn","score":0.10760533}
[RealtimeAIController] Orc Brute -> EndTurn (#3) score:0.11
[RealtimeAIController] Calling EndCurrentTurn()
[CombatArena] [STATE] AIDecision -> TurnEnd
[RealtimeAIController] State: AIDecision -> TurnEnd
[CombatArena] [TURN] Round 1, Cleric
[CombatArena] [STATE] TurnEnd -> TurnStart
[RealtimeAIController] State: TurnEnd -> TurnStart
[CombatArena] [STATE] TurnStart -> PlayerDecision
[RealtimeAIController] State: TurnStart -> PlayerDecision
[CombatArena] Camera focusing on Cleric via hooks
[CombatArena] SelectCombatant called: player_cleric
[CombatArena] Selected: player_cleric
[CombatArena] Turn started: Cleric (Player)
[COMBAT_LOG] {"ts":1770378222215,"event":"TURN_START","turn":8,"round":1,"unit":"player_cleric","unit_name":"Cleric","faction":"Player","hp":34,"max_hp":44,"ap":"Action | Bonus | Reaction | Move:30/30","pos":[-1,0,-3]}
[RealtimeAIController] Turn started for Cleric
[COMBAT_LOG] {"ts":1770378222215,"event":"DECISION","unit":"player_cleric","action":"Move","target":"(29, 0, -3)","score":1.2288281}
[RealtimeAIController] Cleric -> Move (#1) score:1.23
[CombatArena] ExecuteMovement: player_cleric -> (29, 0, -3)
[CombatArena] [STATE] PlayerDecision -> ActionExecution
[RealtimeAIController] State: PlayerDecision -> ActionExecution
[CombatArena] Cleric moved from (-1, 0, -3) to (29, 0, -3), distance: 30.0
[CombatArena] [STATE] ActionExecution -> PlayerDecision
[RealtimeAIController] State: ActionExecution -> PlayerDecision
[AutoBattlerManager] Action: player_cleric -> Move to (29, 0, -3) (OK)
[COMBAT_LOG] {"ts":1770378222318,"event":"DECISION","unit":"player_cleric","action":"Dash","score":3.0057297}
[RealtimeAIController] Cleric -> Dash (#2) score:3.01
[AutoBattlerManager] Action: player_cleric -> Dash (OK)
[COMBAT_LOG] {"ts":1770378222423,"event":"DECISION","unit":"player_cleric","action":"Move","target":"(14, 0, -18)","score":0.65342563}
[RealtimeAIController] Cleric -> Move (#3) score:0.65
[CombatArena] ExecuteMovement: player_cleric -> (14, 0, -18)
[CombatArena] [STATE] PlayerDecision -> ActionExecution
[RealtimeAIController] State: PlayerDecision -> ActionExecution
[CombatArena] Cleric moved from (29, 0, -3) to (14, 0, -18), distance: 21.2
[CombatArena] [STATE] ActionExecution -> PlayerDecision
[RealtimeAIController] State: ActionExecution -> PlayerDecision
[AutoBattlerManager] Action: player_cleric -> Move to (14, 0, -18) (OK)
[COMBAT_LOG] {"ts":1770378222526,"event":"DECISION","unit":"player_cleric","action":"Move","target":"(9.606602, 0, -13.606602)","score":0.65513253}
[RealtimeAIController] Cleric -> Move (#4) score:0.66
[CombatArena] ExecuteMovement: player_cleric -> (9.606602, 0, -13.606602)
[CombatArena] [STATE] PlayerDecision -> ActionExecution
[RealtimeAIController] State: PlayerDecision -> ActionExecution
[CombatArena] Cleric moved from (14, 0, -18) to (9.606602, 0, -13.606602), distance: 6.2
[CombatArena] [STATE] ActionExecution -> PlayerDecision
[RealtimeAIController] State: ActionExecution -> PlayerDecision
[AutoBattlerManager] Action: player_cleric -> Move to (9.606602, 0, -13.606602) (OK)
[COMBAT_LOG] {"ts":1770378222631,"event":"DECISION","unit":"player_cleric","action":"Move","target":"(9.606602, 0, -16.180195)","score":0.6530869}
[RealtimeAIController] Cleric -> Move (#5) score:0.65
[CombatArena] ExecuteMovement: player_cleric -> (9.606602, 0, -16.180195)
[CombatArena] [STATE] PlayerDecision -> ActionExecution
[RealtimeAIController] State: PlayerDecision -> ActionExecution
[CombatArena] Cleric moved from (9.606602, 0, -13.606602) to (9.606602, 0, -16.180195), distance: 2.6
[CombatArena] [STATE] ActionExecution -> PlayerDecision
[RealtimeAIController] State: ActionExecution -> PlayerDecision
[AutoBattlerManager] Action: player_cleric -> Move to (9.606602, 0, -16.180195) (OK)
[COMBAT_LOG] {"ts":1770378222735,"event":"DECISION","unit":"player_cleric","action":"EndTurn","score":0.10945581}
[RealtimeAIController] Cleric -> EndTurn (#6) score:0.11
[RealtimeAIController] Calling EndCurrentTurn()
[CombatArena] [STATE] PlayerDecision -> TurnEnd
[RealtimeAIController] State: PlayerDecision -> TurnEnd
[CombatArena] [TURN] Round 2, Rogue
[CombatArena] [STATE] TurnEnd -> RoundEnd
[RealtimeAIController] State: TurnEnd -> RoundEnd
[CombatArena] [STATE] RoundEnd -> TurnStart
[RealtimeAIController] State: RoundEnd -> TurnStart
[CombatArena] Round 2: Reset reactions for all combatants
[CombatArena] [STATE] TurnStart -> PlayerDecision
[RealtimeAIController] State: TurnStart -> PlayerDecision
[CombatArena] Camera focusing on Rogue via hooks
[CombatArena] SelectCombatant called: player_rogue
[CombatArena] Selected: player_rogue
[CombatArena] Turn started: Rogue (Player)
[COMBAT_LOG] {"ts":1770378222741,"event":"TURN_START","turn":9,"round":2,"unit":"player_rogue","unit_name":"Rogue","faction":"Player","hp":36,"max_hp":36,"ap":"Action | Bonus | Reaction | Move:30/30","pos":[32,0,-2]}
[RealtimeAIController] Turn started for Rogue
[COMBAT_LOG] {"ts":1770378222742,"event":"DECISION","unit":"player_rogue","action":"Attack","target":"enemy_orc_archer","score":0.71034986}
[RealtimeAIController] Rogue -> Attack (#1) score:0.71
[CombatArena] ExecuteAbility: player_rogue -> basic_attack -> enemy_orc_archer
[CombatArena] [STATE] PlayerDecision -> ActionExecution
[RealtimeAIController] State: PlayerDecision -> ActionExecution
[CombatArena] Rogue used basic_attack on Orc Archer: damage:5
[CombatArena] ClearSelection called
[AutoBattlerManager] Action: player_rogue -> Attack:basic_attack->enemy_orc_archer (OK)
[CombatArena] [STATE] ActionExecution -> PlayerDecision
[RealtimeAIController] State: ActionExecution -> PlayerDecision
[COMBAT_LOG] {"ts":1770378223441,"event":"DECISION","unit":"player_rogue","action":"Move","target":"(2, 0, -2)","score":0.6551999}
[RealtimeAIController] Rogue -> Move (#2) score:0.66
[CombatArena] ExecuteMovement: player_rogue -> (2, 0, -2)
[CombatArena] [STATE] PlayerDecision -> ActionExecution
[RealtimeAIController] State: PlayerDecision -> ActionExecution
[CombatArena] Rogue moved from (32, 0, -2) to (2, 0, -2), distance: 30.0
[CombatArena] [STATE] ActionExecution -> PlayerDecision
[RealtimeAIController] State: ActionExecution -> PlayerDecision
[AutoBattlerManager] Action: player_rogue -> Move to (2, 0, -2) (OK)
[COMBAT_LOG] {"ts":1770378223545,"event":"DECISION","unit":"player_rogue","action":"EndTurn","score":0.101670764}
[RealtimeAIController] Rogue -> EndTurn (#3) score:0.10
[RealtimeAIController] Calling EndCurrentTurn()
[CombatArena] [STATE] PlayerDecision -> TurnEnd
[RealtimeAIController] State: PlayerDecision -> TurnEnd
[CombatArena] [TURN] Round 2, Goblin Skirmisher
[CombatArena] [STATE] TurnEnd -> TurnStart
[RealtimeAIController] State: TurnEnd -> TurnStart
[CombatArena] [STATE] TurnStart -> AIDecision
[RealtimeAIController] State: TurnStart -> AIDecision
[CombatArena] Camera focusing on Goblin Skirmisher via hooks
[CombatArena] SelectCombatant called: enemy_goblin
[CombatArena] Selected: enemy_goblin
[CombatArena] Turn started: Goblin Skirmisher (AI)
[COMBAT_LOG] {"ts":1770378223552,"event":"TURN_START","turn":10,"round":2,"unit":"enemy_goblin","unit_name":"Goblin Skirmisher","faction":"Hostile","hp":22,"max_hp":22,"ap":"Action | Bonus | Reaction | Move:30/30","pos":[30.786797,0,-12]}
[RealtimeAIController] Turn started for Goblin Skirmisher
[COMBAT_LOG] {"ts":1770378223553,"event":"DECISION","unit":"enemy_goblin","action":"Attack","target":"player_mage","score":1.0698022}
[RealtimeAIController] Goblin Skirmisher -> Attack (#1) score:1.07
[CombatArena] ExecuteAbility: enemy_goblin -> basic_attack -> player_mage
[CombatArena] [STATE] AIDecision -> ActionExecution
[RealtimeAIController] State: AIDecision -> ActionExecution
[CombatArena] Goblin Skirmisher used basic_attack on Mage: damage:10
[CombatArena] ClearSelection called
[AutoBattlerManager] Action: enemy_goblin -> Attack:basic_attack->player_mage (OK)
[CombatArena] [STATE] ActionExecution -> AIDecision
[RealtimeAIController] State: ActionExecution -> AIDecision
[COMBAT_LOG] {"ts":1770378224258,"event":"DECISION","unit":"enemy_goblin","action":"Move","target":"(15.786797, 0, 3)","score":0.6511685}
[RealtimeAIController] Goblin Skirmisher -> Move (#2) score:0.65
[CombatArena] ExecuteMovement: enemy_goblin -> (15.786797, 0, 3)
[CombatArena] [STATE] AIDecision -> ActionExecution
[RealtimeAIController] State: AIDecision -> ActionExecution
[CombatArena] Goblin Skirmisher moved from (30.786797, 0, -12) to (15.786797, 0, 3), distance: 21.2
[CombatArena] [STATE] ActionExecution -> AIDecision
[RealtimeAIController] State: ActionExecution -> AIDecision
[AutoBattlerManager] Action: enemy_goblin -> Move to (15.786797, 0, 3) (OK)
[COMBAT_LOG] {"ts":1770378224362,"event":"DECISION","unit":"enemy_goblin","action":"Move","target":"(11.393398, 0, 7.3933983)","score":1.2607279}
[RealtimeAIController] Goblin Skirmisher -> Move (#3) score:1.26
[CombatArena] ExecuteMovement: enemy_goblin -> (11.393398, 0, 7.3933983)
[CombatArena] [STATE] AIDecision -> ActionExecution
[RealtimeAIController] State: AIDecision -> ActionExecution
[CombatArena] Goblin Skirmisher moved from (15.786797, 0, 3) to (11.393398, 0, 7.3933983), distance: 6.2
[CombatArena] [STATE] ActionExecution -> AIDecision
[RealtimeAIController] State: ActionExecution -> AIDecision
[AutoBattlerManager] Action: enemy_goblin -> Move to (11.393398, 0, 7.3933983) (OK)
[COMBAT_LOG] {"ts":1770378224466,"event":"DECISION","unit":"enemy_goblin","action":"Move","target":"(8.819805, 0, 7.3933983)","score":1.3182266}
[RealtimeAIController] Goblin Skirmisher -> Move (#4) score:1.32
[CombatArena] ExecuteMovement: enemy_goblin -> (8.819805, 0, 7.3933983)
[CombatArena] [STATE] AIDecision -> ActionExecution
[RealtimeAIController] State: AIDecision -> ActionExecution
[CombatArena] Goblin Skirmisher moved from (11.393398, 0, 7.3933983) to (8.819805, 0, 7.3933983), distance: 2.6
[CombatArena] [STATE] ActionExecution -> AIDecision
[RealtimeAIController] State: ActionExecution -> AIDecision
[AutoBattlerManager] Action: enemy_goblin -> Move to (8.819805, 0, 7.3933983) (OK)
[COMBAT_LOG] {"ts":1770378224569,"event":"DECISION","unit":"enemy_goblin","action":"EndTurn","score":0.10878164}
[RealtimeAIController] Goblin Skirmisher -> EndTurn (#5) score:0.11
[RealtimeAIController] Calling EndCurrentTurn()
[CombatArena] [STATE] AIDecision -> TurnEnd
[RealtimeAIController] State: AIDecision -> TurnEnd
[CombatArena] [TURN] Round 2, Fighter
[CombatArena] [STATE] TurnEnd -> TurnStart
[RealtimeAIController] State: TurnEnd -> TurnStart
[CombatArena] [STATE] TurnStart -> PlayerDecision
[RealtimeAIController] State: TurnStart -> PlayerDecision
[CombatArena] Camera focusing on Fighter via hooks
[CombatArena] SelectCombatant called: player_fighter
[CombatArena] Selected: player_fighter
[CombatArena] Turn started: Fighter (Player)
[COMBAT_LOG] {"ts":1770378224576,"event":"TURN_START","turn":11,"round":2,"unit":"player_fighter","unit_name":"Fighter","faction":"Player","hp":52,"max_hp":52,"ap":"Action | Bonus | Reaction | Move:30/30","pos":[10.606602,0,8.033009]}
[RealtimeAIController] Turn started for Fighter
[COMBAT_LOG] {"ts":1770378224576,"event":"DECISION","unit":"player_fighter","action":"Attack","target":"enemy_orc_archer","score":0.7113003}
[RealtimeAIController] Fighter -> Attack (#1) score:0.71
[CombatArena] ExecuteAbility: player_fighter -> basic_attack -> enemy_orc_archer
[CombatArena] [STATE] PlayerDecision -> ActionExecution
[RealtimeAIController] State: PlayerDecision -> ActionExecution
[CombatArena] Fighter used basic_attack on Orc Archer: damage:9
[CombatArena] ClearSelection called
[AutoBattlerManager] Action: player_fighter -> Attack:basic_attack->enemy_orc_archer (OK)
[CombatArena] [STATE] ActionExecution -> PlayerDecision
[RealtimeAIController] State: ActionExecution -> PlayerDecision
[COMBAT_LOG] {"ts":1770378225281,"event":"DECISION","unit":"player_fighter","action":"Move","target":"(10.606602, 0, 23.033009)","score":0.6580559}
[RealtimeAIController] Fighter -> Move (#2) score:0.66
[CombatArena] ExecuteMovement: player_fighter -> (10.606602, 0, 23.033009)
[CombatArena] [STATE] PlayerDecision -> ActionExecution
[RealtimeAIController] State: PlayerDecision -> ActionExecution
[CombatArena] Fighter moved from (10.606602, 0, 8.033009) to (10.606602, 0, 23.033009), distance: 15.0
[CombatArena] [STATE] ActionExecution -> PlayerDecision
[RealtimeAIController] State: ActionExecution -> PlayerDecision
[AutoBattlerManager] Action: player_fighter -> Move to (10.606602, 0, 23.033009) (OK)
[COMBAT_LOG] {"ts":1770378225385,"event":"DECISION","unit":"player_fighter","action":"Move","target":"(10.606602, 0, 8.033009)","score":1.2529563}
[RealtimeAIController] Fighter -> Move (#3) score:1.25
[CombatArena] ExecuteMovement: player_fighter -> (10.606602, 0, 8.033009)
[CombatArena] [STATE] PlayerDecision -> ActionExecution
[RealtimeAIController] State: PlayerDecision -> ActionExecution
[CombatArena] Fighter moved from (10.606602, 0, 23.033009) to (10.606602, 0, 8.033009), distance: 15.0
[CombatArena] [STATE] ActionExecution -> PlayerDecision
[RealtimeAIController] State: ActionExecution -> PlayerDecision
[AutoBattlerManager] Action: player_fighter -> Move to (10.606602, 0, 8.033009) (OK)
[COMBAT_LOG] {"ts":1770378225488,"event":"DECISION","unit":"player_fighter","action":"EndTurn","score":0.10994141}
[RealtimeAIController] Fighter -> EndTurn (#4) score:0.11
[RealtimeAIController] Calling EndCurrentTurn()
[CombatArena] [STATE] PlayerDecision -> TurnEnd
[RealtimeAIController] State: PlayerDecision -> TurnEnd
[CombatArena] [TURN] Round 2, Orc Archer
[CombatArena] [STATE] TurnEnd -> TurnStart
[RealtimeAIController] State: TurnEnd -> TurnStart
[CombatArena] [STATE] TurnStart -> AIDecision
[RealtimeAIController] State: TurnStart -> AIDecision
[CombatArena] Camera focusing on Orc Archer via hooks
[CombatArena] SelectCombatant called: enemy_orc_archer
[CombatArena] Selected: enemy_orc_archer
[CombatArena] Turn started: Orc Archer (AI)
[COMBAT_LOG] {"ts":1770378225495,"event":"TURN_START","turn":12,"round":2,"unit":"enemy_orc_archer","unit_name":"Orc Archer","faction":"Hostile","hp":11,"max_hp":30,"ap":"Action | Bonus | Reaction | Move:30/30","pos":[32.5,0,-5.5]}
[RealtimeAIController] Turn started for Orc Archer
[COMBAT_LOG] {"ts":1770378225495,"event":"DECISION","unit":"enemy_orc_archer","action":"Attack","target":"player_mage","score":2.4417827}
[RealtimeAIController] Orc Archer -> Attack (#1) score:2.44
[CombatArena] ExecuteAbility: enemy_orc_archer -> basic_attack -> player_mage
[CombatArena] [STATE] AIDecision -> ActionExecution
[RealtimeAIController] State: AIDecision -> ActionExecution
[CombatArena] Orc Archer used basic_attack on Mage: damage:7
[CombatArena] ClearSelection called
[AutoBattlerManager] Action: enemy_orc_archer -> Attack:basic_attack->player_mage (OK)
[CombatArena] [STATE] ActionExecution -> AIDecision
[RealtimeAIController] State: ActionExecution -> AIDecision
[COMBAT_LOG] {"ts":1770378226199,"event":"DECISION","unit":"enemy_orc_archer","action":"Move","target":"(2.5, 0, -5.5)","score":1.2706683}
[RealtimeAIController] Orc Archer -> Move (#2) score:1.27
[CombatArena] ExecuteMovement: enemy_orc_archer -> (2.5, 0, -5.5)
[CombatArena] [STATE] AIDecision -> ActionExecution
[RealtimeAIController] State: AIDecision -> ActionExecution
[CombatArena] Orc Archer moved from (32.5, 0, -5.5) to (2.5, 0, -5.5), distance: 30.0
[CombatArena] [STATE] ActionExecution -> AIDecision
[RealtimeAIController] State: ActionExecution -> AIDecision
[AutoBattlerManager] Action: enemy_orc_archer -> Move to (2.5, 0, -5.5) (OK)
[COMBAT_LOG] {"ts":1770378226303,"event":"DECISION","unit":"enemy_orc_archer","action":"EndTurn","score":0.106222026}
[RealtimeAIController] Orc Archer -> EndTurn (#3) score:0.11
[RealtimeAIController] Calling EndCurrentTurn()
[CombatArena] [STATE] AIDecision -> TurnEnd
[RealtimeAIController] State: AIDecision -> TurnEnd
[CombatArena] [TURN] Round 2, Goblin Shaman
[CombatArena] [STATE] TurnEnd -> TurnStart
[RealtimeAIController] State: TurnEnd -> TurnStart
[CombatArena] [STATE] TurnStart -> AIDecision
[RealtimeAIController] State: TurnStart -> AIDecision
[CombatArena] Camera focusing on Goblin Shaman via hooks
[CombatArena] SelectCombatant called: enemy_shaman
[CombatArena] Selected: enemy_shaman
[CombatArena] Turn started: Goblin Shaman (AI)
[COMBAT_LOG] {"ts":1770378226310,"event":"TURN_START","turn":13,"round":2,"unit":"enemy_shaman","unit_name":"Goblin Shaman","faction":"Hostile","hp":28,"max_hp":28,"ap":"Action | Bonus | Reaction | Move:30/30","pos":[30.946701,0,2.75]}
[RealtimeAIController] Turn started for Goblin Shaman
[COMBAT_LOG] {"ts":1770378226310,"event":"DECISION","unit":"enemy_shaman","action":"Attack","target":"player_mage","score":9.006535}
[RealtimeAIController] Goblin Shaman -> Attack (#1) score:9.01
[CombatArena] ExecuteAbility: enemy_shaman -> basic_attack -> player_mage
[CombatArena] [STATE] AIDecision -> ActionExecution
[RealtimeAIController] State: AIDecision -> ActionExecution
[CombatArena] Goblin Shaman used basic_attack on Mage: damage:8
[CombatArena] ClearSelection called
[AutoBattlerManager] Action: enemy_shaman -> Attack:basic_attack->player_mage (OK)
[CombatArena] [STATE] ActionExecution -> AIDecision
[RealtimeAIController] State: ActionExecution -> AIDecision
[COMBAT_LOG] {"ts":1770378227013,"event":"DECISION","unit":"enemy_shaman","action":"Move","target":"(0.94670105, 0, 2.75)","score":1.2065378}
[RealtimeAIController] Goblin Shaman -> Move (#2) score:1.21
[CombatArena] ExecuteMovement: enemy_shaman -> (0.94670105, 0, 2.75)
[CombatArena] [STATE] AIDecision -> ActionExecution
[RealtimeAIController] State: AIDecision -> ActionExecution
[CombatArena] Goblin Shaman moved from (30.946701, 0, 2.75) to (0.94670105, 0, 2.75), distance: 30.0
[CombatArena] [STATE] ActionExecution -> AIDecision
[RealtimeAIController] State: ActionExecution -> AIDecision
[AutoBattlerManager] Action: enemy_shaman -> Move to (0.94670105, 0, 2.75) (OK)
[COMBAT_LOG] {"ts":1770378227117,"event":"DECISION","unit":"enemy_shaman","action":"EndTurn","score":0.105663866}
[RealtimeAIController] Goblin Shaman -> EndTurn (#3) score:0.11
[RealtimeAIController] Calling EndCurrentTurn()
[CombatArena] [STATE] AIDecision -> TurnEnd
[RealtimeAIController] State: AIDecision -> TurnEnd
[CombatArena] [TURN] Round 2, Orc Brute
[CombatArena] [STATE] TurnEnd -> TurnStart
[RealtimeAIController] State: TurnEnd -> TurnStart
[CombatArena] [STATE] TurnStart -> AIDecision
[RealtimeAIController] State: TurnStart -> AIDecision
[CombatArena] Camera focusing on Orc Brute via hooks
[CombatArena] SelectCombatant called: enemy_orc_brute
[CombatArena] Selected: enemy_orc_brute
[CombatArena] Turn started: Orc Brute (AI)
[COMBAT_LOG] {"ts":1770378227124,"event":"TURN_START","turn":14,"round":2,"unit":"enemy_orc_brute","unit_name":"Orc Brute","faction":"Hostile","hp":42,"max_hp":48,"ap":"Action | Bonus | Reaction | Move:30/30","pos":[-22,0,0]}
[RealtimeAIController] Turn started for Orc Brute
[COMBAT_LOG] {"ts":1770378227124,"event":"DECISION","unit":"enemy_orc_brute","action":"Attack","target":"player_cleric","score":1.0671171}
[RealtimeAIController] Orc Brute -> Attack (#1) score:1.07
[CombatArena] ExecuteAbility: enemy_orc_brute -> basic_attack -> player_cleric
[CombatArena] [STATE] AIDecision -> ActionExecution
[RealtimeAIController] State: AIDecision -> ActionExecution
[CombatArena] Orc Brute used basic_attack on Cleric: damage:5
[CombatArena] ClearSelection called
[AutoBattlerManager] Action: enemy_orc_brute -> Attack:basic_attack->player_cleric (OK)
[CombatArena] [STATE] ActionExecution -> AIDecision
[RealtimeAIController] State: ActionExecution -> AIDecision
[COMBAT_LOG] {"ts":1770378227827,"event":"DECISION","unit":"enemy_orc_brute","action":"Move","target":"(-7, 0, 15)","score":0.6540993}
[RealtimeAIController] Orc Brute -> Move (#2) score:0.65
[CombatArena] ExecuteMovement: enemy_orc_brute -> (-7, 0, 15)
[CombatArena] [STATE] AIDecision -> ActionExecution
[RealtimeAIController] State: AIDecision -> ActionExecution
[CombatArena] Orc Brute moved from (-22, 0, 0) to (-7, 0, 15), distance: 21.2
[CombatArena] [STATE] ActionExecution -> AIDecision
[RealtimeAIController] State: ActionExecution -> AIDecision
[AutoBattlerManager] Action: enemy_orc_brute -> Move to (-7, 0, 15) (OK)
[COMBAT_LOG] {"ts":1770378227930,"event":"DECISION","unit":"enemy_orc_brute","action":"Move","target":"(-2.6066017, 0, 19.393398)","score":0.6588172}
[RealtimeAIController] Orc Brute -> Move (#3) score:0.66
[CombatArena] ExecuteMovement: enemy_orc_brute -> (-2.6066017, 0, 19.393398)
[CombatArena] [STATE] AIDecision -> ActionExecution
[RealtimeAIController] State: AIDecision -> ActionExecution
[CombatArena] Orc Brute moved from (-7, 0, 15) to (-2.6066017, 0, 19.393398), distance: 6.2
[CombatArena] [STATE] ActionExecution -> AIDecision
[RealtimeAIController] State: ActionExecution -> AIDecision
[AutoBattlerManager] Action: enemy_orc_brute -> Move to (-2.6066017, 0, 19.393398) (OK)
[COMBAT_LOG] {"ts":1770378228034,"event":"DECISION","unit":"enemy_orc_brute","action":"Move","target":"(-3.8933983, 0, 20.680195)","score":0.6588663}
[RealtimeAIController] Orc Brute -> Move (#4) score:0.66
[CombatArena] ExecuteMovement: enemy_orc_brute -> (-3.8933983, 0, 20.680195)
[CombatArena] [STATE] AIDecision -> ActionExecution
[RealtimeAIController] State: AIDecision -> ActionExecution
[CombatArena] Orc Brute moved from (-2.6066017, 0, 19.393398) to (-3.8933983, 0, 20.680195), distance: 1.8
[CombatArena] [STATE] ActionExecution -> AIDecision
[RealtimeAIController] State: ActionExecution -> AIDecision
[AutoBattlerManager] Action: enemy_orc_brute -> Move to (-3.8933983, 0, 20.680195) (OK)
[COMBAT_LOG] {"ts":1770378228137,"event":"DECISION","unit":"enemy_orc_brute","action":"Move","target":"(-3.5165043, 0, 21.057089)","score":0.6556947}
[RealtimeAIController] Orc Brute -> Move (#5) score:0.66
[CombatArena] ExecuteMovement: enemy_orc_brute -> (-3.5165043, 0, 21.057089)
[CombatArena] [STATE] AIDecision -> ActionExecution
[RealtimeAIController] State: AIDecision -> ActionExecution
[CombatArena] Orc Brute moved from (-3.8933983, 0, 20.680195) to (-3.5165043, 0, 21.057089), distance: 0.5
[CombatArena] [STATE] ActionExecution -> AIDecision
[RealtimeAIController] State: ActionExecution -> AIDecision
[AutoBattlerManager] Action: enemy_orc_brute -> Move to (-3.5165043, 0, 21.057089) (OK)
[COMBAT_LOG] {"ts":1770378228240,"event":"DECISION","unit":"enemy_orc_brute","action":"Move","target":"(-3.4061146, 0, 21.167479)","score":0.651693}
[RealtimeAIController] Orc Brute -> Move (#6) score:0.65
[CombatArena] ExecuteMovement: enemy_orc_brute -> (-3.4061146, 0, 21.167479)
[CombatArena] [STATE] AIDecision -> ActionExecution
[RealtimeAIController] State: AIDecision -> ActionExecution
[CombatArena] Orc Brute moved from (-3.5165043, 0, 21.057089) to (-3.4061146, 0, 21.167479), distance: 0.2
[CombatArena] [STATE] ActionExecution -> AIDecision
[RealtimeAIController] State: ActionExecution -> AIDecision
[AutoBattlerManager] Action: enemy_orc_brute -> Move to (-3.4061146, 0, 21.167479) (OK)
[COMBAT_LOG] {"ts":1770378228344,"event":"DECISION","unit":"enemy_orc_brute","action":"Move","target":"(-3.3737822, 0, 21.19981)","score":0.6571432}
[RealtimeAIController] Orc Brute -> Move (#7) score:0.66
[CombatArena] ExecuteMovement: enemy_orc_brute -> (-3.3737822, 0, 21.19981)
[CombatArena] [STATE] AIDecision -> ActionExecution
[RealtimeAIController] State: AIDecision -> ActionExecution
[CombatArena] Orc Brute moved from (-3.4061146, 0, 21.167479) to (-3.3737822, 0, 21.19981), distance: 0.0
[CombatArena] [STATE] ActionExecution -> AIDecision
[RealtimeAIController] State: ActionExecution -> AIDecision
[AutoBattlerManager] Action: enemy_orc_brute -> Move to (-3.3737822, 0, 21.19981) (OK)
[COMBAT_LOG] {"ts":1770378228447,"event":"DECISION","unit":"enemy_orc_brute","action":"Move","target":"(-3.3737822, 0, 21.20928)","score":0.6588894}
[RealtimeAIController] Orc Brute -> Move (#8) score:0.66
[CombatArena] ExecuteMovement: enemy_orc_brute -> (-3.3737822, 0, 21.20928)
[CombatArena] [STATE] AIDecision -> ActionExecution
[RealtimeAIController] State: AIDecision -> ActionExecution
[CombatArena] Orc Brute moved from (-3.3737822, 0, 21.19981) to (-3.3737822, 0, 21.20928), distance: 0.0
[CombatArena] [STATE] ActionExecution -> AIDecision
[RealtimeAIController] State: ActionExecution -> AIDecision
[AutoBattlerManager] Action: enemy_orc_brute -> Move to (-3.3737822, 0, 21.20928) (OK)
[COMBAT_LOG] {"ts":1770378228550,"event":"DECISION","unit":"enemy_orc_brute","action":"Move","target":"(-3.369047, 0, 21.20928)","score":0.65487266}
[RealtimeAIController] Orc Brute -> Move (#9) score:0.65
[CombatArena] ExecuteMovement: enemy_orc_brute -> (-3.369047, 0, 21.20928)
[CombatArena] [STATE] AIDecision -> ActionExecution
[RealtimeAIController] State: AIDecision -> ActionExecution
[CombatArena] Orc Brute moved from (-3.3737822, 0, 21.20928) to (-3.369047, 0, 21.20928), distance: 0.0
[CombatArena] [STATE] ActionExecution -> AIDecision
[RealtimeAIController] State: ActionExecution -> AIDecision
[AutoBattlerManager] Action: enemy_orc_brute -> Move to (-3.369047, 0, 21.20928) (OK)
[COMBAT_LOG] {"ts":1770378228653,"event":"DECISION","unit":"enemy_orc_brute","action":"Move","target":"(-3.369047, 0, 21.206913)","score":0.6518682}
[RealtimeAIController] Orc Brute -> Move (#10) score:0.65
[CombatArena] ExecuteMovement: enemy_orc_brute -> (-3.369047, 0, 21.206913)
[CombatArena] [STATE] AIDecision -> ActionExecution
[RealtimeAIController] State: AIDecision -> ActionExecution
[CombatArena] Orc Brute moved from (-3.369047, 0, 21.20928) to (-3.369047, 0, 21.206913), distance: 0.0
[CombatArena] [STATE] ActionExecution -> AIDecision
[RealtimeAIController] State: ActionExecution -> AIDecision
[AutoBattlerManager] Action: enemy_orc_brute -> Move to (-3.369047, 0, 21.206913) (OK)
[COMBAT_LOG] {"ts":1770378228757,"event":"DECISION","unit":"enemy_orc_brute","action":"Move","target":"(-3.369047, 0, 21.205729)","score":0.64785886}
[RealtimeAIController] Orc Brute -> Move (#11) score:0.65
[CombatArena] ExecuteMovement: enemy_orc_brute -> (-3.369047, 0, 21.205729)
[CombatArena] [STATE] AIDecision -> ActionExecution
[RealtimeAIController] State: AIDecision -> ActionExecution
[CombatArena] Orc Brute moved from (-3.369047, 0, 21.206913) to (-3.369047, 0, 21.205729), distance: 0.0
[CombatArena] [STATE] ActionExecution -> AIDecision
[RealtimeAIController] State: ActionExecution -> AIDecision
[AutoBattlerManager] Action: enemy_orc_brute -> Move to (-3.369047, 0, 21.205729) (OK)
[COMBAT_LOG] {"ts":1770378228860,"event":"DECISION","unit":"enemy_orc_brute","action":"Move","target":"(-3.369047, 0, 21.20632)","score":0.6535731}
[RealtimeAIController] Orc Brute -> Move (#12) score:0.65
[CombatArena] ExecuteMovement: enemy_orc_brute -> (-3.369047, 0, 21.20632)
[CombatArena] [STATE] AIDecision -> ActionExecution
[RealtimeAIController] State: AIDecision -> ActionExecution
[CombatArena] Orc Brute moved from (-3.369047, 0, 21.205729) to (-3.369047, 0, 21.20632), distance: 0.0
[CombatArena] [STATE] ActionExecution -> AIDecision
[RealtimeAIController] State: ActionExecution -> AIDecision
[AutoBattlerManager] Action: enemy_orc_brute -> Move to (-3.369047, 0, 21.20632) (OK)
[COMBAT_LOG] {"ts":1770378228963,"event":"DECISION","unit":"enemy_orc_brute","action":"Move","target":"(-3.369047, 0, 21.206024)","score":0.6589975}
[RealtimeAIController] Orc Brute -> Move (#13) score:0.66
[CombatArena] ExecuteMovement: enemy_orc_brute -> (-3.369047, 0, 21.206024)
[CombatArena] [STATE] AIDecision -> ActionExecution
[RealtimeAIController] State: AIDecision -> ActionExecution
[CombatArena] Orc Brute moved from (-3.369047, 0, 21.20632) to (-3.369047, 0, 21.206024), distance: 0.0
[CombatArena] [STATE] ActionExecution -> AIDecision
[RealtimeAIController] State: ActionExecution -> AIDecision
[AutoBattlerManager] Action: enemy_orc_brute -> Move to (-3.369047, 0, 21.206024) (OK)
[COMBAT_LOG] {"ts":1770378229066,"event":"DECISION","unit":"enemy_orc_brute","action":"Move","target":"(-3.3688984, 0, 21.205875)","score":0.6574009}
[RealtimeAIController] Orc Brute -> Move (#14) score:0.66
[CombatArena] ExecuteMovement: enemy_orc_brute -> (-3.3688984, 0, 21.205875)
[CombatArena] [STATE] AIDecision -> ActionExecution
[RealtimeAIController] State: AIDecision -> ActionExecution
[CombatArena] Orc Brute moved from (-3.369047, 0, 21.206024) to (-3.3688984, 0, 21.205875), distance: 0.0
[CombatArena] [STATE] ActionExecution -> AIDecision
[RealtimeAIController] State: ActionExecution -> AIDecision
[AutoBattlerManager] Action: enemy_orc_brute -> Move to (-3.3688984, 0, 21.205875) (OK)
[COMBAT_LOG] {"ts":1770378229170,"event":"DECISION","unit":"enemy_orc_brute","action":"Move","target":"(-3.3689418, 0, 21.205832)","score":0.6588722}
[RealtimeAIController] Orc Brute -> Move (#15) score:0.66
[CombatArena] ExecuteMovement: enemy_orc_brute -> (-3.3689418, 0, 21.205832)
[CombatArena] [STATE] AIDecision -> ActionExecution
[RealtimeAIController] State: AIDecision -> ActionExecution
[CombatArena] Orc Brute moved from (-3.3688984, 0, 21.205875) to (-3.3689418, 0, 21.205832), distance: 0.0
[CombatArena] [STATE] ActionExecution -> AIDecision
[RealtimeAIController] State: ActionExecution -> AIDecision
[AutoBattlerManager] Action: enemy_orc_brute -> Move to (-3.3689418, 0, 21.205832) (OK)
[COMBAT_LOG] {"ts":1770378229273,"event":"DECISION","unit":"enemy_orc_brute","action":"Move","target":"(-3.3689294, 0, 21.205832)","score":0.643935}
[RealtimeAIController] Orc Brute -> Move (#16) score:0.64
[CombatArena] ExecuteMovement: enemy_orc_brute -> (-3.3689294, 0, 21.205832)
[CombatArena] [STATE] AIDecision -> ActionExecution
[RealtimeAIController] State: AIDecision -> ActionExecution
[CombatArena] Orc Brute moved from (-3.3689418, 0, 21.205832) to (-3.3689294, 0, 21.205832), distance: 0.0
[CombatArena] [STATE] ActionExecution -> AIDecision
[RealtimeAIController] State: ActionExecution -> AIDecision
[AutoBattlerManager] Action: enemy_orc_brute -> Move to (-3.3689294, 0, 21.205832) (OK)
[COMBAT_LOG] {"ts":1770378229376,"event":"DECISION","unit":"enemy_orc_brute","action":"Move","target":"(-3.3689356, 0, 21.205837)","score":0.65980846}
[RealtimeAIController] Orc Brute -> Move (#17) score:0.66
[CombatArena] ExecuteMovement: enemy_orc_brute -> (-3.3689356, 0, 21.205837)
[CombatArena] [STATE] AIDecision -> ActionExecution
[RealtimeAIController] State: AIDecision -> ActionExecution
[CombatArena] Orc Brute moved from (-3.3689294, 0, 21.205832) to (-3.3689356, 0, 21.205837), distance: 0.0
[CombatArena] [STATE] ActionExecution -> AIDecision
[RealtimeAIController] State: ActionExecution -> AIDecision
[AutoBattlerManager] Action: enemy_orc_brute -> Move to (-3.3689356, 0, 21.205837) (OK)
[COMBAT_LOG] {"ts":1770378229479,"event":"DECISION","unit":"enemy_orc_brute","action":"Move","target":"(-3.3689377, 0, 21.205835)","score":0.65966886}
[RealtimeAIController] Orc Brute -> Move (#18) score:0.66
[CombatArena] ExecuteMovement: enemy_orc_brute -> (-3.3689377, 0, 21.205835)
[CombatArena] [STATE] AIDecision -> ActionExecution
[RealtimeAIController] State: AIDecision -> ActionExecution
[CombatArena] Orc Brute moved from (-3.3689356, 0, 21.205837) to (-3.3689377, 0, 21.205835), distance: 0.0
[CombatArena] [STATE] ActionExecution -> AIDecision
[RealtimeAIController] State: ActionExecution -> AIDecision
[AutoBattlerManager] Action: enemy_orc_brute -> Move to (-3.3689377, 0, 21.205835) (OK)
[COMBAT_LOG] {"ts":1770378229583,"event":"DECISION","unit":"enemy_orc_brute","action":"Move","target":"(-3.3689365, 0, 21.205835)","score":0.65658563}
[RealtimeAIController] Orc Brute -> Move (#19) score:0.66
[CombatArena] ExecuteMovement: enemy_orc_brute -> (-3.3689365, 0, 21.205835)
[CombatArena] [STATE] AIDecision -> ActionExecution
[RealtimeAIController] State: AIDecision -> ActionExecution
[CombatArena] Orc Brute moved from (-3.3689377, 0, 21.205835) to (-3.3689365, 0, 21.205835), distance: 0.0
[CombatArena] [STATE] ActionExecution -> AIDecision
[RealtimeAIController] State: ActionExecution -> AIDecision
[AutoBattlerManager] Action: enemy_orc_brute -> Move to (-3.3689365, 0, 21.205835) (OK)
[COMBAT_LOG] {"ts":1770378229686,"event":"DECISION","unit":"enemy_orc_brute","action":"EndTurn","score":0.10582524}
[RealtimeAIController] Orc Brute -> EndTurn (#20) score:0.11
[RealtimeAIController] Calling EndCurrentTurn()
[CombatArena] [STATE] AIDecision -> TurnEnd
[RealtimeAIController] State: AIDecision -> TurnEnd
[CombatArena] [TURN] Round 2, Cleric
[CombatArena] [STATE] TurnEnd -> TurnStart
[RealtimeAIController] State: TurnEnd -> TurnStart
[CombatArena] [STATE] TurnStart -> PlayerDecision
[RealtimeAIController] State: TurnStart -> PlayerDecision
[CombatArena] Camera focusing on Cleric via hooks
[CombatArena] SelectCombatant called: player_cleric
[CombatArena] Selected: player_cleric
[CombatArena] Turn started: Cleric (Player)
[COMBAT_LOG] {"ts":1770378229693,"event":"TURN_START","turn":15,"round":2,"unit":"player_cleric","unit_name":"Cleric","faction":"Player","hp":29,"max_hp":44,"ap":"Action | Bonus | Reaction | Move:30/30","pos":[9.606602,0,-16.180195]}
[RealtimeAIController] Turn started for Cleric
[COMBAT_LOG] {"ts":1770378229693,"event":"DECISION","unit":"player_cleric","action":"Attack","target":"enemy_orc_archer","score":2.095955}
[RealtimeAIController] Cleric -> Attack (#1) score:2.10
[CombatArena] ExecuteAbility: player_cleric -> basic_attack -> enemy_orc_archer
[CombatArena] [STATE] PlayerDecision -> ActionExecution
[RealtimeAIController] State: PlayerDecision -> ActionExecution
[CombatArena] Cleric used basic_attack on Orc Archer: damage:6
[CombatArena] ClearSelection called
[AutoBattlerManager] Action: player_cleric -> Attack:basic_attack->enemy_orc_archer (OK)
[CombatArena] [STATE] ActionExecution -> PlayerDecision
[RealtimeAIController] State: ActionExecution -> PlayerDecision
[COMBAT_LOG] {"ts":1770378230394,"event":"DECISION","unit":"player_cleric","action":"Move","target":"(-20.393398, 0, -16.180195)","score":0.65634626}
[RealtimeAIController] Cleric -> Move (#2) score:0.66
[CombatArena] ExecuteMovement: player_cleric -> (-20.393398, 0, -16.180195)
[CombatArena] [STATE] PlayerDecision -> ActionExecution
[RealtimeAIController] State: PlayerDecision -> ActionExecution
[CombatArena] Cleric moved from (9.606602, 0, -16.180195) to (-20.393398, 0, -16.180195), distance: 30.0
[CombatArena] [STATE] ActionExecution -> PlayerDecision
[RealtimeAIController] State: ActionExecution -> PlayerDecision
[AutoBattlerManager] Action: player_cleric -> Move to (-20.393398, 0, -16.180195) (OK)
[COMBAT_LOG] {"ts":1770378230498,"event":"DECISION","unit":"player_cleric","action":"EndTurn","score":0.10600803}
[RealtimeAIController] Cleric -> EndTurn (#3) score:0.11
[RealtimeAIController] Calling EndCurrentTurn()
[CombatArena] [STATE] PlayerDecision -> TurnEnd
[RealtimeAIController] State: PlayerDecision -> TurnEnd
[CombatArena] [TURN] Round 3, Rogue
[CombatArena] [STATE] TurnEnd -> RoundEnd
[RealtimeAIController] State: TurnEnd -> RoundEnd
[CombatArena] [STATE] RoundEnd -> TurnStart
[RealtimeAIController] State: RoundEnd -> TurnStart
[CombatArena] Round 3: Reset reactions for all combatants
[CombatArena] [STATE] TurnStart -> PlayerDecision
[RealtimeAIController] State: TurnStart -> PlayerDecision
[CombatArena] Camera focusing on Rogue via hooks
[CombatArena] SelectCombatant called: player_rogue
[CombatArena] Selected: player_rogue
[CombatArena] Turn started: Rogue (Player)
[COMBAT_LOG] {"ts":1770378230505,"event":"TURN_START","turn":16,"round":3,"unit":"player_rogue","unit_name":"Rogue","faction":"Player","hp":36,"max_hp":36,"ap":"Action | Bonus | Reaction | Move:30/30","pos":[2,0,-2]}
[RealtimeAIController] Turn started for Rogue
[COMBAT_LOG] {"ts":1770378230505,"event":"DECISION","unit":"player_rogue","action":"Attack","target":"enemy_orc_archer","score":7.5025663}
[RealtimeAIController] Rogue -> Attack (#1) score:7.50
[CombatArena] ExecuteAbility: player_rogue -> basic_attack -> enemy_orc_archer
[CombatArena] [STATE] PlayerDecision -> ActionExecution
[RealtimeAIController] State: PlayerDecision -> ActionExecution
[CombatArena] Rogue used basic_attack on Orc Archer: damage:9
[CombatArena] ClearSelection called
[AutoBattlerManager] Action: player_rogue -> Attack:basic_attack->enemy_orc_archer (OK)
[CombatArena] [STATE] ActionExecution -> PlayerDecision
[RealtimeAIController] State: ActionExecution -> PlayerDecision
[COMBAT_LOG] {"ts":1770378231206,"event":"DECISION","unit":"player_rogue","action":"Move","target":"(2, 0, 13)","score":0.6578862}
[RealtimeAIController] Rogue -> Move (#2) score:0.66
[CombatArena] ExecuteMovement: player_rogue -> (2, 0, 13)
[CombatArena] [STATE] PlayerDecision -> ActionExecution
[RealtimeAIController] State: PlayerDecision -> ActionExecution
[CombatArena] Rogue moved from (2, 0, -2) to (2, 0, 13), distance: 15.0
[CombatArena] [STATE] ActionExecution -> PlayerDecision
[RealtimeAIController] State: ActionExecution -> PlayerDecision
[AutoBattlerManager] Action: player_rogue -> Move to (2, 0, 13) (OK)
[COMBAT_LOG] {"ts":1770378231309,"event":"DECISION","unit":"player_rogue","action":"Move","target":"(9.5, 0, 5.5)","score":1.3175497}
[RealtimeAIController] Rogue -> Move (#3) score:1.32
[CombatArena] ExecuteMovement: player_rogue -> (9.5, 0, 5.5)
[CombatArena] [STATE] PlayerDecision -> ActionExecution
[RealtimeAIController] State: PlayerDecision -> ActionExecution
[CombatArena] Rogue moved from (2, 0, 13) to (9.5, 0, 5.5), distance: 10.6
[CombatArena] [STATE] ActionExecution -> PlayerDecision
[RealtimeAIController] State: ActionExecution -> PlayerDecision
[AutoBattlerManager] Action: player_rogue -> Move to (9.5, 0, 5.5) (OK)
[COMBAT_LOG] {"ts":1770378231413,"event":"DECISION","unit":"player_rogue","action":"Move","target":"(9.5, 0, 9.893398)","score":1.3098845}
[RealtimeAIController] Rogue -> Move (#4) score:1.31
[CombatArena] ExecuteMovement: player_rogue -> (9.5, 0, 9.893398)
[CombatArena] [STATE] PlayerDecision -> ActionExecution
[RealtimeAIController] State: PlayerDecision -> ActionExecution
[CombatArena] Rogue moved from (9.5, 0, 5.5) to (9.5, 0, 9.893398), distance: 4.4
[CombatArena] [STATE] ActionExecution -> PlayerDecision
[RealtimeAIController] State: ActionExecution -> PlayerDecision
[AutoBattlerManager] Action: player_rogue -> Move to (9.5, 0, 9.893398) (OK)
[COMBAT_LOG] {"ts":1770378231515,"event":"DECISION","unit":"player_rogue","action":"EndTurn","score":0.10546352}
[RealtimeAIController] Rogue -> EndTurn (#5) score:0.11
[RealtimeAIController] Calling EndCurrentTurn()
[CombatArena] [STATE] PlayerDecision -> TurnEnd
[RealtimeAIController] State: PlayerDecision -> TurnEnd
[CombatArena] [TURN] Round 3, Goblin Skirmisher
[CombatArena] [STATE] TurnEnd -> TurnStart
[RealtimeAIController] State: TurnEnd -> TurnStart
[CombatArena] [STATE] TurnStart -> AIDecision
[RealtimeAIController] State: TurnStart -> AIDecision
[CombatArena] Camera focusing on Goblin Skirmisher via hooks
[CombatArena] SelectCombatant called: enemy_goblin
[CombatArena] Selected: enemy_goblin
[CombatArena] Turn started: Goblin Skirmisher (AI)
[COMBAT_LOG] {"ts":1770378231522,"event":"TURN_START","turn":17,"round":3,"unit":"enemy_goblin","unit_name":"Goblin Skirmisher","faction":"Hostile","hp":22,"max_hp":22,"ap":"Action | Bonus | Reaction | Move:30/30","pos":[8.819805,0,7.3933983]}
[RealtimeAIController] Turn started for Goblin Skirmisher
[COMBAT_LOG] {"ts":1770378231522,"event":"DECISION","unit":"enemy_goblin","action":"Attack","target":"player_fighter","score":1.0306714}
[RealtimeAIController] Goblin Skirmisher -> Attack (#1) score:1.03
[CombatArena] ExecuteAbility: enemy_goblin -> basic_attack -> player_fighter
[CombatArena] [STATE] AIDecision -> ActionExecution
[RealtimeAIController] State: AIDecision -> ActionExecution
[CombatArena] Goblin Skirmisher used basic_attack on Fighter: damage:10
[CombatArena] ClearSelection called
[AutoBattlerManager] Action: enemy_goblin -> Attack:basic_attack->player_fighter (OK)
[CombatArena] [STATE] ActionExecution -> AIDecision
[RealtimeAIController] State: ActionExecution -> AIDecision
[COMBAT_LOG] {"ts":1770378232223,"event":"DECISION","unit":"enemy_goblin","action":"Move","target":"(-6.180195, 0, 7.3933983)","score":0.6560915}
[RealtimeAIController] Goblin Skirmisher -> Move (#2) score:0.66
[CombatArena] ExecuteMovement: enemy_goblin -> (-6.180195, 0, 7.3933983)
[CombatArena] [STATE] AIDecision -> ActionExecution
[RealtimeAIController] State: AIDecision -> ActionExecution
[CombatArena] Goblin Skirmisher moved from (8.819805, 0, 7.3933983) to (-6.180195, 0, 7.3933983), distance: 15.0
[CombatArena] [STATE] ActionExecution -> AIDecision
[RealtimeAIController] State: ActionExecution -> AIDecision
[AutoBattlerManager] Action: enemy_goblin -> Move to (-6.180195, 0, 7.3933983) (OK)
[COMBAT_LOG] {"ts":1770378232327,"event":"DECISION","unit":"enemy_goblin","action":"Move","target":"(8.819805, 0, 7.3933983)","score":1.2284276}
[RealtimeAIController] Goblin Skirmisher -> Move (#3) score:1.23
[CombatArena] ExecuteMovement: enemy_goblin -> (8.819805, 0, 7.3933983)
[CombatArena] [STATE] AIDecision -> ActionExecution
[RealtimeAIController] State: AIDecision -> ActionExecution
[CombatArena] Goblin Skirmisher moved from (-6.180195, 0, 7.3933983) to (8.819805, 0, 7.3933983), distance: 15.0
[CombatArena] [STATE] ActionExecution -> AIDecision
[RealtimeAIController] State: ActionExecution -> AIDecision
[AutoBattlerManager] Action: enemy_goblin -> Move to (8.819805, 0, 7.3933983) (OK)
[COMBAT_LOG] {"ts":1770378232429,"event":"DECISION","unit":"enemy_goblin","action":"EndTurn","score":0.10167763}
[RealtimeAIController] Goblin Skirmisher -> EndTurn (#4) score:0.10
[RealtimeAIController] Calling EndCurrentTurn()
[CombatArena] [STATE] AIDecision -> TurnEnd
[RealtimeAIController] State: AIDecision -> TurnEnd
[CombatArena] [TURN] Round 3, Fighter
[CombatArena] [STATE] TurnEnd -> TurnStart
[RealtimeAIController] State: TurnEnd -> TurnStart
[CombatArena] [STATE] TurnStart -> PlayerDecision
[RealtimeAIController] State: TurnStart -> PlayerDecision
[CombatArena] Camera focusing on Fighter via hooks
[CombatArena] SelectCombatant called: player_fighter
[CombatArena] Selected: player_fighter
[CombatArena] Turn started: Fighter (Player)
[COMBAT_LOG] {"ts":1770378232436,"event":"TURN_START","turn":18,"round":3,"unit":"player_fighter","unit_name":"Fighter","faction":"Player","hp":42,"max_hp":52,"ap":"Action | Bonus | Reaction | Move:30/30","pos":[10.606602,0,8.033009]}
[RealtimeAIController] Turn started for Fighter
[COMBAT_LOG] {"ts":1770378232436,"event":"DECISION","unit":"player_fighter","action":"Move","target":"(-4.3933983, 0, 23.033009)","score":1.2158924}
[RealtimeAIController] Fighter -> Move (#1) score:1.22
[CombatArena] ExecuteMovement: player_fighter -> (-4.3933983, 0, 23.033009)
[CombatArena] [STATE] PlayerDecision -> ActionExecution
[RealtimeAIController] State: PlayerDecision -> ActionExecution
[CombatArena] Fighter moved from (10.606602, 0, 8.033009) to (-4.3933983, 0, 23.033009), distance: 21.2
[CombatArena] [STATE] ActionExecution -> PlayerDecision
[RealtimeAIController] State: ActionExecution -> PlayerDecision
[AutoBattlerManager] Action: player_fighter -> Move to (-4.3933983, 0, 23.033009) (OK)
[COMBAT_LOG] {"ts":1770378232539,"event":"DECISION","unit":"player_fighter","action":"Move","target":"(-4.3933983, 0, 18.63961)","score":1.2591681}
[RealtimeAIController] Fighter -> Move (#2) score:1.26
[CombatArena] ExecuteMovement: player_fighter -> (-4.3933983, 0, 18.63961)
[CombatArena] [STATE] PlayerDecision -> ActionExecution
[RealtimeAIController] State: PlayerDecision -> ActionExecution
[CombatArena] Fighter moved from (-4.3933983, 0, 23.033009) to (-4.3933983, 0, 18.63961), distance: 4.4
[CombatArena] [STATE] ActionExecution -> PlayerDecision
[RealtimeAIController] State: ActionExecution -> PlayerDecision
[AutoBattlerManager] Action: player_fighter -> Move to (-4.3933983, 0, 18.63961) (OK)
[COMBAT_LOG] {"ts":1770378232642,"event":"DECISION","unit":"player_fighter","action":"Move","target":"(-4.3933983, 0, 20.83631)","score":1.3096323}
[RealtimeAIController] Fighter -> Move (#3) score:1.31
[CombatArena] ExecuteMovement: player_fighter -> (-4.3933983, 0, 20.83631)
[CombatArena] [STATE] PlayerDecision -> ActionExecution
[RealtimeAIController] State: PlayerDecision -> ActionExecution
[CombatArena] Fighter moved from (-4.3933983, 0, 18.63961) to (-4.3933983, 0, 20.83631), distance: 2.2
[CombatArena] [STATE] ActionExecution -> PlayerDecision
[RealtimeAIController] State: ActionExecution -> PlayerDecision
[AutoBattlerManager] Action: player_fighter -> Move to (-4.3933983, 0, 20.83631) (OK)
[COMBAT_LOG] {"ts":1770378232746,"event":"DECISION","unit":"player_fighter","action":"Move","target":"(-4.3933983, 0, 23.033009)","score":1.270267}
[RealtimeAIController] Fighter -> Move (#4) score:1.27
[CombatArena] ExecuteMovement: player_fighter -> (-4.3933983, 0, 23.033009)
[CombatArena] [STATE] PlayerDecision -> ActionExecution
[RealtimeAIController] State: PlayerDecision -> ActionExecution
[CombatArena] Fighter moved from (-4.3933983, 0, 20.83631) to (-4.3933983, 0, 23.033009), distance: 2.2
[CombatArena] [STATE] ActionExecution -> PlayerDecision
[RealtimeAIController] State: ActionExecution -> PlayerDecision
[AutoBattlerManager] Action: player_fighter -> Move to (-4.3933983, 0, 23.033009) (OK)
[COMBAT_LOG] {"ts":1770378232848,"event":"DECISION","unit":"player_fighter","action":"Dash","score":3.2954674}
[RealtimeAIController] Fighter -> Dash (#5) score:3.30
[AutoBattlerManager] Action: player_fighter -> Dash (OK)
[COMBAT_LOG] {"ts":1770378232952,"event":"DECISION","unit":"player_fighter","action":"Move","target":"(10.606602, 0, 8.033009)","score":1.3087618}
[RealtimeAIController] Fighter -> Move (#6) score:1.31
[CombatArena] ExecuteMovement: player_fighter -> (10.606602, 0, 8.033009)
[CombatArena] [STATE] PlayerDecision -> ActionExecution
[RealtimeAIController] State: PlayerDecision -> ActionExecution
[CombatArena] Fighter moved from (-4.3933983, 0, 23.033009) to (10.606602, 0, 8.033009), distance: 21.2
[CombatArena] [STATE] ActionExecution -> PlayerDecision
[RealtimeAIController] State: ActionExecution -> PlayerDecision
[AutoBattlerManager] Action: player_fighter -> Move to (10.606602, 0, 8.033009) (OK)
[COMBAT_LOG] {"ts":1770378233055,"event":"DECISION","unit":"player_fighter","action":"Move","target":"(6.2132034, 0, 8.033009)","score":1.2773248}
[RealtimeAIController] Fighter -> Move (#7) score:1.28
[CombatArena] ExecuteMovement: player_fighter -> (6.2132034, 0, 8.033009)
[CombatArena] [STATE] PlayerDecision -> ActionExecution
[RealtimeAIController] State: PlayerDecision -> ActionExecution
[CombatArena] Fighter moved from (10.606602, 0, 8.033009) to (6.2132034, 0, 8.033009), distance: 4.4
[CombatArena] [STATE] ActionExecution -> PlayerDecision
[RealtimeAIController] State: ActionExecution -> PlayerDecision
[AutoBattlerManager] Action: player_fighter -> Move to (6.2132034, 0, 8.033009) (OK)
[COMBAT_LOG] {"ts":1770378233158,"event":"DECISION","unit":"player_fighter","action":"Move","target":"(8.409903, 0, 10.229708)","score":1.2798221}
[RealtimeAIController] Fighter -> Move (#8) score:1.28
[CombatArena] ExecuteMovement: player_fighter -> (8.409903, 0, 10.229708)
[CombatArena] [STATE] PlayerDecision -> ActionExecution
[RealtimeAIController] State: PlayerDecision -> ActionExecution
[CombatArena] Fighter moved from (6.2132034, 0, 8.033009) to (8.409903, 0, 10.229708), distance: 3.1
[CombatArena] [STATE] ActionExecution -> PlayerDecision
[RealtimeAIController] State: ActionExecution -> PlayerDecision
[AutoBattlerManager] Action: player_fighter -> Move to (8.409903, 0, 10.229708) (OK)
[COMBAT_LOG] {"ts":1770378233261,"event":"DECISION","unit":"player_fighter","action":"Move","target":"(8.409903, 0, 9.586309)","score":1.3119178}
[RealtimeAIController] Fighter -> Move (#9) score:1.31
[CombatArena] ExecuteMovement: player_fighter -> (8.409903, 0, 9.586309)
[CombatArena] [STATE] PlayerDecision -> ActionExecution
[RealtimeAIController] State: PlayerDecision -> ActionExecution
[CombatArena] Fighter moved from (8.409903, 0, 10.229708) to (8.409903, 0, 9.586309), distance: 0.6
[CombatArena] [STATE] ActionExecution -> PlayerDecision
[RealtimeAIController] State: ActionExecution -> PlayerDecision
[AutoBattlerManager] Action: player_fighter -> Move to (8.409903, 0, 9.586309) (OK)
[COMBAT_LOG] {"ts":1770378233364,"event":"DECISION","unit":"player_fighter","action":"Move","target":"(8.088203, 0, 9.908009)","score":1.3116914}
[RealtimeAIController] Fighter -> Move (#10) score:1.31
[CombatArena] ExecuteMovement: player_fighter -> (8.088203, 0, 9.908009)
[CombatArena] [STATE] PlayerDecision -> ActionExecution
[RealtimeAIController] State: PlayerDecision -> ActionExecution
[CombatArena] Fighter moved from (8.409903, 0, 9.586309) to (8.088203, 0, 9.908009), distance: 0.5
[CombatArena] [STATE] ActionExecution -> PlayerDecision
[RealtimeAIController] State: ActionExecution -> PlayerDecision
[AutoBattlerManager] Action: player_fighter -> Move to (8.088203, 0, 9.908009) (OK)
[COMBAT_LOG] {"ts":1770378233467,"event":"DECISION","unit":"player_fighter","action":"Move","target":"(8.088203, 0, 9.813786)","score":1.2968383}
[RealtimeAIController] Fighter -> Move (#11) score:1.30
[CombatArena] ExecuteMovement: player_fighter -> (8.088203, 0, 9.813786)
[CombatArena] [STATE] PlayerDecision -> ActionExecution
[RealtimeAIController] State: PlayerDecision -> ActionExecution
[CombatArena] Fighter moved from (8.088203, 0, 9.908009) to (8.088203, 0, 9.813786), distance: 0.1
[CombatArena] [STATE] ActionExecution -> PlayerDecision
[RealtimeAIController] State: ActionExecution -> PlayerDecision
[AutoBattlerManager] Action: player_fighter -> Move to (8.088203, 0, 9.813786) (OK)
[COMBAT_LOG] {"ts":1770378233570,"event":"DECISION","unit":"player_fighter","action":"Move","target":"(8.088203, 0, 9.860897)","score":1.3003439}
[RealtimeAIController] Fighter -> Move (#12) score:1.30
[CombatArena] ExecuteMovement: player_fighter -> (8.088203, 0, 9.860897)
[CombatArena] [STATE] PlayerDecision -> ActionExecution
[RealtimeAIController] State: PlayerDecision -> ActionExecution
[CombatArena] Fighter moved from (8.088203, 0, 9.813786) to (8.088203, 0, 9.860897), distance: 0.0
[CombatArena] [STATE] ActionExecution -> PlayerDecision
[RealtimeAIController] State: ActionExecution -> PlayerDecision
[AutoBattlerManager] Action: player_fighter -> Move to (8.088203, 0, 9.860897) (OK)
[COMBAT_LOG] {"ts":1770378233673,"event":"DECISION","unit":"player_fighter","action":"Move","target":"(8.111759, 0, 9.860897)","score":1.3044741}
[RealtimeAIController] Fighter -> Move (#13) score:1.30
[CombatArena] ExecuteMovement: player_fighter -> (8.111759, 0, 9.860897)
[CombatArena] [STATE] PlayerDecision -> ActionExecution
[RealtimeAIController] State: PlayerDecision -> ActionExecution
[CombatArena] Fighter moved from (8.088203, 0, 9.860897) to (8.111759, 0, 9.860897), distance: 0.0
[CombatArena] [STATE] ActionExecution -> PlayerDecision
[RealtimeAIController] State: ActionExecution -> PlayerDecision
[AutoBattlerManager] Action: player_fighter -> Move to (8.111759, 0, 9.860897) (OK)
[COMBAT_LOG] {"ts":1770378233776,"event":"DECISION","unit":"player_fighter","action":"Move","target":"(8.123537, 0, 9.860897)","score":1.3136709}
[RealtimeAIController] Fighter -> Move (#14) score:1.31
[CombatArena] ExecuteMovement: player_fighter -> (8.123537, 0, 9.860897)
[CombatArena] [STATE] PlayerDecision -> ActionExecution
[RealtimeAIController] State: PlayerDecision -> ActionExecution
[CombatArena] Fighter moved from (8.111759, 0, 9.860897) to (8.123537, 0, 9.860897), distance: 0.0
[CombatArena] [STATE] ActionExecution -> PlayerDecision
[RealtimeAIController] State: ActionExecution -> PlayerDecision
[AutoBattlerManager] Action: player_fighter -> Move to (8.123537, 0, 9.860897) (OK)
[COMBAT_LOG] {"ts":1770378233879,"event":"DECISION","unit":"player_fighter","action":"Move","target":"(8.117647, 0, 9.855007)","score":1.3030475}
[RealtimeAIController] Fighter -> Move (#15) score:1.30
[CombatArena] ExecuteMovement: player_fighter -> (8.117647, 0, 9.855007)
[CombatArena] [STATE] PlayerDecision -> ActionExecution
[RealtimeAIController] State: PlayerDecision -> ActionExecution
[CombatArena] Fighter moved from (8.123537, 0, 9.860897) to (8.117647, 0, 9.855007), distance: 0.0
[CombatArena] [STATE] ActionExecution -> PlayerDecision
[RealtimeAIController] State: ActionExecution -> PlayerDecision
[AutoBattlerManager] Action: player_fighter -> Move to (8.117647, 0, 9.855007) (OK)
[COMBAT_LOG] {"ts":1770378233982,"event":"DECISION","unit":"player_fighter","action":"Move","target":"(8.119371, 0, 9.856731)","score":1.3190166}
[RealtimeAIController] Fighter -> Move (#16) score:1.32
[CombatArena] ExecuteMovement: player_fighter -> (8.119371, 0, 9.856731)
[CombatArena] [STATE] PlayerDecision -> ActionExecution
[RealtimeAIController] State: PlayerDecision -> ActionExecution
[CombatArena] Fighter moved from (8.117647, 0, 9.855007) to (8.119371, 0, 9.856731), distance: 0.0
[CombatArena] [STATE] ActionExecution -> PlayerDecision
[RealtimeAIController] State: ActionExecution -> PlayerDecision
[AutoBattlerManager] Action: player_fighter -> Move to (8.119371, 0, 9.856731) (OK)
[COMBAT_LOG] {"ts":1770378234085,"event":"DECISION","unit":"player_fighter","action":"Move","target":"(8.119877, 0, 9.856226)","score":1.3119549}
[RealtimeAIController] Fighter -> Move (#17) score:1.31
[CombatArena] ExecuteMovement: player_fighter -> (8.119877, 0, 9.856226)
[CombatArena] [STATE] PlayerDecision -> ActionExecution
[RealtimeAIController] State: PlayerDecision -> ActionExecution
[CombatArena] Fighter moved from (8.119371, 0, 9.856731) to (8.119877, 0, 9.856226), distance: 0.0
[CombatArena] [STATE] ActionExecution -> PlayerDecision
[RealtimeAIController] State: ActionExecution -> PlayerDecision
[AutoBattlerManager] Action: player_fighter -> Move to (8.119877, 0, 9.856226) (OK)
[COMBAT_LOG] {"ts":1770378234188,"event":"DECISION","unit":"player_fighter","action":"Move","target":"(8.120025, 0, 9.856226)","score":1.3174405}
[RealtimeAIController] Fighter -> Move (#18) score:1.32
[CombatArena] ExecuteMovement: player_fighter -> (8.120025, 0, 9.856226)
[CombatArena] [STATE] PlayerDecision -> ActionExecution
[RealtimeAIController] State: PlayerDecision -> ActionExecution
[CombatArena] Fighter moved from (8.119877, 0, 9.856226) to (8.120025, 0, 9.856226), distance: 0.0
[CombatArena] [STATE] ActionExecution -> PlayerDecision
[RealtimeAIController] State: ActionExecution -> PlayerDecision
[AutoBattlerManager] Action: player_fighter -> Move to (8.120025, 0, 9.856226) (OK)
[COMBAT_LOG] {"ts":1770378234291,"event":"DECISION","unit":"player_fighter","action":"Move","target":"(8.1201725, 0, 9.856226)","score":1.3095644}
[RealtimeAIController] Fighter -> Move (#19) score:1.31
[CombatArena] ExecuteMovement: player_fighter -> (8.1201725, 0, 9.856226)
[CombatArena] [STATE] PlayerDecision -> ActionExecution
[RealtimeAIController] State: PlayerDecision -> ActionExecution
[CombatArena] Fighter moved from (8.120025, 0, 9.856226) to (8.1201725, 0, 9.856226), distance: 0.0
[CombatArena] [STATE] ActionExecution -> PlayerDecision
[RealtimeAIController] State: ActionExecution -> PlayerDecision
[AutoBattlerManager] Action: player_fighter -> Move to (8.1201725, 0, 9.856226) (OK)
[COMBAT_LOG] {"ts":1770378234393,"event":"DECISION","unit":"player_fighter","action":"EndTurn","score":0.103932425}
[RealtimeAIController] Fighter -> EndTurn (#20) score:0.10
[RealtimeAIController] Calling EndCurrentTurn()
[CombatArena] [STATE] PlayerDecision -> TurnEnd
[RealtimeAIController] State: PlayerDecision -> TurnEnd
[CombatArena] [TURN] Round 3, Goblin Shaman
[CombatArena] [STATE] TurnEnd -> TurnStart
[RealtimeAIController] State: TurnEnd -> TurnStart
[CombatArena] [STATE] TurnStart -> AIDecision
[RealtimeAIController] State: TurnStart -> AIDecision
[CombatArena] Camera focusing on Goblin Shaman via hooks
[CombatArena] SelectCombatant called: enemy_shaman
[CombatArena] Selected: enemy_shaman
[CombatArena] Turn started: Goblin Shaman (AI)
[COMBAT_LOG] {"ts":1770378234400,"event":"TURN_START","turn":19,"round":3,"unit":"enemy_shaman","unit_name":"Goblin Shaman","faction":"Hostile","hp":28,"max_hp":28,"ap":"Action | Bonus | Reaction | Move:30/30","pos":[0.94670105,0,2.75]}
[RealtimeAIController] Turn started for Goblin Shaman
[COMBAT_LOG] {"ts":1770378234400,"event":"DECISION","unit":"enemy_shaman","action":"Attack","target":"player_fighter","score":1.0510813}
[RealtimeAIController] Goblin Shaman -> Attack (#1) score:1.05
[CombatArena] ExecuteAbility: enemy_shaman -> basic_attack -> player_fighter
[CombatArena] [STATE] AIDecision -> ActionExecution
[RealtimeAIController] State: AIDecision -> ActionExecution
[CombatArena] Goblin Shaman used basic_attack on Fighter: damage:6
[CombatArena] ClearSelection called
[AutoBattlerManager] Action: enemy_shaman -> Attack:basic_attack->player_fighter (OK)
[CombatArena] [STATE] ActionExecution -> AIDecision
[RealtimeAIController] State: ActionExecution -> AIDecision
[COMBAT_LOG] {"ts":1770378235099,"event":"DECISION","unit":"enemy_shaman","action":"Move","target":"(0.94670105, 0, -27.25)","score":0.65788996}
[RealtimeAIController] Goblin Shaman -> Move (#2) score:0.66
[CombatArena] ExecuteMovement: enemy_shaman -> (0.94670105, 0, -27.25)
[CombatArena] [STATE] AIDecision -> ActionExecution
[RealtimeAIController] State: AIDecision -> ActionExecution
[CombatArena] Goblin Shaman moved from (0.94670105, 0, 2.75) to (0.94670105, 0, -27.25), distance: 30.0
[CombatArena] [STATE] ActionExecution -> AIDecision
[RealtimeAIController] State: ActionExecution -> AIDecision
[AutoBattlerManager] Action: enemy_shaman -> Move to (0.94670105, 0, -27.25) (OK)
[COMBAT_LOG] {"ts":1770378235202,"event":"DECISION","unit":"enemy_shaman","action":"EndTurn","score":0.10322928}
[RealtimeAIController] Goblin Shaman -> EndTurn (#3) score:0.10
[RealtimeAIController] Calling EndCurrentTurn()
[CombatArena] [STATE] AIDecision -> TurnEnd
[RealtimeAIController] State: AIDecision -> TurnEnd
[CombatArena] [TURN] Round 3, Orc Brute
[CombatArena] [STATE] TurnEnd -> TurnStart
[RealtimeAIController] State: TurnEnd -> TurnStart
[CombatArena] [STATE] TurnStart -> AIDecision
[RealtimeAIController] State: TurnStart -> AIDecision
[CombatArena] Camera focusing on Orc Brute via hooks
[CombatArena] SelectCombatant called: enemy_orc_brute
[CombatArena] Selected: enemy_orc_brute
[CombatArena] Turn started: Orc Brute (AI)
[COMBAT_LOG] {"ts":1770378235209,"event":"TURN_START","turn":20,"round":3,"unit":"enemy_orc_brute","unit_name":"Orc Brute","faction":"Hostile","hp":42,"max_hp":48,"ap":"Action | Bonus | Reaction | Move:30/30","pos":[-3.3689365,0,21.205835]}
[AutoBattlerManager] Turn limit reached (20)
[AutoBattleWatchdog] Monitoring STOPPED
[RealtimeAIController] Processing DISABLED
[COMBAT_LOG] {"ts":1770378235211,"event":"BATTLE_END","winner":"Draw (timeout)","total_turns":20,"total_rounds":3,"duration_ms":19597}

â•”â•â•â•â•â•â•â•â•â•â•â•â•â•â•â•â•â•â•â•â•â•â•â•â•â•â•â•â•â•â•â•â•â•â•â•â•â•â•â•â•â•â•â•â•â•â•â•â•â•â•â•â•—
â•‘             AUTO-BATTLE RESULTS                   â•‘
â•šâ•â•â•â•â•â•â•â•â•â•â•â•â•â•â•â•â•â•â•â•â•â•â•â•â•â•â•â•â•â•â•â•â•â•â•â•â•â•â•â•â•â•â•â•â•â•â•â•â•â•â•â•

  Winner:       Draw (timeout)
  Total Turns:  20
  Total Rounds: 3
  Duration:     19597ms
  Completed:    False
  End Reason:   max_turns_exceeded
  Seed:         3007

  Surviving Units:
    - Fighter (player_fighter) HP:36/52
    - Cleric (player_cleric) HP:29/44
    - Rogue (player_rogue) HP:36/36
    - Orc Brute (enemy_orc_brute) HP:42/48
    - Goblin Skirmisher (enemy_goblin) HP:22/22
    - Goblin Shaman (enemy_shaman) HP:28/28

AUTO-BATTLE: FAILED (max_turns_exceeded)
[RealtimeAIController] Turn started for Orc Brute
[RealtimeAIController] Orc Brute -> Move (#1) score:1.32
[CombatArena] ExecuteMovement: enemy_orc_brute -> (11.631063, 0, 6.2058353)
[CombatArena] [STATE] AIDecision -> ActionExecution
[RealtimeAIController] State: AIDecision -> ActionExecution
[CombatArena] Orc Brute moved from (-3.3689365, 0, 21.205835) to (11.631063, 0, 6.2058353), distance: 21.2
[CombatArena] [STATE] ActionExecution -> AIDecision
[RealtimeAIController] State: ActionExecution -> AIDecision
[AutoBattlerManager] Action: enemy_orc_brute -> Move to (11.631063, 0, 6.2058353) (OK)
