[0;32m[INFO][0m Using Godot: godot
[0;32m[INFO][0m Project dir: /home/martin/repos/qdnd
[0;32m[INFO][0m Running auto-battle...
[0;36mâ•â•â•â•â•â•â•â•â•â•â•â•â•â•â•â•â•â•â•â•â•â•â•â•â•â•â•â•â•â•â•â•â•â•â•â•â•â•â•â•â•â•â•â•â•â•â•â•â•â•â•[0m
Godot Engine v4.6.stable.mono.official.89cea1439 - https://godotengine.org

[CLIEntryPoint] Raw args: res://Tools/CLIRunner.tscn
[CLIEntryPoint] User args: --run-autobattle --seed 3003 --freeze-timeout 10 --loop-threshold 20 --max-turns 20 --log-file artifacts/autobattle/stress4/seed_3003.jsonl
[CLIEntryPoint] Parsed args: run-autobattle=true, seed=3003, freeze-timeout=10, loop-threshold=20, max-turns=20, log-file=artifacts/autobattle/stress4/seed_3003.jsonl
[CLIEntryPoint] Checking modes: run-tests=False, run-simulation=False, run-autobattle=True
=== IN-ENGINE AUTO-BATTLE RUN ===
Timestamp: 2026-02-06T11:42:34.2891636Z
NOTE: Running the REAL CombatArena.tscn scene with AI control.

Seed: 3003
Scenario: res://Data/Scenarios/autobattle_4v4.json
Log file: artifacts/autobattle/stress4/seed_3003.jsonl
Max rounds: 100
Max turns: 20
Watchdog freeze timeout: 10s
Watchdog loop threshold: 20

[AutoBattlerManager] === STARTING IN-ENGINE AUTO-BATTLE ===
[AutoBattlerManager] Seed: 3003
[AutoBattlerManager] Scenario: res://Data/Scenarios/autobattle_4v4.json
[AutoBattlerManager] Loading scene: res://Combat/Arena/CombatArena.tscn
[CombatArena] === COMBAT ARENA INITIALIZING ===
[CombatArena] Ground collision plane created (100x100m at Y=0)
[CombatArena] CombatContext created
[CombatContext] Registered service: CombatStateMachine
[CombatContext] Registered service: TurnQueueService
[CombatContext] Registered service: CommandService
[CombatContext] Registered service: CombatLog
[CombatContext] Registered service: ScenarioLoader
[Registry] Loaded from /home/martin/repos/qdnd/Data:
  - 7 abilities
  - 6 statuses
  - 20 scenarios
[INFO] [Registry] Dependencies: Checked 7 abilities, 6 statuses, 20 scenarios
[Registry] Validation complete: 0 errors, 0 warnings
[CombatContext] Registered service: DataRegistry
[CombatContext] Registered service: RulesEngine
[CombatContext] Registered service: StatusManager
[CombatContext] Registered service: EffectPipeline
[CombatContext] Registered service: TargetValidator
[CombatContext] Registered service: ReactionSystem
[CombatContext] Registered service: LOSService
[CombatContext] Registered service: HeightService
[CombatContext] Registered service: AIDecisionPipeline
[CombatContext] Registered service: MovementService
[CombatContext] Registered service: SurfaceManager
[CombatContext] Registered service: PresentationRequestBus
[CombatContext] Registered service: CameraStateHooks
[CombatArena] UI Models initialized
[CombatArena] Services registered: 18
[CombatArena] Loaded scenario: 8 combatants
[CombatArena] Loaded scenario from: res://Data/Scenarios/autobattle_4v4.json
[CombatArena] Registered default abilities: basic_attack, ranged_attack, power_strike
[CombatArena] Instantiating visual from scene for Fighter
[CombatantVisual] CollisionShape3D found for Fighter
[CombatantVisual] Fighter initialized - Layer: 2, Mask: 0, Pickable: True, HasShape: True
[CombatArena] Spawned visual for Fighter at (0, 0, 0), Layer: 2, InTree: True
[CombatArena] Instantiating visual from scene for Mage
[CombatantVisual] CollisionShape3D found for Mage
[CombatantVisual] Mage initialized - Layer: 2, Mask: 0, Pickable: True, HasShape: True
[CombatArena] Spawned visual for Mage at (-3, 0, -1), Layer: 2, InTree: True
[CombatArena] Instantiating visual from scene for Cleric
[CombatantVisual] CollisionShape3D found for Cleric
[CombatantVisual] Cleric initialized - Layer: 2, Mask: 0, Pickable: True, HasShape: True
[CombatArena] Spawned visual for Cleric at (-1, 0, -3), Layer: 2, InTree: True
[CombatArena] Instantiating visual from scene for Rogue
[CombatantVisual] CollisionShape3D found for Rogue
[CombatantVisual] Rogue initialized - Layer: 2, Mask: 0, Pickable: True, HasShape: True
[CombatArena] Spawned visual for Rogue at (2, 0, -2), Layer: 2, InTree: True
[CombatArena] Instantiating visual from scene for Orc Brute
[CombatantVisual] CollisionShape3D found for Orc Brute
[CombatantVisual] Orc Brute initialized - Layer: 2, Mask: 0, Pickable: True, HasShape: True
[CombatArena] Spawned visual for Orc Brute at (8, 0, 0), Layer: 2, InTree: True
[CombatArena] Instantiating visual from scene for Orc Archer
[CombatantVisual] CollisionShape3D found for Orc Archer
[CombatantVisual] Orc Archer initialized - Layer: 2, Mask: 0, Pickable: True, HasShape: True
[CombatArena] Spawned visual for Orc Archer at (10, 0, 2), Layer: 2, InTree: True
[CombatArena] Instantiating visual from scene for Goblin Skirmisher
[CombatantVisual] CollisionShape3D found for Goblin Skirmisher
[CombatantVisual] Goblin Skirmisher initialized - Layer: 2, Mask: 0, Pickable: True, HasShape: True
[CombatArena] Spawned visual for Goblin Skirmisher at (7, 0, 3), Layer: 2, InTree: True
[CombatArena] Instantiating visual from scene for Goblin Shaman
[CombatantVisual] CollisionShape3D found for Goblin Shaman
[CombatantVisual] Goblin Shaman initialized - Layer: 2, Mask: 0, Pickable: True, HasShape: True
[CombatArena] Spawned visual for Goblin Shaman at (10, 0, -1), Layer: 2, InTree: True
[CombatArena] [STATE] NotInCombat -> CombatStart
[CombatArena] [TURN] Round 1, Rogue
[CombatArena] [STATE] CombatStart -> TurnStart
[CombatArena] Round 1: Reset reactions for all combatants
[CombatArena] [STATE] TurnStart -> PlayerDecision
[CombatArena] Camera focusing on Rogue via hooks
[CombatArena] SelectCombatant called: player_rogue
[CombatArena] Selected: player_rogue
[CombatArena] Turn started: Rogue (Player)
[CombatArena] === COMBAT ARENA READY ===
[AutoBattlerManager] CombatArena added to scene tree
[AutoBattleWatchdog] Ready
[AutoBattlerManager] Watchdog created
[RealtimeAIController] Ready
[AutoBattlerManager] RealtimeAIController created
[AutoBattleWatchdog] Monitoring STARTED (freeze: 10s, loop: 20 in 1s)
[AutoBattlerManager] Scene loaded, waiting for combat to start...
[AutoBattlerManager] Arena ready, attaching AI controller...
[RealtimeAIController] Subscribed to state machine
[RealtimeAIController] Attached to CombatArena
[COMBAT_LOG] {"ts":1770378154529,"event":"BATTLE_START","seed":3003,"units":[{"id":"player_fighter","name":"Fighter","faction":"Player","hp":52,"max_hp":52,"pos":[0,0,0],"alive":true},{"id":"player_mage","name":"Mage","faction":"Player","hp":32,"max_hp":32,"pos":[-3,0,-1],"alive":true},{"id":"player_cleric","name":"Cleric","faction":"Player","hp":44,"max_hp":44,"pos":[-1,0,-3],"alive":true},{"id":"player_rogue","name":"Rogue","faction":"Player","hp":36,"max_hp":36,"pos":[2,0,-2],"alive":true},{"id":"enemy_orc_brute","name":"Orc Brute","faction":"Hostile","hp":48,"max_hp":48,"pos":[8,0,0],"alive":true},{"id":"enemy_orc_archer","name":"Orc Archer","faction":"Hostile","hp":30,"max_hp":30,"pos":[10,0,2],"alive":true},{"id":"enemy_goblin","name":"Goblin Skirmisher","faction":"Hostile","hp":22,"max_hp":22,"pos":[7,0,3],"alive":true},{"id":"enemy_shaman","name":"Goblin Shaman","faction":"Hostile","hp":28,"max_hp":28,"pos":[10,0,-1],"alive":true}]}
[AutoBattlerManager] Enabling AI processing...
[RealtimeAIController] Processing ENABLED
[COMBAT_LOG] {"ts":1770378154893,"event":"TURN_START","turn":1,"round":1,"unit":"player_rogue","unit_name":"Rogue","faction":"Player","hp":36,"max_hp":36,"ap":"Action | Bonus | Reaction | Move:30/30","pos":[2,0,-2]}
[RealtimeAIController] Turn started for Rogue
[COMBAT_LOG] {"ts":1770378154902,"event":"DECISION","unit":"player_rogue","action":"Attack","target":"enemy_orc_brute","score":0.6776036}
[RealtimeAIController] Rogue -> Attack (#1) score:0.68
[CombatArena] ExecuteAbility: player_rogue -> basic_attack -> enemy_orc_brute
[CombatArena] [STATE] PlayerDecision -> ActionExecution
[RealtimeAIController] State: PlayerDecision -> ActionExecution
[CombatArena] Rogue used basic_attack on Orc Brute: damage:6
[CombatArena] ClearSelection called
[AutoBattlerManager] Action: player_rogue -> Attack:basic_attack->enemy_orc_brute (OK)
[CombatArena] [STATE] ActionExecution -> PlayerDecision
[RealtimeAIController] State: ActionExecution -> PlayerDecision
[COMBAT_LOG] {"ts":1770378155589,"event":"DECISION","unit":"player_rogue","action":"Move","target":"(17, 0, -2)","score":0.6598929}
[RealtimeAIController] Rogue -> Move (#2) score:0.66
[CombatArena] ExecuteMovement: player_rogue -> (17, 0, -2)
[CombatArena] [STATE] PlayerDecision -> ActionExecution
[RealtimeAIController] State: PlayerDecision -> ActionExecution
[CombatArena] Rogue moved from (2, 0, -2) to (17, 0, -2), distance: 15.0
[CombatArena] [STATE] ActionExecution -> PlayerDecision
[RealtimeAIController] State: ActionExecution -> PlayerDecision
[AutoBattlerManager] Action: player_rogue -> Move to (17, 0, -2) (OK)
[COMBAT_LOG] {"ts":1770378155694,"event":"DECISION","unit":"player_rogue","action":"Move","target":"(9.5, 0, 5.5)","score":1.2979318}
[RealtimeAIController] Rogue -> Move (#3) score:1.30
[CombatArena] ExecuteMovement: player_rogue -> (9.5, 0, 5.5)
[CombatArena] [STATE] PlayerDecision -> ActionExecution
[RealtimeAIController] State: PlayerDecision -> ActionExecution
[CombatArena] Rogue moved from (17, 0, -2) to (9.5, 0, 5.5), distance: 10.6
[CombatArena] [STATE] ActionExecution -> PlayerDecision
[RealtimeAIController] State: ActionExecution -> PlayerDecision
[AutoBattlerManager] Action: player_rogue -> Move to (9.5, 0, 5.5) (OK)
[COMBAT_LOG] {"ts":1770378155798,"event":"DECISION","unit":"player_rogue","action":"Move","target":"(7.303301, 0, 3.3033009)","score":1.3161749}
[RealtimeAIController] Rogue -> Move (#4) score:1.32
[CombatArena] ExecuteMovement: player_rogue -> (7.303301, 0, 3.3033009)
[CombatArena] [STATE] PlayerDecision -> ActionExecution
[RealtimeAIController] State: PlayerDecision -> ActionExecution
[CombatArena] Rogue moved from (9.5, 0, 5.5) to (7.303301, 0, 3.3033009), distance: 3.1
[CombatArena] [STATE] ActionExecution -> PlayerDecision
[RealtimeAIController] State: ActionExecution -> PlayerDecision
[AutoBattlerManager] Action: player_rogue -> Move to (7.303301, 0, 3.3033009) (OK)
[COMBAT_LOG] {"ts":1770378155903,"event":"DECISION","unit":"player_rogue","action":"Move","target":"(6.6599026, 0, 3.9466991)","score":1.3032911}
[RealtimeAIController] Rogue -> Move (#5) score:1.30
[CombatArena] ExecuteMovement: player_rogue -> (6.6599026, 0, 3.9466991)
[CombatArena] [STATE] PlayerDecision -> ActionExecution
[RealtimeAIController] State: PlayerDecision -> ActionExecution
[CombatArena] Rogue moved from (7.303301, 0, 3.3033009) to (6.6599026, 0, 3.9466991), distance: 0.9
[CombatArena] [STATE] ActionExecution -> PlayerDecision
[RealtimeAIController] State: ActionExecution -> PlayerDecision
[AutoBattlerManager] Action: player_rogue -> Move to (6.6599026, 0, 3.9466991) (OK)
[COMBAT_LOG] {"ts":1770378156007,"event":"DECISION","unit":"player_rogue","action":"Move","target":"(6.6599026, 0, 3.7582521)","score":1.3177311}
[RealtimeAIController] Rogue -> Move (#6) score:1.32
[CombatArena] ExecuteMovement: player_rogue -> (6.6599026, 0, 3.7582521)
[CombatArena] [STATE] PlayerDecision -> ActionExecution
[RealtimeAIController] State: PlayerDecision -> ActionExecution
[CombatArena] Rogue moved from (6.6599026, 0, 3.9466991) to (6.6599026, 0, 3.7582521), distance: 0.2
[CombatArena] [STATE] ActionExecution -> PlayerDecision
[RealtimeAIController] State: ActionExecution -> PlayerDecision
[AutoBattlerManager] Action: player_rogue -> Move to (6.6599026, 0, 3.7582521) (OK)
[COMBAT_LOG] {"ts":1770378156112,"event":"DECISION","unit":"player_rogue","action":"Move","target":"(6.754126, 0, 3.6640286)","score":1.313237}
[RealtimeAIController] Rogue -> Move (#7) score:1.31
[CombatArena] ExecuteMovement: player_rogue -> (6.754126, 0, 3.6640286)
[CombatArena] [STATE] PlayerDecision -> ActionExecution
[RealtimeAIController] State: PlayerDecision -> ActionExecution
[CombatArena] Rogue moved from (6.6599026, 0, 3.7582521) to (6.754126, 0, 3.6640286), distance: 0.1
[CombatArena] [STATE] ActionExecution -> PlayerDecision
[RealtimeAIController] State: ActionExecution -> PlayerDecision
[AutoBattlerManager] Action: player_rogue -> Move to (6.754126, 0, 3.6640286) (OK)
[COMBAT_LOG] {"ts":1770378156216,"event":"DECISION","unit":"player_rogue","action":"Move","target":"(6.7817235, 0, 3.691626)","score":1.2785757}
[RealtimeAIController] Rogue -> Move (#8) score:1.28
[CombatArena] ExecuteMovement: player_rogue -> (6.7817235, 0, 3.691626)
[CombatArena] [STATE] PlayerDecision -> ActionExecution
[RealtimeAIController] State: PlayerDecision -> ActionExecution
[CombatArena] Rogue moved from (6.754126, 0, 3.6640286) to (6.7817235, 0, 3.691626), distance: 0.0
[CombatArena] [STATE] ActionExecution -> PlayerDecision
[RealtimeAIController] State: ActionExecution -> PlayerDecision
[AutoBattlerManager] Action: player_rogue -> Move to (6.7817235, 0, 3.691626) (OK)
[COMBAT_LOG] {"ts":1770378156321,"event":"DECISION","unit":"player_rogue","action":"Move","target":"(6.7736406, 0, 3.6997092)","score":1.3188165}
[RealtimeAIController] Rogue -> Move (#9) score:1.32
[CombatArena] ExecuteMovement: player_rogue -> (6.7736406, 0, 3.6997092)
[CombatArena] [STATE] PlayerDecision -> ActionExecution
[RealtimeAIController] State: PlayerDecision -> ActionExecution
[CombatArena] Rogue moved from (6.7817235, 0, 3.691626) to (6.7736406, 0, 3.6997092), distance: 0.0
[CombatArena] [STATE] ActionExecution -> PlayerDecision
[RealtimeAIController] State: ActionExecution -> PlayerDecision
[AutoBattlerManager] Action: player_rogue -> Move to (6.7736406, 0, 3.6997092) (OK)
[COMBAT_LOG] {"ts":1770378156425,"event":"DECISION","unit":"player_rogue","action":"Move","target":"(6.771273, 0, 3.6997092)","score":1.3121151}
[RealtimeAIController] Rogue -> Move (#10) score:1.31
[CombatArena] ExecuteMovement: player_rogue -> (6.771273, 0, 3.6997092)
[CombatArena] [STATE] PlayerDecision -> ActionExecution
[RealtimeAIController] State: PlayerDecision -> ActionExecution
[CombatArena] Rogue moved from (6.7736406, 0, 3.6997092) to (6.771273, 0, 3.6997092), distance: 0.0
[CombatArena] [STATE] ActionExecution -> PlayerDecision
[RealtimeAIController] State: ActionExecution -> PlayerDecision
[AutoBattlerManager] Action: player_rogue -> Move to (6.771273, 0, 3.6997092) (OK)
[COMBAT_LOG] {"ts":1770378156530,"event":"DECISION","unit":"player_rogue","action":"Move","target":"(6.772457, 0, 3.700893)","score":1.3130879}
[RealtimeAIController] Rogue -> Move (#11) score:1.31
[CombatArena] ExecuteMovement: player_rogue -> (6.772457, 0, 3.700893)
[CombatArena] [STATE] PlayerDecision -> ActionExecution
[RealtimeAIController] State: PlayerDecision -> ActionExecution
[CombatArena] Rogue moved from (6.771273, 0, 3.6997092) to (6.772457, 0, 3.700893), distance: 0.0
[CombatArena] [STATE] ActionExecution -> PlayerDecision
[RealtimeAIController] State: ActionExecution -> PlayerDecision
[AutoBattlerManager] Action: player_rogue -> Move to (6.772457, 0, 3.700893) (OK)
[COMBAT_LOG] {"ts":1770378156634,"event":"DECISION","unit":"player_rogue","action":"Move","target":"(6.772804, 0, 3.700893)","score":1.3192619}
[RealtimeAIController] Rogue -> Move (#12) score:1.32
[CombatArena] ExecuteMovement: player_rogue -> (6.772804, 0, 3.700893)
[CombatArena] [STATE] PlayerDecision -> ActionExecution
[RealtimeAIController] State: PlayerDecision -> ActionExecution
[CombatArena] Rogue moved from (6.772457, 0, 3.700893) to (6.772804, 0, 3.700893), distance: 0.0
[CombatArena] [STATE] ActionExecution -> PlayerDecision
[RealtimeAIController] State: ActionExecution -> PlayerDecision
[AutoBattlerManager] Action: player_rogue -> Move to (6.772804, 0, 3.700893) (OK)
[COMBAT_LOG] {"ts":1770378156739,"event":"DECISION","unit":"player_rogue","action":"Move","target":"(6.7729774, 0, 3.700893)","score":1.2794988}
[RealtimeAIController] Rogue -> Move (#13) score:1.28
[CombatArena] ExecuteMovement: player_rogue -> (6.7729774, 0, 3.700893)
[CombatArena] [STATE] PlayerDecision -> ActionExecution
[RealtimeAIController] State: PlayerDecision -> ActionExecution
[CombatArena] Rogue moved from (6.772804, 0, 3.700893) to (6.7729774, 0, 3.700893), distance: 0.0
[CombatArena] [STATE] ActionExecution -> PlayerDecision
[RealtimeAIController] State: ActionExecution -> PlayerDecision
[AutoBattlerManager] Action: player_rogue -> Move to (6.7729774, 0, 3.700893) (OK)
[COMBAT_LOG] {"ts":1770378156844,"event":"DECISION","unit":"player_rogue","action":"Move","target":"(6.7728906, 0, 3.7009795)","score":1.3178266}
[RealtimeAIController] Rogue -> Move (#14) score:1.32
[CombatArena] ExecuteMovement: player_rogue -> (6.7728906, 0, 3.7009795)
[CombatArena] [STATE] PlayerDecision -> ActionExecution
[RealtimeAIController] State: PlayerDecision -> ActionExecution
[CombatArena] Rogue moved from (6.7729774, 0, 3.700893) to (6.7728906, 0, 3.7009795), distance: 0.0
[CombatArena] [STATE] ActionExecution -> PlayerDecision
[RealtimeAIController] State: ActionExecution -> PlayerDecision
[AutoBattlerManager] Action: player_rogue -> Move to (6.7728906, 0, 3.7009795) (OK)
[COMBAT_LOG] {"ts":1770378156948,"event":"DECISION","unit":"player_rogue","action":"Move","target":"(6.7728653, 0, 3.7009542)","score":1.3104309}
[RealtimeAIController] Rogue -> Move (#15) score:1.31
[CombatArena] ExecuteMovement: player_rogue -> (6.7728653, 0, 3.7009542)
[CombatArena] [STATE] PlayerDecision -> ActionExecution
[RealtimeAIController] State: PlayerDecision -> ActionExecution
[CombatArena] Rogue moved from (6.7728906, 0, 3.7009795) to (6.7728653, 0, 3.7009542), distance: 0.0
[CombatArena] [STATE] ActionExecution -> PlayerDecision
[RealtimeAIController] State: ActionExecution -> PlayerDecision
[AutoBattlerManager] Action: player_rogue -> Move to (6.7728653, 0, 3.7009542) (OK)
[COMBAT_LOG] {"ts":1770378157052,"event":"DECISION","unit":"player_rogue","action":"Move","target":"(6.77288, 0, 3.7009542)","score":1.3166379}
[RealtimeAIController] Rogue -> Move (#16) score:1.32
[CombatArena] ExecuteMovement: player_rogue -> (6.77288, 0, 3.7009542)
[CombatArena] [STATE] PlayerDecision -> ActionExecution
[RealtimeAIController] State: PlayerDecision -> ActionExecution
[CombatArena] Rogue moved from (6.7728653, 0, 3.7009542) to (6.77288, 0, 3.7009542), distance: 0.0
[CombatArena] [STATE] ActionExecution -> PlayerDecision
[RealtimeAIController] State: ActionExecution -> PlayerDecision
[AutoBattlerManager] Action: player_rogue -> Move to (6.77288, 0, 3.7009542) (OK)
[COMBAT_LOG] {"ts":1770378157156,"event":"DECISION","unit":"player_rogue","action":"EndTurn","score":0.10936957}
[RealtimeAIController] Rogue -> EndTurn (#17) score:0.11
[RealtimeAIController] Calling EndCurrentTurn()
[CombatArena] [STATE] PlayerDecision -> TurnEnd
[RealtimeAIController] State: PlayerDecision -> TurnEnd
[CombatArena] [TURN] Round 1, Goblin Skirmisher
[CombatArena] [STATE] TurnEnd -> TurnStart
[RealtimeAIController] State: TurnEnd -> TurnStart
[CombatArena] [STATE] TurnStart -> AIDecision
[RealtimeAIController] State: TurnStart -> AIDecision
[CombatArena] Camera focusing on Goblin Skirmisher via hooks
[CombatArena] SelectCombatant called: enemy_goblin
[CombatArena] Selected: enemy_goblin
[CombatArena] Turn started: Goblin Skirmisher (AI)
[COMBAT_LOG] {"ts":1770378157163,"event":"TURN_START","turn":2,"round":1,"unit":"enemy_goblin","unit_name":"Goblin Skirmisher","faction":"Hostile","hp":22,"max_hp":22,"ap":"Action | Bonus | Reaction | Move:30/30","pos":[7,0,3]}
[RealtimeAIController] Turn started for Goblin Skirmisher
[COMBAT_LOG] {"ts":1770378157164,"event":"DECISION","unit":"enemy_goblin","action":"Attack","target":"player_rogue","score":1.0535245}
[RealtimeAIController] Goblin Skirmisher -> Attack (#1) score:1.05
[CombatArena] ExecuteAbility: enemy_goblin -> basic_attack -> player_rogue
[CombatArena] [STATE] AIDecision -> ActionExecution
[RealtimeAIController] State: AIDecision -> ActionExecution
[CombatArena] Goblin Skirmisher used basic_attack on Rogue: damage:10
[CombatArena] ClearSelection called
[AutoBattlerManager] Action: enemy_goblin -> Attack:basic_attack->player_rogue (OK)
[CombatArena] [STATE] ActionExecution -> AIDecision
[RealtimeAIController] State: ActionExecution -> AIDecision
[COMBAT_LOG] {"ts":1770378157865,"event":"DECISION","unit":"enemy_goblin","action":"Move","target":"(7, 0, -27)","score":0.65663743}
[RealtimeAIController] Goblin Skirmisher -> Move (#2) score:0.66
[CombatArena] ExecuteMovement: enemy_goblin -> (7, 0, -27)
[CombatArena] [STATE] AIDecision -> ActionExecution
[RealtimeAIController] State: AIDecision -> ActionExecution
[CombatArena] Goblin Skirmisher moved from (7, 0, 3) to (7, 0, -27), distance: 30.0
[CombatArena] [STATE] ActionExecution -> AIDecision
[RealtimeAIController] State: ActionExecution -> AIDecision
[AutoBattlerManager] Action: enemy_goblin -> Move to (7, 0, -27) (OK)
[COMBAT_LOG] {"ts":1770378157970,"event":"DECISION","unit":"enemy_goblin","action":"EndTurn","score":0.10420885}
[RealtimeAIController] Goblin Skirmisher -> EndTurn (#3) score:0.10
[RealtimeAIController] Calling EndCurrentTurn()
[CombatArena] [STATE] AIDecision -> TurnEnd
[RealtimeAIController] State: AIDecision -> TurnEnd
[CombatArena] [TURN] Round 1, Fighter
[CombatArena] [STATE] TurnEnd -> TurnStart
[RealtimeAIController] State: TurnEnd -> TurnStart
[CombatArena] [STATE] TurnStart -> PlayerDecision
[RealtimeAIController] State: TurnStart -> PlayerDecision
[CombatArena] Camera focusing on Fighter via hooks
[CombatArena] SelectCombatant called: player_fighter
[CombatArena] Selected: player_fighter
[CombatArena] Turn started: Fighter (Player)
[COMBAT_LOG] {"ts":1770378157976,"event":"TURN_START","turn":3,"round":1,"unit":"player_fighter","unit_name":"Fighter","faction":"Player","hp":52,"max_hp":52,"ap":"Action | Bonus | Reaction | Move:30/30","pos":[0,0,0]}
[RealtimeAIController] Turn started for Fighter
[COMBAT_LOG] {"ts":1770378157977,"event":"DECISION","unit":"player_fighter","action":"Attack","target":"enemy_orc_brute","score":0.6895517}
[RealtimeAIController] Fighter -> Attack (#1) score:0.69
[CombatArena] ExecuteAbility: player_fighter -> basic_attack -> enemy_orc_brute
[CombatArena] [STATE] PlayerDecision -> ActionExecution
[RealtimeAIController] State: PlayerDecision -> ActionExecution
[CombatArena] Fighter used basic_attack on Orc Brute: damage:5
[CombatArena] ClearSelection called
[AutoBattlerManager] Action: player_fighter -> Attack:basic_attack->enemy_orc_brute (OK)
[CombatArena] [STATE] ActionExecution -> PlayerDecision
[RealtimeAIController] State: ActionExecution -> PlayerDecision
[COMBAT_LOG] {"ts":1770378158677,"event":"DECISION","unit":"player_fighter","action":"Move","target":"(30, 0, 0)","score":0.6599576}
[RealtimeAIController] Fighter -> Move (#2) score:0.66
[CombatArena] ExecuteMovement: player_fighter -> (30, 0, 0)
[CombatArena] [STATE] PlayerDecision -> ActionExecution
[RealtimeAIController] State: PlayerDecision -> ActionExecution
[CombatArena] Fighter moved from (0, 0, 0) to (30, 0, 0), distance: 30.0
[CombatArena] [STATE] ActionExecution -> PlayerDecision
[RealtimeAIController] State: ActionExecution -> PlayerDecision
[AutoBattlerManager] Action: player_fighter -> Move to (30, 0, 0) (OK)
[COMBAT_LOG] {"ts":1770378158781,"event":"DECISION","unit":"player_fighter","action":"EndTurn","score":0.1077887}
[RealtimeAIController] Fighter -> EndTurn (#3) score:0.11
[RealtimeAIController] Calling EndCurrentTurn()
[CombatArena] [STATE] PlayerDecision -> TurnEnd
[RealtimeAIController] State: PlayerDecision -> TurnEnd
[CombatArena] [TURN] Round 1, Orc Archer
[CombatArena] [STATE] TurnEnd -> TurnStart
[RealtimeAIController] State: TurnEnd -> TurnStart
[CombatArena] [STATE] TurnStart -> AIDecision
[RealtimeAIController] State: TurnStart -> AIDecision
[CombatArena] Camera focusing on Orc Archer via hooks
[CombatArena] SelectCombatant called: enemy_orc_archer
[CombatArena] Selected: enemy_orc_archer
[CombatArena] Turn started: Orc Archer (AI)
[COMBAT_LOG] {"ts":1770378158788,"event":"TURN_START","turn":4,"round":1,"unit":"enemy_orc_archer","unit_name":"Orc Archer","faction":"Hostile","hp":30,"max_hp":30,"ap":"Action | Bonus | Reaction | Move:30/30","pos":[10,0,2]}
[RealtimeAIController] Turn started for Orc Archer
[COMBAT_LOG] {"ts":1770378158788,"event":"DECISION","unit":"enemy_orc_archer","action":"Move","target":"(-5, 0, 2)","score":1.2991872}
[RealtimeAIController] Orc Archer -> Move (#1) score:1.30
[CombatArena] ExecuteMovement: enemy_orc_archer -> (-5, 0, 2)
[CombatArena] [STATE] AIDecision -> ActionExecution
[RealtimeAIController] State: AIDecision -> ActionExecution
[CombatArena] Orc Archer moved from (10, 0, 2) to (-5, 0, 2), distance: 15.0
[CombatArena] [STATE] ActionExecution -> AIDecision
[RealtimeAIController] State: ActionExecution -> AIDecision
[AutoBattlerManager] Action: enemy_orc_archer -> Move to (-5, 0, 2) (OK)
[COMBAT_LOG] {"ts":1770378158892,"event":"DECISION","unit":"enemy_orc_archer","action":"Move","target":"(2.5, 0, 2)","score":1.318766}
[RealtimeAIController] Orc Archer -> Move (#2) score:1.32
[CombatArena] ExecuteMovement: enemy_orc_archer -> (2.5, 0, 2)
[CombatArena] [STATE] AIDecision -> ActionExecution
[RealtimeAIController] State: AIDecision -> ActionExecution
[CombatArena] Orc Archer moved from (-5, 0, 2) to (2.5, 0, 2), distance: 7.5
[CombatArena] [STATE] ActionExecution -> AIDecision
[RealtimeAIController] State: ActionExecution -> AIDecision
[AutoBattlerManager] Action: enemy_orc_archer -> Move to (2.5, 0, 2) (OK)
[COMBAT_LOG] {"ts":1770378158996,"event":"DECISION","unit":"enemy_orc_archer","action":"Move","target":"(2.5, 0, -5.5)","score":1.306745}
[RealtimeAIController] Orc Archer -> Move (#3) score:1.31
[CombatArena] ExecuteMovement: enemy_orc_archer -> (2.5, 0, -5.5)
[CombatArena] [STATE] AIDecision -> ActionExecution
[RealtimeAIController] State: AIDecision -> ActionExecution
[CombatArena] Orc Archer moved from (2.5, 0, 2) to (2.5, 0, -5.5), distance: 7.5
[CombatArena] [STATE] ActionExecution -> AIDecision
[RealtimeAIController] State: ActionExecution -> AIDecision
[AutoBattlerManager] Action: enemy_orc_archer -> Move to (2.5, 0, -5.5) (OK)
[COMBAT_LOG] {"ts":1770378159100,"event":"DECISION","unit":"enemy_orc_archer","action":"Dash","score":3.0205178}
[RealtimeAIController] Orc Archer -> Dash (#4) score:3.02
[AutoBattlerManager] Action: enemy_orc_archer -> Dash (OK)
[COMBAT_LOG] {"ts":1770378159204,"event":"DECISION","unit":"enemy_orc_archer","action":"Move","target":"(17.5, 0, -20.5)","score":0.65052766}
[RealtimeAIController] Orc Archer -> Move (#5) score:0.65
[CombatArena] ExecuteMovement: enemy_orc_archer -> (17.5, 0, -20.5)
[CombatArena] [STATE] AIDecision -> ActionExecution
[RealtimeAIController] State: AIDecision -> ActionExecution
[CombatArena] Orc Archer moved from (2.5, 0, -5.5) to (17.5, 0, -20.5), distance: 21.2
[CombatArena] [STATE] ActionExecution -> AIDecision
[RealtimeAIController] State: ActionExecution -> AIDecision
[AutoBattlerManager] Action: enemy_orc_archer -> Move to (17.5, 0, -20.5) (OK)
[COMBAT_LOG] {"ts":1770378159308,"event":"DECISION","unit":"enemy_orc_archer","action":"Move","target":"(17.5, 0, -16.106602)","score":0.6565484}
[RealtimeAIController] Orc Archer -> Move (#6) score:0.66
[CombatArena] ExecuteMovement: enemy_orc_archer -> (17.5, 0, -16.106602)
[CombatArena] [STATE] AIDecision -> ActionExecution
[RealtimeAIController] State: AIDecision -> ActionExecution
[CombatArena] Orc Archer moved from (17.5, 0, -20.5) to (17.5, 0, -16.106602), distance: 4.4
[CombatArena] [STATE] ActionExecution -> AIDecision
[RealtimeAIController] State: ActionExecution -> AIDecision
[AutoBattlerManager] Action: enemy_orc_archer -> Move to (17.5, 0, -16.106602) (OK)
[COMBAT_LOG] {"ts":1770378159412,"event":"DECISION","unit":"enemy_orc_archer","action":"Move","target":"(13.106602, 0, -16.106602)","score":0.65106654}
[RealtimeAIController] Orc Archer -> Move (#7) score:0.65
[CombatArena] ExecuteMovement: enemy_orc_archer -> (13.106602, 0, -16.106602)
[CombatArena] [STATE] AIDecision -> ActionExecution
[RealtimeAIController] State: AIDecision -> ActionExecution
[CombatArena] Orc Archer moved from (17.5, 0, -16.106602) to (13.106602, 0, -16.106602), distance: 4.4
[CombatArena] [STATE] ActionExecution -> AIDecision
[RealtimeAIController] State: ActionExecution -> AIDecision
[AutoBattlerManager] Action: enemy_orc_archer -> Move to (13.106602, 0, -16.106602) (OK)
[COMBAT_LOG] {"ts":1770378159516,"event":"DECISION","unit":"enemy_orc_archer","action":"EndTurn","score":0.10048254}
[RealtimeAIController] Orc Archer -> EndTurn (#8) score:0.10
[RealtimeAIController] Calling EndCurrentTurn()
[CombatArena] [STATE] AIDecision -> TurnEnd
[RealtimeAIController] State: AIDecision -> TurnEnd
[CombatArena] [TURN] Round 1, Goblin Shaman
[CombatArena] [STATE] TurnEnd -> TurnStart
[RealtimeAIController] State: TurnEnd -> TurnStart
[CombatArena] [STATE] TurnStart -> AIDecision
[RealtimeAIController] State: TurnStart -> AIDecision
[CombatArena] Camera focusing on Goblin Shaman via hooks
[CombatArena] SelectCombatant called: enemy_shaman
[CombatArena] Selected: enemy_shaman
[CombatArena] Turn started: Goblin Shaman (AI)
[COMBAT_LOG] {"ts":1770378159522,"event":"TURN_START","turn":5,"round":1,"unit":"enemy_shaman","unit_name":"Goblin Shaman","faction":"Hostile","hp":28,"max_hp":28,"ap":"Action | Bonus | Reaction | Move:30/30","pos":[10,0,-1]}
[RealtimeAIController] Turn started for Goblin Shaman
[COMBAT_LOG] {"ts":1770378159523,"event":"DECISION","unit":"enemy_shaman","action":"Move","target":"(-5, 0, -1)","score":1.2330754}
[RealtimeAIController] Goblin Shaman -> Move (#1) score:1.23
[CombatArena] ExecuteMovement: enemy_shaman -> (-5, 0, -1)
[CombatArena] [STATE] AIDecision -> ActionExecution
[RealtimeAIController] State: AIDecision -> ActionExecution
[CombatArena] Goblin Shaman moved from (10, 0, -1) to (-5, 0, -1), distance: 15.0
[CombatArena] [STATE] ActionExecution -> AIDecision
[RealtimeAIController] State: ActionExecution -> AIDecision
[AutoBattlerManager] Action: enemy_shaman -> Move to (-5, 0, -1) (OK)
[COMBAT_LOG] {"ts":1770378159626,"event":"DECISION","unit":"enemy_shaman","action":"Move","target":"(2.5, 0, -1)","score":1.3035364}
[RealtimeAIController] Goblin Shaman -> Move (#2) score:1.30
[CombatArena] ExecuteMovement: enemy_shaman -> (2.5, 0, -1)
[CombatArena] [STATE] AIDecision -> ActionExecution
[RealtimeAIController] State: AIDecision -> ActionExecution
[CombatArena] Goblin Shaman moved from (-5, 0, -1) to (2.5, 0, -1), distance: 7.5
[CombatArena] [STATE] ActionExecution -> AIDecision
[RealtimeAIController] State: ActionExecution -> AIDecision
[AutoBattlerManager] Action: enemy_shaman -> Move to (2.5, 0, -1) (OK)
[COMBAT_LOG] {"ts":1770378159731,"event":"DECISION","unit":"enemy_shaman","action":"Move","target":"(6.25, 0, 2.75)","score":1.2892296}
[RealtimeAIController] Goblin Shaman -> Move (#3) score:1.29
[CombatArena] ExecuteMovement: enemy_shaman -> (6.25, 0, 2.75)
[CombatArena] [STATE] AIDecision -> ActionExecution
[RealtimeAIController] State: AIDecision -> ActionExecution
[CombatArena] Goblin Shaman moved from (2.5, 0, -1) to (6.25, 0, 2.75), distance: 5.3
[CombatArena] [STATE] ActionExecution -> AIDecision
[RealtimeAIController] State: ActionExecution -> AIDecision
[AutoBattlerManager] Action: enemy_shaman -> Move to (6.25, 0, 2.75) (OK)
[COMBAT_LOG] {"ts":1770378159835,"event":"DECISION","unit":"enemy_shaman","action":"Move","target":"(6.25, 0, 4.946699)","score":1.3160036}
[RealtimeAIController] Goblin Shaman -> Move (#4) score:1.32
[CombatArena] ExecuteMovement: enemy_shaman -> (6.25, 0, 4.946699)
[CombatArena] [STATE] AIDecision -> ActionExecution
[RealtimeAIController] State: AIDecision -> ActionExecution
[CombatArena] Goblin Shaman moved from (6.25, 0, 2.75) to (6.25, 0, 4.946699), distance: 2.2
[CombatArena] [STATE] ActionExecution -> AIDecision
[RealtimeAIController] State: ActionExecution -> AIDecision
[AutoBattlerManager] Action: enemy_shaman -> Move to (6.25, 0, 4.946699) (OK)
[COMBAT_LOG] {"ts":1770378159938,"event":"DECISION","unit":"enemy_shaman","action":"Dash","score":3.1638138}
[RealtimeAIController] Goblin Shaman -> Dash (#5) score:3.16
[AutoBattlerManager] Action: enemy_shaman -> Dash (OK)
[COMBAT_LOG] {"ts":1770378160042,"event":"DECISION","unit":"enemy_shaman","action":"Move","target":"(-8.75, 0, 19.9467)","score":0.6522797}
[RealtimeAIController] Goblin Shaman -> Move (#6) score:0.65
[CombatArena] ExecuteMovement: enemy_shaman -> (-8.75, 0, 19.9467)
[CombatArena] [STATE] AIDecision -> ActionExecution
[RealtimeAIController] State: AIDecision -> ActionExecution
[CombatArena] Goblin Shaman moved from (6.25, 0, 4.946699) to (-8.75, 0, 19.9467), distance: 21.2
[CombatArena] [STATE] ActionExecution -> AIDecision
[RealtimeAIController] State: ActionExecution -> AIDecision
[AutoBattlerManager] Action: enemy_shaman -> Move to (-8.75, 0, 19.9467) (OK)
[COMBAT_LOG] {"ts":1770378160146,"event":"DECISION","unit":"enemy_shaman","action":"Move","target":"(-17.536797, 0, 19.9467)","score":0.63835824}
[RealtimeAIController] Goblin Shaman -> Move (#7) score:0.64
[CombatArena] ExecuteMovement: enemy_shaman -> (-17.536797, 0, 19.9467)
[CombatArena] [STATE] AIDecision -> ActionExecution
[RealtimeAIController] State: AIDecision -> ActionExecution
[CombatArena] Goblin Shaman moved from (-8.75, 0, 19.9467) to (-17.536797, 0, 19.9467), distance: 8.8
[CombatArena] [STATE] ActionExecution -> AIDecision
[RealtimeAIController] State: ActionExecution -> AIDecision
[AutoBattlerManager] Action: enemy_shaman -> Move to (-17.536797, 0, 19.9467) (OK)
[COMBAT_LOG] {"ts":1770378160250,"event":"DECISION","unit":"enemy_shaman","action":"EndTurn","score":0.10336826}
[RealtimeAIController] Goblin Shaman -> EndTurn (#8) score:0.10
[RealtimeAIController] Calling EndCurrentTurn()
[CombatArena] [STATE] AIDecision -> TurnEnd
[RealtimeAIController] State: AIDecision -> TurnEnd
[CombatArena] [TURN] Round 1, Mage
[CombatArena] [STATE] TurnEnd -> TurnStart
[RealtimeAIController] State: TurnEnd -> TurnStart
[CombatArena] [STATE] TurnStart -> PlayerDecision
[RealtimeAIController] State: TurnStart -> PlayerDecision
[CombatArena] Camera focusing on Mage via hooks
[CombatArena] SelectCombatant called: player_mage
[CombatArena] Selected: player_mage
[CombatArena] Turn started: Mage (Player)
[COMBAT_LOG] {"ts":1770378160256,"event":"TURN_START","turn":6,"round":1,"unit":"player_mage","unit_name":"Mage","faction":"Player","hp":32,"max_hp":32,"ap":"Action | Bonus | Reaction | Move:30/30","pos":[-3,0,-1]}
[RealtimeAIController] Turn started for Mage
[COMBAT_LOG] {"ts":1770378160257,"event":"DECISION","unit":"player_mage","action":"Move","target":"(12, 0, -1)","score":1.2937768}
[RealtimeAIController] Mage -> Move (#1) score:1.29
[CombatArena] ExecuteMovement: player_mage -> (12, 0, -1)
[CombatArena] [STATE] PlayerDecision -> ActionExecution
[RealtimeAIController] State: PlayerDecision -> ActionExecution
[CombatArena] Mage moved from (-3, 0, -1) to (12, 0, -1), distance: 15.0
[CombatArena] [STATE] ActionExecution -> PlayerDecision
[RealtimeAIController] State: ActionExecution -> PlayerDecision
[AutoBattlerManager] Action: player_mage -> Move to (12, 0, -1) (OK)
[COMBAT_LOG] {"ts":1770378160361,"event":"DECISION","unit":"player_mage","action":"Move","target":"(4.5, 0, -1)","score":1.2749776}
[RealtimeAIController] Mage -> Move (#2) score:1.27
[CombatArena] ExecuteMovement: player_mage -> (4.5, 0, -1)
[CombatArena] [STATE] PlayerDecision -> ActionExecution
[RealtimeAIController] State: PlayerDecision -> ActionExecution
[CombatArena] Mage moved from (12, 0, -1) to (4.5, 0, -1), distance: 7.5
[CombatArena] [STATE] ActionExecution -> PlayerDecision
[RealtimeAIController] State: ActionExecution -> PlayerDecision
[AutoBattlerManager] Action: player_mage -> Move to (4.5, 0, -1) (OK)
[COMBAT_LOG] {"ts":1770378160464,"event":"DECISION","unit":"player_mage","action":"Move","target":"(8.25, 0, -4.75)","score":1.2732838}
[RealtimeAIController] Mage -> Move (#3) score:1.27
[CombatArena] ExecuteMovement: player_mage -> (8.25, 0, -4.75)
[CombatArena] [STATE] PlayerDecision -> ActionExecution
[RealtimeAIController] State: PlayerDecision -> ActionExecution
[CombatArena] Mage moved from (4.5, 0, -1) to (8.25, 0, -4.75), distance: 5.3
[CombatArena] [STATE] ActionExecution -> PlayerDecision
[RealtimeAIController] State: ActionExecution -> PlayerDecision
[AutoBattlerManager] Action: player_mage -> Move to (8.25, 0, -4.75) (OK)
[COMBAT_LOG] {"ts":1770378160568,"event":"DECISION","unit":"player_mage","action":"Dash","score":3.254054}
[RealtimeAIController] Mage -> Dash (#4) score:3.25
[AutoBattlerManager] Action: player_mage -> Dash (OK)
[COMBAT_LOG] {"ts":1770378160671,"event":"DECISION","unit":"player_mage","action":"Move","target":"(-7.8483505, 0, -4.75)","score":0.65102917}
[RealtimeAIController] Mage -> Move (#5) score:0.65
[CombatArena] ExecuteMovement: player_mage -> (-7.8483505, 0, -4.75)
[CombatArena] [STATE] PlayerDecision -> ActionExecution
[RealtimeAIController] State: PlayerDecision -> ActionExecution
[CombatArena] Mage moved from (8.25, 0, -4.75) to (-7.8483505, 0, -4.75), distance: 16.1
[CombatArena] [STATE] ActionExecution -> PlayerDecision
[RealtimeAIController] State: ActionExecution -> PlayerDecision
[AutoBattlerManager] Action: player_mage -> Move to (-7.8483505, 0, -4.75) (OK)
[COMBAT_LOG] {"ts":1770378160775,"event":"DECISION","unit":"player_mage","action":"Move","target":"(8.25, 0, -4.75)","score":1.2982442}
[RealtimeAIController] Mage -> Move (#6) score:1.30
[CombatArena] ExecuteMovement: player_mage -> (8.25, 0, -4.75)
[CombatArena] [STATE] PlayerDecision -> ActionExecution
[RealtimeAIController] State: PlayerDecision -> ActionExecution
[CombatArena] Mage moved from (-7.8483505, 0, -4.75) to (8.25, 0, -4.75), distance: 16.1
[CombatArena] [STATE] ActionExecution -> PlayerDecision
[RealtimeAIController] State: ActionExecution -> PlayerDecision
[AutoBattlerManager] Action: player_mage -> Move to (8.25, 0, -4.75) (OK)
[COMBAT_LOG] {"ts":1770378160879,"event":"DECISION","unit":"player_mage","action":"EndTurn","score":0.10184367}
[RealtimeAIController] Mage -> EndTurn (#7) score:0.10
[RealtimeAIController] Calling EndCurrentTurn()
[CombatArena] [STATE] PlayerDecision -> TurnEnd
[RealtimeAIController] State: PlayerDecision -> TurnEnd
[CombatArena] [TURN] Round 1, Orc Brute
[CombatArena] [STATE] TurnEnd -> TurnStart
[RealtimeAIController] State: TurnEnd -> TurnStart
[CombatArena] [STATE] TurnStart -> AIDecision
[RealtimeAIController] State: TurnStart -> AIDecision
[CombatArena] Camera focusing on Orc Brute via hooks
[CombatArena] SelectCombatant called: enemy_orc_brute
[CombatArena] Selected: enemy_orc_brute
[CombatArena] Turn started: Orc Brute (AI)
[COMBAT_LOG] {"ts":1770378160886,"event":"TURN_START","turn":7,"round":1,"unit":"enemy_orc_brute","unit_name":"Orc Brute","faction":"Hostile","hp":37,"max_hp":48,"ap":"Action | Bonus | Reaction | Move:30/30","pos":[8,0,0]}
[RealtimeAIController] Turn started for Orc Brute
[COMBAT_LOG] {"ts":1770378160886,"event":"DECISION","unit":"enemy_orc_brute","action":"Attack","target":"player_mage","score":1.0705265}
[RealtimeAIController] Orc Brute -> Attack (#1) score:1.07
[CombatArena] ExecuteAbility: enemy_orc_brute -> basic_attack -> player_mage
[CombatArena] [STATE] AIDecision -> ActionExecution
[RealtimeAIController] State: AIDecision -> ActionExecution
[CombatArena] Orc Brute used basic_attack on Mage: damage:10
[CombatArena] ClearSelection called
[AutoBattlerManager] Action: enemy_orc_brute -> Attack:basic_attack->player_mage (OK)
[CombatArena] [STATE] ActionExecution -> AIDecision
[RealtimeAIController] State: ActionExecution -> AIDecision
[COMBAT_LOG] {"ts":1770378161584,"event":"DECISION","unit":"enemy_orc_brute","action":"Move","target":"(-7, 0, 15)","score":0.6585751}
[RealtimeAIController] Orc Brute -> Move (#2) score:0.66
[CombatArena] ExecuteMovement: enemy_orc_brute -> (-7, 0, 15)
[CombatArena] [STATE] AIDecision -> ActionExecution
[RealtimeAIController] State: AIDecision -> ActionExecution
[CombatArena] Orc Brute moved from (8, 0, 0) to (-7, 0, 15), distance: 21.2
[CombatArena] [STATE] ActionExecution -> AIDecision
[RealtimeAIController] State: ActionExecution -> AIDecision
[AutoBattlerManager] Action: enemy_orc_brute -> Move to (-7, 0, 15) (OK)
[COMBAT_LOG] {"ts":1770378161687,"event":"DECISION","unit":"enemy_orc_brute","action":"Move","target":"(-2.6066017, 0, 10.606602)","score":0.6587767}
[RealtimeAIController] Orc Brute -> Move (#3) score:0.66
[CombatArena] ExecuteMovement: enemy_orc_brute -> (-2.6066017, 0, 10.606602)
[CombatArena] [STATE] AIDecision -> ActionExecution
[RealtimeAIController] State: AIDecision -> ActionExecution
[CombatArena] Orc Brute moved from (-7, 0, 15) to (-2.6066017, 0, 10.606602), distance: 6.2
[CombatArena] [STATE] ActionExecution -> AIDecision
[RealtimeAIController] State: ActionExecution -> AIDecision
[AutoBattlerManager] Action: enemy_orc_brute -> Move to (-2.6066017, 0, 10.606602) (OK)
[COMBAT_LOG] {"ts":1770378161791,"event":"DECISION","unit":"enemy_orc_brute","action":"Move","target":"(-1.3198051, 0, 9.319805)","score":0.6589822}
[RealtimeAIController] Orc Brute -> Move (#4) score:0.66
[CombatArena] ExecuteMovement: enemy_orc_brute -> (-1.3198051, 0, 9.319805)
[CombatArena] [STATE] AIDecision -> ActionExecution
[RealtimeAIController] State: AIDecision -> ActionExecution
[CombatArena] Orc Brute moved from (-2.6066017, 0, 10.606602) to (-1.3198051, 0, 9.319805), distance: 1.8
[CombatArena] [STATE] ActionExecution -> AIDecision
[RealtimeAIController] State: ActionExecution -> AIDecision
[AutoBattlerManager] Action: enemy_orc_brute -> Move to (-1.3198051, 0, 9.319805) (OK)
[COMBAT_LOG] {"ts":1770378161895,"event":"DECISION","unit":"enemy_orc_brute","action":"Move","target":"(-2.0735931, 0, 9.319805)","score":0.65039337}
[RealtimeAIController] Orc Brute -> Move (#5) score:0.65
[CombatArena] ExecuteMovement: enemy_orc_brute -> (-2.0735931, 0, 9.319805)
[CombatArena] [STATE] AIDecision -> ActionExecution
[RealtimeAIController] State: AIDecision -> ActionExecution
[CombatArena] Orc Brute moved from (-1.3198051, 0, 9.319805) to (-2.0735931, 0, 9.319805), distance: 0.8
[CombatArena] [STATE] ActionExecution -> AIDecision
[RealtimeAIController] State: ActionExecution -> AIDecision
[AutoBattlerManager] Action: enemy_orc_brute -> Move to (-2.0735931, 0, 9.319805) (OK)
[COMBAT_LOG] {"ts":1770378161999,"event":"DECISION","unit":"enemy_orc_brute","action":"EndTurn","score":0.10179417}
[RealtimeAIController] Orc Brute -> EndTurn (#6) score:0.10
[RealtimeAIController] Calling EndCurrentTurn()
[CombatArena] [STATE] AIDecision -> TurnEnd
[RealtimeAIController] State: AIDecision -> TurnEnd
[CombatArena] [TURN] Round 1, Cleric
[CombatArena] [STATE] TurnEnd -> TurnStart
[RealtimeAIController] State: TurnEnd -> TurnStart
[CombatArena] [STATE] TurnStart -> PlayerDecision
[RealtimeAIController] State: TurnStart -> PlayerDecision
[CombatArena] Camera focusing on Cleric via hooks
[CombatArena] SelectCombatant called: player_cleric
[CombatArena] Selected: player_cleric
[CombatArena] Turn started: Cleric (Player)
[COMBAT_LOG] {"ts":1770378162005,"event":"TURN_START","turn":8,"round":1,"unit":"player_cleric","unit_name":"Cleric","faction":"Player","hp":44,"max_hp":44,"ap":"Action | Bonus | Reaction | Move:30/30","pos":[-1,0,-3]}
[RealtimeAIController] Turn started for Cleric
[COMBAT_LOG] {"ts":1770378162005,"event":"DECISION","unit":"player_cleric","action":"Move","target":"(14, 0, -18)","score":1.3018193}
[RealtimeAIController] Cleric -> Move (#1) score:1.30
[CombatArena] ExecuteMovement: player_cleric -> (14, 0, -18)
[CombatArena] [STATE] PlayerDecision -> ActionExecution
[RealtimeAIController] State: PlayerDecision -> ActionExecution
[CombatArena] Cleric moved from (-1, 0, -3) to (14, 0, -18), distance: 21.2
[CombatArena] [STATE] ActionExecution -> PlayerDecision
[RealtimeAIController] State: ActionExecution -> PlayerDecision
[AutoBattlerManager] Action: player_cleric -> Move to (14, 0, -18) (OK)
[COMBAT_LOG] {"ts":1770378162109,"event":"DECISION","unit":"player_cleric","action":"Move","target":"(9.606602, 0, -18)","score":1.2707489}
[RealtimeAIController] Cleric -> Move (#2) score:1.27
[CombatArena] ExecuteMovement: player_cleric -> (9.606602, 0, -18)
[CombatArena] [STATE] PlayerDecision -> ActionExecution
[RealtimeAIController] State: PlayerDecision -> ActionExecution
[CombatArena] Cleric moved from (14, 0, -18) to (9.606602, 0, -18), distance: 4.4
[CombatArena] [STATE] ActionExecution -> PlayerDecision
[RealtimeAIController] State: ActionExecution -> PlayerDecision
[AutoBattlerManager] Action: player_cleric -> Move to (9.606602, 0, -18) (OK)
[COMBAT_LOG] {"ts":1770378162212,"event":"DECISION","unit":"player_cleric","action":"Move","target":"(9.606602, 0, -13.606602)","score":1.3138931}
[RealtimeAIController] Cleric -> Move (#3) score:1.31
[CombatArena] ExecuteMovement: player_cleric -> (9.606602, 0, -13.606602)
[CombatArena] [STATE] PlayerDecision -> ActionExecution
[RealtimeAIController] State: PlayerDecision -> ActionExecution
[CombatArena] Cleric moved from (9.606602, 0, -18) to (9.606602, 0, -13.606602), distance: 4.4
[CombatArena] [STATE] ActionExecution -> PlayerDecision
[RealtimeAIController] State: ActionExecution -> PlayerDecision
[AutoBattlerManager] Action: player_cleric -> Move to (9.606602, 0, -13.606602) (OK)
[COMBAT_LOG] {"ts":1770378162316,"event":"DECISION","unit":"player_cleric","action":"Dash","score":3.032919}
[RealtimeAIController] Cleric -> Dash (#4) score:3.03
[AutoBattlerManager] Action: player_cleric -> Dash (OK)
[COMBAT_LOG] {"ts":1770378162420,"event":"DECISION","unit":"player_cleric","action":"Move","target":"(9.606602, 0, -28.606602)","score":1.208666}
[RealtimeAIController] Cleric -> Move (#5) score:1.21
[CombatArena] ExecuteMovement: player_cleric -> (9.606602, 0, -28.606602)
[CombatArena] [STATE] PlayerDecision -> ActionExecution
[RealtimeAIController] State: PlayerDecision -> ActionExecution
[CombatArena] Cleric moved from (9.606602, 0, -13.606602) to (9.606602, 0, -28.606602), distance: 15.0
[CombatArena] [STATE] ActionExecution -> PlayerDecision
[RealtimeAIController] State: ActionExecution -> PlayerDecision
[AutoBattlerManager] Action: player_cleric -> Move to (9.606602, 0, -28.606602) (OK)
[COMBAT_LOG] {"ts":1770378162523,"event":"DECISION","unit":"player_cleric","action":"Move","target":"(9.606602, 0, -13.606602)","score":1.2191436}
[RealtimeAIController] Cleric -> Move (#6) score:1.22
[CombatArena] ExecuteMovement: player_cleric -> (9.606602, 0, -13.606602)
[CombatArena] [STATE] PlayerDecision -> ActionExecution
[RealtimeAIController] State: PlayerDecision -> ActionExecution
[CombatArena] Cleric moved from (9.606602, 0, -28.606602) to (9.606602, 0, -13.606602), distance: 15.0
[CombatArena] [STATE] ActionExecution -> PlayerDecision
[RealtimeAIController] State: ActionExecution -> PlayerDecision
[AutoBattlerManager] Action: player_cleric -> Move to (9.606602, 0, -13.606602) (OK)
[COMBAT_LOG] {"ts":1770378162626,"event":"DECISION","unit":"player_cleric","action":"EndTurn","score":0.10373143}
[RealtimeAIController] Cleric -> EndTurn (#7) score:0.10
[RealtimeAIController] Calling EndCurrentTurn()
[CombatArena] [STATE] PlayerDecision -> TurnEnd
[RealtimeAIController] State: PlayerDecision -> TurnEnd
[CombatArena] [TURN] Round 2, Rogue
[CombatArena] [STATE] TurnEnd -> RoundEnd
[RealtimeAIController] State: TurnEnd -> RoundEnd
[CombatArena] [STATE] RoundEnd -> TurnStart
[RealtimeAIController] State: RoundEnd -> TurnStart
[CombatArena] Round 2: Reset reactions for all combatants
[CombatArena] [STATE] TurnStart -> PlayerDecision
[RealtimeAIController] State: TurnStart -> PlayerDecision
[CombatArena] Camera focusing on Rogue via hooks
[CombatArena] SelectCombatant called: player_rogue
[CombatArena] Selected: player_rogue
[CombatArena] Turn started: Rogue (Player)
[COMBAT_LOG] {"ts":1770378162633,"event":"TURN_START","turn":9,"round":2,"unit":"player_rogue","unit_name":"Rogue","faction":"Player","hp":26,"max_hp":36,"ap":"Action | Bonus | Reaction | Move:30/30","pos":[6.77288,0,3.7009542]}
[RealtimeAIController] Turn started for Rogue
[COMBAT_LOG] {"ts":1770378162633,"event":"DECISION","unit":"player_rogue","action":"Move","target":"(6.77288, 0, -26.299046)","score":1.2085308}
[RealtimeAIController] Rogue -> Move (#1) score:1.21
[CombatArena] ExecuteMovement: player_rogue -> (6.77288, 0, -26.299046)
[CombatArena] [STATE] PlayerDecision -> ActionExecution
[RealtimeAIController] State: PlayerDecision -> ActionExecution
[CombatArena] Rogue moved from (6.77288, 0, 3.7009542) to (6.77288, 0, -26.299046), distance: 30.0
[CombatArena] [STATE] ActionExecution -> PlayerDecision
[RealtimeAIController] State: ActionExecution -> PlayerDecision
[AutoBattlerManager] Action: player_rogue -> Move to (6.77288, 0, -26.299046) (OK)
[COMBAT_LOG] {"ts":1770378162737,"event":"DECISION","unit":"player_rogue","action":"Dash","score":3.2986128}
[RealtimeAIController] Rogue -> Dash (#2) score:3.30
[AutoBattlerManager] Action: player_rogue -> Dash (OK)
[COMBAT_LOG] {"ts":1770378162840,"event":"DECISION","unit":"player_rogue","action":"Move","target":"(6.77288, 0, 3.7009544)","score":0.6526413}
[RealtimeAIController] Rogue -> Move (#3) score:0.65
[CombatArena] ExecuteMovement: player_rogue -> (6.77288, 0, 3.7009544)
[CombatArena] [STATE] PlayerDecision -> ActionExecution
[RealtimeAIController] State: PlayerDecision -> ActionExecution
[CombatArena] Rogue moved from (6.77288, 0, -26.299046) to (6.77288, 0, 3.7009544), distance: 30.0
[CombatArena] [STATE] ActionExecution -> PlayerDecision
[RealtimeAIController] State: ActionExecution -> PlayerDecision
[AutoBattlerManager] Action: player_rogue -> Move to (6.77288, 0, 3.7009544) (OK)
[COMBAT_LOG] {"ts":1770378162944,"event":"DECISION","unit":"player_rogue","action":"EndTurn","score":0.10116979}
[RealtimeAIController] Rogue -> EndTurn (#4) score:0.10
[RealtimeAIController] Calling EndCurrentTurn()
[CombatArena] [STATE] PlayerDecision -> TurnEnd
[RealtimeAIController] State: PlayerDecision -> TurnEnd
[CombatArena] [TURN] Round 2, Goblin Skirmisher
[CombatArena] [STATE] TurnEnd -> TurnStart
[RealtimeAIController] State: TurnEnd -> TurnStart
[CombatArena] [STATE] TurnStart -> AIDecision
[RealtimeAIController] State: TurnStart -> AIDecision
[CombatArena] Camera focusing on Goblin Skirmisher via hooks
[CombatArena] SelectCombatant called: enemy_goblin
[CombatArena] Selected: enemy_goblin
[CombatArena] Turn started: Goblin Skirmisher (AI)
[COMBAT_LOG] {"ts":1770378162951,"event":"TURN_START","turn":10,"round":2,"unit":"enemy_goblin","unit_name":"Goblin Skirmisher","faction":"Hostile","hp":22,"max_hp":22,"ap":"Action | Bonus | Reaction | Move:30/30","pos":[7,0,-27]}
[RealtimeAIController] Turn started for Goblin Skirmisher
[COMBAT_LOG] {"ts":1770378162951,"event":"DECISION","unit":"enemy_goblin","action":"Move","target":"(7, 0, 3)","score":1.2828202}
[RealtimeAIController] Goblin Skirmisher -> Move (#1) score:1.28
[CombatArena] ExecuteMovement: enemy_goblin -> (7, 0, 3)
[CombatArena] [STATE] AIDecision -> ActionExecution
[RealtimeAIController] State: AIDecision -> ActionExecution
[CombatArena] Goblin Skirmisher moved from (7, 0, -27) to (7, 0, 3), distance: 30.0
[CombatArena] [STATE] ActionExecution -> AIDecision
[RealtimeAIController] State: ActionExecution -> AIDecision
[AutoBattlerManager] Action: enemy_goblin -> Move to (7, 0, 3) (OK)
[COMBAT_LOG] {"ts":1770378163054,"event":"DECISION","unit":"enemy_goblin","action":"Dash","score":3.0046446}
[RealtimeAIController] Goblin Skirmisher -> Dash (#2) score:3.00
[AutoBattlerManager] Action: enemy_goblin -> Dash (OK)
[COMBAT_LOG] {"ts":1770378163157,"event":"DECISION","unit":"enemy_goblin","action":"Move","target":"(7, 0, -12)","score":1.2207056}
[RealtimeAIController] Goblin Skirmisher -> Move (#3) score:1.22
[CombatArena] ExecuteMovement: enemy_goblin -> (7, 0, -12)
[CombatArena] [STATE] AIDecision -> ActionExecution
[RealtimeAIController] State: AIDecision -> ActionExecution
[CombatArena] Goblin Skirmisher moved from (7, 0, 3) to (7, 0, -12), distance: 15.0
[CombatArena] [STATE] ActionExecution -> AIDecision
[RealtimeAIController] State: ActionExecution -> AIDecision
[AutoBattlerManager] Action: enemy_goblin -> Move to (7, 0, -12) (OK)
[COMBAT_LOG] {"ts":1770378163261,"event":"DECISION","unit":"enemy_goblin","action":"Move","target":"(7, 0, -4.5)","score":1.2232974}
[RealtimeAIController] Goblin Skirmisher -> Move (#4) score:1.22
[CombatArena] ExecuteMovement: enemy_goblin -> (7, 0, -4.5)
[CombatArena] [STATE] AIDecision -> ActionExecution
[RealtimeAIController] State: AIDecision -> ActionExecution
[CombatArena] Goblin Skirmisher moved from (7, 0, -12) to (7, 0, -4.5), distance: 7.5
[CombatArena] [STATE] ActionExecution -> AIDecision
[RealtimeAIController] State: ActionExecution -> AIDecision
[AutoBattlerManager] Action: enemy_goblin -> Move to (7, 0, -4.5) (OK)
[COMBAT_LOG] {"ts":1770378163365,"event":"DECISION","unit":"enemy_goblin","action":"Move","target":"(10.75, 0, -4.5)","score":1.2832837}
[RealtimeAIController] Goblin Skirmisher -> Move (#5) score:1.28
[CombatArena] ExecuteMovement: enemy_goblin -> (10.75, 0, -4.5)
[CombatArena] [STATE] AIDecision -> ActionExecution
[RealtimeAIController] State: AIDecision -> ActionExecution
[CombatArena] Goblin Skirmisher moved from (7, 0, -4.5) to (10.75, 0, -4.5), distance: 3.8
[CombatArena] [STATE] ActionExecution -> AIDecision
[RealtimeAIController] State: ActionExecution -> AIDecision
[AutoBattlerManager] Action: enemy_goblin -> Move to (10.75, 0, -4.5) (OK)
[COMBAT_LOG] {"ts":1770378163468,"event":"DECISION","unit":"enemy_goblin","action":"Move","target":"(7, 0, -4.5)","score":1.3196533}
[RealtimeAIController] Goblin Skirmisher -> Move (#6) score:1.32
[CombatArena] ExecuteMovement: enemy_goblin -> (7, 0, -4.5)
[CombatArena] [STATE] AIDecision -> ActionExecution
[RealtimeAIController] State: AIDecision -> ActionExecution
[CombatArena] Goblin Skirmisher moved from (10.75, 0, -4.5) to (7, 0, -4.5), distance: 3.8
[CombatArena] [STATE] ActionExecution -> AIDecision
[RealtimeAIController] State: ActionExecution -> AIDecision
[AutoBattlerManager] Action: enemy_goblin -> Move to (7, 0, -4.5) (OK)
[COMBAT_LOG] {"ts":1770378163571,"event":"DECISION","unit":"enemy_goblin","action":"EndTurn","score":0.10297471}
[RealtimeAIController] Goblin Skirmisher -> EndTurn (#7) score:0.10
[RealtimeAIController] Calling EndCurrentTurn()
[CombatArena] [STATE] AIDecision -> TurnEnd
[RealtimeAIController] State: AIDecision -> TurnEnd
[CombatArena] [TURN] Round 2, Fighter
[CombatArena] [STATE] TurnEnd -> TurnStart
[RealtimeAIController] State: TurnEnd -> TurnStart
[CombatArena] [STATE] TurnStart -> PlayerDecision
[RealtimeAIController] State: TurnStart -> PlayerDecision
[CombatArena] Camera focusing on Fighter via hooks
[CombatArena] SelectCombatant called: player_fighter
[CombatArena] Selected: player_fighter
[CombatArena] Turn started: Fighter (Player)
[COMBAT_LOG] {"ts":1770378163578,"event":"TURN_START","turn":11,"round":2,"unit":"player_fighter","unit_name":"Fighter","faction":"Player","hp":52,"max_hp":52,"ap":"Action | Bonus | Reaction | Move:30/30","pos":[30,0,0]}
[RealtimeAIController] Turn started for Fighter
[COMBAT_LOG] {"ts":1770378163578,"event":"DECISION","unit":"player_fighter","action":"Move","target":"(15, 0, -15)","score":1.2854159}
[RealtimeAIController] Fighter -> Move (#1) score:1.29
[CombatArena] ExecuteMovement: player_fighter -> (15, 0, -15)
[CombatArena] [STATE] PlayerDecision -> ActionExecution
[RealtimeAIController] State: PlayerDecision -> ActionExecution
[CombatArena] Fighter moved from (30, 0, 0) to (15, 0, -15), distance: 21.2
[CombatArena] [STATE] ActionExecution -> PlayerDecision
[RealtimeAIController] State: ActionExecution -> PlayerDecision
[AutoBattlerManager] Action: player_fighter -> Move to (15, 0, -15) (OK)
[COMBAT_LOG] {"ts":1770378163682,"event":"DECISION","unit":"player_fighter","action":"Move","target":"(15, 0, -19.393398)","score":1.2729}
[RealtimeAIController] Fighter -> Move (#2) score:1.27
[CombatArena] ExecuteMovement: player_fighter -> (15, 0, -19.393398)
[CombatArena] [STATE] PlayerDecision -> ActionExecution
[RealtimeAIController] State: PlayerDecision -> ActionExecution
[CombatArena] Fighter moved from (15, 0, -15) to (15, 0, -19.393398), distance: 4.4
[CombatArena] [STATE] ActionExecution -> PlayerDecision
[RealtimeAIController] State: ActionExecution -> PlayerDecision
[AutoBattlerManager] Action: player_fighter -> Move to (15, 0, -19.393398) (OK)
[COMBAT_LOG] {"ts":1770378163785,"event":"DECISION","unit":"player_fighter","action":"Move","target":"(10.606602, 0, -19.393398)","score":1.318554}
[RealtimeAIController] Fighter -> Move (#3) score:1.32
[CombatArena] ExecuteMovement: player_fighter -> (10.606602, 0, -19.393398)
[CombatArena] [STATE] PlayerDecision -> ActionExecution
[RealtimeAIController] State: PlayerDecision -> ActionExecution
[CombatArena] Fighter moved from (15, 0, -19.393398) to (10.606602, 0, -19.393398), distance: 4.4
[CombatArena] [STATE] ActionExecution -> PlayerDecision
[RealtimeAIController] State: ActionExecution -> PlayerDecision
[AutoBattlerManager] Action: player_fighter -> Move to (10.606602, 0, -19.393398) (OK)
[COMBAT_LOG] {"ts":1770378163888,"event":"DECISION","unit":"player_fighter","action":"Dash","score":3.084585}
[RealtimeAIController] Fighter -> Dash (#4) score:3.08
[AutoBattlerManager] Action: player_fighter -> Dash (OK)
[COMBAT_LOG] {"ts":1770378163992,"event":"DECISION","unit":"player_fighter","action":"Move","target":"(10.606602, 0, -4.3933983)","score":1.2479928}
[RealtimeAIController] Fighter -> Move (#5) score:1.25
[CombatArena] ExecuteMovement: player_fighter -> (10.606602, 0, -4.3933983)
[CombatArena] [STATE] PlayerDecision -> ActionExecution
[RealtimeAIController] State: PlayerDecision -> ActionExecution
[CombatArena] Fighter moved from (10.606602, 0, -19.393398) to (10.606602, 0, -4.3933983), distance: 15.0
[CombatArena] [STATE] ActionExecution -> PlayerDecision
[RealtimeAIController] State: ActionExecution -> PlayerDecision
[AutoBattlerManager] Action: player_fighter -> Move to (10.606602, 0, -4.3933983) (OK)
[COMBAT_LOG] {"ts":1770378164095,"event":"DECISION","unit":"player_fighter","action":"Move","target":"(10.606602, 0, -11.893398)","score":1.3076848}
[RealtimeAIController] Fighter -> Move (#6) score:1.31
[CombatArena] ExecuteMovement: player_fighter -> (10.606602, 0, -11.893398)
[CombatArena] [STATE] PlayerDecision -> ActionExecution
[RealtimeAIController] State: PlayerDecision -> ActionExecution
[CombatArena] Fighter moved from (10.606602, 0, -4.3933983) to (10.606602, 0, -11.893398), distance: 7.5
[CombatArena] [STATE] ActionExecution -> PlayerDecision
[RealtimeAIController] State: ActionExecution -> PlayerDecision
[AutoBattlerManager] Action: player_fighter -> Move to (10.606602, 0, -11.893398) (OK)
[COMBAT_LOG] {"ts":1770378164198,"event":"DECISION","unit":"player_fighter","action":"Move","target":"(10.606602, 0, -19.393398)","score":1.3160942}
[RealtimeAIController] Fighter -> Move (#7) score:1.32
[CombatArena] ExecuteMovement: player_fighter -> (10.606602, 0, -19.393398)
[CombatArena] [STATE] PlayerDecision -> ActionExecution
[RealtimeAIController] State: PlayerDecision -> ActionExecution
[CombatArena] Fighter moved from (10.606602, 0, -11.893398) to (10.606602, 0, -19.393398), distance: 7.5
[CombatArena] [STATE] ActionExecution -> PlayerDecision
[RealtimeAIController] State: ActionExecution -> PlayerDecision
[AutoBattlerManager] Action: player_fighter -> Move to (10.606602, 0, -19.393398) (OK)
[COMBAT_LOG] {"ts":1770378164302,"event":"DECISION","unit":"player_fighter","action":"EndTurn","score":0.10112048}
[RealtimeAIController] Fighter -> EndTurn (#8) score:0.10
[RealtimeAIController] Calling EndCurrentTurn()
[CombatArena] [STATE] PlayerDecision -> TurnEnd
[RealtimeAIController] State: PlayerDecision -> TurnEnd
[CombatArena] [TURN] Round 2, Orc Archer
[CombatArena] [STATE] TurnEnd -> TurnStart
[RealtimeAIController] State: TurnEnd -> TurnStart
[CombatArena] [STATE] TurnStart -> AIDecision
[RealtimeAIController] State: TurnStart -> AIDecision
[CombatArena] Camera focusing on Orc Archer via hooks
[CombatArena] SelectCombatant called: enemy_orc_archer
[CombatArena] Selected: enemy_orc_archer
[CombatArena] Turn started: Orc Archer (AI)
[COMBAT_LOG] {"ts":1770378164308,"event":"TURN_START","turn":12,"round":2,"unit":"enemy_orc_archer","unit_name":"Orc Archer","faction":"Hostile","hp":30,"max_hp":30,"ap":"Action | Bonus | Reaction | Move:30/30","pos":[13.106602,0,-16.106602]}
[RealtimeAIController] Turn started for Orc Archer
[COMBAT_LOG] {"ts":1770378164309,"event":"DECISION","unit":"enemy_orc_archer","action":"Attack","target":"player_mage","score":1.0375109}
[RealtimeAIController] Orc Archer -> Attack (#1) score:1.04
[CombatArena] ExecuteAbility: enemy_orc_archer -> basic_attack -> player_mage
[CombatArena] [STATE] AIDecision -> ActionExecution
[RealtimeAIController] State: AIDecision -> ActionExecution
[CombatArena] Orc Archer used basic_attack on Mage: damage:5
[CombatArena] ClearSelection called
[AutoBattlerManager] Action: enemy_orc_archer -> Attack:basic_attack->player_mage (OK)
[CombatArena] [STATE] ActionExecution -> AIDecision
[RealtimeAIController] State: ActionExecution -> AIDecision
[COMBAT_LOG] {"ts":1770378165011,"event":"DECISION","unit":"enemy_orc_archer","action":"Move","target":"(13.106602, 0, -1.1066017)","score":0.65420675}
[RealtimeAIController] Orc Archer -> Move (#2) score:0.65
[CombatArena] ExecuteMovement: enemy_orc_archer -> (13.106602, 0, -1.1066017)
[CombatArena] [STATE] AIDecision -> ActionExecution
[RealtimeAIController] State: AIDecision -> ActionExecution
[CombatArena] Orc Archer moved from (13.106602, 0, -16.106602) to (13.106602, 0, -1.1066017), distance: 15.0
[CombatArena] [STATE] ActionExecution -> AIDecision
[RealtimeAIController] State: ActionExecution -> AIDecision
[AutoBattlerManager] Action: enemy_orc_archer -> Move to (13.106602, 0, -1.1066017) (OK)
[COMBAT_LOG] {"ts":1770378165114,"event":"DECISION","unit":"enemy_orc_archer","action":"Move","target":"(5.6066017, 0, 6.3933983)","score":1.2736186}
[RealtimeAIController] Orc Archer -> Move (#3) score:1.27
[CombatArena] ExecuteMovement: enemy_orc_archer -> (5.6066017, 0, 6.3933983)
[CombatArena] [STATE] AIDecision -> ActionExecution
[RealtimeAIController] State: AIDecision -> ActionExecution
[CombatArena] Orc Archer moved from (13.106602, 0, -1.1066017) to (5.6066017, 0, 6.3933983), distance: 10.6
[CombatArena] [STATE] ActionExecution -> AIDecision
[RealtimeAIController] State: ActionExecution -> AIDecision
[AutoBattlerManager] Action: enemy_orc_archer -> Move to (5.6066017, 0, 6.3933983) (OK)
[COMBAT_LOG] {"ts":1770378165218,"event":"DECISION","unit":"enemy_orc_archer","action":"Move","target":"(3.4099026, 0, 6.3933983)","score":1.296007}
[RealtimeAIController] Orc Archer -> Move (#4) score:1.30
[CombatArena] ExecuteMovement: enemy_orc_archer -> (3.4099026, 0, 6.3933983)
[CombatArena] [STATE] AIDecision -> ActionExecution
[RealtimeAIController] State: AIDecision -> ActionExecution
[CombatArena] Orc Archer moved from (5.6066017, 0, 6.3933983) to (3.4099026, 0, 6.3933983), distance: 2.2
[CombatArena] [STATE] ActionExecution -> AIDecision
[RealtimeAIController] State: ActionExecution -> AIDecision
[AutoBattlerManager] Action: enemy_orc_archer -> Move to (3.4099026, 0, 6.3933983) (OK)
[COMBAT_LOG] {"ts":1770378165321,"event":"DECISION","unit":"enemy_orc_archer","action":"Move","target":"(3.4099026, 0, 5.2950487)","score":1.3108053}
[RealtimeAIController] Orc Archer -> Move (#5) score:1.31
[CombatArena] ExecuteMovement: enemy_orc_archer -> (3.4099026, 0, 5.2950487)
[CombatArena] [STATE] AIDecision -> ActionExecution
[RealtimeAIController] State: AIDecision -> ActionExecution
[CombatArena] Orc Archer moved from (3.4099026, 0, 6.3933983) to (3.4099026, 0, 5.2950487), distance: 1.1
[CombatArena] [STATE] ActionExecution -> AIDecision
[RealtimeAIController] State: ActionExecution -> AIDecision
[AutoBattlerManager] Action: enemy_orc_archer -> Move to (3.4099026, 0, 5.2950487) (OK)
[COMBAT_LOG] {"ts":1770378165424,"event":"DECISION","unit":"enemy_orc_archer","action":"Move","target":"(2.311553, 0, 5.2950487)","score":1.3181814}
[RealtimeAIController] Orc Archer -> Move (#6) score:1.32
[CombatArena] ExecuteMovement: enemy_orc_archer -> (2.311553, 0, 5.2950487)
[CombatArena] [STATE] AIDecision -> ActionExecution
[RealtimeAIController] State: AIDecision -> ActionExecution
[CombatArena] Orc Archer moved from (3.4099026, 0, 5.2950487) to (2.311553, 0, 5.2950487), distance: 1.1
[CombatArena] [STATE] ActionExecution -> AIDecision
[RealtimeAIController] State: ActionExecution -> AIDecision
[AutoBattlerManager] Action: enemy_orc_archer -> Move to (2.311553, 0, 5.2950487) (OK)
[COMBAT_LOG] {"ts":1770378165527,"event":"DECISION","unit":"enemy_orc_archer","action":"EndTurn","score":0.10847371}
[RealtimeAIController] Orc Archer -> EndTurn (#7) score:0.11
[RealtimeAIController] Calling EndCurrentTurn()
[CombatArena] [STATE] AIDecision -> TurnEnd
[RealtimeAIController] State: AIDecision -> TurnEnd
[CombatArena] [TURN] Round 2, Goblin Shaman
[CombatArena] [STATE] TurnEnd -> TurnStart
[RealtimeAIController] State: TurnEnd -> TurnStart
[CombatArena] [STATE] TurnStart -> AIDecision
[RealtimeAIController] State: TurnStart -> AIDecision
[CombatArena] Camera focusing on Goblin Shaman via hooks
[CombatArena] SelectCombatant called: enemy_shaman
[CombatArena] Selected: enemy_shaman
[CombatArena] Turn started: Goblin Shaman (AI)
[COMBAT_LOG] {"ts":1770378165534,"event":"TURN_START","turn":13,"round":2,"unit":"enemy_shaman","unit_name":"Goblin Shaman","faction":"Hostile","hp":28,"max_hp":28,"ap":"Action | Bonus | Reaction | Move:30/30","pos":[-17.536797,0,19.9467]}
[RealtimeAIController] Turn started for Goblin Shaman
[COMBAT_LOG] {"ts":1770378165534,"event":"DECISION","unit":"enemy_shaman","action":"Attack","target":"player_mage","score":1.0632305}
[RealtimeAIController] Goblin Shaman -> Attack (#1) score:1.06
[CombatArena] ExecuteAbility: enemy_shaman -> basic_attack -> player_mage
[CombatArena] [STATE] AIDecision -> ActionExecution
[RealtimeAIController] State: AIDecision -> ActionExecution
[CombatArena] Goblin Shaman used basic_attack on Mage: damage:10
[CombatArena] ClearSelection called
[AutoBattlerManager] Action: enemy_shaman -> Attack:basic_attack->player_mage (OK)
[CombatArena] [STATE] ActionExecution -> AIDecision
[RealtimeAIController] State: ActionExecution -> AIDecision
[COMBAT_LOG] {"ts":1770378166236,"event":"DECISION","unit":"enemy_shaman","action":"Move","target":"(-2.5367966, 0, 19.9467)","score":0.6599434}
[RealtimeAIController] Goblin Shaman -> Move (#2) score:0.66
[CombatArena] ExecuteMovement: enemy_shaman -> (-2.5367966, 0, 19.9467)
[CombatArena] [STATE] AIDecision -> ActionExecution
[RealtimeAIController] State: AIDecision -> ActionExecution
[CombatArena] Goblin Shaman moved from (-17.536797, 0, 19.9467) to (-2.5367966, 0, 19.9467), distance: 15.0
[CombatArena] [STATE] ActionExecution -> AIDecision
[RealtimeAIController] State: ActionExecution -> AIDecision
[AutoBattlerManager] Action: enemy_shaman -> Move to (-2.5367966, 0, 19.9467) (OK)
[COMBAT_LOG] {"ts":1770378166339,"event":"DECISION","unit":"enemy_shaman","action":"Move","target":"(4.9632034, 0, 12.446699)","score":0.6588671}
[RealtimeAIController] Goblin Shaman -> Move (#3) score:0.66
[CombatArena] ExecuteMovement: enemy_shaman -> (4.9632034, 0, 12.446699)
[CombatArena] [STATE] AIDecision -> ActionExecution
[RealtimeAIController] State: AIDecision -> ActionExecution
[CombatArena] Goblin Shaman moved from (-2.5367966, 0, 19.9467) to (4.9632034, 0, 12.446699), distance: 10.6
[CombatArena] [STATE] ActionExecution -> AIDecision
[RealtimeAIController] State: ActionExecution -> AIDecision
[AutoBattlerManager] Action: enemy_shaman -> Move to (4.9632034, 0, 12.446699) (OK)
[COMBAT_LOG] {"ts":1770378166443,"event":"DECISION","unit":"enemy_shaman","action":"Move","target":"(4.9632034, 0, 8.053301)","score":1.2384009}
[RealtimeAIController] Goblin Shaman -> Move (#4) score:1.24
[CombatArena] ExecuteMovement: enemy_shaman -> (4.9632034, 0, 8.053301)
[CombatArena] [STATE] AIDecision -> ActionExecution
[RealtimeAIController] State: AIDecision -> ActionExecution
[CombatArena] Goblin Shaman moved from (4.9632034, 0, 12.446699) to (4.9632034, 0, 8.053301), distance: 4.4
[CombatArena] [STATE] ActionExecution -> AIDecision
[RealtimeAIController] State: ActionExecution -> AIDecision
[AutoBattlerManager] Action: enemy_shaman -> Move to (4.9632034, 0, 8.053301) (OK)
[COMBAT_LOG] {"ts":1770378166546,"event":"DECISION","unit":"enemy_shaman","action":"EndTurn","score":0.10699956}
[RealtimeAIController] Goblin Shaman -> EndTurn (#5) score:0.11
[RealtimeAIController] Calling EndCurrentTurn()
[CombatArena] [STATE] AIDecision -> TurnEnd
[RealtimeAIController] State: AIDecision -> TurnEnd
[CombatArena] [TURN] Round 2, Mage
[CombatArena] [STATE] TurnEnd -> TurnStart
[RealtimeAIController] State: TurnEnd -> TurnStart
[CombatArena] [STATE] TurnStart -> PlayerDecision
[RealtimeAIController] State: TurnStart -> PlayerDecision
[CombatArena] Camera focusing on Mage via hooks
[CombatArena] SelectCombatant called: player_mage
[CombatArena] Selected: player_mage
[CombatArena] Turn started: Mage (Player)
[COMBAT_LOG] {"ts":1770378166553,"event":"TURN_START","turn":14,"round":2,"unit":"player_mage","unit_name":"Mage","faction":"Player","hp":7,"max_hp":32,"ap":"Action | Bonus | Reaction | Move:30/30","pos":[8.25,0,-4.75]}
[RealtimeAIController] Turn started for Mage
[COMBAT_LOG] {"ts":1770378166553,"event":"DECISION","unit":"player_mage","action":"Move","target":"(-6.75, 0, 10.25)","score":1.2740163}
[RealtimeAIController] Mage -> Move (#1) score:1.27
[CombatArena] ExecuteMovement: player_mage -> (-6.75, 0, 10.25)
[CombatArena] [STATE] PlayerDecision -> ActionExecution
[RealtimeAIController] State: PlayerDecision -> ActionExecution
[CombatArena] Mage moved from (8.25, 0, -4.75) to (-6.75, 0, 10.25), distance: 21.2
[CombatArena] [STATE] ActionExecution -> PlayerDecision
[RealtimeAIController] State: ActionExecution -> PlayerDecision
[AutoBattlerManager] Action: player_mage -> Move to (-6.75, 0, 10.25) (OK)
[COMBAT_LOG] {"ts":1770378166656,"event":"DECISION","unit":"player_mage","action":"Move","target":"(-2.3566017, 0, 5.8566017)","score":1.3076348}
[RealtimeAIController] Mage -> Move (#2) score:1.31
[CombatArena] ExecuteMovement: player_mage -> (-2.3566017, 0, 5.8566017)
[CombatArena] [STATE] PlayerDecision -> ActionExecution
[RealtimeAIController] State: PlayerDecision -> ActionExecution
[CombatArena] Mage moved from (-6.75, 0, 10.25) to (-2.3566017, 0, 5.8566017), distance: 6.2
[CombatArena] [STATE] ActionExecution -> PlayerDecision
[RealtimeAIController] State: ActionExecution -> PlayerDecision
[AutoBattlerManager] Action: player_mage -> Move to (-2.3566017, 0, 5.8566017) (OK)
[COMBAT_LOG] {"ts":1770378166759,"event":"DECISION","unit":"player_mage","action":"Dash","score":3.148395}
[RealtimeAIController] Mage -> Dash (#3) score:3.15
[AutoBattlerManager] Action: player_mage -> Dash (OK)
[COMBAT_LOG] {"ts":1770378166862,"event":"DECISION","unit":"player_mage","action":"Move","target":"(13.930195, 0, 22.143398)","score":0.65335834}
[RealtimeAIController] Mage -> Move (#4) score:0.65
[CombatArena] ExecuteMovement: player_mage -> (13.930195, 0, 22.143398)
[CombatArena] [STATE] PlayerDecision -> ActionExecution
[RealtimeAIController] State: PlayerDecision -> ActionExecution
[CombatArena] Mage moved from (-2.3566017, 0, 5.8566017) to (13.930195, 0, 22.143398), distance: 23.0
[CombatArena] [STATE] ActionExecution -> PlayerDecision
[RealtimeAIController] State: ActionExecution -> PlayerDecision
[AutoBattlerManager] Action: player_mage -> Move to (13.930195, 0, 22.143398) (OK)
[COMBAT_LOG] {"ts":1770378166966,"event":"DECISION","unit":"player_mage","action":"Move","target":"(13.930195, 0, 12.602814)","score":0.6583023}
[RealtimeAIController] Mage -> Move (#5) score:0.66
[CombatArena] ExecuteMovement: player_mage -> (13.930195, 0, 12.602814)
[CombatArena] [STATE] PlayerDecision -> ActionExecution
[RealtimeAIController] State: PlayerDecision -> ActionExecution
[CombatArena] Mage moved from (13.930195, 0, 22.143398) to (13.930195, 0, 12.602814), distance: 9.5
[CombatArena] [STATE] ActionExecution -> PlayerDecision
[RealtimeAIController] State: ActionExecution -> PlayerDecision
[AutoBattlerManager] Action: player_mage -> Move to (13.930195, 0, 12.602814) (OK)
[COMBAT_LOG] {"ts":1770378167069,"event":"DECISION","unit":"player_mage","action":"EndTurn","score":0.10865956}
[RealtimeAIController] Mage -> EndTurn (#6) score:0.11
[RealtimeAIController] Calling EndCurrentTurn()
[CombatArena] [STATE] PlayerDecision -> TurnEnd
[RealtimeAIController] State: PlayerDecision -> TurnEnd
[CombatArena] [TURN] Round 2, Orc Brute
[CombatArena] [STATE] TurnEnd -> TurnStart
[RealtimeAIController] State: TurnEnd -> TurnStart
[CombatArena] [STATE] TurnStart -> AIDecision
[RealtimeAIController] State: TurnStart -> AIDecision
[CombatArena] Camera focusing on Orc Brute via hooks
[CombatArena] SelectCombatant called: enemy_orc_brute
[CombatArena] Selected: enemy_orc_brute
[CombatArena] Turn started: Orc Brute (AI)
[COMBAT_LOG] {"ts":1770378167076,"event":"TURN_START","turn":15,"round":2,"unit":"enemy_orc_brute","unit_name":"Orc Brute","faction":"Hostile","hp":37,"max_hp":48,"ap":"Action | Bonus | Reaction | Move:30/30","pos":[-2.0735931,0,9.319805]}
[RealtimeAIController] Turn started for Orc Brute
[COMBAT_LOG] {"ts":1770378167076,"event":"DECISION","unit":"enemy_orc_brute","action":"Attack","target":"player_mage","score":9.209459}
[RealtimeAIController] Orc Brute -> Attack (#1) score:9.21
[CombatArena] ExecuteAbility: enemy_orc_brute -> basic_attack -> player_mage
[CombatArena] [STATE] AIDecision -> ActionExecution
[RealtimeAIController] State: AIDecision -> ActionExecution
[CombatArena] Orc Brute used basic_attack on Mage: damage:9
[CombatArena] ClearSelection called
[AutoBattlerManager] Action: enemy_orc_brute -> Attack:basic_attack->player_mage (OK)
[CombatArena] [STATE] ActionExecution -> AIDecision
[RealtimeAIController] State: ActionExecution -> AIDecision
[COMBAT_LOG] {"ts":1770378167777,"event":"DECISION","unit":"enemy_orc_brute","action":"Move","target":"(12.926407, 0, -5.680195)","score":0.65514123}
[RealtimeAIController] Orc Brute -> Move (#2) score:0.66
[CombatArena] ExecuteMovement: enemy_orc_brute -> (12.926407, 0, -5.680195)
[CombatArena] [STATE] AIDecision -> ActionExecution
[RealtimeAIController] State: AIDecision -> ActionExecution
[CombatArena] Orc Brute moved from (-2.0735931, 0, 9.319805) to (12.926407, 0, -5.680195), distance: 21.2
[CombatArena] [STATE] ActionExecution -> AIDecision
[RealtimeAIController] State: ActionExecution -> AIDecision
[AutoBattlerManager] Action: enemy_orc_brute -> Move to (12.926407, 0, -5.680195) (OK)
[COMBAT_LOG] {"ts":1770378167880,"event":"DECISION","unit":"enemy_orc_brute","action":"Move","target":"(8.533009, 0, -10.073593)","score":1.293405}
[RealtimeAIController] Orc Brute -> Move (#3) score:1.29
[CombatArena] ExecuteMovement: enemy_orc_brute -> (8.533009, 0, -10.073593)
[CombatArena] [STATE] AIDecision -> ActionExecution
[RealtimeAIController] State: AIDecision -> ActionExecution
[CombatArena] Orc Brute moved from (12.926407, 0, -5.680195) to (8.533009, 0, -10.073593), distance: 6.2
[CombatArena] [STATE] ActionExecution -> AIDecision
[RealtimeAIController] State: ActionExecution -> AIDecision
[AutoBattlerManager] Action: enemy_orc_brute -> Move to (8.533009, 0, -10.073593) (OK)
[COMBAT_LOG] {"ts":1770378167983,"event":"DECISION","unit":"enemy_orc_brute","action":"Move","target":"(7.246212, 0, -10.073593)","score":1.2948279}
[RealtimeAIController] Orc Brute -> Move (#4) score:1.29
[CombatArena] ExecuteMovement: enemy_orc_brute -> (7.246212, 0, -10.073593)
[CombatArena] [STATE] AIDecision -> ActionExecution
[RealtimeAIController] State: AIDecision -> ActionExecution
[CombatArena] Orc Brute moved from (8.533009, 0, -10.073593) to (7.246212, 0, -10.073593), distance: 1.3
[CombatArena] [STATE] ActionExecution -> AIDecision
[RealtimeAIController] State: ActionExecution -> AIDecision
[AutoBattlerManager] Action: enemy_orc_brute -> Move to (7.246212, 0, -10.073593) (OK)
[COMBAT_LOG] {"ts":1770378168086,"event":"DECISION","unit":"enemy_orc_brute","action":"Move","target":"(7.8896103, 0, -10.073593)","score":1.3188348}
[RealtimeAIController] Orc Brute -> Move (#5) score:1.32
[CombatArena] ExecuteMovement: enemy_orc_brute -> (7.8896103, 0, -10.073593)
[CombatArena] [STATE] AIDecision -> ActionExecution
[RealtimeAIController] State: AIDecision -> ActionExecution
[CombatArena] Orc Brute moved from (7.246212, 0, -10.073593) to (7.8896103, 0, -10.073593), distance: 0.6
[CombatArena] [STATE] ActionExecution -> AIDecision
[RealtimeAIController] State: ActionExecution -> AIDecision
[AutoBattlerManager] Action: enemy_orc_brute -> Move to (7.8896103, 0, -10.073593) (OK)
[COMBAT_LOG] {"ts":1770378168189,"event":"DECISION","unit":"enemy_orc_brute","action":"Move","target":"(7.567911, 0, -9.751894)","score":1.2924669}
[RealtimeAIController] Orc Brute -> Move (#6) score:1.29
[CombatArena] ExecuteMovement: enemy_orc_brute -> (7.567911, 0, -9.751894)
[CombatArena] [STATE] AIDecision -> ActionExecution
[RealtimeAIController] State: AIDecision -> ActionExecution
[CombatArena] Orc Brute moved from (7.8896103, 0, -10.073593) to (7.567911, 0, -9.751894), distance: 0.5
[CombatArena] [STATE] ActionExecution -> AIDecision
[RealtimeAIController] State: ActionExecution -> AIDecision
[AutoBattlerManager] Action: enemy_orc_brute -> Move to (7.567911, 0, -9.751894) (OK)
[COMBAT_LOG] {"ts":1770378168293,"event":"DECISION","unit":"enemy_orc_brute","action":"Move","target":"(7.756358, 0, -9.751894)","score":1.3110269}
[RealtimeAIController] Orc Brute -> Move (#7) score:1.31
[CombatArena] ExecuteMovement: enemy_orc_brute -> (7.756358, 0, -9.751894)
[CombatArena] [STATE] AIDecision -> ActionExecution
[RealtimeAIController] State: AIDecision -> ActionExecution
[CombatArena] Orc Brute moved from (7.567911, 0, -9.751894) to (7.756358, 0, -9.751894), distance: 0.2
[CombatArena] [STATE] ActionExecution -> AIDecision
[RealtimeAIController] State: ActionExecution -> AIDecision
[AutoBattlerManager] Action: enemy_orc_brute -> Move to (7.756358, 0, -9.751894) (OK)
[COMBAT_LOG] {"ts":1770378168395,"event":"DECISION","unit":"enemy_orc_brute","action":"EndTurn","score":0.107865885}
[RealtimeAIController] Orc Brute -> EndTurn (#8) score:0.11
[RealtimeAIController] Calling EndCurrentTurn()
[CombatArena] [STATE] AIDecision -> TurnEnd
[RealtimeAIController] State: AIDecision -> TurnEnd
[CombatArena] [TURN] Round 2, Cleric
[CombatArena] [STATE] TurnEnd -> TurnStart
[RealtimeAIController] State: TurnEnd -> TurnStart
[CombatArena] [STATE] TurnStart -> PlayerDecision
[RealtimeAIController] State: TurnStart -> PlayerDecision
[CombatArena] Camera focusing on Cleric via hooks
[CombatArena] SelectCombatant called: player_cleric
[CombatArena] Selected: player_cleric
[CombatArena] Turn started: Cleric (Player)
[COMBAT_LOG] {"ts":1770378168402,"event":"TURN_START","turn":16,"round":2,"unit":"player_cleric","unit_name":"Cleric","faction":"Player","hp":44,"max_hp":44,"ap":"Action | Bonus | Reaction | Move:30/30","pos":[9.606602,0,-13.606602]}
[RealtimeAIController] Turn started for Cleric
[COMBAT_LOG] {"ts":1770378168403,"event":"DECISION","unit":"player_cleric","action":"Attack","target":"enemy_orc_archer","score":0.70649767}
[RealtimeAIController] Cleric -> Attack (#1) score:0.71
[CombatArena] ExecuteAbility: player_cleric -> basic_attack -> enemy_orc_archer
[CombatArena] [STATE] PlayerDecision -> ActionExecution
[RealtimeAIController] State: PlayerDecision -> ActionExecution
[CombatArena] Cleric used basic_attack on Orc Archer: damage:7
[CombatArena] ClearSelection called
[AutoBattlerManager] Action: player_cleric -> Attack:basic_attack->enemy_orc_archer (OK)
[CombatArena] [STATE] ActionExecution -> PlayerDecision
[RealtimeAIController] State: ActionExecution -> PlayerDecision
[COMBAT_LOG] {"ts":1770378169103,"event":"DECISION","unit":"player_cleric","action":"Move","target":"(9.606602, 0, 16.393398)","score":0.65590376}
[RealtimeAIController] Cleric -> Move (#2) score:0.66
[CombatArena] ExecuteMovement: player_cleric -> (9.606602, 0, 16.393398)
[CombatArena] [STATE] PlayerDecision -> ActionExecution
[RealtimeAIController] State: PlayerDecision -> ActionExecution
[CombatArena] Cleric moved from (9.606602, 0, -13.606602) to (9.606602, 0, 16.393398), distance: 30.0
[CombatArena] [STATE] ActionExecution -> PlayerDecision
[RealtimeAIController] State: ActionExecution -> PlayerDecision
[AutoBattlerManager] Action: player_cleric -> Move to (9.606602, 0, 16.393398) (OK)
[COMBAT_LOG] {"ts":1770378169206,"event":"DECISION","unit":"player_cleric","action":"EndTurn","score":0.10530541}
[RealtimeAIController] Cleric -> EndTurn (#3) score:0.11
[RealtimeAIController] Calling EndCurrentTurn()
[CombatArena] [STATE] PlayerDecision -> TurnEnd
[RealtimeAIController] State: PlayerDecision -> TurnEnd
[CombatArena] [TURN] Round 3, Rogue
[CombatArena] [STATE] TurnEnd -> RoundEnd
[RealtimeAIController] State: TurnEnd -> RoundEnd
[CombatArena] [STATE] RoundEnd -> TurnStart
[RealtimeAIController] State: RoundEnd -> TurnStart
[CombatArena] Round 3: Reset reactions for all combatants
[CombatArena] [STATE] TurnStart -> PlayerDecision
[RealtimeAIController] State: TurnStart -> PlayerDecision
[CombatArena] Camera focusing on Rogue via hooks
[CombatArena] SelectCombatant called: player_rogue
[CombatArena] Selected: player_rogue
[CombatArena] Turn started: Rogue (Player)
[COMBAT_LOG] {"ts":1770378169213,"event":"TURN_START","turn":17,"round":3,"unit":"player_rogue","unit_name":"Rogue","faction":"Player","hp":26,"max_hp":36,"ap":"Action | Bonus | Reaction | Move:30/30","pos":[6.77288,0,3.7009544]}
[RealtimeAIController] Turn started for Rogue
[COMBAT_LOG] {"ts":1770378169213,"event":"DECISION","unit":"player_rogue","action":"Move","target":"(6.77288, 0, -11.299046)","score":1.2873741}
[RealtimeAIController] Rogue -> Move (#1) score:1.29
[CombatArena] ExecuteMovement: player_rogue -> (6.77288, 0, -11.299046)
[CombatArena] [STATE] PlayerDecision -> ActionExecution
[RealtimeAIController] State: PlayerDecision -> ActionExecution
[CombatArena] Rogue moved from (6.77288, 0, 3.7009544) to (6.77288, 0, -11.299046), distance: 15.0
[CombatArena] [STATE] ActionExecution -> PlayerDecision
[RealtimeAIController] State: ActionExecution -> PlayerDecision
[AutoBattlerManager] Action: player_rogue -> Move to (6.77288, 0, -11.299046) (OK)
[COMBAT_LOG] {"ts":1770378169316,"event":"DECISION","unit":"player_rogue","action":"Move","target":"(6.77288, 0, 3.7009544)","score":1.2316644}
[RealtimeAIController] Rogue -> Move (#2) score:1.23
[CombatArena] ExecuteMovement: player_rogue -> (6.77288, 0, 3.7009544)
[CombatArena] [STATE] PlayerDecision -> ActionExecution
[RealtimeAIController] State: PlayerDecision -> ActionExecution
[CombatArena] Rogue moved from (6.77288, 0, -11.299046) to (6.77288, 0, 3.7009544), distance: 15.0
[CombatArena] [STATE] ActionExecution -> PlayerDecision
[RealtimeAIController] State: ActionExecution -> PlayerDecision
[AutoBattlerManager] Action: player_rogue -> Move to (6.77288, 0, 3.7009544) (OK)
[COMBAT_LOG] {"ts":1770378169419,"event":"DECISION","unit":"player_rogue","action":"Dash","score":3.1414797}
[RealtimeAIController] Rogue -> Dash (#3) score:3.14
[AutoBattlerManager] Action: player_rogue -> Dash (OK)
[COMBAT_LOG] {"ts":1770378169522,"event":"DECISION","unit":"player_rogue","action":"Move","target":"(6.77288, 0, -11.299046)","score":1.2102011}
[RealtimeAIController] Rogue -> Move (#4) score:1.21
[CombatArena] ExecuteMovement: player_rogue -> (6.77288, 0, -11.299046)
[CombatArena] [STATE] PlayerDecision -> ActionExecution
[RealtimeAIController] State: PlayerDecision -> ActionExecution
[CombatArena] Rogue moved from (6.77288, 0, 3.7009544) to (6.77288, 0, -11.299046), distance: 15.0
[CombatArena] [STATE] ActionExecution -> PlayerDecision
[RealtimeAIController] State: ActionExecution -> PlayerDecision
[AutoBattlerManager] Action: player_rogue -> Move to (6.77288, 0, -11.299046) (OK)
[COMBAT_LOG] {"ts":1770378169625,"event":"DECISION","unit":"player_rogue","action":"Move","target":"(6.77288, 0, 3.7009544)","score":1.2625781}
[RealtimeAIController] Rogue -> Move (#5) score:1.26
[CombatArena] ExecuteMovement: player_rogue -> (6.77288, 0, 3.7009544)
[CombatArena] [STATE] PlayerDecision -> ActionExecution
[RealtimeAIController] State: PlayerDecision -> ActionExecution
[CombatArena] Rogue moved from (6.77288, 0, -11.299046) to (6.77288, 0, 3.7009544), distance: 15.0
[CombatArena] [STATE] ActionExecution -> PlayerDecision
[RealtimeAIController] State: ActionExecution -> PlayerDecision
[AutoBattlerManager] Action: player_rogue -> Move to (6.77288, 0, 3.7009544) (OK)
[COMBAT_LOG] {"ts":1770378169728,"event":"DECISION","unit":"player_rogue","action":"EndTurn","score":0.102448344}
[RealtimeAIController] Rogue -> EndTurn (#6) score:0.10
[RealtimeAIController] Calling EndCurrentTurn()
[CombatArena] [STATE] PlayerDecision -> TurnEnd
[RealtimeAIController] State: PlayerDecision -> TurnEnd
[CombatArena] [TURN] Round 3, Goblin Skirmisher
[CombatArena] [STATE] TurnEnd -> TurnStart
[RealtimeAIController] State: TurnEnd -> TurnStart
[CombatArena] [STATE] TurnStart -> AIDecision
[RealtimeAIController] State: TurnStart -> AIDecision
[CombatArena] Camera focusing on Goblin Skirmisher via hooks
[CombatArena] SelectCombatant called: enemy_goblin
[CombatArena] Selected: enemy_goblin
[CombatArena] Turn started: Goblin Skirmisher (AI)
[COMBAT_LOG] {"ts":1770378169735,"event":"TURN_START","turn":18,"round":3,"unit":"enemy_goblin","unit_name":"Goblin Skirmisher","faction":"Hostile","hp":22,"max_hp":22,"ap":"Action | Bonus | Reaction | Move:30/30","pos":[7,0,-4.5]}
[RealtimeAIController] Turn started for Goblin Skirmisher
[COMBAT_LOG] {"ts":1770378169736,"event":"DECISION","unit":"enemy_goblin","action":"Move","target":"(7, 0, -19.5)","score":1.2039282}
[RealtimeAIController] Goblin Skirmisher -> Move (#1) score:1.20
[CombatArena] ExecuteMovement: enemy_goblin -> (7, 0, -19.5)
[CombatArena] [STATE] AIDecision -> ActionExecution
[RealtimeAIController] State: AIDecision -> ActionExecution
[CombatArena] Goblin Skirmisher moved from (7, 0, -4.5) to (7, 0, -19.5), distance: 15.0
[CombatArena] [STATE] ActionExecution -> AIDecision
[RealtimeAIController] State: ActionExecution -> AIDecision
[AutoBattlerManager] Action: enemy_goblin -> Move to (7, 0, -19.5) (OK)
[COMBAT_LOG] {"ts":1770378169838,"event":"DECISION","unit":"enemy_goblin","action":"Move","target":"(14.5, 0, -19.5)","score":1.2393403}
[RealtimeAIController] Goblin Skirmisher -> Move (#2) score:1.24
[CombatArena] ExecuteMovement: enemy_goblin -> (14.5, 0, -19.5)
[CombatArena] [STATE] AIDecision -> ActionExecution
[RealtimeAIController] State: AIDecision -> ActionExecution
[CombatArena] Goblin Skirmisher moved from (7, 0, -19.5) to (14.5, 0, -19.5), distance: 7.5
[CombatArena] [STATE] ActionExecution -> AIDecision
[RealtimeAIController] State: ActionExecution -> AIDecision
[AutoBattlerManager] Action: enemy_goblin -> Move to (14.5, 0, -19.5) (OK)
[COMBAT_LOG] {"ts":1770378169941,"event":"DECISION","unit":"enemy_goblin","action":"Move","target":"(7, 0, -19.5)","score":1.2923661}
[RealtimeAIController] Goblin Skirmisher -> Move (#3) score:1.29
[CombatArena] ExecuteMovement: enemy_goblin -> (7, 0, -19.5)
[CombatArena] [STATE] AIDecision -> ActionExecution
[RealtimeAIController] State: AIDecision -> ActionExecution
[CombatArena] Goblin Skirmisher moved from (14.5, 0, -19.5) to (7, 0, -19.5), distance: 7.5
[CombatArena] [STATE] ActionExecution -> AIDecision
[RealtimeAIController] State: ActionExecution -> AIDecision
[AutoBattlerManager] Action: enemy_goblin -> Move to (7, 0, -19.5) (OK)
[COMBAT_LOG] {"ts":1770378170044,"event":"DECISION","unit":"enemy_goblin","action":"Dash","score":3.192692}
[RealtimeAIController] Goblin Skirmisher -> Dash (#4) score:3.19
[AutoBattlerManager] Action: enemy_goblin -> Dash (OK)
[COMBAT_LOG] {"ts":1770378170148,"event":"DECISION","unit":"enemy_goblin","action":"Move","target":"(7, 0, 10.5)","score":0.6525289}
[RealtimeAIController] Goblin Skirmisher -> Move (#5) score:0.65
[CombatArena] ExecuteMovement: enemy_goblin -> (7, 0, 10.5)
[CombatArena] [STATE] AIDecision -> ActionExecution
[RealtimeAIController] State: AIDecision -> ActionExecution
[CombatArena] Goblin Skirmisher moved from (7, 0, -19.5) to (7, 0, 10.5), distance: 30.0
[CombatArena] [STATE] ActionExecution -> AIDecision
[RealtimeAIController] State: ActionExecution -> AIDecision
[AutoBattlerManager] Action: enemy_goblin -> Move to (7, 0, 10.5) (OK)
[COMBAT_LOG] {"ts":1770378170250,"event":"DECISION","unit":"enemy_goblin","action":"EndTurn","score":0.107961334}
[RealtimeAIController] Goblin Skirmisher -> EndTurn (#6) score:0.11
[RealtimeAIController] Calling EndCurrentTurn()
[CombatArena] [STATE] AIDecision -> TurnEnd
[RealtimeAIController] State: AIDecision -> TurnEnd
[CombatArena] [TURN] Round 3, Fighter
[CombatArena] [STATE] TurnEnd -> TurnStart
[RealtimeAIController] State: TurnEnd -> TurnStart
[CombatArena] [STATE] TurnStart -> PlayerDecision
[RealtimeAIController] State: TurnStart -> PlayerDecision
[CombatArena] Camera focusing on Fighter via hooks
[CombatArena] SelectCombatant called: player_fighter
[CombatArena] Selected: player_fighter
[CombatArena] Turn started: Fighter (Player)
[COMBAT_LOG] {"ts":1770378170257,"event":"TURN_START","turn":19,"round":3,"unit":"player_fighter","unit_name":"Fighter","faction":"Player","hp":52,"max_hp":52,"ap":"Action | Bonus | Reaction | Move:30/30","pos":[10.606602,0,-19.393398]}
[RealtimeAIController] Turn started for Fighter
[COMBAT_LOG] {"ts":1770378170258,"event":"DECISION","unit":"player_fighter","action":"Move","target":"(10.606602, 0, 10.606602)","score":1.27553}
[RealtimeAIController] Fighter -> Move (#1) score:1.28
[CombatArena] ExecuteMovement: player_fighter -> (10.606602, 0, 10.606602)
[CombatArena] [STATE] PlayerDecision -> ActionExecution
[RealtimeAIController] State: PlayerDecision -> ActionExecution
[CombatArena] Fighter moved from (10.606602, 0, -19.393398) to (10.606602, 0, 10.606602), distance: 30.0
[CombatArena] [STATE] ActionExecution -> PlayerDecision
[RealtimeAIController] State: ActionExecution -> PlayerDecision
[AutoBattlerManager] Action: player_fighter -> Move to (10.606602, 0, 10.606602) (OK)
[COMBAT_LOG] {"ts":1770378170360,"event":"DECISION","unit":"player_fighter","action":"Dash","score":3.1707914}
[RealtimeAIController] Fighter -> Dash (#2) score:3.17
[AutoBattlerManager] Action: player_fighter -> Dash (OK)
[COMBAT_LOG] {"ts":1770378170463,"event":"DECISION","unit":"player_fighter","action":"Move","target":"(-4.3933983, 0, 10.606602)","score":0.6598302}
[RealtimeAIController] Fighter -> Move (#3) score:0.66
[CombatArena] ExecuteMovement: player_fighter -> (-4.3933983, 0, 10.606602)
[CombatArena] [STATE] PlayerDecision -> ActionExecution
[RealtimeAIController] State: PlayerDecision -> ActionExecution
[CombatArena] Fighter moved from (10.606602, 0, 10.606602) to (-4.3933983, 0, 10.606602), distance: 15.0
[CombatArena] [STATE] ActionExecution -> PlayerDecision
[RealtimeAIController] State: ActionExecution -> PlayerDecision
[AutoBattlerManager] Action: player_fighter -> Move to (-4.3933983, 0, 10.606602) (OK)
[COMBAT_LOG] {"ts":1770378170566,"event":"DECISION","unit":"player_fighter","action":"Move","target":"(10.606602, 0, 10.606602)","score":1.2976247}
[RealtimeAIController] Fighter -> Move (#4) score:1.30
[CombatArena] ExecuteMovement: player_fighter -> (10.606602, 0, 10.606602)
[CombatArena] [STATE] PlayerDecision -> ActionExecution
[RealtimeAIController] State: PlayerDecision -> ActionExecution
[CombatArena] Fighter moved from (-4.3933983, 0, 10.606602) to (10.606602, 0, 10.606602), distance: 15.0
[CombatArena] [STATE] ActionExecution -> PlayerDecision
[RealtimeAIController] State: ActionExecution -> PlayerDecision
[AutoBattlerManager] Action: player_fighter -> Move to (10.606602, 0, 10.606602) (OK)
[COMBAT_LOG] {"ts":1770378170669,"event":"DECISION","unit":"player_fighter","action":"EndTurn","score":0.10304752}
[RealtimeAIController] Fighter -> EndTurn (#5) score:0.10
[RealtimeAIController] Calling EndCurrentTurn()
[CombatArena] [STATE] PlayerDecision -> TurnEnd
[RealtimeAIController] State: PlayerDecision -> TurnEnd
[CombatArena] [TURN] Round 3, Orc Archer
[CombatArena] [STATE] TurnEnd -> TurnStart
[RealtimeAIController] State: TurnEnd -> TurnStart
[CombatArena] [STATE] TurnStart -> AIDecision
[RealtimeAIController] State: TurnStart -> AIDecision
[CombatArena] Camera focusing on Orc Archer via hooks
[CombatArena] SelectCombatant called: enemy_orc_archer
[CombatArena] Selected: enemy_orc_archer
[CombatArena] Turn started: Orc Archer (AI)
[COMBAT_LOG] {"ts":1770378170676,"event":"TURN_START","turn":20,"round":3,"unit":"enemy_orc_archer","unit_name":"Orc Archer","faction":"Hostile","hp":23,"max_hp":30,"ap":"Action | Bonus | Reaction | Move:30/30","pos":[2.311553,0,5.2950487]}
[AutoBattlerManager] Turn limit reached (20)
[AutoBattleWatchdog] Monitoring STOPPED
[RealtimeAIController] Processing DISABLED
[COMBAT_LOG] {"ts":1770378170679,"event":"BATTLE_END","winner":"Draw (timeout)","total_turns":20,"total_rounds":3,"duration_ms":16376}

â•”â•â•â•â•â•â•â•â•â•â•â•â•â•â•â•â•â•â•â•â•â•â•â•â•â•â•â•â•â•â•â•â•â•â•â•â•â•â•â•â•â•â•â•â•â•â•â•â•â•â•â•â•—
â•‘             AUTO-BATTLE RESULTS                   â•‘
â•šâ•â•â•â•â•â•â•â•â•â•â•â•â•â•â•â•â•â•â•â•â•â•â•â•â•â•â•â•â•â•â•â•â•â•â•â•â•â•â•â•â•â•â•â•â•â•â•â•â•â•â•â•

  Winner:       Draw (timeout)
  Total Turns:  20
  Total Rounds: 3
  Duration:     16376ms
  Completed:    False
  End Reason:   max_turns_exceeded
  Seed:         3003

  Surviving Units:
    - Fighter (player_fighter) HP:52/52
    - Cleric (player_cleric) HP:44/44
    - Rogue (player_rogue) HP:26/36
    - Orc Brute (enemy_orc_brute) HP:37/48
    - Orc Archer (enemy_orc_archer) HP:23/30
    - Goblin Skirmisher (enemy_goblin) HP:22/22
    - Goblin Shaman (enemy_shaman) HP:28/28

AUTO-BATTLE: FAILED (max_turns_exceeded)
[RealtimeAIController] Turn started for Orc Archer
[RealtimeAIController] Orc Archer -> Attack (#1) score:1.07
[CombatArena] ExecuteAbility: enemy_orc_archer -> basic_attack -> player_fighter
[CombatArena] [STATE] AIDecision -> ActionExecution
[RealtimeAIController] State: AIDecision -> ActionExecution
[CombatArena] Orc Archer used basic_attack on Fighter: damage:8
[CombatArena] ClearSelection called
[AutoBattlerManager] Action: enemy_orc_archer -> Attack:basic_attack->player_fighter (OK)
