[0;32m[INFO][0m Using Godot: godot
[0;32m[INFO][0m Project dir: /home/martin/repos/qdnd
[0;32m[INFO][0m Running auto-battle...
[0;36mâ•â•â•â•â•â•â•â•â•â•â•â•â•â•â•â•â•â•â•â•â•â•â•â•â•â•â•â•â•â•â•â•â•â•â•â•â•â•â•â•â•â•â•â•â•â•â•â•â•â•â•[0m
Godot Engine v4.6.stable.mono.official.89cea1439 - https://godotengine.org

[CLIEntryPoint] Raw args: res://Tools/CLIRunner.tscn
[CLIEntryPoint] User args: --run-autobattle --seed 3011 --freeze-timeout 10 --loop-threshold 20 --max-turns 20 --log-file artifacts/autobattle/stress4/seed_3011.jsonl
[CLIEntryPoint] Parsed args: run-autobattle=true, seed=3011, freeze-timeout=10, loop-threshold=20, max-turns=20, log-file=artifacts/autobattle/stress4/seed_3011.jsonl
[CLIEntryPoint] Checking modes: run-tests=False, run-simulation=False, run-autobattle=True
=== IN-ENGINE AUTO-BATTLE RUN ===
Timestamp: 2026-02-06T11:44:39.5270665Z
NOTE: Running the REAL CombatArena.tscn scene with AI control.

Seed: 3011
Scenario: res://Data/Scenarios/autobattle_4v4.json
Log file: artifacts/autobattle/stress4/seed_3011.jsonl
Max rounds: 100
Max turns: 20
Watchdog freeze timeout: 10s
Watchdog loop threshold: 20

[AutoBattlerManager] === STARTING IN-ENGINE AUTO-BATTLE ===
[AutoBattlerManager] Seed: 3011
[AutoBattlerManager] Scenario: res://Data/Scenarios/autobattle_4v4.json
[AutoBattlerManager] Loading scene: res://Combat/Arena/CombatArena.tscn
[CombatArena] === COMBAT ARENA INITIALIZING ===
[CombatArena] Ground collision plane created (100x100m at Y=0)
[CombatArena] CombatContext created
[CombatContext] Registered service: CombatStateMachine
[CombatContext] Registered service: TurnQueueService
[CombatContext] Registered service: CommandService
[CombatContext] Registered service: CombatLog
[CombatContext] Registered service: ScenarioLoader
[Registry] Loaded from /home/martin/repos/qdnd/Data:
  - 7 abilities
  - 6 statuses
  - 20 scenarios
[INFO] [Registry] Dependencies: Checked 7 abilities, 6 statuses, 20 scenarios
[Registry] Validation complete: 0 errors, 0 warnings
[CombatContext] Registered service: DataRegistry
[CombatContext] Registered service: RulesEngine
[CombatContext] Registered service: StatusManager
[CombatContext] Registered service: EffectPipeline
[CombatContext] Registered service: TargetValidator
[CombatContext] Registered service: ReactionSystem
[CombatContext] Registered service: LOSService
[CombatContext] Registered service: HeightService
[CombatContext] Registered service: AIDecisionPipeline
[CombatContext] Registered service: MovementService
[CombatContext] Registered service: SurfaceManager
[CombatContext] Registered service: PresentationRequestBus
[CombatContext] Registered service: CameraStateHooks
[CombatArena] UI Models initialized
[CombatArena] Services registered: 18
[CombatArena] Loaded scenario: 8 combatants
[CombatArena] Loaded scenario from: res://Data/Scenarios/autobattle_4v4.json
[CombatArena] Registered default abilities: basic_attack, ranged_attack, power_strike
[CombatArena] Instantiating visual from scene for Fighter
[CombatantVisual] CollisionShape3D found for Fighter
[CombatantVisual] Fighter initialized - Layer: 2, Mask: 0, Pickable: True, HasShape: True
[CombatArena] Spawned visual for Fighter at (0, 0, 0), Layer: 2, InTree: True
[CombatArena] Instantiating visual from scene for Mage
[CombatantVisual] CollisionShape3D found for Mage
[CombatantVisual] Mage initialized - Layer: 2, Mask: 0, Pickable: True, HasShape: True
[CombatArena] Spawned visual for Mage at (-3, 0, -1), Layer: 2, InTree: True
[CombatArena] Instantiating visual from scene for Cleric
[CombatantVisual] CollisionShape3D found for Cleric
[CombatantVisual] Cleric initialized - Layer: 2, Mask: 0, Pickable: True, HasShape: True
[CombatArena] Spawned visual for Cleric at (-1, 0, -3), Layer: 2, InTree: True
[CombatArena] Instantiating visual from scene for Rogue
[CombatantVisual] CollisionShape3D found for Rogue
[CombatantVisual] Rogue initialized - Layer: 2, Mask: 0, Pickable: True, HasShape: True
[CombatArena] Spawned visual for Rogue at (2, 0, -2), Layer: 2, InTree: True
[CombatArena] Instantiating visual from scene for Orc Brute
[CombatantVisual] CollisionShape3D found for Orc Brute
[CombatantVisual] Orc Brute initialized - Layer: 2, Mask: 0, Pickable: True, HasShape: True
[CombatArena] Spawned visual for Orc Brute at (8, 0, 0), Layer: 2, InTree: True
[CombatArena] Instantiating visual from scene for Orc Archer
[CombatantVisual] CollisionShape3D found for Orc Archer
[CombatantVisual] Orc Archer initialized - Layer: 2, Mask: 0, Pickable: True, HasShape: True
[CombatArena] Spawned visual for Orc Archer at (10, 0, 2), Layer: 2, InTree: True
[CombatArena] Instantiating visual from scene for Goblin Skirmisher
[CombatantVisual] CollisionShape3D found for Goblin Skirmisher
[CombatantVisual] Goblin Skirmisher initialized - Layer: 2, Mask: 0, Pickable: True, HasShape: True
[CombatArena] Spawned visual for Goblin Skirmisher at (7, 0, 3), Layer: 2, InTree: True
[CombatArena] Instantiating visual from scene for Goblin Shaman
[CombatantVisual] CollisionShape3D found for Goblin Shaman
[CombatantVisual] Goblin Shaman initialized - Layer: 2, Mask: 0, Pickable: True, HasShape: True
[CombatArena] Spawned visual for Goblin Shaman at (10, 0, -1), Layer: 2, InTree: True
[CombatArena] [STATE] NotInCombat -> CombatStart
[CombatArena] [TURN] Round 1, Rogue
[CombatArena] [STATE] CombatStart -> TurnStart
[CombatArena] Round 1: Reset reactions for all combatants
[CombatArena] [STATE] TurnStart -> PlayerDecision
[CombatArena] Camera focusing on Rogue via hooks
[CombatArena] SelectCombatant called: player_rogue
[CombatArena] Selected: player_rogue
[CombatArena] Turn started: Rogue (Player)
[CombatArena] === COMBAT ARENA READY ===
[AutoBattlerManager] CombatArena added to scene tree
[AutoBattleWatchdog] Ready
[AutoBattlerManager] Watchdog created
[RealtimeAIController] Ready
[AutoBattlerManager] RealtimeAIController created
[AutoBattleWatchdog] Monitoring STARTED (freeze: 10s, loop: 20 in 1s)
[AutoBattlerManager] Scene loaded, waiting for combat to start...
[AutoBattlerManager] Arena ready, attaching AI controller...
[RealtimeAIController] Subscribed to state machine
[RealtimeAIController] Attached to CombatArena
[COMBAT_LOG] {"ts":1770378279759,"event":"BATTLE_START","seed":3011,"units":[{"id":"player_fighter","name":"Fighter","faction":"Player","hp":52,"max_hp":52,"pos":[0,0,0],"alive":true},{"id":"player_mage","name":"Mage","faction":"Player","hp":32,"max_hp":32,"pos":[-3,0,-1],"alive":true},{"id":"player_cleric","name":"Cleric","faction":"Player","hp":44,"max_hp":44,"pos":[-1,0,-3],"alive":true},{"id":"player_rogue","name":"Rogue","faction":"Player","hp":36,"max_hp":36,"pos":[2,0,-2],"alive":true},{"id":"enemy_orc_brute","name":"Orc Brute","faction":"Hostile","hp":48,"max_hp":48,"pos":[8,0,0],"alive":true},{"id":"enemy_orc_archer","name":"Orc Archer","faction":"Hostile","hp":30,"max_hp":30,"pos":[10,0,2],"alive":true},{"id":"enemy_goblin","name":"Goblin Skirmisher","faction":"Hostile","hp":22,"max_hp":22,"pos":[7,0,3],"alive":true},{"id":"enemy_shaman","name":"Goblin Shaman","faction":"Hostile","hp":28,"max_hp":28,"pos":[10,0,-1],"alive":true}]}
[AutoBattlerManager] Enabling AI processing...
[RealtimeAIController] Processing ENABLED
[COMBAT_LOG] {"ts":1770378280102,"event":"TURN_START","turn":1,"round":1,"unit":"player_rogue","unit_name":"Rogue","faction":"Player","hp":36,"max_hp":36,"ap":"Action | Bonus | Reaction | Move:30/30","pos":[2,0,-2]}
[RealtimeAIController] Turn started for Rogue
[COMBAT_LOG] {"ts":1770378280113,"event":"DECISION","unit":"player_rogue","action":"Attack","target":"enemy_orc_brute","score":0.69533235}
[RealtimeAIController] Rogue -> Attack (#1) score:0.70
[CombatArena] ExecuteAbility: player_rogue -> basic_attack -> enemy_orc_brute
[CombatArena] [STATE] PlayerDecision -> ActionExecution
[RealtimeAIController] State: PlayerDecision -> ActionExecution
[CombatArena] Rogue used basic_attack on Orc Brute: damage:6
[CombatArena] ClearSelection called
[AutoBattlerManager] Action: player_rogue -> Attack:basic_attack->enemy_orc_brute (OK)
[CombatArena] [STATE] ActionExecution -> PlayerDecision
[RealtimeAIController] State: ActionExecution -> PlayerDecision
[COMBAT_LOG] {"ts":1770378280810,"event":"DECISION","unit":"player_rogue","action":"Move","target":"(17, 0, -2)","score":0.65697014}
[RealtimeAIController] Rogue -> Move (#2) score:0.66
[CombatArena] ExecuteMovement: player_rogue -> (17, 0, -2)
[CombatArena] [STATE] PlayerDecision -> ActionExecution
[RealtimeAIController] State: PlayerDecision -> ActionExecution
[CombatArena] Rogue moved from (2, 0, -2) to (17, 0, -2), distance: 15.0
[CombatArena] [STATE] ActionExecution -> PlayerDecision
[RealtimeAIController] State: ActionExecution -> PlayerDecision
[AutoBattlerManager] Action: player_rogue -> Move to (17, 0, -2) (OK)
[COMBAT_LOG] {"ts":1770378280916,"event":"DECISION","unit":"player_rogue","action":"Move","target":"(9.5, 0, 5.5)","score":1.3018222}
[RealtimeAIController] Rogue -> Move (#3) score:1.30
[CombatArena] ExecuteMovement: player_rogue -> (9.5, 0, 5.5)
[CombatArena] [STATE] PlayerDecision -> ActionExecution
[RealtimeAIController] State: PlayerDecision -> ActionExecution
[CombatArena] Rogue moved from (17, 0, -2) to (9.5, 0, 5.5), distance: 10.6
[CombatArena] [STATE] ActionExecution -> PlayerDecision
[RealtimeAIController] State: ActionExecution -> PlayerDecision
[AutoBattlerManager] Action: player_rogue -> Move to (9.5, 0, 5.5) (OK)
[COMBAT_LOG] {"ts":1770378281022,"event":"DECISION","unit":"player_rogue","action":"Move","target":"(9.5, 0, 3.3033009)","score":1.3178159}
[RealtimeAIController] Rogue -> Move (#4) score:1.32
[CombatArena] ExecuteMovement: player_rogue -> (9.5, 0, 3.3033009)
[CombatArena] [STATE] PlayerDecision -> ActionExecution
[RealtimeAIController] State: PlayerDecision -> ActionExecution
[CombatArena] Rogue moved from (9.5, 0, 5.5) to (9.5, 0, 3.3033009), distance: 2.2
[CombatArena] [STATE] ActionExecution -> PlayerDecision
[RealtimeAIController] State: ActionExecution -> PlayerDecision
[AutoBattlerManager] Action: player_rogue -> Move to (9.5, 0, 3.3033009) (OK)
[COMBAT_LOG] {"ts":1770378281128,"event":"DECISION","unit":"player_rogue","action":"Move","target":"(9.5, 0, 1.1066017)","score":1.3184295}
[RealtimeAIController] Rogue -> Move (#5) score:1.32
[CombatArena] ExecuteMovement: player_rogue -> (9.5, 0, 1.1066017)
[CombatArena] [STATE] PlayerDecision -> ActionExecution
[RealtimeAIController] State: PlayerDecision -> ActionExecution
[CombatArena] Rogue moved from (9.5, 0, 3.3033009) to (9.5, 0, 1.1066017), distance: 2.2
[CombatArena] [STATE] ActionExecution -> PlayerDecision
[RealtimeAIController] State: ActionExecution -> PlayerDecision
[AutoBattlerManager] Action: player_rogue -> Move to (9.5, 0, 1.1066017) (OK)
[COMBAT_LOG] {"ts":1770378281233,"event":"DECISION","unit":"player_rogue","action":"EndTurn","score":0.10441818}
[RealtimeAIController] Rogue -> EndTurn (#6) score:0.10
[RealtimeAIController] Calling EndCurrentTurn()
[CombatArena] [STATE] PlayerDecision -> TurnEnd
[RealtimeAIController] State: PlayerDecision -> TurnEnd
[CombatArena] [TURN] Round 1, Goblin Skirmisher
[CombatArena] [STATE] TurnEnd -> TurnStart
[RealtimeAIController] State: TurnEnd -> TurnStart
[CombatArena] [STATE] TurnStart -> AIDecision
[RealtimeAIController] State: TurnStart -> AIDecision
[CombatArena] Camera focusing on Goblin Skirmisher via hooks
[CombatArena] SelectCombatant called: enemy_goblin
[CombatArena] Selected: enemy_goblin
[CombatArena] Turn started: Goblin Skirmisher (AI)
[COMBAT_LOG] {"ts":1770378281240,"event":"TURN_START","turn":2,"round":1,"unit":"enemy_goblin","unit_name":"Goblin Skirmisher","faction":"Hostile","hp":22,"max_hp":22,"ap":"Action | Bonus | Reaction | Move:30/30","pos":[7,0,3]}
[RealtimeAIController] Turn started for Goblin Skirmisher
[COMBAT_LOG] {"ts":1770378281241,"event":"DECISION","unit":"enemy_goblin","action":"Attack","target":"player_fighter","score":1.0622445}
[RealtimeAIController] Goblin Skirmisher -> Attack (#1) score:1.06
[CombatArena] ExecuteAbility: enemy_goblin -> basic_attack -> player_fighter
[CombatArena] [STATE] AIDecision -> ActionExecution
[RealtimeAIController] State: AIDecision -> ActionExecution
[CombatArena] Goblin Skirmisher used basic_attack on Fighter: damage:10
[CombatArena] ClearSelection called
[AutoBattlerManager] Action: enemy_goblin -> Attack:basic_attack->player_fighter (OK)
[CombatArena] [STATE] ActionExecution -> AIDecision
[RealtimeAIController] State: ActionExecution -> AIDecision
[COMBAT_LOG] {"ts":1770378281952,"event":"DECISION","unit":"enemy_goblin","action":"Move","target":"(7, 0, -27)","score":0.65242654}
[RealtimeAIController] Goblin Skirmisher -> Move (#2) score:0.65
[CombatArena] ExecuteMovement: enemy_goblin -> (7, 0, -27)
[CombatArena] [STATE] AIDecision -> ActionExecution
[RealtimeAIController] State: AIDecision -> ActionExecution
[CombatArena] Goblin Skirmisher moved from (7, 0, 3) to (7, 0, -27), distance: 30.0
[CombatArena] [STATE] ActionExecution -> AIDecision
[RealtimeAIController] State: ActionExecution -> AIDecision
[AutoBattlerManager] Action: enemy_goblin -> Move to (7, 0, -27) (OK)
[COMBAT_LOG] {"ts":1770378282057,"event":"DECISION","unit":"enemy_goblin","action":"EndTurn","score":0.10123455}
[RealtimeAIController] Goblin Skirmisher -> EndTurn (#3) score:0.10
[RealtimeAIController] Calling EndCurrentTurn()
[CombatArena] [STATE] AIDecision -> TurnEnd
[RealtimeAIController] State: AIDecision -> TurnEnd
[CombatArena] [TURN] Round 1, Fighter
[CombatArena] [STATE] TurnEnd -> TurnStart
[RealtimeAIController] State: TurnEnd -> TurnStart
[CombatArena] [STATE] TurnStart -> PlayerDecision
[RealtimeAIController] State: TurnStart -> PlayerDecision
[CombatArena] Camera focusing on Fighter via hooks
[CombatArena] SelectCombatant called: player_fighter
[CombatArena] Selected: player_fighter
[CombatArena] Turn started: Fighter (Player)
[COMBAT_LOG] {"ts":1770378282064,"event":"TURN_START","turn":3,"round":1,"unit":"player_fighter","unit_name":"Fighter","faction":"Player","hp":42,"max_hp":52,"ap":"Action | Bonus | Reaction | Move:30/30","pos":[0,0,0]}
[RealtimeAIController] Turn started for Fighter
[COMBAT_LOG] {"ts":1770378282065,"event":"DECISION","unit":"player_fighter","action":"Attack","target":"enemy_orc_archer","score":0.70123065}
[RealtimeAIController] Fighter -> Attack (#1) score:0.70
[CombatArena] ExecuteAbility: player_fighter -> basic_attack -> enemy_orc_archer
[CombatArena] [STATE] PlayerDecision -> ActionExecution
[RealtimeAIController] State: PlayerDecision -> ActionExecution
[CombatArena] Fighter used basic_attack on Orc Archer: damage:5
[CombatArena] ClearSelection called
[AutoBattlerManager] Action: player_fighter -> Attack:basic_attack->enemy_orc_archer (OK)
[CombatArena] [STATE] ActionExecution -> PlayerDecision
[RealtimeAIController] State: ActionExecution -> PlayerDecision
[COMBAT_LOG] {"ts":1770378282774,"event":"DECISION","unit":"player_fighter","action":"Move","target":"(15, 0, 15)","score":0.6596328}
[RealtimeAIController] Fighter -> Move (#2) score:0.66
[CombatArena] ExecuteMovement: player_fighter -> (15, 0, 15)
[CombatArena] [STATE] PlayerDecision -> ActionExecution
[RealtimeAIController] State: PlayerDecision -> ActionExecution
[CombatArena] Fighter moved from (0, 0, 0) to (15, 0, 15), distance: 21.2
[CombatArena] [STATE] ActionExecution -> PlayerDecision
[RealtimeAIController] State: ActionExecution -> PlayerDecision
[AutoBattlerManager] Action: player_fighter -> Move to (15, 0, 15) (OK)
[COMBAT_LOG] {"ts":1770378282879,"event":"DECISION","unit":"player_fighter","action":"Move","target":"(15, 0, 23.786797)","score":0.65641123}
[RealtimeAIController] Fighter -> Move (#3) score:0.66
[CombatArena] ExecuteMovement: player_fighter -> (15, 0, 23.786797)
[CombatArena] [STATE] PlayerDecision -> ActionExecution
[RealtimeAIController] State: PlayerDecision -> ActionExecution
[CombatArena] Fighter moved from (15, 0, 15) to (15, 0, 23.786797), distance: 8.8
[CombatArena] [STATE] ActionExecution -> PlayerDecision
[RealtimeAIController] State: ActionExecution -> PlayerDecision
[AutoBattlerManager] Action: player_fighter -> Move to (15, 0, 23.786797) (OK)
[COMBAT_LOG] {"ts":1770378282984,"event":"DECISION","unit":"player_fighter","action":"EndTurn","score":0.109739274}
[RealtimeAIController] Fighter -> EndTurn (#4) score:0.11
[RealtimeAIController] Calling EndCurrentTurn()
[CombatArena] [STATE] PlayerDecision -> TurnEnd
[RealtimeAIController] State: PlayerDecision -> TurnEnd
[CombatArena] [TURN] Round 1, Orc Archer
[CombatArena] [STATE] TurnEnd -> TurnStart
[RealtimeAIController] State: TurnEnd -> TurnStart
[CombatArena] [STATE] TurnStart -> AIDecision
[RealtimeAIController] State: TurnStart -> AIDecision
[CombatArena] Camera focusing on Orc Archer via hooks
[CombatArena] SelectCombatant called: enemy_orc_archer
[CombatArena] Selected: enemy_orc_archer
[CombatArena] Turn started: Orc Archer (AI)
[COMBAT_LOG] {"ts":1770378282991,"event":"TURN_START","turn":4,"round":1,"unit":"enemy_orc_archer","unit_name":"Orc Archer","faction":"Hostile","hp":25,"max_hp":30,"ap":"Action | Bonus | Reaction | Move:30/30","pos":[10,0,2]}
[RealtimeAIController] Turn started for Orc Archer
[COMBAT_LOG] {"ts":1770378282991,"event":"DECISION","unit":"enemy_orc_archer","action":"Move","target":"(-5, 0, 2)","score":1.2230657}
[RealtimeAIController] Orc Archer -> Move (#1) score:1.22
[CombatArena] ExecuteMovement: enemy_orc_archer -> (-5, 0, 2)
[CombatArena] [STATE] AIDecision -> ActionExecution
[RealtimeAIController] State: AIDecision -> ActionExecution
[CombatArena] Orc Archer moved from (10, 0, 2) to (-5, 0, 2), distance: 15.0
[CombatArena] [STATE] ActionExecution -> AIDecision
[RealtimeAIController] State: ActionExecution -> AIDecision
[AutoBattlerManager] Action: enemy_orc_archer -> Move to (-5, 0, 2) (OK)
[COMBAT_LOG] {"ts":1770378283096,"event":"DECISION","unit":"enemy_orc_archer","action":"Move","target":"(-5, 0, -5.5)","score":1.3146272}
[RealtimeAIController] Orc Archer -> Move (#2) score:1.31
[CombatArena] ExecuteMovement: enemy_orc_archer -> (-5, 0, -5.5)
[CombatArena] [STATE] AIDecision -> ActionExecution
[RealtimeAIController] State: AIDecision -> ActionExecution
[CombatArena] Orc Archer moved from (-5, 0, 2) to (-5, 0, -5.5), distance: 7.5
[CombatArena] [STATE] ActionExecution -> AIDecision
[RealtimeAIController] State: ActionExecution -> AIDecision
[AutoBattlerManager] Action: enemy_orc_archer -> Move to (-5, 0, -5.5) (OK)
[COMBAT_LOG] {"ts":1770378283202,"event":"DECISION","unit":"enemy_orc_archer","action":"Move","target":"(2.5, 0, -5.5)","score":1.2541654}
[RealtimeAIController] Orc Archer -> Move (#3) score:1.25
[CombatArena] ExecuteMovement: enemy_orc_archer -> (2.5, 0, -5.5)
[CombatArena] [STATE] AIDecision -> ActionExecution
[RealtimeAIController] State: AIDecision -> ActionExecution
[CombatArena] Orc Archer moved from (-5, 0, -5.5) to (2.5, 0, -5.5), distance: 7.5
[CombatArena] [STATE] ActionExecution -> AIDecision
[RealtimeAIController] State: ActionExecution -> AIDecision
[AutoBattlerManager] Action: enemy_orc_archer -> Move to (2.5, 0, -5.5) (OK)
[COMBAT_LOG] {"ts":1770378283306,"event":"DECISION","unit":"enemy_orc_archer","action":"Dash","score":3.2478487}
[RealtimeAIController] Orc Archer -> Dash (#4) score:3.25
[AutoBattlerManager] Action: enemy_orc_archer -> Dash (OK)
[COMBAT_LOG] {"ts":1770378283411,"event":"DECISION","unit":"enemy_orc_archer","action":"Move","target":"(-27.5, 0, -5.5)","score":0.65824544}
[RealtimeAIController] Orc Archer -> Move (#5) score:0.66
[CombatArena] ExecuteMovement: enemy_orc_archer -> (-27.5, 0, -5.5)
[CombatArena] [STATE] AIDecision -> ActionExecution
[RealtimeAIController] State: AIDecision -> ActionExecution
[CombatArena] Orc Archer moved from (2.5, 0, -5.5) to (-27.5, 0, -5.5), distance: 30.0
[CombatArena] [STATE] ActionExecution -> AIDecision
[RealtimeAIController] State: ActionExecution -> AIDecision
[AutoBattlerManager] Action: enemy_orc_archer -> Move to (-27.5, 0, -5.5) (OK)
[COMBAT_LOG] {"ts":1770378283516,"event":"DECISION","unit":"enemy_orc_archer","action":"EndTurn","score":0.10173323}
[RealtimeAIController] Orc Archer -> EndTurn (#6) score:0.10
[RealtimeAIController] Calling EndCurrentTurn()
[CombatArena] [STATE] AIDecision -> TurnEnd
[RealtimeAIController] State: AIDecision -> TurnEnd
[CombatArena] [TURN] Round 1, Goblin Shaman
[CombatArena] [STATE] TurnEnd -> TurnStart
[RealtimeAIController] State: TurnEnd -> TurnStart
[CombatArena] [STATE] TurnStart -> AIDecision
[RealtimeAIController] State: TurnStart -> AIDecision
[CombatArena] Camera focusing on Goblin Shaman via hooks
[CombatArena] SelectCombatant called: enemy_shaman
[CombatArena] Selected: enemy_shaman
[CombatArena] Turn started: Goblin Shaman (AI)
[COMBAT_LOG] {"ts":1770378283523,"event":"TURN_START","turn":5,"round":1,"unit":"enemy_shaman","unit_name":"Goblin Shaman","faction":"Hostile","hp":28,"max_hp":28,"ap":"Action | Bonus | Reaction | Move:30/30","pos":[10,0,-1]}
[RealtimeAIController] Turn started for Goblin Shaman
[COMBAT_LOG] {"ts":1770378283523,"event":"DECISION","unit":"enemy_shaman","action":"Move","target":"(-5, 0, -1)","score":1.2035419}
[RealtimeAIController] Goblin Shaman -> Move (#1) score:1.20
[CombatArena] ExecuteMovement: enemy_shaman -> (-5, 0, -1)
[CombatArena] [STATE] AIDecision -> ActionExecution
[RealtimeAIController] State: AIDecision -> ActionExecution
[CombatArena] Goblin Shaman moved from (10, 0, -1) to (-5, 0, -1), distance: 15.0
[CombatArena] [STATE] ActionExecution -> AIDecision
[RealtimeAIController] State: ActionExecution -> AIDecision
[AutoBattlerManager] Action: enemy_shaman -> Move to (-5, 0, -1) (OK)
[COMBAT_LOG] {"ts":1770378283629,"event":"DECISION","unit":"enemy_shaman","action":"Move","target":"(2.5, 0, -1)","score":1.2513553}
[RealtimeAIController] Goblin Shaman -> Move (#2) score:1.25
[CombatArena] ExecuteMovement: enemy_shaman -> (2.5, 0, -1)
[CombatArena] [STATE] AIDecision -> ActionExecution
[RealtimeAIController] State: AIDecision -> ActionExecution
[CombatArena] Goblin Shaman moved from (-5, 0, -1) to (2.5, 0, -1), distance: 7.5
[CombatArena] [STATE] ActionExecution -> AIDecision
[RealtimeAIController] State: ActionExecution -> AIDecision
[AutoBattlerManager] Action: enemy_shaman -> Move to (2.5, 0, -1) (OK)
[COMBAT_LOG] {"ts":1770378283734,"event":"DECISION","unit":"enemy_shaman","action":"Move","target":"(6.25, 0, 2.75)","score":1.3125367}
[RealtimeAIController] Goblin Shaman -> Move (#3) score:1.31
[CombatArena] ExecuteMovement: enemy_shaman -> (6.25, 0, 2.75)
[CombatArena] [STATE] AIDecision -> ActionExecution
[RealtimeAIController] State: AIDecision -> ActionExecution
[CombatArena] Goblin Shaman moved from (2.5, 0, -1) to (6.25, 0, 2.75), distance: 5.3
[CombatArena] [STATE] ActionExecution -> AIDecision
[RealtimeAIController] State: ActionExecution -> AIDecision
[AutoBattlerManager] Action: enemy_shaman -> Move to (6.25, 0, 2.75) (OK)
[COMBAT_LOG] {"ts":1770378283839,"event":"DECISION","unit":"enemy_shaman","action":"Dash","score":3.007727}
[RealtimeAIController] Goblin Shaman -> Dash (#4) score:3.01
[AutoBattlerManager] Action: enemy_shaman -> Dash (OK)
[COMBAT_LOG] {"ts":1770378283944,"event":"DECISION","unit":"enemy_shaman","action":"Move","target":"(-25.946701, 0, 2.75)","score":0.65467227}
[RealtimeAIController] Goblin Shaman -> Move (#5) score:0.65
[CombatArena] ExecuteMovement: enemy_shaman -> (-25.946701, 0, 2.75)
[CombatArena] [STATE] AIDecision -> ActionExecution
[RealtimeAIController] State: AIDecision -> ActionExecution
[CombatArena] Goblin Shaman moved from (6.25, 0, 2.75) to (-25.946701, 0, 2.75), distance: 32.2
[CombatArena] [STATE] ActionExecution -> AIDecision
[RealtimeAIController] State: ActionExecution -> AIDecision
[AutoBattlerManager] Action: enemy_shaman -> Move to (-25.946701, 0, 2.75) (OK)
[COMBAT_LOG] {"ts":1770378284049,"event":"DECISION","unit":"enemy_shaman","action":"EndTurn","score":0.10189664}
[RealtimeAIController] Goblin Shaman -> EndTurn (#6) score:0.10
[RealtimeAIController] Calling EndCurrentTurn()
[CombatArena] [STATE] AIDecision -> TurnEnd
[RealtimeAIController] State: AIDecision -> TurnEnd
[CombatArena] [TURN] Round 1, Mage
[CombatArena] [STATE] TurnEnd -> TurnStart
[RealtimeAIController] State: TurnEnd -> TurnStart
[CombatArena] [STATE] TurnStart -> PlayerDecision
[RealtimeAIController] State: TurnStart -> PlayerDecision
[CombatArena] Camera focusing on Mage via hooks
[CombatArena] SelectCombatant called: player_mage
[CombatArena] Selected: player_mage
[CombatArena] Turn started: Mage (Player)
[COMBAT_LOG] {"ts":1770378284055,"event":"TURN_START","turn":6,"round":1,"unit":"player_mage","unit_name":"Mage","faction":"Player","hp":32,"max_hp":32,"ap":"Action | Bonus | Reaction | Move:30/30","pos":[-3,0,-1]}
[RealtimeAIController] Turn started for Mage
[COMBAT_LOG] {"ts":1770378284055,"event":"DECISION","unit":"player_mage","action":"Move","target":"(12, 0, -1)","score":1.2583146}
[RealtimeAIController] Mage -> Move (#1) score:1.26
[CombatArena] ExecuteMovement: player_mage -> (12, 0, -1)
[CombatArena] [STATE] PlayerDecision -> ActionExecution
[RealtimeAIController] State: PlayerDecision -> ActionExecution
[CombatArena] Mage moved from (-3, 0, -1) to (12, 0, -1), distance: 15.0
[CombatArena] [STATE] ActionExecution -> PlayerDecision
[RealtimeAIController] State: ActionExecution -> PlayerDecision
[AutoBattlerManager] Action: player_mage -> Move to (12, 0, -1) (OK)
[COMBAT_LOG] {"ts":1770378284160,"event":"DECISION","unit":"player_mage","action":"Move","target":"(4.5, 0, -1)","score":1.2934225}
[RealtimeAIController] Mage -> Move (#2) score:1.29
[CombatArena] ExecuteMovement: player_mage -> (4.5, 0, -1)
[CombatArena] [STATE] PlayerDecision -> ActionExecution
[RealtimeAIController] State: PlayerDecision -> ActionExecution
[CombatArena] Mage moved from (12, 0, -1) to (4.5, 0, -1), distance: 7.5
[CombatArena] [STATE] ActionExecution -> PlayerDecision
[RealtimeAIController] State: ActionExecution -> PlayerDecision
[AutoBattlerManager] Action: player_mage -> Move to (4.5, 0, -1) (OK)
[COMBAT_LOG] {"ts":1770378284265,"event":"DECISION","unit":"player_mage","action":"Move","target":"(12, 0, -1)","score":1.3161477}
[RealtimeAIController] Mage -> Move (#3) score:1.32
[CombatArena] ExecuteMovement: player_mage -> (12, 0, -1)
[CombatArena] [STATE] PlayerDecision -> ActionExecution
[RealtimeAIController] State: PlayerDecision -> ActionExecution
[CombatArena] Mage moved from (4.5, 0, -1) to (12, 0, -1), distance: 7.5
[CombatArena] [STATE] ActionExecution -> PlayerDecision
[RealtimeAIController] State: ActionExecution -> PlayerDecision
[AutoBattlerManager] Action: player_mage -> Move to (12, 0, -1) (OK)
[COMBAT_LOG] {"ts":1770378284369,"event":"DECISION","unit":"player_mage","action":"Dash","score":3.2215912}
[RealtimeAIController] Mage -> Dash (#4) score:3.22
[AutoBattlerManager] Action: player_mage -> Dash (OK)
[COMBAT_LOG] {"ts":1770378284474,"event":"DECISION","unit":"player_mage","action":"Move","target":"(12, 0, 14)","score":0.65585214}
[RealtimeAIController] Mage -> Move (#5) score:0.66
[CombatArena] ExecuteMovement: player_mage -> (12, 0, 14)
[CombatArena] [STATE] PlayerDecision -> ActionExecution
[RealtimeAIController] State: PlayerDecision -> ActionExecution
[CombatArena] Mage moved from (12, 0, -1) to (12, 0, 14), distance: 15.0
[CombatArena] [STATE] ActionExecution -> PlayerDecision
[RealtimeAIController] State: ActionExecution -> PlayerDecision
[AutoBattlerManager] Action: player_mage -> Move to (12, 0, 14) (OK)
[COMBAT_LOG] {"ts":1770378284579,"event":"DECISION","unit":"player_mage","action":"Move","target":"(12, 0, -1)","score":1.2623916}
[RealtimeAIController] Mage -> Move (#6) score:1.26
[CombatArena] ExecuteMovement: player_mage -> (12, 0, -1)
[CombatArena] [STATE] PlayerDecision -> ActionExecution
[RealtimeAIController] State: PlayerDecision -> ActionExecution
[CombatArena] Mage moved from (12, 0, 14) to (12, 0, -1), distance: 15.0
[CombatArena] [STATE] ActionExecution -> PlayerDecision
[RealtimeAIController] State: ActionExecution -> PlayerDecision
[AutoBattlerManager] Action: player_mage -> Move to (12, 0, -1) (OK)
[COMBAT_LOG] {"ts":1770378284684,"event":"DECISION","unit":"player_mage","action":"EndTurn","score":0.10547664}
[RealtimeAIController] Mage -> EndTurn (#7) score:0.11
[RealtimeAIController] Calling EndCurrentTurn()
[CombatArena] [STATE] PlayerDecision -> TurnEnd
[RealtimeAIController] State: PlayerDecision -> TurnEnd
[CombatArena] [TURN] Round 1, Orc Brute
[CombatArena] [STATE] TurnEnd -> TurnStart
[RealtimeAIController] State: TurnEnd -> TurnStart
[CombatArena] [STATE] TurnStart -> AIDecision
[RealtimeAIController] State: TurnStart -> AIDecision
[CombatArena] Camera focusing on Orc Brute via hooks
[CombatArena] SelectCombatant called: enemy_orc_brute
[CombatArena] Selected: enemy_orc_brute
[CombatArena] Turn started: Orc Brute (AI)
[COMBAT_LOG] {"ts":1770378284691,"event":"TURN_START","turn":7,"round":1,"unit":"enemy_orc_brute","unit_name":"Orc Brute","faction":"Hostile","hp":42,"max_hp":48,"ap":"Action | Bonus | Reaction | Move:30/30","pos":[8,0,0]}
[RealtimeAIController] Turn started for Orc Brute
[COMBAT_LOG] {"ts":1770378284691,"event":"DECISION","unit":"enemy_orc_brute","action":"Attack","target":"player_fighter","score":1.0614966}
[RealtimeAIController] Orc Brute -> Attack (#1) score:1.06
[CombatArena] ExecuteAbility: enemy_orc_brute -> basic_attack -> player_fighter
[CombatArena] [STATE] AIDecision -> ActionExecution
[RealtimeAIController] State: AIDecision -> ActionExecution
[CombatArena] Orc Brute used basic_attack on Fighter: damage:10
[CombatArena] ClearSelection called
[AutoBattlerManager] Action: enemy_orc_brute -> Attack:basic_attack->player_fighter (OK)
[CombatArena] [STATE] ActionExecution -> AIDecision
[RealtimeAIController] State: ActionExecution -> AIDecision
[COMBAT_LOG] {"ts":1770378285395,"event":"DECISION","unit":"enemy_orc_brute","action":"Move","target":"(-7, 0, -15)","score":0.655037}
[RealtimeAIController] Orc Brute -> Move (#2) score:0.66
[CombatArena] ExecuteMovement: enemy_orc_brute -> (-7, 0, -15)
[CombatArena] [STATE] AIDecision -> ActionExecution
[RealtimeAIController] State: AIDecision -> ActionExecution
[CombatArena] Orc Brute moved from (8, 0, 0) to (-7, 0, -15), distance: 21.2
[CombatArena] [STATE] ActionExecution -> AIDecision
[RealtimeAIController] State: ActionExecution -> AIDecision
[AutoBattlerManager] Action: enemy_orc_brute -> Move to (-7, 0, -15) (OK)
[COMBAT_LOG] {"ts":1770378285499,"event":"DECISION","unit":"enemy_orc_brute","action":"Move","target":"(-2.6066017, 0, -15)","score":0.6570124}
[RealtimeAIController] Orc Brute -> Move (#3) score:0.66
[CombatArena] ExecuteMovement: enemy_orc_brute -> (-2.6066017, 0, -15)
[CombatArena] [STATE] AIDecision -> ActionExecution
[RealtimeAIController] State: AIDecision -> ActionExecution
[CombatArena] Orc Brute moved from (-7, 0, -15) to (-2.6066017, 0, -15), distance: 4.4
[CombatArena] [STATE] ActionExecution -> AIDecision
[RealtimeAIController] State: ActionExecution -> AIDecision
[AutoBattlerManager] Action: enemy_orc_brute -> Move to (-2.6066017, 0, -15) (OK)
[COMBAT_LOG] {"ts":1770378285604,"event":"DECISION","unit":"enemy_orc_brute","action":"Move","target":"(-0.40990257, 0, -12.803301)","score":0.64986074}
[RealtimeAIController] Orc Brute -> Move (#4) score:0.65
[CombatArena] ExecuteMovement: enemy_orc_brute -> (-0.40990257, 0, -12.803301)
[CombatArena] [STATE] AIDecision -> ActionExecution
[RealtimeAIController] State: AIDecision -> ActionExecution
[CombatArena] Orc Brute moved from (-2.6066017, 0, -15) to (-0.40990257, 0, -12.803301), distance: 3.1
[CombatArena] [STATE] ActionExecution -> AIDecision
[RealtimeAIController] State: ActionExecution -> AIDecision
[AutoBattlerManager] Action: enemy_orc_brute -> Move to (-0.40990257, 0, -12.803301) (OK)
[COMBAT_LOG] {"ts":1770378285708,"event":"DECISION","unit":"enemy_orc_brute","action":"Move","target":"(-0.40990257, 0, -12.159903)","score":0.6574247}
[RealtimeAIController] Orc Brute -> Move (#5) score:0.66
[CombatArena] ExecuteMovement: enemy_orc_brute -> (-0.40990257, 0, -12.159903)
[CombatArena] [STATE] AIDecision -> ActionExecution
[RealtimeAIController] State: AIDecision -> ActionExecution
[CombatArena] Orc Brute moved from (-0.40990257, 0, -12.803301) to (-0.40990257, 0, -12.159903), distance: 0.6
[CombatArena] [STATE] ActionExecution -> AIDecision
[RealtimeAIController] State: ActionExecution -> AIDecision
[AutoBattlerManager] Action: enemy_orc_brute -> Move to (-0.40990257, 0, -12.159903) (OK)
[COMBAT_LOG] {"ts":1770378285813,"event":"DECISION","unit":"enemy_orc_brute","action":"Move","target":"(-0.08820343, 0, -11.838203)","score":0.6521232}
[RealtimeAIController] Orc Brute -> Move (#6) score:0.65
[CombatArena] ExecuteMovement: enemy_orc_brute -> (-0.08820343, 0, -11.838203)
[CombatArena] [STATE] AIDecision -> ActionExecution
[RealtimeAIController] State: AIDecision -> ActionExecution
[CombatArena] Orc Brute moved from (-0.40990257, 0, -12.159903) to (-0.08820343, 0, -11.838203), distance: 0.5
[CombatArena] [STATE] ActionExecution -> AIDecision
[RealtimeAIController] State: ActionExecution -> AIDecision
[AutoBattlerManager] Action: enemy_orc_brute -> Move to (-0.08820343, 0, -11.838203) (OK)
[COMBAT_LOG] {"ts":1770378285917,"event":"DECISION","unit":"enemy_orc_brute","action":"Move","target":"(-0.08820343, 0, -11.74398)","score":0.6562747}
[RealtimeAIController] Orc Brute -> Move (#7) score:0.66
[CombatArena] ExecuteMovement: enemy_orc_brute -> (-0.08820343, 0, -11.74398)
[CombatArena] [STATE] AIDecision -> ActionExecution
[RealtimeAIController] State: AIDecision -> ActionExecution
[CombatArena] Orc Brute moved from (-0.08820343, 0, -11.838203) to (-0.08820343, 0, -11.74398), distance: 0.1
[CombatArena] [STATE] ActionExecution -> AIDecision
[RealtimeAIController] State: ActionExecution -> AIDecision
[AutoBattlerManager] Action: enemy_orc_brute -> Move to (-0.08820343, 0, -11.74398) (OK)
[COMBAT_LOG] {"ts":1770378286022,"event":"DECISION","unit":"enemy_orc_brute","action":"Move","target":"(-0.041091442, 0, -11.74398)","score":0.6599408}
[RealtimeAIController] Orc Brute -> Move (#8) score:0.66
[CombatArena] ExecuteMovement: enemy_orc_brute -> (-0.041091442, 0, -11.74398)
[CombatArena] [STATE] AIDecision -> ActionExecution
[RealtimeAIController] State: AIDecision -> ActionExecution
[CombatArena] Orc Brute moved from (-0.08820343, 0, -11.74398) to (-0.041091442, 0, -11.74398), distance: 0.0
[CombatArena] [STATE] ActionExecution -> AIDecision
[RealtimeAIController] State: ActionExecution -> AIDecision
[AutoBattlerManager] Action: enemy_orc_brute -> Move to (-0.041091442, 0, -11.74398) (OK)
[COMBAT_LOG] {"ts":1770378286126,"event":"DECISION","unit":"enemy_orc_brute","action":"Move","target":"(-0.017535448, 0, -11.720425)","score":0.6579842}
[RealtimeAIController] Orc Brute -> Move (#9) score:0.66
[CombatArena] ExecuteMovement: enemy_orc_brute -> (-0.017535448, 0, -11.720425)
[CombatArena] [STATE] AIDecision -> ActionExecution
[RealtimeAIController] State: AIDecision -> ActionExecution
[CombatArena] Orc Brute moved from (-0.041091442, 0, -11.74398) to (-0.017535448, 0, -11.720425), distance: 0.0
[CombatArena] [STATE] ActionExecution -> AIDecision
[RealtimeAIController] State: ActionExecution -> AIDecision
[AutoBattlerManager] Action: enemy_orc_brute -> Move to (-0.017535448, 0, -11.720425) (OK)
[COMBAT_LOG] {"ts":1770378286230,"event":"DECISION","unit":"enemy_orc_brute","action":"Move","target":"(-0.0313344, 0, -11.720425)","score":0.6499212}
[RealtimeAIController] Orc Brute -> Move (#10) score:0.65
[CombatArena] ExecuteMovement: enemy_orc_brute -> (-0.0313344, 0, -11.720425)
[CombatArena] [STATE] AIDecision -> ActionExecution
[RealtimeAIController] State: AIDecision -> ActionExecution
[CombatArena] Orc Brute moved from (-0.017535448, 0, -11.720425) to (-0.0313344, 0, -11.720425), distance: 0.0
[CombatArena] [STATE] ActionExecution -> AIDecision
[RealtimeAIController] State: ActionExecution -> AIDecision
[AutoBattlerManager] Action: enemy_orc_brute -> Move to (-0.0313344, 0, -11.720425) (OK)
[COMBAT_LOG] {"ts":1770378286334,"event":"DECISION","unit":"enemy_orc_brute","action":"EndTurn","score":0.10389941}
[RealtimeAIController] Orc Brute -> EndTurn (#11) score:0.10
[RealtimeAIController] Calling EndCurrentTurn()
[CombatArena] [STATE] AIDecision -> TurnEnd
[RealtimeAIController] State: AIDecision -> TurnEnd
[CombatArena] [TURN] Round 1, Cleric
[CombatArena] [STATE] TurnEnd -> TurnStart
[RealtimeAIController] State: TurnEnd -> TurnStart
[CombatArena] [STATE] TurnStart -> PlayerDecision
[RealtimeAIController] State: TurnStart -> PlayerDecision
[CombatArena] Camera focusing on Cleric via hooks
[CombatArena] SelectCombatant called: player_cleric
[CombatArena] Selected: player_cleric
[CombatArena] Turn started: Cleric (Player)
[COMBAT_LOG] {"ts":1770378286341,"event":"TURN_START","turn":8,"round":1,"unit":"player_cleric","unit_name":"Cleric","faction":"Player","hp":44,"max_hp":44,"ap":"Action | Bonus | Reaction | Move:30/30","pos":[-1,0,-3]}
[RealtimeAIController] Turn started for Cleric
[COMBAT_LOG] {"ts":1770378286342,"event":"DECISION","unit":"player_cleric","action":"Move","target":"(-31, 0, -3)","score":1.2212193}
[RealtimeAIController] Cleric -> Move (#1) score:1.22
[CombatArena] ExecuteMovement: player_cleric -> (-31, 0, -3)
[CombatArena] [STATE] PlayerDecision -> ActionExecution
[RealtimeAIController] State: PlayerDecision -> ActionExecution
[CombatArena] Cleric moved from (-1, 0, -3) to (-31, 0, -3), distance: 30.0
[CombatArena] [STATE] ActionExecution -> PlayerDecision
[RealtimeAIController] State: ActionExecution -> PlayerDecision
[AutoBattlerManager] Action: player_cleric -> Move to (-31, 0, -3) (OK)
[COMBAT_LOG] {"ts":1770378286445,"event":"DECISION","unit":"player_cleric","action":"Dash","score":3.276342}
[RealtimeAIController] Cleric -> Dash (#2) score:3.28
[AutoBattlerManager] Action: player_cleric -> Dash (OK)
[COMBAT_LOG] {"ts":1770378286550,"event":"DECISION","unit":"player_cleric","action":"Move","target":"(-1, 0, -3)","score":0.6577837}
[RealtimeAIController] Cleric -> Move (#3) score:0.66
[CombatArena] ExecuteMovement: player_cleric -> (-1, 0, -3)
[CombatArena] [STATE] PlayerDecision -> ActionExecution
[RealtimeAIController] State: PlayerDecision -> ActionExecution
[CombatArena] Cleric moved from (-31, 0, -3) to (-1, 0, -3), distance: 30.0
[CombatArena] [STATE] ActionExecution -> PlayerDecision
[RealtimeAIController] State: ActionExecution -> PlayerDecision
[AutoBattlerManager] Action: player_cleric -> Move to (-1, 0, -3) (OK)
[COMBAT_LOG] {"ts":1770378286654,"event":"DECISION","unit":"player_cleric","action":"EndTurn","score":0.10373857}
[RealtimeAIController] Cleric -> EndTurn (#4) score:0.10
[RealtimeAIController] Calling EndCurrentTurn()
[CombatArena] [STATE] PlayerDecision -> TurnEnd
[RealtimeAIController] State: PlayerDecision -> TurnEnd
[CombatArena] [TURN] Round 2, Rogue
[CombatArena] [STATE] TurnEnd -> RoundEnd
[RealtimeAIController] State: TurnEnd -> RoundEnd
[CombatArena] [STATE] RoundEnd -> TurnStart
[RealtimeAIController] State: RoundEnd -> TurnStart
[CombatArena] Round 2: Reset reactions for all combatants
[CombatArena] [STATE] TurnStart -> PlayerDecision
[RealtimeAIController] State: TurnStart -> PlayerDecision
[CombatArena] Camera focusing on Rogue via hooks
[CombatArena] SelectCombatant called: player_rogue
[CombatArena] Selected: player_rogue
[CombatArena] Turn started: Rogue (Player)
[COMBAT_LOG] {"ts":1770378286661,"event":"TURN_START","turn":9,"round":2,"unit":"player_rogue","unit_name":"Rogue","faction":"Player","hp":36,"max_hp":36,"ap":"Action | Bonus | Reaction | Move:30/30","pos":[9.5,0,1.1066017]}
[RealtimeAIController] Turn started for Rogue
[COMBAT_LOG] {"ts":1770378286661,"event":"DECISION","unit":"player_rogue","action":"Move","target":"(9.5, 0, -28.893398)","score":1.2399155}
[RealtimeAIController] Rogue -> Move (#1) score:1.24
[CombatArena] ExecuteMovement: player_rogue -> (9.5, 0, -28.893398)
[CombatArena] [STATE] PlayerDecision -> ActionExecution
[RealtimeAIController] State: PlayerDecision -> ActionExecution
[CombatArena] Rogue moved from (9.5, 0, 1.1066017) to (9.5, 0, -28.893398), distance: 30.0
[CombatArena] [STATE] ActionExecution -> PlayerDecision
[RealtimeAIController] State: ActionExecution -> PlayerDecision
[AutoBattlerManager] Action: player_rogue -> Move to (9.5, 0, -28.893398) (OK)
[COMBAT_LOG] {"ts":1770378286765,"event":"DECISION","unit":"player_rogue","action":"Dash","score":3.0653758}
[RealtimeAIController] Rogue -> Dash (#2) score:3.07
[AutoBattlerManager] Action: player_rogue -> Dash (OK)
[COMBAT_LOG] {"ts":1770378286869,"event":"DECISION","unit":"player_rogue","action":"Move","target":"(24.5, 0, -28.893398)","score":0.6570663}
[RealtimeAIController] Rogue -> Move (#3) score:0.66
[CombatArena] ExecuteMovement: player_rogue -> (24.5, 0, -28.893398)
[CombatArena] [STATE] PlayerDecision -> ActionExecution
[RealtimeAIController] State: PlayerDecision -> ActionExecution
[CombatArena] Rogue moved from (9.5, 0, -28.893398) to (24.5, 0, -28.893398), distance: 15.0
[CombatArena] [STATE] ActionExecution -> PlayerDecision
[RealtimeAIController] State: ActionExecution -> PlayerDecision
[AutoBattlerManager] Action: player_rogue -> Move to (24.5, 0, -28.893398) (OK)
[COMBAT_LOG] {"ts":1770378286974,"event":"DECISION","unit":"player_rogue","action":"Move","target":"(9.5, 0, -28.893398)","score":1.212235}
[RealtimeAIController] Rogue -> Move (#4) score:1.21
[CombatArena] ExecuteMovement: player_rogue -> (9.5, 0, -28.893398)
[CombatArena] [STATE] PlayerDecision -> ActionExecution
[RealtimeAIController] State: PlayerDecision -> ActionExecution
[CombatArena] Rogue moved from (24.5, 0, -28.893398) to (9.5, 0, -28.893398), distance: 15.0
[CombatArena] [STATE] ActionExecution -> PlayerDecision
[RealtimeAIController] State: ActionExecution -> PlayerDecision
[AutoBattlerManager] Action: player_rogue -> Move to (9.5, 0, -28.893398) (OK)
[COMBAT_LOG] {"ts":1770378287078,"event":"DECISION","unit":"player_rogue","action":"EndTurn","score":0.1011164}
[RealtimeAIController] Rogue -> EndTurn (#5) score:0.10
[RealtimeAIController] Calling EndCurrentTurn()
[CombatArena] [STATE] PlayerDecision -> TurnEnd
[RealtimeAIController] State: PlayerDecision -> TurnEnd
[CombatArena] [TURN] Round 2, Goblin Skirmisher
[CombatArena] [STATE] TurnEnd -> TurnStart
[RealtimeAIController] State: TurnEnd -> TurnStart
[CombatArena] [STATE] TurnStart -> AIDecision
[RealtimeAIController] State: TurnStart -> AIDecision
[CombatArena] Camera focusing on Goblin Skirmisher via hooks
[CombatArena] SelectCombatant called: enemy_goblin
[CombatArena] Selected: enemy_goblin
[CombatArena] Turn started: Goblin Skirmisher (AI)
[COMBAT_LOG] {"ts":1770378287085,"event":"TURN_START","turn":10,"round":2,"unit":"enemy_goblin","unit_name":"Goblin Skirmisher","faction":"Hostile","hp":22,"max_hp":22,"ap":"Action | Bonus | Reaction | Move:30/30","pos":[7,0,-27]}
[RealtimeAIController] Turn started for Goblin Skirmisher
[COMBAT_LOG] {"ts":1770378287085,"event":"DECISION","unit":"enemy_goblin","action":"Attack","target":"player_fighter","score":1.0563898}
[RealtimeAIController] Goblin Skirmisher -> Attack (#1) score:1.06
[CombatArena] ExecuteAbility: enemy_goblin -> basic_attack -> player_fighter
[CombatArena] [STATE] AIDecision -> ActionExecution
[RealtimeAIController] State: AIDecision -> ActionExecution
[CombatArena] Goblin Skirmisher used basic_attack on Fighter: damage:5
[CombatArena] ClearSelection called
[AutoBattlerManager] Action: enemy_goblin -> Attack:basic_attack->player_fighter (OK)
[CombatArena] [STATE] ActionExecution -> AIDecision
[RealtimeAIController] State: ActionExecution -> AIDecision
[COMBAT_LOG] {"ts":1770378287785,"event":"DECISION","unit":"enemy_goblin","action":"Move","target":"(7, 0, -12)","score":0.65620947}
[RealtimeAIController] Goblin Skirmisher -> Move (#2) score:0.66
[CombatArena] ExecuteMovement: enemy_goblin -> (7, 0, -12)
[CombatArena] [STATE] AIDecision -> ActionExecution
[RealtimeAIController] State: AIDecision -> ActionExecution
[CombatArena] Goblin Skirmisher moved from (7, 0, -27) to (7, 0, -12), distance: 15.0
[CombatArena] [STATE] ActionExecution -> AIDecision
[RealtimeAIController] State: ActionExecution -> AIDecision
[AutoBattlerManager] Action: enemy_goblin -> Move to (7, 0, -12) (OK)
[COMBAT_LOG] {"ts":1770378287889,"event":"DECISION","unit":"enemy_goblin","action":"Move","target":"(7, 0, -27)","score":1.275489}
[RealtimeAIController] Goblin Skirmisher -> Move (#3) score:1.28
[CombatArena] ExecuteMovement: enemy_goblin -> (7, 0, -27)
[CombatArena] [STATE] AIDecision -> ActionExecution
[RealtimeAIController] State: AIDecision -> ActionExecution
[CombatArena] Goblin Skirmisher moved from (7, 0, -12) to (7, 0, -27), distance: 15.0
[CombatArena] [STATE] ActionExecution -> AIDecision
[RealtimeAIController] State: ActionExecution -> AIDecision
[AutoBattlerManager] Action: enemy_goblin -> Move to (7, 0, -27) (OK)
[COMBAT_LOG] {"ts":1770378287994,"event":"DECISION","unit":"enemy_goblin","action":"EndTurn","score":0.10816875}
[RealtimeAIController] Goblin Skirmisher -> EndTurn (#4) score:0.11
[RealtimeAIController] Calling EndCurrentTurn()
[CombatArena] [STATE] AIDecision -> TurnEnd
[RealtimeAIController] State: AIDecision -> TurnEnd
[CombatArena] [TURN] Round 2, Fighter
[CombatArena] [STATE] TurnEnd -> TurnStart
[RealtimeAIController] State: TurnEnd -> TurnStart
[CombatArena] [STATE] TurnStart -> PlayerDecision
[RealtimeAIController] State: TurnStart -> PlayerDecision
[CombatArena] Camera focusing on Fighter via hooks
[CombatArena] SelectCombatant called: player_fighter
[CombatArena] Selected: player_fighter
[CombatArena] Turn started: Fighter (Player)
[COMBAT_LOG] {"ts":1770378288000,"event":"TURN_START","turn":11,"round":2,"unit":"player_fighter","unit_name":"Fighter","faction":"Player","hp":27,"max_hp":52,"ap":"Action | Bonus | Reaction | Move:30/30","pos":[15,0,23.786797]}
[RealtimeAIController] Turn started for Fighter
[COMBAT_LOG] {"ts":1770378288001,"event":"DECISION","unit":"player_fighter","action":"Dash","score":3.1669505}
[RealtimeAIController] Fighter -> Dash (#1) score:3.17
[AutoBattlerManager] Action: player_fighter -> Dash (OK)
[COMBAT_LOG] {"ts":1770378288105,"event":"DECISION","unit":"player_fighter","action":"Move","target":"(15, 0, -6.2132034)","score":0.65166384}
[RealtimeAIController] Fighter -> Move (#2) score:0.65
[CombatArena] ExecuteMovement: player_fighter -> (15, 0, -6.2132034)
[CombatArena] [STATE] PlayerDecision -> ActionExecution
[RealtimeAIController] State: PlayerDecision -> ActionExecution
[CombatArena] Fighter moved from (15, 0, 23.786797) to (15, 0, -6.2132034), distance: 30.0
[CombatArena] [STATE] ActionExecution -> PlayerDecision
[RealtimeAIController] State: ActionExecution -> PlayerDecision
[AutoBattlerManager] Action: player_fighter -> Move to (15, 0, -6.2132034) (OK)
[COMBAT_LOG] {"ts":1770378288208,"event":"DECISION","unit":"player_fighter","action":"Move","target":"(30, 0, -21.213203)","score":0.65905255}
[RealtimeAIController] Fighter -> Move (#3) score:0.66
[CombatArena] ExecuteMovement: player_fighter -> (30, 0, -21.213203)
[CombatArena] [STATE] PlayerDecision -> ActionExecution
[RealtimeAIController] State: PlayerDecision -> ActionExecution
[CombatArena] Fighter moved from (15, 0, -6.2132034) to (30, 0, -21.213203), distance: 21.2
[CombatArena] [STATE] ActionExecution -> PlayerDecision
[RealtimeAIController] State: ActionExecution -> PlayerDecision
[AutoBattlerManager] Action: player_fighter -> Move to (30, 0, -21.213203) (OK)
[COMBAT_LOG] {"ts":1770378288312,"event":"DECISION","unit":"player_fighter","action":"Move","target":"(34.3934, 0, -25.606602)","score":0.65549934}
[RealtimeAIController] Fighter -> Move (#4) score:0.66
[CombatArena] ExecuteMovement: player_fighter -> (34.3934, 0, -25.606602)
[CombatArena] [STATE] PlayerDecision -> ActionExecution
[RealtimeAIController] State: PlayerDecision -> ActionExecution
[CombatArena] Fighter moved from (30, 0, -21.213203) to (34.3934, 0, -25.606602), distance: 6.2
[CombatArena] [STATE] ActionExecution -> PlayerDecision
[RealtimeAIController] State: ActionExecution -> PlayerDecision
[AutoBattlerManager] Action: player_fighter -> Move to (34.3934, 0, -25.606602) (OK)
[COMBAT_LOG] {"ts":1770378288416,"event":"DECISION","unit":"player_fighter","action":"Move","target":"(33.1066, 0, -26.893398)","score":0.65645593}
[RealtimeAIController] Fighter -> Move (#5) score:0.66
[CombatArena] ExecuteMovement: player_fighter -> (33.1066, 0, -26.893398)
[CombatArena] [STATE] PlayerDecision -> ActionExecution
[RealtimeAIController] State: PlayerDecision -> ActionExecution
[CombatArena] Fighter moved from (34.3934, 0, -25.606602) to (33.1066, 0, -26.893398), distance: 1.8
[CombatArena] [STATE] ActionExecution -> PlayerDecision
[RealtimeAIController] State: ActionExecution -> PlayerDecision
[AutoBattlerManager] Action: player_fighter -> Move to (33.1066, 0, -26.893398) (OK)
[COMBAT_LOG] {"ts":1770378288520,"event":"DECISION","unit":"player_fighter","action":"Move","target":"(32.352814, 0, -26.893398)","score":0.6556961}
[RealtimeAIController] Fighter -> Move (#6) score:0.66
[CombatArena] ExecuteMovement: player_fighter -> (32.352814, 0, -26.893398)
[CombatArena] [STATE] PlayerDecision -> ActionExecution
[RealtimeAIController] State: PlayerDecision -> ActionExecution
[CombatArena] Fighter moved from (33.1066, 0, -26.893398) to (32.352814, 0, -26.893398), distance: 0.8
[CombatArena] [STATE] ActionExecution -> PlayerDecision
[RealtimeAIController] State: ActionExecution -> PlayerDecision
[AutoBattlerManager] Action: player_fighter -> Move to (32.352814, 0, -26.893398) (OK)
[COMBAT_LOG] {"ts":1770378288624,"event":"DECISION","unit":"player_fighter","action":"EndTurn","score":0.10706337}
[RealtimeAIController] Fighter -> EndTurn (#7) score:0.11
[RealtimeAIController] Calling EndCurrentTurn()
[CombatArena] [STATE] PlayerDecision -> TurnEnd
[RealtimeAIController] State: PlayerDecision -> TurnEnd
[CombatArena] [TURN] Round 2, Orc Archer
[CombatArena] [STATE] TurnEnd -> TurnStart
[RealtimeAIController] State: TurnEnd -> TurnStart
[CombatArena] [STATE] TurnStart -> AIDecision
[RealtimeAIController] State: TurnStart -> AIDecision
[CombatArena] Camera focusing on Orc Archer via hooks
[CombatArena] SelectCombatant called: enemy_orc_archer
[CombatArena] Selected: enemy_orc_archer
[CombatArena] Turn started: Orc Archer (AI)
[COMBAT_LOG] {"ts":1770378288631,"event":"TURN_START","turn":12,"round":2,"unit":"enemy_orc_archer","unit_name":"Orc Archer","faction":"Hostile","hp":25,"max_hp":30,"ap":"Action | Bonus | Reaction | Move:30/30","pos":[-27.5,0,-5.5]}
[RealtimeAIController] Turn started for Orc Archer
[COMBAT_LOG] {"ts":1770378288631,"event":"DECISION","unit":"enemy_orc_archer","action":"Move","target":"(2.5, 0, -5.5)","score":1.2202333}
[RealtimeAIController] Orc Archer -> Move (#1) score:1.22
[CombatArena] ExecuteMovement: enemy_orc_archer -> (2.5, 0, -5.5)
[CombatArena] [STATE] AIDecision -> ActionExecution
[RealtimeAIController] State: AIDecision -> ActionExecution
[CombatArena] Orc Archer moved from (-27.5, 0, -5.5) to (2.5, 0, -5.5), distance: 30.0
[CombatArena] [STATE] ActionExecution -> AIDecision
[RealtimeAIController] State: ActionExecution -> AIDecision
[AutoBattlerManager] Action: enemy_orc_archer -> Move to (2.5, 0, -5.5) (OK)
[COMBAT_LOG] {"ts":1770378288735,"event":"DECISION","unit":"enemy_orc_archer","action":"Dash","score":3.1797466}
[RealtimeAIController] Orc Archer -> Dash (#2) score:3.18
[AutoBattlerManager] Action: enemy_orc_archer -> Dash (OK)
[COMBAT_LOG] {"ts":1770378288839,"event":"DECISION","unit":"enemy_orc_archer","action":"Move","target":"(-12.5, 0, -5.5)","score":0.65576226}
[RealtimeAIController] Orc Archer -> Move (#3) score:0.66
[CombatArena] ExecuteMovement: enemy_orc_archer -> (-12.5, 0, -5.5)
[CombatArena] [STATE] AIDecision -> ActionExecution
[RealtimeAIController] State: AIDecision -> ActionExecution
[CombatArena] Orc Archer moved from (2.5, 0, -5.5) to (-12.5, 0, -5.5), distance: 15.0
[CombatArena] [STATE] ActionExecution -> AIDecision
[RealtimeAIController] State: ActionExecution -> AIDecision
[AutoBattlerManager] Action: enemy_orc_archer -> Move to (-12.5, 0, -5.5) (OK)
[COMBAT_LOG] {"ts":1770378288943,"event":"DECISION","unit":"enemy_orc_archer","action":"Move","target":"(-5, 0, -5.5)","score":1.3136766}
[RealtimeAIController] Orc Archer -> Move (#4) score:1.31
[CombatArena] ExecuteMovement: enemy_orc_archer -> (-5, 0, -5.5)
[CombatArena] [STATE] AIDecision -> ActionExecution
[RealtimeAIController] State: AIDecision -> ActionExecution
[CombatArena] Orc Archer moved from (-12.5, 0, -5.5) to (-5, 0, -5.5), distance: 7.5
[CombatArena] [STATE] ActionExecution -> AIDecision
[RealtimeAIController] State: ActionExecution -> AIDecision
[AutoBattlerManager] Action: enemy_orc_archer -> Move to (-5, 0, -5.5) (OK)
[COMBAT_LOG] {"ts":1770378289046,"event":"DECISION","unit":"enemy_orc_archer","action":"Move","target":"(-1.25, 0, -1.75)","score":1.263829}
[RealtimeAIController] Orc Archer -> Move (#5) score:1.26
[CombatArena] ExecuteMovement: enemy_orc_archer -> (-1.25, 0, -1.75)
[CombatArena] [STATE] AIDecision -> ActionExecution
[RealtimeAIController] State: AIDecision -> ActionExecution
[CombatArena] Orc Archer moved from (-5, 0, -5.5) to (-1.25, 0, -1.75), distance: 5.3
[CombatArena] [STATE] ActionExecution -> AIDecision
[RealtimeAIController] State: ActionExecution -> AIDecision
[AutoBattlerManager] Action: enemy_orc_archer -> Move to (-1.25, 0, -1.75) (OK)
[COMBAT_LOG] {"ts":1770378289151,"event":"DECISION","unit":"enemy_orc_archer","action":"Move","target":"(-2.3483496, 0, -0.6516504)","score":1.3175648}
[RealtimeAIController] Orc Archer -> Move (#6) score:1.32
[CombatArena] ExecuteMovement: enemy_orc_archer -> (-2.3483496, 0, -0.6516504)
[CombatArena] [STATE] AIDecision -> ActionExecution
[RealtimeAIController] State: AIDecision -> ActionExecution
[CombatArena] Orc Archer moved from (-1.25, 0, -1.75) to (-2.3483496, 0, -0.6516504), distance: 1.6
[CombatArena] [STATE] ActionExecution -> AIDecision
[RealtimeAIController] State: ActionExecution -> AIDecision
[AutoBattlerManager] Action: enemy_orc_archer -> Move to (-2.3483496, 0, -0.6516504) (OK)
[COMBAT_LOG] {"ts":1770378289254,"event":"DECISION","unit":"enemy_orc_archer","action":"Move","target":"(-2.0266504, 0, -0.9733496)","score":1.3176341}
[RealtimeAIController] Orc Archer -> Move (#7) score:1.32
[CombatArena] ExecuteMovement: enemy_orc_archer -> (-2.0266504, 0, -0.9733496)
[CombatArena] [STATE] AIDecision -> ActionExecution
[RealtimeAIController] State: AIDecision -> ActionExecution
[CombatArena] Orc Archer moved from (-2.3483496, 0, -0.6516504) to (-2.0266504, 0, -0.9733496), distance: 0.5
[CombatArena] [STATE] ActionExecution -> AIDecision
[RealtimeAIController] State: ActionExecution -> AIDecision
[AutoBattlerManager] Action: enemy_orc_archer -> Move to (-2.0266504, 0, -0.9733496) (OK)
[COMBAT_LOG] {"ts":1770378289358,"event":"DECISION","unit":"enemy_orc_archer","action":"Move","target":"(-2.0266504, 0, -1.1617966)","score":1.3099376}
[RealtimeAIController] Orc Archer -> Move (#8) score:1.31
[CombatArena] ExecuteMovement: enemy_orc_archer -> (-2.0266504, 0, -1.1617966)
[CombatArena] [STATE] AIDecision -> ActionExecution
[RealtimeAIController] State: AIDecision -> ActionExecution
[CombatArena] Orc Archer moved from (-2.0266504, 0, -0.9733496) to (-2.0266504, 0, -1.1617966), distance: 0.2
[CombatArena] [STATE] ActionExecution -> AIDecision
[RealtimeAIController] State: ActionExecution -> AIDecision
[AutoBattlerManager] Action: enemy_orc_archer -> Move to (-2.0266504, 0, -1.1617966) (OK)
[COMBAT_LOG] {"ts":1770378289461,"event":"DECISION","unit":"enemy_orc_archer","action":"EndTurn","score":0.10581607}
[RealtimeAIController] Orc Archer -> EndTurn (#9) score:0.11
[RealtimeAIController] Calling EndCurrentTurn()
[CombatArena] [STATE] AIDecision -> TurnEnd
[RealtimeAIController] State: AIDecision -> TurnEnd
[CombatArena] [TURN] Round 2, Goblin Shaman
[CombatArena] [STATE] TurnEnd -> TurnStart
[RealtimeAIController] State: TurnEnd -> TurnStart
[CombatArena] [STATE] TurnStart -> AIDecision
[RealtimeAIController] State: TurnStart -> AIDecision
[CombatArena] Camera focusing on Goblin Shaman via hooks
[CombatArena] SelectCombatant called: enemy_shaman
[CombatArena] Selected: enemy_shaman
[CombatArena] Turn started: Goblin Shaman (AI)
[COMBAT_LOG] {"ts":1770378289468,"event":"TURN_START","turn":13,"round":2,"unit":"enemy_shaman","unit_name":"Goblin Shaman","faction":"Hostile","hp":28,"max_hp":28,"ap":"Action | Bonus | Reaction | Move:30/30","pos":[-25.946701,0,2.75]}
[RealtimeAIController] Turn started for Goblin Shaman
[COMBAT_LOG] {"ts":1770378289469,"event":"DECISION","unit":"enemy_shaman","action":"Attack","target":"player_mage","score":1.05845}
[RealtimeAIController] Goblin Shaman -> Attack (#1) score:1.06
[CombatArena] ExecuteAbility: enemy_shaman -> basic_attack -> player_mage
[CombatArena] [STATE] AIDecision -> ActionExecution
[RealtimeAIController] State: AIDecision -> ActionExecution
[CombatArena] Goblin Shaman used basic_attack on Mage: damage:10
[CombatArena] ClearSelection called
[AutoBattlerManager] Action: enemy_shaman -> Attack:basic_attack->player_mage (OK)
[CombatArena] [STATE] ActionExecution -> AIDecision
[RealtimeAIController] State: ActionExecution -> AIDecision
[COMBAT_LOG] {"ts":1770378290174,"event":"DECISION","unit":"enemy_shaman","action":"Move","target":"(-25.946701, 0, -12.25)","score":0.64664173}
[RealtimeAIController] Goblin Shaman -> Move (#2) score:0.65
[CombatArena] ExecuteMovement: enemy_shaman -> (-25.946701, 0, -12.25)
[CombatArena] [STATE] AIDecision -> ActionExecution
[RealtimeAIController] State: AIDecision -> ActionExecution
[CombatArena] Goblin Shaman moved from (-25.946701, 0, 2.75) to (-25.946701, 0, -12.25), distance: 15.0
[CombatArena] [STATE] ActionExecution -> AIDecision
[RealtimeAIController] State: ActionExecution -> AIDecision
[AutoBattlerManager] Action: enemy_shaman -> Move to (-25.946701, 0, -12.25) (OK)
[COMBAT_LOG] {"ts":1770378290277,"event":"DECISION","unit":"enemy_shaman","action":"Move","target":"(-25.946701, 0, -4.75)","score":0.6519667}
[RealtimeAIController] Goblin Shaman -> Move (#3) score:0.65
[CombatArena] ExecuteMovement: enemy_shaman -> (-25.946701, 0, -4.75)
[CombatArena] [STATE] AIDecision -> ActionExecution
[RealtimeAIController] State: AIDecision -> ActionExecution
[CombatArena] Goblin Shaman moved from (-25.946701, 0, -12.25) to (-25.946701, 0, -4.75), distance: 7.5
[CombatArena] [STATE] ActionExecution -> AIDecision
[RealtimeAIController] State: ActionExecution -> AIDecision
[AutoBattlerManager] Action: enemy_shaman -> Move to (-25.946701, 0, -4.75) (OK)
[COMBAT_LOG] {"ts":1770378290381,"event":"DECISION","unit":"enemy_shaman","action":"Move","target":"(-29.696701, 0, -1)","score":0.65775305}
[RealtimeAIController] Goblin Shaman -> Move (#4) score:0.66
[CombatArena] ExecuteMovement: enemy_shaman -> (-29.696701, 0, -1)
[CombatArena] [STATE] AIDecision -> ActionExecution
[RealtimeAIController] State: AIDecision -> ActionExecution
[CombatArena] Goblin Shaman moved from (-25.946701, 0, -4.75) to (-29.696701, 0, -1), distance: 5.3
[CombatArena] [STATE] ActionExecution -> AIDecision
[RealtimeAIController] State: ActionExecution -> AIDecision
[AutoBattlerManager] Action: enemy_shaman -> Move to (-29.696701, 0, -1) (OK)
[COMBAT_LOG] {"ts":1770378290485,"event":"DECISION","unit":"enemy_shaman","action":"Move","target":"(-28.59835, 0, 0.09834957)","score":0.6497957}
[RealtimeAIController] Goblin Shaman -> Move (#5) score:0.65
[CombatArena] ExecuteMovement: enemy_shaman -> (-28.59835, 0, 0.09834957)
[CombatArena] [STATE] AIDecision -> ActionExecution
[RealtimeAIController] State: AIDecision -> ActionExecution
[CombatArena] Goblin Shaman moved from (-29.696701, 0, -1) to (-28.59835, 0, 0.09834957), distance: 1.6
[CombatArena] [STATE] ActionExecution -> AIDecision
[RealtimeAIController] State: ActionExecution -> AIDecision
[AutoBattlerManager] Action: enemy_shaman -> Move to (-28.59835, 0, 0.09834957) (OK)
[COMBAT_LOG] {"ts":1770378290588,"event":"DECISION","unit":"enemy_shaman","action":"Move","target":"(-28.92005, 0, 0.09834957)","score":0.654316}
[RealtimeAIController] Goblin Shaman -> Move (#6) score:0.65
[CombatArena] ExecuteMovement: enemy_shaman -> (-28.92005, 0, 0.09834957)
[CombatArena] [STATE] AIDecision -> ActionExecution
[RealtimeAIController] State: AIDecision -> ActionExecution
[CombatArena] Goblin Shaman moved from (-28.59835, 0, 0.09834957) to (-28.92005, 0, 0.09834957), distance: 0.3
[CombatArena] [STATE] ActionExecution -> AIDecision
[RealtimeAIController] State: ActionExecution -> AIDecision
[AutoBattlerManager] Action: enemy_shaman -> Move to (-28.92005, 0, 0.09834957) (OK)
[COMBAT_LOG] {"ts":1770378290692,"event":"DECISION","unit":"enemy_shaman","action":"Move","target":"(-28.92005, 0, -0.062499642)","score":0.6570594}
[RealtimeAIController] Goblin Shaman -> Move (#7) score:0.66
[CombatArena] ExecuteMovement: enemy_shaman -> (-28.92005, 0, -0.062499642)
[CombatArena] [STATE] AIDecision -> ActionExecution
[RealtimeAIController] State: AIDecision -> ActionExecution
[CombatArena] Goblin Shaman moved from (-28.92005, 0, 0.09834957) to (-28.92005, 0, -0.062499642), distance: 0.2
[CombatArena] [STATE] ActionExecution -> AIDecision
[RealtimeAIController] State: ActionExecution -> AIDecision
[AutoBattlerManager] Action: enemy_shaman -> Move to (-28.92005, 0, -0.062499642) (OK)
[COMBAT_LOG] {"ts":1770378290795,"event":"DECISION","unit":"enemy_shaman","action":"Move","target":"(-28.92005, 0, -0.22334886)","score":0.6547251}
[RealtimeAIController] Goblin Shaman -> Move (#8) score:0.65
[CombatArena] ExecuteMovement: enemy_shaman -> (-28.92005, 0, -0.22334886)
[CombatArena] [STATE] AIDecision -> ActionExecution
[RealtimeAIController] State: AIDecision -> ActionExecution
[CombatArena] Goblin Shaman moved from (-28.92005, 0, -0.062499642) to (-28.92005, 0, -0.22334886), distance: 0.2
[CombatArena] [STATE] ActionExecution -> AIDecision
[RealtimeAIController] State: ActionExecution -> AIDecision
[AutoBattlerManager] Action: enemy_shaman -> Move to (-28.92005, 0, -0.22334886) (OK)
[COMBAT_LOG] {"ts":1770378290899,"event":"DECISION","unit":"enemy_shaman","action":"EndTurn","score":0.10906963}
[RealtimeAIController] Goblin Shaman -> EndTurn (#9) score:0.11
[RealtimeAIController] Calling EndCurrentTurn()
[CombatArena] [STATE] AIDecision -> TurnEnd
[RealtimeAIController] State: AIDecision -> TurnEnd
[CombatArena] [TURN] Round 2, Mage
[CombatArena] [STATE] TurnEnd -> TurnStart
[RealtimeAIController] State: TurnEnd -> TurnStart
[CombatArena] [STATE] TurnStart -> PlayerDecision
[RealtimeAIController] State: TurnStart -> PlayerDecision
[CombatArena] Camera focusing on Mage via hooks
[CombatArena] SelectCombatant called: player_mage
[CombatArena] Selected: player_mage
[CombatArena] Turn started: Mage (Player)
[COMBAT_LOG] {"ts":1770378290906,"event":"TURN_START","turn":14,"round":2,"unit":"player_mage","unit_name":"Mage","faction":"Player","hp":22,"max_hp":32,"ap":"Action | Bonus | Reaction | Move:30/30","pos":[12,0,-1]}
[RealtimeAIController] Turn started for Mage
[COMBAT_LOG] {"ts":1770378290906,"event":"DECISION","unit":"player_mage","action":"Move","target":"(-3, 0, -1)","score":1.2200606}
[RealtimeAIController] Mage -> Move (#1) score:1.22
[CombatArena] ExecuteMovement: player_mage -> (-3, 0, -1)
[CombatArena] [STATE] PlayerDecision -> ActionExecution
[RealtimeAIController] State: PlayerDecision -> ActionExecution
[CombatArena] Mage moved from (12, 0, -1) to (-3, 0, -1), distance: 15.0
[CombatArena] [STATE] ActionExecution -> PlayerDecision
[RealtimeAIController] State: ActionExecution -> PlayerDecision
[AutoBattlerManager] Action: player_mage -> Move to (-3, 0, -1) (OK)
[COMBAT_LOG] {"ts":1770378291009,"event":"DECISION","unit":"player_mage","action":"Move","target":"(-3, 0, -8.5)","score":1.2378974}
[RealtimeAIController] Mage -> Move (#2) score:1.24
[CombatArena] ExecuteMovement: player_mage -> (-3, 0, -8.5)
[CombatArena] [STATE] PlayerDecision -> ActionExecution
[RealtimeAIController] State: PlayerDecision -> ActionExecution
[CombatArena] Mage moved from (-3, 0, -1) to (-3, 0, -8.5), distance: 7.5
[CombatArena] [STATE] ActionExecution -> PlayerDecision
[RealtimeAIController] State: ActionExecution -> PlayerDecision
[AutoBattlerManager] Action: player_mage -> Move to (-3, 0, -8.5) (OK)
[COMBAT_LOG] {"ts":1770378291113,"event":"DECISION","unit":"player_mage","action":"Move","target":"(-3, 0, -1)","score":1.3070331}
[RealtimeAIController] Mage -> Move (#3) score:1.31
[CombatArena] ExecuteMovement: player_mage -> (-3, 0, -1)
[CombatArena] [STATE] PlayerDecision -> ActionExecution
[RealtimeAIController] State: PlayerDecision -> ActionExecution
[CombatArena] Mage moved from (-3, 0, -8.5) to (-3, 0, -1), distance: 7.5
[CombatArena] [STATE] ActionExecution -> PlayerDecision
[RealtimeAIController] State: ActionExecution -> PlayerDecision
[AutoBattlerManager] Action: player_mage -> Move to (-3, 0, -1) (OK)
[COMBAT_LOG] {"ts":1770378291216,"event":"DECISION","unit":"player_mage","action":"Dash","score":3.0284739}
[RealtimeAIController] Mage -> Dash (#4) score:3.03
[AutoBattlerManager] Action: player_mage -> Dash (OK)
[COMBAT_LOG] {"ts":1770378291320,"event":"DECISION","unit":"player_mage","action":"Move","target":"(-33, 0, -1)","score":1.2422593}
[RealtimeAIController] Mage -> Move (#5) score:1.24
[CombatArena] ExecuteMovement: player_mage -> (-33, 0, -1)
[CombatArena] [STATE] PlayerDecision -> ActionExecution
[RealtimeAIController] State: PlayerDecision -> ActionExecution
[CombatArena] Mage moved from (-3, 0, -1) to (-33, 0, -1), distance: 30.0
[CombatArena] [STATE] ActionExecution -> PlayerDecision
[RealtimeAIController] State: ActionExecution -> PlayerDecision
[AutoBattlerManager] Action: player_mage -> Move to (-33, 0, -1) (OK)
[COMBAT_LOG] {"ts":1770378291423,"event":"DECISION","unit":"player_mage","action":"EndTurn","score":0.101912916}
[RealtimeAIController] Mage -> EndTurn (#6) score:0.10
[RealtimeAIController] Calling EndCurrentTurn()
[CombatArena] [STATE] PlayerDecision -> TurnEnd
[RealtimeAIController] State: PlayerDecision -> TurnEnd
[CombatArena] [TURN] Round 2, Orc Brute
[CombatArena] [STATE] TurnEnd -> TurnStart
[RealtimeAIController] State: TurnEnd -> TurnStart
[CombatArena] [STATE] TurnStart -> AIDecision
[RealtimeAIController] State: TurnStart -> AIDecision
[CombatArena] Camera focusing on Orc Brute via hooks
[CombatArena] SelectCombatant called: enemy_orc_brute
[CombatArena] Selected: enemy_orc_brute
[CombatArena] Turn started: Orc Brute (AI)
[COMBAT_LOG] {"ts":1770378291430,"event":"TURN_START","turn":15,"round":2,"unit":"enemy_orc_brute","unit_name":"Orc Brute","faction":"Hostile","hp":42,"max_hp":48,"ap":"Action | Bonus | Reaction | Move:30/30","pos":[-0.0313344,0,-11.720425]}
[RealtimeAIController] Turn started for Orc Brute
[COMBAT_LOG] {"ts":1770378291430,"event":"DECISION","unit":"enemy_orc_brute","action":"Attack","target":"player_rogue","score":1.0066073}
[RealtimeAIController] Orc Brute -> Attack (#1) score:1.01
[CombatArena] ExecuteAbility: enemy_orc_brute -> basic_attack -> player_rogue
[CombatArena] [STATE] AIDecision -> ActionExecution
[RealtimeAIController] State: AIDecision -> ActionExecution
[CombatArena] Orc Brute used basic_attack on Rogue: damage:9
[CombatArena] ClearSelection called
[AutoBattlerManager] Action: enemy_orc_brute -> Attack:basic_attack->player_rogue (OK)
[CombatArena] [STATE] ActionExecution -> AIDecision
[RealtimeAIController] State: ActionExecution -> AIDecision
[COMBAT_LOG] {"ts":1770378292134,"event":"DECISION","unit":"enemy_orc_brute","action":"Move","target":"(-0.0313344, 0, 3.2795753)","score":0.65513396}
[RealtimeAIController] Orc Brute -> Move (#2) score:0.66
[CombatArena] ExecuteMovement: enemy_orc_brute -> (-0.0313344, 0, 3.2795753)
[CombatArena] [STATE] AIDecision -> ActionExecution
[RealtimeAIController] State: AIDecision -> ActionExecution
[CombatArena] Orc Brute moved from (-0.0313344, 0, -11.720425) to (-0.0313344, 0, 3.2795753), distance: 15.0
[CombatArena] [STATE] ActionExecution -> AIDecision
[RealtimeAIController] State: ActionExecution -> AIDecision
[AutoBattlerManager] Action: enemy_orc_brute -> Move to (-0.0313344, 0, 3.2795753) (OK)
[COMBAT_LOG] {"ts":1770378292237,"event":"DECISION","unit":"enemy_orc_brute","action":"Move","target":"(-0.0313344, 0, -4.2204247)","score":1.2371231}
[RealtimeAIController] Orc Brute -> Move (#3) score:1.24
[CombatArena] ExecuteMovement: enemy_orc_brute -> (-0.0313344, 0, -4.2204247)
[CombatArena] [STATE] AIDecision -> ActionExecution
[RealtimeAIController] State: AIDecision -> ActionExecution
[CombatArena] Orc Brute moved from (-0.0313344, 0, 3.2795753) to (-0.0313344, 0, -4.2204247), distance: 7.5
[CombatArena] [STATE] ActionExecution -> AIDecision
[RealtimeAIController] State: ActionExecution -> AIDecision
[AutoBattlerManager] Action: enemy_orc_brute -> Move to (-0.0313344, 0, -4.2204247) (OK)
[COMBAT_LOG] {"ts":1770378292341,"event":"DECISION","unit":"enemy_orc_brute","action":"Move","target":"(3.7186656, 0, -4.2204247)","score":1.2947605}
[RealtimeAIController] Orc Brute -> Move (#4) score:1.29
[CombatArena] ExecuteMovement: enemy_orc_brute -> (3.7186656, 0, -4.2204247)
[CombatArena] [STATE] AIDecision -> ActionExecution
[RealtimeAIController] State: AIDecision -> ActionExecution
[CombatArena] Orc Brute moved from (-0.0313344, 0, -4.2204247) to (3.7186656, 0, -4.2204247), distance: 3.8
[CombatArena] [STATE] ActionExecution -> AIDecision
[RealtimeAIController] State: ActionExecution -> AIDecision
[AutoBattlerManager] Action: enemy_orc_brute -> Move to (3.7186656, 0, -4.2204247) (OK)
[COMBAT_LOG] {"ts":1770378292444,"event":"DECISION","unit":"enemy_orc_brute","action":"Move","target":"(1.8436656, 0, -2.3454247)","score":1.3134474}
[RealtimeAIController] Orc Brute -> Move (#5) score:1.31
[CombatArena] ExecuteMovement: enemy_orc_brute -> (1.8436656, 0, -2.3454247)
[CombatArena] [STATE] AIDecision -> ActionExecution
[RealtimeAIController] State: AIDecision -> ActionExecution
[CombatArena] Orc Brute moved from (3.7186656, 0, -4.2204247) to (1.8436656, 0, -2.3454247), distance: 2.7
[CombatArena] [STATE] ActionExecution -> AIDecision
[RealtimeAIController] State: ActionExecution -> AIDecision
[AutoBattlerManager] Action: enemy_orc_brute -> Move to (1.8436656, 0, -2.3454247) (OK)
[COMBAT_LOG] {"ts":1770378292548,"event":"DECISION","unit":"enemy_orc_brute","action":"Move","target":"(1.8436656, 0, -1.2470751)","score":1.3193883}
[RealtimeAIController] Orc Brute -> Move (#6) score:1.32
[CombatArena] ExecuteMovement: enemy_orc_brute -> (1.8436656, 0, -1.2470751)
[CombatArena] [STATE] AIDecision -> ActionExecution
[RealtimeAIController] State: AIDecision -> ActionExecution
[CombatArena] Orc Brute moved from (1.8436656, 0, -2.3454247) to (1.8436656, 0, -1.2470751), distance: 1.1
[CombatArena] [STATE] ActionExecution -> AIDecision
[RealtimeAIController] State: ActionExecution -> AIDecision
[AutoBattlerManager] Action: enemy_orc_brute -> Move to (1.8436656, 0, -1.2470751) (OK)
[COMBAT_LOG] {"ts":1770378292651,"event":"DECISION","unit":"enemy_orc_brute","action":"EndTurn","score":0.10716424}
[RealtimeAIController] Orc Brute -> EndTurn (#7) score:0.11
[RealtimeAIController] Calling EndCurrentTurn()
[CombatArena] [STATE] AIDecision -> TurnEnd
[RealtimeAIController] State: AIDecision -> TurnEnd
[CombatArena] [TURN] Round 2, Cleric
[CombatArena] [STATE] TurnEnd -> TurnStart
[RealtimeAIController] State: TurnEnd -> TurnStart
[CombatArena] [STATE] TurnStart -> PlayerDecision
[RealtimeAIController] State: TurnStart -> PlayerDecision
[CombatArena] Camera focusing on Cleric via hooks
[CombatArena] SelectCombatant called: player_cleric
[CombatArena] Selected: player_cleric
[CombatArena] Turn started: Cleric (Player)
[COMBAT_LOG] {"ts":1770378292658,"event":"TURN_START","turn":16,"round":2,"unit":"player_cleric","unit_name":"Cleric","faction":"Player","hp":44,"max_hp":44,"ap":"Action | Bonus | Reaction | Move:30/30","pos":[-1,0,-3]}
[RealtimeAIController] Turn started for Cleric
[COMBAT_LOG] {"ts":1770378292658,"event":"DECISION","unit":"player_cleric","action":"Move","target":"(-31, 0, -3)","score":1.282407}
[RealtimeAIController] Cleric -> Move (#1) score:1.28
[CombatArena] ExecuteMovement: player_cleric -> (-31, 0, -3)
[CombatArena] [STATE] PlayerDecision -> ActionExecution
[RealtimeAIController] State: PlayerDecision -> ActionExecution
[CombatArena] Cleric moved from (-1, 0, -3) to (-31, 0, -3), distance: 30.0
[CombatArena] [STATE] ActionExecution -> PlayerDecision
[RealtimeAIController] State: ActionExecution -> PlayerDecision
[AutoBattlerManager] Action: player_cleric -> Move to (-31, 0, -3) (OK)
[COMBAT_LOG] {"ts":1770378292761,"event":"DECISION","unit":"player_cleric","action":"Dash","score":3.1826954}
[RealtimeAIController] Cleric -> Dash (#2) score:3.18
[AutoBattlerManager] Action: player_cleric -> Dash (OK)
[COMBAT_LOG] {"ts":1770378292865,"event":"DECISION","unit":"player_cleric","action":"Move","target":"(-1, 0, -3)","score":1.2668041}
[RealtimeAIController] Cleric -> Move (#3) score:1.27
[CombatArena] ExecuteMovement: player_cleric -> (-1, 0, -3)
[CombatArena] [STATE] PlayerDecision -> ActionExecution
[RealtimeAIController] State: PlayerDecision -> ActionExecution
[CombatArena] Cleric moved from (-31, 0, -3) to (-1, 0, -3), distance: 30.0
[CombatArena] [STATE] ActionExecution -> PlayerDecision
[RealtimeAIController] State: ActionExecution -> PlayerDecision
[AutoBattlerManager] Action: player_cleric -> Move to (-1, 0, -3) (OK)
[COMBAT_LOG] {"ts":1770378292968,"event":"DECISION","unit":"player_cleric","action":"EndTurn","score":0.10793189}
[RealtimeAIController] Cleric -> EndTurn (#4) score:0.11
[RealtimeAIController] Calling EndCurrentTurn()
[CombatArena] [STATE] PlayerDecision -> TurnEnd
[RealtimeAIController] State: PlayerDecision -> TurnEnd
[CombatArena] [TURN] Round 3, Rogue
[CombatArena] [STATE] TurnEnd -> RoundEnd
[RealtimeAIController] State: TurnEnd -> RoundEnd
[CombatArena] [STATE] RoundEnd -> TurnStart
[RealtimeAIController] State: RoundEnd -> TurnStart
[CombatArena] Round 3: Reset reactions for all combatants
[CombatArena] [STATE] TurnStart -> PlayerDecision
[RealtimeAIController] State: TurnStart -> PlayerDecision
[CombatArena] Camera focusing on Rogue via hooks
[CombatArena] SelectCombatant called: player_rogue
[CombatArena] Selected: player_rogue
[CombatArena] Turn started: Rogue (Player)
[COMBAT_LOG] {"ts":1770378292975,"event":"TURN_START","turn":17,"round":3,"unit":"player_rogue","unit_name":"Rogue","faction":"Player","hp":27,"max_hp":36,"ap":"Action | Bonus | Reaction | Move:30/30","pos":[9.5,0,-28.893398]}
[RealtimeAIController] Turn started for Rogue
[COMBAT_LOG] {"ts":1770378292975,"event":"DECISION","unit":"player_rogue","action":"Attack","target":"enemy_shaman","score":0.6957927}
[RealtimeAIController] Rogue -> Attack (#1) score:0.70
[CombatArena] ExecuteAbility: player_rogue -> basic_attack -> enemy_shaman
[CombatArena] [STATE] PlayerDecision -> ActionExecution
[RealtimeAIController] State: PlayerDecision -> ActionExecution
[CombatArena] Rogue used basic_attack on Goblin Shaman: damage:7
[CombatArena] ClearSelection called
[AutoBattlerManager] Action: player_rogue -> Attack:basic_attack->enemy_shaman (OK)
[CombatArena] [STATE] ActionExecution -> PlayerDecision
[RealtimeAIController] State: ActionExecution -> PlayerDecision
[COMBAT_LOG] {"ts":1770378293677,"event":"DECISION","unit":"player_rogue","action":"Move","target":"(-20.5, 0, -28.893398)","score":0.6532544}
[RealtimeAIController] Rogue -> Move (#2) score:0.65
[CombatArena] ExecuteMovement: player_rogue -> (-20.5, 0, -28.893398)
[CombatArena] [STATE] PlayerDecision -> ActionExecution
[RealtimeAIController] State: PlayerDecision -> ActionExecution
[CombatArena] Rogue moved from (9.5, 0, -28.893398) to (-20.5, 0, -28.893398), distance: 30.0
[CombatArena] [STATE] ActionExecution -> PlayerDecision
[RealtimeAIController] State: ActionExecution -> PlayerDecision
[AutoBattlerManager] Action: player_rogue -> Move to (-20.5, 0, -28.893398) (OK)
[COMBAT_LOG] {"ts":1770378293781,"event":"DECISION","unit":"player_rogue","action":"EndTurn","score":0.10620852}
[RealtimeAIController] Rogue -> EndTurn (#3) score:0.11
[RealtimeAIController] Calling EndCurrentTurn()
[CombatArena] [STATE] PlayerDecision -> TurnEnd
[RealtimeAIController] State: PlayerDecision -> TurnEnd
[CombatArena] [TURN] Round 3, Goblin Skirmisher
[CombatArena] [STATE] TurnEnd -> TurnStart
[RealtimeAIController] State: TurnEnd -> TurnStart
[CombatArena] [STATE] TurnStart -> AIDecision
[RealtimeAIController] State: TurnStart -> AIDecision
[CombatArena] Camera focusing on Goblin Skirmisher via hooks
[CombatArena] SelectCombatant called: enemy_goblin
[CombatArena] Selected: enemy_goblin
[CombatArena] Turn started: Goblin Skirmisher (AI)
[COMBAT_LOG] {"ts":1770378293788,"event":"TURN_START","turn":18,"round":3,"unit":"enemy_goblin","unit_name":"Goblin Skirmisher","faction":"Hostile","hp":22,"max_hp":22,"ap":"Action | Bonus | Reaction | Move:30/30","pos":[7,0,-27]}
[RealtimeAIController] Turn started for Goblin Skirmisher
[COMBAT_LOG] {"ts":1770378293788,"event":"DECISION","unit":"enemy_goblin","action":"Move","target":"(-23, 0, -27)","score":1.2944294}
[RealtimeAIController] Goblin Skirmisher -> Move (#1) score:1.29
[CombatArena] ExecuteMovement: enemy_goblin -> (-23, 0, -27)
[CombatArena] [STATE] AIDecision -> ActionExecution
[RealtimeAIController] State: AIDecision -> ActionExecution
[CombatArena] Goblin Skirmisher moved from (7, 0, -27) to (-23, 0, -27), distance: 30.0
[CombatArena] [STATE] ActionExecution -> AIDecision
[RealtimeAIController] State: ActionExecution -> AIDecision
[AutoBattlerManager] Action: enemy_goblin -> Move to (-23, 0, -27) (OK)
[COMBAT_LOG] {"ts":1770378293891,"event":"DECISION","unit":"enemy_goblin","action":"Dash","score":3.010714}
[RealtimeAIController] Goblin Skirmisher -> Dash (#2) score:3.01
[AutoBattlerManager] Action: enemy_goblin -> Dash (OK)
[COMBAT_LOG] {"ts":1770378293994,"event":"DECISION","unit":"enemy_goblin","action":"Move","target":"(-8, 0, -12)","score":0.6580161}
[RealtimeAIController] Goblin Skirmisher -> Move (#3) score:0.66
[CombatArena] ExecuteMovement: enemy_goblin -> (-8, 0, -12)
[CombatArena] [STATE] AIDecision -> ActionExecution
[RealtimeAIController] State: AIDecision -> ActionExecution
[CombatArena] Goblin Skirmisher moved from (-23, 0, -27) to (-8, 0, -12), distance: 21.2
[CombatArena] [STATE] ActionExecution -> AIDecision
[RealtimeAIController] State: ActionExecution -> AIDecision
[AutoBattlerManager] Action: enemy_goblin -> Move to (-8, 0, -12) (OK)
[COMBAT_LOG] {"ts":1770378294098,"event":"DECISION","unit":"enemy_goblin","action":"Move","target":"(-3.6066017, 0, -16.393398)","score":0.65896225}
[RealtimeAIController] Goblin Skirmisher -> Move (#4) score:0.66
[CombatArena] ExecuteMovement: enemy_goblin -> (-3.6066017, 0, -16.393398)
[CombatArena] [STATE] AIDecision -> ActionExecution
[RealtimeAIController] State: AIDecision -> ActionExecution
[CombatArena] Goblin Skirmisher moved from (-8, 0, -12) to (-3.6066017, 0, -16.393398), distance: 6.2
[CombatArena] [STATE] ActionExecution -> AIDecision
[RealtimeAIController] State: ActionExecution -> AIDecision
[AutoBattlerManager] Action: enemy_goblin -> Move to (-3.6066017, 0, -16.393398) (OK)
[COMBAT_LOG] {"ts":1770378294201,"event":"DECISION","unit":"enemy_goblin","action":"Move","target":"(-2.3198051, 0, -16.393398)","score":0.6569683}
[RealtimeAIController] Goblin Skirmisher -> Move (#5) score:0.66
[CombatArena] ExecuteMovement: enemy_goblin -> (-2.3198051, 0, -16.393398)
[CombatArena] [STATE] AIDecision -> ActionExecution
[RealtimeAIController] State: AIDecision -> ActionExecution
[CombatArena] Goblin Skirmisher moved from (-3.6066017, 0, -16.393398) to (-2.3198051, 0, -16.393398), distance: 1.3
[CombatArena] [STATE] ActionExecution -> AIDecision
[RealtimeAIController] State: ActionExecution -> AIDecision
[AutoBattlerManager] Action: enemy_goblin -> Move to (-2.3198051, 0, -16.393398) (OK)
[COMBAT_LOG] {"ts":1770378294304,"event":"DECISION","unit":"enemy_goblin","action":"Move","target":"(-2.9632034, 0, -16.393398)","score":0.65498227}
[RealtimeAIController] Goblin Skirmisher -> Move (#6) score:0.65
[CombatArena] ExecuteMovement: enemy_goblin -> (-2.9632034, 0, -16.393398)
[CombatArena] [STATE] AIDecision -> ActionExecution
[RealtimeAIController] State: AIDecision -> ActionExecution
[CombatArena] Goblin Skirmisher moved from (-2.3198051, 0, -16.393398) to (-2.9632034, 0, -16.393398), distance: 0.6
[CombatArena] [STATE] ActionExecution -> AIDecision
[RealtimeAIController] State: ActionExecution -> AIDecision
[AutoBattlerManager] Action: enemy_goblin -> Move to (-2.9632034, 0, -16.393398) (OK)
[COMBAT_LOG] {"ts":1770378294407,"event":"DECISION","unit":"enemy_goblin","action":"Move","target":"(-2.9632034, 0, -15.75)","score":0.65551394}
[RealtimeAIController] Goblin Skirmisher -> Move (#7) score:0.66
[CombatArena] ExecuteMovement: enemy_goblin -> (-2.9632034, 0, -15.75)
[CombatArena] [STATE] AIDecision -> ActionExecution
[RealtimeAIController] State: AIDecision -> ActionExecution
[CombatArena] Goblin Skirmisher moved from (-2.9632034, 0, -16.393398) to (-2.9632034, 0, -15.75), distance: 0.6
[CombatArena] [STATE] ActionExecution -> AIDecision
[RealtimeAIController] State: ActionExecution -> AIDecision
[AutoBattlerManager] Action: enemy_goblin -> Move to (-2.9632034, 0, -15.75) (OK)
[COMBAT_LOG] {"ts":1770378294510,"event":"DECISION","unit":"enemy_goblin","action":"EndTurn","score":0.10585157}
[RealtimeAIController] Goblin Skirmisher -> EndTurn (#8) score:0.11
[RealtimeAIController] Calling EndCurrentTurn()
[CombatArena] [STATE] AIDecision -> TurnEnd
[RealtimeAIController] State: AIDecision -> TurnEnd
[CombatArena] [TURN] Round 3, Fighter
[CombatArena] [STATE] TurnEnd -> TurnStart
[RealtimeAIController] State: TurnEnd -> TurnStart
[CombatArena] [STATE] TurnStart -> PlayerDecision
[RealtimeAIController] State: TurnStart -> PlayerDecision
[CombatArena] Camera focusing on Fighter via hooks
[CombatArena] SelectCombatant called: player_fighter
[CombatArena] Selected: player_fighter
[CombatArena] Turn started: Fighter (Player)
[COMBAT_LOG] {"ts":1770378294517,"event":"TURN_START","turn":19,"round":3,"unit":"player_fighter","unit_name":"Fighter","faction":"Player","hp":27,"max_hp":52,"ap":"Action | Bonus | Reaction | Move:30/30","pos":[32.352814,0,-26.893398]}
[RealtimeAIController] Turn started for Fighter
[COMBAT_LOG] {"ts":1770378294517,"event":"DECISION","unit":"player_fighter","action":"Dash","score":3.144911}
[RealtimeAIController] Fighter -> Dash (#1) score:3.14
[AutoBattlerManager] Action: player_fighter -> Dash (OK)
[COMBAT_LOG] {"ts":1770378294621,"event":"DECISION","unit":"player_fighter","action":"Move","target":"(2.3528137, 0, 3.1066017)","score":1.3098781}
[RealtimeAIController] Fighter -> Move (#2) score:1.31
[CombatArena] ExecuteMovement: player_fighter -> (2.3528137, 0, 3.1066017)
[CombatArena] [STATE] PlayerDecision -> ActionExecution
[RealtimeAIController] State: PlayerDecision -> ActionExecution
[CombatArena] Fighter moved from (32.352814, 0, -26.893398) to (2.3528137, 0, 3.1066017), distance: 42.4
[CombatArena] [STATE] ActionExecution -> PlayerDecision
[RealtimeAIController] State: ActionExecution -> PlayerDecision
[AutoBattlerManager] Action: player_fighter -> Move to (2.3528137, 0, 3.1066017) (OK)
[COMBAT_LOG] {"ts":1770378294724,"event":"DECISION","unit":"player_fighter","action":"Move","target":"(2.3528137, 0, -5.680195)","score":1.2654821}
[RealtimeAIController] Fighter -> Move (#3) score:1.27
[CombatArena] ExecuteMovement: player_fighter -> (2.3528137, 0, -5.680195)
[CombatArena] [STATE] PlayerDecision -> ActionExecution
[RealtimeAIController] State: PlayerDecision -> ActionExecution
[CombatArena] Fighter moved from (2.3528137, 0, 3.1066017) to (2.3528137, 0, -5.680195), distance: 8.8
[CombatArena] [STATE] ActionExecution -> PlayerDecision
[RealtimeAIController] State: ActionExecution -> PlayerDecision
[AutoBattlerManager] Action: player_fighter -> Move to (2.3528137, 0, -5.680195) (OK)
[COMBAT_LOG] {"ts":1770378294827,"event":"DECISION","unit":"player_fighter","action":"Move","target":"(2.3528137, 0, -1.2867966)","score":1.3077995}
[RealtimeAIController] Fighter -> Move (#4) score:1.31
[CombatArena] ExecuteMovement: player_fighter -> (2.3528137, 0, -1.2867966)
[CombatArena] [STATE] PlayerDecision -> ActionExecution
[RealtimeAIController] State: PlayerDecision -> ActionExecution
[CombatArena] Fighter moved from (2.3528137, 0, -5.680195) to (2.3528137, 0, -1.2867966), distance: 4.4
[CombatArena] [STATE] ActionExecution -> PlayerDecision
[RealtimeAIController] State: ActionExecution -> PlayerDecision
[AutoBattlerManager] Action: player_fighter -> Move to (2.3528137, 0, -1.2867966) (OK)
[COMBAT_LOG] {"ts":1770378294930,"event":"DECISION","unit":"player_fighter","action":"Move","target":"(4.549513, 0, 0.9099026)","score":1.3189526}
[RealtimeAIController] Fighter -> Move (#5) score:1.32
[CombatArena] ExecuteMovement: player_fighter -> (4.549513, 0, 0.9099026)
[CombatArena] [STATE] PlayerDecision -> ActionExecution
[RealtimeAIController] State: PlayerDecision -> ActionExecution
[CombatArena] Fighter moved from (2.3528137, 0, -1.2867966) to (4.549513, 0, 0.9099026), distance: 3.1
[CombatArena] [STATE] ActionExecution -> PlayerDecision
[RealtimeAIController] State: ActionExecution -> PlayerDecision
[AutoBattlerManager] Action: player_fighter -> Move to (4.549513, 0, 0.9099026) (OK)
[COMBAT_LOG] {"ts":1770378295034,"event":"DECISION","unit":"player_fighter","action":"Move","target":"(3.9061146, 0, 0.9099026)","score":1.3177656}
[RealtimeAIController] Fighter -> Move (#6) score:1.32
[CombatArena] ExecuteMovement: player_fighter -> (3.9061146, 0, 0.9099026)
[CombatArena] [STATE] PlayerDecision -> ActionExecution
[RealtimeAIController] State: PlayerDecision -> ActionExecution
[CombatArena] Fighter moved from (4.549513, 0, 0.9099026) to (3.9061146, 0, 0.9099026), distance: 0.6
[CombatArena] [STATE] ActionExecution -> PlayerDecision
[RealtimeAIController] State: ActionExecution -> PlayerDecision
[AutoBattlerManager] Action: player_fighter -> Move to (3.9061146, 0, 0.9099026) (OK)
[COMBAT_LOG] {"ts":1770378295137,"event":"DECISION","unit":"player_fighter","action":"Move","target":"(3.2627163, 0, 0.9099026)","score":1.3193034}
[RealtimeAIController] Fighter -> Move (#7) score:1.32
[CombatArena] ExecuteMovement: player_fighter -> (3.2627163, 0, 0.9099026)
[CombatArena] [STATE] PlayerDecision -> ActionExecution
[RealtimeAIController] State: PlayerDecision -> ActionExecution
[CombatArena] Fighter moved from (3.9061146, 0, 0.9099026) to (3.2627163, 0, 0.9099026), distance: 0.6
[CombatArena] [STATE] ActionExecution -> PlayerDecision
[RealtimeAIController] State: ActionExecution -> PlayerDecision
[AutoBattlerManager] Action: player_fighter -> Move to (3.2627163, 0, 0.9099026) (OK)
[COMBAT_LOG] {"ts":1770378295240,"event":"DECISION","unit":"player_fighter","action":"EndTurn","score":0.10528179}
[RealtimeAIController] Fighter -> EndTurn (#8) score:0.11
[RealtimeAIController] Calling EndCurrentTurn()
[CombatArena] [STATE] PlayerDecision -> TurnEnd
[RealtimeAIController] State: PlayerDecision -> TurnEnd
[CombatArena] [TURN] Round 3, Orc Archer
[CombatArena] [STATE] TurnEnd -> TurnStart
[RealtimeAIController] State: TurnEnd -> TurnStart
[CombatArena] [STATE] TurnStart -> AIDecision
[RealtimeAIController] State: TurnStart -> AIDecision
[CombatArena] Camera focusing on Orc Archer via hooks
[CombatArena] SelectCombatant called: enemy_orc_archer
[CombatArena] Selected: enemy_orc_archer
[CombatArena] Turn started: Orc Archer (AI)
[COMBAT_LOG] {"ts":1770378295247,"event":"TURN_START","turn":20,"round":3,"unit":"enemy_orc_archer","unit_name":"Orc Archer","faction":"Hostile","hp":25,"max_hp":30,"ap":"Action | Bonus | Reaction | Move:30/30","pos":[-2.0266504,0,-1.1617966]}
[AutoBattlerManager] Turn limit reached (20)
[AutoBattleWatchdog] Monitoring STOPPED
[RealtimeAIController] Processing DISABLED
[COMBAT_LOG] {"ts":1770378295250,"event":"BATTLE_END","winner":"Draw (timeout)","total_turns":20,"total_rounds":3,"duration_ms":15710}

â•”â•â•â•â•â•â•â•â•â•â•â•â•â•â•â•â•â•â•â•â•â•â•â•â•â•â•â•â•â•â•â•â•â•â•â•â•â•â•â•â•â•â•â•â•â•â•â•â•â•â•â•â•—
â•‘             AUTO-BATTLE RESULTS                   â•‘
â•šâ•â•â•â•â•â•â•â•â•â•â•â•â•â•â•â•â•â•â•â•â•â•â•â•â•â•â•â•â•â•â•â•â•â•â•â•â•â•â•â•â•â•â•â•â•â•â•â•â•â•â•â•

  Winner:       Draw (timeout)
  Total Turns:  20
  Total Rounds: 3
  Duration:     15710ms
  Completed:    False
  End Reason:   max_turns_exceeded
  Seed:         3011

  Surviving Units:
    - Fighter (player_fighter) HP:27/52
    - Mage (player_mage) HP:22/32
    - Cleric (player_cleric) HP:44/44
    - Rogue (player_rogue) HP:27/36
    - Orc Brute (enemy_orc_brute) HP:42/48
    - Orc Archer (enemy_orc_archer) HP:25/30
    - Goblin Skirmisher (enemy_goblin) HP:22/22
    - Goblin Shaman (enemy_shaman) HP:21/28

AUTO-BATTLE: FAILED (max_turns_exceeded)
[RealtimeAIController] Turn started for Orc Archer
[RealtimeAIController] Orc Archer -> Move (#1) score:1.25
[CombatArena] ExecuteMovement: enemy_orc_archer -> (-32.02665, 0, -1.1617966)
[CombatArena] [STATE] AIDecision -> ActionExecution
[RealtimeAIController] State: AIDecision -> ActionExecution
[CombatArena] Orc Archer moved from (-2.0266504, 0, -1.1617966) to (-32.02665, 0, -1.1617966), distance: 30.0
[CombatArena] [STATE] ActionExecution -> AIDecision
[RealtimeAIController] State: ActionExecution -> AIDecision
[AutoBattlerManager] Action: enemy_orc_archer -> Move to (-32.02665, 0, -1.1617966) (OK)
