[0;32m[INFO][0m Using Godot: godot
[0;32m[INFO][0m Project dir: /home/martin/repos/qdnd
[0;32m[INFO][0m Running auto-battle...
[0;36mâ•â•â•â•â•â•â•â•â•â•â•â•â•â•â•â•â•â•â•â•â•â•â•â•â•â•â•â•â•â•â•â•â•â•â•â•â•â•â•â•â•â•â•â•â•â•â•â•â•â•â•[0m
Godot Engine v4.6.stable.mono.official.89cea1439 - https://godotengine.org

[CLIEntryPoint] Raw args: res://Tools/CLIRunner.tscn
[CLIEntryPoint] User args: --run-autobattle --seed 3009 --freeze-timeout 10 --loop-threshold 20 --max-turns 20 --log-file artifacts/autobattle/stress4/seed_3009.jsonl
[CLIEntryPoint] Parsed args: run-autobattle=true, seed=3009, freeze-timeout=10, loop-threshold=20, max-turns=20, log-file=artifacts/autobattle/stress4/seed_3009.jsonl
[CLIEntryPoint] Checking modes: run-tests=False, run-simulation=False, run-autobattle=True
=== IN-ENGINE AUTO-BATTLE RUN ===
Timestamp: 2026-02-06T11:44:09.1287010Z
NOTE: Running the REAL CombatArena.tscn scene with AI control.

Seed: 3009
Scenario: res://Data/Scenarios/autobattle_4v4.json
Log file: artifacts/autobattle/stress4/seed_3009.jsonl
Max rounds: 100
Max turns: 20
Watchdog freeze timeout: 10s
Watchdog loop threshold: 20

[AutoBattlerManager] === STARTING IN-ENGINE AUTO-BATTLE ===
[AutoBattlerManager] Seed: 3009
[AutoBattlerManager] Scenario: res://Data/Scenarios/autobattle_4v4.json
[AutoBattlerManager] Loading scene: res://Combat/Arena/CombatArena.tscn
[CombatArena] === COMBAT ARENA INITIALIZING ===
[CombatArena] Ground collision plane created (100x100m at Y=0)
[CombatArena] CombatContext created
[CombatContext] Registered service: CombatStateMachine
[CombatContext] Registered service: TurnQueueService
[CombatContext] Registered service: CommandService
[CombatContext] Registered service: CombatLog
[CombatContext] Registered service: ScenarioLoader
[Registry] Loaded from /home/martin/repos/qdnd/Data:
  - 7 abilities
  - 6 statuses
  - 20 scenarios
[INFO] [Registry] Dependencies: Checked 7 abilities, 6 statuses, 20 scenarios
[Registry] Validation complete: 0 errors, 0 warnings
[CombatContext] Registered service: DataRegistry
[CombatContext] Registered service: RulesEngine
[CombatContext] Registered service: StatusManager
[CombatContext] Registered service: EffectPipeline
[CombatContext] Registered service: TargetValidator
[CombatContext] Registered service: ReactionSystem
[CombatContext] Registered service: LOSService
[CombatContext] Registered service: HeightService
[CombatContext] Registered service: AIDecisionPipeline
[CombatContext] Registered service: MovementService
[CombatContext] Registered service: SurfaceManager
[CombatContext] Registered service: PresentationRequestBus
[CombatContext] Registered service: CameraStateHooks
[CombatArena] UI Models initialized
[CombatArena] Services registered: 18
[CombatArena] Loaded scenario: 8 combatants
[CombatArena] Loaded scenario from: res://Data/Scenarios/autobattle_4v4.json
[CombatArena] Registered default abilities: basic_attack, ranged_attack, power_strike
[CombatArena] Instantiating visual from scene for Fighter
[CombatantVisual] CollisionShape3D found for Fighter
[CombatantVisual] Fighter initialized - Layer: 2, Mask: 0, Pickable: True, HasShape: True
[CombatArena] Spawned visual for Fighter at (0, 0, 0), Layer: 2, InTree: True
[CombatArena] Instantiating visual from scene for Mage
[CombatantVisual] CollisionShape3D found for Mage
[CombatantVisual] Mage initialized - Layer: 2, Mask: 0, Pickable: True, HasShape: True
[CombatArena] Spawned visual for Mage at (-3, 0, -1), Layer: 2, InTree: True
[CombatArena] Instantiating visual from scene for Cleric
[CombatantVisual] CollisionShape3D found for Cleric
[CombatantVisual] Cleric initialized - Layer: 2, Mask: 0, Pickable: True, HasShape: True
[CombatArena] Spawned visual for Cleric at (-1, 0, -3), Layer: 2, InTree: True
[CombatArena] Instantiating visual from scene for Rogue
[CombatantVisual] CollisionShape3D found for Rogue
[CombatantVisual] Rogue initialized - Layer: 2, Mask: 0, Pickable: True, HasShape: True
[CombatArena] Spawned visual for Rogue at (2, 0, -2), Layer: 2, InTree: True
[CombatArena] Instantiating visual from scene for Orc Brute
[CombatantVisual] CollisionShape3D found for Orc Brute
[CombatantVisual] Orc Brute initialized - Layer: 2, Mask: 0, Pickable: True, HasShape: True
[CombatArena] Spawned visual for Orc Brute at (8, 0, 0), Layer: 2, InTree: True
[CombatArena] Instantiating visual from scene for Orc Archer
[CombatantVisual] CollisionShape3D found for Orc Archer
[CombatantVisual] Orc Archer initialized - Layer: 2, Mask: 0, Pickable: True, HasShape: True
[CombatArena] Spawned visual for Orc Archer at (10, 0, 2), Layer: 2, InTree: True
[CombatArena] Instantiating visual from scene for Goblin Skirmisher
[CombatantVisual] CollisionShape3D found for Goblin Skirmisher
[CombatantVisual] Goblin Skirmisher initialized - Layer: 2, Mask: 0, Pickable: True, HasShape: True
[CombatArena] Spawned visual for Goblin Skirmisher at (7, 0, 3), Layer: 2, InTree: True
[CombatArena] Instantiating visual from scene for Goblin Shaman
[CombatantVisual] CollisionShape3D found for Goblin Shaman
[CombatantVisual] Goblin Shaman initialized - Layer: 2, Mask: 0, Pickable: True, HasShape: True
[CombatArena] Spawned visual for Goblin Shaman at (10, 0, -1), Layer: 2, InTree: True
[CombatArena] [STATE] NotInCombat -> CombatStart
[CombatArena] [TURN] Round 1, Rogue
[CombatArena] [STATE] CombatStart -> TurnStart
[CombatArena] Round 1: Reset reactions for all combatants
[CombatArena] [STATE] TurnStart -> PlayerDecision
[CombatArena] Camera focusing on Rogue via hooks
[CombatArena] SelectCombatant called: player_rogue
[CombatArena] Selected: player_rogue
[CombatArena] Turn started: Rogue (Player)
[CombatArena] === COMBAT ARENA READY ===
[AutoBattlerManager] CombatArena added to scene tree
[AutoBattleWatchdog] Ready
[AutoBattlerManager] Watchdog created
[RealtimeAIController] Ready
[AutoBattlerManager] RealtimeAIController created
[AutoBattleWatchdog] Monitoring STARTED (freeze: 10s, loop: 20 in 1s)
[AutoBattlerManager] Scene loaded, waiting for combat to start...
[AutoBattlerManager] Arena ready, attaching AI controller...
[RealtimeAIController] Subscribed to state machine
[RealtimeAIController] Attached to CombatArena
[COMBAT_LOG] {"ts":1770378249367,"event":"BATTLE_START","seed":3009,"units":[{"id":"player_fighter","name":"Fighter","faction":"Player","hp":52,"max_hp":52,"pos":[0,0,0],"alive":true},{"id":"player_mage","name":"Mage","faction":"Player","hp":32,"max_hp":32,"pos":[-3,0,-1],"alive":true},{"id":"player_cleric","name":"Cleric","faction":"Player","hp":44,"max_hp":44,"pos":[-1,0,-3],"alive":true},{"id":"player_rogue","name":"Rogue","faction":"Player","hp":36,"max_hp":36,"pos":[2,0,-2],"alive":true},{"id":"enemy_orc_brute","name":"Orc Brute","faction":"Hostile","hp":48,"max_hp":48,"pos":[8,0,0],"alive":true},{"id":"enemy_orc_archer","name":"Orc Archer","faction":"Hostile","hp":30,"max_hp":30,"pos":[10,0,2],"alive":true},{"id":"enemy_goblin","name":"Goblin Skirmisher","faction":"Hostile","hp":22,"max_hp":22,"pos":[7,0,3],"alive":true},{"id":"enemy_shaman","name":"Goblin Shaman","faction":"Hostile","hp":28,"max_hp":28,"pos":[10,0,-1],"alive":true}]}
[AutoBattlerManager] Enabling AI processing...
[RealtimeAIController] Processing ENABLED
[COMBAT_LOG] {"ts":1770378249738,"event":"TURN_START","turn":1,"round":1,"unit":"player_rogue","unit_name":"Rogue","faction":"Player","hp":36,"max_hp":36,"ap":"Action | Bonus | Reaction | Move:30/30","pos":[2,0,-2]}
[RealtimeAIController] Turn started for Rogue
[COMBAT_LOG] {"ts":1770378249748,"event":"DECISION","unit":"player_rogue","action":"Attack","target":"enemy_goblin","score":0.71148056}
[RealtimeAIController] Rogue -> Attack (#1) score:0.71
[CombatArena] ExecuteAbility: player_rogue -> basic_attack -> enemy_goblin
[CombatArena] [STATE] PlayerDecision -> ActionExecution
[RealtimeAIController] State: PlayerDecision -> ActionExecution
[CombatArena] Rogue used basic_attack on Goblin Skirmisher: damage:6
[CombatArena] ClearSelection called
[AutoBattlerManager] Action: player_rogue -> Attack:basic_attack->enemy_goblin (OK)
[CombatArena] [STATE] ActionExecution -> PlayerDecision
[RealtimeAIController] State: ActionExecution -> PlayerDecision
[COMBAT_LOG] {"ts":1770378250438,"event":"DECISION","unit":"player_rogue","action":"Move","target":"(-13, 0, -17)","score":0.6598269}
[RealtimeAIController] Rogue -> Move (#2) score:0.66
[CombatArena] ExecuteMovement: player_rogue -> (-13, 0, -17)
[CombatArena] [STATE] PlayerDecision -> ActionExecution
[RealtimeAIController] State: PlayerDecision -> ActionExecution
[CombatArena] Rogue moved from (2, 0, -2) to (-13, 0, -17), distance: 21.2
[CombatArena] [STATE] ActionExecution -> PlayerDecision
[RealtimeAIController] State: ActionExecution -> PlayerDecision
[AutoBattlerManager] Action: player_rogue -> Move to (-13, 0, -17) (OK)
[COMBAT_LOG] {"ts":1770378250543,"event":"DECISION","unit":"player_rogue","action":"Move","target":"(-8.606602, 0, -21.393398)","score":0.65930307}
[RealtimeAIController] Rogue -> Move (#3) score:0.66
[CombatArena] ExecuteMovement: player_rogue -> (-8.606602, 0, -21.393398)
[CombatArena] [STATE] PlayerDecision -> ActionExecution
[RealtimeAIController] State: PlayerDecision -> ActionExecution
[CombatArena] Rogue moved from (-13, 0, -17) to (-8.606602, 0, -21.393398), distance: 6.2
[CombatArena] [STATE] ActionExecution -> PlayerDecision
[RealtimeAIController] State: ActionExecution -> PlayerDecision
[AutoBattlerManager] Action: player_rogue -> Move to (-8.606602, 0, -21.393398) (OK)
[COMBAT_LOG] {"ts":1770378250648,"event":"DECISION","unit":"player_rogue","action":"Move","target":"(-8.606602, 0, -23.966991)","score":0.65963024}
[RealtimeAIController] Rogue -> Move (#4) score:0.66
[CombatArena] ExecuteMovement: player_rogue -> (-8.606602, 0, -23.966991)
[CombatArena] [STATE] PlayerDecision -> ActionExecution
[RealtimeAIController] State: PlayerDecision -> ActionExecution
[CombatArena] Rogue moved from (-8.606602, 0, -21.393398) to (-8.606602, 0, -23.966991), distance: 2.6
[CombatArena] [STATE] ActionExecution -> PlayerDecision
[RealtimeAIController] State: ActionExecution -> PlayerDecision
[AutoBattlerManager] Action: player_rogue -> Move to (-8.606602, 0, -23.966991) (OK)
[COMBAT_LOG] {"ts":1770378250753,"event":"DECISION","unit":"player_rogue","action":"EndTurn","score":0.100987144}
[RealtimeAIController] Rogue -> EndTurn (#5) score:0.10
[RealtimeAIController] Calling EndCurrentTurn()
[CombatArena] [STATE] PlayerDecision -> TurnEnd
[RealtimeAIController] State: PlayerDecision -> TurnEnd
[CombatArena] [TURN] Round 1, Goblin Skirmisher
[CombatArena] [STATE] TurnEnd -> TurnStart
[RealtimeAIController] State: TurnEnd -> TurnStart
[CombatArena] [STATE] TurnStart -> AIDecision
[RealtimeAIController] State: TurnStart -> AIDecision
[CombatArena] Camera focusing on Goblin Skirmisher via hooks
[CombatArena] SelectCombatant called: enemy_goblin
[CombatArena] Selected: enemy_goblin
[CombatArena] Turn started: Goblin Skirmisher (AI)
[COMBAT_LOG] {"ts":1770378250759,"event":"TURN_START","turn":2,"round":1,"unit":"enemy_goblin","unit_name":"Goblin Skirmisher","faction":"Hostile","hp":16,"max_hp":22,"ap":"Action | Bonus | Reaction | Move:30/30","pos":[7,0,3]}
[RealtimeAIController] Turn started for Goblin Skirmisher
[COMBAT_LOG] {"ts":1770378250760,"event":"DECISION","unit":"enemy_goblin","action":"Attack","target":"player_fighter","score":1.0533158}
[RealtimeAIController] Goblin Skirmisher -> Attack (#1) score:1.05
[CombatArena] ExecuteAbility: enemy_goblin -> basic_attack -> player_fighter
[CombatArena] [STATE] AIDecision -> ActionExecution
[RealtimeAIController] State: AIDecision -> ActionExecution
[CombatArena] Goblin Skirmisher used basic_attack on Fighter: damage:10
[CombatArena] ClearSelection called
[AutoBattlerManager] Action: enemy_goblin -> Attack:basic_attack->player_fighter (OK)
[CombatArena] [STATE] ActionExecution -> AIDecision
[RealtimeAIController] State: ActionExecution -> AIDecision
[COMBAT_LOG] {"ts":1770378251465,"event":"DECISION","unit":"enemy_goblin","action":"Move","target":"(-8, 0, 18)","score":0.65626854}
[RealtimeAIController] Goblin Skirmisher -> Move (#2) score:0.66
[CombatArena] ExecuteMovement: enemy_goblin -> (-8, 0, 18)
[CombatArena] [STATE] AIDecision -> ActionExecution
[RealtimeAIController] State: AIDecision -> ActionExecution
[CombatArena] Goblin Skirmisher moved from (7, 0, 3) to (-8, 0, 18), distance: 21.2
[CombatArena] [STATE] ActionExecution -> AIDecision
[RealtimeAIController] State: ActionExecution -> AIDecision
[AutoBattlerManager] Action: enemy_goblin -> Move to (-8, 0, 18) (OK)
[COMBAT_LOG] {"ts":1770378251570,"event":"DECISION","unit":"enemy_goblin","action":"Move","target":"(-16.786797, 0, 18)","score":0.65479565}
[RealtimeAIController] Goblin Skirmisher -> Move (#3) score:0.65
[CombatArena] ExecuteMovement: enemy_goblin -> (-16.786797, 0, 18)
[CombatArena] [STATE] AIDecision -> ActionExecution
[RealtimeAIController] State: AIDecision -> ActionExecution
[CombatArena] Goblin Skirmisher moved from (-8, 0, 18) to (-16.786797, 0, 18), distance: 8.8
[CombatArena] [STATE] ActionExecution -> AIDecision
[RealtimeAIController] State: ActionExecution -> AIDecision
[AutoBattlerManager] Action: enemy_goblin -> Move to (-16.786797, 0, 18) (OK)
[COMBAT_LOG] {"ts":1770378251675,"event":"DECISION","unit":"enemy_goblin","action":"EndTurn","score":0.10704776}
[RealtimeAIController] Goblin Skirmisher -> EndTurn (#4) score:0.11
[RealtimeAIController] Calling EndCurrentTurn()
[CombatArena] [STATE] AIDecision -> TurnEnd
[RealtimeAIController] State: AIDecision -> TurnEnd
[CombatArena] [TURN] Round 1, Fighter
[CombatArena] [STATE] TurnEnd -> TurnStart
[RealtimeAIController] State: TurnEnd -> TurnStart
[CombatArena] [STATE] TurnStart -> PlayerDecision
[RealtimeAIController] State: TurnStart -> PlayerDecision
[CombatArena] Camera focusing on Fighter via hooks
[CombatArena] SelectCombatant called: player_fighter
[CombatArena] Selected: player_fighter
[CombatArena] Turn started: Fighter (Player)
[COMBAT_LOG] {"ts":1770378251681,"event":"TURN_START","turn":3,"round":1,"unit":"player_fighter","unit_name":"Fighter","faction":"Player","hp":42,"max_hp":52,"ap":"Action | Bonus | Reaction | Move:30/30","pos":[0,0,0]}
[RealtimeAIController] Turn started for Fighter
[COMBAT_LOG] {"ts":1770378251682,"event":"DECISION","unit":"player_fighter","action":"Move","target":"(-15, 0, 15)","score":1.2164887}
[RealtimeAIController] Fighter -> Move (#1) score:1.22
[CombatArena] ExecuteMovement: player_fighter -> (-15, 0, 15)
[CombatArena] [STATE] PlayerDecision -> ActionExecution
[RealtimeAIController] State: PlayerDecision -> ActionExecution
[CombatArena] Fighter moved from (0, 0, 0) to (-15, 0, 15), distance: 21.2
[CombatArena] [STATE] ActionExecution -> PlayerDecision
[RealtimeAIController] State: ActionExecution -> PlayerDecision
[AutoBattlerManager] Action: player_fighter -> Move to (-15, 0, 15) (OK)
[COMBAT_LOG] {"ts":1770378251787,"event":"DECISION","unit":"player_fighter","action":"Move","target":"(-19.393398, 0, 15)","score":1.3116031}
[RealtimeAIController] Fighter -> Move (#2) score:1.31
[CombatArena] ExecuteMovement: player_fighter -> (-19.393398, 0, 15)
[CombatArena] [STATE] PlayerDecision -> ActionExecution
[RealtimeAIController] State: PlayerDecision -> ActionExecution
[CombatArena] Fighter moved from (-15, 0, 15) to (-19.393398, 0, 15), distance: 4.4
[CombatArena] [STATE] ActionExecution -> PlayerDecision
[RealtimeAIController] State: ActionExecution -> PlayerDecision
[AutoBattlerManager] Action: player_fighter -> Move to (-19.393398, 0, 15) (OK)
[COMBAT_LOG] {"ts":1770378251891,"event":"DECISION","unit":"player_fighter","action":"Move","target":"(-15, 0, 15)","score":1.2683235}
[RealtimeAIController] Fighter -> Move (#3) score:1.27
[CombatArena] ExecuteMovement: player_fighter -> (-15, 0, 15)
[CombatArena] [STATE] PlayerDecision -> ActionExecution
[RealtimeAIController] State: PlayerDecision -> ActionExecution
[CombatArena] Fighter moved from (-19.393398, 0, 15) to (-15, 0, 15), distance: 4.4
[CombatArena] [STATE] ActionExecution -> PlayerDecision
[RealtimeAIController] State: ActionExecution -> PlayerDecision
[AutoBattlerManager] Action: player_fighter -> Move to (-15, 0, 15) (OK)
[COMBAT_LOG] {"ts":1770378251996,"event":"DECISION","unit":"player_fighter","action":"Dash","score":3.169302}
[RealtimeAIController] Fighter -> Dash (#4) score:3.17
[AutoBattlerManager] Action: player_fighter -> Dash (OK)
[COMBAT_LOG] {"ts":1770378252100,"event":"DECISION","unit":"player_fighter","action":"Move","target":"(-45, 0, 15)","score":0.65968025}
[RealtimeAIController] Fighter -> Move (#5) score:0.66
[CombatArena] ExecuteMovement: player_fighter -> (-45, 0, 15)
[CombatArena] [STATE] PlayerDecision -> ActionExecution
[RealtimeAIController] State: PlayerDecision -> ActionExecution
[CombatArena] Fighter moved from (-15, 0, 15) to (-45, 0, 15), distance: 30.0
[CombatArena] [STATE] ActionExecution -> PlayerDecision
[RealtimeAIController] State: ActionExecution -> PlayerDecision
[AutoBattlerManager] Action: player_fighter -> Move to (-45, 0, 15) (OK)
[COMBAT_LOG] {"ts":1770378252204,"event":"DECISION","unit":"player_fighter","action":"EndTurn","score":0.10196954}
[RealtimeAIController] Fighter -> EndTurn (#6) score:0.10
[RealtimeAIController] Calling EndCurrentTurn()
[CombatArena] [STATE] PlayerDecision -> TurnEnd
[RealtimeAIController] State: PlayerDecision -> TurnEnd
[CombatArena] [TURN] Round 1, Orc Archer
[CombatArena] [STATE] TurnEnd -> TurnStart
[RealtimeAIController] State: TurnEnd -> TurnStart
[CombatArena] [STATE] TurnStart -> AIDecision
[RealtimeAIController] State: TurnStart -> AIDecision
[CombatArena] Camera focusing on Orc Archer via hooks
[CombatArena] SelectCombatant called: enemy_orc_archer
[CombatArena] Selected: enemy_orc_archer
[CombatArena] Turn started: Orc Archer (AI)
[COMBAT_LOG] {"ts":1770378252211,"event":"TURN_START","turn":4,"round":1,"unit":"enemy_orc_archer","unit_name":"Orc Archer","faction":"Hostile","hp":30,"max_hp":30,"ap":"Action | Bonus | Reaction | Move:30/30","pos":[10,0,2]}
[RealtimeAIController] Turn started for Orc Archer
[COMBAT_LOG] {"ts":1770378252212,"event":"DECISION","unit":"enemy_orc_archer","action":"Move","target":"(-5, 0, 2)","score":1.3049012}
[RealtimeAIController] Orc Archer -> Move (#1) score:1.30
[CombatArena] ExecuteMovement: enemy_orc_archer -> (-5, 0, 2)
[CombatArena] [STATE] AIDecision -> ActionExecution
[RealtimeAIController] State: AIDecision -> ActionExecution
[CombatArena] Orc Archer moved from (10, 0, 2) to (-5, 0, 2), distance: 15.0
[CombatArena] [STATE] ActionExecution -> AIDecision
[RealtimeAIController] State: ActionExecution -> AIDecision
[AutoBattlerManager] Action: enemy_orc_archer -> Move to (-5, 0, 2) (OK)
[COMBAT_LOG] {"ts":1770378252316,"event":"DECISION","unit":"enemy_orc_archer","action":"Move","target":"(-5, 0, -5.5)","score":1.314068}
[RealtimeAIController] Orc Archer -> Move (#2) score:1.31
[CombatArena] ExecuteMovement: enemy_orc_archer -> (-5, 0, -5.5)
[CombatArena] [STATE] AIDecision -> ActionExecution
[RealtimeAIController] State: AIDecision -> ActionExecution
[CombatArena] Orc Archer moved from (-5, 0, 2) to (-5, 0, -5.5), distance: 7.5
[CombatArena] [STATE] ActionExecution -> AIDecision
[RealtimeAIController] State: ActionExecution -> AIDecision
[AutoBattlerManager] Action: enemy_orc_archer -> Move to (-5, 0, -5.5) (OK)
[COMBAT_LOG] {"ts":1770378252420,"event":"DECISION","unit":"enemy_orc_archer","action":"Move","target":"(-5, 0, -1.75)","score":1.2896538}
[RealtimeAIController] Orc Archer -> Move (#3) score:1.29
[CombatArena] ExecuteMovement: enemy_orc_archer -> (-5, 0, -1.75)
[CombatArena] [STATE] AIDecision -> ActionExecution
[RealtimeAIController] State: AIDecision -> ActionExecution
[CombatArena] Orc Archer moved from (-5, 0, -5.5) to (-5, 0, -1.75), distance: 3.8
[CombatArena] [STATE] ActionExecution -> AIDecision
[RealtimeAIController] State: ActionExecution -> AIDecision
[AutoBattlerManager] Action: enemy_orc_archer -> Move to (-5, 0, -1.75) (OK)
[COMBAT_LOG] {"ts":1770378252525,"event":"DECISION","unit":"enemy_orc_archer","action":"Move","target":"(-6.875, 0, -3.625)","score":1.3118659}
[RealtimeAIController] Orc Archer -> Move (#4) score:1.31
[CombatArena] ExecuteMovement: enemy_orc_archer -> (-6.875, 0, -3.625)
[CombatArena] [STATE] AIDecision -> ActionExecution
[RealtimeAIController] State: AIDecision -> ActionExecution
[CombatArena] Orc Archer moved from (-5, 0, -1.75) to (-6.875, 0, -3.625), distance: 2.7
[CombatArena] [STATE] ActionExecution -> AIDecision
[RealtimeAIController] State: ActionExecution -> AIDecision
[AutoBattlerManager] Action: enemy_orc_archer -> Move to (-6.875, 0, -3.625) (OK)
[COMBAT_LOG] {"ts":1770378252629,"event":"DECISION","unit":"enemy_orc_archer","action":"Dash","score":3.247249}
[RealtimeAIController] Orc Archer -> Dash (#5) score:3.25
[AutoBattlerManager] Action: enemy_orc_archer -> Dash (OK)
[COMBAT_LOG] {"ts":1770378252734,"event":"DECISION","unit":"enemy_orc_archer","action":"Move","target":"(24.22335, 0, -3.625)","score":0.6564745}
[RealtimeAIController] Orc Archer -> Move (#6) score:0.66
[CombatArena] ExecuteMovement: enemy_orc_archer -> (24.22335, 0, -3.625)
[CombatArena] [STATE] AIDecision -> ActionExecution
[RealtimeAIController] State: AIDecision -> ActionExecution
[CombatArena] Orc Archer moved from (-6.875, 0, -3.625) to (24.22335, 0, -3.625), distance: 31.1
[CombatArena] [STATE] ActionExecution -> AIDecision
[RealtimeAIController] State: ActionExecution -> AIDecision
[AutoBattlerManager] Action: enemy_orc_archer -> Move to (24.22335, 0, -3.625) (OK)
[COMBAT_LOG] {"ts":1770378252838,"event":"DECISION","unit":"enemy_orc_archer","action":"EndTurn","score":0.103716746}
[RealtimeAIController] Orc Archer -> EndTurn (#7) score:0.10
[RealtimeAIController] Calling EndCurrentTurn()
[CombatArena] [STATE] AIDecision -> TurnEnd
[RealtimeAIController] State: AIDecision -> TurnEnd
[CombatArena] [TURN] Round 1, Goblin Shaman
[CombatArena] [STATE] TurnEnd -> TurnStart
[RealtimeAIController] State: TurnEnd -> TurnStart
[CombatArena] [STATE] TurnStart -> AIDecision
[RealtimeAIController] State: TurnStart -> AIDecision
[CombatArena] Camera focusing on Goblin Shaman via hooks
[CombatArena] SelectCombatant called: enemy_shaman
[CombatArena] Selected: enemy_shaman
[CombatArena] Turn started: Goblin Shaman (AI)
[COMBAT_LOG] {"ts":1770378252845,"event":"TURN_START","turn":5,"round":1,"unit":"enemy_shaman","unit_name":"Goblin Shaman","faction":"Hostile","hp":28,"max_hp":28,"ap":"Action | Bonus | Reaction | Move:30/30","pos":[10,0,-1]}
[RealtimeAIController] Turn started for Goblin Shaman
[COMBAT_LOG] {"ts":1770378252845,"event":"DECISION","unit":"enemy_shaman","action":"Move","target":"(-5, 0, -1)","score":1.2409065}
[RealtimeAIController] Goblin Shaman -> Move (#1) score:1.24
[CombatArena] ExecuteMovement: enemy_shaman -> (-5, 0, -1)
[CombatArena] [STATE] AIDecision -> ActionExecution
[RealtimeAIController] State: AIDecision -> ActionExecution
[CombatArena] Goblin Shaman moved from (10, 0, -1) to (-5, 0, -1), distance: 15.0
[CombatArena] [STATE] ActionExecution -> AIDecision
[RealtimeAIController] State: ActionExecution -> AIDecision
[AutoBattlerManager] Action: enemy_shaman -> Move to (-5, 0, -1) (OK)
[COMBAT_LOG] {"ts":1770378252950,"event":"DECISION","unit":"enemy_shaman","action":"Move","target":"(2.5, 0, -1)","score":1.2652792}
[RealtimeAIController] Goblin Shaman -> Move (#2) score:1.27
[CombatArena] ExecuteMovement: enemy_shaman -> (2.5, 0, -1)
[CombatArena] [STATE] AIDecision -> ActionExecution
[RealtimeAIController] State: AIDecision -> ActionExecution
[CombatArena] Goblin Shaman moved from (-5, 0, -1) to (2.5, 0, -1), distance: 7.5
[CombatArena] [STATE] ActionExecution -> AIDecision
[RealtimeAIController] State: ActionExecution -> AIDecision
[AutoBattlerManager] Action: enemy_shaman -> Move to (2.5, 0, -1) (OK)
[COMBAT_LOG] {"ts":1770378253054,"event":"DECISION","unit":"enemy_shaman","action":"Move","target":"(2.5, 0, -4.75)","score":1.300219}
[RealtimeAIController] Goblin Shaman -> Move (#3) score:1.30
[CombatArena] ExecuteMovement: enemy_shaman -> (2.5, 0, -4.75)
[CombatArena] [STATE] AIDecision -> ActionExecution
[RealtimeAIController] State: AIDecision -> ActionExecution
[CombatArena] Goblin Shaman moved from (2.5, 0, -1) to (2.5, 0, -4.75), distance: 3.8
[CombatArena] [STATE] ActionExecution -> AIDecision
[RealtimeAIController] State: ActionExecution -> AIDecision
[AutoBattlerManager] Action: enemy_shaman -> Move to (2.5, 0, -4.75) (OK)
[COMBAT_LOG] {"ts":1770378253158,"event":"DECISION","unit":"enemy_shaman","action":"Dash","score":3.2561653}
[RealtimeAIController] Goblin Shaman -> Dash (#4) score:3.26
[AutoBattlerManager] Action: enemy_shaman -> Dash (OK)
[COMBAT_LOG] {"ts":1770378253263,"event":"DECISION","unit":"enemy_shaman","action":"Move","target":"(19.375, 0, -4.75)","score":0.657891}
[RealtimeAIController] Goblin Shaman -> Move (#5) score:0.66
[CombatArena] ExecuteMovement: enemy_shaman -> (19.375, 0, -4.75)
[CombatArena] [STATE] AIDecision -> ActionExecution
[RealtimeAIController] State: AIDecision -> ActionExecution
[CombatArena] Goblin Shaman moved from (2.5, 0, -4.75) to (19.375, 0, -4.75), distance: 16.9
[CombatArena] [STATE] ActionExecution -> AIDecision
[RealtimeAIController] State: ActionExecution -> AIDecision
[AutoBattlerManager] Action: enemy_shaman -> Move to (19.375, 0, -4.75) (OK)
[COMBAT_LOG] {"ts":1770378253367,"event":"DECISION","unit":"enemy_shaman","action":"Move","target":"(2.5, 0, -4.75)","score":1.2985991}
[RealtimeAIController] Goblin Shaman -> Move (#6) score:1.30
[CombatArena] ExecuteMovement: enemy_shaman -> (2.5, 0, -4.75)
[CombatArena] [STATE] AIDecision -> ActionExecution
[RealtimeAIController] State: AIDecision -> ActionExecution
[CombatArena] Goblin Shaman moved from (19.375, 0, -4.75) to (2.5, 0, -4.75), distance: 16.9
[CombatArena] [STATE] ActionExecution -> AIDecision
[RealtimeAIController] State: ActionExecution -> AIDecision
[AutoBattlerManager] Action: enemy_shaman -> Move to (2.5, 0, -4.75) (OK)
[COMBAT_LOG] {"ts":1770378253471,"event":"DECISION","unit":"enemy_shaman","action":"EndTurn","score":0.10203648}
[RealtimeAIController] Goblin Shaman -> EndTurn (#7) score:0.10
[RealtimeAIController] Calling EndCurrentTurn()
[CombatArena] [STATE] AIDecision -> TurnEnd
[RealtimeAIController] State: AIDecision -> TurnEnd
[CombatArena] [TURN] Round 1, Mage
[CombatArena] [STATE] TurnEnd -> TurnStart
[RealtimeAIController] State: TurnEnd -> TurnStart
[CombatArena] [STATE] TurnStart -> PlayerDecision
[RealtimeAIController] State: TurnStart -> PlayerDecision
[CombatArena] Camera focusing on Mage via hooks
[CombatArena] SelectCombatant called: player_mage
[CombatArena] Selected: player_mage
[CombatArena] Turn started: Mage (Player)
[COMBAT_LOG] {"ts":1770378253478,"event":"TURN_START","turn":6,"round":1,"unit":"player_mage","unit_name":"Mage","faction":"Player","hp":32,"max_hp":32,"ap":"Action | Bonus | Reaction | Move:30/30","pos":[-3,0,-1]}
[RealtimeAIController] Turn started for Mage
[COMBAT_LOG] {"ts":1770378253479,"event":"DECISION","unit":"player_mage","action":"Move","target":"(27, 0, -1)","score":1.3008018}
[RealtimeAIController] Mage -> Move (#1) score:1.30
[CombatArena] ExecuteMovement: player_mage -> (27, 0, -1)
[CombatArena] [STATE] PlayerDecision -> ActionExecution
[RealtimeAIController] State: PlayerDecision -> ActionExecution
[CombatArena] Mage moved from (-3, 0, -1) to (27, 0, -1), distance: 30.0
[CombatArena] [STATE] ActionExecution -> PlayerDecision
[RealtimeAIController] State: ActionExecution -> PlayerDecision
[AutoBattlerManager] Action: player_mage -> Move to (27, 0, -1) (OK)
[COMBAT_LOG] {"ts":1770378253582,"event":"DECISION","unit":"player_mage","action":"Dash","score":3.046266}
[RealtimeAIController] Mage -> Dash (#2) score:3.05
[AutoBattlerManager] Action: player_mage -> Dash (OK)
[COMBAT_LOG] {"ts":1770378253686,"event":"DECISION","unit":"player_mage","action":"Move","target":"(12, 0, -1)","score":1.2134291}
[RealtimeAIController] Mage -> Move (#3) score:1.21
[CombatArena] ExecuteMovement: player_mage -> (12, 0, -1)
[CombatArena] [STATE] PlayerDecision -> ActionExecution
[RealtimeAIController] State: PlayerDecision -> ActionExecution
[CombatArena] Mage moved from (27, 0, -1) to (12, 0, -1), distance: 15.0
[CombatArena] [STATE] ActionExecution -> PlayerDecision
[RealtimeAIController] State: ActionExecution -> PlayerDecision
[AutoBattlerManager] Action: player_mage -> Move to (12, 0, -1) (OK)
[COMBAT_LOG] {"ts":1770378253791,"event":"DECISION","unit":"player_mage","action":"Move","target":"(27, 0, -1)","score":1.2859533}
[RealtimeAIController] Mage -> Move (#4) score:1.29
[CombatArena] ExecuteMovement: player_mage -> (27, 0, -1)
[CombatArena] [STATE] PlayerDecision -> ActionExecution
[RealtimeAIController] State: PlayerDecision -> ActionExecution
[CombatArena] Mage moved from (12, 0, -1) to (27, 0, -1), distance: 15.0
[CombatArena] [STATE] ActionExecution -> PlayerDecision
[RealtimeAIController] State: ActionExecution -> PlayerDecision
[AutoBattlerManager] Action: player_mage -> Move to (27, 0, -1) (OK)
[COMBAT_LOG] {"ts":1770378253895,"event":"DECISION","unit":"player_mage","action":"EndTurn","score":0.100541316}
[RealtimeAIController] Mage -> EndTurn (#5) score:0.10
[RealtimeAIController] Calling EndCurrentTurn()
[CombatArena] [STATE] PlayerDecision -> TurnEnd
[RealtimeAIController] State: PlayerDecision -> TurnEnd
[CombatArena] [TURN] Round 1, Orc Brute
[CombatArena] [STATE] TurnEnd -> TurnStart
[RealtimeAIController] State: TurnEnd -> TurnStart
[CombatArena] [STATE] TurnStart -> AIDecision
[RealtimeAIController] State: TurnStart -> AIDecision
[CombatArena] Camera focusing on Orc Brute via hooks
[CombatArena] SelectCombatant called: enemy_orc_brute
[CombatArena] Selected: enemy_orc_brute
[CombatArena] Turn started: Orc Brute (AI)
[COMBAT_LOG] {"ts":1770378253902,"event":"TURN_START","turn":7,"round":1,"unit":"enemy_orc_brute","unit_name":"Orc Brute","faction":"Hostile","hp":48,"max_hp":48,"ap":"Action | Bonus | Reaction | Move:30/30","pos":[8,0,0]}
[RealtimeAIController] Turn started for Orc Brute
[COMBAT_LOG] {"ts":1770378253902,"event":"DECISION","unit":"enemy_orc_brute","action":"Move","target":"(23, 0, 0)","score":1.2227272}
[RealtimeAIController] Orc Brute -> Move (#1) score:1.22
[CombatArena] ExecuteMovement: enemy_orc_brute -> (23, 0, 0)
[CombatArena] [STATE] AIDecision -> ActionExecution
[RealtimeAIController] State: AIDecision -> ActionExecution
[CombatArena] Orc Brute moved from (8, 0, 0) to (23, 0, 0), distance: 15.0
[CombatArena] [STATE] ActionExecution -> AIDecision
[RealtimeAIController] State: ActionExecution -> AIDecision
[AutoBattlerManager] Action: enemy_orc_brute -> Move to (23, 0, 0) (OK)
[COMBAT_LOG] {"ts":1770378254006,"event":"DECISION","unit":"enemy_orc_brute","action":"Move","target":"(30.5, 0, 0)","score":1.2197107}
[RealtimeAIController] Orc Brute -> Move (#2) score:1.22
[CombatArena] ExecuteMovement: enemy_orc_brute -> (30.5, 0, 0)
[CombatArena] [STATE] AIDecision -> ActionExecution
[RealtimeAIController] State: AIDecision -> ActionExecution
[CombatArena] Orc Brute moved from (23, 0, 0) to (30.5, 0, 0), distance: 7.5
[CombatArena] [STATE] ActionExecution -> AIDecision
[RealtimeAIController] State: ActionExecution -> AIDecision
[AutoBattlerManager] Action: enemy_orc_brute -> Move to (30.5, 0, 0) (OK)
[COMBAT_LOG] {"ts":1770378254111,"event":"DECISION","unit":"enemy_orc_brute","action":"Move","target":"(26.75, 0, 0)","score":1.272454}
[RealtimeAIController] Orc Brute -> Move (#3) score:1.27
[CombatArena] ExecuteMovement: enemy_orc_brute -> (26.75, 0, 0)
[CombatArena] [STATE] AIDecision -> ActionExecution
[RealtimeAIController] State: AIDecision -> ActionExecution
[CombatArena] Orc Brute moved from (30.5, 0, 0) to (26.75, 0, 0), distance: 3.8
[CombatArena] [STATE] ActionExecution -> AIDecision
[RealtimeAIController] State: ActionExecution -> AIDecision
[AutoBattlerManager] Action: enemy_orc_brute -> Move to (26.75, 0, 0) (OK)
[COMBAT_LOG] {"ts":1770378254215,"event":"DECISION","unit":"enemy_orc_brute","action":"Move","target":"(26.75, 0, -1.875)","score":1.3088881}
[RealtimeAIController] Orc Brute -> Move (#4) score:1.31
[CombatArena] ExecuteMovement: enemy_orc_brute -> (26.75, 0, -1.875)
[CombatArena] [STATE] AIDecision -> ActionExecution
[RealtimeAIController] State: AIDecision -> ActionExecution
[CombatArena] Orc Brute moved from (26.75, 0, 0) to (26.75, 0, -1.875), distance: 1.9
[CombatArena] [STATE] ActionExecution -> AIDecision
[RealtimeAIController] State: ActionExecution -> AIDecision
[AutoBattlerManager] Action: enemy_orc_brute -> Move to (26.75, 0, -1.875) (OK)
[COMBAT_LOG] {"ts":1770378254318,"event":"DECISION","unit":"enemy_orc_brute","action":"Move","target":"(27.6875, 0, -0.9375)","score":1.3163372}
[RealtimeAIController] Orc Brute -> Move (#5) score:1.32
[CombatArena] ExecuteMovement: enemy_orc_brute -> (27.6875, 0, -0.9375)
[CombatArena] [STATE] AIDecision -> ActionExecution
[RealtimeAIController] State: AIDecision -> ActionExecution
[CombatArena] Orc Brute moved from (26.75, 0, -1.875) to (27.6875, 0, -0.9375), distance: 1.3
[CombatArena] [STATE] ActionExecution -> AIDecision
[RealtimeAIController] State: ActionExecution -> AIDecision
[AutoBattlerManager] Action: enemy_orc_brute -> Move to (27.6875, 0, -0.9375) (OK)
[COMBAT_LOG] {"ts":1770378254422,"event":"DECISION","unit":"enemy_orc_brute","action":"Dash","score":3.0917368}
[RealtimeAIController] Orc Brute -> Dash (#6) score:3.09
[AutoBattlerManager] Action: enemy_orc_brute -> Dash (OK)
[COMBAT_LOG] {"ts":1770378254526,"event":"DECISION","unit":"enemy_orc_brute","action":"Move","target":"(-2.8616753, 0, -0.9375)","score":1.2860845}
[RealtimeAIController] Orc Brute -> Move (#7) score:1.29
[CombatArena] ExecuteMovement: enemy_orc_brute -> (-2.8616753, 0, -0.9375)
[CombatArena] [STATE] AIDecision -> ActionExecution
[RealtimeAIController] State: AIDecision -> ActionExecution
[CombatArena] Orc Brute moved from (27.6875, 0, -0.9375) to (-2.8616753, 0, -0.9375), distance: 30.5
[CombatArena] [STATE] ActionExecution -> AIDecision
[RealtimeAIController] State: ActionExecution -> AIDecision
[AutoBattlerManager] Action: enemy_orc_brute -> Move to (-2.8616753, 0, -0.9375) (OK)
[COMBAT_LOG] {"ts":1770378254631,"event":"DECISION","unit":"enemy_orc_brute","action":"EndTurn","score":0.10923732}
[RealtimeAIController] Orc Brute -> EndTurn (#8) score:0.11
[RealtimeAIController] Calling EndCurrentTurn()
[CombatArena] [STATE] AIDecision -> TurnEnd
[RealtimeAIController] State: AIDecision -> TurnEnd
[CombatArena] [TURN] Round 1, Cleric
[CombatArena] [STATE] TurnEnd -> TurnStart
[RealtimeAIController] State: TurnEnd -> TurnStart
[CombatArena] [STATE] TurnStart -> PlayerDecision
[RealtimeAIController] State: TurnStart -> PlayerDecision
[CombatArena] Camera focusing on Cleric via hooks
[CombatArena] SelectCombatant called: player_cleric
[CombatArena] Selected: player_cleric
[CombatArena] Turn started: Cleric (Player)
[COMBAT_LOG] {"ts":1770378254637,"event":"TURN_START","turn":8,"round":1,"unit":"player_cleric","unit_name":"Cleric","faction":"Player","hp":44,"max_hp":44,"ap":"Action | Bonus | Reaction | Move:30/30","pos":[-1,0,-3]}
[RealtimeAIController] Turn started for Cleric
[COMBAT_LOG] {"ts":1770378254637,"event":"DECISION","unit":"player_cleric","action":"Move","target":"(29, 0, -3)","score":1.2903379}
[RealtimeAIController] Cleric -> Move (#1) score:1.29
[CombatArena] ExecuteMovement: player_cleric -> (29, 0, -3)
[CombatArena] [STATE] PlayerDecision -> ActionExecution
[RealtimeAIController] State: PlayerDecision -> ActionExecution
[CombatArena] Cleric moved from (-1, 0, -3) to (29, 0, -3), distance: 30.0
[CombatArena] [STATE] ActionExecution -> PlayerDecision
[RealtimeAIController] State: ActionExecution -> PlayerDecision
[AutoBattlerManager] Action: player_cleric -> Move to (29, 0, -3) (OK)
[COMBAT_LOG] {"ts":1770378254741,"event":"DECISION","unit":"player_cleric","action":"Dash","score":3.2863426}
[RealtimeAIController] Cleric -> Dash (#2) score:3.29
[AutoBattlerManager] Action: player_cleric -> Dash (OK)
[COMBAT_LOG] {"ts":1770378254845,"event":"DECISION","unit":"player_cleric","action":"Move","target":"(-1, 0, -3)","score":1.3098388}
[RealtimeAIController] Cleric -> Move (#3) score:1.31
[CombatArena] ExecuteMovement: player_cleric -> (-1, 0, -3)
[CombatArena] [STATE] PlayerDecision -> ActionExecution
[RealtimeAIController] State: PlayerDecision -> ActionExecution
[CombatArena] Cleric moved from (29, 0, -3) to (-1, 0, -3), distance: 30.0
[CombatArena] [STATE] ActionExecution -> PlayerDecision
[RealtimeAIController] State: ActionExecution -> PlayerDecision
[AutoBattlerManager] Action: player_cleric -> Move to (-1, 0, -3) (OK)
[COMBAT_LOG] {"ts":1770378254949,"event":"DECISION","unit":"player_cleric","action":"EndTurn","score":0.108437}
[RealtimeAIController] Cleric -> EndTurn (#4) score:0.11
[RealtimeAIController] Calling EndCurrentTurn()
[CombatArena] [STATE] PlayerDecision -> TurnEnd
[RealtimeAIController] State: PlayerDecision -> TurnEnd
[CombatArena] [TURN] Round 2, Rogue
[CombatArena] [STATE] TurnEnd -> RoundEnd
[RealtimeAIController] State: TurnEnd -> RoundEnd
[CombatArena] [STATE] RoundEnd -> TurnStart
[RealtimeAIController] State: RoundEnd -> TurnStart
[CombatArena] Round 2: Reset reactions for all combatants
[CombatArena] [STATE] TurnStart -> PlayerDecision
[RealtimeAIController] State: TurnStart -> PlayerDecision
[CombatArena] Camera focusing on Rogue via hooks
[CombatArena] SelectCombatant called: player_rogue
[CombatArena] Selected: player_rogue
[CombatArena] Turn started: Rogue (Player)
[COMBAT_LOG] {"ts":1770378254956,"event":"TURN_START","turn":9,"round":2,"unit":"player_rogue","unit_name":"Rogue","faction":"Player","hp":36,"max_hp":36,"ap":"Action | Bonus | Reaction | Move:30/30","pos":[-8.606602,0,-23.966991]}
[RealtimeAIController] Turn started for Rogue
[COMBAT_LOG] {"ts":1770378254956,"event":"DECISION","unit":"player_rogue","action":"Attack","target":"enemy_shaman","score":0.69166327}
[RealtimeAIController] Rogue -> Attack (#1) score:0.69
[CombatArena] ExecuteAbility: player_rogue -> basic_attack -> enemy_shaman
[CombatArena] [STATE] PlayerDecision -> ActionExecution
[RealtimeAIController] State: PlayerDecision -> ActionExecution
[CombatArena] Rogue used basic_attack on Goblin Shaman: damage:5
[CombatArena] ClearSelection called
[AutoBattlerManager] Action: player_rogue -> Attack:basic_attack->enemy_shaman (OK)
[CombatArena] [STATE] ActionExecution -> PlayerDecision
[RealtimeAIController] State: ActionExecution -> PlayerDecision
[COMBAT_LOG] {"ts":1770378255656,"event":"DECISION","unit":"player_rogue","action":"Move","target":"(-8.606602, 0, 6.0330086)","score":0.6565989}
[RealtimeAIController] Rogue -> Move (#2) score:0.66
[CombatArena] ExecuteMovement: player_rogue -> (-8.606602, 0, 6.0330086)
[CombatArena] [STATE] PlayerDecision -> ActionExecution
[RealtimeAIController] State: PlayerDecision -> ActionExecution
[CombatArena] Rogue moved from (-8.606602, 0, -23.966991) to (-8.606602, 0, 6.0330086), distance: 30.0
[CombatArena] [STATE] ActionExecution -> PlayerDecision
[RealtimeAIController] State: ActionExecution -> PlayerDecision
[AutoBattlerManager] Action: player_rogue -> Move to (-8.606602, 0, 6.0330086) (OK)
[COMBAT_LOG] {"ts":1770378255760,"event":"DECISION","unit":"player_rogue","action":"EndTurn","score":0.10750761}
[RealtimeAIController] Rogue -> EndTurn (#3) score:0.11
[RealtimeAIController] Calling EndCurrentTurn()
[CombatArena] [STATE] PlayerDecision -> TurnEnd
[RealtimeAIController] State: PlayerDecision -> TurnEnd
[CombatArena] [TURN] Round 2, Goblin Skirmisher
[CombatArena] [STATE] TurnEnd -> TurnStart
[RealtimeAIController] State: TurnEnd -> TurnStart
[CombatArena] [STATE] TurnStart -> AIDecision
[RealtimeAIController] State: TurnStart -> AIDecision
[CombatArena] Camera focusing on Goblin Skirmisher via hooks
[CombatArena] SelectCombatant called: enemy_goblin
[CombatArena] Selected: enemy_goblin
[CombatArena] Turn started: Goblin Skirmisher (AI)
[COMBAT_LOG] {"ts":1770378255767,"event":"TURN_START","turn":10,"round":2,"unit":"enemy_goblin","unit_name":"Goblin Skirmisher","faction":"Hostile","hp":16,"max_hp":22,"ap":"Action | Bonus | Reaction | Move:30/30","pos":[-16.786797,0,18]}
[RealtimeAIController] Turn started for Goblin Skirmisher
[COMBAT_LOG] {"ts":1770378255767,"event":"DECISION","unit":"enemy_goblin","action":"Move","target":"(-46.786797, 0, 18)","score":1.275332}
[RealtimeAIController] Goblin Skirmisher -> Move (#1) score:1.28
[CombatArena] ExecuteMovement: enemy_goblin -> (-46.786797, 0, 18)
[CombatArena] [STATE] AIDecision -> ActionExecution
[RealtimeAIController] State: AIDecision -> ActionExecution
[CombatArena] Goblin Skirmisher moved from (-16.786797, 0, 18) to (-46.786797, 0, 18), distance: 30.0
[CombatArena] [STATE] ActionExecution -> AIDecision
[RealtimeAIController] State: ActionExecution -> AIDecision
[AutoBattlerManager] Action: enemy_goblin -> Move to (-46.786797, 0, 18) (OK)
[COMBAT_LOG] {"ts":1770378255871,"event":"DECISION","unit":"enemy_goblin","action":"Dash","score":3.2780888}
[RealtimeAIController] Goblin Skirmisher -> Dash (#2) score:3.28
[AutoBattlerManager] Action: enemy_goblin -> Dash (OK)
[COMBAT_LOG] {"ts":1770378255975,"event":"DECISION","unit":"enemy_goblin","action":"Move","target":"(-31.786797, 0, 18)","score":0.6598575}
[RealtimeAIController] Goblin Skirmisher -> Move (#3) score:0.66
[CombatArena] ExecuteMovement: enemy_goblin -> (-31.786797, 0, 18)
[CombatArena] [STATE] AIDecision -> ActionExecution
[RealtimeAIController] State: AIDecision -> ActionExecution
[CombatArena] Goblin Skirmisher moved from (-46.786797, 0, 18) to (-31.786797, 0, 18), distance: 15.0
[CombatArena] [STATE] ActionExecution -> AIDecision
[RealtimeAIController] State: ActionExecution -> AIDecision
[AutoBattlerManager] Action: enemy_goblin -> Move to (-31.786797, 0, 18) (OK)
[COMBAT_LOG] {"ts":1770378256078,"event":"DECISION","unit":"enemy_goblin","action":"Move","target":"(-46.786797, 0, 18)","score":1.2685639}
[RealtimeAIController] Goblin Skirmisher -> Move (#4) score:1.27
[CombatArena] ExecuteMovement: enemy_goblin -> (-46.786797, 0, 18)
[CombatArena] [STATE] AIDecision -> ActionExecution
[RealtimeAIController] State: AIDecision -> ActionExecution
[CombatArena] Goblin Skirmisher moved from (-31.786797, 0, 18) to (-46.786797, 0, 18), distance: 15.0
[CombatArena] [STATE] ActionExecution -> AIDecision
[RealtimeAIController] State: ActionExecution -> AIDecision
[AutoBattlerManager] Action: enemy_goblin -> Move to (-46.786797, 0, 18) (OK)
[COMBAT_LOG] {"ts":1770378256182,"event":"DECISION","unit":"enemy_goblin","action":"EndTurn","score":0.104868}
[RealtimeAIController] Goblin Skirmisher -> EndTurn (#5) score:0.10
[RealtimeAIController] Calling EndCurrentTurn()
[CombatArena] [STATE] AIDecision -> TurnEnd
[RealtimeAIController] State: AIDecision -> TurnEnd
[CombatArena] [TURN] Round 2, Fighter
[CombatArena] [STATE] TurnEnd -> TurnStart
[RealtimeAIController] State: TurnEnd -> TurnStart
[CombatArena] [STATE] TurnStart -> PlayerDecision
[RealtimeAIController] State: TurnStart -> PlayerDecision
[CombatArena] Camera focusing on Fighter via hooks
[CombatArena] SelectCombatant called: player_fighter
[CombatArena] Selected: player_fighter
[CombatArena] Turn started: Fighter (Player)
[COMBAT_LOG] {"ts":1770378256189,"event":"TURN_START","turn":11,"round":2,"unit":"player_fighter","unit_name":"Fighter","faction":"Player","hp":42,"max_hp":52,"ap":"Action | Bonus | Reaction | Move:30/30","pos":[-45,0,15]}
[RealtimeAIController] Turn started for Fighter
[COMBAT_LOG] {"ts":1770378256189,"event":"DECISION","unit":"player_fighter","action":"Attack","target":"enemy_shaman","score":0.70783913}
[RealtimeAIController] Fighter -> Attack (#1) score:0.71
[CombatArena] ExecuteAbility: player_fighter -> basic_attack -> enemy_shaman
[CombatArena] [STATE] PlayerDecision -> ActionExecution
[RealtimeAIController] State: PlayerDecision -> ActionExecution
[CombatArena] Fighter used basic_attack on Goblin Shaman: damage:10
[CombatArena] ClearSelection called
[AutoBattlerManager] Action: player_fighter -> Attack:basic_attack->enemy_shaman (OK)
[CombatArena] [STATE] ActionExecution -> PlayerDecision
[RealtimeAIController] State: ActionExecution -> PlayerDecision
[COMBAT_LOG] {"ts":1770378256887,"event":"DECISION","unit":"player_fighter","action":"Move","target":"(-45, 0, 0)","score":0.6586685}
[RealtimeAIController] Fighter -> Move (#2) score:0.66
[CombatArena] ExecuteMovement: player_fighter -> (-45, 0, 0)
[CombatArena] [STATE] PlayerDecision -> ActionExecution
[RealtimeAIController] State: PlayerDecision -> ActionExecution
[CombatArena] Fighter moved from (-45, 0, 15) to (-45, 0, 0), distance: 15.0
[CombatArena] [STATE] ActionExecution -> PlayerDecision
[RealtimeAIController] State: ActionExecution -> PlayerDecision
[AutoBattlerManager] Action: player_fighter -> Move to (-45, 0, 0) (OK)
[COMBAT_LOG] {"ts":1770378256991,"event":"DECISION","unit":"player_fighter","action":"Move","target":"(-45, 0, 15)","score":1.2061561}
[RealtimeAIController] Fighter -> Move (#3) score:1.21
[CombatArena] ExecuteMovement: player_fighter -> (-45, 0, 15)
[CombatArena] [STATE] PlayerDecision -> ActionExecution
[RealtimeAIController] State: PlayerDecision -> ActionExecution
[CombatArena] Fighter moved from (-45, 0, 0) to (-45, 0, 15), distance: 15.0
[CombatArena] [STATE] ActionExecution -> PlayerDecision
[RealtimeAIController] State: ActionExecution -> PlayerDecision
[AutoBattlerManager] Action: player_fighter -> Move to (-45, 0, 15) (OK)
[COMBAT_LOG] {"ts":1770378257095,"event":"DECISION","unit":"player_fighter","action":"EndTurn","score":0.10228328}
[RealtimeAIController] Fighter -> EndTurn (#4) score:0.10
[RealtimeAIController] Calling EndCurrentTurn()
[CombatArena] [STATE] PlayerDecision -> TurnEnd
[RealtimeAIController] State: PlayerDecision -> TurnEnd
[CombatArena] [TURN] Round 2, Orc Archer
[CombatArena] [STATE] TurnEnd -> TurnStart
[RealtimeAIController] State: TurnEnd -> TurnStart
[CombatArena] [STATE] TurnStart -> AIDecision
[RealtimeAIController] State: TurnStart -> AIDecision
[CombatArena] Camera focusing on Orc Archer via hooks
[CombatArena] SelectCombatant called: enemy_orc_archer
[CombatArena] Selected: enemy_orc_archer
[CombatArena] Turn started: Orc Archer (AI)
[COMBAT_LOG] {"ts":1770378257101,"event":"TURN_START","turn":12,"round":2,"unit":"enemy_orc_archer","unit_name":"Orc Archer","faction":"Hostile","hp":30,"max_hp":30,"ap":"Action | Bonus | Reaction | Move:30/30","pos":[24.22335,0,-3.625]}
[RealtimeAIController] Turn started for Orc Archer
[COMBAT_LOG] {"ts":1770378257102,"event":"DECISION","unit":"enemy_orc_archer","action":"Move","target":"(-5.7766495, 0, -3.625)","score":1.2665619}
[RealtimeAIController] Orc Archer -> Move (#1) score:1.27
[CombatArena] ExecuteMovement: enemy_orc_archer -> (-5.7766495, 0, -3.625)
[CombatArena] [STATE] AIDecision -> ActionExecution
[RealtimeAIController] State: AIDecision -> ActionExecution
[CombatArena] Orc Archer moved from (24.22335, 0, -3.625) to (-5.7766495, 0, -3.625), distance: 30.0
[CombatArena] [STATE] ActionExecution -> AIDecision
[RealtimeAIController] State: ActionExecution -> AIDecision
[AutoBattlerManager] Action: enemy_orc_archer -> Move to (-5.7766495, 0, -3.625) (OK)
[COMBAT_LOG] {"ts":1770378257206,"event":"DECISION","unit":"enemy_orc_archer","action":"Dash","score":3.2895203}
[RealtimeAIController] Orc Archer -> Dash (#2) score:3.29
[AutoBattlerManager] Action: enemy_orc_archer -> Dash (OK)
[COMBAT_LOG] {"ts":1770378257309,"event":"DECISION","unit":"enemy_orc_archer","action":"Move","target":"(24.22335, 0, -3.625)","score":1.2294412}
[RealtimeAIController] Orc Archer -> Move (#3) score:1.23
[CombatArena] ExecuteMovement: enemy_orc_archer -> (24.22335, 0, -3.625)
[CombatArena] [STATE] AIDecision -> ActionExecution
[RealtimeAIController] State: AIDecision -> ActionExecution
[CombatArena] Orc Archer moved from (-5.7766495, 0, -3.625) to (24.22335, 0, -3.625), distance: 30.0
[CombatArena] [STATE] ActionExecution -> AIDecision
[RealtimeAIController] State: ActionExecution -> AIDecision
[AutoBattlerManager] Action: enemy_orc_archer -> Move to (24.22335, 0, -3.625) (OK)
[COMBAT_LOG] {"ts":1770378257412,"event":"DECISION","unit":"enemy_orc_archer","action":"EndTurn","score":0.10467319}
[RealtimeAIController] Orc Archer -> EndTurn (#4) score:0.10
[RealtimeAIController] Calling EndCurrentTurn()
[CombatArena] [STATE] AIDecision -> TurnEnd
[RealtimeAIController] State: AIDecision -> TurnEnd
[CombatArena] [TURN] Round 2, Goblin Shaman
[CombatArena] [STATE] TurnEnd -> TurnStart
[RealtimeAIController] State: TurnEnd -> TurnStart
[CombatArena] [STATE] TurnStart -> AIDecision
[RealtimeAIController] State: TurnStart -> AIDecision
[CombatArena] Camera focusing on Goblin Shaman via hooks
[CombatArena] SelectCombatant called: enemy_shaman
[CombatArena] Selected: enemy_shaman
[CombatArena] Turn started: Goblin Shaman (AI)
[COMBAT_LOG] {"ts":1770378257419,"event":"TURN_START","turn":13,"round":2,"unit":"enemy_shaman","unit_name":"Goblin Shaman","faction":"Hostile","hp":13,"max_hp":28,"ap":"Action | Bonus | Reaction | Move:30/30","pos":[2.5,0,-4.75]}
[RealtimeAIController] Turn started for Goblin Shaman
[COMBAT_LOG] {"ts":1770378257419,"event":"DECISION","unit":"enemy_shaman","action":"Attack","target":"player_mage","score":1.0683492}
[RealtimeAIController] Goblin Shaman -> Attack (#1) score:1.07
[CombatArena] ExecuteAbility: enemy_shaman -> basic_attack -> player_mage
[CombatArena] [STATE] AIDecision -> ActionExecution
[RealtimeAIController] State: AIDecision -> ActionExecution
[CombatArena] Goblin Shaman used basic_attack on Mage: damage:5
[CombatArena] ClearSelection called
[AutoBattlerManager] Action: enemy_shaman -> Attack:basic_attack->player_mage (OK)
[CombatArena] [STATE] ActionExecution -> AIDecision
[RealtimeAIController] State: ActionExecution -> AIDecision
[COMBAT_LOG] {"ts":1770378258124,"event":"DECISION","unit":"enemy_shaman","action":"Move","target":"(17.5, 0, -4.75)","score":0.65767384}
[RealtimeAIController] Goblin Shaman -> Move (#2) score:0.66
[CombatArena] ExecuteMovement: enemy_shaman -> (17.5, 0, -4.75)
[CombatArena] [STATE] AIDecision -> ActionExecution
[RealtimeAIController] State: AIDecision -> ActionExecution
[CombatArena] Goblin Shaman moved from (2.5, 0, -4.75) to (17.5, 0, -4.75), distance: 15.0
[CombatArena] [STATE] ActionExecution -> AIDecision
[RealtimeAIController] State: ActionExecution -> AIDecision
[AutoBattlerManager] Action: enemy_shaman -> Move to (17.5, 0, -4.75) (OK)
[COMBAT_LOG] {"ts":1770378258227,"event":"DECISION","unit":"enemy_shaman","action":"Move","target":"(25, 0, 2.75)","score":1.2967446}
[RealtimeAIController] Goblin Shaman -> Move (#3) score:1.30
[CombatArena] ExecuteMovement: enemy_shaman -> (25, 0, 2.75)
[CombatArena] [STATE] AIDecision -> ActionExecution
[RealtimeAIController] State: AIDecision -> ActionExecution
[CombatArena] Goblin Shaman moved from (17.5, 0, -4.75) to (25, 0, 2.75), distance: 10.6
[CombatArena] [STATE] ActionExecution -> AIDecision
[RealtimeAIController] State: ActionExecution -> AIDecision
[AutoBattlerManager] Action: enemy_shaman -> Move to (25, 0, 2.75) (OK)
[COMBAT_LOG] {"ts":1770378258331,"event":"DECISION","unit":"enemy_shaman","action":"Move","target":"(25, 0, 0.55330086)","score":1.3126123}
[RealtimeAIController] Goblin Shaman -> Move (#4) score:1.31
[CombatArena] ExecuteMovement: enemy_shaman -> (25, 0, 0.55330086)
[CombatArena] [STATE] AIDecision -> ActionExecution
[RealtimeAIController] State: AIDecision -> ActionExecution
[CombatArena] Goblin Shaman moved from (25, 0, 2.75) to (25, 0, 0.55330086), distance: 2.2
[CombatArena] [STATE] ActionExecution -> AIDecision
[RealtimeAIController] State: ActionExecution -> AIDecision
[AutoBattlerManager] Action: enemy_shaman -> Move to (25, 0, 0.55330086) (OK)
[COMBAT_LOG] {"ts":1770378258434,"event":"DECISION","unit":"enemy_shaman","action":"Move","target":"(23.90165, 0, -0.5450487)","score":1.2918171}
[RealtimeAIController] Goblin Shaman -> Move (#5) score:1.29
[CombatArena] ExecuteMovement: enemy_shaman -> (23.90165, 0, -0.5450487)
[CombatArena] [STATE] AIDecision -> ActionExecution
[RealtimeAIController] State: AIDecision -> ActionExecution
[CombatArena] Goblin Shaman moved from (25, 0, 0.55330086) to (23.90165, 0, -0.5450487), distance: 1.6
[CombatArena] [STATE] ActionExecution -> AIDecision
[RealtimeAIController] State: ActionExecution -> AIDecision
[AutoBattlerManager] Action: enemy_shaman -> Move to (23.90165, 0, -0.5450487) (OK)
[COMBAT_LOG] {"ts":1770378258538,"event":"DECISION","unit":"enemy_shaman","action":"Move","target":"(23.57995, 0, -0.22334993)","score":1.3163657}
[RealtimeAIController] Goblin Shaman -> Move (#6) score:1.32
[CombatArena] ExecuteMovement: enemy_shaman -> (23.57995, 0, -0.22334993)
[CombatArena] [STATE] AIDecision -> ActionExecution
[RealtimeAIController] State: AIDecision -> ActionExecution
[CombatArena] Goblin Shaman moved from (23.90165, 0, -0.5450487) to (23.57995, 0, -0.22334993), distance: 0.5
[CombatArena] [STATE] ActionExecution -> AIDecision
[RealtimeAIController] State: ActionExecution -> AIDecision
[AutoBattlerManager] Action: enemy_shaman -> Move to (23.57995, 0, -0.22334993) (OK)
[COMBAT_LOG] {"ts":1770378258641,"event":"DECISION","unit":"enemy_shaman","action":"Move","target":"(23.57995, 0, -0.3175732)","score":1.3092349}
[RealtimeAIController] Goblin Shaman -> Move (#7) score:1.31
[CombatArena] ExecuteMovement: enemy_shaman -> (23.57995, 0, -0.3175732)
[CombatArena] [STATE] AIDecision -> ActionExecution
[RealtimeAIController] State: AIDecision -> ActionExecution
[CombatArena] Goblin Shaman moved from (23.57995, 0, -0.22334993) to (23.57995, 0, -0.3175732), distance: 0.1
[CombatArena] [STATE] ActionExecution -> AIDecision
[RealtimeAIController] State: ActionExecution -> AIDecision
[AutoBattlerManager] Action: enemy_shaman -> Move to (23.57995, 0, -0.3175732) (OK)
[COMBAT_LOG] {"ts":1770378258745,"event":"DECISION","unit":"enemy_shaman","action":"Move","target":"(23.674173, 0, -0.3175732)","score":1.2985342}
[RealtimeAIController] Goblin Shaman -> Move (#8) score:1.30
[CombatArena] ExecuteMovement: enemy_shaman -> (23.674173, 0, -0.3175732)
[CombatArena] [STATE] AIDecision -> ActionExecution
[RealtimeAIController] State: AIDecision -> ActionExecution
[CombatArena] Goblin Shaman moved from (23.57995, 0, -0.3175732) to (23.674173, 0, -0.3175732), distance: 0.1
[CombatArena] [STATE] ActionExecution -> AIDecision
[RealtimeAIController] State: ActionExecution -> AIDecision
[AutoBattlerManager] Action: enemy_shaman -> Move to (23.674173, 0, -0.3175732) (OK)
[COMBAT_LOG] {"ts":1770378258848,"event":"DECISION","unit":"enemy_shaman","action":"Move","target":"(23.674173, 0, -0.3175733)","score":1.3135275}
[RealtimeAIController] Goblin Shaman -> Move (#9) score:1.31
[CombatArena] ExecuteMovement: enemy_shaman -> (23.674173, 0, -0.3175733)
[CombatArena] [STATE] AIDecision -> ActionExecution
[RealtimeAIController] State: AIDecision -> ActionExecution
[CombatArena] Goblin Shaman moved from (23.674173, 0, -0.3175732) to (23.674173, 0, -0.3175733), distance: 0.0
[CombatArena] [STATE] ActionExecution -> AIDecision
[RealtimeAIController] State: ActionExecution -> AIDecision
[AutoBattlerManager] Action: enemy_shaman -> Move to (23.674173, 0, -0.3175733) (OK)
[COMBAT_LOG] {"ts":1770378258952,"event":"DECISION","unit":"enemy_shaman","action":"Move","target":"(23.674173, 0, -0.31757316)","score":1.3186994}
[RealtimeAIController] Goblin Shaman -> Move (#10) score:1.32
[CombatArena] ExecuteMovement: enemy_shaman -> (23.674173, 0, -0.31757316)
[CombatArena] [STATE] AIDecision -> ActionExecution
[RealtimeAIController] State: AIDecision -> ActionExecution
[CombatArena] Goblin Shaman moved from (23.674173, 0, -0.3175733) to (23.674173, 0, -0.31757316), distance: 0.0
[CombatArena] [STATE] ActionExecution -> AIDecision
[RealtimeAIController] State: ActionExecution -> AIDecision
[AutoBattlerManager] Action: enemy_shaman -> Move to (23.674173, 0, -0.31757316) (OK)
[COMBAT_LOG] {"ts":1770378259055,"event":"DECISION","unit":"enemy_shaman","action":"EndTurn","score":0.10736412}
[RealtimeAIController] Goblin Shaman -> EndTurn (#11) score:0.11
[RealtimeAIController] Calling EndCurrentTurn()
[CombatArena] [STATE] AIDecision -> TurnEnd
[RealtimeAIController] State: AIDecision -> TurnEnd
[CombatArena] [TURN] Round 2, Mage
[CombatArena] [STATE] TurnEnd -> TurnStart
[RealtimeAIController] State: TurnEnd -> TurnStart
[CombatArena] [STATE] TurnStart -> PlayerDecision
[RealtimeAIController] State: TurnStart -> PlayerDecision
[CombatArena] Camera focusing on Mage via hooks
[CombatArena] SelectCombatant called: player_mage
[CombatArena] Selected: player_mage
[CombatArena] Turn started: Mage (Player)
[COMBAT_LOG] {"ts":1770378259062,"event":"TURN_START","turn":14,"round":2,"unit":"player_mage","unit_name":"Mage","faction":"Player","hp":27,"max_hp":32,"ap":"Action | Bonus | Reaction | Move:30/30","pos":[27,0,-1]}
[RealtimeAIController] Turn started for Mage
[COMBAT_LOG] {"ts":1770378259062,"event":"DECISION","unit":"player_mage","action":"Attack","target":"enemy_shaman","score":1.9643356}
[RealtimeAIController] Mage -> Attack (#1) score:1.96
[CombatArena] ExecuteAbility: player_mage -> basic_attack -> enemy_shaman
[CombatArena] [STATE] PlayerDecision -> ActionExecution
[RealtimeAIController] State: PlayerDecision -> ActionExecution
[CombatArena] Mage used basic_attack on Goblin Shaman: damage:10
[CombatArena] ClearSelection called
[AutoBattlerManager] Action: player_mage -> Attack:basic_attack->enemy_shaman (OK)
[CombatArena] [STATE] ActionExecution -> PlayerDecision
[RealtimeAIController] State: ActionExecution -> PlayerDecision
[COMBAT_LOG] {"ts":1770378259765,"event":"DECISION","unit":"player_mage","action":"Move","target":"(-3, 0, -1)","score":1.2421911}
[RealtimeAIController] Mage -> Move (#2) score:1.24
[CombatArena] ExecuteMovement: player_mage -> (-3, 0, -1)
[CombatArena] [STATE] PlayerDecision -> ActionExecution
[RealtimeAIController] State: PlayerDecision -> ActionExecution
[CombatArena] Mage moved from (27, 0, -1) to (-3, 0, -1), distance: 30.0
[CombatArena] [STATE] ActionExecution -> PlayerDecision
[RealtimeAIController] State: ActionExecution -> PlayerDecision
[AutoBattlerManager] Action: player_mage -> Move to (-3, 0, -1) (OK)
[COMBAT_LOG] {"ts":1770378259868,"event":"DECISION","unit":"player_mage","action":"EndTurn","score":0.1045697}
[RealtimeAIController] Mage -> EndTurn (#3) score:0.10
[RealtimeAIController] Calling EndCurrentTurn()
[CombatArena] [STATE] PlayerDecision -> TurnEnd
[RealtimeAIController] State: PlayerDecision -> TurnEnd
[CombatArena] [TURN] Round 2, Orc Brute
[CombatArena] [STATE] TurnEnd -> TurnStart
[RealtimeAIController] State: TurnEnd -> TurnStart
[CombatArena] [STATE] TurnStart -> AIDecision
[RealtimeAIController] State: TurnStart -> AIDecision
[CombatArena] Camera focusing on Orc Brute via hooks
[CombatArena] SelectCombatant called: enemy_orc_brute
[CombatArena] Selected: enemy_orc_brute
[CombatArena] Turn started: Orc Brute (AI)
[COMBAT_LOG] {"ts":1770378259875,"event":"TURN_START","turn":15,"round":2,"unit":"enemy_orc_brute","unit_name":"Orc Brute","faction":"Hostile","hp":48,"max_hp":48,"ap":"Action | Bonus | Reaction | Move:30/30","pos":[-2.8616753,0,-0.9375]}
[RealtimeAIController] Turn started for Orc Brute
[COMBAT_LOG] {"ts":1770378259876,"event":"DECISION","unit":"enemy_orc_brute","action":"Attack","target":"player_rogue","score":1.045805}
[RealtimeAIController] Orc Brute -> Attack (#1) score:1.05
[CombatArena] ExecuteAbility: enemy_orc_brute -> basic_attack -> player_rogue
[CombatArena] [STATE] AIDecision -> ActionExecution
[RealtimeAIController] State: AIDecision -> ActionExecution
[CombatArena] Orc Brute used basic_attack on Rogue: damage:9
[CombatArena] ClearSelection called
[AutoBattlerManager] Action: enemy_orc_brute -> Attack:basic_attack->player_rogue (OK)
[CombatArena] [STATE] ActionExecution -> AIDecision
[RealtimeAIController] State: ActionExecution -> AIDecision
[COMBAT_LOG] {"ts":1770378260578,"event":"DECISION","unit":"enemy_orc_brute","action":"Move","target":"(-2.8616753, 0, -30.9375)","score":0.65957135}
[RealtimeAIController] Orc Brute -> Move (#2) score:0.66
[CombatArena] ExecuteMovement: enemy_orc_brute -> (-2.8616753, 0, -30.9375)
[CombatArena] [STATE] AIDecision -> ActionExecution
[RealtimeAIController] State: AIDecision -> ActionExecution
[CombatArena] Orc Brute moved from (-2.8616753, 0, -0.9375) to (-2.8616753, 0, -30.9375), distance: 30.0
[CombatArena] [STATE] ActionExecution -> AIDecision
[RealtimeAIController] State: ActionExecution -> AIDecision
[AutoBattlerManager] Action: enemy_orc_brute -> Move to (-2.8616753, 0, -30.9375) (OK)
[COMBAT_LOG] {"ts":1770378260681,"event":"DECISION","unit":"enemy_orc_brute","action":"EndTurn","score":0.10984402}
[RealtimeAIController] Orc Brute -> EndTurn (#3) score:0.11
[RealtimeAIController] Calling EndCurrentTurn()
[CombatArena] [STATE] AIDecision -> TurnEnd
[RealtimeAIController] State: AIDecision -> TurnEnd
[CombatArena] [TURN] Round 2, Cleric
[CombatArena] [STATE] TurnEnd -> TurnStart
[RealtimeAIController] State: TurnEnd -> TurnStart
[CombatArena] [STATE] TurnStart -> PlayerDecision
[RealtimeAIController] State: TurnStart -> PlayerDecision
[CombatArena] Camera focusing on Cleric via hooks
[CombatArena] SelectCombatant called: player_cleric
[CombatArena] Selected: player_cleric
[CombatArena] Turn started: Cleric (Player)
[COMBAT_LOG] {"ts":1770378260688,"event":"TURN_START","turn":16,"round":2,"unit":"player_cleric","unit_name":"Cleric","faction":"Player","hp":44,"max_hp":44,"ap":"Action | Bonus | Reaction | Move:30/30","pos":[-1,0,-3]}
[RealtimeAIController] Turn started for Cleric
[COMBAT_LOG] {"ts":1770378260688,"event":"DECISION","unit":"player_cleric","action":"Attack","target":"enemy_shaman","score":6.8989587}
[RealtimeAIController] Cleric -> Attack (#1) score:6.90
[CombatArena] ExecuteAbility: player_cleric -> basic_attack -> enemy_shaman
[CombatArena] [STATE] PlayerDecision -> ActionExecution
[RealtimeAIController] State: PlayerDecision -> ActionExecution
[CombatArena] Cleric used basic_attack on Goblin Shaman: damage:7
[CombatArena] ClearSelection called
[AutoBattlerManager] Action: player_cleric -> Attack:basic_attack->enemy_shaman (OK)
[CombatArena] [STATE] ActionExecution -> PlayerDecision
[RealtimeAIController] State: ActionExecution -> PlayerDecision
[COMBAT_LOG] {"ts":1770378261391,"event":"DECISION","unit":"player_cleric","action":"Move","target":"(29, 0, -3)","score":1.2920852}
[RealtimeAIController] Cleric -> Move (#2) score:1.29
[CombatArena] ExecuteMovement: player_cleric -> (29, 0, -3)
[CombatArena] [STATE] PlayerDecision -> ActionExecution
[RealtimeAIController] State: PlayerDecision -> ActionExecution
[CombatArena] Cleric moved from (-1, 0, -3) to (29, 0, -3), distance: 30.0
[CombatArena] [STATE] ActionExecution -> PlayerDecision
[RealtimeAIController] State: ActionExecution -> PlayerDecision
[AutoBattlerManager] Action: player_cleric -> Move to (29, 0, -3) (OK)
[COMBAT_LOG] {"ts":1770378261493,"event":"DECISION","unit":"player_cleric","action":"EndTurn","score":0.109272085}
[RealtimeAIController] Cleric -> EndTurn (#3) score:0.11
[RealtimeAIController] Calling EndCurrentTurn()
[CombatArena] [STATE] PlayerDecision -> TurnEnd
[RealtimeAIController] State: PlayerDecision -> TurnEnd
[CombatArena] [TURN] Round 3, Rogue
[CombatArena] [STATE] TurnEnd -> RoundEnd
[RealtimeAIController] State: TurnEnd -> RoundEnd
[CombatArena] [STATE] RoundEnd -> TurnStart
[RealtimeAIController] State: RoundEnd -> TurnStart
[CombatArena] Round 3: Reset reactions for all combatants
[CombatArena] [STATE] TurnStart -> PlayerDecision
[RealtimeAIController] State: TurnStart -> PlayerDecision
[CombatArena] Camera focusing on Rogue via hooks
[CombatArena] SelectCombatant called: player_rogue
[CombatArena] Selected: player_rogue
[CombatArena] Turn started: Rogue (Player)
[COMBAT_LOG] {"ts":1770378261500,"event":"TURN_START","turn":17,"round":3,"unit":"player_rogue","unit_name":"Rogue","faction":"Player","hp":27,"max_hp":36,"ap":"Action | Bonus | Reaction | Move:30/30","pos":[-8.606602,0,6.0330086]}
[RealtimeAIController] Turn started for Rogue
[COMBAT_LOG] {"ts":1770378261501,"event":"DECISION","unit":"player_rogue","action":"Dash","score":3.104666}
[RealtimeAIController] Rogue -> Dash (#1) score:3.10
[AutoBattlerManager] Action: player_rogue -> Dash (OK)
[COMBAT_LOG] {"ts":1770378261604,"event":"DECISION","unit":"player_rogue","action":"Move","target":"(-38.6066, 0, 6.0330086)","score":0.6575448}
[RealtimeAIController] Rogue -> Move (#2) score:0.66
[CombatArena] ExecuteMovement: player_rogue -> (-38.6066, 0, 6.0330086)
[CombatArena] [STATE] PlayerDecision -> ActionExecution
[RealtimeAIController] State: PlayerDecision -> ActionExecution
[CombatArena] Rogue moved from (-8.606602, 0, 6.0330086) to (-38.6066, 0, 6.0330086), distance: 30.0
[CombatArena] [STATE] ActionExecution -> PlayerDecision
[RealtimeAIController] State: ActionExecution -> PlayerDecision
[AutoBattlerManager] Action: player_rogue -> Move to (-38.6066, 0, 6.0330086) (OK)
[COMBAT_LOG] {"ts":1770378261707,"event":"DECISION","unit":"player_rogue","action":"Move","target":"(-53.6066, 0, 21.033009)","score":0.6477145}
[RealtimeAIController] Rogue -> Move (#3) score:0.65
[CombatArena] ExecuteMovement: player_rogue -> (-53.6066, 0, 21.033009)
[CombatArena] [STATE] PlayerDecision -> ActionExecution
[RealtimeAIController] State: PlayerDecision -> ActionExecution
[CombatArena] Rogue moved from (-38.6066, 0, 6.0330086) to (-53.6066, 0, 21.033009), distance: 21.2
[CombatArena] [STATE] ActionExecution -> PlayerDecision
[RealtimeAIController] State: ActionExecution -> PlayerDecision
[AutoBattlerManager] Action: player_rogue -> Move to (-53.6066, 0, 21.033009) (OK)
[COMBAT_LOG] {"ts":1770378261810,"event":"DECISION","unit":"player_rogue","action":"Move","target":"(-44.819805, 0, 21.033009)","score":1.2931417}
[RealtimeAIController] Rogue -> Move (#4) score:1.29
[CombatArena] ExecuteMovement: player_rogue -> (-44.819805, 0, 21.033009)
[CombatArena] [STATE] PlayerDecision -> ActionExecution
[RealtimeAIController] State: PlayerDecision -> ActionExecution
[CombatArena] Rogue moved from (-53.6066, 0, 21.033009) to (-44.819805, 0, 21.033009), distance: 8.8
[CombatArena] [STATE] ActionExecution -> PlayerDecision
[RealtimeAIController] State: ActionExecution -> PlayerDecision
[AutoBattlerManager] Action: player_rogue -> Move to (-44.819805, 0, 21.033009) (OK)
[COMBAT_LOG] {"ts":1770378261913,"event":"DECISION","unit":"player_rogue","action":"EndTurn","score":0.10166413}
[RealtimeAIController] Rogue -> EndTurn (#5) score:0.10
[RealtimeAIController] Calling EndCurrentTurn()
[CombatArena] [STATE] PlayerDecision -> TurnEnd
[RealtimeAIController] State: PlayerDecision -> TurnEnd
[CombatArena] [TURN] Round 3, Goblin Skirmisher
[CombatArena] [STATE] TurnEnd -> TurnStart
[RealtimeAIController] State: TurnEnd -> TurnStart
[CombatArena] [STATE] TurnStart -> AIDecision
[RealtimeAIController] State: TurnStart -> AIDecision
[CombatArena] Camera focusing on Goblin Skirmisher via hooks
[CombatArena] SelectCombatant called: enemy_goblin
[CombatArena] Selected: enemy_goblin
[CombatArena] Turn started: Goblin Skirmisher (AI)
[COMBAT_LOG] {"ts":1770378261920,"event":"TURN_START","turn":18,"round":3,"unit":"enemy_goblin","unit_name":"Goblin Skirmisher","faction":"Hostile","hp":16,"max_hp":22,"ap":"Action | Bonus | Reaction | Move:30/30","pos":[-46.786797,0,18]}
[RealtimeAIController] Turn started for Goblin Skirmisher
[COMBAT_LOG] {"ts":1770378261921,"event":"DECISION","unit":"enemy_goblin","action":"Attack","target":"player_rogue","score":1.0524724}
[RealtimeAIController] Goblin Skirmisher -> Attack (#1) score:1.05
[CombatArena] ExecuteAbility: enemy_goblin -> basic_attack -> player_rogue
[CombatArena] [STATE] AIDecision -> ActionExecution
[RealtimeAIController] State: AIDecision -> ActionExecution
[CombatArena] Goblin Skirmisher used basic_attack on Rogue: damage:8
[CombatArena] ClearSelection called
[AutoBattlerManager] Action: enemy_goblin -> Attack:basic_attack->player_rogue (OK)
[CombatArena] [STATE] ActionExecution -> AIDecision
[RealtimeAIController] State: ActionExecution -> AIDecision
[COMBAT_LOG] {"ts":1770378262622,"event":"DECISION","unit":"enemy_goblin","action":"Move","target":"(-61.786797, 0, 33)","score":0.65968484}
[RealtimeAIController] Goblin Skirmisher -> Move (#2) score:0.66
[CombatArena] ExecuteMovement: enemy_goblin -> (-61.786797, 0, 33)
[CombatArena] [STATE] AIDecision -> ActionExecution
[RealtimeAIController] State: AIDecision -> ActionExecution
[CombatArena] Goblin Skirmisher moved from (-46.786797, 0, 18) to (-61.786797, 0, 33), distance: 21.2
[CombatArena] [STATE] ActionExecution -> AIDecision
[RealtimeAIController] State: ActionExecution -> AIDecision
[AutoBattlerManager] Action: enemy_goblin -> Move to (-61.786797, 0, 33) (OK)
[COMBAT_LOG] {"ts":1770378262725,"event":"DECISION","unit":"enemy_goblin","action":"Move","target":"(-61.786797, 0, 37.3934)","score":0.65983695}
[RealtimeAIController] Goblin Skirmisher -> Move (#3) score:0.66
[CombatArena] ExecuteMovement: enemy_goblin -> (-61.786797, 0, 37.3934)
[CombatArena] [STATE] AIDecision -> ActionExecution
[RealtimeAIController] State: AIDecision -> ActionExecution
[CombatArena] Goblin Skirmisher moved from (-61.786797, 0, 33) to (-61.786797, 0, 37.3934), distance: 4.4
[CombatArena] [STATE] ActionExecution -> AIDecision
[RealtimeAIController] State: ActionExecution -> AIDecision
[AutoBattlerManager] Action: enemy_goblin -> Move to (-61.786797, 0, 37.3934) (OK)
[COMBAT_LOG] {"ts":1770378262828,"event":"DECISION","unit":"enemy_goblin","action":"Move","target":"(-61.786797, 0, 33)","score":0.656803}
[RealtimeAIController] Goblin Skirmisher -> Move (#4) score:0.66
[CombatArena] ExecuteMovement: enemy_goblin -> (-61.786797, 0, 33)
[CombatArena] [STATE] AIDecision -> ActionExecution
[RealtimeAIController] State: AIDecision -> ActionExecution
[CombatArena] Goblin Skirmisher moved from (-61.786797, 0, 37.3934) to (-61.786797, 0, 33), distance: 4.4
[CombatArena] [STATE] ActionExecution -> AIDecision
[RealtimeAIController] State: ActionExecution -> AIDecision
[AutoBattlerManager] Action: enemy_goblin -> Move to (-61.786797, 0, 33) (OK)
[COMBAT_LOG] {"ts":1770378262931,"event":"DECISION","unit":"enemy_goblin","action":"EndTurn","score":0.10159453}
[RealtimeAIController] Goblin Skirmisher -> EndTurn (#5) score:0.10
[RealtimeAIController] Calling EndCurrentTurn()
[CombatArena] [STATE] AIDecision -> TurnEnd
[RealtimeAIController] State: AIDecision -> TurnEnd
[CombatArena] [TURN] Round 3, Fighter
[CombatArena] [STATE] TurnEnd -> TurnStart
[RealtimeAIController] State: TurnEnd -> TurnStart
[CombatArena] [STATE] TurnStart -> PlayerDecision
[RealtimeAIController] State: TurnStart -> PlayerDecision
[CombatArena] Camera focusing on Fighter via hooks
[CombatArena] SelectCombatant called: player_fighter
[CombatArena] Selected: player_fighter
[CombatArena] Turn started: Fighter (Player)
[COMBAT_LOG] {"ts":1770378262938,"event":"TURN_START","turn":19,"round":3,"unit":"player_fighter","unit_name":"Fighter","faction":"Player","hp":42,"max_hp":52,"ap":"Action | Bonus | Reaction | Move:30/30","pos":[-45,0,15]}
[RealtimeAIController] Turn started for Fighter
[COMBAT_LOG] {"ts":1770378262939,"event":"DECISION","unit":"player_fighter","action":"Move","target":"(-60, 0, 30)","score":1.2430763}
[RealtimeAIController] Fighter -> Move (#1) score:1.24
[CombatArena] ExecuteMovement: player_fighter -> (-60, 0, 30)
[CombatArena] [STATE] PlayerDecision -> ActionExecution
[RealtimeAIController] State: PlayerDecision -> ActionExecution
[CombatArena] Fighter moved from (-45, 0, 15) to (-60, 0, 30), distance: 21.2
[CombatArena] [STATE] ActionExecution -> PlayerDecision
[RealtimeAIController] State: ActionExecution -> PlayerDecision
[AutoBattlerManager] Action: player_fighter -> Move to (-60, 0, 30) (OK)
[COMBAT_LOG] {"ts":1770378263041,"event":"DECISION","unit":"player_fighter","action":"Move","target":"(-64.3934, 0, 34.3934)","score":1.3062327}
[RealtimeAIController] Fighter -> Move (#2) score:1.31
[CombatArena] ExecuteMovement: player_fighter -> (-64.3934, 0, 34.3934)
[CombatArena] [STATE] PlayerDecision -> ActionExecution
[RealtimeAIController] State: PlayerDecision -> ActionExecution
[CombatArena] Fighter moved from (-60, 0, 30) to (-64.3934, 0, 34.3934), distance: 6.2
[CombatArena] [STATE] ActionExecution -> PlayerDecision
[RealtimeAIController] State: ActionExecution -> PlayerDecision
[AutoBattlerManager] Action: player_fighter -> Move to (-64.3934, 0, 34.3934) (OK)
[COMBAT_LOG] {"ts":1770378263145,"event":"DECISION","unit":"player_fighter","action":"Dash","score":3.280409}
[RealtimeAIController] Fighter -> Dash (#3) score:3.28
[AutoBattlerManager] Action: player_fighter -> Dash (OK)
[COMBAT_LOG] {"ts":1770378263248,"event":"DECISION","unit":"player_fighter","action":"Move","target":"(-80.6802, 0, 50.68019)","score":0.6595737}
[RealtimeAIController] Fighter -> Move (#4) score:0.66
[CombatArena] ExecuteMovement: player_fighter -> (-80.6802, 0, 50.68019)
[CombatArena] [STATE] PlayerDecision -> ActionExecution
[RealtimeAIController] State: PlayerDecision -> ActionExecution
[CombatArena] Fighter moved from (-64.3934, 0, 34.3934) to (-80.6802, 0, 50.68019), distance: 23.0
[CombatArena] [STATE] ActionExecution -> PlayerDecision
[RealtimeAIController] State: ActionExecution -> PlayerDecision
[AutoBattlerManager] Action: player_fighter -> Move to (-80.6802, 0, 50.68019) (OK)
[COMBAT_LOG] {"ts":1770378263351,"event":"DECISION","unit":"player_fighter","action":"Move","target":"(-75.909904, 0, 45.909897)","score":0.6501644}
[RealtimeAIController] Fighter -> Move (#5) score:0.65
[CombatArena] ExecuteMovement: player_fighter -> (-75.909904, 0, 45.909897)
[CombatArena] [STATE] PlayerDecision -> ActionExecution
[RealtimeAIController] State: PlayerDecision -> ActionExecution
[CombatArena] Fighter moved from (-80.6802, 0, 50.68019) to (-75.909904, 0, 45.909897), distance: 6.7
[CombatArena] [STATE] ActionExecution -> PlayerDecision
[RealtimeAIController] State: ActionExecution -> PlayerDecision
[AutoBattlerManager] Action: player_fighter -> Move to (-75.909904, 0, 45.909897) (OK)
[COMBAT_LOG] {"ts":1770378263454,"event":"DECISION","unit":"player_fighter","action":"Move","target":"(-75.909904, 0, 44.51271)","score":0.6559258}
[RealtimeAIController] Fighter -> Move (#6) score:0.66
[CombatArena] ExecuteMovement: player_fighter -> (-75.909904, 0, 44.51271)
[CombatArena] [STATE] PlayerDecision -> ActionExecution
[RealtimeAIController] State: PlayerDecision -> ActionExecution
[CombatArena] Fighter moved from (-75.909904, 0, 45.909897) to (-75.909904, 0, 44.51271), distance: 1.4
[CombatArena] [STATE] ActionExecution -> PlayerDecision
[RealtimeAIController] State: ActionExecution -> PlayerDecision
[AutoBattlerManager] Action: player_fighter -> Move to (-75.909904, 0, 44.51271) (OK)
[COMBAT_LOG] {"ts":1770378263557,"event":"DECISION","unit":"player_fighter","action":"Move","target":"(-75.21131, 0, 44.51271)","score":0.65387136}
[RealtimeAIController] Fighter -> Move (#7) score:0.65
[CombatArena] ExecuteMovement: player_fighter -> (-75.21131, 0, 44.51271)
[CombatArena] [STATE] PlayerDecision -> ActionExecution
[RealtimeAIController] State: PlayerDecision -> ActionExecution
[CombatArena] Fighter moved from (-75.909904, 0, 44.51271) to (-75.21131, 0, 44.51271), distance: 0.7
[CombatArena] [STATE] ActionExecution -> PlayerDecision
[RealtimeAIController] State: ActionExecution -> PlayerDecision
[AutoBattlerManager] Action: player_fighter -> Move to (-75.21131, 0, 44.51271) (OK)
[COMBAT_LOG] {"ts":1770378263660,"event":"DECISION","unit":"player_fighter","action":"Move","target":"(-74.862015, 0, 44.51271)","score":0.6563928}
[RealtimeAIController] Fighter -> Move (#8) score:0.66
[CombatArena] ExecuteMovement: player_fighter -> (-74.862015, 0, 44.51271)
[CombatArena] [STATE] PlayerDecision -> ActionExecution
[RealtimeAIController] State: PlayerDecision -> ActionExecution
[CombatArena] Fighter moved from (-75.21131, 0, 44.51271) to (-74.862015, 0, 44.51271), distance: 0.3
[CombatArena] [STATE] ActionExecution -> PlayerDecision
[RealtimeAIController] State: ActionExecution -> PlayerDecision
[AutoBattlerManager] Action: player_fighter -> Move to (-74.862015, 0, 44.51271) (OK)
[COMBAT_LOG] {"ts":1770378263763,"event":"DECISION","unit":"player_fighter","action":"Move","target":"(-74.862015, 0, 44.338062)","score":0.6587887}
[RealtimeAIController] Fighter -> Move (#9) score:0.66
[CombatArena] ExecuteMovement: player_fighter -> (-74.862015, 0, 44.338062)
[CombatArena] [STATE] PlayerDecision -> ActionExecution
[RealtimeAIController] State: PlayerDecision -> ActionExecution
[CombatArena] Fighter moved from (-74.862015, 0, 44.51271) to (-74.862015, 0, 44.338062), distance: 0.2
[CombatArena] [STATE] ActionExecution -> PlayerDecision
[RealtimeAIController] State: ActionExecution -> PlayerDecision
[AutoBattlerManager] Action: player_fighter -> Move to (-74.862015, 0, 44.338062) (OK)
[COMBAT_LOG] {"ts":1770378263866,"event":"DECISION","unit":"player_fighter","action":"Move","target":"(-74.94934, 0, 44.425385)","score":0.65938544}
[RealtimeAIController] Fighter -> Move (#10) score:0.66
[CombatArena] ExecuteMovement: player_fighter -> (-74.94934, 0, 44.425385)
[CombatArena] [STATE] PlayerDecision -> ActionExecution
[RealtimeAIController] State: PlayerDecision -> ActionExecution
[CombatArena] Fighter moved from (-74.862015, 0, 44.338062) to (-74.94934, 0, 44.425385), distance: 0.1
[CombatArena] [STATE] ActionExecution -> PlayerDecision
[RealtimeAIController] State: ActionExecution -> PlayerDecision
[AutoBattlerManager] Action: player_fighter -> Move to (-74.94934, 0, 44.425385) (OK)
[COMBAT_LOG] {"ts":1770378263970,"event":"DECISION","unit":"player_fighter","action":"Move","target":"(-74.94934, 0, 44.39981)","score":0.6599574}
[RealtimeAIController] Fighter -> Move (#11) score:0.66
[CombatArena] ExecuteMovement: player_fighter -> (-74.94934, 0, 44.39981)
[CombatArena] [STATE] PlayerDecision -> ActionExecution
[RealtimeAIController] State: PlayerDecision -> ActionExecution
[CombatArena] Fighter moved from (-74.94934, 0, 44.425385) to (-74.94934, 0, 44.39981), distance: 0.0
[CombatArena] [STATE] ActionExecution -> PlayerDecision
[RealtimeAIController] State: ActionExecution -> PlayerDecision
[AutoBattlerManager] Action: player_fighter -> Move to (-74.94934, 0, 44.39981) (OK)
[COMBAT_LOG] {"ts":1770378264072,"event":"DECISION","unit":"player_fighter","action":"Move","target":"(-74.936554, 0, 44.39981)","score":0.65973413}
[RealtimeAIController] Fighter -> Move (#12) score:0.66
[CombatArena] ExecuteMovement: player_fighter -> (-74.936554, 0, 44.39981)
[CombatArena] [STATE] PlayerDecision -> ActionExecution
[RealtimeAIController] State: PlayerDecision -> ActionExecution
[CombatArena] Fighter moved from (-74.94934, 0, 44.39981) to (-74.936554, 0, 44.39981), distance: 0.0
[CombatArena] [STATE] ActionExecution -> PlayerDecision
[RealtimeAIController] State: ActionExecution -> PlayerDecision
[AutoBattlerManager] Action: player_fighter -> Move to (-74.936554, 0, 44.39981) (OK)
[COMBAT_LOG] {"ts":1770378264175,"event":"DECISION","unit":"player_fighter","action":"Move","target":"(-74.92377, 0, 44.39981)","score":0.65388215}
[RealtimeAIController] Fighter -> Move (#13) score:0.65
[CombatArena] ExecuteMovement: player_fighter -> (-74.92377, 0, 44.39981)
[CombatArena] [STATE] PlayerDecision -> ActionExecution
[RealtimeAIController] State: PlayerDecision -> ActionExecution
[CombatArena] Fighter moved from (-74.936554, 0, 44.39981) to (-74.92377, 0, 44.39981), distance: 0.0
[CombatArena] [STATE] ActionExecution -> PlayerDecision
[RealtimeAIController] State: ActionExecution -> PlayerDecision
[AutoBattlerManager] Action: player_fighter -> Move to (-74.92377, 0, 44.39981) (OK)
[COMBAT_LOG] {"ts":1770378264279,"event":"DECISION","unit":"player_fighter","action":"EndTurn","score":0.108513206}
[RealtimeAIController] Fighter -> EndTurn (#14) score:0.11
[RealtimeAIController] Calling EndCurrentTurn()
[CombatArena] [STATE] PlayerDecision -> TurnEnd
[RealtimeAIController] State: PlayerDecision -> TurnEnd
[CombatArena] [TURN] Round 3, Orc Archer
[CombatArena] [STATE] TurnEnd -> TurnStart
[RealtimeAIController] State: TurnEnd -> TurnStart
[CombatArena] [STATE] TurnStart -> AIDecision
[RealtimeAIController] State: TurnStart -> AIDecision
[CombatArena] Camera focusing on Orc Archer via hooks
[CombatArena] SelectCombatant called: enemy_orc_archer
[CombatArena] Selected: enemy_orc_archer
[CombatArena] Turn started: Orc Archer (AI)
[COMBAT_LOG] {"ts":1770378264285,"event":"TURN_START","turn":20,"round":3,"unit":"enemy_orc_archer","unit_name":"Orc Archer","faction":"Hostile","hp":30,"max_hp":30,"ap":"Action | Bonus | Reaction | Move:30/30","pos":[24.22335,0,-3.625]}
[AutoBattlerManager] Turn limit reached (20)
[AutoBattleWatchdog] Monitoring STOPPED
[RealtimeAIController] Processing DISABLED
[COMBAT_LOG] {"ts":1770378264287,"event":"BATTLE_END","winner":"Draw (timeout)","total_turns":20,"total_rounds":3,"duration_ms":15145}

â•”â•â•â•â•â•â•â•â•â•â•â•â•â•â•â•â•â•â•â•â•â•â•â•â•â•â•â•â•â•â•â•â•â•â•â•â•â•â•â•â•â•â•â•â•â•â•â•â•â•â•â•â•—
â•‘             AUTO-BATTLE RESULTS                   â•‘
â•šâ•â•â•â•â•â•â•â•â•â•â•â•â•â•â•â•â•â•â•â•â•â•â•â•â•â•â•â•â•â•â•â•â•â•â•â•â•â•â•â•â•â•â•â•â•â•â•â•â•â•â•â•

  Winner:       Draw (timeout)
  Total Turns:  20
  Total Rounds: 3
  Duration:     15145ms
  Completed:    False
  End Reason:   max_turns_exceeded
  Seed:         3009

  Surviving Units:
    - Fighter (player_fighter) HP:42/52
    - Mage (player_mage) HP:27/32
    - Cleric (player_cleric) HP:44/44
    - Rogue (player_rogue) HP:19/36
    - Orc Brute (enemy_orc_brute) HP:48/48
    - Orc Archer (enemy_orc_archer) HP:30/30
    - Goblin Skirmisher (enemy_goblin) HP:16/22

AUTO-BATTLE: FAILED (max_turns_exceeded)
[RealtimeAIController] Turn started for Orc Archer
[RealtimeAIController] Orc Archer -> Move (#1) score:1.28
[CombatArena] ExecuteMovement: enemy_orc_archer -> (-5.7766495, 0, -3.625)
[CombatArena] [STATE] AIDecision -> ActionExecution
[RealtimeAIController] State: AIDecision -> ActionExecution
[CombatArena] Orc Archer moved from (24.22335, 0, -3.625) to (-5.7766495, 0, -3.625), distance: 30.0
[CombatArena] [STATE] ActionExecution -> AIDecision
[RealtimeAIController] State: ActionExecution -> AIDecision
[AutoBattlerManager] Action: enemy_orc_archer -> Move to (-5.7766495, 0, -3.625) (OK)
