[0;32m[INFO][0m Using Godot: godot
[0;32m[INFO][0m Project dir: /home/martin/repos/qdnd
[0;32m[INFO][0m Running auto-battle...
[0;36mâ•â•â•â•â•â•â•â•â•â•â•â•â•â•â•â•â•â•â•â•â•â•â•â•â•â•â•â•â•â•â•â•â•â•â•â•â•â•â•â•â•â•â•â•â•â•â•â•â•â•â•[0m
Godot Engine v4.6.stable.mono.official.89cea1439 - https://godotengine.org

[CLIEntryPoint] Raw args: res://Tools/CLIRunner.tscn
[CLIEntryPoint] User args: --run-autobattle --seed 3004 --freeze-timeout 10 --loop-threshold 20 --max-turns 20 --log-file artifacts/autobattle/stress4/seed_3004.jsonl
[CLIEntryPoint] Parsed args: run-autobattle=true, seed=3004, freeze-timeout=10, loop-threshold=20, max-turns=20, log-file=artifacts/autobattle/stress4/seed_3004.jsonl
[CLIEntryPoint] Checking modes: run-tests=False, run-simulation=False, run-autobattle=True
=== IN-ENGINE AUTO-BATTLE RUN ===
Timestamp: 2026-02-06T11:42:51.0974117Z
NOTE: Running the REAL CombatArena.tscn scene with AI control.

Seed: 3004
Scenario: res://Data/Scenarios/autobattle_4v4.json
Log file: artifacts/autobattle/stress4/seed_3004.jsonl
Max rounds: 100
Max turns: 20
Watchdog freeze timeout: 10s
Watchdog loop threshold: 20

[AutoBattlerManager] === STARTING IN-ENGINE AUTO-BATTLE ===
[AutoBattlerManager] Seed: 3004
[AutoBattlerManager] Scenario: res://Data/Scenarios/autobattle_4v4.json
[AutoBattlerManager] Loading scene: res://Combat/Arena/CombatArena.tscn
[CombatArena] === COMBAT ARENA INITIALIZING ===
[CombatArena] Ground collision plane created (100x100m at Y=0)
[CombatArena] CombatContext created
[CombatContext] Registered service: CombatStateMachine
[CombatContext] Registered service: TurnQueueService
[CombatContext] Registered service: CommandService
[CombatContext] Registered service: CombatLog
[CombatContext] Registered service: ScenarioLoader
[Registry] Loaded from /home/martin/repos/qdnd/Data:
  - 7 abilities
  - 6 statuses
  - 20 scenarios
[INFO] [Registry] Dependencies: Checked 7 abilities, 6 statuses, 20 scenarios
[Registry] Validation complete: 0 errors, 0 warnings
[CombatContext] Registered service: DataRegistry
[CombatContext] Registered service: RulesEngine
[CombatContext] Registered service: StatusManager
[CombatContext] Registered service: EffectPipeline
[CombatContext] Registered service: TargetValidator
[CombatContext] Registered service: ReactionSystem
[CombatContext] Registered service: LOSService
[CombatContext] Registered service: HeightService
[CombatContext] Registered service: AIDecisionPipeline
[CombatContext] Registered service: MovementService
[CombatContext] Registered service: SurfaceManager
[CombatContext] Registered service: PresentationRequestBus
[CombatContext] Registered service: CameraStateHooks
[CombatArena] UI Models initialized
[CombatArena] Services registered: 18
[CombatArena] Loaded scenario: 8 combatants
[CombatArena] Loaded scenario from: res://Data/Scenarios/autobattle_4v4.json
[CombatArena] Registered default abilities: basic_attack, ranged_attack, power_strike
[CombatArena] Instantiating visual from scene for Fighter
[CombatantVisual] CollisionShape3D found for Fighter
[CombatantVisual] Fighter initialized - Layer: 2, Mask: 0, Pickable: True, HasShape: True
[CombatArena] Spawned visual for Fighter at (0, 0, 0), Layer: 2, InTree: True
[CombatArena] Instantiating visual from scene for Mage
[CombatantVisual] CollisionShape3D found for Mage
[CombatantVisual] Mage initialized - Layer: 2, Mask: 0, Pickable: True, HasShape: True
[CombatArena] Spawned visual for Mage at (-3, 0, -1), Layer: 2, InTree: True
[CombatArena] Instantiating visual from scene for Cleric
[CombatantVisual] CollisionShape3D found for Cleric
[CombatantVisual] Cleric initialized - Layer: 2, Mask: 0, Pickable: True, HasShape: True
[CombatArena] Spawned visual for Cleric at (-1, 0, -3), Layer: 2, InTree: True
[CombatArena] Instantiating visual from scene for Rogue
[CombatantVisual] CollisionShape3D found for Rogue
[CombatantVisual] Rogue initialized - Layer: 2, Mask: 0, Pickable: True, HasShape: True
[CombatArena] Spawned visual for Rogue at (2, 0, -2), Layer: 2, InTree: True
[CombatArena] Instantiating visual from scene for Orc Brute
[CombatantVisual] CollisionShape3D found for Orc Brute
[CombatantVisual] Orc Brute initialized - Layer: 2, Mask: 0, Pickable: True, HasShape: True
[CombatArena] Spawned visual for Orc Brute at (8, 0, 0), Layer: 2, InTree: True
[CombatArena] Instantiating visual from scene for Orc Archer
[CombatantVisual] CollisionShape3D found for Orc Archer
[CombatantVisual] Orc Archer initialized - Layer: 2, Mask: 0, Pickable: True, HasShape: True
[CombatArena] Spawned visual for Orc Archer at (10, 0, 2), Layer: 2, InTree: True
[CombatArena] Instantiating visual from scene for Goblin Skirmisher
[CombatantVisual] CollisionShape3D found for Goblin Skirmisher
[CombatantVisual] Goblin Skirmisher initialized - Layer: 2, Mask: 0, Pickable: True, HasShape: True
[CombatArena] Spawned visual for Goblin Skirmisher at (7, 0, 3), Layer: 2, InTree: True
[CombatArena] Instantiating visual from scene for Goblin Shaman
[CombatantVisual] CollisionShape3D found for Goblin Shaman
[CombatantVisual] Goblin Shaman initialized - Layer: 2, Mask: 0, Pickable: True, HasShape: True
[CombatArena] Spawned visual for Goblin Shaman at (10, 0, -1), Layer: 2, InTree: True
[CombatArena] [STATE] NotInCombat -> CombatStart
[CombatArena] [TURN] Round 1, Rogue
[CombatArena] [STATE] CombatStart -> TurnStart
[CombatArena] Round 1: Reset reactions for all combatants
[CombatArena] [STATE] TurnStart -> PlayerDecision
[CombatArena] Camera focusing on Rogue via hooks
[CombatArena] SelectCombatant called: player_rogue
[CombatArena] Selected: player_rogue
[CombatArena] Turn started: Rogue (Player)
[CombatArena] === COMBAT ARENA READY ===
[AutoBattlerManager] CombatArena added to scene tree
[AutoBattleWatchdog] Ready
[AutoBattlerManager] Watchdog created
[RealtimeAIController] Ready
[AutoBattlerManager] RealtimeAIController created
[AutoBattleWatchdog] Monitoring STARTED (freeze: 10s, loop: 20 in 1s)
[AutoBattlerManager] Scene loaded, waiting for combat to start...
[AutoBattlerManager] Arena ready, attaching AI controller...
[RealtimeAIController] Subscribed to state machine
[RealtimeAIController] Attached to CombatArena
[COMBAT_LOG] {"ts":1770378171332,"event":"BATTLE_START","seed":3004,"units":[{"id":"player_fighter","name":"Fighter","faction":"Player","hp":52,"max_hp":52,"pos":[0,0,0],"alive":true},{"id":"player_mage","name":"Mage","faction":"Player","hp":32,"max_hp":32,"pos":[-3,0,-1],"alive":true},{"id":"player_cleric","name":"Cleric","faction":"Player","hp":44,"max_hp":44,"pos":[-1,0,-3],"alive":true},{"id":"player_rogue","name":"Rogue","faction":"Player","hp":36,"max_hp":36,"pos":[2,0,-2],"alive":true},{"id":"enemy_orc_brute","name":"Orc Brute","faction":"Hostile","hp":48,"max_hp":48,"pos":[8,0,0],"alive":true},{"id":"enemy_orc_archer","name":"Orc Archer","faction":"Hostile","hp":30,"max_hp":30,"pos":[10,0,2],"alive":true},{"id":"enemy_goblin","name":"Goblin Skirmisher","faction":"Hostile","hp":22,"max_hp":22,"pos":[7,0,3],"alive":true},{"id":"enemy_shaman","name":"Goblin Shaman","faction":"Hostile","hp":28,"max_hp":28,"pos":[10,0,-1],"alive":true}]}
[AutoBattlerManager] Enabling AI processing...
[RealtimeAIController] Processing ENABLED
[COMBAT_LOG] {"ts":1770378171688,"event":"TURN_START","turn":1,"round":1,"unit":"player_rogue","unit_name":"Rogue","faction":"Player","hp":36,"max_hp":36,"ap":"Action | Bonus | Reaction | Move:30/30","pos":[2,0,-2]}
[RealtimeAIController] Turn started for Rogue
[COMBAT_LOG] {"ts":1770378171698,"event":"DECISION","unit":"player_rogue","action":"Attack","target":"enemy_goblin","score":0.7112263}
[RealtimeAIController] Rogue -> Attack (#1) score:0.71
[CombatArena] ExecuteAbility: player_rogue -> basic_attack -> enemy_goblin
[CombatArena] [STATE] PlayerDecision -> ActionExecution
[RealtimeAIController] State: PlayerDecision -> ActionExecution
[CombatArena] Rogue used basic_attack on Goblin Skirmisher: damage:6
[CombatArena] ClearSelection called
[AutoBattlerManager] Action: player_rogue -> Attack:basic_attack->enemy_goblin (OK)
[CombatArena] [STATE] ActionExecution -> PlayerDecision
[RealtimeAIController] State: ActionExecution -> PlayerDecision
[COMBAT_LOG] {"ts":1770378172373,"event":"DECISION","unit":"player_rogue","action":"Move","target":"(17, 0, 13)","score":0.6515362}
[RealtimeAIController] Rogue -> Move (#2) score:0.65
[CombatArena] ExecuteMovement: player_rogue -> (17, 0, 13)
[CombatArena] [STATE] PlayerDecision -> ActionExecution
[RealtimeAIController] State: PlayerDecision -> ActionExecution
[CombatArena] Rogue moved from (2, 0, -2) to (17, 0, 13), distance: 21.2
[CombatArena] [STATE] ActionExecution -> PlayerDecision
[RealtimeAIController] State: ActionExecution -> PlayerDecision
[AutoBattlerManager] Action: player_rogue -> Move to (17, 0, 13) (OK)
[COMBAT_LOG] {"ts":1770378172476,"event":"DECISION","unit":"player_rogue","action":"Move","target":"(12.606602, 0, 13)","score":0.65475553}
[RealtimeAIController] Rogue -> Move (#3) score:0.65
[CombatArena] ExecuteMovement: player_rogue -> (12.606602, 0, 13)
[CombatArena] [STATE] PlayerDecision -> ActionExecution
[RealtimeAIController] State: PlayerDecision -> ActionExecution
[CombatArena] Rogue moved from (17, 0, 13) to (12.606602, 0, 13), distance: 4.4
[CombatArena] [STATE] ActionExecution -> PlayerDecision
[RealtimeAIController] State: ActionExecution -> PlayerDecision
[AutoBattlerManager] Action: player_rogue -> Move to (12.606602, 0, 13) (OK)
[COMBAT_LOG] {"ts":1770378172579,"event":"DECISION","unit":"player_rogue","action":"Move","target":"(14.803301, 0, 15.196699)","score":0.6549526}
[RealtimeAIController] Rogue -> Move (#4) score:0.65
[CombatArena] ExecuteMovement: player_rogue -> (14.803301, 0, 15.196699)
[CombatArena] [STATE] PlayerDecision -> ActionExecution
[RealtimeAIController] State: PlayerDecision -> ActionExecution
[CombatArena] Rogue moved from (12.606602, 0, 13) to (14.803301, 0, 15.196699), distance: 3.1
[CombatArena] [STATE] ActionExecution -> PlayerDecision
[RealtimeAIController] State: ActionExecution -> PlayerDecision
[AutoBattlerManager] Action: player_rogue -> Move to (14.803301, 0, 15.196699) (OK)
[COMBAT_LOG] {"ts":1770378172682,"event":"DECISION","unit":"player_rogue","action":"Move","target":"(14.803301, 0, 16.483496)","score":0.6588364}
[RealtimeAIController] Rogue -> Move (#5) score:0.66
[CombatArena] ExecuteMovement: player_rogue -> (14.803301, 0, 16.483496)
[CombatArena] [STATE] PlayerDecision -> ActionExecution
[RealtimeAIController] State: PlayerDecision -> ActionExecution
[CombatArena] Rogue moved from (14.803301, 0, 15.196699) to (14.803301, 0, 16.483496), distance: 1.3
[CombatArena] [STATE] ActionExecution -> PlayerDecision
[RealtimeAIController] State: ActionExecution -> PlayerDecision
[AutoBattlerManager] Action: player_rogue -> Move to (14.803301, 0, 16.483496) (OK)
[COMBAT_LOG] {"ts":1770378172784,"event":"DECISION","unit":"player_rogue","action":"EndTurn","score":0.10600462}
[RealtimeAIController] Rogue -> EndTurn (#6) score:0.11
[RealtimeAIController] Calling EndCurrentTurn()
[CombatArena] [STATE] PlayerDecision -> TurnEnd
[RealtimeAIController] State: PlayerDecision -> TurnEnd
[CombatArena] [TURN] Round 1, Goblin Skirmisher
[CombatArena] [STATE] TurnEnd -> TurnStart
[RealtimeAIController] State: TurnEnd -> TurnStart
[CombatArena] [STATE] TurnStart -> AIDecision
[RealtimeAIController] State: TurnStart -> AIDecision
[CombatArena] Camera focusing on Goblin Skirmisher via hooks
[CombatArena] SelectCombatant called: enemy_goblin
[CombatArena] Selected: enemy_goblin
[CombatArena] Turn started: Goblin Skirmisher (AI)
[COMBAT_LOG] {"ts":1770378172791,"event":"TURN_START","turn":2,"round":1,"unit":"enemy_goblin","unit_name":"Goblin Skirmisher","faction":"Hostile","hp":16,"max_hp":22,"ap":"Action | Bonus | Reaction | Move:30/30","pos":[7,0,3]}
[RealtimeAIController] Turn started for Goblin Skirmisher
[COMBAT_LOG] {"ts":1770378172791,"event":"DECISION","unit":"enemy_goblin","action":"Attack","target":"player_cleric","score":1.0361888}
[RealtimeAIController] Goblin Skirmisher -> Attack (#1) score:1.04
[CombatArena] ExecuteAbility: enemy_goblin -> basic_attack -> player_cleric
[CombatArena] [STATE] AIDecision -> ActionExecution
[RealtimeAIController] State: AIDecision -> ActionExecution
[CombatArena] Goblin Skirmisher used basic_attack on Cleric: damage:10
[CombatArena] ClearSelection called
[AutoBattlerManager] Action: enemy_goblin -> Attack:basic_attack->player_cleric (OK)
[CombatArena] [STATE] ActionExecution -> AIDecision
[RealtimeAIController] State: ActionExecution -> AIDecision
[COMBAT_LOG] {"ts":1770378173484,"event":"DECISION","unit":"enemy_goblin","action":"Move","target":"(7, 0, 33)","score":0.6573601}
[RealtimeAIController] Goblin Skirmisher -> Move (#2) score:0.66
[CombatArena] ExecuteMovement: enemy_goblin -> (7, 0, 33)
[CombatArena] [STATE] AIDecision -> ActionExecution
[RealtimeAIController] State: AIDecision -> ActionExecution
[CombatArena] Goblin Skirmisher moved from (7, 0, 3) to (7, 0, 33), distance: 30.0
[CombatArena] [STATE] ActionExecution -> AIDecision
[RealtimeAIController] State: ActionExecution -> AIDecision
[AutoBattlerManager] Action: enemy_goblin -> Move to (7, 0, 33) (OK)
[COMBAT_LOG] {"ts":1770378173586,"event":"DECISION","unit":"enemy_goblin","action":"EndTurn","score":0.10817168}
[RealtimeAIController] Goblin Skirmisher -> EndTurn (#3) score:0.11
[RealtimeAIController] Calling EndCurrentTurn()
[CombatArena] [STATE] AIDecision -> TurnEnd
[RealtimeAIController] State: AIDecision -> TurnEnd
[CombatArena] [TURN] Round 1, Fighter
[CombatArena] [STATE] TurnEnd -> TurnStart
[RealtimeAIController] State: TurnEnd -> TurnStart
[CombatArena] [STATE] TurnStart -> PlayerDecision
[RealtimeAIController] State: TurnStart -> PlayerDecision
[CombatArena] Camera focusing on Fighter via hooks
[CombatArena] SelectCombatant called: player_fighter
[CombatArena] Selected: player_fighter
[CombatArena] Turn started: Fighter (Player)
[COMBAT_LOG] {"ts":1770378173593,"event":"TURN_START","turn":3,"round":1,"unit":"player_fighter","unit_name":"Fighter","faction":"Player","hp":52,"max_hp":52,"ap":"Action | Bonus | Reaction | Move:30/30","pos":[0,0,0]}
[RealtimeAIController] Turn started for Fighter
[COMBAT_LOG] {"ts":1770378173594,"event":"DECISION","unit":"player_fighter","action":"Attack","target":"enemy_goblin","score":0.7124985}
[RealtimeAIController] Fighter -> Attack (#1) score:0.71
[CombatArena] ExecuteAbility: player_fighter -> basic_attack -> enemy_goblin
[CombatArena] [STATE] PlayerDecision -> ActionExecution
[RealtimeAIController] State: PlayerDecision -> ActionExecution
[CombatArena] Fighter used basic_attack on Goblin Skirmisher: damage:5
[CombatArena] ClearSelection called
[AutoBattlerManager] Action: player_fighter -> Attack:basic_attack->enemy_goblin (OK)
[CombatArena] [STATE] ActionExecution -> PlayerDecision
[RealtimeAIController] State: ActionExecution -> PlayerDecision
[COMBAT_LOG] {"ts":1770378174286,"event":"DECISION","unit":"player_fighter","action":"Move","target":"(0, 0, -15)","score":0.6592449}
[RealtimeAIController] Fighter -> Move (#2) score:0.66
[CombatArena] ExecuteMovement: player_fighter -> (0, 0, -15)
[CombatArena] [STATE] PlayerDecision -> ActionExecution
[RealtimeAIController] State: PlayerDecision -> ActionExecution
[CombatArena] Fighter moved from (0, 0, 0) to (0, 0, -15), distance: 15.0
[CombatArena] [STATE] ActionExecution -> PlayerDecision
[RealtimeAIController] State: ActionExecution -> PlayerDecision
[AutoBattlerManager] Action: player_fighter -> Move to (0, 0, -15) (OK)
[COMBAT_LOG] {"ts":1770378174389,"event":"DECISION","unit":"player_fighter","action":"Move","target":"(7.5, 0, -15)","score":0.64451057}
[RealtimeAIController] Fighter -> Move (#3) score:0.64
[CombatArena] ExecuteMovement: player_fighter -> (7.5, 0, -15)
[CombatArena] [STATE] PlayerDecision -> ActionExecution
[RealtimeAIController] State: PlayerDecision -> ActionExecution
[CombatArena] Fighter moved from (0, 0, -15) to (7.5, 0, -15), distance: 7.5
[CombatArena] [STATE] ActionExecution -> PlayerDecision
[RealtimeAIController] State: ActionExecution -> PlayerDecision
[AutoBattlerManager] Action: player_fighter -> Move to (7.5, 0, -15) (OK)
[COMBAT_LOG] {"ts":1770378174491,"event":"DECISION","unit":"player_fighter","action":"Move","target":"(0, 0, -15)","score":0.6567128}
[RealtimeAIController] Fighter -> Move (#4) score:0.66
[CombatArena] ExecuteMovement: player_fighter -> (0, 0, -15)
[CombatArena] [STATE] PlayerDecision -> ActionExecution
[RealtimeAIController] State: PlayerDecision -> ActionExecution
[CombatArena] Fighter moved from (7.5, 0, -15) to (0, 0, -15), distance: 7.5
[CombatArena] [STATE] ActionExecution -> PlayerDecision
[RealtimeAIController] State: ActionExecution -> PlayerDecision
[AutoBattlerManager] Action: player_fighter -> Move to (0, 0, -15) (OK)
[COMBAT_LOG] {"ts":1770378174594,"event":"DECISION","unit":"player_fighter","action":"EndTurn","score":0.10533489}
[RealtimeAIController] Fighter -> EndTurn (#5) score:0.11
[RealtimeAIController] Calling EndCurrentTurn()
[CombatArena] [STATE] PlayerDecision -> TurnEnd
[RealtimeAIController] State: PlayerDecision -> TurnEnd
[CombatArena] [TURN] Round 1, Orc Archer
[CombatArena] [STATE] TurnEnd -> TurnStart
[RealtimeAIController] State: TurnEnd -> TurnStart
[CombatArena] [STATE] TurnStart -> AIDecision
[RealtimeAIController] State: TurnStart -> AIDecision
[CombatArena] Camera focusing on Orc Archer via hooks
[CombatArena] SelectCombatant called: enemy_orc_archer
[CombatArena] Selected: enemy_orc_archer
[CombatArena] Turn started: Orc Archer (AI)
[COMBAT_LOG] {"ts":1770378174601,"event":"TURN_START","turn":4,"round":1,"unit":"enemy_orc_archer","unit_name":"Orc Archer","faction":"Hostile","hp":30,"max_hp":30,"ap":"Action | Bonus | Reaction | Move:30/30","pos":[10,0,2]}
[RealtimeAIController] Turn started for Orc Archer
[COMBAT_LOG] {"ts":1770378174601,"event":"DECISION","unit":"enemy_orc_archer","action":"Move","target":"(-5, 0, 2)","score":1.269685}
[RealtimeAIController] Orc Archer -> Move (#1) score:1.27
[CombatArena] ExecuteMovement: enemy_orc_archer -> (-5, 0, 2)
[CombatArena] [STATE] AIDecision -> ActionExecution
[RealtimeAIController] State: AIDecision -> ActionExecution
[CombatArena] Orc Archer moved from (10, 0, 2) to (-5, 0, 2), distance: 15.0
[CombatArena] [STATE] ActionExecution -> AIDecision
[RealtimeAIController] State: ActionExecution -> AIDecision
[AutoBattlerManager] Action: enemy_orc_archer -> Move to (-5, 0, 2) (OK)
[COMBAT_LOG] {"ts":1770378174704,"event":"DECISION","unit":"enemy_orc_archer","action":"Move","target":"(2.5, 0, -5.5)","score":1.2920858}
[RealtimeAIController] Orc Archer -> Move (#2) score:1.29
[CombatArena] ExecuteMovement: enemy_orc_archer -> (2.5, 0, -5.5)
[CombatArena] [STATE] AIDecision -> ActionExecution
[RealtimeAIController] State: AIDecision -> ActionExecution
[CombatArena] Orc Archer moved from (-5, 0, 2) to (2.5, 0, -5.5), distance: 10.6
[CombatArena] [STATE] ActionExecution -> AIDecision
[RealtimeAIController] State: ActionExecution -> AIDecision
[AutoBattlerManager] Action: enemy_orc_archer -> Move to (2.5, 0, -5.5) (OK)
[COMBAT_LOG] {"ts":1770378174807,"event":"DECISION","unit":"enemy_orc_archer","action":"Move","target":"(2.5, 0, -1.1066017)","score":1.2980117}
[RealtimeAIController] Orc Archer -> Move (#3) score:1.30
[CombatArena] ExecuteMovement: enemy_orc_archer -> (2.5, 0, -1.1066017)
[CombatArena] [STATE] AIDecision -> ActionExecution
[RealtimeAIController] State: AIDecision -> ActionExecution
[CombatArena] Orc Archer moved from (2.5, 0, -5.5) to (2.5, 0, -1.1066017), distance: 4.4
[CombatArena] [STATE] ActionExecution -> AIDecision
[RealtimeAIController] State: ActionExecution -> AIDecision
[AutoBattlerManager] Action: enemy_orc_archer -> Move to (2.5, 0, -1.1066017) (OK)
[COMBAT_LOG] {"ts":1770378174910,"event":"DECISION","unit":"enemy_orc_archer","action":"Dash","score":3.0097756}
[RealtimeAIController] Orc Archer -> Dash (#4) score:3.01
[AutoBattlerManager] Action: enemy_orc_archer -> Dash (OK)
[COMBAT_LOG] {"ts":1770378175013,"event":"DECISION","unit":"enemy_orc_archer","action":"Move","target":"(17.5, 0, 13.893398)","score":1.2210981}
[RealtimeAIController] Orc Archer -> Move (#5) score:1.22
[CombatArena] ExecuteMovement: enemy_orc_archer -> (17.5, 0, 13.893398)
[CombatArena] [STATE] AIDecision -> ActionExecution
[RealtimeAIController] State: AIDecision -> ActionExecution
[CombatArena] Orc Archer moved from (2.5, 0, -1.1066017) to (17.5, 0, 13.893398), distance: 21.2
[CombatArena] [STATE] ActionExecution -> AIDecision
[RealtimeAIController] State: ActionExecution -> AIDecision
[AutoBattlerManager] Action: enemy_orc_archer -> Move to (17.5, 0, 13.893398) (OK)
[COMBAT_LOG] {"ts":1770378175116,"event":"DECISION","unit":"enemy_orc_archer","action":"Move","target":"(17.5, 0, 18.286797)","score":1.2849951}
[RealtimeAIController] Orc Archer -> Move (#6) score:1.28
[CombatArena] ExecuteMovement: enemy_orc_archer -> (17.5, 0, 18.286797)
[CombatArena] [STATE] AIDecision -> ActionExecution
[RealtimeAIController] State: AIDecision -> ActionExecution
[CombatArena] Orc Archer moved from (17.5, 0, 13.893398) to (17.5, 0, 18.286797), distance: 4.4
[CombatArena] [STATE] ActionExecution -> AIDecision
[RealtimeAIController] State: ActionExecution -> AIDecision
[AutoBattlerManager] Action: enemy_orc_archer -> Move to (17.5, 0, 18.286797) (OK)
[COMBAT_LOG] {"ts":1770378175218,"event":"DECISION","unit":"enemy_orc_archer","action":"Move","target":"(19.6967, 0, 16.090097)","score":1.3111465}
[RealtimeAIController] Orc Archer -> Move (#7) score:1.31
[CombatArena] ExecuteMovement: enemy_orc_archer -> (19.6967, 0, 16.090097)
[CombatArena] [STATE] AIDecision -> ActionExecution
[RealtimeAIController] State: AIDecision -> ActionExecution
[CombatArena] Orc Archer moved from (17.5, 0, 18.286797) to (19.6967, 0, 16.090097), distance: 3.1
[CombatArena] [STATE] ActionExecution -> AIDecision
[RealtimeAIController] State: ActionExecution -> AIDecision
[AutoBattlerManager] Action: enemy_orc_archer -> Move to (19.6967, 0, 16.090097) (OK)
[COMBAT_LOG] {"ts":1770378175321,"event":"DECISION","unit":"enemy_orc_archer","action":"Move","target":"(19.0533, 0, 16.733496)","score":1.2909319}
[RealtimeAIController] Orc Archer -> Move (#8) score:1.29
[CombatArena] ExecuteMovement: enemy_orc_archer -> (19.0533, 0, 16.733496)
[CombatArena] [STATE] AIDecision -> ActionExecution
[RealtimeAIController] State: AIDecision -> ActionExecution
[CombatArena] Orc Archer moved from (19.6967, 0, 16.090097) to (19.0533, 0, 16.733496), distance: 0.9
[CombatArena] [STATE] ActionExecution -> AIDecision
[RealtimeAIController] State: ActionExecution -> AIDecision
[AutoBattlerManager] Action: enemy_orc_archer -> Move to (19.0533, 0, 16.733496) (OK)
[COMBAT_LOG] {"ts":1770378175424,"event":"DECISION","unit":"enemy_orc_archer","action":"Move","target":"(19.0533, 0, 16.545048)","score":1.290863}
[RealtimeAIController] Orc Archer -> Move (#9) score:1.29
[CombatArena] ExecuteMovement: enemy_orc_archer -> (19.0533, 0, 16.545048)
[CombatArena] [STATE] AIDecision -> ActionExecution
[RealtimeAIController] State: AIDecision -> ActionExecution
[CombatArena] Orc Archer moved from (19.0533, 0, 16.733496) to (19.0533, 0, 16.545048), distance: 0.2
[CombatArena] [STATE] ActionExecution -> AIDecision
[RealtimeAIController] State: ActionExecution -> AIDecision
[AutoBattlerManager] Action: enemy_orc_archer -> Move to (19.0533, 0, 16.545048) (OK)
[COMBAT_LOG] {"ts":1770378175526,"event":"DECISION","unit":"enemy_orc_archer","action":"Move","target":"(18.959078, 0, 16.545048)","score":1.3166962}
[RealtimeAIController] Orc Archer -> Move (#10) score:1.32
[CombatArena] ExecuteMovement: enemy_orc_archer -> (18.959078, 0, 16.545048)
[CombatArena] [STATE] AIDecision -> ActionExecution
[RealtimeAIController] State: AIDecision -> ActionExecution
[CombatArena] Orc Archer moved from (19.0533, 0, 16.545048) to (18.959078, 0, 16.545048), distance: 0.1
[CombatArena] [STATE] ActionExecution -> AIDecision
[RealtimeAIController] State: ActionExecution -> AIDecision
[AutoBattlerManager] Action: enemy_orc_archer -> Move to (18.959078, 0, 16.545048) (OK)
[COMBAT_LOG] {"ts":1770378175630,"event":"DECISION","unit":"enemy_orc_archer","action":"Move","target":"(18.959078, 0, 16.59216)","score":1.3181866}
[RealtimeAIController] Orc Archer -> Move (#11) score:1.32
[CombatArena] ExecuteMovement: enemy_orc_archer -> (18.959078, 0, 16.59216)
[CombatArena] [STATE] AIDecision -> ActionExecution
[RealtimeAIController] State: AIDecision -> ActionExecution
[CombatArena] Orc Archer moved from (18.959078, 0, 16.545048) to (18.959078, 0, 16.59216), distance: 0.0
[CombatArena] [STATE] ActionExecution -> AIDecision
[RealtimeAIController] State: ActionExecution -> AIDecision
[AutoBattlerManager] Action: enemy_orc_archer -> Move to (18.959078, 0, 16.59216) (OK)
[COMBAT_LOG] {"ts":1770378175732,"event":"DECISION","unit":"enemy_orc_archer","action":"Move","target":"(18.935522, 0, 16.568604)","score":1.2928497}
[RealtimeAIController] Orc Archer -> Move (#12) score:1.29
[CombatArena] ExecuteMovement: enemy_orc_archer -> (18.935522, 0, 16.568604)
[CombatArena] [STATE] AIDecision -> ActionExecution
[RealtimeAIController] State: AIDecision -> ActionExecution
[CombatArena] Orc Archer moved from (18.959078, 0, 16.59216) to (18.935522, 0, 16.568604), distance: 0.0
[CombatArena] [STATE] ActionExecution -> AIDecision
[RealtimeAIController] State: ActionExecution -> AIDecision
[AutoBattlerManager] Action: enemy_orc_archer -> Move to (18.935522, 0, 16.568604) (OK)
[COMBAT_LOG] {"ts":1770378175835,"event":"DECISION","unit":"enemy_orc_archer","action":"Move","target":"(18.94932, 0, 16.568604)","score":1.3055254}
[RealtimeAIController] Orc Archer -> Move (#13) score:1.31
[CombatArena] ExecuteMovement: enemy_orc_archer -> (18.94932, 0, 16.568604)
[CombatArena] [STATE] AIDecision -> ActionExecution
[RealtimeAIController] State: AIDecision -> ActionExecution
[CombatArena] Orc Archer moved from (18.935522, 0, 16.568604) to (18.94932, 0, 16.568604), distance: 0.0
[CombatArena] [STATE] ActionExecution -> AIDecision
[RealtimeAIController] State: ActionExecution -> AIDecision
[AutoBattlerManager] Action: enemy_orc_archer -> Move to (18.94932, 0, 16.568604) (OK)
[COMBAT_LOG] {"ts":1770378175938,"event":"DECISION","unit":"enemy_orc_archer","action":"EndTurn","score":0.10174847}
[RealtimeAIController] Orc Archer -> EndTurn (#14) score:0.10
[RealtimeAIController] Calling EndCurrentTurn()
[CombatArena] [STATE] AIDecision -> TurnEnd
[RealtimeAIController] State: AIDecision -> TurnEnd
[CombatArena] [TURN] Round 1, Goblin Shaman
[CombatArena] [STATE] TurnEnd -> TurnStart
[RealtimeAIController] State: TurnEnd -> TurnStart
[CombatArena] [STATE] TurnStart -> AIDecision
[RealtimeAIController] State: TurnStart -> AIDecision
[CombatArena] Camera focusing on Goblin Shaman via hooks
[CombatArena] SelectCombatant called: enemy_shaman
[CombatArena] Selected: enemy_shaman
[CombatArena] Turn started: Goblin Shaman (AI)
[COMBAT_LOG] {"ts":1770378175944,"event":"TURN_START","turn":5,"round":1,"unit":"enemy_shaman","unit_name":"Goblin Shaman","faction":"Hostile","hp":28,"max_hp":28,"ap":"Action | Bonus | Reaction | Move:30/30","pos":[10,0,-1]}
[RealtimeAIController] Turn started for Goblin Shaman
[COMBAT_LOG] {"ts":1770378175945,"event":"DECISION","unit":"enemy_shaman","action":"Move","target":"(-5, 0, -1)","score":1.2779951}
[RealtimeAIController] Goblin Shaman -> Move (#1) score:1.28
[CombatArena] ExecuteMovement: enemy_shaman -> (-5, 0, -1)
[CombatArena] [STATE] AIDecision -> ActionExecution
[RealtimeAIController] State: AIDecision -> ActionExecution
[CombatArena] Goblin Shaman moved from (10, 0, -1) to (-5, 0, -1), distance: 15.0
[CombatArena] [STATE] ActionExecution -> AIDecision
[RealtimeAIController] State: ActionExecution -> AIDecision
[AutoBattlerManager] Action: enemy_shaman -> Move to (-5, 0, -1) (OK)
[COMBAT_LOG] {"ts":1770378176047,"event":"DECISION","unit":"enemy_shaman","action":"Move","target":"(2.5, 0, -1)","score":1.319591}
[RealtimeAIController] Goblin Shaman -> Move (#2) score:1.32
[CombatArena] ExecuteMovement: enemy_shaman -> (2.5, 0, -1)
[CombatArena] [STATE] AIDecision -> ActionExecution
[RealtimeAIController] State: AIDecision -> ActionExecution
[CombatArena] Goblin Shaman moved from (-5, 0, -1) to (2.5, 0, -1), distance: 7.5
[CombatArena] [STATE] ActionExecution -> AIDecision
[RealtimeAIController] State: ActionExecution -> AIDecision
[AutoBattlerManager] Action: enemy_shaman -> Move to (2.5, 0, -1) (OK)
[COMBAT_LOG] {"ts":1770378176150,"event":"DECISION","unit":"enemy_shaman","action":"Move","target":"(2.5, 0, -4.75)","score":1.3044814}
[RealtimeAIController] Goblin Shaman -> Move (#3) score:1.30
[CombatArena] ExecuteMovement: enemy_shaman -> (2.5, 0, -4.75)
[CombatArena] [STATE] AIDecision -> ActionExecution
[RealtimeAIController] State: AIDecision -> ActionExecution
[CombatArena] Goblin Shaman moved from (2.5, 0, -1) to (2.5, 0, -4.75), distance: 3.8
[CombatArena] [STATE] ActionExecution -> AIDecision
[RealtimeAIController] State: ActionExecution -> AIDecision
[AutoBattlerManager] Action: enemy_shaman -> Move to (2.5, 0, -4.75) (OK)
[COMBAT_LOG] {"ts":1770378176253,"event":"DECISION","unit":"enemy_shaman","action":"Dash","score":3.26084}
[RealtimeAIController] Goblin Shaman -> Dash (#4) score:3.26
[AutoBattlerManager] Action: enemy_shaman -> Dash (OK)
[COMBAT_LOG] {"ts":1770378176356,"event":"DECISION","unit":"enemy_shaman","action":"Move","target":"(-14.375, 0, 12.125)","score":0.65895015}
[RealtimeAIController] Goblin Shaman -> Move (#5) score:0.66
[CombatArena] ExecuteMovement: enemy_shaman -> (-14.375, 0, 12.125)
[CombatArena] [STATE] AIDecision -> ActionExecution
[RealtimeAIController] State: AIDecision -> ActionExecution
[CombatArena] Goblin Shaman moved from (2.5, 0, -4.75) to (-14.375, 0, 12.125), distance: 23.9
[CombatArena] [STATE] ActionExecution -> AIDecision
[RealtimeAIController] State: ActionExecution -> AIDecision
[AutoBattlerManager] Action: enemy_shaman -> Move to (-14.375, 0, 12.125) (OK)
[COMBAT_LOG] {"ts":1770378176458,"event":"DECISION","unit":"enemy_shaman","action":"Move","target":"(-19.317574, 0, 12.125)","score":0.638689}
[RealtimeAIController] Goblin Shaman -> Move (#6) score:0.64
[CombatArena] ExecuteMovement: enemy_shaman -> (-19.317574, 0, 12.125)
[CombatArena] [STATE] AIDecision -> ActionExecution
[RealtimeAIController] State: AIDecision -> ActionExecution
[CombatArena] Goblin Shaman moved from (-14.375, 0, 12.125) to (-19.317574, 0, 12.125), distance: 4.9
[CombatArena] [STATE] ActionExecution -> AIDecision
[RealtimeAIController] State: ActionExecution -> AIDecision
[AutoBattlerManager] Action: enemy_shaman -> Move to (-19.317574, 0, 12.125) (OK)
[COMBAT_LOG] {"ts":1770378176561,"event":"DECISION","unit":"enemy_shaman","action":"Move","target":"(-19.317574, 0, 9.653714)","score":0.6592802}
[RealtimeAIController] Goblin Shaman -> Move (#7) score:0.66
[CombatArena] ExecuteMovement: enemy_shaman -> (-19.317574, 0, 9.653714)
[CombatArena] [STATE] AIDecision -> ActionExecution
[RealtimeAIController] State: AIDecision -> ActionExecution
[CombatArena] Goblin Shaman moved from (-19.317574, 0, 12.125) to (-19.317574, 0, 9.653714), distance: 2.5
[CombatArena] [STATE] ActionExecution -> AIDecision
[RealtimeAIController] State: ActionExecution -> AIDecision
[AutoBattlerManager] Action: enemy_shaman -> Move to (-19.317574, 0, 9.653714) (OK)
[COMBAT_LOG] {"ts":1770378176664,"event":"DECISION","unit":"enemy_shaman","action":"Move","target":"(-20.553217, 0, 10.889357)","score":0.64388466}
[RealtimeAIController] Goblin Shaman -> Move (#8) score:0.64
[CombatArena] ExecuteMovement: enemy_shaman -> (-20.553217, 0, 10.889357)
[CombatArena] [STATE] AIDecision -> ActionExecution
[RealtimeAIController] State: AIDecision -> ActionExecution
[CombatArena] Goblin Shaman moved from (-19.317574, 0, 9.653714) to (-20.553217, 0, 10.889357), distance: 1.7
[CombatArena] [STATE] ActionExecution -> AIDecision
[RealtimeAIController] State: ActionExecution -> AIDecision
[AutoBattlerManager] Action: enemy_shaman -> Move to (-20.553217, 0, 10.889357) (OK)
[COMBAT_LOG] {"ts":1770378176767,"event":"DECISION","unit":"enemy_shaman","action":"Move","target":"(-20.191305, 0, 10.889357)","score":0.63828635}
[RealtimeAIController] Goblin Shaman -> Move (#9) score:0.64
[CombatArena] ExecuteMovement: enemy_shaman -> (-20.191305, 0, 10.889357)
[CombatArena] [STATE] AIDecision -> ActionExecution
[RealtimeAIController] State: AIDecision -> ActionExecution
[CombatArena] Goblin Shaman moved from (-20.553217, 0, 10.889357) to (-20.191305, 0, 10.889357), distance: 0.4
[CombatArena] [STATE] ActionExecution -> AIDecision
[RealtimeAIController] State: ActionExecution -> AIDecision
[AutoBattlerManager] Action: enemy_shaman -> Move to (-20.191305, 0, 10.889357) (OK)
[COMBAT_LOG] {"ts":1770378176870,"event":"DECISION","unit":"enemy_shaman","action":"Move","target":"(-20.01035, 0, 10.889357)","score":0.65693164}
[RealtimeAIController] Goblin Shaman -> Move (#10) score:0.66
[CombatArena] ExecuteMovement: enemy_shaman -> (-20.01035, 0, 10.889357)
[CombatArena] [STATE] AIDecision -> ActionExecution
[RealtimeAIController] State: AIDecision -> ActionExecution
[CombatArena] Goblin Shaman moved from (-20.191305, 0, 10.889357) to (-20.01035, 0, 10.889357), distance: 0.2
[CombatArena] [STATE] ActionExecution -> AIDecision
[RealtimeAIController] State: ActionExecution -> AIDecision
[AutoBattlerManager] Action: enemy_shaman -> Move to (-20.01035, 0, 10.889357) (OK)
[COMBAT_LOG] {"ts":1770378176972,"event":"DECISION","unit":"enemy_shaman","action":"Move","target":"(-20.01035, 0, 10.979835)","score":0.65614736}
[RealtimeAIController] Goblin Shaman -> Move (#11) score:0.66
[CombatArena] ExecuteMovement: enemy_shaman -> (-20.01035, 0, 10.979835)
[CombatArena] [STATE] AIDecision -> ActionExecution
[RealtimeAIController] State: AIDecision -> ActionExecution
[CombatArena] Goblin Shaman moved from (-20.01035, 0, 10.889357) to (-20.01035, 0, 10.979835), distance: 0.1
[CombatArena] [STATE] ActionExecution -> AIDecision
[RealtimeAIController] State: ActionExecution -> AIDecision
[AutoBattlerManager] Action: enemy_shaman -> Move to (-20.01035, 0, 10.979835) (OK)
[COMBAT_LOG] {"ts":1770378177075,"event":"DECISION","unit":"enemy_shaman","action":"Move","target":"(-20.01035, 0, 10.889358)","score":0.6535234}
[RealtimeAIController] Goblin Shaman -> Move (#12) score:0.65
[CombatArena] ExecuteMovement: enemy_shaman -> (-20.01035, 0, 10.889358)
[CombatArena] [STATE] AIDecision -> ActionExecution
[RealtimeAIController] State: AIDecision -> ActionExecution
[CombatArena] Goblin Shaman moved from (-20.01035, 0, 10.979835) to (-20.01035, 0, 10.889358), distance: 0.1
[CombatArena] [STATE] ActionExecution -> AIDecision
[RealtimeAIController] State: ActionExecution -> AIDecision
[AutoBattlerManager] Action: enemy_shaman -> Move to (-20.01035, 0, 10.889358) (OK)
[COMBAT_LOG] {"ts":1770378177178,"event":"DECISION","unit":"enemy_shaman","action":"EndTurn","score":0.105088204}
[RealtimeAIController] Goblin Shaman -> EndTurn (#13) score:0.11
[RealtimeAIController] Calling EndCurrentTurn()
[CombatArena] [STATE] AIDecision -> TurnEnd
[RealtimeAIController] State: AIDecision -> TurnEnd
[CombatArena] [TURN] Round 1, Mage
[CombatArena] [STATE] TurnEnd -> TurnStart
[RealtimeAIController] State: TurnEnd -> TurnStart
[CombatArena] [STATE] TurnStart -> PlayerDecision
[RealtimeAIController] State: TurnStart -> PlayerDecision
[CombatArena] Camera focusing on Mage via hooks
[CombatArena] SelectCombatant called: player_mage
[CombatArena] Selected: player_mage
[CombatArena] Turn started: Mage (Player)
[COMBAT_LOG] {"ts":1770378177185,"event":"TURN_START","turn":6,"round":1,"unit":"player_mage","unit_name":"Mage","faction":"Player","hp":32,"max_hp":32,"ap":"Action | Bonus | Reaction | Move:30/30","pos":[-3,0,-1]}
[RealtimeAIController] Turn started for Mage
[COMBAT_LOG] {"ts":1770378177185,"event":"DECISION","unit":"player_mage","action":"Move","target":"(12, 0, -1)","score":1.2374046}
[RealtimeAIController] Mage -> Move (#1) score:1.24
[CombatArena] ExecuteMovement: player_mage -> (12, 0, -1)
[CombatArena] [STATE] PlayerDecision -> ActionExecution
[RealtimeAIController] State: PlayerDecision -> ActionExecution
[CombatArena] Mage moved from (-3, 0, -1) to (12, 0, -1), distance: 15.0
[CombatArena] [STATE] ActionExecution -> PlayerDecision
[RealtimeAIController] State: ActionExecution -> PlayerDecision
[AutoBattlerManager] Action: player_mage -> Move to (12, 0, -1) (OK)
[COMBAT_LOG] {"ts":1770378177287,"event":"DECISION","unit":"player_mage","action":"Move","target":"(4.5, 0, -1)","score":1.2777604}
[RealtimeAIController] Mage -> Move (#2) score:1.28
[CombatArena] ExecuteMovement: player_mage -> (4.5, 0, -1)
[CombatArena] [STATE] PlayerDecision -> ActionExecution
[RealtimeAIController] State: PlayerDecision -> ActionExecution
[CombatArena] Mage moved from (12, 0, -1) to (4.5, 0, -1), distance: 7.5
[CombatArena] [STATE] ActionExecution -> PlayerDecision
[RealtimeAIController] State: ActionExecution -> PlayerDecision
[AutoBattlerManager] Action: player_mage -> Move to (4.5, 0, -1) (OK)
[COMBAT_LOG] {"ts":1770378177390,"event":"DECISION","unit":"player_mage","action":"Move","target":"(4.5, 0, 2.75)","score":1.2776928}
[RealtimeAIController] Mage -> Move (#3) score:1.28
[CombatArena] ExecuteMovement: player_mage -> (4.5, 0, 2.75)
[CombatArena] [STATE] PlayerDecision -> ActionExecution
[RealtimeAIController] State: PlayerDecision -> ActionExecution
[CombatArena] Mage moved from (4.5, 0, -1) to (4.5, 0, 2.75), distance: 3.8
[CombatArena] [STATE] ActionExecution -> PlayerDecision
[RealtimeAIController] State: ActionExecution -> PlayerDecision
[AutoBattlerManager] Action: player_mage -> Move to (4.5, 0, 2.75) (OK)
[COMBAT_LOG] {"ts":1770378177493,"event":"DECISION","unit":"player_mage","action":"Dash","score":3.0007403}
[RealtimeAIController] Mage -> Dash (#4) score:3.00
[AutoBattlerManager] Action: player_mage -> Dash (OK)
[COMBAT_LOG] {"ts":1770378177596,"event":"DECISION","unit":"player_mage","action":"Move","target":"(4.5, 0, 36.5)","score":1.3093803}
[RealtimeAIController] Mage -> Move (#5) score:1.31
[CombatArena] ExecuteMovement: player_mage -> (4.5, 0, 36.5)
[CombatArena] [STATE] PlayerDecision -> ActionExecution
[RealtimeAIController] State: PlayerDecision -> ActionExecution
[CombatArena] Mage moved from (4.5, 0, 2.75) to (4.5, 0, 36.5), distance: 33.8
[CombatArena] [STATE] ActionExecution -> PlayerDecision
[RealtimeAIController] State: ActionExecution -> PlayerDecision
[AutoBattlerManager] Action: player_mage -> Move to (4.5, 0, 36.5) (OK)
[COMBAT_LOG] {"ts":1770378177699,"event":"DECISION","unit":"player_mage","action":"EndTurn","score":0.106283315}
[RealtimeAIController] Mage -> EndTurn (#6) score:0.11
[RealtimeAIController] Calling EndCurrentTurn()
[CombatArena] [STATE] PlayerDecision -> TurnEnd
[RealtimeAIController] State: PlayerDecision -> TurnEnd
[CombatArena] [TURN] Round 1, Orc Brute
[CombatArena] [STATE] TurnEnd -> TurnStart
[RealtimeAIController] State: TurnEnd -> TurnStart
[CombatArena] [STATE] TurnStart -> AIDecision
[RealtimeAIController] State: TurnStart -> AIDecision
[CombatArena] Camera focusing on Orc Brute via hooks
[CombatArena] SelectCombatant called: enemy_orc_brute
[CombatArena] Selected: enemy_orc_brute
[CombatArena] Turn started: Orc Brute (AI)
[COMBAT_LOG] {"ts":1770378177705,"event":"TURN_START","turn":7,"round":1,"unit":"enemy_orc_brute","unit_name":"Orc Brute","faction":"Hostile","hp":48,"max_hp":48,"ap":"Action | Bonus | Reaction | Move:30/30","pos":[8,0,0]}
[RealtimeAIController] Turn started for Orc Brute
[COMBAT_LOG] {"ts":1770378177706,"event":"DECISION","unit":"enemy_orc_brute","action":"Attack","target":"player_mage","score":1.0709095}
[RealtimeAIController] Orc Brute -> Attack (#1) score:1.07
[CombatArena] ExecuteAbility: enemy_orc_brute -> basic_attack -> player_mage
[CombatArena] [STATE] AIDecision -> ActionExecution
[RealtimeAIController] State: AIDecision -> ActionExecution
[CombatArena] Orc Brute used basic_attack on Mage: damage:10
[CombatArena] ClearSelection called
[AutoBattlerManager] Action: enemy_orc_brute -> Attack:basic_attack->player_mage (OK)
[CombatArena] [STATE] ActionExecution -> AIDecision
[RealtimeAIController] State: ActionExecution -> AIDecision
[COMBAT_LOG] {"ts":1770378178397,"event":"DECISION","unit":"enemy_orc_brute","action":"Move","target":"(23, 0, 15)","score":0.65878737}
[RealtimeAIController] Orc Brute -> Move (#2) score:0.66
[CombatArena] ExecuteMovement: enemy_orc_brute -> (23, 0, 15)
[CombatArena] [STATE] AIDecision -> ActionExecution
[RealtimeAIController] State: AIDecision -> ActionExecution
[CombatArena] Orc Brute moved from (8, 0, 0) to (23, 0, 15), distance: 21.2
[CombatArena] [STATE] ActionExecution -> AIDecision
[RealtimeAIController] State: ActionExecution -> AIDecision
[AutoBattlerManager] Action: enemy_orc_brute -> Move to (23, 0, 15) (OK)
[COMBAT_LOG] {"ts":1770378178500,"event":"DECISION","unit":"enemy_orc_brute","action":"Move","target":"(14.213203, 0, 15)","score":1.3110676}
[RealtimeAIController] Orc Brute -> Move (#3) score:1.31
[CombatArena] ExecuteMovement: enemy_orc_brute -> (14.213203, 0, 15)
[CombatArena] [STATE] AIDecision -> ActionExecution
[RealtimeAIController] State: AIDecision -> ActionExecution
[CombatArena] Orc Brute moved from (23, 0, 15) to (14.213203, 0, 15), distance: 8.8
[CombatArena] [STATE] ActionExecution -> AIDecision
[RealtimeAIController] State: ActionExecution -> AIDecision
[AutoBattlerManager] Action: enemy_orc_brute -> Move to (14.213203, 0, 15) (OK)
[COMBAT_LOG] {"ts":1770378178604,"event":"DECISION","unit":"enemy_orc_brute","action":"EndTurn","score":0.10821186}
[RealtimeAIController] Orc Brute -> EndTurn (#4) score:0.11
[RealtimeAIController] Calling EndCurrentTurn()
[CombatArena] [STATE] AIDecision -> TurnEnd
[RealtimeAIController] State: AIDecision -> TurnEnd
[CombatArena] [TURN] Round 1, Cleric
[CombatArena] [STATE] TurnEnd -> TurnStart
[RealtimeAIController] State: TurnEnd -> TurnStart
[CombatArena] [STATE] TurnStart -> PlayerDecision
[RealtimeAIController] State: TurnStart -> PlayerDecision
[CombatArena] Camera focusing on Cleric via hooks
[CombatArena] SelectCombatant called: player_cleric
[CombatArena] Selected: player_cleric
[CombatArena] Turn started: Cleric (Player)
[COMBAT_LOG] {"ts":1770378178610,"event":"TURN_START","turn":8,"round":1,"unit":"player_cleric","unit_name":"Cleric","faction":"Player","hp":34,"max_hp":44,"ap":"Action | Bonus | Reaction | Move:30/30","pos":[-1,0,-3]}
[RealtimeAIController] Turn started for Cleric
[COMBAT_LOG] {"ts":1770378178610,"event":"DECISION","unit":"player_cleric","action":"Move","target":"(14, 0, 12)","score":1.2758201}
[RealtimeAIController] Cleric -> Move (#1) score:1.28
[CombatArena] ExecuteMovement: player_cleric -> (14, 0, 12)
[CombatArena] [STATE] PlayerDecision -> ActionExecution
[RealtimeAIController] State: PlayerDecision -> ActionExecution
[CombatArena] Cleric moved from (-1, 0, -3) to (14, 0, 12), distance: 21.2
[CombatArena] [STATE] ActionExecution -> PlayerDecision
[RealtimeAIController] State: ActionExecution -> PlayerDecision
[AutoBattlerManager] Action: player_cleric -> Move to (14, 0, 12) (OK)
[COMBAT_LOG] {"ts":1770378178713,"event":"DECISION","unit":"player_cleric","action":"Move","target":"(18.393398, 0, 16.393398)","score":1.315757}
[RealtimeAIController] Cleric -> Move (#2) score:1.32
[CombatArena] ExecuteMovement: player_cleric -> (18.393398, 0, 16.393398)
[CombatArena] [STATE] PlayerDecision -> ActionExecution
[RealtimeAIController] State: PlayerDecision -> ActionExecution
[CombatArena] Cleric moved from (14, 0, 12) to (18.393398, 0, 16.393398), distance: 6.2
[CombatArena] [STATE] ActionExecution -> PlayerDecision
[RealtimeAIController] State: ActionExecution -> PlayerDecision
[AutoBattlerManager] Action: player_cleric -> Move to (18.393398, 0, 16.393398) (OK)
[COMBAT_LOG] {"ts":1770378178816,"event":"DECISION","unit":"player_cleric","action":"Move","target":"(19.680195, 0, 16.393398)","score":1.3059554}
[RealtimeAIController] Cleric -> Move (#3) score:1.31
[CombatArena] ExecuteMovement: player_cleric -> (19.680195, 0, 16.393398)
[CombatArena] [STATE] PlayerDecision -> ActionExecution
[RealtimeAIController] State: PlayerDecision -> ActionExecution
[CombatArena] Cleric moved from (18.393398, 0, 16.393398) to (19.680195, 0, 16.393398), distance: 1.3
[CombatArena] [STATE] ActionExecution -> PlayerDecision
[RealtimeAIController] State: ActionExecution -> PlayerDecision
[AutoBattlerManager] Action: player_cleric -> Move to (19.680195, 0, 16.393398) (OK)
[COMBAT_LOG] {"ts":1770378178919,"event":"DECISION","unit":"player_cleric","action":"Move","target":"(20.966991, 0, 16.393398)","score":1.309471}
[RealtimeAIController] Cleric -> Move (#4) score:1.31
[CombatArena] ExecuteMovement: player_cleric -> (20.966991, 0, 16.393398)
[CombatArena] [STATE] PlayerDecision -> ActionExecution
[RealtimeAIController] State: PlayerDecision -> ActionExecution
[CombatArena] Cleric moved from (19.680195, 0, 16.393398) to (20.966991, 0, 16.393398), distance: 1.3
[CombatArena] [STATE] ActionExecution -> PlayerDecision
[RealtimeAIController] State: ActionExecution -> PlayerDecision
[AutoBattlerManager] Action: player_cleric -> Move to (20.966991, 0, 16.393398) (OK)
[COMBAT_LOG] {"ts":1770378179022,"event":"DECISION","unit":"player_cleric","action":"Dash","score":3.0745664}
[RealtimeAIController] Cleric -> Dash (#5) score:3.07
[AutoBattlerManager] Action: player_cleric -> Dash (OK)
[COMBAT_LOG] {"ts":1770378179124,"event":"DECISION","unit":"player_cleric","action":"Move","target":"(5.9669914, 0, 31.393398)","score":1.2080683}
[RealtimeAIController] Cleric -> Move (#6) score:1.21
[CombatArena] ExecuteMovement: player_cleric -> (5.9669914, 0, 31.393398)
[CombatArena] [STATE] PlayerDecision -> ActionExecution
[RealtimeAIController] State: PlayerDecision -> ActionExecution
[CombatArena] Cleric moved from (20.966991, 0, 16.393398) to (5.9669914, 0, 31.393398), distance: 21.2
[CombatArena] [STATE] ActionExecution -> PlayerDecision
[RealtimeAIController] State: ActionExecution -> PlayerDecision
[AutoBattlerManager] Action: player_cleric -> Move to (5.9669914, 0, 31.393398) (OK)
[COMBAT_LOG] {"ts":1770378179227,"event":"DECISION","unit":"player_cleric","action":"Move","target":"(5.9669914, 0, 35.786797)","score":1.2899729}
[RealtimeAIController] Cleric -> Move (#7) score:1.29
[CombatArena] ExecuteMovement: player_cleric -> (5.9669914, 0, 35.786797)
[CombatArena] [STATE] PlayerDecision -> ActionExecution
[RealtimeAIController] State: PlayerDecision -> ActionExecution
[CombatArena] Cleric moved from (5.9669914, 0, 31.393398) to (5.9669914, 0, 35.786797), distance: 4.4
[CombatArena] [STATE] ActionExecution -> PlayerDecision
[RealtimeAIController] State: ActionExecution -> PlayerDecision
[AutoBattlerManager] Action: player_cleric -> Move to (5.9669914, 0, 35.786797) (OK)
[COMBAT_LOG] {"ts":1770378179330,"event":"DECISION","unit":"player_cleric","action":"Move","target":"(3.7702923, 0, 33.590096)","score":1.3011359}
[RealtimeAIController] Cleric -> Move (#8) score:1.30
[CombatArena] ExecuteMovement: player_cleric -> (3.7702923, 0, 33.590096)
[CombatArena] [STATE] PlayerDecision -> ActionExecution
[RealtimeAIController] State: PlayerDecision -> ActionExecution
[CombatArena] Cleric moved from (5.9669914, 0, 35.786797) to (3.7702923, 0, 33.590096), distance: 3.1
[CombatArena] [STATE] ActionExecution -> PlayerDecision
[RealtimeAIController] State: ActionExecution -> PlayerDecision
[AutoBattlerManager] Action: player_cleric -> Move to (3.7702923, 0, 33.590096) (OK)
[COMBAT_LOG] {"ts":1770378179433,"event":"DECISION","unit":"player_cleric","action":"Move","target":"(4.4136896, 0, 34.233494)","score":1.3121576}
[RealtimeAIController] Cleric -> Move (#9) score:1.31
[CombatArena] ExecuteMovement: player_cleric -> (4.4136896, 0, 34.233494)
[CombatArena] [STATE] PlayerDecision -> ActionExecution
[RealtimeAIController] State: PlayerDecision -> ActionExecution
[CombatArena] Cleric moved from (3.7702923, 0, 33.590096) to (4.4136896, 0, 34.233494), distance: 0.9
[CombatArena] [STATE] ActionExecution -> PlayerDecision
[RealtimeAIController] State: ActionExecution -> PlayerDecision
[AutoBattlerManager] Action: player_cleric -> Move to (4.4136896, 0, 34.233494) (OK)
[COMBAT_LOG] {"ts":1770378179536,"event":"DECISION","unit":"player_cleric","action":"Move","target":"(4.4136896, 0, 33.8566)","score":1.3179361}
[RealtimeAIController] Cleric -> Move (#10) score:1.32
[CombatArena] ExecuteMovement: player_cleric -> (4.4136896, 0, 33.8566)
[CombatArena] [STATE] PlayerDecision -> ActionExecution
[RealtimeAIController] State: PlayerDecision -> ActionExecution
[CombatArena] Cleric moved from (4.4136896, 0, 34.233494) to (4.4136896, 0, 33.8566), distance: 0.4
[CombatArena] [STATE] ActionExecution -> PlayerDecision
[RealtimeAIController] State: ActionExecution -> PlayerDecision
[AutoBattlerManager] Action: player_cleric -> Move to (4.4136896, 0, 33.8566) (OK)
[COMBAT_LOG] {"ts":1770378179638,"event":"DECISION","unit":"player_cleric","action":"Move","target":"(4.4136887, 0, 33.8566)","score":1.3190031}
[RealtimeAIController] Cleric -> Move (#11) score:1.32
[CombatArena] ExecuteMovement: player_cleric -> (4.4136887, 0, 33.8566)
[CombatArena] [STATE] PlayerDecision -> ActionExecution
[RealtimeAIController] State: PlayerDecision -> ActionExecution
[CombatArena] Cleric moved from (4.4136896, 0, 33.8566) to (4.4136887, 0, 33.8566), distance: 0.0
[CombatArena] [STATE] ActionExecution -> PlayerDecision
[RealtimeAIController] State: ActionExecution -> PlayerDecision
[AutoBattlerManager] Action: player_cleric -> Move to (4.4136887, 0, 33.8566) (OK)
[COMBAT_LOG] {"ts":1770378179741,"event":"DECISION","unit":"player_cleric","action":"EndTurn","score":0.10424685}
[RealtimeAIController] Cleric -> EndTurn (#12) score:0.10
[RealtimeAIController] Calling EndCurrentTurn()
[CombatArena] [STATE] PlayerDecision -> TurnEnd
[RealtimeAIController] State: PlayerDecision -> TurnEnd
[CombatArena] [TURN] Round 2, Rogue
[CombatArena] [STATE] TurnEnd -> RoundEnd
[RealtimeAIController] State: TurnEnd -> RoundEnd
[CombatArena] [STATE] RoundEnd -> TurnStart
[RealtimeAIController] State: RoundEnd -> TurnStart
[CombatArena] Round 2: Reset reactions for all combatants
[CombatArena] [STATE] TurnStart -> PlayerDecision
[RealtimeAIController] State: TurnStart -> PlayerDecision
[CombatArena] Camera focusing on Rogue via hooks
[CombatArena] SelectCombatant called: player_rogue
[CombatArena] Selected: player_rogue
[CombatArena] Turn started: Rogue (Player)
[COMBAT_LOG] {"ts":1770378179748,"event":"TURN_START","turn":9,"round":2,"unit":"player_rogue","unit_name":"Rogue","faction":"Player","hp":36,"max_hp":36,"ap":"Action | Bonus | Reaction | Move:30/30","pos":[14.803301,0,16.483496]}
[RealtimeAIController] Turn started for Rogue
[COMBAT_LOG] {"ts":1770378179748,"event":"DECISION","unit":"player_rogue","action":"Attack","target":"enemy_orc_brute","score":0.70609987}
[RealtimeAIController] Rogue -> Attack (#1) score:0.71
[CombatArena] ExecuteAbility: player_rogue -> basic_attack -> enemy_orc_brute
[CombatArena] [STATE] PlayerDecision -> ActionExecution
[RealtimeAIController] State: PlayerDecision -> ActionExecution
[CombatArena] Rogue used basic_attack on Orc Brute: damage:5
[CombatArena] ClearSelection called
[AutoBattlerManager] Action: player_rogue -> Attack:basic_attack->enemy_orc_brute (OK)
[CombatArena] [STATE] ActionExecution -> PlayerDecision
[RealtimeAIController] State: ActionExecution -> PlayerDecision
[COMBAT_LOG] {"ts":1770378180447,"event":"DECISION","unit":"player_rogue","action":"Move","target":"(14.803301, 0, 1.4834957)","score":0.65264404}
[RealtimeAIController] Rogue -> Move (#2) score:0.65
[CombatArena] ExecuteMovement: player_rogue -> (14.803301, 0, 1.4834957)
[CombatArena] [STATE] PlayerDecision -> ActionExecution
[RealtimeAIController] State: PlayerDecision -> ActionExecution
[CombatArena] Rogue moved from (14.803301, 0, 16.483496) to (14.803301, 0, 1.4834957), distance: 15.0
[CombatArena] [STATE] ActionExecution -> PlayerDecision
[RealtimeAIController] State: ActionExecution -> PlayerDecision
[AutoBattlerManager] Action: player_rogue -> Move to (14.803301, 0, 1.4834957) (OK)
[COMBAT_LOG] {"ts":1770378180550,"event":"DECISION","unit":"player_rogue","action":"Move","target":"(14.803301, 0, 16.483496)","score":1.2545995}
[RealtimeAIController] Rogue -> Move (#3) score:1.25
[CombatArena] ExecuteMovement: player_rogue -> (14.803301, 0, 16.483496)
[CombatArena] [STATE] PlayerDecision -> ActionExecution
[RealtimeAIController] State: PlayerDecision -> ActionExecution
[CombatArena] Rogue moved from (14.803301, 0, 1.4834957) to (14.803301, 0, 16.483496), distance: 15.0
[CombatArena] [STATE] ActionExecution -> PlayerDecision
[RealtimeAIController] State: ActionExecution -> PlayerDecision
[AutoBattlerManager] Action: player_rogue -> Move to (14.803301, 0, 16.483496) (OK)
[COMBAT_LOG] {"ts":1770378180652,"event":"DECISION","unit":"player_rogue","action":"EndTurn","score":0.10314879}
[RealtimeAIController] Rogue -> EndTurn (#4) score:0.10
[RealtimeAIController] Calling EndCurrentTurn()
[CombatArena] [STATE] PlayerDecision -> TurnEnd
[RealtimeAIController] State: PlayerDecision -> TurnEnd
[CombatArena] [TURN] Round 2, Goblin Skirmisher
[CombatArena] [STATE] TurnEnd -> TurnStart
[RealtimeAIController] State: TurnEnd -> TurnStart
[CombatArena] [STATE] TurnStart -> AIDecision
[RealtimeAIController] State: TurnStart -> AIDecision
[CombatArena] Camera focusing on Goblin Skirmisher via hooks
[CombatArena] SelectCombatant called: enemy_goblin
[CombatArena] Selected: enemy_goblin
[CombatArena] Turn started: Goblin Skirmisher (AI)
[COMBAT_LOG] {"ts":1770378180659,"event":"TURN_START","turn":10,"round":2,"unit":"enemy_goblin","unit_name":"Goblin Skirmisher","faction":"Hostile","hp":11,"max_hp":22,"ap":"Action | Bonus | Reaction | Move:30/30","pos":[7,0,33]}
[RealtimeAIController] Turn started for Goblin Skirmisher
[COMBAT_LOG] {"ts":1770378180660,"event":"DECISION","unit":"enemy_goblin","action":"Attack","target":"player_mage","score":1.0399588}
[RealtimeAIController] Goblin Skirmisher -> Attack (#1) score:1.04
[CombatArena] ExecuteAbility: enemy_goblin -> basic_attack -> player_mage
[CombatArena] [STATE] AIDecision -> ActionExecution
[RealtimeAIController] State: AIDecision -> ActionExecution
[CombatArena] Goblin Skirmisher used basic_attack on Mage: damage:10
[CombatArena] ClearSelection called
[AutoBattlerManager] Action: enemy_goblin -> Attack:basic_attack->player_mage (OK)
[CombatArena] [STATE] ActionExecution -> AIDecision
[RealtimeAIController] State: ActionExecution -> AIDecision
[COMBAT_LOG] {"ts":1770378181359,"event":"DECISION","unit":"enemy_goblin","action":"Move","target":"(37, 0, 33)","score":0.6551807}
[RealtimeAIController] Goblin Skirmisher -> Move (#2) score:0.66
[CombatArena] ExecuteMovement: enemy_goblin -> (37, 0, 33)
[CombatArena] [STATE] AIDecision -> ActionExecution
[RealtimeAIController] State: AIDecision -> ActionExecution
[CombatArena] Goblin Skirmisher moved from (7, 0, 33) to (37, 0, 33), distance: 30.0
[CombatArena] [STATE] ActionExecution -> AIDecision
[RealtimeAIController] State: ActionExecution -> AIDecision
[AutoBattlerManager] Action: enemy_goblin -> Move to (37, 0, 33) (OK)
[COMBAT_LOG] {"ts":1770378181461,"event":"DECISION","unit":"enemy_goblin","action":"EndTurn","score":0.10076312}
[RealtimeAIController] Goblin Skirmisher -> EndTurn (#3) score:0.10
[RealtimeAIController] Calling EndCurrentTurn()
[CombatArena] [STATE] AIDecision -> TurnEnd
[RealtimeAIController] State: AIDecision -> TurnEnd
[CombatArena] [TURN] Round 2, Fighter
[CombatArena] [STATE] TurnEnd -> TurnStart
[RealtimeAIController] State: TurnEnd -> TurnStart
[CombatArena] [STATE] TurnStart -> PlayerDecision
[RealtimeAIController] State: TurnStart -> PlayerDecision
[CombatArena] Camera focusing on Fighter via hooks
[CombatArena] SelectCombatant called: player_fighter
[CombatArena] Selected: player_fighter
[CombatArena] Turn started: Fighter (Player)
[COMBAT_LOG] {"ts":1770378181468,"event":"TURN_START","turn":11,"round":2,"unit":"player_fighter","unit_name":"Fighter","faction":"Player","hp":52,"max_hp":52,"ap":"Action | Bonus | Reaction | Move:30/30","pos":[0,0,-15]}
[RealtimeAIController] Turn started for Fighter
[COMBAT_LOG] {"ts":1770378181468,"event":"DECISION","unit":"player_fighter","action":"Dash","score":3.2836475}
[RealtimeAIController] Fighter -> Dash (#1) score:3.28
[AutoBattlerManager] Action: player_fighter -> Dash (OK)
[COMBAT_LOG] {"ts":1770378181571,"event":"DECISION","unit":"player_fighter","action":"Move","target":"(-30, 0, 15)","score":0.6574719}
[RealtimeAIController] Fighter -> Move (#2) score:0.66
[CombatArena] ExecuteMovement: player_fighter -> (-30, 0, 15)
[CombatArena] [STATE] PlayerDecision -> ActionExecution
[RealtimeAIController] State: PlayerDecision -> ActionExecution
[CombatArena] Fighter moved from (0, 0, -15) to (-30, 0, 15), distance: 42.4
[CombatArena] [STATE] ActionExecution -> PlayerDecision
[RealtimeAIController] State: ActionExecution -> PlayerDecision
[AutoBattlerManager] Action: player_fighter -> Move to (-30, 0, 15) (OK)
[COMBAT_LOG] {"ts":1770378181674,"event":"DECISION","unit":"player_fighter","action":"Move","target":"(-21.213203, 0, 6.2132034)","score":1.2945431}
[RealtimeAIController] Fighter -> Move (#3) score:1.29
[CombatArena] ExecuteMovement: player_fighter -> (-21.213203, 0, 6.2132034)
[CombatArena] [STATE] PlayerDecision -> ActionExecution
[RealtimeAIController] State: PlayerDecision -> ActionExecution
[CombatArena] Fighter moved from (-30, 0, 15) to (-21.213203, 0, 6.2132034), distance: 12.4
[CombatArena] [STATE] ActionExecution -> PlayerDecision
[RealtimeAIController] State: ActionExecution -> PlayerDecision
[AutoBattlerManager] Action: player_fighter -> Move to (-21.213203, 0, 6.2132034) (OK)
[COMBAT_LOG] {"ts":1770378181777,"event":"DECISION","unit":"player_fighter","action":"Move","target":"(-21.213203, 0, 11.36039)","score":1.3128238}
[RealtimeAIController] Fighter -> Move (#4) score:1.31
[CombatArena] ExecuteMovement: player_fighter -> (-21.213203, 0, 11.36039)
[CombatArena] [STATE] PlayerDecision -> ActionExecution
[RealtimeAIController] State: PlayerDecision -> ActionExecution
[CombatArena] Fighter moved from (-21.213203, 0, 6.2132034) to (-21.213203, 0, 11.36039), distance: 5.1
[CombatArena] [STATE] ActionExecution -> PlayerDecision
[RealtimeAIController] State: ActionExecution -> PlayerDecision
[AutoBattlerManager] Action: player_fighter -> Move to (-21.213203, 0, 11.36039) (OK)
[COMBAT_LOG] {"ts":1770378181879,"event":"DECISION","unit":"player_fighter","action":"EndTurn","score":0.10718223}
[RealtimeAIController] Fighter -> EndTurn (#5) score:0.11
[RealtimeAIController] Calling EndCurrentTurn()
[CombatArena] [STATE] PlayerDecision -> TurnEnd
[RealtimeAIController] State: PlayerDecision -> TurnEnd
[CombatArena] [TURN] Round 2, Orc Archer
[CombatArena] [STATE] TurnEnd -> TurnStart
[RealtimeAIController] State: TurnEnd -> TurnStart
[CombatArena] [STATE] TurnStart -> AIDecision
[RealtimeAIController] State: TurnStart -> AIDecision
[CombatArena] Camera focusing on Orc Archer via hooks
[CombatArena] SelectCombatant called: enemy_orc_archer
[CombatArena] Selected: enemy_orc_archer
[CombatArena] Turn started: Orc Archer (AI)
[COMBAT_LOG] {"ts":1770378181886,"event":"TURN_START","turn":12,"round":2,"unit":"enemy_orc_archer","unit_name":"Orc Archer","faction":"Hostile","hp":30,"max_hp":30,"ap":"Action | Bonus | Reaction | Move:30/30","pos":[18.94932,0,16.568604]}
[RealtimeAIController] Turn started for Orc Archer
[COMBAT_LOG] {"ts":1770378181886,"event":"DECISION","unit":"enemy_orc_archer","action":"Attack","target":"player_mage","score":2.4271264}
[RealtimeAIController] Orc Archer -> Attack (#1) score:2.43
[CombatArena] ExecuteAbility: enemy_orc_archer -> basic_attack -> player_mage
[CombatArena] [STATE] AIDecision -> ActionExecution
[RealtimeAIController] State: AIDecision -> ActionExecution
[CombatArena] Orc Archer used basic_attack on Mage: damage:9
[CombatArena] ClearSelection called
[AutoBattlerManager] Action: enemy_orc_archer -> Attack:basic_attack->player_mage (OK)
[CombatArena] [STATE] ActionExecution -> AIDecision
[RealtimeAIController] State: ActionExecution -> AIDecision
[COMBAT_LOG] {"ts":1770378182585,"event":"DECISION","unit":"enemy_orc_archer","action":"Move","target":"(3.9493198, 0, 31.568604)","score":1.3090506}
[RealtimeAIController] Orc Archer -> Move (#2) score:1.31
[CombatArena] ExecuteMovement: enemy_orc_archer -> (3.9493198, 0, 31.568604)
[CombatArena] [STATE] AIDecision -> ActionExecution
[RealtimeAIController] State: AIDecision -> ActionExecution
[CombatArena] Orc Archer moved from (18.94932, 0, 16.568604) to (3.9493198, 0, 31.568604), distance: 21.2
[CombatArena] [STATE] ActionExecution -> AIDecision
[RealtimeAIController] State: ActionExecution -> AIDecision
[AutoBattlerManager] Action: enemy_orc_archer -> Move to (3.9493198, 0, 31.568604) (OK)
[COMBAT_LOG] {"ts":1770378182688,"event":"DECISION","unit":"enemy_orc_archer","action":"Move","target":"(8.342718, 0, 35.962)","score":1.2971836}
[RealtimeAIController] Orc Archer -> Move (#3) score:1.30
[CombatArena] ExecuteMovement: enemy_orc_archer -> (8.342718, 0, 35.962)
[CombatArena] [STATE] AIDecision -> ActionExecution
[RealtimeAIController] State: AIDecision -> ActionExecution
[CombatArena] Orc Archer moved from (3.9493198, 0, 31.568604) to (8.342718, 0, 35.962), distance: 6.2
[CombatArena] [STATE] ActionExecution -> AIDecision
[RealtimeAIController] State: ActionExecution -> AIDecision
[AutoBattlerManager] Action: enemy_orc_archer -> Move to (8.342718, 0, 35.962) (OK)
[COMBAT_LOG] {"ts":1770378182791,"event":"DECISION","unit":"enemy_orc_archer","action":"Move","target":"(8.342718, 0, 38.535595)","score":1.313307}
[RealtimeAIController] Orc Archer -> Move (#4) score:1.31
[CombatArena] ExecuteMovement: enemy_orc_archer -> (8.342718, 0, 38.535595)
[CombatArena] [STATE] AIDecision -> ActionExecution
[RealtimeAIController] State: AIDecision -> ActionExecution
[CombatArena] Orc Archer moved from (8.342718, 0, 35.962) to (8.342718, 0, 38.535595), distance: 2.6
[CombatArena] [STATE] ActionExecution -> AIDecision
[RealtimeAIController] State: ActionExecution -> AIDecision
[AutoBattlerManager] Action: enemy_orc_archer -> Move to (8.342718, 0, 38.535595) (OK)
[COMBAT_LOG] {"ts":1770378182893,"event":"DECISION","unit":"enemy_orc_archer","action":"EndTurn","score":0.10120944}
[RealtimeAIController] Orc Archer -> EndTurn (#5) score:0.10
[RealtimeAIController] Calling EndCurrentTurn()
[CombatArena] [STATE] AIDecision -> TurnEnd
[RealtimeAIController] State: AIDecision -> TurnEnd
[CombatArena] [TURN] Round 2, Goblin Shaman
[CombatArena] [STATE] TurnEnd -> TurnStart
[RealtimeAIController] State: TurnEnd -> TurnStart
[CombatArena] [STATE] TurnStart -> AIDecision
[RealtimeAIController] State: TurnStart -> AIDecision
[CombatArena] Camera focusing on Goblin Shaman via hooks
[CombatArena] SelectCombatant called: enemy_shaman
[CombatArena] Selected: enemy_shaman
[CombatArena] Turn started: Goblin Shaman (AI)
[COMBAT_LOG] {"ts":1770378182900,"event":"TURN_START","turn":13,"round":2,"unit":"enemy_shaman","unit_name":"Goblin Shaman","faction":"Hostile","hp":28,"max_hp":28,"ap":"Action | Bonus | Reaction | Move:30/30","pos":[-20.01035,0,10.889358]}
[RealtimeAIController] Turn started for Goblin Shaman
[COMBAT_LOG] {"ts":1770378182901,"event":"DECISION","unit":"enemy_shaman","action":"Attack","target":"player_mage","score":8.99886}
[RealtimeAIController] Goblin Shaman -> Attack (#1) score:9.00
[CombatArena] ExecuteAbility: enemy_shaman -> basic_attack -> player_mage
[CombatArena] [STATE] AIDecision -> ActionExecution
[RealtimeAIController] State: AIDecision -> ActionExecution
[CombatArena] Goblin Shaman used basic_attack on Mage: damage:7
[CombatArena] ClearSelection called
[AutoBattlerManager] Action: enemy_shaman -> Attack:basic_attack->player_mage (OK)
[CombatArena] [STATE] ActionExecution -> AIDecision
[RealtimeAIController] State: ActionExecution -> AIDecision
[COMBAT_LOG] {"ts":1770378183617,"event":"DECISION","unit":"enemy_shaman","action":"Move","target":"(9.989651, 0, 10.889358)","score":0.6588906}
[RealtimeAIController] Goblin Shaman -> Move (#2) score:0.66
[CombatArena] ExecuteMovement: enemy_shaman -> (9.989651, 0, 10.889358)
[CombatArena] [STATE] AIDecision -> ActionExecution
[RealtimeAIController] State: AIDecision -> ActionExecution
[CombatArena] Goblin Shaman moved from (-20.01035, 0, 10.889358) to (9.989651, 0, 10.889358), distance: 30.0
[CombatArena] [STATE] ActionExecution -> AIDecision
[RealtimeAIController] State: ActionExecution -> AIDecision
[AutoBattlerManager] Action: enemy_shaman -> Move to (9.989651, 0, 10.889358) (OK)
[COMBAT_LOG] {"ts":1770378183723,"event":"DECISION","unit":"enemy_shaman","action":"EndTurn","score":0.10711088}
[RealtimeAIController] Goblin Shaman -> EndTurn (#3) score:0.11
[RealtimeAIController] Calling EndCurrentTurn()
[CombatArena] [STATE] AIDecision -> TurnEnd
[RealtimeAIController] State: AIDecision -> TurnEnd
[CombatArena] [TURN] Round 2, Orc Brute
[CombatArena] [STATE] TurnEnd -> TurnStart
[RealtimeAIController] State: TurnEnd -> TurnStart
[CombatArena] [STATE] TurnStart -> AIDecision
[RealtimeAIController] State: TurnStart -> AIDecision
[CombatArena] Camera focusing on Orc Brute via hooks
[CombatArena] SelectCombatant called: enemy_orc_brute
[CombatArena] Selected: enemy_orc_brute
[CombatArena] Turn started: Orc Brute (AI)
[COMBAT_LOG] {"ts":1770378183730,"event":"TURN_START","turn":14,"round":2,"unit":"enemy_orc_brute","unit_name":"Orc Brute","faction":"Hostile","hp":43,"max_hp":48,"ap":"Action | Bonus | Reaction | Move:30/30","pos":[14.213203,0,15]}
[RealtimeAIController] Turn started for Orc Brute
[COMBAT_LOG] {"ts":1770378183731,"event":"DECISION","unit":"enemy_orc_brute","action":"Attack","target":"player_rogue","score":1.0085413}
[RealtimeAIController] Orc Brute -> Attack (#1) score:1.01
[CombatArena] ExecuteAbility: enemy_orc_brute -> basic_attack -> player_rogue
[CombatArena] [STATE] AIDecision -> ActionExecution
[RealtimeAIController] State: AIDecision -> ActionExecution
[CombatArena] Orc Brute used basic_attack on Rogue: damage:8
[CombatArena] ClearSelection called
[AutoBattlerManager] Action: enemy_orc_brute -> Attack:basic_attack->player_rogue (OK)
[CombatArena] [STATE] ActionExecution -> AIDecision
[RealtimeAIController] State: ActionExecution -> AIDecision
[COMBAT_LOG] {"ts":1770378184449,"event":"DECISION","unit":"enemy_orc_brute","action":"Move","target":"(-15.786797, 0, 15)","score":0.6540357}
[RealtimeAIController] Orc Brute -> Move (#2) score:0.65
[CombatArena] ExecuteMovement: enemy_orc_brute -> (-15.786797, 0, 15)
[CombatArena] [STATE] AIDecision -> ActionExecution
[RealtimeAIController] State: AIDecision -> ActionExecution
[CombatArena] Orc Brute moved from (14.213203, 0, 15) to (-15.786797, 0, 15), distance: 30.0
[CombatArena] [STATE] ActionExecution -> AIDecision
[RealtimeAIController] State: ActionExecution -> AIDecision
[AutoBattlerManager] Action: enemy_orc_brute -> Move to (-15.786797, 0, 15) (OK)
[COMBAT_LOG] {"ts":1770378184555,"event":"DECISION","unit":"enemy_orc_brute","action":"EndTurn","score":0.10862801}
[RealtimeAIController] Orc Brute -> EndTurn (#3) score:0.11
[RealtimeAIController] Calling EndCurrentTurn()
[CombatArena] [STATE] AIDecision -> TurnEnd
[RealtimeAIController] State: AIDecision -> TurnEnd
[CombatArena] [TURN] Round 2, Cleric
[CombatArena] [STATE] TurnEnd -> TurnStart
[RealtimeAIController] State: TurnEnd -> TurnStart
[CombatArena] [STATE] TurnStart -> PlayerDecision
[RealtimeAIController] State: TurnStart -> PlayerDecision
[CombatArena] Camera focusing on Cleric via hooks
[CombatArena] SelectCombatant called: player_cleric
[CombatArena] Selected: player_cleric
[CombatArena] Turn started: Cleric (Player)
[COMBAT_LOG] {"ts":1770378184562,"event":"TURN_START","turn":15,"round":2,"unit":"player_cleric","unit_name":"Cleric","faction":"Player","hp":34,"max_hp":44,"ap":"Action | Bonus | Reaction | Move:30/30","pos":[4.4136887,0,33.8566]}
[RealtimeAIController] Turn started for Cleric
[COMBAT_LOG] {"ts":1770378184562,"event":"DECISION","unit":"player_cleric","action":"Move","target":"(34.41369, 0, 33.8566)","score":1.2831447}
[RealtimeAIController] Cleric -> Move (#1) score:1.28
[CombatArena] ExecuteMovement: player_cleric -> (34.41369, 0, 33.8566)
[CombatArena] [STATE] PlayerDecision -> ActionExecution
[RealtimeAIController] State: PlayerDecision -> ActionExecution
[CombatArena] Cleric moved from (4.4136887, 0, 33.8566) to (34.41369, 0, 33.8566), distance: 30.0
[CombatArena] [STATE] ActionExecution -> PlayerDecision
[RealtimeAIController] State: ActionExecution -> PlayerDecision
[AutoBattlerManager] Action: player_cleric -> Move to (34.41369, 0, 33.8566) (OK)
[COMBAT_LOG] {"ts":1770378184667,"event":"DECISION","unit":"player_cleric","action":"Dash","score":3.2547803}
[RealtimeAIController] Cleric -> Dash (#2) score:3.25
[AutoBattlerManager] Action: player_cleric -> Dash (OK)
[COMBAT_LOG] {"ts":1770378184773,"event":"DECISION","unit":"player_cleric","action":"Move","target":"(49.41369, 0, 33.8566)","score":0.6582729}
[RealtimeAIController] Cleric -> Move (#3) score:0.66
[CombatArena] ExecuteMovement: player_cleric -> (49.41369, 0, 33.8566)
[CombatArena] [STATE] PlayerDecision -> ActionExecution
[RealtimeAIController] State: PlayerDecision -> ActionExecution
[CombatArena] Cleric moved from (34.41369, 0, 33.8566) to (49.41369, 0, 33.8566), distance: 15.0
[CombatArena] [STATE] ActionExecution -> PlayerDecision
[RealtimeAIController] State: ActionExecution -> PlayerDecision
[AutoBattlerManager] Action: player_cleric -> Move to (49.41369, 0, 33.8566) (OK)
[COMBAT_LOG] {"ts":1770378184878,"event":"DECISION","unit":"player_cleric","action":"Move","target":"(34.41369, 0, 33.8566)","score":1.2630538}
[RealtimeAIController] Cleric -> Move (#4) score:1.26
[CombatArena] ExecuteMovement: player_cleric -> (34.41369, 0, 33.8566)
[CombatArena] [STATE] PlayerDecision -> ActionExecution
[RealtimeAIController] State: PlayerDecision -> ActionExecution
[CombatArena] Cleric moved from (49.41369, 0, 33.8566) to (34.41369, 0, 33.8566), distance: 15.0
[CombatArena] [STATE] ActionExecution -> PlayerDecision
[RealtimeAIController] State: ActionExecution -> PlayerDecision
[AutoBattlerManager] Action: player_cleric -> Move to (34.41369, 0, 33.8566) (OK)
[COMBAT_LOG] {"ts":1770378184984,"event":"DECISION","unit":"player_cleric","action":"EndTurn","score":0.10550165}
[RealtimeAIController] Cleric -> EndTurn (#5) score:0.11
[RealtimeAIController] Calling EndCurrentTurn()
[CombatArena] [STATE] PlayerDecision -> TurnEnd
[RealtimeAIController] State: PlayerDecision -> TurnEnd
[CombatArena] [TURN] Round 3, Rogue
[CombatArena] [STATE] TurnEnd -> RoundEnd
[RealtimeAIController] State: TurnEnd -> RoundEnd
[CombatArena] [STATE] RoundEnd -> TurnStart
[RealtimeAIController] State: RoundEnd -> TurnStart
[CombatArena] Round 3: Reset reactions for all combatants
[CombatArena] [STATE] TurnStart -> PlayerDecision
[RealtimeAIController] State: TurnStart -> PlayerDecision
[CombatArena] Camera focusing on Rogue via hooks
[CombatArena] SelectCombatant called: player_rogue
[CombatArena] Selected: player_rogue
[CombatArena] Turn started: Rogue (Player)
[COMBAT_LOG] {"ts":1770378184991,"event":"TURN_START","turn":16,"round":3,"unit":"player_rogue","unit_name":"Rogue","faction":"Player","hp":28,"max_hp":36,"ap":"Action | Bonus | Reaction | Move:30/30","pos":[14.803301,0,16.483496]}
[RealtimeAIController] Turn started for Rogue
[COMBAT_LOG] {"ts":1770378184991,"event":"DECISION","unit":"player_rogue","action":"Move","target":"(-15.196699, 0, 16.483496)","score":1.2378651}
[RealtimeAIController] Rogue -> Move (#1) score:1.24
[CombatArena] ExecuteMovement: player_rogue -> (-15.196699, 0, 16.483496)
[CombatArena] [STATE] PlayerDecision -> ActionExecution
[RealtimeAIController] State: PlayerDecision -> ActionExecution
[CombatArena] Rogue moved from (14.803301, 0, 16.483496) to (-15.196699, 0, 16.483496), distance: 30.0
[CombatArena] [STATE] ActionExecution -> PlayerDecision
[RealtimeAIController] State: ActionExecution -> PlayerDecision
[AutoBattlerManager] Action: player_rogue -> Move to (-15.196699, 0, 16.483496) (OK)
[COMBAT_LOG] {"ts":1770378185096,"event":"DECISION","unit":"player_rogue","action":"Dash","score":3.0781593}
[RealtimeAIController] Rogue -> Dash (#2) score:3.08
[AutoBattlerManager] Action: player_rogue -> Dash (OK)
[COMBAT_LOG] {"ts":1770378185201,"event":"DECISION","unit":"player_rogue","action":"Move","target":"(-15.196699, 0, 1.4834957)","score":0.64326}
[RealtimeAIController] Rogue -> Move (#3) score:0.64
[CombatArena] ExecuteMovement: player_rogue -> (-15.196699, 0, 1.4834957)
[CombatArena] [STATE] PlayerDecision -> ActionExecution
[RealtimeAIController] State: PlayerDecision -> ActionExecution
[CombatArena] Rogue moved from (-15.196699, 0, 16.483496) to (-15.196699, 0, 1.4834957), distance: 15.0
[CombatArena] [STATE] ActionExecution -> PlayerDecision
[RealtimeAIController] State: ActionExecution -> PlayerDecision
[AutoBattlerManager] Action: player_rogue -> Move to (-15.196699, 0, 1.4834957) (OK)
[COMBAT_LOG] {"ts":1770378185307,"event":"DECISION","unit":"player_rogue","action":"Move","target":"(-15.196699, 0, 16.483496)","score":1.3064522}
[RealtimeAIController] Rogue -> Move (#4) score:1.31
[CombatArena] ExecuteMovement: player_rogue -> (-15.196699, 0, 16.483496)
[CombatArena] [STATE] PlayerDecision -> ActionExecution
[RealtimeAIController] State: PlayerDecision -> ActionExecution
[CombatArena] Rogue moved from (-15.196699, 0, 1.4834957) to (-15.196699, 0, 16.483496), distance: 15.0
[CombatArena] [STATE] ActionExecution -> PlayerDecision
[RealtimeAIController] State: ActionExecution -> PlayerDecision
[AutoBattlerManager] Action: player_rogue -> Move to (-15.196699, 0, 16.483496) (OK)
[COMBAT_LOG] {"ts":1770378185412,"event":"DECISION","unit":"player_rogue","action":"EndTurn","score":0.10581101}
[RealtimeAIController] Rogue -> EndTurn (#5) score:0.11
[RealtimeAIController] Calling EndCurrentTurn()
[CombatArena] [STATE] PlayerDecision -> TurnEnd
[RealtimeAIController] State: PlayerDecision -> TurnEnd
[CombatArena] [TURN] Round 3, Goblin Skirmisher
[CombatArena] [STATE] TurnEnd -> TurnStart
[RealtimeAIController] State: TurnEnd -> TurnStart
[CombatArena] [STATE] TurnStart -> AIDecision
[RealtimeAIController] State: TurnStart -> AIDecision
[CombatArena] Camera focusing on Goblin Skirmisher via hooks
[CombatArena] SelectCombatant called: enemy_goblin
[CombatArena] Selected: enemy_goblin
[CombatArena] Turn started: Goblin Skirmisher (AI)
[COMBAT_LOG] {"ts":1770378185419,"event":"TURN_START","turn":17,"round":3,"unit":"enemy_goblin","unit_name":"Goblin Skirmisher","faction":"Hostile","hp":11,"max_hp":22,"ap":"Action | Bonus | Reaction | Move:30/30","pos":[37,0,33]}
[RealtimeAIController] Turn started for Goblin Skirmisher
[COMBAT_LOG] {"ts":1770378185419,"event":"DECISION","unit":"enemy_goblin","action":"Attack","target":"player_cleric","score":1.0576395}
[RealtimeAIController] Goblin Skirmisher -> Attack (#1) score:1.06
[CombatArena] ExecuteAbility: enemy_goblin -> basic_attack -> player_cleric
[CombatArena] [STATE] AIDecision -> ActionExecution
[RealtimeAIController] State: AIDecision -> ActionExecution
[CombatArena] Goblin Skirmisher used basic_attack on Cleric: damage:5
[CombatArena] ClearSelection called
[AutoBattlerManager] Action: enemy_goblin -> Attack:basic_attack->player_cleric (OK)
[CombatArena] [STATE] ActionExecution -> AIDecision
[RealtimeAIController] State: ActionExecution -> AIDecision
[COMBAT_LOG] {"ts":1770378186134,"event":"DECISION","unit":"enemy_goblin","action":"Move","target":"(52, 0, 48)","score":0.65863144}
[RealtimeAIController] Goblin Skirmisher -> Move (#2) score:0.66
[CombatArena] ExecuteMovement: enemy_goblin -> (52, 0, 48)
[CombatArena] [STATE] AIDecision -> ActionExecution
[RealtimeAIController] State: AIDecision -> ActionExecution
[CombatArena] Goblin Skirmisher moved from (37, 0, 33) to (52, 0, 48), distance: 21.2
[CombatArena] [STATE] ActionExecution -> AIDecision
[RealtimeAIController] State: ActionExecution -> AIDecision
[AutoBattlerManager] Action: enemy_goblin -> Move to (52, 0, 48) (OK)
[COMBAT_LOG] {"ts":1770378186239,"event":"DECISION","unit":"enemy_goblin","action":"Move","target":"(60.786797, 0, 48)","score":0.65964377}
[RealtimeAIController] Goblin Skirmisher -> Move (#3) score:0.66
[CombatArena] ExecuteMovement: enemy_goblin -> (60.786797, 0, 48)
[CombatArena] [STATE] AIDecision -> ActionExecution
[RealtimeAIController] State: AIDecision -> ActionExecution
[CombatArena] Goblin Skirmisher moved from (52, 0, 48) to (60.786797, 0, 48), distance: 8.8
[CombatArena] [STATE] ActionExecution -> AIDecision
[RealtimeAIController] State: ActionExecution -> AIDecision
[AutoBattlerManager] Action: enemy_goblin -> Move to (60.786797, 0, 48) (OK)
[COMBAT_LOG] {"ts":1770378186343,"event":"DECISION","unit":"enemy_goblin","action":"EndTurn","score":0.10865786}
[RealtimeAIController] Goblin Skirmisher -> EndTurn (#4) score:0.11
[RealtimeAIController] Calling EndCurrentTurn()
[CombatArena] [STATE] AIDecision -> TurnEnd
[RealtimeAIController] State: AIDecision -> TurnEnd
[CombatArena] [TURN] Round 3, Fighter
[CombatArena] [STATE] TurnEnd -> TurnStart
[RealtimeAIController] State: TurnEnd -> TurnStart
[CombatArena] [STATE] TurnStart -> PlayerDecision
[RealtimeAIController] State: TurnStart -> PlayerDecision
[CombatArena] Camera focusing on Fighter via hooks
[CombatArena] SelectCombatant called: player_fighter
[CombatArena] Selected: player_fighter
[CombatArena] Turn started: Fighter (Player)
[COMBAT_LOG] {"ts":1770378186350,"event":"TURN_START","turn":18,"round":3,"unit":"player_fighter","unit_name":"Fighter","faction":"Player","hp":52,"max_hp":52,"ap":"Action | Bonus | Reaction | Move:30/30","pos":[-21.213203,0,11.36039]}
[RealtimeAIController] Turn started for Fighter
[COMBAT_LOG] {"ts":1770378186350,"event":"DECISION","unit":"player_fighter","action":"Move","target":"(8.786797, 0, 11.36039)","score":1.2989769}
[RealtimeAIController] Fighter -> Move (#1) score:1.30
[CombatArena] ExecuteMovement: player_fighter -> (8.786797, 0, 11.36039)
[CombatArena] [STATE] PlayerDecision -> ActionExecution
[RealtimeAIController] State: PlayerDecision -> ActionExecution
[CombatArena] Fighter moved from (-21.213203, 0, 11.36039) to (8.786797, 0, 11.36039), distance: 30.0
[CombatArena] [STATE] ActionExecution -> PlayerDecision
[RealtimeAIController] State: ActionExecution -> PlayerDecision
[AutoBattlerManager] Action: player_fighter -> Move to (8.786797, 0, 11.36039) (OK)
[COMBAT_LOG] {"ts":1770378186455,"event":"DECISION","unit":"player_fighter","action":"Dash","score":3.1862252}
[RealtimeAIController] Fighter -> Dash (#2) score:3.19
[AutoBattlerManager] Action: player_fighter -> Dash (OK)
[COMBAT_LOG] {"ts":1770378186560,"event":"DECISION","unit":"player_fighter","action":"Move","target":"(8.786797, 0, 41.36039)","score":1.2917967}
[RealtimeAIController] Fighter -> Move (#3) score:1.29
[CombatArena] ExecuteMovement: player_fighter -> (8.786797, 0, 41.36039)
[CombatArena] [STATE] PlayerDecision -> ActionExecution
[RealtimeAIController] State: PlayerDecision -> ActionExecution
[CombatArena] Fighter moved from (8.786797, 0, 11.36039) to (8.786797, 0, 41.36039), distance: 30.0
[CombatArena] [STATE] ActionExecution -> PlayerDecision
[RealtimeAIController] State: ActionExecution -> PlayerDecision
[AutoBattlerManager] Action: player_fighter -> Move to (8.786797, 0, 41.36039) (OK)
[COMBAT_LOG] {"ts":1770378186665,"event":"DECISION","unit":"player_fighter","action":"EndTurn","score":0.104421586}
[RealtimeAIController] Fighter -> EndTurn (#4) score:0.10
[RealtimeAIController] Calling EndCurrentTurn()
[CombatArena] [STATE] PlayerDecision -> TurnEnd
[RealtimeAIController] State: PlayerDecision -> TurnEnd
[CombatArena] [TURN] Round 3, Orc Archer
[CombatArena] [STATE] TurnEnd -> TurnStart
[RealtimeAIController] State: TurnEnd -> TurnStart
[CombatArena] [STATE] TurnStart -> AIDecision
[RealtimeAIController] State: TurnStart -> AIDecision
[CombatArena] Camera focusing on Orc Archer via hooks
[CombatArena] SelectCombatant called: enemy_orc_archer
[CombatArena] Selected: enemy_orc_archer
[CombatArena] Turn started: Orc Archer (AI)
[COMBAT_LOG] {"ts":1770378186672,"event":"TURN_START","turn":19,"round":3,"unit":"enemy_orc_archer","unit_name":"Orc Archer","faction":"Hostile","hp":30,"max_hp":30,"ap":"Action | Bonus | Reaction | Move:30/30","pos":[8.342718,0,38.535595]}
[RealtimeAIController] Turn started for Orc Archer
[COMBAT_LOG] {"ts":1770378186672,"event":"DECISION","unit":"enemy_orc_archer","action":"Attack","target":"player_cleric","score":1.0480051}
[RealtimeAIController] Orc Archer -> Attack (#1) score:1.05
[CombatArena] ExecuteAbility: enemy_orc_archer -> basic_attack -> player_cleric
[CombatArena] [STATE] AIDecision -> ActionExecution
[RealtimeAIController] State: AIDecision -> ActionExecution
[CombatArena] Orc Archer used basic_attack on Cleric: damage:6
[CombatArena] ClearSelection called
[AutoBattlerManager] Action: enemy_orc_archer -> Attack:basic_attack->player_cleric (OK)
[CombatArena] [STATE] ActionExecution -> AIDecision
[RealtimeAIController] State: ActionExecution -> AIDecision
[COMBAT_LOG] {"ts":1770378187384,"event":"DECISION","unit":"enemy_orc_archer","action":"Move","target":"(-21.657282, 0, 38.535595)","score":0.65594393}
[RealtimeAIController] Orc Archer -> Move (#2) score:0.66
[CombatArena] ExecuteMovement: enemy_orc_archer -> (-21.657282, 0, 38.535595)
[CombatArena] [STATE] AIDecision -> ActionExecution
[RealtimeAIController] State: AIDecision -> ActionExecution
[CombatArena] Orc Archer moved from (8.342718, 0, 38.535595) to (-21.657282, 0, 38.535595), distance: 30.0
[CombatArena] [STATE] ActionExecution -> AIDecision
[RealtimeAIController] State: ActionExecution -> AIDecision
[AutoBattlerManager] Action: enemy_orc_archer -> Move to (-21.657282, 0, 38.535595) (OK)
[COMBAT_LOG] {"ts":1770378187489,"event":"DECISION","unit":"enemy_orc_archer","action":"EndTurn","score":0.101551756}
[RealtimeAIController] Orc Archer -> EndTurn (#3) score:0.10
[RealtimeAIController] Calling EndCurrentTurn()
[CombatArena] [STATE] AIDecision -> TurnEnd
[RealtimeAIController] State: AIDecision -> TurnEnd
[CombatArena] [TURN] Round 3, Goblin Shaman
[CombatArena] [STATE] TurnEnd -> TurnStart
[RealtimeAIController] State: TurnEnd -> TurnStart
[CombatArena] [STATE] TurnStart -> AIDecision
[RealtimeAIController] State: TurnStart -> AIDecision
[CombatArena] Camera focusing on Goblin Shaman via hooks
[CombatArena] SelectCombatant called: enemy_shaman
[CombatArena] Selected: enemy_shaman
[CombatArena] Turn started: Goblin Shaman (AI)
[COMBAT_LOG] {"ts":1770378187496,"event":"TURN_START","turn":20,"round":3,"unit":"enemy_shaman","unit_name":"Goblin Shaman","faction":"Hostile","hp":28,"max_hp":28,"ap":"Action | Bonus | Reaction | Move:30/30","pos":[9.989651,0,10.889358]}
[AutoBattlerManager] Turn limit reached (20)
[AutoBattleWatchdog] Monitoring STOPPED
[RealtimeAIController] Processing DISABLED
[COMBAT_LOG] {"ts":1770378187500,"event":"BATTLE_END","winner":"Draw (timeout)","total_turns":20,"total_rounds":3,"duration_ms":16389}

â•”â•â•â•â•â•â•â•â•â•â•â•â•â•â•â•â•â•â•â•â•â•â•â•â•â•â•â•â•â•â•â•â•â•â•â•â•â•â•â•â•â•â•â•â•â•â•â•â•â•â•â•â•—
â•‘             AUTO-BATTLE RESULTS                   â•‘
â•šâ•â•â•â•â•â•â•â•â•â•â•â•â•â•â•â•â•â•â•â•â•â•â•â•â•â•â•â•â•â•â•â•â•â•â•â•â•â•â•â•â•â•â•â•â•â•â•â•â•â•â•â•

  Winner:       Draw (timeout)
  Total Turns:  20
  Total Rounds: 3
  Duration:     16389ms
  Completed:    False
  End Reason:   max_turns_exceeded
  Seed:         3004

  Surviving Units:
    - Fighter (player_fighter) HP:52/52
    - Cleric (player_cleric) HP:23/44
    - Rogue (player_rogue) HP:28/36
    - Orc Brute (enemy_orc_brute) HP:43/48
    - Orc Archer (enemy_orc_archer) HP:30/30
    - Goblin Skirmisher (enemy_goblin) HP:11/22
    - Goblin Shaman (enemy_shaman) HP:28/28

AUTO-BATTLE: FAILED (max_turns_exceeded)
[RealtimeAIController] Turn started for Goblin Shaman
[RealtimeAIController] Goblin Shaman -> Move (#1) score:1.28
[CombatArena] ExecuteMovement: enemy_shaman -> (9.989651, 0, 40.88936)
[CombatArena] [STATE] AIDecision -> ActionExecution
[RealtimeAIController] State: AIDecision -> ActionExecution
[CombatArena] Goblin Shaman moved from (9.989651, 0, 10.889358) to (9.989651, 0, 40.88936), distance: 30.0
[CombatArena] [STATE] ActionExecution -> AIDecision
[RealtimeAIController] State: ActionExecution -> AIDecision
[AutoBattlerManager] Action: enemy_shaman -> Move to (9.989651, 0, 40.88936) (OK)
