[0;32m[INFO][0m Using Godot: godot
[0;32m[INFO][0m Project dir: /home/martin/repos/qdnd
[0;32m[INFO][0m Running auto-battle...
[0;36mâ•â•â•â•â•â•â•â•â•â•â•â•â•â•â•â•â•â•â•â•â•â•â•â•â•â•â•â•â•â•â•â•â•â•â•â•â•â•â•â•â•â•â•â•â•â•â•â•â•â•â•[0m
Godot Engine v4.6.stable.mono.official.89cea1439 - https://godotengine.org

[CLIEntryPoint] Raw args: res://Tools/CLIRunner.tscn
[CLIEntryPoint] User args: --run-autobattle --seed 3010 --freeze-timeout 10 --loop-threshold 20 --max-turns 20 --log-file artifacts/autobattle/stress4/seed_3010.jsonl
[CLIEntryPoint] Parsed args: run-autobattle=true, seed=3010, freeze-timeout=10, loop-threshold=20, max-turns=20, log-file=artifacts/autobattle/stress4/seed_3010.jsonl
[CLIEntryPoint] Checking modes: run-tests=False, run-simulation=False, run-autobattle=True
=== IN-ENGINE AUTO-BATTLE RUN ===
Timestamp: 2026-02-06T11:44:24.6907191Z
NOTE: Running the REAL CombatArena.tscn scene with AI control.

Seed: 3010
Scenario: res://Data/Scenarios/autobattle_4v4.json
Log file: artifacts/autobattle/stress4/seed_3010.jsonl
Max rounds: 100
Max turns: 20
Watchdog freeze timeout: 10s
Watchdog loop threshold: 20

[AutoBattlerManager] === STARTING IN-ENGINE AUTO-BATTLE ===
[AutoBattlerManager] Seed: 3010
[AutoBattlerManager] Scenario: res://Data/Scenarios/autobattle_4v4.json
[AutoBattlerManager] Loading scene: res://Combat/Arena/CombatArena.tscn
[CombatArena] === COMBAT ARENA INITIALIZING ===
[CombatArena] Ground collision plane created (100x100m at Y=0)
[CombatArena] CombatContext created
[CombatContext] Registered service: CombatStateMachine
[CombatContext] Registered service: TurnQueueService
[CombatContext] Registered service: CommandService
[CombatContext] Registered service: CombatLog
[CombatContext] Registered service: ScenarioLoader
[Registry] Loaded from /home/martin/repos/qdnd/Data:
  - 7 abilities
  - 6 statuses
  - 20 scenarios
[INFO] [Registry] Dependencies: Checked 7 abilities, 6 statuses, 20 scenarios
[Registry] Validation complete: 0 errors, 0 warnings
[CombatContext] Registered service: DataRegistry
[CombatContext] Registered service: RulesEngine
[CombatContext] Registered service: StatusManager
[CombatContext] Registered service: EffectPipeline
[CombatContext] Registered service: TargetValidator
[CombatContext] Registered service: ReactionSystem
[CombatContext] Registered service: LOSService
[CombatContext] Registered service: HeightService
[CombatContext] Registered service: AIDecisionPipeline
[CombatContext] Registered service: MovementService
[CombatContext] Registered service: SurfaceManager
[CombatContext] Registered service: PresentationRequestBus
[CombatContext] Registered service: CameraStateHooks
[CombatArena] UI Models initialized
[CombatArena] Services registered: 18
[CombatArena] Loaded scenario: 8 combatants
[CombatArena] Loaded scenario from: res://Data/Scenarios/autobattle_4v4.json
[CombatArena] Registered default abilities: basic_attack, ranged_attack, power_strike
[CombatArena] Instantiating visual from scene for Fighter
[CombatantVisual] CollisionShape3D found for Fighter
[CombatantVisual] Fighter initialized - Layer: 2, Mask: 0, Pickable: True, HasShape: True
[CombatArena] Spawned visual for Fighter at (0, 0, 0), Layer: 2, InTree: True
[CombatArena] Instantiating visual from scene for Mage
[CombatantVisual] CollisionShape3D found for Mage
[CombatantVisual] Mage initialized - Layer: 2, Mask: 0, Pickable: True, HasShape: True
[CombatArena] Spawned visual for Mage at (-3, 0, -1), Layer: 2, InTree: True
[CombatArena] Instantiating visual from scene for Cleric
[CombatantVisual] CollisionShape3D found for Cleric
[CombatantVisual] Cleric initialized - Layer: 2, Mask: 0, Pickable: True, HasShape: True
[CombatArena] Spawned visual for Cleric at (-1, 0, -3), Layer: 2, InTree: True
[CombatArena] Instantiating visual from scene for Rogue
[CombatantVisual] CollisionShape3D found for Rogue
[CombatantVisual] Rogue initialized - Layer: 2, Mask: 0, Pickable: True, HasShape: True
[CombatArena] Spawned visual for Rogue at (2, 0, -2), Layer: 2, InTree: True
[CombatArena] Instantiating visual from scene for Orc Brute
[CombatantVisual] CollisionShape3D found for Orc Brute
[CombatantVisual] Orc Brute initialized - Layer: 2, Mask: 0, Pickable: True, HasShape: True
[CombatArena] Spawned visual for Orc Brute at (8, 0, 0), Layer: 2, InTree: True
[CombatArena] Instantiating visual from scene for Orc Archer
[CombatantVisual] CollisionShape3D found for Orc Archer
[CombatantVisual] Orc Archer initialized - Layer: 2, Mask: 0, Pickable: True, HasShape: True
[CombatArena] Spawned visual for Orc Archer at (10, 0, 2), Layer: 2, InTree: True
[CombatArena] Instantiating visual from scene for Goblin Skirmisher
[CombatantVisual] CollisionShape3D found for Goblin Skirmisher
[CombatantVisual] Goblin Skirmisher initialized - Layer: 2, Mask: 0, Pickable: True, HasShape: True
[CombatArena] Spawned visual for Goblin Skirmisher at (7, 0, 3), Layer: 2, InTree: True
[CombatArena] Instantiating visual from scene for Goblin Shaman
[CombatantVisual] CollisionShape3D found for Goblin Shaman
[CombatantVisual] Goblin Shaman initialized - Layer: 2, Mask: 0, Pickable: True, HasShape: True
[CombatArena] Spawned visual for Goblin Shaman at (10, 0, -1), Layer: 2, InTree: True
[CombatArena] [STATE] NotInCombat -> CombatStart
[CombatArena] [TURN] Round 1, Rogue
[CombatArena] [STATE] CombatStart -> TurnStart
[CombatArena] Round 1: Reset reactions for all combatants
[CombatArena] [STATE] TurnStart -> PlayerDecision
[CombatArena] Camera focusing on Rogue via hooks
[CombatArena] SelectCombatant called: player_rogue
[CombatArena] Selected: player_rogue
[CombatArena] Turn started: Rogue (Player)
[CombatArena] === COMBAT ARENA READY ===
[AutoBattlerManager] CombatArena added to scene tree
[AutoBattleWatchdog] Ready
[AutoBattlerManager] Watchdog created
[RealtimeAIController] Ready
[AutoBattlerManager] RealtimeAIController created
[AutoBattleWatchdog] Monitoring STARTED (freeze: 10s, loop: 20 in 1s)
[AutoBattlerManager] Scene loaded, waiting for combat to start...
[AutoBattlerManager] Arena ready, attaching AI controller...
[RealtimeAIController] Subscribed to state machine
[RealtimeAIController] Attached to CombatArena
[COMBAT_LOG] {"ts":1770378264930,"event":"BATTLE_START","seed":3010,"units":[{"id":"player_fighter","name":"Fighter","faction":"Player","hp":52,"max_hp":52,"pos":[0,0,0],"alive":true},{"id":"player_mage","name":"Mage","faction":"Player","hp":32,"max_hp":32,"pos":[-3,0,-1],"alive":true},{"id":"player_cleric","name":"Cleric","faction":"Player","hp":44,"max_hp":44,"pos":[-1,0,-3],"alive":true},{"id":"player_rogue","name":"Rogue","faction":"Player","hp":36,"max_hp":36,"pos":[2,0,-2],"alive":true},{"id":"enemy_orc_brute","name":"Orc Brute","faction":"Hostile","hp":48,"max_hp":48,"pos":[8,0,0],"alive":true},{"id":"enemy_orc_archer","name":"Orc Archer","faction":"Hostile","hp":30,"max_hp":30,"pos":[10,0,2],"alive":true},{"id":"enemy_goblin","name":"Goblin Skirmisher","faction":"Hostile","hp":22,"max_hp":22,"pos":[7,0,3],"alive":true},{"id":"enemy_shaman","name":"Goblin Shaman","faction":"Hostile","hp":28,"max_hp":28,"pos":[10,0,-1],"alive":true}]}
[AutoBattlerManager] Enabling AI processing...
[RealtimeAIController] Processing ENABLED
[COMBAT_LOG] {"ts":1770378265281,"event":"TURN_START","turn":1,"round":1,"unit":"player_rogue","unit_name":"Rogue","faction":"Player","hp":36,"max_hp":36,"ap":"Action | Bonus | Reaction | Move:30/30","pos":[2,0,-2]}
[RealtimeAIController] Turn started for Rogue
[COMBAT_LOG] {"ts":1770378265291,"event":"DECISION","unit":"player_rogue","action":"Attack","target":"enemy_orc_brute","score":0.7144526}
[RealtimeAIController] Rogue -> Attack (#1) score:0.71
[CombatArena] ExecuteAbility: player_rogue -> basic_attack -> enemy_orc_brute
[CombatArena] [STATE] PlayerDecision -> ActionExecution
[RealtimeAIController] State: PlayerDecision -> ActionExecution
[CombatArena] Rogue used basic_attack on Orc Brute: damage:6
[CombatArena] ClearSelection called
[AutoBattlerManager] Action: player_rogue -> Attack:basic_attack->enemy_orc_brute (OK)
[CombatArena] [STATE] ActionExecution -> PlayerDecision
[RealtimeAIController] State: ActionExecution -> PlayerDecision
[COMBAT_LOG] {"ts":1770378265968,"event":"DECISION","unit":"player_rogue","action":"Move","target":"(17, 0, -17)","score":0.65941423}
[RealtimeAIController] Rogue -> Move (#2) score:0.66
[CombatArena] ExecuteMovement: player_rogue -> (17, 0, -17)
[CombatArena] [STATE] PlayerDecision -> ActionExecution
[RealtimeAIController] State: PlayerDecision -> ActionExecution
[CombatArena] Rogue moved from (2, 0, -2) to (17, 0, -17), distance: 21.2
[CombatArena] [STATE] ActionExecution -> PlayerDecision
[RealtimeAIController] State: ActionExecution -> PlayerDecision
[AutoBattlerManager] Action: player_rogue -> Move to (17, 0, -17) (OK)
[COMBAT_LOG] {"ts":1770378266071,"event":"DECISION","unit":"player_rogue","action":"Move","target":"(21.393398, 0, -12.606602)","score":0.658943}
[RealtimeAIController] Rogue -> Move (#3) score:0.66
[CombatArena] ExecuteMovement: player_rogue -> (21.393398, 0, -12.606602)
[CombatArena] [STATE] PlayerDecision -> ActionExecution
[RealtimeAIController] State: PlayerDecision -> ActionExecution
[CombatArena] Rogue moved from (17, 0, -17) to (21.393398, 0, -12.606602), distance: 6.2
[CombatArena] [STATE] ActionExecution -> PlayerDecision
[RealtimeAIController] State: ActionExecution -> PlayerDecision
[AutoBattlerManager] Action: player_rogue -> Move to (21.393398, 0, -12.606602) (OK)
[COMBAT_LOG] {"ts":1770378266174,"event":"DECISION","unit":"player_rogue","action":"Move","target":"(23.966991, 0, -12.606602)","score":0.6384946}
[RealtimeAIController] Rogue -> Move (#4) score:0.64
[CombatArena] ExecuteMovement: player_rogue -> (23.966991, 0, -12.606602)
[CombatArena] [STATE] PlayerDecision -> ActionExecution
[RealtimeAIController] State: PlayerDecision -> ActionExecution
[CombatArena] Rogue moved from (21.393398, 0, -12.606602) to (23.966991, 0, -12.606602), distance: 2.6
[CombatArena] [STATE] ActionExecution -> PlayerDecision
[RealtimeAIController] State: ActionExecution -> PlayerDecision
[AutoBattlerManager] Action: player_rogue -> Move to (23.966991, 0, -12.606602) (OK)
[COMBAT_LOG] {"ts":1770378266278,"event":"DECISION","unit":"player_rogue","action":"EndTurn","score":0.10136327}
[RealtimeAIController] Rogue -> EndTurn (#5) score:0.10
[RealtimeAIController] Calling EndCurrentTurn()
[CombatArena] [STATE] PlayerDecision -> TurnEnd
[RealtimeAIController] State: PlayerDecision -> TurnEnd
[CombatArena] [TURN] Round 1, Goblin Skirmisher
[CombatArena] [STATE] TurnEnd -> TurnStart
[RealtimeAIController] State: TurnEnd -> TurnStart
[CombatArena] [STATE] TurnStart -> AIDecision
[RealtimeAIController] State: TurnStart -> AIDecision
[CombatArena] Camera focusing on Goblin Skirmisher via hooks
[CombatArena] SelectCombatant called: enemy_goblin
[CombatArena] Selected: enemy_goblin
[CombatArena] Turn started: Goblin Skirmisher (AI)
[COMBAT_LOG] {"ts":1770378266284,"event":"TURN_START","turn":2,"round":1,"unit":"enemy_goblin","unit_name":"Goblin Skirmisher","faction":"Hostile","hp":22,"max_hp":22,"ap":"Action | Bonus | Reaction | Move:30/30","pos":[7,0,3]}
[RealtimeAIController] Turn started for Goblin Skirmisher
[COMBAT_LOG] {"ts":1770378266284,"event":"DECISION","unit":"enemy_goblin","action":"Move","target":"(22, 0, -12)","score":1.2136847}
[RealtimeAIController] Goblin Skirmisher -> Move (#1) score:1.21
[CombatArena] ExecuteMovement: enemy_goblin -> (22, 0, -12)
[CombatArena] [STATE] AIDecision -> ActionExecution
[RealtimeAIController] State: AIDecision -> ActionExecution
[CombatArena] Goblin Skirmisher moved from (7, 0, 3) to (22, 0, -12), distance: 21.2
[CombatArena] [STATE] ActionExecution -> AIDecision
[RealtimeAIController] State: ActionExecution -> AIDecision
[AutoBattlerManager] Action: enemy_goblin -> Move to (22, 0, -12) (OK)
[COMBAT_LOG] {"ts":1770378266387,"event":"DECISION","unit":"enemy_goblin","action":"Move","target":"(26.393398, 0, -16.393398)","score":1.2148434}
[RealtimeAIController] Goblin Skirmisher -> Move (#2) score:1.21
[CombatArena] ExecuteMovement: enemy_goblin -> (26.393398, 0, -16.393398)
[CombatArena] [STATE] AIDecision -> ActionExecution
[RealtimeAIController] State: AIDecision -> ActionExecution
[CombatArena] Goblin Skirmisher moved from (22, 0, -12) to (26.393398, 0, -16.393398), distance: 6.2
[CombatArena] [STATE] ActionExecution -> AIDecision
[RealtimeAIController] State: ActionExecution -> AIDecision
[AutoBattlerManager] Action: enemy_goblin -> Move to (26.393398, 0, -16.393398) (OK)
[COMBAT_LOG] {"ts":1770378266490,"event":"DECISION","unit":"enemy_goblin","action":"Dash","score":3.0832832}
[RealtimeAIController] Goblin Skirmisher -> Dash (#3) score:3.08
[AutoBattlerManager] Action: enemy_goblin -> Dash (OK)
[COMBAT_LOG] {"ts":1770378266593,"event":"DECISION","unit":"enemy_goblin","action":"Move","target":"(42.680195, 0, -0.106601715)","score":0.65951836}
[RealtimeAIController] Goblin Skirmisher -> Move (#4) score:0.66
[CombatArena] ExecuteMovement: enemy_goblin -> (42.680195, 0, -0.106601715)
[CombatArena] [STATE] AIDecision -> ActionExecution
[RealtimeAIController] State: AIDecision -> ActionExecution
[CombatArena] Goblin Skirmisher moved from (26.393398, 0, -16.393398) to (42.680195, 0, -0.106601715), distance: 23.0
[CombatArena] [STATE] ActionExecution -> AIDecision
[RealtimeAIController] State: ActionExecution -> AIDecision
[AutoBattlerManager] Action: enemy_goblin -> Move to (42.680195, 0, -0.106601715) (OK)
[COMBAT_LOG] {"ts":1770378266695,"event":"DECISION","unit":"enemy_goblin","action":"Move","target":"(42.680195, 0, -4.876894)","score":0.64628136}
[RealtimeAIController] Goblin Skirmisher -> Move (#5) score:0.65
[CombatArena] ExecuteMovement: enemy_goblin -> (42.680195, 0, -4.876894)
[CombatArena] [STATE] AIDecision -> ActionExecution
[RealtimeAIController] State: AIDecision -> ActionExecution
[CombatArena] Goblin Skirmisher moved from (42.680195, 0, -0.106601715) to (42.680195, 0, -4.876894), distance: 4.8
[CombatArena] [STATE] ActionExecution -> AIDecision
[RealtimeAIController] State: ActionExecution -> AIDecision
[AutoBattlerManager] Action: enemy_goblin -> Move to (42.680195, 0, -4.876894) (OK)
[COMBAT_LOG] {"ts":1770378266798,"event":"DECISION","unit":"enemy_goblin","action":"Move","target":"(37.909904, 0, -4.876894)","score":0.65726954}
[RealtimeAIController] Goblin Skirmisher -> Move (#6) score:0.66
[CombatArena] ExecuteMovement: enemy_goblin -> (37.909904, 0, -4.876894)
[CombatArena] [STATE] AIDecision -> ActionExecution
[RealtimeAIController] State: AIDecision -> ActionExecution
[CombatArena] Goblin Skirmisher moved from (42.680195, 0, -4.876894) to (37.909904, 0, -4.876894), distance: 4.8
[CombatArena] [STATE] ActionExecution -> AIDecision
[RealtimeAIController] State: ActionExecution -> AIDecision
[AutoBattlerManager] Action: enemy_goblin -> Move to (37.909904, 0, -4.876894) (OK)
[COMBAT_LOG] {"ts":1770378266901,"event":"DECISION","unit":"enemy_goblin","action":"Move","target":"(37.909904, 0, -4.876892)","score":0.6593551}
[RealtimeAIController] Goblin Skirmisher -> Move (#7) score:0.66
[CombatArena] ExecuteMovement: enemy_goblin -> (37.909904, 0, -4.876892)
[CombatArena] [STATE] AIDecision -> ActionExecution
[RealtimeAIController] State: AIDecision -> ActionExecution
[CombatArena] Goblin Skirmisher moved from (37.909904, 0, -4.876894) to (37.909904, 0, -4.876892), distance: 0.0
[CombatArena] [STATE] ActionExecution -> AIDecision
[RealtimeAIController] State: ActionExecution -> AIDecision
[AutoBattlerManager] Action: enemy_goblin -> Move to (37.909904, 0, -4.876892) (OK)
[COMBAT_LOG] {"ts":1770378267004,"event":"DECISION","unit":"enemy_goblin","action":"EndTurn","score":0.107825726}
[RealtimeAIController] Goblin Skirmisher -> EndTurn (#8) score:0.11
[RealtimeAIController] Calling EndCurrentTurn()
[CombatArena] [STATE] AIDecision -> TurnEnd
[RealtimeAIController] State: AIDecision -> TurnEnd
[CombatArena] [TURN] Round 1, Fighter
[CombatArena] [STATE] TurnEnd -> TurnStart
[RealtimeAIController] State: TurnEnd -> TurnStart
[CombatArena] [STATE] TurnStart -> PlayerDecision
[RealtimeAIController] State: TurnStart -> PlayerDecision
[CombatArena] Camera focusing on Fighter via hooks
[CombatArena] SelectCombatant called: player_fighter
[CombatArena] Selected: player_fighter
[CombatArena] Turn started: Fighter (Player)
[COMBAT_LOG] {"ts":1770378267011,"event":"TURN_START","turn":3,"round":1,"unit":"player_fighter","unit_name":"Fighter","faction":"Player","hp":52,"max_hp":52,"ap":"Action | Bonus | Reaction | Move:30/30","pos":[0,0,0]}
[RealtimeAIController] Turn started for Fighter
[COMBAT_LOG] {"ts":1770378267011,"event":"DECISION","unit":"player_fighter","action":"Attack","target":"enemy_orc_brute","score":0.70129544}
[RealtimeAIController] Fighter -> Attack (#1) score:0.70
[CombatArena] ExecuteAbility: player_fighter -> basic_attack -> enemy_orc_brute
[CombatArena] [STATE] PlayerDecision -> ActionExecution
[RealtimeAIController] State: PlayerDecision -> ActionExecution
[CombatArena] Fighter used basic_attack on Orc Brute: damage:10
[CombatArena] ClearSelection called
[AutoBattlerManager] Action: player_fighter -> Attack:basic_attack->enemy_orc_brute (OK)
[CombatArena] [STATE] ActionExecution -> PlayerDecision
[RealtimeAIController] State: ActionExecution -> PlayerDecision
[COMBAT_LOG] {"ts":1770378267703,"event":"DECISION","unit":"player_fighter","action":"Move","target":"(-15, 0, 0)","score":0.6431134}
[RealtimeAIController] Fighter -> Move (#2) score:0.64
[CombatArena] ExecuteMovement: player_fighter -> (-15, 0, 0)
[CombatArena] [STATE] PlayerDecision -> ActionExecution
[RealtimeAIController] State: PlayerDecision -> ActionExecution
[CombatArena] Fighter moved from (0, 0, 0) to (-15, 0, 0), distance: 15.0
[CombatArena] [STATE] ActionExecution -> PlayerDecision
[RealtimeAIController] State: ActionExecution -> PlayerDecision
[AutoBattlerManager] Action: player_fighter -> Move to (-15, 0, 0) (OK)
[COMBAT_LOG] {"ts":1770378267805,"event":"DECISION","unit":"player_fighter","action":"Move","target":"(-15, 0, -15)","score":0.6311945}
[RealtimeAIController] Fighter -> Move (#3) score:0.63
[CombatArena] ExecuteMovement: player_fighter -> (-15, 0, -15)
[CombatArena] [STATE] PlayerDecision -> ActionExecution
[RealtimeAIController] State: PlayerDecision -> ActionExecution
[CombatArena] Fighter moved from (-15, 0, 0) to (-15, 0, -15), distance: 15.0
[CombatArena] [STATE] ActionExecution -> PlayerDecision
[RealtimeAIController] State: ActionExecution -> PlayerDecision
[AutoBattlerManager] Action: player_fighter -> Move to (-15, 0, -15) (OK)
[COMBAT_LOG] {"ts":1770378267908,"event":"DECISION","unit":"player_fighter","action":"EndTurn","score":0.1063587}
[RealtimeAIController] Fighter -> EndTurn (#4) score:0.11
[RealtimeAIController] Calling EndCurrentTurn()
[CombatArena] [STATE] PlayerDecision -> TurnEnd
[RealtimeAIController] State: PlayerDecision -> TurnEnd
[CombatArena] [TURN] Round 1, Orc Archer
[CombatArena] [STATE] TurnEnd -> TurnStart
[RealtimeAIController] State: TurnEnd -> TurnStart
[CombatArena] [STATE] TurnStart -> AIDecision
[RealtimeAIController] State: TurnStart -> AIDecision
[CombatArena] Camera focusing on Orc Archer via hooks
[CombatArena] SelectCombatant called: enemy_orc_archer
[CombatArena] Selected: enemy_orc_archer
[CombatArena] Turn started: Orc Archer (AI)
[COMBAT_LOG] {"ts":1770378267915,"event":"TURN_START","turn":4,"round":1,"unit":"enemy_orc_archer","unit_name":"Orc Archer","faction":"Hostile","hp":30,"max_hp":30,"ap":"Action | Bonus | Reaction | Move:30/30","pos":[10,0,2]}
[RealtimeAIController] Turn started for Orc Archer
[COMBAT_LOG] {"ts":1770378267915,"event":"DECISION","unit":"enemy_orc_archer","action":"Move","target":"(-5, 0, 2)","score":1.2995613}
[RealtimeAIController] Orc Archer -> Move (#1) score:1.30
[CombatArena] ExecuteMovement: enemy_orc_archer -> (-5, 0, 2)
[CombatArena] [STATE] AIDecision -> ActionExecution
[RealtimeAIController] State: AIDecision -> ActionExecution
[CombatArena] Orc Archer moved from (10, 0, 2) to (-5, 0, 2), distance: 15.0
[CombatArena] [STATE] ActionExecution -> AIDecision
[RealtimeAIController] State: ActionExecution -> AIDecision
[AutoBattlerManager] Action: enemy_orc_archer -> Move to (-5, 0, 2) (OK)
[COMBAT_LOG] {"ts":1770378268018,"event":"DECISION","unit":"enemy_orc_archer","action":"Move","target":"(-5, 0, -5.5)","score":1.2752396}
[RealtimeAIController] Orc Archer -> Move (#2) score:1.28
[CombatArena] ExecuteMovement: enemy_orc_archer -> (-5, 0, -5.5)
[CombatArena] [STATE] AIDecision -> ActionExecution
[RealtimeAIController] State: AIDecision -> ActionExecution
[CombatArena] Orc Archer moved from (-5, 0, 2) to (-5, 0, -5.5), distance: 7.5
[CombatArena] [STATE] ActionExecution -> AIDecision
[RealtimeAIController] State: ActionExecution -> AIDecision
[AutoBattlerManager] Action: enemy_orc_archer -> Move to (-5, 0, -5.5) (OK)
[COMBAT_LOG] {"ts":1770378268121,"event":"DECISION","unit":"enemy_orc_archer","action":"Move","target":"(2.5, 0, -5.5)","score":1.2983404}
[RealtimeAIController] Orc Archer -> Move (#3) score:1.30
[CombatArena] ExecuteMovement: enemy_orc_archer -> (2.5, 0, -5.5)
[CombatArena] [STATE] AIDecision -> ActionExecution
[RealtimeAIController] State: AIDecision -> ActionExecution
[CombatArena] Orc Archer moved from (-5, 0, -5.5) to (2.5, 0, -5.5), distance: 7.5
[CombatArena] [STATE] ActionExecution -> AIDecision
[RealtimeAIController] State: ActionExecution -> AIDecision
[AutoBattlerManager] Action: enemy_orc_archer -> Move to (2.5, 0, -5.5) (OK)
[COMBAT_LOG] {"ts":1770378268223,"event":"DECISION","unit":"enemy_orc_archer","action":"Dash","score":3.1653848}
[RealtimeAIController] Orc Archer -> Dash (#4) score:3.17
[AutoBattlerManager] Action: enemy_orc_archer -> Dash (OK)
[COMBAT_LOG] {"ts":1770378268326,"event":"DECISION","unit":"enemy_orc_archer","action":"Move","target":"(-12.5, 0, -20.5)","score":0.6591974}
[RealtimeAIController] Orc Archer -> Move (#5) score:0.66
[CombatArena] ExecuteMovement: enemy_orc_archer -> (-12.5, 0, -20.5)
[CombatArena] [STATE] AIDecision -> ActionExecution
[RealtimeAIController] State: AIDecision -> ActionExecution
[CombatArena] Orc Archer moved from (2.5, 0, -5.5) to (-12.5, 0, -20.5), distance: 21.2
[CombatArena] [STATE] ActionExecution -> AIDecision
[RealtimeAIController] State: ActionExecution -> AIDecision
[AutoBattlerManager] Action: enemy_orc_archer -> Move to (-12.5, 0, -20.5) (OK)
[COMBAT_LOG] {"ts":1770378268429,"event":"DECISION","unit":"enemy_orc_archer","action":"Move","target":"(-12.5, 0, -16.106602)","score":1.2862117}
[RealtimeAIController] Orc Archer -> Move (#6) score:1.29
[CombatArena] ExecuteMovement: enemy_orc_archer -> (-12.5, 0, -16.106602)
[CombatArena] [STATE] AIDecision -> ActionExecution
[RealtimeAIController] State: AIDecision -> ActionExecution
[CombatArena] Orc Archer moved from (-12.5, 0, -20.5) to (-12.5, 0, -16.106602), distance: 4.4
[CombatArena] [STATE] ActionExecution -> AIDecision
[RealtimeAIController] State: ActionExecution -> AIDecision
[AutoBattlerManager] Action: enemy_orc_archer -> Move to (-12.5, 0, -16.106602) (OK)
[COMBAT_LOG] {"ts":1770378268532,"event":"DECISION","unit":"enemy_orc_archer","action":"Move","target":"(-12.5, 0, -18.3033)","score":1.2867112}
[RealtimeAIController] Orc Archer -> Move (#7) score:1.29
[CombatArena] ExecuteMovement: enemy_orc_archer -> (-12.5, 0, -18.3033)
[CombatArena] [STATE] AIDecision -> ActionExecution
[RealtimeAIController] State: AIDecision -> ActionExecution
[CombatArena] Orc Archer moved from (-12.5, 0, -16.106602) to (-12.5, 0, -18.3033), distance: 2.2
[CombatArena] [STATE] ActionExecution -> AIDecision
[RealtimeAIController] State: ActionExecution -> AIDecision
[AutoBattlerManager] Action: enemy_orc_archer -> Move to (-12.5, 0, -18.3033) (OK)
[COMBAT_LOG] {"ts":1770378268634,"event":"DECISION","unit":"enemy_orc_archer","action":"Move","target":"(-14.696699, 0, -18.3033)","score":1.3112234}
[RealtimeAIController] Orc Archer -> Move (#8) score:1.31
[CombatArena] ExecuteMovement: enemy_orc_archer -> (-14.696699, 0, -18.3033)
[CombatArena] [STATE] AIDecision -> ActionExecution
[RealtimeAIController] State: AIDecision -> ActionExecution
[CombatArena] Orc Archer moved from (-12.5, 0, -18.3033) to (-14.696699, 0, -18.3033), distance: 2.2
[CombatArena] [STATE] ActionExecution -> AIDecision
[RealtimeAIController] State: ActionExecution -> AIDecision
[AutoBattlerManager] Action: enemy_orc_archer -> Move to (-14.696699, 0, -18.3033) (OK)
[COMBAT_LOG] {"ts":1770378268738,"event":"DECISION","unit":"enemy_orc_archer","action":"EndTurn","score":0.10911442}
[RealtimeAIController] Orc Archer -> EndTurn (#9) score:0.11
[RealtimeAIController] Calling EndCurrentTurn()
[CombatArena] [STATE] AIDecision -> TurnEnd
[RealtimeAIController] State: AIDecision -> TurnEnd
[CombatArena] [TURN] Round 1, Goblin Shaman
[CombatArena] [STATE] TurnEnd -> TurnStart
[RealtimeAIController] State: TurnEnd -> TurnStart
[CombatArena] [STATE] TurnStart -> AIDecision
[RealtimeAIController] State: TurnStart -> AIDecision
[CombatArena] Camera focusing on Goblin Shaman via hooks
[CombatArena] SelectCombatant called: enemy_shaman
[CombatArena] Selected: enemy_shaman
[CombatArena] Turn started: Goblin Shaman (AI)
[COMBAT_LOG] {"ts":1770378268744,"event":"TURN_START","turn":5,"round":1,"unit":"enemy_shaman","unit_name":"Goblin Shaman","faction":"Hostile","hp":28,"max_hp":28,"ap":"Action | Bonus | Reaction | Move:30/30","pos":[10,0,-1]}
[RealtimeAIController] Turn started for Goblin Shaman
[COMBAT_LOG] {"ts":1770378268744,"event":"DECISION","unit":"enemy_shaman","action":"Move","target":"(25, 0, -16)","score":1.2496744}
[RealtimeAIController] Goblin Shaman -> Move (#1) score:1.25
[CombatArena] ExecuteMovement: enemy_shaman -> (25, 0, -16)
[CombatArena] [STATE] AIDecision -> ActionExecution
[RealtimeAIController] State: AIDecision -> ActionExecution
[CombatArena] Goblin Shaman moved from (10, 0, -1) to (25, 0, -16), distance: 21.2
[CombatArena] [STATE] ActionExecution -> AIDecision
[RealtimeAIController] State: ActionExecution -> AIDecision
[AutoBattlerManager] Action: enemy_shaman -> Move to (25, 0, -16) (OK)
[COMBAT_LOG] {"ts":1770378268847,"event":"DECISION","unit":"enemy_shaman","action":"Move","target":"(20.606602, 0, -11.606602)","score":1.2661251}
[RealtimeAIController] Goblin Shaman -> Move (#2) score:1.27
[CombatArena] ExecuteMovement: enemy_shaman -> (20.606602, 0, -11.606602)
[CombatArena] [STATE] AIDecision -> ActionExecution
[RealtimeAIController] State: AIDecision -> ActionExecution
[CombatArena] Goblin Shaman moved from (25, 0, -16) to (20.606602, 0, -11.606602), distance: 6.2
[CombatArena] [STATE] ActionExecution -> AIDecision
[RealtimeAIController] State: ActionExecution -> AIDecision
[AutoBattlerManager] Action: enemy_shaman -> Move to (20.606602, 0, -11.606602) (OK)
[COMBAT_LOG] {"ts":1770378268950,"event":"DECISION","unit":"enemy_shaman","action":"Dash","score":3.2086685}
[RealtimeAIController] Goblin Shaman -> Dash (#3) score:3.21
[AutoBattlerManager] Action: enemy_shaman -> Dash (OK)
[COMBAT_LOG] {"ts":1770378269052,"event":"DECISION","unit":"enemy_shaman","action":"Move","target":"(-11.966991, 0, -11.606602)","score":1.2003394}
[RealtimeAIController] Goblin Shaman -> Move (#4) score:1.20
[CombatArena] ExecuteMovement: enemy_shaman -> (-11.966991, 0, -11.606602)
[CombatArena] [STATE] AIDecision -> ActionExecution
[RealtimeAIController] State: AIDecision -> ActionExecution
[CombatArena] Goblin Shaman moved from (20.606602, 0, -11.606602) to (-11.966991, 0, -11.606602), distance: 32.6
[CombatArena] [STATE] ActionExecution -> AIDecision
[RealtimeAIController] State: ActionExecution -> AIDecision
[AutoBattlerManager] Action: enemy_shaman -> Move to (-11.966991, 0, -11.606602) (OK)
[COMBAT_LOG] {"ts":1770378269155,"event":"DECISION","unit":"enemy_shaman","action":"EndTurn","score":0.106814794}
[RealtimeAIController] Goblin Shaman -> EndTurn (#5) score:0.11
[RealtimeAIController] Calling EndCurrentTurn()
[CombatArena] [STATE] AIDecision -> TurnEnd
[RealtimeAIController] State: AIDecision -> TurnEnd
[CombatArena] [TURN] Round 1, Mage
[CombatArena] [STATE] TurnEnd -> TurnStart
[RealtimeAIController] State: TurnEnd -> TurnStart
[CombatArena] [STATE] TurnStart -> PlayerDecision
[RealtimeAIController] State: TurnStart -> PlayerDecision
[CombatArena] Camera focusing on Mage via hooks
[CombatArena] SelectCombatant called: player_mage
[CombatArena] Selected: player_mage
[CombatArena] Turn started: Mage (Player)
[COMBAT_LOG] {"ts":1770378269162,"event":"TURN_START","turn":6,"round":1,"unit":"player_mage","unit_name":"Mage","faction":"Player","hp":32,"max_hp":32,"ap":"Action | Bonus | Reaction | Move:30/30","pos":[-3,0,-1]}
[RealtimeAIController] Turn started for Mage
[COMBAT_LOG] {"ts":1770378269162,"event":"DECISION","unit":"player_mage","action":"Move","target":"(-18, 0, -16)","score":1.2806894}
[RealtimeAIController] Mage -> Move (#1) score:1.28
[CombatArena] ExecuteMovement: player_mage -> (-18, 0, -16)
[CombatArena] [STATE] PlayerDecision -> ActionExecution
[RealtimeAIController] State: PlayerDecision -> ActionExecution
[CombatArena] Mage moved from (-3, 0, -1) to (-18, 0, -16), distance: 21.2
[CombatArena] [STATE] ActionExecution -> PlayerDecision
[RealtimeAIController] State: ActionExecution -> PlayerDecision
[AutoBattlerManager] Action: player_mage -> Move to (-18, 0, -16) (OK)
[COMBAT_LOG] {"ts":1770378269265,"event":"DECISION","unit":"player_mage","action":"Move","target":"(-13.606602, 0, -20.393398)","score":1.3058771}
[RealtimeAIController] Mage -> Move (#2) score:1.31
[CombatArena] ExecuteMovement: player_mage -> (-13.606602, 0, -20.393398)
[CombatArena] [STATE] PlayerDecision -> ActionExecution
[RealtimeAIController] State: PlayerDecision -> ActionExecution
[CombatArena] Mage moved from (-18, 0, -16) to (-13.606602, 0, -20.393398), distance: 6.2
[CombatArena] [STATE] ActionExecution -> PlayerDecision
[RealtimeAIController] State: ActionExecution -> PlayerDecision
[AutoBattlerManager] Action: player_mage -> Move to (-13.606602, 0, -20.393398) (OK)
[COMBAT_LOG] {"ts":1770378269367,"event":"DECISION","unit":"player_mage","action":"Move","target":"(-14.893398, 0, -19.106602)","score":1.3161645}
[RealtimeAIController] Mage -> Move (#3) score:1.32
[CombatArena] ExecuteMovement: player_mage -> (-14.893398, 0, -19.106602)
[CombatArena] [STATE] PlayerDecision -> ActionExecution
[RealtimeAIController] State: PlayerDecision -> ActionExecution
[CombatArena] Mage moved from (-13.606602, 0, -20.393398) to (-14.893398, 0, -19.106602), distance: 1.8
[CombatArena] [STATE] ActionExecution -> PlayerDecision
[RealtimeAIController] State: ActionExecution -> PlayerDecision
[AutoBattlerManager] Action: player_mage -> Move to (-14.893398, 0, -19.106602) (OK)
[COMBAT_LOG] {"ts":1770378269470,"event":"DECISION","unit":"player_mage","action":"Dash","score":3.109532}
[RealtimeAIController] Mage -> Dash (#4) score:3.11
[AutoBattlerManager] Action: player_mage -> Dash (OK)
[COMBAT_LOG] {"ts":1770378269573,"event":"DECISION","unit":"player_mage","action":"Move","target":"(0.4834957, 0, -19.106602)","score":0.6589038}
[RealtimeAIController] Mage -> Move (#5) score:0.66
[CombatArena] ExecuteMovement: player_mage -> (0.4834957, 0, -19.106602)
[CombatArena] [STATE] PlayerDecision -> ActionExecution
[RealtimeAIController] State: PlayerDecision -> ActionExecution
[CombatArena] Mage moved from (-14.893398, 0, -19.106602) to (0.4834957, 0, -19.106602), distance: 15.4
[CombatArena] [STATE] ActionExecution -> PlayerDecision
[RealtimeAIController] State: ActionExecution -> PlayerDecision
[AutoBattlerManager] Action: player_mage -> Move to (0.4834957, 0, -19.106602) (OK)
[COMBAT_LOG] {"ts":1770378269675,"event":"DECISION","unit":"player_mage","action":"Move","target":"(-7.2049513, 0, -11.418155)","score":1.2384372}
[RealtimeAIController] Mage -> Move (#6) score:1.24
[CombatArena] ExecuteMovement: player_mage -> (-7.2049513, 0, -11.418155)
[CombatArena] [STATE] PlayerDecision -> ActionExecution
[RealtimeAIController] State: PlayerDecision -> ActionExecution
[CombatArena] Mage moved from (0.4834957, 0, -19.106602) to (-7.2049513, 0, -11.418155), distance: 10.9
[CombatArena] [STATE] ActionExecution -> PlayerDecision
[RealtimeAIController] State: ActionExecution -> PlayerDecision
[AutoBattlerManager] Action: player_mage -> Move to (-7.2049513, 0, -11.418155) (OK)
[COMBAT_LOG] {"ts":1770378269778,"event":"DECISION","unit":"player_mage","action":"Move","target":"(-9.456845, 0, -11.418155)","score":1.2615083}
[RealtimeAIController] Mage -> Move (#7) score:1.26
[CombatArena] ExecuteMovement: player_mage -> (-9.456845, 0, -11.418155)
[CombatArena] [STATE] PlayerDecision -> ActionExecution
[RealtimeAIController] State: PlayerDecision -> ActionExecution
[CombatArena] Mage moved from (-7.2049513, 0, -11.418155) to (-9.456845, 0, -11.418155), distance: 2.3
[CombatArena] [STATE] ActionExecution -> PlayerDecision
[RealtimeAIController] State: ActionExecution -> PlayerDecision
[AutoBattlerManager] Action: player_mage -> Move to (-9.456845, 0, -11.418155) (OK)
[COMBAT_LOG] {"ts":1770378269881,"event":"DECISION","unit":"player_mage","action":"Move","target":"(-8.330898, 0, -12.544102)","score":1.3085209}
[RealtimeAIController] Mage -> Move (#8) score:1.31
[CombatArena] ExecuteMovement: player_mage -> (-8.330898, 0, -12.544102)
[CombatArena] [STATE] PlayerDecision -> ActionExecution
[RealtimeAIController] State: PlayerDecision -> ActionExecution
[CombatArena] Mage moved from (-9.456845, 0, -11.418155) to (-8.330898, 0, -12.544102), distance: 1.6
[CombatArena] [STATE] ActionExecution -> PlayerDecision
[RealtimeAIController] State: ActionExecution -> PlayerDecision
[AutoBattlerManager] Action: player_mage -> Move to (-8.330898, 0, -12.544102) (OK)
[COMBAT_LOG] {"ts":1770378269984,"event":"DECISION","unit":"player_mage","action":"Move","target":"(-7.671334, 0, -12.544102)","score":1.315746}
[RealtimeAIController] Mage -> Move (#9) score:1.32
[CombatArena] ExecuteMovement: player_mage -> (-7.671334, 0, -12.544102)
[CombatArena] [STATE] PlayerDecision -> ActionExecution
[RealtimeAIController] State: PlayerDecision -> ActionExecution
[CombatArena] Mage moved from (-8.330898, 0, -12.544102) to (-7.671334, 0, -12.544102), distance: 0.7
[CombatArena] [STATE] ActionExecution -> PlayerDecision
[RealtimeAIController] State: ActionExecution -> PlayerDecision
[AutoBattlerManager] Action: player_mage -> Move to (-7.671334, 0, -12.544102) (OK)
[COMBAT_LOG] {"ts":1770378270086,"event":"DECISION","unit":"player_mage","action":"EndTurn","score":0.10033855}
[RealtimeAIController] Mage -> EndTurn (#10) score:0.10
[RealtimeAIController] Calling EndCurrentTurn()
[CombatArena] [STATE] PlayerDecision -> TurnEnd
[RealtimeAIController] State: PlayerDecision -> TurnEnd
[CombatArena] [TURN] Round 1, Orc Brute
[CombatArena] [STATE] TurnEnd -> TurnStart
[RealtimeAIController] State: TurnEnd -> TurnStart
[CombatArena] [STATE] TurnStart -> AIDecision
[RealtimeAIController] State: TurnStart -> AIDecision
[CombatArena] Camera focusing on Orc Brute via hooks
[CombatArena] SelectCombatant called: enemy_orc_brute
[CombatArena] Selected: enemy_orc_brute
[CombatArena] Turn started: Orc Brute (AI)
[COMBAT_LOG] {"ts":1770378270093,"event":"TURN_START","turn":7,"round":1,"unit":"enemy_orc_brute","unit_name":"Orc Brute","faction":"Hostile","hp":32,"max_hp":48,"ap":"Action | Bonus | Reaction | Move:30/30","pos":[8,0,0]}
[RealtimeAIController] Turn started for Orc Brute
[COMBAT_LOG] {"ts":1770378270093,"event":"DECISION","unit":"enemy_orc_brute","action":"Move","target":"(23, 0, -15)","score":1.3081844}
[RealtimeAIController] Orc Brute -> Move (#1) score:1.31
[CombatArena] ExecuteMovement: enemy_orc_brute -> (23, 0, -15)
[CombatArena] [STATE] AIDecision -> ActionExecution
[RealtimeAIController] State: AIDecision -> ActionExecution
[CombatArena] Orc Brute moved from (8, 0, 0) to (23, 0, -15), distance: 21.2
[CombatArena] [STATE] ActionExecution -> AIDecision
[RealtimeAIController] State: ActionExecution -> AIDecision
[AutoBattlerManager] Action: enemy_orc_brute -> Move to (23, 0, -15) (OK)
[COMBAT_LOG] {"ts":1770378270196,"event":"DECISION","unit":"enemy_orc_brute","action":"Move","target":"(23, 0, -10.606602)","score":1.2774311}
[RealtimeAIController] Orc Brute -> Move (#2) score:1.28
[CombatArena] ExecuteMovement: enemy_orc_brute -> (23, 0, -10.606602)
[CombatArena] [STATE] AIDecision -> ActionExecution
[RealtimeAIController] State: AIDecision -> ActionExecution
[CombatArena] Orc Brute moved from (23, 0, -15) to (23, 0, -10.606602), distance: 4.4
[CombatArena] [STATE] ActionExecution -> AIDecision
[RealtimeAIController] State: ActionExecution -> AIDecision
[AutoBattlerManager] Action: enemy_orc_brute -> Move to (23, 0, -10.606602) (OK)
[COMBAT_LOG] {"ts":1770378270299,"event":"DECISION","unit":"enemy_orc_brute","action":"Move","target":"(23, 0, -15)","score":1.3046917}
[RealtimeAIController] Orc Brute -> Move (#3) score:1.30
[CombatArena] ExecuteMovement: enemy_orc_brute -> (23, 0, -15)
[CombatArena] [STATE] AIDecision -> ActionExecution
[RealtimeAIController] State: AIDecision -> ActionExecution
[CombatArena] Orc Brute moved from (23, 0, -10.606602) to (23, 0, -15), distance: 4.4
[CombatArena] [STATE] ActionExecution -> AIDecision
[RealtimeAIController] State: ActionExecution -> AIDecision
[AutoBattlerManager] Action: enemy_orc_brute -> Move to (23, 0, -15) (OK)
[COMBAT_LOG] {"ts":1770378270401,"event":"DECISION","unit":"enemy_orc_brute","action":"Dash","score":3.003638}
[RealtimeAIController] Orc Brute -> Dash (#4) score:3.00
[AutoBattlerManager] Action: enemy_orc_brute -> Dash (OK)
[COMBAT_LOG] {"ts":1770378270504,"event":"DECISION","unit":"enemy_orc_brute","action":"Move","target":"(-7, 0, -15)","score":1.2724843}
[RealtimeAIController] Orc Brute -> Move (#5) score:1.27
[CombatArena] ExecuteMovement: enemy_orc_brute -> (-7, 0, -15)
[CombatArena] [STATE] AIDecision -> ActionExecution
[RealtimeAIController] State: AIDecision -> ActionExecution
[CombatArena] Orc Brute moved from (23, 0, -15) to (-7, 0, -15), distance: 30.0
[CombatArena] [STATE] ActionExecution -> AIDecision
[RealtimeAIController] State: ActionExecution -> AIDecision
[AutoBattlerManager] Action: enemy_orc_brute -> Move to (-7, 0, -15) (OK)
[COMBAT_LOG] {"ts":1770378270607,"event":"DECISION","unit":"enemy_orc_brute","action":"EndTurn","score":0.10219431}
[RealtimeAIController] Orc Brute -> EndTurn (#6) score:0.10
[RealtimeAIController] Calling EndCurrentTurn()
[CombatArena] [STATE] AIDecision -> TurnEnd
[RealtimeAIController] State: AIDecision -> TurnEnd
[CombatArena] [TURN] Round 1, Cleric
[CombatArena] [STATE] TurnEnd -> TurnStart
[RealtimeAIController] State: TurnEnd -> TurnStart
[CombatArena] [STATE] TurnStart -> PlayerDecision
[RealtimeAIController] State: TurnStart -> PlayerDecision
[CombatArena] Camera focusing on Cleric via hooks
[CombatArena] SelectCombatant called: player_cleric
[CombatArena] Selected: player_cleric
[CombatArena] Turn started: Cleric (Player)
[COMBAT_LOG] {"ts":1770378270614,"event":"TURN_START","turn":8,"round":1,"unit":"player_cleric","unit_name":"Cleric","faction":"Player","hp":44,"max_hp":44,"ap":"Action | Bonus | Reaction | Move:30/30","pos":[-1,0,-3]}
[RealtimeAIController] Turn started for Cleric
[COMBAT_LOG] {"ts":1770378270614,"event":"DECISION","unit":"player_cleric","action":"Move","target":"(-16, 0, -18)","score":1.2771658}
[RealtimeAIController] Cleric -> Move (#1) score:1.28
[CombatArena] ExecuteMovement: player_cleric -> (-16, 0, -18)
[CombatArena] [STATE] PlayerDecision -> ActionExecution
[RealtimeAIController] State: PlayerDecision -> ActionExecution
[CombatArena] Cleric moved from (-1, 0, -3) to (-16, 0, -18), distance: 21.2
[CombatArena] [STATE] ActionExecution -> PlayerDecision
[RealtimeAIController] State: ActionExecution -> PlayerDecision
[AutoBattlerManager] Action: player_cleric -> Move to (-16, 0, -18) (OK)
[COMBAT_LOG] {"ts":1770378270716,"event":"DECISION","unit":"player_cleric","action":"Move","target":"(-11.606602, 0, -18)","score":1.3075321}
[RealtimeAIController] Cleric -> Move (#2) score:1.31
[CombatArena] ExecuteMovement: player_cleric -> (-11.606602, 0, -18)
[CombatArena] [STATE] PlayerDecision -> ActionExecution
[RealtimeAIController] State: PlayerDecision -> ActionExecution
[CombatArena] Cleric moved from (-16, 0, -18) to (-11.606602, 0, -18), distance: 4.4
[CombatArena] [STATE] ActionExecution -> PlayerDecision
[RealtimeAIController] State: ActionExecution -> PlayerDecision
[AutoBattlerManager] Action: player_cleric -> Move to (-11.606602, 0, -18) (OK)
[COMBAT_LOG] {"ts":1770378270819,"event":"DECISION","unit":"player_cleric","action":"Move","target":"(-9.409903, 0, -18)","score":1.300381}
[RealtimeAIController] Cleric -> Move (#3) score:1.30
[CombatArena] ExecuteMovement: player_cleric -> (-9.409903, 0, -18)
[CombatArena] [STATE] PlayerDecision -> ActionExecution
[RealtimeAIController] State: PlayerDecision -> ActionExecution
[CombatArena] Cleric moved from (-11.606602, 0, -18) to (-9.409903, 0, -18), distance: 2.2
[CombatArena] [STATE] ActionExecution -> PlayerDecision
[RealtimeAIController] State: ActionExecution -> PlayerDecision
[AutoBattlerManager] Action: player_cleric -> Move to (-9.409903, 0, -18) (OK)
[COMBAT_LOG] {"ts":1770378270922,"event":"DECISION","unit":"player_cleric","action":"Dash","score":3.0056605}
[RealtimeAIController] Cleric -> Dash (#4) score:3.01
[AutoBattlerManager] Action: player_cleric -> Dash (OK)
[COMBAT_LOG] {"ts":1770378271025,"event":"DECISION","unit":"player_cleric","action":"Move","target":"(-9.409903, 0, 14.196701)","score":0.65041345}
[RealtimeAIController] Cleric -> Move (#5) score:0.65
[CombatArena] ExecuteMovement: player_cleric -> (-9.409903, 0, 14.196701)
[CombatArena] [STATE] PlayerDecision -> ActionExecution
[RealtimeAIController] State: PlayerDecision -> ActionExecution
[CombatArena] Cleric moved from (-9.409903, 0, -18) to (-9.409903, 0, 14.196701), distance: 32.2
[CombatArena] [STATE] ActionExecution -> PlayerDecision
[RealtimeAIController] State: ActionExecution -> PlayerDecision
[AutoBattlerManager] Action: player_cleric -> Move to (-9.409903, 0, 14.196701) (OK)
[COMBAT_LOG] {"ts":1770378271127,"event":"DECISION","unit":"player_cleric","action":"EndTurn","score":0.10767358}
[RealtimeAIController] Cleric -> EndTurn (#6) score:0.11
[RealtimeAIController] Calling EndCurrentTurn()
[CombatArena] [STATE] PlayerDecision -> TurnEnd
[RealtimeAIController] State: PlayerDecision -> TurnEnd
[CombatArena] [TURN] Round 2, Rogue
[CombatArena] [STATE] TurnEnd -> RoundEnd
[RealtimeAIController] State: TurnEnd -> RoundEnd
[CombatArena] [STATE] RoundEnd -> TurnStart
[RealtimeAIController] State: RoundEnd -> TurnStart
[CombatArena] Round 2: Reset reactions for all combatants
[CombatArena] [STATE] TurnStart -> PlayerDecision
[RealtimeAIController] State: TurnStart -> PlayerDecision
[CombatArena] Camera focusing on Rogue via hooks
[CombatArena] SelectCombatant called: player_rogue
[CombatArena] Selected: player_rogue
[CombatArena] Turn started: Rogue (Player)
[COMBAT_LOG] {"ts":1770378271134,"event":"TURN_START","turn":9,"round":2,"unit":"player_rogue","unit_name":"Rogue","faction":"Player","hp":36,"max_hp":36,"ap":"Action | Bonus | Reaction | Move:30/30","pos":[23.966991,0,-12.606602]}
[RealtimeAIController] Turn started for Rogue
[COMBAT_LOG] {"ts":1770378271134,"event":"DECISION","unit":"player_rogue","action":"Move","target":"(-6.0330086, 0, -12.606602)","score":1.3164127}
[RealtimeAIController] Rogue -> Move (#1) score:1.32
[CombatArena] ExecuteMovement: player_rogue -> (-6.0330086, 0, -12.606602)
[CombatArena] [STATE] PlayerDecision -> ActionExecution
[RealtimeAIController] State: PlayerDecision -> ActionExecution
[CombatArena] Rogue moved from (23.966991, 0, -12.606602) to (-6.0330086, 0, -12.606602), distance: 30.0
[CombatArena] [STATE] ActionExecution -> PlayerDecision
[RealtimeAIController] State: ActionExecution -> PlayerDecision
[AutoBattlerManager] Action: player_rogue -> Move to (-6.0330086, 0, -12.606602) (OK)
[COMBAT_LOG] {"ts":1770378271237,"event":"DECISION","unit":"player_rogue","action":"Dash","score":3.1727548}
[RealtimeAIController] Rogue -> Dash (#2) score:3.17
[AutoBattlerManager] Action: player_rogue -> Dash (OK)
[COMBAT_LOG] {"ts":1770378271339,"event":"DECISION","unit":"player_rogue","action":"Move","target":"(-21.033009, 0, 2.3933983)","score":0.65774393}
[RealtimeAIController] Rogue -> Move (#3) score:0.66
[CombatArena] ExecuteMovement: player_rogue -> (-21.033009, 0, 2.3933983)
[CombatArena] [STATE] PlayerDecision -> ActionExecution
[RealtimeAIController] State: PlayerDecision -> ActionExecution
[CombatArena] Rogue moved from (-6.0330086, 0, -12.606602) to (-21.033009, 0, 2.3933983), distance: 21.2
[CombatArena] [STATE] ActionExecution -> PlayerDecision
[RealtimeAIController] State: ActionExecution -> PlayerDecision
[AutoBattlerManager] Action: player_rogue -> Move to (-21.033009, 0, 2.3933983) (OK)
[COMBAT_LOG] {"ts":1770378271442,"event":"DECISION","unit":"player_rogue","action":"Move","target":"(-16.63961, 0, 6.7867966)","score":0.65660906}
[RealtimeAIController] Rogue -> Move (#4) score:0.66
[CombatArena] ExecuteMovement: player_rogue -> (-16.63961, 0, 6.7867966)
[CombatArena] [STATE] PlayerDecision -> ActionExecution
[RealtimeAIController] State: PlayerDecision -> ActionExecution
[CombatArena] Rogue moved from (-21.033009, 0, 2.3933983) to (-16.63961, 0, 6.7867966), distance: 6.2
[CombatArena] [STATE] ActionExecution -> PlayerDecision
[RealtimeAIController] State: ActionExecution -> PlayerDecision
[AutoBattlerManager] Action: player_rogue -> Move to (-16.63961, 0, 6.7867966) (OK)
[COMBAT_LOG] {"ts":1770378271545,"event":"DECISION","unit":"player_rogue","action":"Move","target":"(-16.63961, 0, 8.073593)","score":0.65299815}
[RealtimeAIController] Rogue -> Move (#5) score:0.65
[CombatArena] ExecuteMovement: player_rogue -> (-16.63961, 0, 8.073593)
[CombatArena] [STATE] PlayerDecision -> ActionExecution
[RealtimeAIController] State: PlayerDecision -> ActionExecution
[CombatArena] Rogue moved from (-16.63961, 0, 6.7867966) to (-16.63961, 0, 8.073593), distance: 1.3
[CombatArena] [STATE] ActionExecution -> PlayerDecision
[RealtimeAIController] State: ActionExecution -> PlayerDecision
[AutoBattlerManager] Action: player_rogue -> Move to (-16.63961, 0, 8.073593) (OK)
[COMBAT_LOG] {"ts":1770378271648,"event":"DECISION","unit":"player_rogue","action":"Move","target":"(-15.996212, 0, 8.073593)","score":0.65905106}
[RealtimeAIController] Rogue -> Move (#6) score:0.66
[CombatArena] ExecuteMovement: player_rogue -> (-15.996212, 0, 8.073593)
[CombatArena] [STATE] PlayerDecision -> ActionExecution
[RealtimeAIController] State: PlayerDecision -> ActionExecution
[CombatArena] Rogue moved from (-16.63961, 0, 8.073593) to (-15.996212, 0, 8.073593), distance: 0.6
[CombatArena] [STATE] ActionExecution -> PlayerDecision
[RealtimeAIController] State: ActionExecution -> PlayerDecision
[AutoBattlerManager] Action: player_rogue -> Move to (-15.996212, 0, 8.073593) (OK)
[COMBAT_LOG] {"ts":1770378271750,"event":"DECISION","unit":"player_rogue","action":"Move","target":"(-15.352814, 0, 8.073593)","score":0.65470225}
[RealtimeAIController] Rogue -> Move (#7) score:0.65
[CombatArena] ExecuteMovement: player_rogue -> (-15.352814, 0, 8.073593)
[CombatArena] [STATE] PlayerDecision -> ActionExecution
[RealtimeAIController] State: PlayerDecision -> ActionExecution
[CombatArena] Rogue moved from (-15.996212, 0, 8.073593) to (-15.352814, 0, 8.073593), distance: 0.6
[CombatArena] [STATE] ActionExecution -> PlayerDecision
[RealtimeAIController] State: ActionExecution -> PlayerDecision
[AutoBattlerManager] Action: player_rogue -> Move to (-15.352814, 0, 8.073593) (OK)
[COMBAT_LOG] {"ts":1770378271853,"event":"DECISION","unit":"player_rogue","action":"EndTurn","score":0.10353893}
[RealtimeAIController] Rogue -> EndTurn (#8) score:0.10
[RealtimeAIController] Calling EndCurrentTurn()
[CombatArena] [STATE] PlayerDecision -> TurnEnd
[RealtimeAIController] State: PlayerDecision -> TurnEnd
[CombatArena] [TURN] Round 2, Goblin Skirmisher
[CombatArena] [STATE] TurnEnd -> TurnStart
[RealtimeAIController] State: TurnEnd -> TurnStart
[CombatArena] [STATE] TurnStart -> AIDecision
[RealtimeAIController] State: TurnStart -> AIDecision
[CombatArena] Camera focusing on Goblin Skirmisher via hooks
[CombatArena] SelectCombatant called: enemy_goblin
[CombatArena] Selected: enemy_goblin
[CombatArena] Turn started: Goblin Skirmisher (AI)
[COMBAT_LOG] {"ts":1770378271860,"event":"TURN_START","turn":10,"round":2,"unit":"enemy_goblin","unit_name":"Goblin Skirmisher","faction":"Hostile","hp":22,"max_hp":22,"ap":"Action | Bonus | Reaction | Move:30/30","pos":[37.909904,0,-4.876892]}
[RealtimeAIController] Turn started for Goblin Skirmisher
[COMBAT_LOG] {"ts":1770378271860,"event":"DECISION","unit":"enemy_goblin","action":"Dash","score":3.2613447}
[RealtimeAIController] Goblin Skirmisher -> Dash (#1) score:3.26
[AutoBattlerManager] Action: enemy_goblin -> Dash (OK)
[COMBAT_LOG] {"ts":1770378271963,"event":"DECISION","unit":"enemy_goblin","action":"Move","target":"(-22.090096, 0, -4.876892)","score":0.6417569}
[RealtimeAIController] Goblin Skirmisher -> Move (#2) score:0.64
[CombatArena] ExecuteMovement: enemy_goblin -> (-22.090096, 0, -4.876892)
[CombatArena] [STATE] AIDecision -> ActionExecution
[RealtimeAIController] State: AIDecision -> ActionExecution
[CombatArena] Goblin Skirmisher moved from (37.909904, 0, -4.876892) to (-22.090096, 0, -4.876892), distance: 60.0
[CombatArena] [STATE] ActionExecution -> AIDecision
[RealtimeAIController] State: ActionExecution -> AIDecision
[AutoBattlerManager] Action: enemy_goblin -> Move to (-22.090096, 0, -4.876892) (OK)
[COMBAT_LOG] {"ts":1770378272065,"event":"DECISION","unit":"enemy_goblin","action":"EndTurn","score":0.109220296}
[RealtimeAIController] Goblin Skirmisher -> EndTurn (#3) score:0.11
[RealtimeAIController] Calling EndCurrentTurn()
[CombatArena] [STATE] AIDecision -> TurnEnd
[RealtimeAIController] State: AIDecision -> TurnEnd
[CombatArena] [TURN] Round 2, Fighter
[CombatArena] [STATE] TurnEnd -> TurnStart
[RealtimeAIController] State: TurnEnd -> TurnStart
[CombatArena] [STATE] TurnStart -> PlayerDecision
[RealtimeAIController] State: TurnStart -> PlayerDecision
[CombatArena] Camera focusing on Fighter via hooks
[CombatArena] SelectCombatant called: player_fighter
[CombatArena] Selected: player_fighter
[CombatArena] Turn started: Fighter (Player)
[COMBAT_LOG] {"ts":1770378272072,"event":"TURN_START","turn":11,"round":2,"unit":"player_fighter","unit_name":"Fighter","faction":"Player","hp":52,"max_hp":52,"ap":"Action | Bonus | Reaction | Move:30/30","pos":[-15,0,-15]}
[RealtimeAIController] Turn started for Fighter
[COMBAT_LOG] {"ts":1770378272072,"event":"DECISION","unit":"player_fighter","action":"Attack","target":"enemy_shaman","score":0.69534206}
[RealtimeAIController] Fighter -> Attack (#1) score:0.70
[CombatArena] ExecuteAbility: player_fighter -> basic_attack -> enemy_shaman
[CombatArena] [STATE] PlayerDecision -> ActionExecution
[RealtimeAIController] State: PlayerDecision -> ActionExecution
[CombatArena] Fighter used basic_attack on Goblin Shaman: damage:5
[CombatArena] ClearSelection called
[AutoBattlerManager] Action: player_fighter -> Attack:basic_attack->enemy_shaman (OK)
[CombatArena] [STATE] ActionExecution -> PlayerDecision
[RealtimeAIController] State: ActionExecution -> PlayerDecision
[COMBAT_LOG] {"ts":1770378272763,"event":"DECISION","unit":"player_fighter","action":"Move","target":"(-30, 0, 0)","score":0.65083975}
[RealtimeAIController] Fighter -> Move (#2) score:0.65
[CombatArena] ExecuteMovement: player_fighter -> (-30, 0, 0)
[CombatArena] [STATE] PlayerDecision -> ActionExecution
[RealtimeAIController] State: PlayerDecision -> ActionExecution
[CombatArena] Fighter moved from (-15, 0, -15) to (-30, 0, 0), distance: 21.2
[CombatArena] [STATE] ActionExecution -> PlayerDecision
[RealtimeAIController] State: ActionExecution -> PlayerDecision
[AutoBattlerManager] Action: player_fighter -> Move to (-30, 0, 0) (OK)
[COMBAT_LOG] {"ts":1770378272866,"event":"DECISION","unit":"player_fighter","action":"Move","target":"(-21.213203, 0, 0)","score":1.2692122}
[RealtimeAIController] Fighter -> Move (#3) score:1.27
[CombatArena] ExecuteMovement: player_fighter -> (-21.213203, 0, 0)
[CombatArena] [STATE] PlayerDecision -> ActionExecution
[RealtimeAIController] State: PlayerDecision -> ActionExecution
[CombatArena] Fighter moved from (-30, 0, 0) to (-21.213203, 0, 0), distance: 8.8
[CombatArena] [STATE] ActionExecution -> PlayerDecision
[RealtimeAIController] State: ActionExecution -> PlayerDecision
[AutoBattlerManager] Action: player_fighter -> Move to (-21.213203, 0, 0) (OK)
[COMBAT_LOG] {"ts":1770378272968,"event":"DECISION","unit":"player_fighter","action":"EndTurn","score":0.102331385}
[RealtimeAIController] Fighter -> EndTurn (#4) score:0.10
[RealtimeAIController] Calling EndCurrentTurn()
[CombatArena] [STATE] PlayerDecision -> TurnEnd
[RealtimeAIController] State: PlayerDecision -> TurnEnd
[CombatArena] [TURN] Round 2, Orc Archer
[CombatArena] [STATE] TurnEnd -> TurnStart
[RealtimeAIController] State: TurnEnd -> TurnStart
[CombatArena] [STATE] TurnStart -> AIDecision
[RealtimeAIController] State: TurnStart -> AIDecision
[CombatArena] Camera focusing on Orc Archer via hooks
[CombatArena] SelectCombatant called: enemy_orc_archer
[CombatArena] Selected: enemy_orc_archer
[CombatArena] Turn started: Orc Archer (AI)
[COMBAT_LOG] {"ts":1770378272975,"event":"TURN_START","turn":12,"round":2,"unit":"enemy_orc_archer","unit_name":"Orc Archer","faction":"Hostile","hp":30,"max_hp":30,"ap":"Action | Bonus | Reaction | Move:30/30","pos":[-14.696699,0,-18.3033]}
[RealtimeAIController] Turn started for Orc Archer
[COMBAT_LOG] {"ts":1770378272976,"event":"DECISION","unit":"enemy_orc_archer","action":"Move","target":"(-14.696699, 0, 11.696699)","score":1.2194037}
[RealtimeAIController] Orc Archer -> Move (#1) score:1.22
[CombatArena] ExecuteMovement: enemy_orc_archer -> (-14.696699, 0, 11.696699)
[CombatArena] [STATE] AIDecision -> ActionExecution
[RealtimeAIController] State: AIDecision -> ActionExecution
[CombatArena] Orc Archer moved from (-14.696699, 0, -18.3033) to (-14.696699, 0, 11.696699), distance: 30.0
[CombatArena] [STATE] ActionExecution -> AIDecision
[RealtimeAIController] State: ActionExecution -> AIDecision
[AutoBattlerManager] Action: enemy_orc_archer -> Move to (-14.696699, 0, 11.696699) (OK)
[COMBAT_LOG] {"ts":1770378273078,"event":"DECISION","unit":"enemy_orc_archer","action":"Dash","score":3.1606023}
[RealtimeAIController] Orc Archer -> Dash (#2) score:3.16
[AutoBattlerManager] Action: enemy_orc_archer -> Dash (OK)
[COMBAT_LOG] {"ts":1770378273181,"event":"DECISION","unit":"enemy_orc_archer","action":"Move","target":"(-29.6967, 0, 11.696699)","score":0.6589261}
[RealtimeAIController] Orc Archer -> Move (#3) score:0.66
[CombatArena] ExecuteMovement: enemy_orc_archer -> (-29.6967, 0, 11.696699)
[CombatArena] [STATE] AIDecision -> ActionExecution
[RealtimeAIController] State: AIDecision -> ActionExecution
[CombatArena] Orc Archer moved from (-14.696699, 0, 11.696699) to (-29.6967, 0, 11.696699), distance: 15.0
[CombatArena] [STATE] ActionExecution -> AIDecision
[RealtimeAIController] State: ActionExecution -> AIDecision
[AutoBattlerManager] Action: enemy_orc_archer -> Move to (-29.6967, 0, 11.696699) (OK)
[COMBAT_LOG] {"ts":1770378273283,"event":"DECISION","unit":"enemy_orc_archer","action":"Move","target":"(-22.1967, 0, 4.196699)","score":1.3162745}
[RealtimeAIController] Orc Archer -> Move (#4) score:1.32
[CombatArena] ExecuteMovement: enemy_orc_archer -> (-22.1967, 0, 4.196699)
[CombatArena] [STATE] AIDecision -> ActionExecution
[RealtimeAIController] State: AIDecision -> ActionExecution
[CombatArena] Orc Archer moved from (-29.6967, 0, 11.696699) to (-22.1967, 0, 4.196699), distance: 10.6
[CombatArena] [STATE] ActionExecution -> AIDecision
[RealtimeAIController] State: ActionExecution -> AIDecision
[AutoBattlerManager] Action: enemy_orc_archer -> Move to (-22.1967, 0, 4.196699) (OK)
[COMBAT_LOG] {"ts":1770378273387,"event":"DECISION","unit":"enemy_orc_archer","action":"Move","target":"(-20, 0, 6.3933983)","score":1.3186815}
[RealtimeAIController] Orc Archer -> Move (#5) score:1.32
[CombatArena] ExecuteMovement: enemy_orc_archer -> (-20, 0, 6.3933983)
[CombatArena] [STATE] AIDecision -> ActionExecution
[RealtimeAIController] State: AIDecision -> ActionExecution
[CombatArena] Orc Archer moved from (-22.1967, 0, 4.196699) to (-20, 0, 6.3933983), distance: 3.1
[CombatArena] [STATE] ActionExecution -> AIDecision
[RealtimeAIController] State: ActionExecution -> AIDecision
[AutoBattlerManager] Action: enemy_orc_archer -> Move to (-20, 0, 6.3933983) (OK)
[COMBAT_LOG] {"ts":1770378273489,"event":"DECISION","unit":"enemy_orc_archer","action":"Move","target":"(-18.713203, 0, 6.3933983)","score":1.3111182}
[RealtimeAIController] Orc Archer -> Move (#6) score:1.31
[CombatArena] ExecuteMovement: enemy_orc_archer -> (-18.713203, 0, 6.3933983)
[CombatArena] [STATE] AIDecision -> ActionExecution
[RealtimeAIController] State: AIDecision -> ActionExecution
[CombatArena] Orc Archer moved from (-20, 0, 6.3933983) to (-18.713203, 0, 6.3933983), distance: 1.3
[CombatArena] [STATE] ActionExecution -> AIDecision
[RealtimeAIController] State: ActionExecution -> AIDecision
[AutoBattlerManager] Action: enemy_orc_archer -> Move to (-18.713203, 0, 6.3933983) (OK)
[COMBAT_LOG] {"ts":1770378273591,"event":"DECISION","unit":"enemy_orc_archer","action":"EndTurn","score":0.10430671}
[RealtimeAIController] Orc Archer -> EndTurn (#7) score:0.10
[RealtimeAIController] Calling EndCurrentTurn()
[CombatArena] [STATE] AIDecision -> TurnEnd
[RealtimeAIController] State: AIDecision -> TurnEnd
[CombatArena] [TURN] Round 2, Goblin Shaman
[CombatArena] [STATE] TurnEnd -> TurnStart
[RealtimeAIController] State: TurnEnd -> TurnStart
[CombatArena] [STATE] TurnStart -> AIDecision
[RealtimeAIController] State: TurnStart -> AIDecision
[CombatArena] Camera focusing on Goblin Shaman via hooks
[CombatArena] SelectCombatant called: enemy_shaman
[CombatArena] Selected: enemy_shaman
[CombatArena] Turn started: Goblin Shaman (AI)
[COMBAT_LOG] {"ts":1770378273598,"event":"TURN_START","turn":13,"round":2,"unit":"enemy_shaman","unit_name":"Goblin Shaman","faction":"Hostile","hp":23,"max_hp":28,"ap":"Action | Bonus | Reaction | Move:30/30","pos":[-11.966991,0,-11.606602]}
[RealtimeAIController] Turn started for Goblin Shaman
[COMBAT_LOG] {"ts":1770378273598,"event":"DECISION","unit":"enemy_shaman","action":"Move","target":"(-11.966991, 0, 18.393398)","score":1.3137443}
[RealtimeAIController] Goblin Shaman -> Move (#1) score:1.31
[CombatArena] ExecuteMovement: enemy_shaman -> (-11.966991, 0, 18.393398)
[CombatArena] [STATE] AIDecision -> ActionExecution
[RealtimeAIController] State: AIDecision -> ActionExecution
[CombatArena] Goblin Shaman moved from (-11.966991, 0, -11.606602) to (-11.966991, 0, 18.393398), distance: 30.0
[CombatArena] [STATE] ActionExecution -> AIDecision
[RealtimeAIController] State: ActionExecution -> AIDecision
[AutoBattlerManager] Action: enemy_shaman -> Move to (-11.966991, 0, 18.393398) (OK)
[COMBAT_LOG] {"ts":1770378273701,"event":"DECISION","unit":"enemy_shaman","action":"Dash","score":3.0786173}
[RealtimeAIController] Goblin Shaman -> Dash (#2) score:3.08
[AutoBattlerManager] Action: enemy_shaman -> Dash (OK)
[COMBAT_LOG] {"ts":1770378273804,"event":"DECISION","unit":"enemy_shaman","action":"Move","target":"(-11.966991, 0, -11.606602)","score":1.3000932}
[RealtimeAIController] Goblin Shaman -> Move (#3) score:1.30
[CombatArena] ExecuteMovement: enemy_shaman -> (-11.966991, 0, -11.606602)
[CombatArena] [STATE] AIDecision -> ActionExecution
[RealtimeAIController] State: AIDecision -> ActionExecution
[CombatArena] Goblin Shaman moved from (-11.966991, 0, 18.393398) to (-11.966991, 0, -11.606602), distance: 30.0
[CombatArena] [STATE] ActionExecution -> AIDecision
[RealtimeAIController] State: ActionExecution -> AIDecision
[AutoBattlerManager] Action: enemy_shaman -> Move to (-11.966991, 0, -11.606602) (OK)
[COMBAT_LOG] {"ts":1770378273906,"event":"DECISION","unit":"enemy_shaman","action":"EndTurn","score":0.1037167}
[RealtimeAIController] Goblin Shaman -> EndTurn (#4) score:0.10
[RealtimeAIController] Calling EndCurrentTurn()
[CombatArena] [STATE] AIDecision -> TurnEnd
[RealtimeAIController] State: AIDecision -> TurnEnd
[CombatArena] [TURN] Round 2, Mage
[CombatArena] [STATE] TurnEnd -> TurnStart
[RealtimeAIController] State: TurnEnd -> TurnStart
[CombatArena] [STATE] TurnStart -> PlayerDecision
[RealtimeAIController] State: TurnStart -> PlayerDecision
[CombatArena] Camera focusing on Mage via hooks
[CombatArena] SelectCombatant called: player_mage
[CombatArena] Selected: player_mage
[CombatArena] Turn started: Mage (Player)
[COMBAT_LOG] {"ts":1770378273913,"event":"TURN_START","turn":14,"round":2,"unit":"player_mage","unit_name":"Mage","faction":"Player","hp":32,"max_hp":32,"ap":"Action | Bonus | Reaction | Move:30/30","pos":[-7.671334,0,-12.544102]}
[RealtimeAIController] Turn started for Mage
[COMBAT_LOG] {"ts":1770378273913,"event":"DECISION","unit":"player_mage","action":"Attack","target":"enemy_shaman","score":0.7129397}
[RealtimeAIController] Mage -> Attack (#1) score:0.71
[CombatArena] ExecuteAbility: player_mage -> basic_attack -> enemy_shaman
[CombatArena] [STATE] PlayerDecision -> ActionExecution
[RealtimeAIController] State: PlayerDecision -> ActionExecution
[CombatArena] Mage used basic_attack on Goblin Shaman: damage:10
[CombatArena] ClearSelection called
[AutoBattlerManager] Action: player_mage -> Attack:basic_attack->enemy_shaman (OK)
[CombatArena] [STATE] ActionExecution -> PlayerDecision
[RealtimeAIController] State: ActionExecution -> PlayerDecision
[COMBAT_LOG] {"ts":1770378274612,"event":"DECISION","unit":"player_mage","action":"Move","target":"(7.328666, 0, -12.544102)","score":0.6590278}
[RealtimeAIController] Mage -> Move (#2) score:0.66
[CombatArena] ExecuteMovement: player_mage -> (7.328666, 0, -12.544102)
[CombatArena] [STATE] PlayerDecision -> ActionExecution
[RealtimeAIController] State: PlayerDecision -> ActionExecution
[CombatArena] Mage moved from (-7.671334, 0, -12.544102) to (7.328666, 0, -12.544102), distance: 15.0
[CombatArena] [STATE] ActionExecution -> PlayerDecision
[RealtimeAIController] State: ActionExecution -> PlayerDecision
[AutoBattlerManager] Action: player_mage -> Move to (7.328666, 0, -12.544102) (OK)
[COMBAT_LOG] {"ts":1770378274714,"event":"DECISION","unit":"player_mage","action":"Move","target":"(-7.671334, 0, -12.544102)","score":1.2395927}
[RealtimeAIController] Mage -> Move (#3) score:1.24
[CombatArena] ExecuteMovement: player_mage -> (-7.671334, 0, -12.544102)
[CombatArena] [STATE] PlayerDecision -> ActionExecution
[RealtimeAIController] State: PlayerDecision -> ActionExecution
[CombatArena] Mage moved from (7.328666, 0, -12.544102) to (-7.671334, 0, -12.544102), distance: 15.0
[CombatArena] [STATE] ActionExecution -> PlayerDecision
[RealtimeAIController] State: ActionExecution -> PlayerDecision
[AutoBattlerManager] Action: player_mage -> Move to (-7.671334, 0, -12.544102) (OK)
[COMBAT_LOG] {"ts":1770378274817,"event":"DECISION","unit":"player_mage","action":"EndTurn","score":0.10718599}
[RealtimeAIController] Mage -> EndTurn (#4) score:0.11
[RealtimeAIController] Calling EndCurrentTurn()
[CombatArena] [STATE] PlayerDecision -> TurnEnd
[RealtimeAIController] State: PlayerDecision -> TurnEnd
[CombatArena] [TURN] Round 2, Orc Brute
[CombatArena] [STATE] TurnEnd -> TurnStart
[RealtimeAIController] State: TurnEnd -> TurnStart
[CombatArena] [STATE] TurnStart -> AIDecision
[RealtimeAIController] State: TurnStart -> AIDecision
[CombatArena] Camera focusing on Orc Brute via hooks
[CombatArena] SelectCombatant called: enemy_orc_brute
[CombatArena] Selected: enemy_orc_brute
[CombatArena] Turn started: Orc Brute (AI)
[COMBAT_LOG] {"ts":1770378274824,"event":"TURN_START","turn":15,"round":2,"unit":"enemy_orc_brute","unit_name":"Orc Brute","faction":"Hostile","hp":32,"max_hp":48,"ap":"Action | Bonus | Reaction | Move:30/30","pos":[-7,0,-15]}
[RealtimeAIController] Turn started for Orc Brute
[COMBAT_LOG] {"ts":1770378274824,"event":"DECISION","unit":"enemy_orc_brute","action":"Move","target":"(-7, 0, 15)","score":1.2841744}
[RealtimeAIController] Orc Brute -> Move (#1) score:1.28
[CombatArena] ExecuteMovement: enemy_orc_brute -> (-7, 0, 15)
[CombatArena] [STATE] AIDecision -> ActionExecution
[RealtimeAIController] State: AIDecision -> ActionExecution
[CombatArena] Orc Brute moved from (-7, 0, -15) to (-7, 0, 15), distance: 30.0
[CombatArena] [STATE] ActionExecution -> AIDecision
[RealtimeAIController] State: ActionExecution -> AIDecision
[AutoBattlerManager] Action: enemy_orc_brute -> Move to (-7, 0, 15) (OK)
[COMBAT_LOG] {"ts":1770378274927,"event":"DECISION","unit":"enemy_orc_brute","action":"Dash","score":3.2482643}
[RealtimeAIController] Orc Brute -> Dash (#2) score:3.25
[AutoBattlerManager] Action: enemy_orc_brute -> Dash (OK)
[COMBAT_LOG] {"ts":1770378275030,"event":"DECISION","unit":"enemy_orc_brute","action":"Move","target":"(-7, 0, -15)","score":1.3128272}
[RealtimeAIController] Orc Brute -> Move (#3) score:1.31
[CombatArena] ExecuteMovement: enemy_orc_brute -> (-7, 0, -15)
[CombatArena] [STATE] AIDecision -> ActionExecution
[RealtimeAIController] State: AIDecision -> ActionExecution
[CombatArena] Orc Brute moved from (-7, 0, 15) to (-7, 0, -15), distance: 30.0
[CombatArena] [STATE] ActionExecution -> AIDecision
[RealtimeAIController] State: ActionExecution -> AIDecision
[AutoBattlerManager] Action: enemy_orc_brute -> Move to (-7, 0, -15) (OK)
[COMBAT_LOG] {"ts":1770378275132,"event":"DECISION","unit":"enemy_orc_brute","action":"EndTurn","score":0.10294582}
[RealtimeAIController] Orc Brute -> EndTurn (#4) score:0.10
[RealtimeAIController] Calling EndCurrentTurn()
[CombatArena] [STATE] AIDecision -> TurnEnd
[RealtimeAIController] State: AIDecision -> TurnEnd
[CombatArena] [TURN] Round 2, Cleric
[CombatArena] [STATE] TurnEnd -> TurnStart
[RealtimeAIController] State: TurnEnd -> TurnStart
[CombatArena] [STATE] TurnStart -> PlayerDecision
[RealtimeAIController] State: TurnStart -> PlayerDecision
[CombatArena] Camera focusing on Cleric via hooks
[CombatArena] SelectCombatant called: player_cleric
[CombatArena] Selected: player_cleric
[CombatArena] Turn started: Cleric (Player)
[COMBAT_LOG] {"ts":1770378275139,"event":"TURN_START","turn":16,"round":2,"unit":"player_cleric","unit_name":"Cleric","faction":"Player","hp":44,"max_hp":44,"ap":"Action | Bonus | Reaction | Move:30/30","pos":[-9.409903,0,14.196701]}
[RealtimeAIController] Turn started for Cleric
[COMBAT_LOG] {"ts":1770378275139,"event":"DECISION","unit":"player_cleric","action":"Attack","target":"enemy_shaman","score":2.1032503}
[RealtimeAIController] Cleric -> Attack (#1) score:2.10
[CombatArena] ExecuteAbility: player_cleric -> basic_attack -> enemy_shaman
[CombatArena] [STATE] PlayerDecision -> ActionExecution
[RealtimeAIController] State: PlayerDecision -> ActionExecution
[CombatArena] Cleric used basic_attack on Goblin Shaman: damage:5
[CombatArena] ClearSelection called
[AutoBattlerManager] Action: player_cleric -> Attack:basic_attack->enemy_shaman (OK)
[CombatArena] [STATE] ActionExecution -> PlayerDecision
[RealtimeAIController] State: ActionExecution -> PlayerDecision
[COMBAT_LOG] {"ts":1770378275838,"event":"DECISION","unit":"player_cleric","action":"Move","target":"(-24.409903, 0, -0.80329895)","score":1.2199743}
[RealtimeAIController] Cleric -> Move (#2) score:1.22
[CombatArena] ExecuteMovement: player_cleric -> (-24.409903, 0, -0.80329895)
[CombatArena] [STATE] PlayerDecision -> ActionExecution
[RealtimeAIController] State: PlayerDecision -> ActionExecution
[CombatArena] Cleric moved from (-9.409903, 0, 14.196701) to (-24.409903, 0, -0.80329895), distance: 21.2
[CombatArena] [STATE] ActionExecution -> PlayerDecision
[RealtimeAIController] State: ActionExecution -> PlayerDecision
[AutoBattlerManager] Action: player_cleric -> Move to (-24.409903, 0, -0.80329895) (OK)
[COMBAT_LOG] {"ts":1770378275941,"event":"DECISION","unit":"player_cleric","action":"Move","target":"(-24.409903, 0, -5.196697)","score":1.2972606}
[RealtimeAIController] Cleric -> Move (#3) score:1.30
[CombatArena] ExecuteMovement: player_cleric -> (-24.409903, 0, -5.196697)
[CombatArena] [STATE] PlayerDecision -> ActionExecution
[RealtimeAIController] State: PlayerDecision -> ActionExecution
[CombatArena] Cleric moved from (-24.409903, 0, -0.80329895) to (-24.409903, 0, -5.196697), distance: 4.4
[CombatArena] [STATE] ActionExecution -> PlayerDecision
[RealtimeAIController] State: ActionExecution -> PlayerDecision
[AutoBattlerManager] Action: player_cleric -> Move to (-24.409903, 0, -5.196697) (OK)
[COMBAT_LOG] {"ts":1770378276044,"event":"DECISION","unit":"player_cleric","action":"Move","target":"(-24.409903, 0, -7.3933964)","score":1.3021371}
[RealtimeAIController] Cleric -> Move (#4) score:1.30
[CombatArena] ExecuteMovement: player_cleric -> (-24.409903, 0, -7.3933964)
[CombatArena] [STATE] PlayerDecision -> ActionExecution
[RealtimeAIController] State: PlayerDecision -> ActionExecution
[CombatArena] Cleric moved from (-24.409903, 0, -5.196697) to (-24.409903, 0, -7.3933964), distance: 2.2
[CombatArena] [STATE] ActionExecution -> PlayerDecision
[RealtimeAIController] State: ActionExecution -> PlayerDecision
[AutoBattlerManager] Action: player_cleric -> Move to (-24.409903, 0, -7.3933964) (OK)
[COMBAT_LOG] {"ts":1770378276147,"event":"DECISION","unit":"player_cleric","action":"Move","target":"(-25.508251, 0, -7.3933964)","score":1.3150787}
[RealtimeAIController] Cleric -> Move (#5) score:1.32
[CombatArena] ExecuteMovement: player_cleric -> (-25.508251, 0, -7.3933964)
[CombatArena] [STATE] PlayerDecision -> ActionExecution
[RealtimeAIController] State: PlayerDecision -> ActionExecution
[CombatArena] Cleric moved from (-24.409903, 0, -7.3933964) to (-25.508251, 0, -7.3933964), distance: 1.1
[CombatArena] [STATE] ActionExecution -> PlayerDecision
[RealtimeAIController] State: ActionExecution -> PlayerDecision
[AutoBattlerManager] Action: player_cleric -> Move to (-25.508251, 0, -7.3933964) (OK)
[COMBAT_LOG] {"ts":1770378276250,"event":"DECISION","unit":"player_cleric","action":"Move","target":"(-24.4099, 0, -7.3933964)","score":1.3185918}
[RealtimeAIController] Cleric -> Move (#6) score:1.32
[CombatArena] ExecuteMovement: player_cleric -> (-24.4099, 0, -7.3933964)
[CombatArena] [STATE] PlayerDecision -> ActionExecution
[RealtimeAIController] State: PlayerDecision -> ActionExecution
[CombatArena] Cleric moved from (-25.508251, 0, -7.3933964) to (-24.4099, 0, -7.3933964), distance: 1.1
[CombatArena] [STATE] ActionExecution -> PlayerDecision
[RealtimeAIController] State: ActionExecution -> PlayerDecision
[AutoBattlerManager] Action: player_cleric -> Move to (-24.4099, 0, -7.3933964) (OK)
[COMBAT_LOG] {"ts":1770378276352,"event":"DECISION","unit":"player_cleric","action":"EndTurn","score":0.10461395}
[RealtimeAIController] Cleric -> EndTurn (#7) score:0.10
[RealtimeAIController] Calling EndCurrentTurn()
[CombatArena] [STATE] PlayerDecision -> TurnEnd
[RealtimeAIController] State: PlayerDecision -> TurnEnd
[CombatArena] [TURN] Round 3, Rogue
[CombatArena] [STATE] TurnEnd -> RoundEnd
[RealtimeAIController] State: TurnEnd -> RoundEnd
[CombatArena] [STATE] RoundEnd -> TurnStart
[RealtimeAIController] State: RoundEnd -> TurnStart
[CombatArena] Round 3: Reset reactions for all combatants
[CombatArena] [STATE] TurnStart -> PlayerDecision
[RealtimeAIController] State: TurnStart -> PlayerDecision
[CombatArena] Camera focusing on Rogue via hooks
[CombatArena] SelectCombatant called: player_rogue
[CombatArena] Selected: player_rogue
[CombatArena] Turn started: Rogue (Player)
[COMBAT_LOG] {"ts":1770378276359,"event":"TURN_START","turn":17,"round":3,"unit":"player_rogue","unit_name":"Rogue","faction":"Player","hp":36,"max_hp":36,"ap":"Action | Bonus | Reaction | Move:30/30","pos":[-15.352814,0,8.073593]}
[RealtimeAIController] Turn started for Rogue
[COMBAT_LOG] {"ts":1770378276359,"event":"DECISION","unit":"player_rogue","action":"Attack","target":"enemy_shaman","score":6.883115}
[RealtimeAIController] Rogue -> Attack (#1) score:6.88
[CombatArena] ExecuteAbility: player_rogue -> basic_attack -> enemy_shaman
[CombatArena] [STATE] PlayerDecision -> ActionExecution
[RealtimeAIController] State: PlayerDecision -> ActionExecution
[CombatArena] Rogue used basic_attack on Goblin Shaman: damage:10
[CombatArena] ClearSelection called
[AutoBattlerManager] Action: player_rogue -> Attack:basic_attack->enemy_shaman (OK)
[CombatArena] [STATE] ActionExecution -> PlayerDecision
[RealtimeAIController] State: ActionExecution -> PlayerDecision
[COMBAT_LOG] {"ts":1770378277058,"event":"DECISION","unit":"player_rogue","action":"Move","target":"(-0.35281372, 0, 8.073593)","score":0.65828574}
[RealtimeAIController] Rogue -> Move (#2) score:0.66
[CombatArena] ExecuteMovement: player_rogue -> (-0.35281372, 0, 8.073593)
[CombatArena] [STATE] PlayerDecision -> ActionExecution
[RealtimeAIController] State: PlayerDecision -> ActionExecution
[CombatArena] Rogue moved from (-15.352814, 0, 8.073593) to (-0.35281372, 0, 8.073593), distance: 15.0
[CombatArena] [STATE] ActionExecution -> PlayerDecision
[RealtimeAIController] State: ActionExecution -> PlayerDecision
[AutoBattlerManager] Action: player_rogue -> Move to (-0.35281372, 0, 8.073593) (OK)
[COMBAT_LOG] {"ts":1770378277161,"event":"DECISION","unit":"player_rogue","action":"Move","target":"(-15.352814, 0, 8.073593)","score":1.2074946}
[RealtimeAIController] Rogue -> Move (#3) score:1.21
[CombatArena] ExecuteMovement: player_rogue -> (-15.352814, 0, 8.073593)
[CombatArena] [STATE] PlayerDecision -> ActionExecution
[RealtimeAIController] State: PlayerDecision -> ActionExecution
[CombatArena] Rogue moved from (-0.35281372, 0, 8.073593) to (-15.352814, 0, 8.073593), distance: 15.0
[CombatArena] [STATE] ActionExecution -> PlayerDecision
[RealtimeAIController] State: ActionExecution -> PlayerDecision
[AutoBattlerManager] Action: player_rogue -> Move to (-15.352814, 0, 8.073593) (OK)
[COMBAT_LOG] {"ts":1770378277264,"event":"DECISION","unit":"player_rogue","action":"EndTurn","score":0.10842603}
[RealtimeAIController] Rogue -> EndTurn (#4) score:0.11
[RealtimeAIController] Calling EndCurrentTurn()
[CombatArena] [STATE] PlayerDecision -> TurnEnd
[RealtimeAIController] State: PlayerDecision -> TurnEnd
[CombatArena] [TURN] Round 3, Goblin Skirmisher
[CombatArena] [STATE] TurnEnd -> TurnStart
[RealtimeAIController] State: TurnEnd -> TurnStart
[CombatArena] [STATE] TurnStart -> AIDecision
[RealtimeAIController] State: TurnStart -> AIDecision
[CombatArena] Camera focusing on Goblin Skirmisher via hooks
[CombatArena] SelectCombatant called: enemy_goblin
[CombatArena] Selected: enemy_goblin
[CombatArena] Turn started: Goblin Skirmisher (AI)
[COMBAT_LOG] {"ts":1770378277270,"event":"TURN_START","turn":18,"round":3,"unit":"enemy_goblin","unit_name":"Goblin Skirmisher","faction":"Hostile","hp":22,"max_hp":22,"ap":"Action | Bonus | Reaction | Move:30/30","pos":[-22.090096,0,-4.876892]}
[RealtimeAIController] Turn started for Goblin Skirmisher
[COMBAT_LOG] {"ts":1770378277271,"event":"DECISION","unit":"enemy_goblin","action":"Attack","target":"player_fighter","score":1.0709853}
[RealtimeAIController] Goblin Skirmisher -> Attack (#1) score:1.07
[CombatArena] ExecuteAbility: enemy_goblin -> basic_attack -> player_fighter
[CombatArena] [STATE] AIDecision -> ActionExecution
[RealtimeAIController] State: AIDecision -> ActionExecution
[CombatArena] Goblin Skirmisher used basic_attack on Fighter: damage:9
[CombatArena] ClearSelection called
[AutoBattlerManager] Action: enemy_goblin -> Attack:basic_attack->player_fighter (OK)
[CombatArena] [STATE] ActionExecution -> AIDecision
[RealtimeAIController] State: ActionExecution -> AIDecision
[COMBAT_LOG] {"ts":1770378277969,"event":"DECISION","unit":"enemy_goblin","action":"Move","target":"(-37.090096, 0, 10.123108)","score":0.6480851}
[RealtimeAIController] Goblin Skirmisher -> Move (#2) score:0.65
[CombatArena] ExecuteMovement: enemy_goblin -> (-37.090096, 0, 10.123108)
[CombatArena] [STATE] AIDecision -> ActionExecution
[RealtimeAIController] State: AIDecision -> ActionExecution
[CombatArena] Goblin Skirmisher moved from (-22.090096, 0, -4.876892) to (-37.090096, 0, 10.123108), distance: 21.2
[CombatArena] [STATE] ActionExecution -> AIDecision
[RealtimeAIController] State: ActionExecution -> AIDecision
[AutoBattlerManager] Action: enemy_goblin -> Move to (-37.090096, 0, 10.123108) (OK)
[COMBAT_LOG] {"ts":1770378278072,"event":"DECISION","unit":"enemy_goblin","action":"Move","target":"(-37.090096, 0, 18.909904)","score":0.65850496}
[RealtimeAIController] Goblin Skirmisher -> Move (#3) score:0.66
[CombatArena] ExecuteMovement: enemy_goblin -> (-37.090096, 0, 18.909904)
[CombatArena] [STATE] AIDecision -> ActionExecution
[RealtimeAIController] State: AIDecision -> ActionExecution
[CombatArena] Goblin Skirmisher moved from (-37.090096, 0, 10.123108) to (-37.090096, 0, 18.909904), distance: 8.8
[CombatArena] [STATE] ActionExecution -> AIDecision
[RealtimeAIController] State: ActionExecution -> AIDecision
[AutoBattlerManager] Action: enemy_goblin -> Move to (-37.090096, 0, 18.909904) (OK)
[COMBAT_LOG] {"ts":1770378278175,"event":"DECISION","unit":"enemy_goblin","action":"EndTurn","score":0.104153916}
[RealtimeAIController] Goblin Skirmisher -> EndTurn (#4) score:0.10
[RealtimeAIController] Calling EndCurrentTurn()
[CombatArena] [STATE] AIDecision -> TurnEnd
[RealtimeAIController] State: AIDecision -> TurnEnd
[CombatArena] [TURN] Round 3, Fighter
[CombatArena] [STATE] TurnEnd -> TurnStart
[RealtimeAIController] State: TurnEnd -> TurnStart
[CombatArena] [STATE] TurnStart -> PlayerDecision
[RealtimeAIController] State: TurnStart -> PlayerDecision
[CombatArena] Camera focusing on Fighter via hooks
[CombatArena] SelectCombatant called: player_fighter
[CombatArena] Selected: player_fighter
[CombatArena] Turn started: Fighter (Player)
[COMBAT_LOG] {"ts":1770378278182,"event":"TURN_START","turn":19,"round":3,"unit":"player_fighter","unit_name":"Fighter","faction":"Player","hp":43,"max_hp":52,"ap":"Action | Bonus | Reaction | Move:30/30","pos":[-21.213203,0,0]}
[RealtimeAIController] Turn started for Fighter
[COMBAT_LOG] {"ts":1770378278182,"event":"DECISION","unit":"player_fighter","action":"Move","target":"(-36.213203, 0, 15)","score":1.3192903}
[RealtimeAIController] Fighter -> Move (#1) score:1.32
[CombatArena] ExecuteMovement: player_fighter -> (-36.213203, 0, 15)
[CombatArena] [STATE] PlayerDecision -> ActionExecution
[RealtimeAIController] State: PlayerDecision -> ActionExecution
[CombatArena] Fighter moved from (-21.213203, 0, 0) to (-36.213203, 0, 15), distance: 21.2
[CombatArena] [STATE] ActionExecution -> PlayerDecision
[RealtimeAIController] State: ActionExecution -> PlayerDecision
[AutoBattlerManager] Action: player_fighter -> Move to (-36.213203, 0, 15) (OK)
[COMBAT_LOG] {"ts":1770378278284,"event":"DECISION","unit":"player_fighter","action":"Move","target":"(-40.6066, 0, 19.393398)","score":1.2444278}
[RealtimeAIController] Fighter -> Move (#2) score:1.24
[CombatArena] ExecuteMovement: player_fighter -> (-40.6066, 0, 19.393398)
[CombatArena] [STATE] PlayerDecision -> ActionExecution
[RealtimeAIController] State: PlayerDecision -> ActionExecution
[CombatArena] Fighter moved from (-36.213203, 0, 15) to (-40.6066, 0, 19.393398), distance: 6.2
[CombatArena] [STATE] ActionExecution -> PlayerDecision
[RealtimeAIController] State: ActionExecution -> PlayerDecision
[AutoBattlerManager] Action: player_fighter -> Move to (-40.6066, 0, 19.393398) (OK)
[COMBAT_LOG] {"ts":1770378278387,"event":"DECISION","unit":"player_fighter","action":"Dash","score":3.2046418}
[RealtimeAIController] Fighter -> Dash (#3) score:3.20
[AutoBattlerManager] Action: player_fighter -> Dash (OK)
[COMBAT_LOG] {"ts":1770378278490,"event":"DECISION","unit":"player_fighter","action":"Move","target":"(-24.319805, 0, 3.1066017)","score":0.65867406}
[RealtimeAIController] Fighter -> Move (#4) score:0.66
[CombatArena] ExecuteMovement: player_fighter -> (-24.319805, 0, 3.1066017)
[CombatArena] [STATE] PlayerDecision -> ActionExecution
[RealtimeAIController] State: PlayerDecision -> ActionExecution
[CombatArena] Fighter moved from (-40.6066, 0, 19.393398) to (-24.319805, 0, 3.1066017), distance: 23.0
[CombatArena] [STATE] ActionExecution -> PlayerDecision
[RealtimeAIController] State: ActionExecution -> PlayerDecision
[AutoBattlerManager] Action: player_fighter -> Move to (-24.319805, 0, 3.1066017) (OK)
[COMBAT_LOG] {"ts":1770378278593,"event":"DECISION","unit":"player_fighter","action":"Move","target":"(-19.549513, 0, 3.1066017)","score":1.2929024}
[RealtimeAIController] Fighter -> Move (#5) score:1.29
[CombatArena] ExecuteMovement: player_fighter -> (-19.549513, 0, 3.1066017)
[CombatArena] [STATE] PlayerDecision -> ActionExecution
[RealtimeAIController] State: PlayerDecision -> ActionExecution
[CombatArena] Fighter moved from (-24.319805, 0, 3.1066017) to (-19.549513, 0, 3.1066017), distance: 4.8
[CombatArena] [STATE] ActionExecution -> PlayerDecision
[RealtimeAIController] State: ActionExecution -> PlayerDecision
[AutoBattlerManager] Action: player_fighter -> Move to (-19.549513, 0, 3.1066017) (OK)
[COMBAT_LOG] {"ts":1770378278696,"event":"DECISION","unit":"player_fighter","action":"Move","target":"(-17.164368, 0, 3.1066017)","score":1.314746}
[RealtimeAIController] Fighter -> Move (#6) score:1.31
[CombatArena] ExecuteMovement: player_fighter -> (-17.164368, 0, 3.1066017)
[CombatArena] [STATE] PlayerDecision -> ActionExecution
[RealtimeAIController] State: PlayerDecision -> ActionExecution
[CombatArena] Fighter moved from (-19.549513, 0, 3.1066017) to (-17.164368, 0, 3.1066017), distance: 2.4
[CombatArena] [STATE] ActionExecution -> PlayerDecision
[RealtimeAIController] State: ActionExecution -> PlayerDecision
[AutoBattlerManager] Action: player_fighter -> Move to (-17.164368, 0, 3.1066017) (OK)
[COMBAT_LOG] {"ts":1770378278799,"event":"DECISION","unit":"player_fighter","action":"Move","target":"(-17.164368, 0, 4.2991753)","score":1.3117292}
[RealtimeAIController] Fighter -> Move (#7) score:1.31
[CombatArena] ExecuteMovement: player_fighter -> (-17.164368, 0, 4.2991753)
[CombatArena] [STATE] PlayerDecision -> ActionExecution
[RealtimeAIController] State: PlayerDecision -> ActionExecution
[CombatArena] Fighter moved from (-17.164368, 0, 3.1066017) to (-17.164368, 0, 4.2991753), distance: 1.2
[CombatArena] [STATE] ActionExecution -> PlayerDecision
[RealtimeAIController] State: ActionExecution -> PlayerDecision
[AutoBattlerManager] Action: player_fighter -> Move to (-17.164368, 0, 4.2991753) (OK)
[COMBAT_LOG] {"ts":1770378278901,"event":"DECISION","unit":"player_fighter","action":"Move","target":"(-16.56808, 0, 3.7028885)","score":1.3161851}
[RealtimeAIController] Fighter -> Move (#8) score:1.32
[CombatArena] ExecuteMovement: player_fighter -> (-16.56808, 0, 3.7028885)
[CombatArena] [STATE] PlayerDecision -> ActionExecution
[RealtimeAIController] State: PlayerDecision -> ActionExecution
[CombatArena] Fighter moved from (-17.164368, 0, 4.2991753) to (-16.56808, 0, 3.7028885), distance: 0.8
[CombatArena] [STATE] ActionExecution -> PlayerDecision
[RealtimeAIController] State: ActionExecution -> PlayerDecision
[AutoBattlerManager] Action: player_fighter -> Move to (-16.56808, 0, 3.7028885) (OK)
[COMBAT_LOG] {"ts":1770378279004,"event":"DECISION","unit":"player_fighter","action":"Move","target":"(-16.56808, 0, 3.353592)","score":1.3123081}
[RealtimeAIController] Fighter -> Move (#9) score:1.31
[CombatArena] ExecuteMovement: player_fighter -> (-16.56808, 0, 3.353592)
[CombatArena] [STATE] PlayerDecision -> ActionExecution
[RealtimeAIController] State: PlayerDecision -> ActionExecution
[CombatArena] Fighter moved from (-16.56808, 0, 3.7028885) to (-16.56808, 0, 3.353592), distance: 0.3
[CombatArena] [STATE] ActionExecution -> PlayerDecision
[RealtimeAIController] State: ActionExecution -> PlayerDecision
[AutoBattlerManager] Action: player_fighter -> Move to (-16.56808, 0, 3.353592) (OK)
[COMBAT_LOG] {"ts":1770378279107,"event":"DECISION","unit":"player_fighter","action":"EndTurn","score":0.10552305}
[RealtimeAIController] Fighter -> EndTurn (#10) score:0.11
[RealtimeAIController] Calling EndCurrentTurn()
[CombatArena] [STATE] PlayerDecision -> TurnEnd
[RealtimeAIController] State: PlayerDecision -> TurnEnd
[CombatArena] [TURN] Round 3, Orc Archer
[CombatArena] [STATE] TurnEnd -> TurnStart
[RealtimeAIController] State: TurnEnd -> TurnStart
[CombatArena] [STATE] TurnStart -> AIDecision
[RealtimeAIController] State: TurnStart -> AIDecision
[CombatArena] Camera focusing on Orc Archer via hooks
[CombatArena] SelectCombatant called: enemy_orc_archer
[CombatArena] Selected: enemy_orc_archer
[CombatArena] Turn started: Orc Archer (AI)
[COMBAT_LOG] {"ts":1770378279113,"event":"TURN_START","turn":20,"round":3,"unit":"enemy_orc_archer","unit_name":"Orc Archer","faction":"Hostile","hp":30,"max_hp":30,"ap":"Action | Bonus | Reaction | Move:30/30","pos":[-18.713203,0,6.3933983]}
[AutoBattlerManager] Turn limit reached (20)
[AutoBattleWatchdog] Monitoring STOPPED
[RealtimeAIController] Processing DISABLED
[COMBAT_LOG] {"ts":1770378279119,"event":"BATTLE_END","winner":"Draw (timeout)","total_turns":20,"total_rounds":3,"duration_ms":14415}

â•”â•â•â•â•â•â•â•â•â•â•â•â•â•â•â•â•â•â•â•â•â•â•â•â•â•â•â•â•â•â•â•â•â•â•â•â•â•â•â•â•â•â•â•â•â•â•â•â•â•â•â•â•—
â•‘             AUTO-BATTLE RESULTS                   â•‘
â•šâ•â•â•â•â•â•â•â•â•â•â•â•â•â•â•â•â•â•â•â•â•â•â•â•â•â•â•â•â•â•â•â•â•â•â•â•â•â•â•â•â•â•â•â•â•â•â•â•â•â•â•â•

  Winner:       Draw (timeout)
  Total Turns:  20
  Total Rounds: 3
  Duration:     14415ms
  Completed:    False
  End Reason:   max_turns_exceeded
  Seed:         3010

  Surviving Units:
    - Fighter (player_fighter) HP:43/52
    - Mage (player_mage) HP:32/32
    - Cleric (player_cleric) HP:44/44
    - Rogue (player_rogue) HP:36/36
    - Orc Brute (enemy_orc_brute) HP:32/48
    - Orc Archer (enemy_orc_archer) HP:30/30
    - Goblin Skirmisher (enemy_goblin) HP:22/22

AUTO-BATTLE: FAILED (max_turns_exceeded)
[RealtimeAIController] Turn started for Orc Archer
[RealtimeAIController] Orc Archer -> Attack (#1) score:1.03
[CombatArena] ExecuteAbility: enemy_orc_archer -> basic_attack -> player_rogue
[CombatArena] [STATE] AIDecision -> ActionExecution
[RealtimeAIController] State: AIDecision -> ActionExecution
[CombatArena] Orc Archer used basic_attack on Rogue: damage:7
[CombatArena] ClearSelection called
[AutoBattlerManager] Action: enemy_orc_archer -> Attack:basic_attack->player_rogue (OK)
