[0;32m[INFO][0m Using Godot: godot
[0;32m[INFO][0m Project dir: /home/martin/repos/qdnd
[0;32m[INFO][0m Running auto-battle...
[0;36mâ•â•â•â•â•â•â•â•â•â•â•â•â•â•â•â•â•â•â•â•â•â•â•â•â•â•â•â•â•â•â•â•â•â•â•â•â•â•â•â•â•â•â•â•â•â•â•â•â•â•â•[0m
Godot Engine v4.6.stable.mono.official.89cea1439 - https://godotengine.org

[CLIEntryPoint] Raw args: res://Tools/CLIRunner.tscn
[CLIEntryPoint] User args: --run-autobattle --seed 2009 --freeze-timeout 10 --loop-threshold 20 --max-turns 20 --log-file artifacts/autobattle/regression_recheck/seed_2009.jsonl
[CLIEntryPoint] Parsed args: run-autobattle=true, seed=2009, freeze-timeout=10, loop-threshold=20, max-turns=20, log-file=artifacts/autobattle/regression_recheck/seed_2009.jsonl
[CLIEntryPoint] Checking modes: run-tests=False, run-simulation=False, run-autobattle=True
=== IN-ENGINE AUTO-BATTLE RUN ===
Timestamp: 2026-02-06T11:45:51.8869599Z
NOTE: Running the REAL CombatArena.tscn scene with AI control.

Seed: 2009
Scenario: res://Data/Scenarios/autobattle_4v4.json
Log file: artifacts/autobattle/regression_recheck/seed_2009.jsonl
Max rounds: 100
Max turns: 20
Watchdog freeze timeout: 10s
Watchdog loop threshold: 20

[AutoBattlerManager] === STARTING IN-ENGINE AUTO-BATTLE ===
[AutoBattlerManager] Seed: 2009
[AutoBattlerManager] Scenario: res://Data/Scenarios/autobattle_4v4.json
[AutoBattlerManager] Loading scene: res://Combat/Arena/CombatArena.tscn
[CombatArena] === COMBAT ARENA INITIALIZING ===
[CombatArena] Ground collision plane created (100x100m at Y=0)
[CombatArena] CombatContext created
[CombatContext] Registered service: CombatStateMachine
[CombatContext] Registered service: TurnQueueService
[CombatContext] Registered service: CommandService
[CombatContext] Registered service: CombatLog
[CombatContext] Registered service: ScenarioLoader
[Registry] Loaded from /home/martin/repos/qdnd/Data:
  - 7 abilities
  - 6 statuses
  - 20 scenarios
[INFO] [Registry] Dependencies: Checked 7 abilities, 6 statuses, 20 scenarios
[Registry] Validation complete: 0 errors, 0 warnings
[CombatContext] Registered service: DataRegistry
[CombatContext] Registered service: RulesEngine
[CombatContext] Registered service: StatusManager
[CombatContext] Registered service: EffectPipeline
[CombatContext] Registered service: TargetValidator
[CombatContext] Registered service: ReactionSystem
[CombatContext] Registered service: LOSService
[CombatContext] Registered service: HeightService
[CombatContext] Registered service: AIDecisionPipeline
[CombatContext] Registered service: MovementService
[CombatContext] Registered service: SurfaceManager
[CombatContext] Registered service: PresentationRequestBus
[CombatContext] Registered service: CameraStateHooks
[CombatArena] UI Models initialized
[CombatArena] Services registered: 18
[CombatArena] Loaded scenario: 8 combatants
[CombatArena] Loaded scenario from: res://Data/Scenarios/autobattle_4v4.json
[CombatArena] Registered default abilities: basic_attack, ranged_attack, power_strike
[CombatArena] Instantiating visual from scene for Fighter
[CombatantVisual] CollisionShape3D found for Fighter
[CombatantVisual] Fighter initialized - Layer: 2, Mask: 0, Pickable: True, HasShape: True
[CombatArena] Spawned visual for Fighter at (0, 0, 0), Layer: 2, InTree: True
[CombatArena] Instantiating visual from scene for Mage
[CombatantVisual] CollisionShape3D found for Mage
[CombatantVisual] Mage initialized - Layer: 2, Mask: 0, Pickable: True, HasShape: True
[CombatArena] Spawned visual for Mage at (-3, 0, -1), Layer: 2, InTree: True
[CombatArena] Instantiating visual from scene for Cleric
[CombatantVisual] CollisionShape3D found for Cleric
[CombatantVisual] Cleric initialized - Layer: 2, Mask: 0, Pickable: True, HasShape: True
[CombatArena] Spawned visual for Cleric at (-1, 0, -3), Layer: 2, InTree: True
[CombatArena] Instantiating visual from scene for Rogue
[CombatantVisual] CollisionShape3D found for Rogue
[CombatantVisual] Rogue initialized - Layer: 2, Mask: 0, Pickable: True, HasShape: True
[CombatArena] Spawned visual for Rogue at (2, 0, -2), Layer: 2, InTree: True
[CombatArena] Instantiating visual from scene for Orc Brute
[CombatantVisual] CollisionShape3D found for Orc Brute
[CombatantVisual] Orc Brute initialized - Layer: 2, Mask: 0, Pickable: True, HasShape: True
[CombatArena] Spawned visual for Orc Brute at (8, 0, 0), Layer: 2, InTree: True
[CombatArena] Instantiating visual from scene for Orc Archer
[CombatantVisual] CollisionShape3D found for Orc Archer
[CombatantVisual] Orc Archer initialized - Layer: 2, Mask: 0, Pickable: True, HasShape: True
[CombatArena] Spawned visual for Orc Archer at (10, 0, 2), Layer: 2, InTree: True
[CombatArena] Instantiating visual from scene for Goblin Skirmisher
[CombatantVisual] CollisionShape3D found for Goblin Skirmisher
[CombatantVisual] Goblin Skirmisher initialized - Layer: 2, Mask: 0, Pickable: True, HasShape: True
[CombatArena] Spawned visual for Goblin Skirmisher at (7, 0, 3), Layer: 2, InTree: True
[CombatArena] Instantiating visual from scene for Goblin Shaman
[CombatantVisual] CollisionShape3D found for Goblin Shaman
[CombatantVisual] Goblin Shaman initialized - Layer: 2, Mask: 0, Pickable: True, HasShape: True
[CombatArena] Spawned visual for Goblin Shaman at (10, 0, -1), Layer: 2, InTree: True
[CombatArena] [STATE] NotInCombat -> CombatStart
[CombatArena] [TURN] Round 1, Rogue
[CombatArena] [STATE] CombatStart -> TurnStart
[CombatArena] Round 1: Reset reactions for all combatants
[CombatArena] [STATE] TurnStart -> PlayerDecision
[CombatArena] Camera focusing on Rogue via hooks
[CombatArena] SelectCombatant called: player_rogue
[CombatArena] Selected: player_rogue
[CombatArena] Turn started: Rogue (Player)
[CombatArena] === COMBAT ARENA READY ===
[AutoBattlerManager] CombatArena added to scene tree
[AutoBattleWatchdog] Ready
[AutoBattlerManager] Watchdog created
[RealtimeAIController] Ready
[AutoBattlerManager] RealtimeAIController created
[AutoBattleWatchdog] Monitoring STARTED (freeze: 10s, loop: 20 in 1s)
[AutoBattlerManager] Scene loaded, waiting for combat to start...
[AutoBattlerManager] Arena ready, attaching AI controller...
[RealtimeAIController] Subscribed to state machine
[RealtimeAIController] Attached to CombatArena
[COMBAT_LOG] {"ts":1770378352129,"event":"BATTLE_START","seed":2009,"units":[{"id":"player_fighter","name":"Fighter","faction":"Player","hp":52,"max_hp":52,"pos":[0,0,0],"alive":true},{"id":"player_mage","name":"Mage","faction":"Player","hp":32,"max_hp":32,"pos":[-3,0,-1],"alive":true},{"id":"player_cleric","name":"Cleric","faction":"Player","hp":44,"max_hp":44,"pos":[-1,0,-3],"alive":true},{"id":"player_rogue","name":"Rogue","faction":"Player","hp":36,"max_hp":36,"pos":[2,0,-2],"alive":true},{"id":"enemy_orc_brute","name":"Orc Brute","faction":"Hostile","hp":48,"max_hp":48,"pos":[8,0,0],"alive":true},{"id":"enemy_orc_archer","name":"Orc Archer","faction":"Hostile","hp":30,"max_hp":30,"pos":[10,0,2],"alive":true},{"id":"enemy_goblin","name":"Goblin Skirmisher","faction":"Hostile","hp":22,"max_hp":22,"pos":[7,0,3],"alive":true},{"id":"enemy_shaman","name":"Goblin Shaman","faction":"Hostile","hp":28,"max_hp":28,"pos":[10,0,-1],"alive":true}]}
[AutoBattlerManager] Enabling AI processing...
[RealtimeAIController] Processing ENABLED
[COMBAT_LOG] {"ts":1770378352483,"event":"TURN_START","turn":1,"round":1,"unit":"player_rogue","unit_name":"Rogue","faction":"Player","hp":36,"max_hp":36,"ap":"Action | Bonus | Reaction | Move:30/30","pos":[2,0,-2]}
[RealtimeAIController] Turn started for Rogue
[COMBAT_LOG] {"ts":1770378352493,"event":"DECISION","unit":"player_rogue","action":"Attack","target":"enemy_orc_archer","score":0.7039354}
[RealtimeAIController] Rogue -> Attack (#1) score:0.70
[CombatArena] ExecuteAbility: player_rogue -> basic_attack -> enemy_orc_archer
[CombatArena] [STATE] PlayerDecision -> ActionExecution
[RealtimeAIController] State: PlayerDecision -> ActionExecution
[CombatArena] Rogue used basic_attack on Orc Archer: damage:6
[CombatArena] ClearSelection called
[AutoBattlerManager] Action: player_rogue -> Attack:basic_attack->enemy_orc_archer (OK)
[CombatArena] [STATE] ActionExecution -> PlayerDecision
[RealtimeAIController] State: ActionExecution -> PlayerDecision
[COMBAT_LOG] {"ts":1770378353175,"event":"DECISION","unit":"player_rogue","action":"Move","target":"(17, 0, 13)","score":0.65604246}
[RealtimeAIController] Rogue -> Move (#2) score:0.66
[CombatArena] ExecuteMovement: player_rogue -> (17, 0, 13)
[CombatArena] [STATE] PlayerDecision -> ActionExecution
[RealtimeAIController] State: PlayerDecision -> ActionExecution
[CombatArena] Rogue moved from (2, 0, -2) to (17, 0, 13), distance: 21.2
[CombatArena] [STATE] ActionExecution -> PlayerDecision
[RealtimeAIController] State: ActionExecution -> PlayerDecision
[AutoBattlerManager] Action: player_rogue -> Move to (17, 0, 13) (OK)
[COMBAT_LOG] {"ts":1770378353278,"event":"DECISION","unit":"player_rogue","action":"Move","target":"(21.393398, 0, 8.606602)","score":0.65645367}
[RealtimeAIController] Rogue -> Move (#3) score:0.66
[CombatArena] ExecuteMovement: player_rogue -> (21.393398, 0, 8.606602)
[CombatArena] [STATE] PlayerDecision -> ActionExecution
[RealtimeAIController] State: PlayerDecision -> ActionExecution
[CombatArena] Rogue moved from (17, 0, 13) to (21.393398, 0, 8.606602), distance: 6.2
[CombatArena] [STATE] ActionExecution -> PlayerDecision
[RealtimeAIController] State: ActionExecution -> PlayerDecision
[AutoBattlerManager] Action: player_rogue -> Move to (21.393398, 0, 8.606602) (OK)
[COMBAT_LOG] {"ts":1770378353382,"event":"DECISION","unit":"player_rogue","action":"Move","target":"(21.393398, 0, 7.319805)","score":0.6486067}
[RealtimeAIController] Rogue -> Move (#4) score:0.65
[CombatArena] ExecuteMovement: player_rogue -> (21.393398, 0, 7.319805)
[CombatArena] [STATE] PlayerDecision -> ActionExecution
[RealtimeAIController] State: PlayerDecision -> ActionExecution
[CombatArena] Rogue moved from (21.393398, 0, 8.606602) to (21.393398, 0, 7.319805), distance: 1.3
[CombatArena] [STATE] ActionExecution -> PlayerDecision
[RealtimeAIController] State: ActionExecution -> PlayerDecision
[AutoBattlerManager] Action: player_rogue -> Move to (21.393398, 0, 7.319805) (OK)
[COMBAT_LOG] {"ts":1770378353486,"event":"DECISION","unit":"player_rogue","action":"Move","target":"(20.75, 0, 7.9632034)","score":0.6583015}
[RealtimeAIController] Rogue -> Move (#5) score:0.66
[CombatArena] ExecuteMovement: player_rogue -> (20.75, 0, 7.9632034)
[CombatArena] [STATE] PlayerDecision -> ActionExecution
[RealtimeAIController] State: PlayerDecision -> ActionExecution
[CombatArena] Rogue moved from (21.393398, 0, 7.319805) to (20.75, 0, 7.9632034), distance: 0.9
[CombatArena] [STATE] ActionExecution -> PlayerDecision
[RealtimeAIController] State: ActionExecution -> PlayerDecision
[AutoBattlerManager] Action: player_rogue -> Move to (20.75, 0, 7.9632034) (OK)
[COMBAT_LOG] {"ts":1770378353589,"event":"DECISION","unit":"player_rogue","action":"Move","target":"(20.561554, 0, 7.9632034)","score":0.65280235}
[RealtimeAIController] Rogue -> Move (#6) score:0.65
[CombatArena] ExecuteMovement: player_rogue -> (20.561554, 0, 7.9632034)
[CombatArena] [STATE] PlayerDecision -> ActionExecution
[RealtimeAIController] State: PlayerDecision -> ActionExecution
[CombatArena] Rogue moved from (20.75, 0, 7.9632034) to (20.561554, 0, 7.9632034), distance: 0.2
[CombatArena] [STATE] ActionExecution -> PlayerDecision
[RealtimeAIController] State: ActionExecution -> PlayerDecision
[AutoBattlerManager] Action: player_rogue -> Move to (20.561554, 0, 7.9632034) (OK)
[COMBAT_LOG] {"ts":1770378353693,"event":"DECISION","unit":"player_rogue","action":"Move","target":"(20.561554, 0, 8.151651)","score":0.65739924}
[RealtimeAIController] Rogue -> Move (#7) score:0.66
[CombatArena] ExecuteMovement: player_rogue -> (20.561554, 0, 8.151651)
[CombatArena] [STATE] PlayerDecision -> ActionExecution
[RealtimeAIController] State: PlayerDecision -> ActionExecution
[CombatArena] Rogue moved from (20.561554, 0, 7.9632034) to (20.561554, 0, 8.151651), distance: 0.2
[CombatArena] [STATE] ActionExecution -> PlayerDecision
[RealtimeAIController] State: ActionExecution -> PlayerDecision
[AutoBattlerManager] Action: player_rogue -> Move to (20.561554, 0, 8.151651) (OK)
[COMBAT_LOG] {"ts":1770378353797,"event":"DECISION","unit":"player_rogue","action":"EndTurn","score":0.10834367}
[RealtimeAIController] Rogue -> EndTurn (#8) score:0.11
[RealtimeAIController] Calling EndCurrentTurn()
[CombatArena] [STATE] PlayerDecision -> TurnEnd
[RealtimeAIController] State: PlayerDecision -> TurnEnd
[CombatArena] [TURN] Round 1, Goblin Skirmisher
[CombatArena] [STATE] TurnEnd -> TurnStart
[RealtimeAIController] State: TurnEnd -> TurnStart
[CombatArena] [STATE] TurnStart -> AIDecision
[RealtimeAIController] State: TurnStart -> AIDecision
[CombatArena] Camera focusing on Goblin Skirmisher via hooks
[CombatArena] SelectCombatant called: enemy_goblin
[CombatArena] Selected: enemy_goblin
[CombatArena] Turn started: Goblin Skirmisher (AI)
[COMBAT_LOG] {"ts":1770378353804,"event":"TURN_START","turn":2,"round":1,"unit":"enemy_goblin","unit_name":"Goblin Skirmisher","faction":"Hostile","hp":22,"max_hp":22,"ap":"Action | Bonus | Reaction | Move:30/30","pos":[7,0,3]}
[RealtimeAIController] Turn started for Goblin Skirmisher
[COMBAT_LOG] {"ts":1770378353804,"event":"DECISION","unit":"enemy_goblin","action":"Attack","target":"player_mage","score":1.0315439}
[RealtimeAIController] Goblin Skirmisher -> Attack (#1) score:1.03
[CombatArena] ExecuteAbility: enemy_goblin -> basic_attack -> player_mage
[CombatArena] [STATE] AIDecision -> ActionExecution
[RealtimeAIController] State: AIDecision -> ActionExecution
[CombatArena] Goblin Skirmisher used basic_attack on Mage: damage:10
[CombatArena] ClearSelection called
[AutoBattlerManager] Action: enemy_goblin -> Attack:basic_attack->player_mage (OK)
[CombatArena] [STATE] ActionExecution -> AIDecision
[RealtimeAIController] State: ActionExecution -> AIDecision
[COMBAT_LOG] {"ts":1770378354501,"event":"DECISION","unit":"enemy_goblin","action":"Move","target":"(7, 0, -27)","score":0.65844375}
[RealtimeAIController] Goblin Skirmisher -> Move (#2) score:0.66
[CombatArena] ExecuteMovement: enemy_goblin -> (7, 0, -27)
[CombatArena] [STATE] AIDecision -> ActionExecution
[RealtimeAIController] State: AIDecision -> ActionExecution
[CombatArena] Goblin Skirmisher moved from (7, 0, 3) to (7, 0, -27), distance: 30.0
[CombatArena] [STATE] ActionExecution -> AIDecision
[RealtimeAIController] State: ActionExecution -> AIDecision
[AutoBattlerManager] Action: enemy_goblin -> Move to (7, 0, -27) (OK)
[COMBAT_LOG] {"ts":1770378354605,"event":"DECISION","unit":"enemy_goblin","action":"EndTurn","score":0.10040067}
[RealtimeAIController] Goblin Skirmisher -> EndTurn (#3) score:0.10
[RealtimeAIController] Calling EndCurrentTurn()
[CombatArena] [STATE] AIDecision -> TurnEnd
[RealtimeAIController] State: AIDecision -> TurnEnd
[CombatArena] [TURN] Round 1, Fighter
[CombatArena] [STATE] TurnEnd -> TurnStart
[RealtimeAIController] State: TurnEnd -> TurnStart
[CombatArena] [STATE] TurnStart -> PlayerDecision
[RealtimeAIController] State: TurnStart -> PlayerDecision
[CombatArena] Camera focusing on Fighter via hooks
[CombatArena] SelectCombatant called: player_fighter
[CombatArena] Selected: player_fighter
[CombatArena] Turn started: Fighter (Player)
[COMBAT_LOG] {"ts":1770378354612,"event":"TURN_START","turn":3,"round":1,"unit":"player_fighter","unit_name":"Fighter","faction":"Player","hp":52,"max_hp":52,"ap":"Action | Bonus | Reaction | Move:30/30","pos":[0,0,0]}
[RealtimeAIController] Turn started for Fighter
[COMBAT_LOG] {"ts":1770378354612,"event":"DECISION","unit":"player_fighter","action":"Attack","target":"enemy_shaman","score":0.70393354}
[RealtimeAIController] Fighter -> Attack (#1) score:0.70
[CombatArena] ExecuteAbility: player_fighter -> basic_attack -> enemy_shaman
[CombatArena] [STATE] PlayerDecision -> ActionExecution
[RealtimeAIController] State: PlayerDecision -> ActionExecution
[CombatArena] Fighter used basic_attack on Goblin Shaman: damage:5
[CombatArena] ClearSelection called
[AutoBattlerManager] Action: player_fighter -> Attack:basic_attack->enemy_shaman (OK)
[CombatArena] [STATE] ActionExecution -> PlayerDecision
[RealtimeAIController] State: ActionExecution -> PlayerDecision
[COMBAT_LOG] {"ts":1770378355309,"event":"DECISION","unit":"player_fighter","action":"Move","target":"(0, 0, -30)","score":0.6567624}
[RealtimeAIController] Fighter -> Move (#2) score:0.66
[CombatArena] ExecuteMovement: player_fighter -> (0, 0, -30)
[CombatArena] [STATE] PlayerDecision -> ActionExecution
[RealtimeAIController] State: PlayerDecision -> ActionExecution
[CombatArena] Fighter moved from (0, 0, 0) to (0, 0, -30), distance: 30.0
[CombatArena] [STATE] ActionExecution -> PlayerDecision
[RealtimeAIController] State: ActionExecution -> PlayerDecision
[AutoBattlerManager] Action: player_fighter -> Move to (0, 0, -30) (OK)
[COMBAT_LOG] {"ts":1770378355412,"event":"DECISION","unit":"player_fighter","action":"EndTurn","score":0.10064313}
[RealtimeAIController] Fighter -> EndTurn (#3) score:0.10
[RealtimeAIController] Calling EndCurrentTurn()
[CombatArena] [STATE] PlayerDecision -> TurnEnd
[RealtimeAIController] State: PlayerDecision -> TurnEnd
[CombatArena] [TURN] Round 1, Orc Archer
[CombatArena] [STATE] TurnEnd -> TurnStart
[RealtimeAIController] State: TurnEnd -> TurnStart
[CombatArena] [STATE] TurnStart -> AIDecision
[RealtimeAIController] State: TurnStart -> AIDecision
[CombatArena] Camera focusing on Orc Archer via hooks
[CombatArena] SelectCombatant called: enemy_orc_archer
[CombatArena] Selected: enemy_orc_archer
[CombatArena] Turn started: Orc Archer (AI)
[COMBAT_LOG] {"ts":1770378355419,"event":"TURN_START","turn":4,"round":1,"unit":"enemy_orc_archer","unit_name":"Orc Archer","faction":"Hostile","hp":24,"max_hp":30,"ap":"Action | Bonus | Reaction | Move:30/30","pos":[10,0,2]}
[RealtimeAIController] Turn started for Orc Archer
[COMBAT_LOG] {"ts":1770378355419,"event":"DECISION","unit":"enemy_orc_archer","action":"Move","target":"(-5, 0, 2)","score":1.3162175}
[RealtimeAIController] Orc Archer -> Move (#1) score:1.32
[CombatArena] ExecuteMovement: enemy_orc_archer -> (-5, 0, 2)
[CombatArena] [STATE] AIDecision -> ActionExecution
[RealtimeAIController] State: AIDecision -> ActionExecution
[CombatArena] Orc Archer moved from (10, 0, 2) to (-5, 0, 2), distance: 15.0
[CombatArena] [STATE] ActionExecution -> AIDecision
[RealtimeAIController] State: ActionExecution -> AIDecision
[AutoBattlerManager] Action: enemy_orc_archer -> Move to (-5, 0, 2) (OK)
[COMBAT_LOG] {"ts":1770378355524,"event":"DECISION","unit":"enemy_orc_archer","action":"Move","target":"(2.5, 0, -5.5)","score":1.2808145}
[RealtimeAIController] Orc Archer -> Move (#2) score:1.28
[CombatArena] ExecuteMovement: enemy_orc_archer -> (2.5, 0, -5.5)
[CombatArena] [STATE] AIDecision -> ActionExecution
[RealtimeAIController] State: AIDecision -> ActionExecution
[CombatArena] Orc Archer moved from (-5, 0, 2) to (2.5, 0, -5.5), distance: 10.6
[CombatArena] [STATE] ActionExecution -> AIDecision
[RealtimeAIController] State: ActionExecution -> AIDecision
[AutoBattlerManager] Action: enemy_orc_archer -> Move to (2.5, 0, -5.5) (OK)
[COMBAT_LOG] {"ts":1770378355626,"event":"DECISION","unit":"enemy_orc_archer","action":"Move","target":"(-1.8933983, 0, -5.5)","score":1.3181492}
[RealtimeAIController] Orc Archer -> Move (#3) score:1.32
[CombatArena] ExecuteMovement: enemy_orc_archer -> (-1.8933983, 0, -5.5)
[CombatArena] [STATE] AIDecision -> ActionExecution
[RealtimeAIController] State: AIDecision -> ActionExecution
[CombatArena] Orc Archer moved from (2.5, 0, -5.5) to (-1.8933983, 0, -5.5), distance: 4.4
[CombatArena] [STATE] ActionExecution -> AIDecision
[RealtimeAIController] State: ActionExecution -> AIDecision
[AutoBattlerManager] Action: enemy_orc_archer -> Move to (-1.8933983, 0, -5.5) (OK)
[COMBAT_LOG] {"ts":1770378355730,"event":"DECISION","unit":"enemy_orc_archer","action":"Dash","score":3.1532428}
[RealtimeAIController] Orc Archer -> Dash (#4) score:3.15
[AutoBattlerManager] Action: enemy_orc_archer -> Dash (OK)
[COMBAT_LOG] {"ts":1770378355833,"event":"DECISION","unit":"enemy_orc_archer","action":"Move","target":"(-16.893398, 0, -20.5)","score":0.6534162}
[RealtimeAIController] Orc Archer -> Move (#5) score:0.65
[CombatArena] ExecuteMovement: enemy_orc_archer -> (-16.893398, 0, -20.5)
[CombatArena] [STATE] AIDecision -> ActionExecution
[RealtimeAIController] State: AIDecision -> ActionExecution
[CombatArena] Orc Archer moved from (-1.8933983, 0, -5.5) to (-16.893398, 0, -20.5), distance: 21.2
[CombatArena] [STATE] ActionExecution -> AIDecision
[RealtimeAIController] State: ActionExecution -> AIDecision
[AutoBattlerManager] Action: enemy_orc_archer -> Move to (-16.893398, 0, -20.5) (OK)
[COMBAT_LOG] {"ts":1770378355937,"event":"DECISION","unit":"enemy_orc_archer","action":"Move","target":"(-21.286797, 0, -20.5)","score":0.6582106}
[RealtimeAIController] Orc Archer -> Move (#6) score:0.66
[CombatArena] ExecuteMovement: enemy_orc_archer -> (-21.286797, 0, -20.5)
[CombatArena] [STATE] AIDecision -> ActionExecution
[RealtimeAIController] State: AIDecision -> ActionExecution
[CombatArena] Orc Archer moved from (-16.893398, 0, -20.5) to (-21.286797, 0, -20.5), distance: 4.4
[CombatArena] [STATE] ActionExecution -> AIDecision
[RealtimeAIController] State: ActionExecution -> AIDecision
[AutoBattlerManager] Action: enemy_orc_archer -> Move to (-21.286797, 0, -20.5) (OK)
[COMBAT_LOG] {"ts":1770378356040,"event":"DECISION","unit":"enemy_orc_archer","action":"Move","target":"(-23.483496, 0, -18.3033)","score":0.6507434}
[RealtimeAIController] Orc Archer -> Move (#7) score:0.65
[CombatArena] ExecuteMovement: enemy_orc_archer -> (-23.483496, 0, -18.3033)
[CombatArena] [STATE] AIDecision -> ActionExecution
[RealtimeAIController] State: AIDecision -> ActionExecution
[CombatArena] Orc Archer moved from (-21.286797, 0, -20.5) to (-23.483496, 0, -18.3033), distance: 3.1
[CombatArena] [STATE] ActionExecution -> AIDecision
[RealtimeAIController] State: ActionExecution -> AIDecision
[AutoBattlerManager] Action: enemy_orc_archer -> Move to (-23.483496, 0, -18.3033) (OK)
[COMBAT_LOG] {"ts":1770378356144,"event":"DECISION","unit":"enemy_orc_archer","action":"Move","target":"(-24.126894, 0, -17.659903)","score":0.6553038}
[RealtimeAIController] Orc Archer -> Move (#8) score:0.66
[CombatArena] ExecuteMovement: enemy_orc_archer -> (-24.126894, 0, -17.659903)
[CombatArena] [STATE] AIDecision -> ActionExecution
[RealtimeAIController] State: AIDecision -> ActionExecution
[CombatArena] Orc Archer moved from (-23.483496, 0, -18.3033) to (-24.126894, 0, -17.659903), distance: 0.9
[CombatArena] [STATE] ActionExecution -> AIDecision
[RealtimeAIController] State: ActionExecution -> AIDecision
[AutoBattlerManager] Action: enemy_orc_archer -> Move to (-24.126894, 0, -17.659903) (OK)
[COMBAT_LOG] {"ts":1770378356247,"event":"DECISION","unit":"enemy_orc_archer","action":"Move","target":"(-24.315342, 0, -17.84835)","score":0.6526144}
[RealtimeAIController] Orc Archer -> Move (#9) score:0.65
[CombatArena] ExecuteMovement: enemy_orc_archer -> (-24.315342, 0, -17.84835)
[CombatArena] [STATE] AIDecision -> ActionExecution
[RealtimeAIController] State: AIDecision -> ActionExecution
[CombatArena] Orc Archer moved from (-24.126894, 0, -17.659903) to (-24.315342, 0, -17.84835), distance: 0.3
[CombatArena] [STATE] ActionExecution -> AIDecision
[RealtimeAIController] State: ActionExecution -> AIDecision
[AutoBattlerManager] Action: enemy_orc_archer -> Move to (-24.315342, 0, -17.84835) (OK)
[COMBAT_LOG] {"ts":1770378356350,"event":"DECISION","unit":"enemy_orc_archer","action":"Move","target":"(-24.370537, 0, -17.903545)","score":0.656275}
[RealtimeAIController] Orc Archer -> Move (#10) score:0.66
[CombatArena] ExecuteMovement: enemy_orc_archer -> (-24.370537, 0, -17.903545)
[CombatArena] [STATE] AIDecision -> ActionExecution
[RealtimeAIController] State: AIDecision -> ActionExecution
[CombatArena] Orc Archer moved from (-24.315342, 0, -17.84835) to (-24.370537, 0, -17.903545), distance: 0.1
[CombatArena] [STATE] ActionExecution -> AIDecision
[RealtimeAIController] State: ActionExecution -> AIDecision
[AutoBattlerManager] Action: enemy_orc_archer -> Move to (-24.370537, 0, -17.903545) (OK)
[COMBAT_LOG] {"ts":1770378356454,"event":"DECISION","unit":"enemy_orc_archer","action":"Move","target":"(-24.354372, 0, -17.91971)","score":0.6566775}
[RealtimeAIController] Orc Archer -> Move (#11) score:0.66
[CombatArena] ExecuteMovement: enemy_orc_archer -> (-24.354372, 0, -17.91971)
[CombatArena] [STATE] AIDecision -> ActionExecution
[RealtimeAIController] State: AIDecision -> ActionExecution
[CombatArena] Orc Archer moved from (-24.370537, 0, -17.903545) to (-24.354372, 0, -17.91971), distance: 0.0
[CombatArena] [STATE] ActionExecution -> AIDecision
[RealtimeAIController] State: ActionExecution -> AIDecision
[AutoBattlerManager] Action: enemy_orc_archer -> Move to (-24.354372, 0, -17.91971) (OK)
[COMBAT_LOG] {"ts":1770378356557,"event":"DECISION","unit":"enemy_orc_archer","action":"Move","target":"(-24.349636, 0, -17.91971)","score":0.65856373}
[RealtimeAIController] Orc Archer -> Move (#12) score:0.66
[CombatArena] ExecuteMovement: enemy_orc_archer -> (-24.349636, 0, -17.91971)
[CombatArena] [STATE] AIDecision -> ActionExecution
[RealtimeAIController] State: AIDecision -> ActionExecution
[CombatArena] Orc Archer moved from (-24.354372, 0, -17.91971) to (-24.349636, 0, -17.91971), distance: 0.0
[CombatArena] [STATE] ActionExecution -> AIDecision
[RealtimeAIController] State: ActionExecution -> AIDecision
[AutoBattlerManager] Action: enemy_orc_archer -> Move to (-24.349636, 0, -17.91971) (OK)
[COMBAT_LOG] {"ts":1770378356660,"event":"DECISION","unit":"enemy_orc_archer","action":"Move","target":"(-24.349636, 0, -17.914976)","score":0.65510577}
[RealtimeAIController] Orc Archer -> Move (#13) score:0.66
[CombatArena] ExecuteMovement: enemy_orc_archer -> (-24.349636, 0, -17.914976)
[CombatArena] [STATE] AIDecision -> ActionExecution
[RealtimeAIController] State: AIDecision -> ActionExecution
[CombatArena] Orc Archer moved from (-24.349636, 0, -17.91971) to (-24.349636, 0, -17.914976), distance: 0.0
[CombatArena] [STATE] ActionExecution -> AIDecision
[RealtimeAIController] State: ActionExecution -> AIDecision
[AutoBattlerManager] Action: enemy_orc_archer -> Move to (-24.349636, 0, -17.914976) (OK)
[COMBAT_LOG] {"ts":1770378356764,"event":"DECISION","unit":"enemy_orc_archer","action":"EndTurn","score":0.10075783}
[RealtimeAIController] Orc Archer -> EndTurn (#14) score:0.10
[RealtimeAIController] Calling EndCurrentTurn()
[CombatArena] [STATE] AIDecision -> TurnEnd
[RealtimeAIController] State: AIDecision -> TurnEnd
[CombatArena] [TURN] Round 1, Goblin Shaman
[CombatArena] [STATE] TurnEnd -> TurnStart
[RealtimeAIController] State: TurnEnd -> TurnStart
[CombatArena] [STATE] TurnStart -> AIDecision
[RealtimeAIController] State: TurnStart -> AIDecision
[CombatArena] Camera focusing on Goblin Shaman via hooks
[CombatArena] SelectCombatant called: enemy_shaman
[CombatArena] Selected: enemy_shaman
[CombatArena] Turn started: Goblin Shaman (AI)
[COMBAT_LOG] {"ts":1770378356770,"event":"TURN_START","turn":5,"round":1,"unit":"enemy_shaman","unit_name":"Goblin Shaman","faction":"Hostile","hp":23,"max_hp":28,"ap":"Action | Bonus | Reaction | Move:30/30","pos":[10,0,-1]}
[RealtimeAIController] Turn started for Goblin Shaman
[COMBAT_LOG] {"ts":1770378356771,"event":"DECISION","unit":"enemy_shaman","action":"Move","target":"(-5, 0, -1)","score":1.2494099}
[RealtimeAIController] Goblin Shaman -> Move (#1) score:1.25
[CombatArena] ExecuteMovement: enemy_shaman -> (-5, 0, -1)
[CombatArena] [STATE] AIDecision -> ActionExecution
[RealtimeAIController] State: AIDecision -> ActionExecution
[CombatArena] Goblin Shaman moved from (10, 0, -1) to (-5, 0, -1), distance: 15.0
[CombatArena] [STATE] ActionExecution -> AIDecision
[RealtimeAIController] State: ActionExecution -> AIDecision
[AutoBattlerManager] Action: enemy_shaman -> Move to (-5, 0, -1) (OK)
[COMBAT_LOG] {"ts":1770378356874,"event":"DECISION","unit":"enemy_shaman","action":"Move","target":"(2.5, 0, -1)","score":1.2534286}
[RealtimeAIController] Goblin Shaman -> Move (#2) score:1.25
[CombatArena] ExecuteMovement: enemy_shaman -> (2.5, 0, -1)
[CombatArena] [STATE] AIDecision -> ActionExecution
[RealtimeAIController] State: AIDecision -> ActionExecution
[CombatArena] Goblin Shaman moved from (-5, 0, -1) to (2.5, 0, -1), distance: 7.5
[CombatArena] [STATE] ActionExecution -> AIDecision
[RealtimeAIController] State: ActionExecution -> AIDecision
[AutoBattlerManager] Action: enemy_shaman -> Move to (2.5, 0, -1) (OK)
[COMBAT_LOG] {"ts":1770378356978,"event":"DECISION","unit":"enemy_shaman","action":"Move","target":"(-1.25, 0, 2.75)","score":1.318718}
[RealtimeAIController] Goblin Shaman -> Move (#3) score:1.32
[CombatArena] ExecuteMovement: enemy_shaman -> (-1.25, 0, 2.75)
[CombatArena] [STATE] AIDecision -> ActionExecution
[RealtimeAIController] State: AIDecision -> ActionExecution
[CombatArena] Goblin Shaman moved from (2.5, 0, -1) to (-1.25, 0, 2.75), distance: 5.3
[CombatArena] [STATE] ActionExecution -> AIDecision
[RealtimeAIController] State: ActionExecution -> AIDecision
[AutoBattlerManager] Action: enemy_shaman -> Move to (-1.25, 0, 2.75) (OK)
[COMBAT_LOG] {"ts":1770378357080,"event":"DECISION","unit":"enemy_shaman","action":"Dash","score":3.07674}
[RealtimeAIController] Goblin Shaman -> Dash (#4) score:3.08
[AutoBattlerManager] Action: enemy_shaman -> Dash (OK)
[COMBAT_LOG] {"ts":1770378357184,"event":"DECISION","unit":"enemy_shaman","action":"Move","target":"(-1.25, 0, -29.446701)","score":1.2648106}
[RealtimeAIController] Goblin Shaman -> Move (#5) score:1.26
[CombatArena] ExecuteMovement: enemy_shaman -> (-1.25, 0, -29.446701)
[CombatArena] [STATE] AIDecision -> ActionExecution
[RealtimeAIController] State: AIDecision -> ActionExecution
[CombatArena] Goblin Shaman moved from (-1.25, 0, 2.75) to (-1.25, 0, -29.446701), distance: 32.2
[CombatArena] [STATE] ActionExecution -> AIDecision
[RealtimeAIController] State: ActionExecution -> AIDecision
[AutoBattlerManager] Action: enemy_shaman -> Move to (-1.25, 0, -29.446701) (OK)
[COMBAT_LOG] {"ts":1770378357287,"event":"DECISION","unit":"enemy_shaman","action":"EndTurn","score":0.10381035}
[RealtimeAIController] Goblin Shaman -> EndTurn (#6) score:0.10
[RealtimeAIController] Calling EndCurrentTurn()
[CombatArena] [STATE] AIDecision -> TurnEnd
[RealtimeAIController] State: AIDecision -> TurnEnd
[CombatArena] [TURN] Round 1, Mage
[CombatArena] [STATE] TurnEnd -> TurnStart
[RealtimeAIController] State: TurnEnd -> TurnStart
[CombatArena] [STATE] TurnStart -> PlayerDecision
[RealtimeAIController] State: TurnStart -> PlayerDecision
[CombatArena] Camera focusing on Mage via hooks
[CombatArena] SelectCombatant called: player_mage
[CombatArena] Selected: player_mage
[CombatArena] Turn started: Mage (Player)
[COMBAT_LOG] {"ts":1770378357294,"event":"TURN_START","turn":6,"round":1,"unit":"player_mage","unit_name":"Mage","faction":"Player","hp":22,"max_hp":32,"ap":"Action | Bonus | Reaction | Move:30/30","pos":[-3,0,-1]}
[RealtimeAIController] Turn started for Mage
[COMBAT_LOG] {"ts":1770378357294,"event":"DECISION","unit":"player_mage","action":"Move","target":"(12, 0, -1)","score":1.2493271}
[RealtimeAIController] Mage -> Move (#1) score:1.25
[CombatArena] ExecuteMovement: player_mage -> (12, 0, -1)
[CombatArena] [STATE] PlayerDecision -> ActionExecution
[RealtimeAIController] State: PlayerDecision -> ActionExecution
[CombatArena] Mage moved from (-3, 0, -1) to (12, 0, -1), distance: 15.0
[CombatArena] [STATE] ActionExecution -> PlayerDecision
[RealtimeAIController] State: ActionExecution -> PlayerDecision
[AutoBattlerManager] Action: player_mage -> Move to (12, 0, -1) (OK)
[COMBAT_LOG] {"ts":1770378357397,"event":"DECISION","unit":"player_mage","action":"Move","target":"(4.5, 0, -1)","score":1.2082623}
[RealtimeAIController] Mage -> Move (#2) score:1.21
[CombatArena] ExecuteMovement: player_mage -> (4.5, 0, -1)
[CombatArena] [STATE] PlayerDecision -> ActionExecution
[RealtimeAIController] State: PlayerDecision -> ActionExecution
[CombatArena] Mage moved from (12, 0, -1) to (4.5, 0, -1), distance: 7.5
[CombatArena] [STATE] ActionExecution -> PlayerDecision
[RealtimeAIController] State: ActionExecution -> PlayerDecision
[AutoBattlerManager] Action: player_mage -> Move to (4.5, 0, -1) (OK)
[COMBAT_LOG] {"ts":1770378357501,"event":"DECISION","unit":"player_mage","action":"Move","target":"(12, 0, -1)","score":1.2819585}
[RealtimeAIController] Mage -> Move (#3) score:1.28
[CombatArena] ExecuteMovement: player_mage -> (12, 0, -1)
[CombatArena] [STATE] PlayerDecision -> ActionExecution
[RealtimeAIController] State: PlayerDecision -> ActionExecution
[CombatArena] Mage moved from (4.5, 0, -1) to (12, 0, -1), distance: 7.5
[CombatArena] [STATE] ActionExecution -> PlayerDecision
[RealtimeAIController] State: ActionExecution -> PlayerDecision
[AutoBattlerManager] Action: player_mage -> Move to (12, 0, -1) (OK)
[COMBAT_LOG] {"ts":1770378357604,"event":"DECISION","unit":"player_mage","action":"Dash","score":3.0092404}
[RealtimeAIController] Mage -> Dash (#4) score:3.01
[AutoBattlerManager] Action: player_mage -> Dash (OK)
[COMBAT_LOG] {"ts":1770378357707,"event":"DECISION","unit":"player_mage","action":"Move","target":"(-18, 0, -1)","score":0.65975386}
[RealtimeAIController] Mage -> Move (#5) score:0.66
[CombatArena] ExecuteMovement: player_mage -> (-18, 0, -1)
[CombatArena] [STATE] PlayerDecision -> ActionExecution
[RealtimeAIController] State: PlayerDecision -> ActionExecution
[CombatArena] Mage moved from (12, 0, -1) to (-18, 0, -1), distance: 30.0
[CombatArena] [STATE] ActionExecution -> PlayerDecision
[RealtimeAIController] State: ActionExecution -> PlayerDecision
[AutoBattlerManager] Action: player_mage -> Move to (-18, 0, -1) (OK)
[COMBAT_LOG] {"ts":1770378357810,"event":"DECISION","unit":"player_mage","action":"EndTurn","score":0.10917301}
[RealtimeAIController] Mage -> EndTurn (#6) score:0.11
[RealtimeAIController] Calling EndCurrentTurn()
[CombatArena] [STATE] PlayerDecision -> TurnEnd
[RealtimeAIController] State: PlayerDecision -> TurnEnd
[CombatArena] [TURN] Round 1, Orc Brute
[CombatArena] [STATE] TurnEnd -> TurnStart
[RealtimeAIController] State: TurnEnd -> TurnStart
[CombatArena] [STATE] TurnStart -> AIDecision
[RealtimeAIController] State: TurnStart -> AIDecision
[CombatArena] Camera focusing on Orc Brute via hooks
[CombatArena] SelectCombatant called: enemy_orc_brute
[CombatArena] Selected: enemy_orc_brute
[CombatArena] Turn started: Orc Brute (AI)
[COMBAT_LOG] {"ts":1770378357817,"event":"TURN_START","turn":7,"round":1,"unit":"enemy_orc_brute","unit_name":"Orc Brute","faction":"Hostile","hp":48,"max_hp":48,"ap":"Action | Bonus | Reaction | Move:30/30","pos":[8,0,0]}
[RealtimeAIController] Turn started for Orc Brute
[COMBAT_LOG] {"ts":1770378357818,"event":"DECISION","unit":"enemy_orc_brute","action":"Move","target":"(-22, 0, 0)","score":1.3173811}
[RealtimeAIController] Orc Brute -> Move (#1) score:1.32
[CombatArena] ExecuteMovement: enemy_orc_brute -> (-22, 0, 0)
[CombatArena] [STATE] AIDecision -> ActionExecution
[RealtimeAIController] State: AIDecision -> ActionExecution
[CombatArena] Orc Brute moved from (8, 0, 0) to (-22, 0, 0), distance: 30.0
[CombatArena] [STATE] ActionExecution -> AIDecision
[RealtimeAIController] State: ActionExecution -> AIDecision
[AutoBattlerManager] Action: enemy_orc_brute -> Move to (-22, 0, 0) (OK)
[COMBAT_LOG] {"ts":1770378357921,"event":"DECISION","unit":"enemy_orc_brute","action":"Dash","score":3.1073716}
[RealtimeAIController] Orc Brute -> Dash (#2) score:3.11
[AutoBattlerManager] Action: enemy_orc_brute -> Dash (OK)
[COMBAT_LOG] {"ts":1770378358024,"event":"DECISION","unit":"enemy_orc_brute","action":"Move","target":"(-37, 0, -15)","score":0.65586406}
[RealtimeAIController] Orc Brute -> Move (#3) score:0.66
[CombatArena] ExecuteMovement: enemy_orc_brute -> (-37, 0, -15)
[CombatArena] [STATE] AIDecision -> ActionExecution
[RealtimeAIController] State: AIDecision -> ActionExecution
[CombatArena] Orc Brute moved from (-22, 0, 0) to (-37, 0, -15), distance: 21.2
[CombatArena] [STATE] ActionExecution -> AIDecision
[RealtimeAIController] State: ActionExecution -> AIDecision
[AutoBattlerManager] Action: enemy_orc_brute -> Move to (-37, 0, -15) (OK)
[COMBAT_LOG] {"ts":1770378358127,"event":"DECISION","unit":"enemy_orc_brute","action":"Move","target":"(-41.3934, 0, -10.606602)","score":0.6556495}
[RealtimeAIController] Orc Brute -> Move (#4) score:0.66
[CombatArena] ExecuteMovement: enemy_orc_brute -> (-41.3934, 0, -10.606602)
[CombatArena] [STATE] AIDecision -> ActionExecution
[RealtimeAIController] State: AIDecision -> ActionExecution
[CombatArena] Orc Brute moved from (-37, 0, -15) to (-41.3934, 0, -10.606602), distance: 6.2
[CombatArena] [STATE] ActionExecution -> AIDecision
[RealtimeAIController] State: ActionExecution -> AIDecision
[AutoBattlerManager] Action: enemy_orc_brute -> Move to (-41.3934, 0, -10.606602) (OK)
[COMBAT_LOG] {"ts":1770378358231,"event":"DECISION","unit":"enemy_orc_brute","action":"Move","target":"(-41.3934, 0, -8.033009)","score":0.65641457}
[RealtimeAIController] Orc Brute -> Move (#5) score:0.66
[CombatArena] ExecuteMovement: enemy_orc_brute -> (-41.3934, 0, -8.033009)
[CombatArena] [STATE] AIDecision -> ActionExecution
[RealtimeAIController] State: AIDecision -> ActionExecution
[CombatArena] Orc Brute moved from (-41.3934, 0, -10.606602) to (-41.3934, 0, -8.033009), distance: 2.6
[CombatArena] [STATE] ActionExecution -> AIDecision
[RealtimeAIController] State: ActionExecution -> AIDecision
[AutoBattlerManager] Action: enemy_orc_brute -> Move to (-41.3934, 0, -8.033009) (OK)
[COMBAT_LOG] {"ts":1770378358334,"event":"DECISION","unit":"enemy_orc_brute","action":"EndTurn","score":0.10817531}
[RealtimeAIController] Orc Brute -> EndTurn (#6) score:0.11
[RealtimeAIController] Calling EndCurrentTurn()
[CombatArena] [STATE] AIDecision -> TurnEnd
[RealtimeAIController] State: AIDecision -> TurnEnd
[CombatArena] [TURN] Round 1, Cleric
[CombatArena] [STATE] TurnEnd -> TurnStart
[RealtimeAIController] State: TurnEnd -> TurnStart
[CombatArena] [STATE] TurnStart -> PlayerDecision
[RealtimeAIController] State: TurnStart -> PlayerDecision
[CombatArena] Camera focusing on Cleric via hooks
[CombatArena] SelectCombatant called: player_cleric
[CombatArena] Selected: player_cleric
[CombatArena] Turn started: Cleric (Player)
[COMBAT_LOG] {"ts":1770378358340,"event":"TURN_START","turn":8,"round":1,"unit":"player_cleric","unit_name":"Cleric","faction":"Player","hp":44,"max_hp":44,"ap":"Action | Bonus | Reaction | Move:30/30","pos":[-1,0,-3]}
[RealtimeAIController] Turn started for Cleric
[COMBAT_LOG] {"ts":1770378358341,"event":"DECISION","unit":"player_cleric","action":"Move","target":"(-1, 0, -33)","score":1.27342}
[RealtimeAIController] Cleric -> Move (#1) score:1.27
[CombatArena] ExecuteMovement: player_cleric -> (-1, 0, -33)
[CombatArena] [STATE] PlayerDecision -> ActionExecution
[RealtimeAIController] State: PlayerDecision -> ActionExecution
[CombatArena] Cleric moved from (-1, 0, -3) to (-1, 0, -33), distance: 30.0
[CombatArena] [STATE] ActionExecution -> PlayerDecision
[RealtimeAIController] State: ActionExecution -> PlayerDecision
[AutoBattlerManager] Action: player_cleric -> Move to (-1, 0, -33) (OK)
[COMBAT_LOG] {"ts":1770378358443,"event":"DECISION","unit":"player_cleric","action":"Dash","score":3.1507843}
[RealtimeAIController] Cleric -> Dash (#2) score:3.15
[AutoBattlerManager] Action: player_cleric -> Dash (OK)
[COMBAT_LOG] {"ts":1770378358547,"event":"DECISION","unit":"player_cleric","action":"Move","target":"(-16, 0, -18)","score":0.6585871}
[RealtimeAIController] Cleric -> Move (#3) score:0.66
[CombatArena] ExecuteMovement: player_cleric -> (-16, 0, -18)
[CombatArena] [STATE] PlayerDecision -> ActionExecution
[RealtimeAIController] State: PlayerDecision -> ActionExecution
[CombatArena] Cleric moved from (-1, 0, -33) to (-16, 0, -18), distance: 21.2
[CombatArena] [STATE] ActionExecution -> PlayerDecision
[RealtimeAIController] State: ActionExecution -> PlayerDecision
[AutoBattlerManager] Action: player_cleric -> Move to (-16, 0, -18) (OK)
[COMBAT_LOG] {"ts":1770378358650,"event":"DECISION","unit":"player_cleric","action":"Move","target":"(-20.393398, 0, -18)","score":1.3036296}
[RealtimeAIController] Cleric -> Move (#4) score:1.30
[CombatArena] ExecuteMovement: player_cleric -> (-20.393398, 0, -18)
[CombatArena] [STATE] PlayerDecision -> ActionExecution
[RealtimeAIController] State: PlayerDecision -> ActionExecution
[CombatArena] Cleric moved from (-16, 0, -18) to (-20.393398, 0, -18), distance: 4.4
[CombatArena] [STATE] ActionExecution -> PlayerDecision
[RealtimeAIController] State: ActionExecution -> PlayerDecision
[AutoBattlerManager] Action: player_cleric -> Move to (-20.393398, 0, -18) (OK)
[COMBAT_LOG] {"ts":1770378358753,"event":"DECISION","unit":"player_cleric","action":"Move","target":"(-24.786797, 0, -18)","score":1.3016933}
[RealtimeAIController] Cleric -> Move (#5) score:1.30
[CombatArena] ExecuteMovement: player_cleric -> (-24.786797, 0, -18)
[CombatArena] [STATE] PlayerDecision -> ActionExecution
[RealtimeAIController] State: PlayerDecision -> ActionExecution
[CombatArena] Cleric moved from (-20.393398, 0, -18) to (-24.786797, 0, -18), distance: 4.4
[CombatArena] [STATE] ActionExecution -> PlayerDecision
[RealtimeAIController] State: ActionExecution -> PlayerDecision
[AutoBattlerManager] Action: player_cleric -> Move to (-24.786797, 0, -18) (OK)
[COMBAT_LOG] {"ts":1770378358856,"event":"DECISION","unit":"player_cleric","action":"EndTurn","score":0.1043465}
[RealtimeAIController] Cleric -> EndTurn (#6) score:0.10
[RealtimeAIController] Calling EndCurrentTurn()
[CombatArena] [STATE] PlayerDecision -> TurnEnd
[RealtimeAIController] State: PlayerDecision -> TurnEnd
[CombatArena] [TURN] Round 2, Rogue
[CombatArena] [STATE] TurnEnd -> RoundEnd
[RealtimeAIController] State: TurnEnd -> RoundEnd
[CombatArena] [STATE] RoundEnd -> TurnStart
[RealtimeAIController] State: RoundEnd -> TurnStart
[CombatArena] Round 2: Reset reactions for all combatants
[CombatArena] [STATE] TurnStart -> PlayerDecision
[RealtimeAIController] State: TurnStart -> PlayerDecision
[CombatArena] Camera focusing on Rogue via hooks
[CombatArena] SelectCombatant called: player_rogue
[CombatArena] Selected: player_rogue
[CombatArena] Turn started: Rogue (Player)
[COMBAT_LOG] {"ts":1770378358863,"event":"TURN_START","turn":9,"round":2,"unit":"player_rogue","unit_name":"Rogue","faction":"Player","hp":36,"max_hp":36,"ap":"Action | Bonus | Reaction | Move:30/30","pos":[20.561554,0,8.151651]}
[RealtimeAIController] Turn started for Rogue
[COMBAT_LOG] {"ts":1770378358863,"event":"DECISION","unit":"player_rogue","action":"Dash","score":3.2460666}
[RealtimeAIController] Rogue -> Dash (#1) score:3.25
[AutoBattlerManager] Action: player_rogue -> Dash (OK)
[COMBAT_LOG] {"ts":1770378358966,"event":"DECISION","unit":"player_rogue","action":"Move","target":"(-39.438446, 0, 8.151651)","score":0.65180635}
[RealtimeAIController] Rogue -> Move (#2) score:0.65
[CombatArena] ExecuteMovement: player_rogue -> (-39.438446, 0, 8.151651)
[CombatArena] [STATE] PlayerDecision -> ActionExecution
[RealtimeAIController] State: PlayerDecision -> ActionExecution
[CombatArena] Rogue moved from (20.561554, 0, 8.151651) to (-39.438446, 0, 8.151651), distance: 60.0
[CombatArena] [STATE] ActionExecution -> PlayerDecision
[RealtimeAIController] State: ActionExecution -> PlayerDecision
[AutoBattlerManager] Action: player_rogue -> Move to (-39.438446, 0, 8.151651) (OK)
[COMBAT_LOG] {"ts":1770378359069,"event":"DECISION","unit":"player_rogue","action":"EndTurn","score":0.1026521}
[RealtimeAIController] Rogue -> EndTurn (#3) score:0.10
[RealtimeAIController] Calling EndCurrentTurn()
[CombatArena] [STATE] PlayerDecision -> TurnEnd
[RealtimeAIController] State: PlayerDecision -> TurnEnd
[CombatArena] [TURN] Round 2, Goblin Skirmisher
[CombatArena] [STATE] TurnEnd -> TurnStart
[RealtimeAIController] State: TurnEnd -> TurnStart
[CombatArena] [STATE] TurnStart -> AIDecision
[RealtimeAIController] State: TurnStart -> AIDecision
[CombatArena] Camera focusing on Goblin Skirmisher via hooks
[CombatArena] SelectCombatant called: enemy_goblin
[CombatArena] Selected: enemy_goblin
[CombatArena] Turn started: Goblin Skirmisher (AI)
[COMBAT_LOG] {"ts":1770378359076,"event":"TURN_START","turn":10,"round":2,"unit":"enemy_goblin","unit_name":"Goblin Skirmisher","faction":"Hostile","hp":22,"max_hp":22,"ap":"Action | Bonus | Reaction | Move:30/30","pos":[7,0,-27]}
[RealtimeAIController] Turn started for Goblin Skirmisher
[COMBAT_LOG] {"ts":1770378359076,"event":"DECISION","unit":"enemy_goblin","action":"Attack","target":"player_mage","score":1.045333}
[RealtimeAIController] Goblin Skirmisher -> Attack (#1) score:1.05
[CombatArena] ExecuteAbility: enemy_goblin -> basic_attack -> player_mage
[CombatArena] [STATE] AIDecision -> ActionExecution
[RealtimeAIController] State: AIDecision -> ActionExecution
[CombatArena] Goblin Skirmisher used basic_attack on Mage: damage:10
[CombatArena] ClearSelection called
[AutoBattlerManager] Action: enemy_goblin -> Attack:basic_attack->player_mage (OK)
[CombatArena] [STATE] ActionExecution -> AIDecision
[RealtimeAIController] State: ActionExecution -> AIDecision
[COMBAT_LOG] {"ts":1770378359771,"event":"DECISION","unit":"enemy_goblin","action":"Move","target":"(22, 0, -42)","score":0.6571536}
[RealtimeAIController] Goblin Skirmisher -> Move (#2) score:0.66
[CombatArena] ExecuteMovement: enemy_goblin -> (22, 0, -42)
[CombatArena] [STATE] AIDecision -> ActionExecution
[RealtimeAIController] State: AIDecision -> ActionExecution
[CombatArena] Goblin Skirmisher moved from (7, 0, -27) to (22, 0, -42), distance: 21.2
[CombatArena] [STATE] ActionExecution -> AIDecision
[RealtimeAIController] State: ActionExecution -> AIDecision
[AutoBattlerManager] Action: enemy_goblin -> Move to (22, 0, -42) (OK)
[COMBAT_LOG] {"ts":1770378359874,"event":"DECISION","unit":"enemy_goblin","action":"Move","target":"(17.606602, 0, -42)","score":0.6501057}
[RealtimeAIController] Goblin Skirmisher -> Move (#3) score:0.65
[CombatArena] ExecuteMovement: enemy_goblin -> (17.606602, 0, -42)
[CombatArena] [STATE] AIDecision -> ActionExecution
[RealtimeAIController] State: AIDecision -> ActionExecution
[CombatArena] Goblin Skirmisher moved from (22, 0, -42) to (17.606602, 0, -42), distance: 4.4
[CombatArena] [STATE] ActionExecution -> AIDecision
[RealtimeAIController] State: ActionExecution -> AIDecision
[AutoBattlerManager] Action: enemy_goblin -> Move to (17.606602, 0, -42) (OK)
[COMBAT_LOG] {"ts":1770378359977,"event":"DECISION","unit":"enemy_goblin","action":"Move","target":"(19.8033, 0, -42)","score":0.653092}
[RealtimeAIController] Goblin Skirmisher -> Move (#4) score:0.65
[CombatArena] ExecuteMovement: enemy_goblin -> (19.8033, 0, -42)
[CombatArena] [STATE] AIDecision -> ActionExecution
[RealtimeAIController] State: AIDecision -> ActionExecution
[CombatArena] Goblin Skirmisher moved from (17.606602, 0, -42) to (19.8033, 0, -42), distance: 2.2
[CombatArena] [STATE] ActionExecution -> AIDecision
[RealtimeAIController] State: ActionExecution -> AIDecision
[AutoBattlerManager] Action: enemy_goblin -> Move to (19.8033, 0, -42) (OK)
[COMBAT_LOG] {"ts":1770378360080,"event":"DECISION","unit":"enemy_goblin","action":"Move","target":"(19.8033, 0, -43.09835)","score":0.6581154}
[RealtimeAIController] Goblin Skirmisher -> Move (#5) score:0.66
[CombatArena] ExecuteMovement: enemy_goblin -> (19.8033, 0, -43.09835)
[CombatArena] [STATE] AIDecision -> ActionExecution
[RealtimeAIController] State: AIDecision -> ActionExecution
[CombatArena] Goblin Skirmisher moved from (19.8033, 0, -42) to (19.8033, 0, -43.09835), distance: 1.1
[CombatArena] [STATE] ActionExecution -> AIDecision
[RealtimeAIController] State: ActionExecution -> AIDecision
[AutoBattlerManager] Action: enemy_goblin -> Move to (19.8033, 0, -43.09835) (OK)
[COMBAT_LOG] {"ts":1770378360184,"event":"DECISION","unit":"enemy_goblin","action":"Move","target":"(19.254128, 0, -43.647526)","score":0.65477157}
[RealtimeAIController] Goblin Skirmisher -> Move (#6) score:0.65
[CombatArena] ExecuteMovement: enemy_goblin -> (19.254128, 0, -43.647526)
[CombatArena] [STATE] AIDecision -> ActionExecution
[RealtimeAIController] State: AIDecision -> ActionExecution
[CombatArena] Goblin Skirmisher moved from (19.8033, 0, -43.09835) to (19.254128, 0, -43.647526), distance: 0.8
[CombatArena] [STATE] ActionExecution -> AIDecision
[RealtimeAIController] State: ActionExecution -> AIDecision
[AutoBattlerManager] Action: enemy_goblin -> Move to (19.254128, 0, -43.647526) (OK)
[COMBAT_LOG] {"ts":1770378360287,"event":"DECISION","unit":"enemy_goblin","action":"Move","target":"(19.414976, 0, -43.808376)","score":0.65390205}
[RealtimeAIController] Goblin Skirmisher -> Move (#7) score:0.65
[CombatArena] ExecuteMovement: enemy_goblin -> (19.414976, 0, -43.808376)
[CombatArena] [STATE] AIDecision -> ActionExecution
[RealtimeAIController] State: AIDecision -> ActionExecution
[CombatArena] Goblin Skirmisher moved from (19.254128, 0, -43.647526) to (19.414976, 0, -43.808376), distance: 0.2
[CombatArena] [STATE] ActionExecution -> AIDecision
[RealtimeAIController] State: ActionExecution -> AIDecision
[AutoBattlerManager] Action: enemy_goblin -> Move to (19.414976, 0, -43.808376) (OK)
[COMBAT_LOG] {"ts":1770378360390,"event":"DECISION","unit":"enemy_goblin","action":"Move","target":"(19.414976, 0, -43.761265)","score":0.65342695}
[RealtimeAIController] Goblin Skirmisher -> Move (#8) score:0.65
[CombatArena] ExecuteMovement: enemy_goblin -> (19.414976, 0, -43.761265)
[CombatArena] [STATE] AIDecision -> ActionExecution
[RealtimeAIController] State: AIDecision -> ActionExecution
[CombatArena] Goblin Skirmisher moved from (19.414976, 0, -43.808376) to (19.414976, 0, -43.761265), distance: 0.0
[CombatArena] [STATE] ActionExecution -> AIDecision
[RealtimeAIController] State: ActionExecution -> AIDecision
[AutoBattlerManager] Action: enemy_goblin -> Move to (19.414976, 0, -43.761265) (OK)
[COMBAT_LOG] {"ts":1770378360493,"event":"DECISION","unit":"enemy_goblin","action":"Move","target":"(19.438532, 0, -43.78482)","score":0.6542286}
[RealtimeAIController] Goblin Skirmisher -> Move (#9) score:0.65
[CombatArena] ExecuteMovement: enemy_goblin -> (19.438532, 0, -43.78482)
[CombatArena] [STATE] AIDecision -> ActionExecution
[RealtimeAIController] State: AIDecision -> ActionExecution
[CombatArena] Goblin Skirmisher moved from (19.414976, 0, -43.761265) to (19.438532, 0, -43.78482), distance: 0.0
[CombatArena] [STATE] ActionExecution -> AIDecision
[RealtimeAIController] State: ActionExecution -> AIDecision
[AutoBattlerManager] Action: enemy_goblin -> Move to (19.438532, 0, -43.78482) (OK)
[COMBAT_LOG] {"ts":1770378360596,"event":"DECISION","unit":"enemy_goblin","action":"Move","target":"(19.431633, 0, -43.79172)","score":0.6563009}
[RealtimeAIController] Goblin Skirmisher -> Move (#10) score:0.66
[CombatArena] ExecuteMovement: enemy_goblin -> (19.431633, 0, -43.79172)
[CombatArena] [STATE] AIDecision -> ActionExecution
[RealtimeAIController] State: AIDecision -> ActionExecution
[CombatArena] Goblin Skirmisher moved from (19.438532, 0, -43.78482) to (19.431633, 0, -43.79172), distance: 0.0
[CombatArena] [STATE] ActionExecution -> AIDecision
[RealtimeAIController] State: ActionExecution -> AIDecision
[AutoBattlerManager] Action: enemy_goblin -> Move to (19.431633, 0, -43.79172) (OK)
[COMBAT_LOG] {"ts":1770378360699,"event":"DECISION","unit":"enemy_goblin","action":"Move","target":"(19.431633, 0, -43.7897)","score":0.6546822}
[RealtimeAIController] Goblin Skirmisher -> Move (#11) score:0.65
[CombatArena] ExecuteMovement: enemy_goblin -> (19.431633, 0, -43.7897)
[CombatArena] [STATE] AIDecision -> ActionExecution
[RealtimeAIController] State: AIDecision -> ActionExecution
[CombatArena] Goblin Skirmisher moved from (19.431633, 0, -43.79172) to (19.431633, 0, -43.7897), distance: 0.0
[CombatArena] [STATE] ActionExecution -> AIDecision
[RealtimeAIController] State: ActionExecution -> AIDecision
[AutoBattlerManager] Action: enemy_goblin -> Move to (19.431633, 0, -43.7897) (OK)
[COMBAT_LOG] {"ts":1770378360802,"event":"DECISION","unit":"enemy_goblin","action":"Move","target":"(19.432642, 0, -43.79071)","score":0.6437881}
[RealtimeAIController] Goblin Skirmisher -> Move (#12) score:0.64
[CombatArena] ExecuteMovement: enemy_goblin -> (19.432642, 0, -43.79071)
[CombatArena] [STATE] AIDecision -> ActionExecution
[RealtimeAIController] State: AIDecision -> ActionExecution
[CombatArena] Goblin Skirmisher moved from (19.431633, 0, -43.7897) to (19.432642, 0, -43.79071), distance: 0.0
[CombatArena] [STATE] ActionExecution -> AIDecision
[RealtimeAIController] State: ActionExecution -> AIDecision
[AutoBattlerManager] Action: enemy_goblin -> Move to (19.432642, 0, -43.79071) (OK)
[COMBAT_LOG] {"ts":1770378360905,"event":"DECISION","unit":"enemy_goblin","action":"Move","target":"(19.432938, 0, -43.791004)","score":0.65010357}
[RealtimeAIController] Goblin Skirmisher -> Move (#13) score:0.65
[CombatArena] ExecuteMovement: enemy_goblin -> (19.432938, 0, -43.791004)
[CombatArena] [STATE] AIDecision -> ActionExecution
[RealtimeAIController] State: AIDecision -> ActionExecution
[CombatArena] Goblin Skirmisher moved from (19.432642, 0, -43.79071) to (19.432938, 0, -43.791004), distance: 0.0
[CombatArena] [STATE] ActionExecution -> AIDecision
[RealtimeAIController] State: ActionExecution -> AIDecision
[AutoBattlerManager] Action: enemy_goblin -> Move to (19.432938, 0, -43.791004) (OK)
[COMBAT_LOG] {"ts":1770378361008,"event":"DECISION","unit":"enemy_goblin","action":"Move","target":"(19.433025, 0, -43.790916)","score":0.6547042}
[RealtimeAIController] Goblin Skirmisher -> Move (#14) score:0.65
[CombatArena] ExecuteMovement: enemy_goblin -> (19.433025, 0, -43.790916)
[CombatArena] [STATE] AIDecision -> ActionExecution
[RealtimeAIController] State: AIDecision -> ActionExecution
[CombatArena] Goblin Skirmisher moved from (19.432938, 0, -43.791004) to (19.433025, 0, -43.790916), distance: 0.0
[CombatArena] [STATE] ActionExecution -> AIDecision
[RealtimeAIController] State: ActionExecution -> AIDecision
[AutoBattlerManager] Action: enemy_goblin -> Move to (19.433025, 0, -43.790916) (OK)
[COMBAT_LOG] {"ts":1770378361111,"event":"DECISION","unit":"enemy_goblin","action":"Move","target":"(19.433025, 0, -43.790867)","score":0.65828377}
[RealtimeAIController] Goblin Skirmisher -> Move (#15) score:0.66
[CombatArena] ExecuteMovement: enemy_goblin -> (19.433025, 0, -43.790867)
[CombatArena] [STATE] AIDecision -> ActionExecution
[RealtimeAIController] State: AIDecision -> ActionExecution
[CombatArena] Goblin Skirmisher moved from (19.433025, 0, -43.790916) to (19.433025, 0, -43.790867), distance: 0.0
[CombatArena] [STATE] ActionExecution -> AIDecision
[RealtimeAIController] State: ActionExecution -> AIDecision
[AutoBattlerManager] Action: enemy_goblin -> Move to (19.433025, 0, -43.790867) (OK)
[COMBAT_LOG] {"ts":1770378361214,"event":"DECISION","unit":"enemy_goblin","action":"EndTurn","score":0.10506421}
[RealtimeAIController] Goblin Skirmisher -> EndTurn (#16) score:0.11
[RealtimeAIController] Calling EndCurrentTurn()
[CombatArena] [STATE] AIDecision -> TurnEnd
[RealtimeAIController] State: AIDecision -> TurnEnd
[CombatArena] [TURN] Round 2, Fighter
[CombatArena] [STATE] TurnEnd -> TurnStart
[RealtimeAIController] State: TurnEnd -> TurnStart
[CombatArena] [STATE] TurnStart -> PlayerDecision
[RealtimeAIController] State: TurnStart -> PlayerDecision
[CombatArena] Camera focusing on Fighter via hooks
[CombatArena] SelectCombatant called: player_fighter
[CombatArena] Selected: player_fighter
[CombatArena] Turn started: Fighter (Player)
[COMBAT_LOG] {"ts":1770378361221,"event":"TURN_START","turn":11,"round":2,"unit":"player_fighter","unit_name":"Fighter","faction":"Player","hp":52,"max_hp":52,"ap":"Action | Bonus | Reaction | Move:30/30","pos":[0,0,-30]}
[RealtimeAIController] Turn started for Fighter
[COMBAT_LOG] {"ts":1770378361221,"event":"DECISION","unit":"player_fighter","action":"Move","target":"(15, 0, -45)","score":1.2235855}
[RealtimeAIController] Fighter -> Move (#1) score:1.22
[CombatArena] ExecuteMovement: player_fighter -> (15, 0, -45)
[CombatArena] [STATE] PlayerDecision -> ActionExecution
[RealtimeAIController] State: PlayerDecision -> ActionExecution
[CombatArena] Fighter moved from (0, 0, -30) to (15, 0, -45), distance: 21.2
[CombatArena] [STATE] ActionExecution -> PlayerDecision
[RealtimeAIController] State: ActionExecution -> PlayerDecision
[AutoBattlerManager] Action: player_fighter -> Move to (15, 0, -45) (OK)
[COMBAT_LOG] {"ts":1770378361324,"event":"DECISION","unit":"player_fighter","action":"Move","target":"(19.393398, 0, -40.6066)","score":1.2987623}
[RealtimeAIController] Fighter -> Move (#2) score:1.30
[CombatArena] ExecuteMovement: player_fighter -> (19.393398, 0, -40.6066)
[CombatArena] [STATE] PlayerDecision -> ActionExecution
[RealtimeAIController] State: PlayerDecision -> ActionExecution
[CombatArena] Fighter moved from (15, 0, -45) to (19.393398, 0, -40.6066), distance: 6.2
[CombatArena] [STATE] ActionExecution -> PlayerDecision
[RealtimeAIController] State: ActionExecution -> PlayerDecision
[AutoBattlerManager] Action: player_fighter -> Move to (19.393398, 0, -40.6066) (OK)
[COMBAT_LOG] {"ts":1770378361427,"event":"DECISION","unit":"player_fighter","action":"Dash","score":3.1634817}
[RealtimeAIController] Fighter -> Dash (#3) score:3.16
[AutoBattlerManager] Action: player_fighter -> Dash (OK)
[COMBAT_LOG] {"ts":1770378361530,"event":"DECISION","unit":"player_fighter","action":"Move","target":"(3.1066017, 0, -24.319805)","score":0.65527946}
[RealtimeAIController] Fighter -> Move (#4) score:0.66
[CombatArena] ExecuteMovement: player_fighter -> (3.1066017, 0, -24.319805)
[CombatArena] [STATE] PlayerDecision -> ActionExecution
[RealtimeAIController] State: PlayerDecision -> ActionExecution
[CombatArena] Fighter moved from (19.393398, 0, -40.6066) to (3.1066017, 0, -24.319805), distance: 23.0
[CombatArena] [STATE] ActionExecution -> PlayerDecision
[RealtimeAIController] State: ActionExecution -> PlayerDecision
[AutoBattlerManager] Action: player_fighter -> Move to (3.1066017, 0, -24.319805) (OK)
[COMBAT_LOG] {"ts":1770378361633,"event":"DECISION","unit":"player_fighter","action":"Move","target":"(3.1066017, 0, -29.090097)","score":1.237414}
[RealtimeAIController] Fighter -> Move (#5) score:1.24
[CombatArena] ExecuteMovement: player_fighter -> (3.1066017, 0, -29.090097)
[CombatArena] [STATE] PlayerDecision -> ActionExecution
[RealtimeAIController] State: PlayerDecision -> ActionExecution
[CombatArena] Fighter moved from (3.1066017, 0, -24.319805) to (3.1066017, 0, -29.090097), distance: 4.8
[CombatArena] [STATE] ActionExecution -> PlayerDecision
[RealtimeAIController] State: ActionExecution -> PlayerDecision
[AutoBattlerManager] Action: player_fighter -> Move to (3.1066017, 0, -29.090097) (OK)
[COMBAT_LOG] {"ts":1770378361736,"event":"DECISION","unit":"player_fighter","action":"Move","target":"(3.1066017, 0, -31.475243)","score":1.3104209}
[RealtimeAIController] Fighter -> Move (#6) score:1.31
[CombatArena] ExecuteMovement: player_fighter -> (3.1066017, 0, -31.475243)
[CombatArena] [STATE] PlayerDecision -> ActionExecution
[RealtimeAIController] State: PlayerDecision -> ActionExecution
[CombatArena] Fighter moved from (3.1066017, 0, -29.090097) to (3.1066017, 0, -31.475243), distance: 2.4
[CombatArena] [STATE] ActionExecution -> PlayerDecision
[RealtimeAIController] State: ActionExecution -> PlayerDecision
[AutoBattlerManager] Action: player_fighter -> Move to (3.1066017, 0, -31.475243) (OK)
[COMBAT_LOG] {"ts":1770378361839,"event":"DECISION","unit":"player_fighter","action":"Move","target":"(0.7214546, 0, -31.475243)","score":1.2896513}
[RealtimeAIController] Fighter -> Move (#7) score:1.29
[CombatArena] ExecuteMovement: player_fighter -> (0.7214546, 0, -31.475243)
[CombatArena] [STATE] PlayerDecision -> ActionExecution
[RealtimeAIController] State: PlayerDecision -> ActionExecution
[CombatArena] Fighter moved from (3.1066017, 0, -31.475243) to (0.7214546, 0, -31.475243), distance: 2.4
[CombatArena] [STATE] ActionExecution -> PlayerDecision
[RealtimeAIController] State: ActionExecution -> PlayerDecision
[AutoBattlerManager] Action: player_fighter -> Move to (0.7214546, 0, -31.475243) (OK)
[COMBAT_LOG] {"ts":1770378361942,"event":"DECISION","unit":"player_fighter","action":"EndTurn","score":0.106498495}
[RealtimeAIController] Fighter -> EndTurn (#8) score:0.11
[RealtimeAIController] Calling EndCurrentTurn()
[CombatArena] [STATE] PlayerDecision -> TurnEnd
[RealtimeAIController] State: PlayerDecision -> TurnEnd
[CombatArena] [TURN] Round 2, Orc Archer
[CombatArena] [STATE] TurnEnd -> TurnStart
[RealtimeAIController] State: TurnEnd -> TurnStart
[CombatArena] [STATE] TurnStart -> AIDecision
[RealtimeAIController] State: TurnStart -> AIDecision
[CombatArena] Camera focusing on Orc Archer via hooks
[CombatArena] SelectCombatant called: enemy_orc_archer
[CombatArena] Selected: enemy_orc_archer
[CombatArena] Turn started: Orc Archer (AI)
[COMBAT_LOG] {"ts":1770378361949,"event":"TURN_START","turn":12,"round":2,"unit":"enemy_orc_archer","unit_name":"Orc Archer","faction":"Hostile","hp":24,"max_hp":30,"ap":"Action | Bonus | Reaction | Move:30/30","pos":[-24.349636,0,-17.914976]}
[RealtimeAIController] Turn started for Orc Archer
[COMBAT_LOG] {"ts":1770378361949,"event":"DECISION","unit":"enemy_orc_archer","action":"Attack","target":"player_mage","score":2.3590577}
[RealtimeAIController] Orc Archer -> Attack (#1) score:2.36
[CombatArena] ExecuteAbility: enemy_orc_archer -> basic_attack -> player_mage
[CombatArena] [STATE] AIDecision -> ActionExecution
[RealtimeAIController] State: AIDecision -> ActionExecution
[CombatArena] Orc Archer used basic_attack on Mage: damage:5
[CombatArena] ClearSelection called
[AutoBattlerManager] Action: enemy_orc_archer -> Attack:basic_attack->player_mage (OK)
[CombatArena] [STATE] ActionExecution -> AIDecision
[RealtimeAIController] State: ActionExecution -> AIDecision
[COMBAT_LOG] {"ts":1770378362649,"event":"DECISION","unit":"enemy_orc_archer","action":"Move","target":"(-24.349636, 0, -32.914978)","score":0.6516327}
[RealtimeAIController] Orc Archer -> Move (#2) score:0.65
[CombatArena] ExecuteMovement: enemy_orc_archer -> (-24.349636, 0, -32.914978)
[CombatArena] [STATE] AIDecision -> ActionExecution
[RealtimeAIController] State: AIDecision -> ActionExecution
[CombatArena] Orc Archer moved from (-24.349636, 0, -17.914976) to (-24.349636, 0, -32.914978), distance: 15.0
[CombatArena] [STATE] ActionExecution -> AIDecision
[RealtimeAIController] State: ActionExecution -> AIDecision
[AutoBattlerManager] Action: enemy_orc_archer -> Move to (-24.349636, 0, -32.914978) (OK)
[COMBAT_LOG] {"ts":1770378362752,"event":"DECISION","unit":"enemy_orc_archer","action":"Move","target":"(-24.349636, 0, -17.91498)","score":1.3130792}
[RealtimeAIController] Orc Archer -> Move (#3) score:1.31
[CombatArena] ExecuteMovement: enemy_orc_archer -> (-24.349636, 0, -17.91498)
[CombatArena] [STATE] AIDecision -> ActionExecution
[RealtimeAIController] State: AIDecision -> ActionExecution
[CombatArena] Orc Archer moved from (-24.349636, 0, -32.914978) to (-24.349636, 0, -17.91498), distance: 15.0
[CombatArena] [STATE] ActionExecution -> AIDecision
[RealtimeAIController] State: ActionExecution -> AIDecision
[AutoBattlerManager] Action: enemy_orc_archer -> Move to (-24.349636, 0, -17.91498) (OK)
[COMBAT_LOG] {"ts":1770378362855,"event":"DECISION","unit":"enemy_orc_archer","action":"EndTurn","score":0.1073297}
[RealtimeAIController] Orc Archer -> EndTurn (#4) score:0.11
[RealtimeAIController] Calling EndCurrentTurn()
[CombatArena] [STATE] AIDecision -> TurnEnd
[RealtimeAIController] State: AIDecision -> TurnEnd
[CombatArena] [TURN] Round 2, Goblin Shaman
[CombatArena] [STATE] TurnEnd -> TurnStart
[RealtimeAIController] State: TurnEnd -> TurnStart
[CombatArena] [STATE] TurnStart -> AIDecision
[RealtimeAIController] State: TurnStart -> AIDecision
[CombatArena] Camera focusing on Goblin Shaman via hooks
[CombatArena] SelectCombatant called: enemy_shaman
[CombatArena] Selected: enemy_shaman
[CombatArena] Turn started: Goblin Shaman (AI)
[COMBAT_LOG] {"ts":1770378362862,"event":"TURN_START","turn":13,"round":2,"unit":"enemy_shaman","unit_name":"Goblin Shaman","faction":"Hostile","hp":23,"max_hp":28,"ap":"Action | Bonus | Reaction | Move:30/30","pos":[-1.25,0,-29.446701]}
[RealtimeAIController] Turn started for Goblin Shaman
[COMBAT_LOG] {"ts":1770378362862,"event":"DECISION","unit":"enemy_shaman","action":"Attack","target":"player_mage","score":9.198557}
[RealtimeAIController] Goblin Shaman -> Attack (#1) score:9.20
[CombatArena] ExecuteAbility: enemy_shaman -> basic_attack -> player_mage
[CombatArena] [STATE] AIDecision -> ActionExecution
[RealtimeAIController] State: AIDecision -> ActionExecution
[CombatArena] Goblin Shaman used basic_attack on Mage: damage:10
[CombatArena] ClearSelection called
[AutoBattlerManager] Action: enemy_shaman -> Attack:basic_attack->player_mage (OK)
[CombatArena] [STATE] ActionExecution -> AIDecision
[RealtimeAIController] State: ActionExecution -> AIDecision
[COMBAT_LOG] {"ts":1770378363561,"event":"DECISION","unit":"enemy_shaman","action":"Move","target":"(13.75, 0, -29.446701)","score":0.6589195}
[RealtimeAIController] Goblin Shaman -> Move (#2) score:0.66
[CombatArena] ExecuteMovement: enemy_shaman -> (13.75, 0, -29.446701)
[CombatArena] [STATE] AIDecision -> ActionExecution
[RealtimeAIController] State: AIDecision -> ActionExecution
[CombatArena] Goblin Shaman moved from (-1.25, 0, -29.446701) to (13.75, 0, -29.446701), distance: 15.0
[CombatArena] [STATE] ActionExecution -> AIDecision
[RealtimeAIController] State: ActionExecution -> AIDecision
[AutoBattlerManager] Action: enemy_shaman -> Move to (13.75, 0, -29.446701) (OK)
[COMBAT_LOG] {"ts":1770378363664,"event":"DECISION","unit":"enemy_shaman","action":"Move","target":"(-1.25, 0, -29.446701)","score":1.2566895}
[RealtimeAIController] Goblin Shaman -> Move (#3) score:1.26
[CombatArena] ExecuteMovement: enemy_shaman -> (-1.25, 0, -29.446701)
[CombatArena] [STATE] AIDecision -> ActionExecution
[RealtimeAIController] State: AIDecision -> ActionExecution
[CombatArena] Goblin Shaman moved from (13.75, 0, -29.446701) to (-1.25, 0, -29.446701), distance: 15.0
[CombatArena] [STATE] ActionExecution -> AIDecision
[RealtimeAIController] State: ActionExecution -> AIDecision
[AutoBattlerManager] Action: enemy_shaman -> Move to (-1.25, 0, -29.446701) (OK)
[COMBAT_LOG] {"ts":1770378363767,"event":"DECISION","unit":"enemy_shaman","action":"EndTurn","score":0.10450392}
[RealtimeAIController] Goblin Shaman -> EndTurn (#4) score:0.10
[RealtimeAIController] Calling EndCurrentTurn()
[CombatArena] [STATE] AIDecision -> TurnEnd
[RealtimeAIController] State: AIDecision -> TurnEnd
[CombatArena] [TURN] Round 2, Orc Brute
[CombatArena] [STATE] TurnEnd -> TurnStart
[RealtimeAIController] State: TurnEnd -> TurnStart
[CombatArena] [STATE] TurnStart -> AIDecision
[RealtimeAIController] State: TurnStart -> AIDecision
[CombatArena] Camera focusing on Orc Brute via hooks
[CombatArena] SelectCombatant called: enemy_orc_brute
[CombatArena] Selected: enemy_orc_brute
[CombatArena] Turn started: Orc Brute (AI)
[COMBAT_LOG] {"ts":1770378363774,"event":"TURN_START","turn":14,"round":2,"unit":"enemy_orc_brute","unit_name":"Orc Brute","faction":"Hostile","hp":48,"max_hp":48,"ap":"Action | Bonus | Reaction | Move:30/30","pos":[-41.3934,0,-8.033009]}
[RealtimeAIController] Turn started for Orc Brute
[COMBAT_LOG] {"ts":1770378363775,"event":"DECISION","unit":"enemy_orc_brute","action":"Move","target":"(-41.3934, 0, 6.9669914)","score":1.3069927}
[RealtimeAIController] Orc Brute -> Move (#1) score:1.31
[CombatArena] ExecuteMovement: enemy_orc_brute -> (-41.3934, 0, 6.9669914)
[CombatArena] [STATE] AIDecision -> ActionExecution
[RealtimeAIController] State: AIDecision -> ActionExecution
[CombatArena] Orc Brute moved from (-41.3934, 0, -8.033009) to (-41.3934, 0, 6.9669914), distance: 15.0
[CombatArena] [STATE] ActionExecution -> AIDecision
[RealtimeAIController] State: ActionExecution -> AIDecision
[AutoBattlerManager] Action: enemy_orc_brute -> Move to (-41.3934, 0, 6.9669914) (OK)
[COMBAT_LOG] {"ts":1770378363877,"event":"DECISION","unit":"enemy_orc_brute","action":"Attack","target":"player_fighter","score":1.0674416}
[RealtimeAIController] Orc Brute -> Attack (#2) score:1.07
[CombatArena] ExecuteAbility: enemy_orc_brute -> basic_attack -> player_fighter
[CombatArena] [STATE] AIDecision -> ActionExecution
[RealtimeAIController] State: AIDecision -> ActionExecution
[CombatArena] Orc Brute used basic_attack on Fighter: damage:9
[CombatArena] ClearSelection called
[AutoBattlerManager] Action: enemy_orc_brute -> Attack:basic_attack->player_fighter (OK)
[CombatArena] [STATE] ActionExecution -> AIDecision
[RealtimeAIController] State: ActionExecution -> AIDecision
[COMBAT_LOG] {"ts":1770378364576,"event":"DECISION","unit":"enemy_orc_brute","action":"Move","target":"(-48.8934, 0, -0.5330086)","score":0.65673935}
[RealtimeAIController] Orc Brute -> Move (#3) score:0.66
[CombatArena] ExecuteMovement: enemy_orc_brute -> (-48.8934, 0, -0.5330086)
[CombatArena] [STATE] AIDecision -> ActionExecution
[RealtimeAIController] State: AIDecision -> ActionExecution
[CombatArena] Orc Brute moved from (-41.3934, 0, 6.9669914) to (-48.8934, 0, -0.5330086), distance: 10.6
[CombatArena] [STATE] ActionExecution -> AIDecision
[RealtimeAIController] State: ActionExecution -> AIDecision
[AutoBattlerManager] Action: enemy_orc_brute -> Move to (-48.8934, 0, -0.5330086) (OK)
[COMBAT_LOG] {"ts":1770378364679,"event":"DECISION","unit":"enemy_orc_brute","action":"Move","target":"(-48.8934, 0, 3.8603897)","score":0.6592435}
[RealtimeAIController] Orc Brute -> Move (#4) score:0.66
[CombatArena] ExecuteMovement: enemy_orc_brute -> (-48.8934, 0, 3.8603897)
[CombatArena] [STATE] AIDecision -> ActionExecution
[RealtimeAIController] State: AIDecision -> ActionExecution
[CombatArena] Orc Brute moved from (-48.8934, 0, -0.5330086) to (-48.8934, 0, 3.8603897), distance: 4.4
[CombatArena] [STATE] ActionExecution -> AIDecision
[RealtimeAIController] State: ActionExecution -> AIDecision
[AutoBattlerManager] Action: enemy_orc_brute -> Move to (-48.8934, 0, 3.8603897) (OK)
[COMBAT_LOG] {"ts":1770378364782,"event":"DECISION","unit":"enemy_orc_brute","action":"EndTurn","score":0.107193895}
[RealtimeAIController] Orc Brute -> EndTurn (#5) score:0.11
[RealtimeAIController] Calling EndCurrentTurn()
[CombatArena] [STATE] AIDecision -> TurnEnd
[RealtimeAIController] State: AIDecision -> TurnEnd
[CombatArena] [TURN] Round 2, Cleric
[CombatArena] [STATE] TurnEnd -> TurnStart
[RealtimeAIController] State: TurnEnd -> TurnStart
[CombatArena] [STATE] TurnStart -> PlayerDecision
[RealtimeAIController] State: TurnStart -> PlayerDecision
[CombatArena] Camera focusing on Cleric via hooks
[CombatArena] SelectCombatant called: player_cleric
[CombatArena] Selected: player_cleric
[CombatArena] Turn started: Cleric (Player)
[COMBAT_LOG] {"ts":1770378364789,"event":"TURN_START","turn":15,"round":2,"unit":"player_cleric","unit_name":"Cleric","faction":"Player","hp":44,"max_hp":44,"ap":"Action | Bonus | Reaction | Move:30/30","pos":[-24.786797,0,-18]}
[RealtimeAIController] Turn started for Cleric
[COMBAT_LOG] {"ts":1770378364789,"event":"DECISION","unit":"player_cleric","action":"Attack","target":"enemy_orc_brute","score":0.7056405}
[RealtimeAIController] Cleric -> Attack (#1) score:0.71
[CombatArena] ExecuteAbility: player_cleric -> basic_attack -> enemy_orc_brute
[CombatArena] [STATE] PlayerDecision -> ActionExecution
[RealtimeAIController] State: PlayerDecision -> ActionExecution
[CombatArena] Cleric used basic_attack on Orc Brute: damage:7
[CombatArena] ClearSelection called
[AutoBattlerManager] Action: player_cleric -> Attack:basic_attack->enemy_orc_brute (OK)
[CombatArena] [STATE] ActionExecution -> PlayerDecision
[RealtimeAIController] State: ActionExecution -> PlayerDecision
[COMBAT_LOG] {"ts":1770378365488,"event":"DECISION","unit":"player_cleric","action":"Move","target":"(5.2132034, 0, -18)","score":0.65034527}
[RealtimeAIController] Cleric -> Move (#2) score:0.65
[CombatArena] ExecuteMovement: player_cleric -> (5.2132034, 0, -18)
[CombatArena] [STATE] PlayerDecision -> ActionExecution
[RealtimeAIController] State: PlayerDecision -> ActionExecution
[CombatArena] Cleric moved from (-24.786797, 0, -18) to (5.2132034, 0, -18), distance: 30.0
[CombatArena] [STATE] ActionExecution -> PlayerDecision
[RealtimeAIController] State: ActionExecution -> PlayerDecision
[AutoBattlerManager] Action: player_cleric -> Move to (5.2132034, 0, -18) (OK)
[COMBAT_LOG] {"ts":1770378365590,"event":"DECISION","unit":"player_cleric","action":"EndTurn","score":0.104641765}
[RealtimeAIController] Cleric -> EndTurn (#3) score:0.10
[RealtimeAIController] Calling EndCurrentTurn()
[CombatArena] [STATE] PlayerDecision -> TurnEnd
[RealtimeAIController] State: PlayerDecision -> TurnEnd
[CombatArena] [TURN] Round 3, Rogue
[CombatArena] [STATE] TurnEnd -> RoundEnd
[RealtimeAIController] State: TurnEnd -> RoundEnd
[CombatArena] [STATE] RoundEnd -> TurnStart
[RealtimeAIController] State: RoundEnd -> TurnStart
[CombatArena] Round 3: Reset reactions for all combatants
[CombatArena] [STATE] TurnStart -> PlayerDecision
[RealtimeAIController] State: TurnStart -> PlayerDecision
[CombatArena] Camera focusing on Rogue via hooks
[CombatArena] SelectCombatant called: player_rogue
[CombatArena] Selected: player_rogue
[CombatArena] Turn started: Rogue (Player)
[COMBAT_LOG] {"ts":1770378365597,"event":"TURN_START","turn":16,"round":3,"unit":"player_rogue","unit_name":"Rogue","faction":"Player","hp":36,"max_hp":36,"ap":"Action | Bonus | Reaction | Move:30/30","pos":[-39.438446,0,8.151651]}
[RealtimeAIController] Turn started for Rogue
[COMBAT_LOG] {"ts":1770378365597,"event":"DECISION","unit":"player_rogue","action":"Attack","target":"enemy_orc_brute","score":0.6965571}
[RealtimeAIController] Rogue -> Attack (#1) score:0.70
[CombatArena] ExecuteAbility: player_rogue -> basic_attack -> enemy_orc_brute
[CombatArena] [STATE] PlayerDecision -> ActionExecution
[RealtimeAIController] State: PlayerDecision -> ActionExecution
[CombatArena] Rogue used basic_attack on Orc Brute: damage:8
[CombatArena] ClearSelection called
[AutoBattlerManager] Action: player_rogue -> Attack:basic_attack->enemy_orc_brute (OK)
[CombatArena] [STATE] ActionExecution -> PlayerDecision
[RealtimeAIController] State: ActionExecution -> PlayerDecision
[COMBAT_LOG] {"ts":1770378366296,"event":"DECISION","unit":"player_rogue","action":"Move","target":"(-24.438446, 0, 8.151651)","score":0.6549211}
[RealtimeAIController] Rogue -> Move (#2) score:0.65
[CombatArena] ExecuteMovement: player_rogue -> (-24.438446, 0, 8.151651)
[CombatArena] [STATE] PlayerDecision -> ActionExecution
[RealtimeAIController] State: PlayerDecision -> ActionExecution
[CombatArena] Rogue moved from (-39.438446, 0, 8.151651) to (-24.438446, 0, 8.151651), distance: 15.0
[CombatArena] [STATE] ActionExecution -> PlayerDecision
[RealtimeAIController] State: ActionExecution -> PlayerDecision
[AutoBattlerManager] Action: player_rogue -> Move to (-24.438446, 0, 8.151651) (OK)
[COMBAT_LOG] {"ts":1770378366399,"event":"DECISION","unit":"player_rogue","action":"Move","target":"(-24.438446, 0, 15.651651)","score":0.65421665}
[RealtimeAIController] Rogue -> Move (#3) score:0.65
[CombatArena] ExecuteMovement: player_rogue -> (-24.438446, 0, 15.651651)
[CombatArena] [STATE] PlayerDecision -> ActionExecution
[RealtimeAIController] State: PlayerDecision -> ActionExecution
[CombatArena] Rogue moved from (-24.438446, 0, 8.151651) to (-24.438446, 0, 15.651651), distance: 7.5
[CombatArena] [STATE] ActionExecution -> PlayerDecision
[RealtimeAIController] State: ActionExecution -> PlayerDecision
[AutoBattlerManager] Action: player_rogue -> Move to (-24.438446, 0, 15.651651) (OK)
[COMBAT_LOG] {"ts":1770378366502,"event":"DECISION","unit":"player_rogue","action":"Move","target":"(-28.188446, 0, 19.401651)","score":0.6569508}
[RealtimeAIController] Rogue -> Move (#4) score:0.66
[CombatArena] ExecuteMovement: player_rogue -> (-28.188446, 0, 19.401651)
[CombatArena] [STATE] PlayerDecision -> ActionExecution
[RealtimeAIController] State: PlayerDecision -> ActionExecution
[CombatArena] Rogue moved from (-24.438446, 0, 15.651651) to (-28.188446, 0, 19.401651), distance: 5.3
[CombatArena] [STATE] ActionExecution -> PlayerDecision
[RealtimeAIController] State: ActionExecution -> PlayerDecision
[AutoBattlerManager] Action: player_rogue -> Move to (-28.188446, 0, 19.401651) (OK)
[COMBAT_LOG] {"ts":1770378366605,"event":"DECISION","unit":"player_rogue","action":"Move","target":"(-25.991747, 0, 19.401651)","score":0.6543666}
[RealtimeAIController] Rogue -> Move (#5) score:0.65
[CombatArena] ExecuteMovement: player_rogue -> (-25.991747, 0, 19.401651)
[CombatArena] [STATE] PlayerDecision -> ActionExecution
[RealtimeAIController] State: PlayerDecision -> ActionExecution
[CombatArena] Rogue moved from (-28.188446, 0, 19.401651) to (-25.991747, 0, 19.401651), distance: 2.2
[CombatArena] [STATE] ActionExecution -> PlayerDecision
[RealtimeAIController] State: ActionExecution -> PlayerDecision
[AutoBattlerManager] Action: player_rogue -> Move to (-25.991747, 0, 19.401651) (OK)
[COMBAT_LOG] {"ts":1770378366707,"event":"DECISION","unit":"player_rogue","action":"EndTurn","score":0.10010735}
[RealtimeAIController] Rogue -> EndTurn (#6) score:0.10
[RealtimeAIController] Calling EndCurrentTurn()
[CombatArena] [STATE] PlayerDecision -> TurnEnd
[RealtimeAIController] State: PlayerDecision -> TurnEnd
[CombatArena] [TURN] Round 3, Goblin Skirmisher
[CombatArena] [STATE] TurnEnd -> TurnStart
[RealtimeAIController] State: TurnEnd -> TurnStart
[CombatArena] [STATE] TurnStart -> AIDecision
[RealtimeAIController] State: TurnStart -> AIDecision
[CombatArena] Camera focusing on Goblin Skirmisher via hooks
[CombatArena] SelectCombatant called: enemy_goblin
[CombatArena] Selected: enemy_goblin
[CombatArena] Turn started: Goblin Skirmisher (AI)
[COMBAT_LOG] {"ts":1770378366714,"event":"TURN_START","turn":17,"round":3,"unit":"enemy_goblin","unit_name":"Goblin Skirmisher","faction":"Hostile","hp":22,"max_hp":22,"ap":"Action | Bonus | Reaction | Move:30/30","pos":[19.433025,0,-43.790867]}
[RealtimeAIController] Turn started for Goblin Skirmisher
[COMBAT_LOG] {"ts":1770378366714,"event":"DECISION","unit":"enemy_goblin","action":"Move","target":"(4.4330254, 0, -28.790867)","score":1.2271668}
[RealtimeAIController] Goblin Skirmisher -> Move (#1) score:1.23
[CombatArena] ExecuteMovement: enemy_goblin -> (4.4330254, 0, -28.790867)
[CombatArena] [STATE] AIDecision -> ActionExecution
[RealtimeAIController] State: AIDecision -> ActionExecution
[CombatArena] Goblin Skirmisher moved from (19.433025, 0, -43.790867) to (4.4330254, 0, -28.790867), distance: 21.2
[CombatArena] [STATE] ActionExecution -> AIDecision
[RealtimeAIController] State: ActionExecution -> AIDecision
[AutoBattlerManager] Action: enemy_goblin -> Move to (4.4330254, 0, -28.790867) (OK)
[COMBAT_LOG] {"ts":1770378366817,"event":"DECISION","unit":"enemy_goblin","action":"Move","target":"(4.4330254, 0, -20.00407)","score":1.2566969}
[RealtimeAIController] Goblin Skirmisher -> Move (#2) score:1.26
[CombatArena] ExecuteMovement: enemy_goblin -> (4.4330254, 0, -20.00407)
[CombatArena] [STATE] AIDecision -> ActionExecution
[RealtimeAIController] State: AIDecision -> ActionExecution
[CombatArena] Goblin Skirmisher moved from (4.4330254, 0, -28.790867) to (4.4330254, 0, -20.00407), distance: 8.8
[CombatArena] [STATE] ActionExecution -> AIDecision
[RealtimeAIController] State: ActionExecution -> AIDecision
[AutoBattlerManager] Action: enemy_goblin -> Move to (4.4330254, 0, -20.00407) (OK)
[COMBAT_LOG] {"ts":1770378366920,"event":"DECISION","unit":"enemy_goblin","action":"Dash","score":3.0977805}
[RealtimeAIController] Goblin Skirmisher -> Dash (#3) score:3.10
[AutoBattlerManager] Action: enemy_goblin -> Dash (OK)
[COMBAT_LOG] {"ts":1770378367023,"event":"DECISION","unit":"enemy_goblin","action":"Move","target":"(-25.566975, 0, -20.00407)","score":0.6572283}
[RealtimeAIController] Goblin Skirmisher -> Move (#4) score:0.66
[CombatArena] ExecuteMovement: enemy_goblin -> (-25.566975, 0, -20.00407)
[CombatArena] [STATE] AIDecision -> ActionExecution
[RealtimeAIController] State: AIDecision -> ActionExecution
[CombatArena] Goblin Skirmisher moved from (4.4330254, 0, -20.00407) to (-25.566975, 0, -20.00407), distance: 30.0
[CombatArena] [STATE] ActionExecution -> AIDecision
[RealtimeAIController] State: ActionExecution -> AIDecision
[AutoBattlerManager] Action: enemy_goblin -> Move to (-25.566975, 0, -20.00407) (OK)
[COMBAT_LOG] {"ts":1770378367125,"event":"DECISION","unit":"enemy_goblin","action":"EndTurn","score":0.10989951}
[RealtimeAIController] Goblin Skirmisher -> EndTurn (#5) score:0.11
[RealtimeAIController] Calling EndCurrentTurn()
[CombatArena] [STATE] AIDecision -> TurnEnd
[RealtimeAIController] State: AIDecision -> TurnEnd
[CombatArena] [TURN] Round 3, Fighter
[CombatArena] [STATE] TurnEnd -> TurnStart
[RealtimeAIController] State: TurnEnd -> TurnStart
[CombatArena] [STATE] TurnStart -> PlayerDecision
[RealtimeAIController] State: TurnStart -> PlayerDecision
[CombatArena] Camera focusing on Fighter via hooks
[CombatArena] SelectCombatant called: player_fighter
[CombatArena] Selected: player_fighter
[CombatArena] Turn started: Fighter (Player)
[COMBAT_LOG] {"ts":1770378367132,"event":"TURN_START","turn":18,"round":3,"unit":"player_fighter","unit_name":"Fighter","faction":"Player","hp":43,"max_hp":52,"ap":"Action | Bonus | Reaction | Move:30/30","pos":[0.7214546,0,-31.475243]}
[RealtimeAIController] Turn started for Fighter
[COMBAT_LOG] {"ts":1770378367132,"event":"DECISION","unit":"player_fighter","action":"Attack","target":"enemy_orc_brute","score":0.712841}
[RealtimeAIController] Fighter -> Attack (#1) score:0.71
[CombatArena] ExecuteAbility: player_fighter -> basic_attack -> enemy_orc_brute
[CombatArena] [STATE] PlayerDecision -> ActionExecution
[RealtimeAIController] State: PlayerDecision -> ActionExecution
[CombatArena] Fighter used basic_attack on Orc Brute: damage:5
[CombatArena] ClearSelection called
[AutoBattlerManager] Action: player_fighter -> Attack:basic_attack->enemy_orc_brute (OK)
[CombatArena] [STATE] ActionExecution -> PlayerDecision
[RealtimeAIController] State: ActionExecution -> PlayerDecision
[COMBAT_LOG] {"ts":1770378367831,"event":"DECISION","unit":"player_fighter","action":"Move","target":"(-29.278545, 0, -31.475243)","score":0.65411294}
[RealtimeAIController] Fighter -> Move (#2) score:0.65
[CombatArena] ExecuteMovement: player_fighter -> (-29.278545, 0, -31.475243)
[CombatArena] [STATE] PlayerDecision -> ActionExecution
[RealtimeAIController] State: PlayerDecision -> ActionExecution
[CombatArena] Fighter moved from (0.7214546, 0, -31.475243) to (-29.278545, 0, -31.475243), distance: 30.0
[CombatArena] [STATE] ActionExecution -> PlayerDecision
[RealtimeAIController] State: ActionExecution -> PlayerDecision
[AutoBattlerManager] Action: player_fighter -> Move to (-29.278545, 0, -31.475243) (OK)
[COMBAT_LOG] {"ts":1770378367934,"event":"DECISION","unit":"player_fighter","action":"EndTurn","score":0.10505129}
[RealtimeAIController] Fighter -> EndTurn (#3) score:0.11
[RealtimeAIController] Calling EndCurrentTurn()
[CombatArena] [STATE] PlayerDecision -> TurnEnd
[RealtimeAIController] State: PlayerDecision -> TurnEnd
[CombatArena] [TURN] Round 3, Orc Archer
[CombatArena] [STATE] TurnEnd -> TurnStart
[RealtimeAIController] State: TurnEnd -> TurnStart
[CombatArena] [STATE] TurnStart -> AIDecision
[RealtimeAIController] State: TurnStart -> AIDecision
[CombatArena] Camera focusing on Orc Archer via hooks
[CombatArena] SelectCombatant called: enemy_orc_archer
[CombatArena] Selected: enemy_orc_archer
[CombatArena] Turn started: Orc Archer (AI)
[COMBAT_LOG] {"ts":1770378367940,"event":"TURN_START","turn":19,"round":3,"unit":"enemy_orc_archer","unit_name":"Orc Archer","faction":"Hostile","hp":24,"max_hp":30,"ap":"Action | Bonus | Reaction | Move:30/30","pos":[-24.349636,0,-17.91498]}
[RealtimeAIController] Turn started for Orc Archer
[COMBAT_LOG] {"ts":1770378367941,"event":"DECISION","unit":"enemy_orc_archer","action":"Move","target":"(5.650364, 0, -17.91498)","score":1.2420274}
[RealtimeAIController] Orc Archer -> Move (#1) score:1.24
[CombatArena] ExecuteMovement: enemy_orc_archer -> (5.650364, 0, -17.91498)
[CombatArena] [STATE] AIDecision -> ActionExecution
[RealtimeAIController] State: AIDecision -> ActionExecution
[CombatArena] Orc Archer moved from (-24.349636, 0, -17.91498) to (5.650364, 0, -17.91498), distance: 30.0
[CombatArena] [STATE] ActionExecution -> AIDecision
[RealtimeAIController] State: ActionExecution -> AIDecision
[AutoBattlerManager] Action: enemy_orc_archer -> Move to (5.650364, 0, -17.91498) (OK)
[COMBAT_LOG] {"ts":1770378368043,"event":"DECISION","unit":"enemy_orc_archer","action":"Dash","score":3.0969543}
[RealtimeAIController] Orc Archer -> Dash (#2) score:3.10
[AutoBattlerManager] Action: enemy_orc_archer -> Dash (OK)
[COMBAT_LOG] {"ts":1770378368146,"event":"DECISION","unit":"enemy_orc_archer","action":"Move","target":"(5.650364, 0, -2.91498)","score":0.658705}
[RealtimeAIController] Orc Archer -> Move (#3) score:0.66
[CombatArena] ExecuteMovement: enemy_orc_archer -> (5.650364, 0, -2.91498)
[CombatArena] [STATE] AIDecision -> ActionExecution
[RealtimeAIController] State: AIDecision -> ActionExecution
[CombatArena] Orc Archer moved from (5.650364, 0, -17.91498) to (5.650364, 0, -2.91498), distance: 15.0
[CombatArena] [STATE] ActionExecution -> AIDecision
[RealtimeAIController] State: ActionExecution -> AIDecision
[AutoBattlerManager] Action: enemy_orc_archer -> Move to (5.650364, 0, -2.91498) (OK)
[COMBAT_LOG] {"ts":1770378368249,"event":"DECISION","unit":"enemy_orc_archer","action":"Move","target":"(5.650364, 0, -17.91498)","score":1.3062657}
[RealtimeAIController] Orc Archer -> Move (#4) score:1.31
[CombatArena] ExecuteMovement: enemy_orc_archer -> (5.650364, 0, -17.91498)
[CombatArena] [STATE] AIDecision -> ActionExecution
[RealtimeAIController] State: AIDecision -> ActionExecution
[CombatArena] Orc Archer moved from (5.650364, 0, -2.91498) to (5.650364, 0, -17.91498), distance: 15.0
[CombatArena] [STATE] ActionExecution -> AIDecision
[RealtimeAIController] State: ActionExecution -> AIDecision
[AutoBattlerManager] Action: enemy_orc_archer -> Move to (5.650364, 0, -17.91498) (OK)
[COMBAT_LOG] {"ts":1770378368351,"event":"DECISION","unit":"enemy_orc_archer","action":"EndTurn","score":0.107145034}
[RealtimeAIController] Orc Archer -> EndTurn (#5) score:0.11
[RealtimeAIController] Calling EndCurrentTurn()
[CombatArena] [STATE] AIDecision -> TurnEnd
[RealtimeAIController] State: AIDecision -> TurnEnd
[CombatArena] [TURN] Round 3, Goblin Shaman
[CombatArena] [STATE] TurnEnd -> TurnStart
[RealtimeAIController] State: TurnEnd -> TurnStart
[CombatArena] [STATE] TurnStart -> AIDecision
[RealtimeAIController] State: TurnStart -> AIDecision
[CombatArena] Camera focusing on Goblin Shaman via hooks
[CombatArena] SelectCombatant called: enemy_shaman
[CombatArena] Selected: enemy_shaman
[CombatArena] Turn started: Goblin Shaman (AI)
[COMBAT_LOG] {"ts":1770378368358,"event":"TURN_START","turn":20,"round":3,"unit":"enemy_shaman","unit_name":"Goblin Shaman","faction":"Hostile","hp":23,"max_hp":28,"ap":"Action | Bonus | Reaction | Move:30/30","pos":[-1.25,0,-29.446701]}
[AutoBattlerManager] Turn limit reached (20)
[AutoBattleWatchdog] Monitoring STOPPED
[RealtimeAIController] Processing DISABLED
[COMBAT_LOG] {"ts":1770378368363,"event":"BATTLE_END","winner":"Draw (timeout)","total_turns":20,"total_rounds":3,"duration_ms":16462}

â•”â•â•â•â•â•â•â•â•â•â•â•â•â•â•â•â•â•â•â•â•â•â•â•â•â•â•â•â•â•â•â•â•â•â•â•â•â•â•â•â•â•â•â•â•â•â•â•â•â•â•â•â•—
â•‘             AUTO-BATTLE RESULTS                   â•‘
â•šâ•â•â•â•â•â•â•â•â•â•â•â•â•â•â•â•â•â•â•â•â•â•â•â•â•â•â•â•â•â•â•â•â•â•â•â•â•â•â•â•â•â•â•â•â•â•â•â•â•â•â•â•

  Winner:       Draw (timeout)
  Total Turns:  20
  Total Rounds: 3
  Duration:     16462ms
  Completed:    False
  End Reason:   max_turns_exceeded
  Seed:         2009

  Surviving Units:
    - Fighter (player_fighter) HP:43/52
    - Cleric (player_cleric) HP:44/44
    - Rogue (player_rogue) HP:36/36
    - Orc Brute (enemy_orc_brute) HP:28/48
    - Orc Archer (enemy_orc_archer) HP:24/30
    - Goblin Skirmisher (enemy_goblin) HP:22/22
    - Goblin Shaman (enemy_shaman) HP:23/28

AUTO-BATTLE: FAILED (max_turns_exceeded)
[RealtimeAIController] Turn started for Goblin Shaman
[RealtimeAIController] Goblin Shaman -> Move (#1) score:1.29
[CombatArena] ExecuteMovement: enemy_shaman -> (-31.25, 0, -29.446701)
[CombatArena] [STATE] AIDecision -> ActionExecution
[RealtimeAIController] State: AIDecision -> ActionExecution
[CombatArena] Goblin Shaman moved from (-1.25, 0, -29.446701) to (-31.25, 0, -29.446701), distance: 30.0
[CombatArena] [STATE] ActionExecution -> AIDecision
[RealtimeAIController] State: ActionExecution -> AIDecision
[AutoBattlerManager] Action: enemy_shaman -> Move to (-31.25, 0, -29.446701) (OK)
